=============================================
Dataset: SEED
Method:  TS-TCC
Mode:    train_linear
=============================================
Data loaded ...
Subjet 1
if scale True
Training started ....

Epoch : 1
Train Loss     : 1.0923	 | 	Train Accuracy     : 0.5005
Valid Loss     : 1.6306	 | 	Valid Accuracy     : 0.3936

Epoch : 2
Train Loss     : 0.7597	 | 	Train Accuracy     : 0.6824
Valid Loss     : 0.8147	 | 	Valid Accuracy     : 0.6318

Epoch : 3
Train Loss     : 0.6801	 | 	Train Accuracy     : 0.7167
Valid Loss     : 0.9388	 | 	Valid Accuracy     : 0.5106

Epoch : 4
Train Loss     : 0.7098	 | 	Train Accuracy     : 0.6940
Valid Loss     : 0.8822	 | 	Valid Accuracy     : 0.6344

Epoch : 5
Train Loss     : 0.6701	 | 	Train Accuracy     : 0.7192
Valid Loss     : 0.8658	 | 	Valid Accuracy     : 0.6131

Epoch : 6
Train Loss     : 0.6620	 | 	Train Accuracy     : 0.7141
Valid Loss     : 0.8465	 | 	Valid Accuracy     : 0.6041

Epoch : 7
Train Loss     : 0.6293	 | 	Train Accuracy     : 0.7335
Valid Loss     : 0.8167	 | 	Valid Accuracy     : 0.6143

Epoch : 8
Train Loss     : 0.6143	 | 	Train Accuracy     : 0.7464
Valid Loss     : 0.8729	 | 	Valid Accuracy     : 0.6047

Epoch : 9
Train Loss     : 0.6025	 | 	Train Accuracy     : 0.7514
Valid Loss     : 0.8774	 | 	Valid Accuracy     : 0.6115

Epoch : 10
Train Loss     : 0.5925	 | 	Train Accuracy     : 0.7550
Valid Loss     : 0.8764	 | 	Valid Accuracy     : 0.6009

Epoch : 11
Train Loss     : 0.6123	 | 	Train Accuracy     : 0.7370
Valid Loss     : 0.8131	 | 	Valid Accuracy     : 0.6224

Epoch : 12
Train Loss     : 0.6426	 | 	Train Accuracy     : 0.7275
Valid Loss     : 0.8147	 | 	Valid Accuracy     : 0.6143

Epoch : 13
Train Loss     : 0.5773	 | 	Train Accuracy     : 0.7611
Valid Loss     : 0.8630	 | 	Valid Accuracy     : 0.6078

Epoch : 14
Train Loss     : 0.5888	 | 	Train Accuracy     : 0.7518
Valid Loss     : 0.8666	 | 	Valid Accuracy     : 0.5972

Epoch : 15
Train Loss     : 0.5898	 | 	Train Accuracy     : 0.7523
Valid Loss     : 0.8539	 | 	Valid Accuracy     : 0.6091

Epoch : 16
Train Loss     : 0.5822	 | 	Train Accuracy     : 0.7548
Valid Loss     : 0.9472	 | 	Valid Accuracy     : 0.6021

Epoch : 17
Train Loss     : 0.5734	 | 	Train Accuracy     : 0.7672
Valid Loss     : 0.8499	 | 	Valid Accuracy     : 0.5958

Epoch : 18
Train Loss     : 0.5930	 | 	Train Accuracy     : 0.7514
Valid Loss     : 0.9870	 | 	Valid Accuracy     : 0.5660

Epoch : 19
Train Loss     : 0.5825	 | 	Train Accuracy     : 0.7581
Valid Loss     : 0.8537	 | 	Valid Accuracy     : 0.6236

Epoch : 20
Train Loss     : 0.5653	 | 	Train Accuracy     : 0.7634
Valid Loss     : 0.8370	 | 	Valid Accuracy     : 0.6236

Epoch : 21
Train Loss     : 0.5541	 | 	Train Accuracy     : 0.7766
Valid Loss     : 0.8161	 | 	Valid Accuracy     : 0.6112

Epoch : 22
Train Loss     : 0.6070	 | 	Train Accuracy     : 0.7435
Valid Loss     : 0.8981	 | 	Valid Accuracy     : 0.5854

Epoch : 23
Train Loss     : 0.5538	 | 	Train Accuracy     : 0.7745
Valid Loss     : 0.8818	 | 	Valid Accuracy     : 0.6065

Epoch : 24
Train Loss     : 0.5380	 | 	Train Accuracy     : 0.7827
Valid Loss     : 0.8919	 | 	Valid Accuracy     : 0.6115

Epoch : 25
Train Loss     : 0.5378	 | 	Train Accuracy     : 0.7872
Valid Loss     : 0.8804	 | 	Valid Accuracy     : 0.6087

Epoch : 26
Train Loss     : 0.5387	 | 	Train Accuracy     : 0.7808
Valid Loss     : 0.8526	 | 	Valid Accuracy     : 0.6067

Epoch : 27
Train Loss     : 0.5373	 | 	Train Accuracy     : 0.7813
Valid Loss     : 0.8694	 | 	Valid Accuracy     : 0.6132

Epoch : 28
Train Loss     : 0.5317	 | 	Train Accuracy     : 0.7855
Valid Loss     : 0.8929	 | 	Valid Accuracy     : 0.5970

Epoch : 29
Train Loss     : 0.5347	 | 	Train Accuracy     : 0.7885
Valid Loss     : 0.8986	 | 	Valid Accuracy     : 0.5962

Epoch : 30
Train Loss     : 0.5358	 | 	Train Accuracy     : 0.7820
Valid Loss     : 0.8524	 | 	Valid Accuracy     : 0.6082

Evaluate on the Test set:
Test loss      :0.7545	 | Test Accuracy      : 0.6651 | Test AUPRC      : 0.7231
tensor([0.7545, 0.7647, 0.7723, 0.9275, 0.8025, 0.8191, 0.8005, 0.6550, 0.7826,
        0.7069, 0.8203, 0.7874, 0.9248, 0.8460, 0.8546, 0.7003, 0.6461, 0.7302,
        0.6451, 0.9315, 0.7831, 0.7280, 0.7190, 0.9871, 0.9015, 0.8943, 0.7600,
        0.7282, 0.6737, 0.6606, 0.7411, 0.9068, 0.8521, 0.6833, 0.5919, 0.8272,
        0.6191, 0.6054, 0.8324, 0.7914, 0.9217, 0.8387, 0.7587, 0.9322, 0.8021,
        0.6780, 0.7051, 0.7836, 0.7787, 0.9520, 0.6744, 0.6927, 0.5752, 0.6436,
        0.5677, 0.8777, 0.7057, 0.8998, 0.8712, 0.6350, 0.8642, 0.7748],
       device='cuda:0', grad_fn=<SqueezeBackward1>)

################## Training is Done! #########################
Training time is : 0:00:55.155309
Data loaded ...
Subjet 2
if scale True
Training started ....

Epoch : 1
Train Loss     : 1.0938	 | 	Train Accuracy     : 0.4878
Valid Loss     : 1.7078	 | 	Valid Accuracy     : 0.5076

Epoch : 2
Train Loss     : 0.7068	 | 	Train Accuracy     : 0.7093
Valid Loss     : 1.5380	 | 	Valid Accuracy     : 0.5664

Epoch : 3
Train Loss     : 0.6568	 | 	Train Accuracy     : 0.7288
Valid Loss     : 1.1764	 | 	Valid Accuracy     : 0.6012

Epoch : 4
Train Loss     : 0.6361	 | 	Train Accuracy     : 0.7340
Valid Loss     : 1.2046	 | 	Valid Accuracy     : 0.5638

Epoch : 5
Train Loss     : 0.6247	 | 	Train Accuracy     : 0.7397
Valid Loss     : 1.1657	 | 	Valid Accuracy     : 0.5818

Epoch : 6
Train Loss     : 0.6184	 | 	Train Accuracy     : 0.7402
Valid Loss     : 0.9921	 | 	Valid Accuracy     : 0.6404

Epoch : 7
Train Loss     : 0.6075	 | 	Train Accuracy     : 0.7459
Valid Loss     : 1.6054	 | 	Valid Accuracy     : 0.5546

Epoch : 8
Train Loss     : 0.6579	 | 	Train Accuracy     : 0.7222
Valid Loss     : 1.0168	 | 	Valid Accuracy     : 0.6357

Epoch : 9
Train Loss     : 0.5855	 | 	Train Accuracy     : 0.7595
Valid Loss     : 1.6681	 | 	Valid Accuracy     : 0.5601

Epoch : 10
Train Loss     : 0.6102	 | 	Train Accuracy     : 0.7502
Valid Loss     : 1.0449	 | 	Valid Accuracy     : 0.6296

Epoch : 11
Train Loss     : 0.5923	 | 	Train Accuracy     : 0.7494
Valid Loss     : 1.3065	 | 	Valid Accuracy     : 0.5822

Epoch : 12
Train Loss     : 0.6088	 | 	Train Accuracy     : 0.7545
Valid Loss     : 1.2701	 | 	Valid Accuracy     : 0.5595

Epoch : 13
Train Loss     : 0.5861	 | 	Train Accuracy     : 0.7576
Valid Loss     : 0.9569	 | 	Valid Accuracy     : 0.6541

Epoch : 14
Train Loss     : 0.6084	 | 	Train Accuracy     : 0.7563
Valid Loss     : 0.9643	 | 	Valid Accuracy     : 0.6421

Epoch : 15
Train Loss     : 0.5711	 | 	Train Accuracy     : 0.7667
Valid Loss     : 1.3766	 | 	Valid Accuracy     : 0.5972

Epoch : 16
Train Loss     : 0.5952	 | 	Train Accuracy     : 0.7555
Valid Loss     : 1.0756	 | 	Valid Accuracy     : 0.6225

Epoch : 17
Train Loss     : 0.5709	 | 	Train Accuracy     : 0.7648
Valid Loss     : 1.2632	 | 	Valid Accuracy     : 0.6058

Epoch : 18
Train Loss     : 0.5668	 | 	Train Accuracy     : 0.7706
Valid Loss     : 1.2631	 | 	Valid Accuracy     : 0.5948

Epoch : 19
Train Loss     : 0.5711	 | 	Train Accuracy     : 0.7697
Valid Loss     : 1.1932	 | 	Valid Accuracy     : 0.5835

Epoch : 20
Train Loss     : 0.5566	 | 	Train Accuracy     : 0.7752
Valid Loss     : 1.2408	 | 	Valid Accuracy     : 0.5783

Epoch : 21
Train Loss     : 0.5567	 | 	Train Accuracy     : 0.7770
Valid Loss     : 1.1601	 | 	Valid Accuracy     : 0.6056

Epoch : 22
Train Loss     : 0.5605	 | 	Train Accuracy     : 0.7737
Valid Loss     : 1.4182	 | 	Valid Accuracy     : 0.5628

Epoch : 23
Train Loss     : 0.5685	 | 	Train Accuracy     : 0.7696
Valid Loss     : 1.3127	 | 	Valid Accuracy     : 0.5947

Epoch : 24
Train Loss     : 0.6040	 | 	Train Accuracy     : 0.7488
Valid Loss     : 1.6559	 | 	Valid Accuracy     : 0.5708

Epoch : 25
Train Loss     : 0.5669	 | 	Train Accuracy     : 0.7703
Valid Loss     : 1.2097	 | 	Valid Accuracy     : 0.5973

Epoch : 26
Train Loss     : 0.5347	 | 	Train Accuracy     : 0.7866
Valid Loss     : 1.1447	 | 	Valid Accuracy     : 0.6122

Epoch : 27
Train Loss     : 0.5361	 | 	Train Accuracy     : 0.7893
Valid Loss     : 1.2203	 | 	Valid Accuracy     : 0.5914

Epoch : 28
Train Loss     : 0.5269	 | 	Train Accuracy     : 0.7905
Valid Loss     : 1.1036	 | 	Valid Accuracy     : 0.6085

Epoch : 29
Train Loss     : 0.5284	 | 	Train Accuracy     : 0.7860
Valid Loss     : 1.3384	 | 	Valid Accuracy     : 0.5913

Epoch : 30
Train Loss     : 0.5310	 | 	Train Accuracy     : 0.7866
Valid Loss     : 1.2246	 | 	Valid Accuracy     : 0.5950

Evaluate on the Test set:
Test loss      :1.3054	 | Test Accuracy      : 0.4933 | Test AUPRC      : 0.5693
tensor([0.7451, 0.8004, 0.9829, 0.8777, 0.9067, 0.7764, 0.9283, 0.6310, 0.7482,
        0.7253, 0.8320, 0.7562, 0.7835, 0.8316, 0.6441, 0.6444, 0.6072, 0.7182,
        0.6366, 0.6466, 0.7823, 0.7875, 0.5815, 0.9650, 0.8590, 0.6173, 0.7865,
        0.7768, 0.8027, 0.5438, 0.7089, 0.5749, 0.8769, 0.7496, 0.5548, 0.8036,
        0.6666, 0.6343, 0.8395, 0.5378, 0.7967, 0.8155, 0.5865, 0.9304, 0.9216,
        0.8222, 0.8229, 0.6881, 0.6691, 0.7804, 0.8375, 0.7564, 0.7447, 0.5771,
        0.6823, 0.4707, 0.6838, 0.9352, 0.9627, 0.7033, 0.8078, 0.6805],
       device='cuda:0', grad_fn=<SqueezeBackward1>)

################## Training is Done! #########################
Training time is : 0:01:47.701599
Data loaded ...
Subjet 3
if scale True
Training started ....

Epoch : 1
Train Loss     : 0.9785	 | 	Train Accuracy     : 0.5526
Valid Loss     : 1.5003	 | 	Valid Accuracy     : 0.6223

Epoch : 2
Train Loss     : 0.6829	 | 	Train Accuracy     : 0.7003
Valid Loss     : 0.8864	 | 	Valid Accuracy     : 0.6059

Epoch : 3
Train Loss     : 0.6339	 | 	Train Accuracy     : 0.7276
Valid Loss     : 0.7852	 | 	Valid Accuracy     : 0.6379

Epoch : 4
Train Loss     : 0.5961	 | 	Train Accuracy     : 0.7538
Valid Loss     : 0.6742	 | 	Valid Accuracy     : 0.6931

Epoch : 5
Train Loss     : 0.5691	 | 	Train Accuracy     : 0.7659
Valid Loss     : 0.6921	 | 	Valid Accuracy     : 0.6980

Epoch : 6
Train Loss     : 0.5902	 | 	Train Accuracy     : 0.7481
Valid Loss     : 0.7021	 | 	Valid Accuracy     : 0.6808

Epoch : 7
Train Loss     : 0.5445	 | 	Train Accuracy     : 0.7782
Valid Loss     : 0.7433	 | 	Valid Accuracy     : 0.6725

Epoch : 8
Train Loss     : 0.5368	 | 	Train Accuracy     : 0.7799
Valid Loss     : 0.7117	 | 	Valid Accuracy     : 0.6848

Epoch : 9
Train Loss     : 0.5167	 | 	Train Accuracy     : 0.7952
Valid Loss     : 0.7279	 | 	Valid Accuracy     : 0.6797

Epoch : 10
Train Loss     : 0.5072	 | 	Train Accuracy     : 0.8005
Valid Loss     : 0.7187	 | 	Valid Accuracy     : 0.6743

Epoch : 11
Train Loss     : 0.5329	 | 	Train Accuracy     : 0.7790
Valid Loss     : 0.9021	 | 	Valid Accuracy     : 0.6708

Epoch : 12
Train Loss     : 0.5921	 | 	Train Accuracy     : 0.7525
Valid Loss     : 0.7184	 | 	Valid Accuracy     : 0.6745

Epoch : 13
Train Loss     : 0.5306	 | 	Train Accuracy     : 0.7829
Valid Loss     : 0.7197	 | 	Valid Accuracy     : 0.6844

Epoch : 14
Train Loss     : 0.5059	 | 	Train Accuracy     : 0.7981
Valid Loss     : 0.7311	 | 	Valid Accuracy     : 0.6906

Epoch : 15
Train Loss     : 0.5062	 | 	Train Accuracy     : 0.7965
Valid Loss     : 0.8046	 | 	Valid Accuracy     : 0.6614

Epoch : 16
Train Loss     : 0.4817	 | 	Train Accuracy     : 0.8111
Valid Loss     : 0.7345	 | 	Valid Accuracy     : 0.6754

Epoch : 17
Train Loss     : 0.4654	 | 	Train Accuracy     : 0.8175
Valid Loss     : 0.7355	 | 	Valid Accuracy     : 0.6800

Epoch : 18
Train Loss     : 0.4710	 | 	Train Accuracy     : 0.8145
Valid Loss     : 0.7421	 | 	Valid Accuracy     : 0.6827

Epoch : 19
Train Loss     : 0.4780	 | 	Train Accuracy     : 0.8147
Valid Loss     : 0.7506	 | 	Valid Accuracy     : 0.6797

Epoch : 20
Train Loss     : 0.4709	 | 	Train Accuracy     : 0.8181
Valid Loss     : 0.7203	 | 	Valid Accuracy     : 0.6874

Epoch : 21
Train Loss     : 0.4733	 | 	Train Accuracy     : 0.8149
Valid Loss     : 0.7436	 | 	Valid Accuracy     : 0.6737

Epoch : 22
Train Loss     : 0.4677	 | 	Train Accuracy     : 0.8185
Valid Loss     : 0.7586	 | 	Valid Accuracy     : 0.6736

Epoch : 23
Train Loss     : 0.4719	 | 	Train Accuracy     : 0.8115
Valid Loss     : 0.7601	 | 	Valid Accuracy     : 0.6803

Epoch : 24
Train Loss     : 0.4659	 | 	Train Accuracy     : 0.8163
Valid Loss     : 0.7607	 | 	Valid Accuracy     : 0.6637

Epoch : 25
Train Loss     : 0.4734	 | 	Train Accuracy     : 0.8189
Valid Loss     : 0.7498	 | 	Valid Accuracy     : 0.6771

Epoch : 26
Train Loss     : 0.4630	 | 	Train Accuracy     : 0.8222
Valid Loss     : 0.7363	 | 	Valid Accuracy     : 0.6844

Epoch : 27
Train Loss     : 0.4695	 | 	Train Accuracy     : 0.8190
Valid Loss     : 0.7670	 | 	Valid Accuracy     : 0.6730

Epoch : 28
Train Loss     : 0.4632	 | 	Train Accuracy     : 0.8212
Valid Loss     : 0.7598	 | 	Valid Accuracy     : 0.6732

Epoch : 29
Train Loss     : 0.4689	 | 	Train Accuracy     : 0.8151
Valid Loss     : 0.7436	 | 	Valid Accuracy     : 0.6789

Epoch : 30
Train Loss     : 0.4578	 | 	Train Accuracy     : 0.8218
Valid Loss     : 0.7725	 | 	Valid Accuracy     : 0.6654

Evaluate on the Test set:
Test loss      :0.7853	 | Test Accuracy      : 0.6687 | Test AUPRC      : 0.7392
tensor([0.8452, 0.8362, 0.9555, 0.9449, 0.8676, 0.9251, 0.9223, 0.7744, 0.7973,
        0.7614, 0.8332, 0.8999, 0.8849, 0.9075, 0.8490, 0.6746, 0.7622, 0.8289,
        0.6873, 0.9723, 0.8237, 0.7425, 0.7607, 0.9924, 0.9747, 0.8656, 0.9038,
        0.7462, 0.8116, 0.8086, 0.8569, 0.9575, 0.9050, 0.8371, 0.6989, 0.8414,
        0.7592, 0.6878, 0.7679, 0.7411, 0.9629, 0.8602, 0.7368, 0.8816, 0.8830,
        0.9351, 0.7521, 0.7668, 0.7146, 0.7690, 0.8526, 0.8392, 0.7521, 0.7715,
        0.7482, 0.7351, 0.7365, 0.8830, 0.9483, 0.8580, 0.9205, 0.8190],
       device='cuda:0', grad_fn=<SqueezeBackward1>)

################## Training is Done! #########################
Training time is : 0:02:38.253691
Data loaded ...
Subjet 4
if scale True
Training started ....

Epoch : 1
Train Loss     : 1.0893	 | 	Train Accuracy     : 0.5052
Valid Loss     : 1.0407	 | 	Valid Accuracy     : 0.4772

Epoch : 2
Train Loss     : 0.7448	 | 	Train Accuracy     : 0.6979
Valid Loss     : 0.8104	 | 	Valid Accuracy     : 0.6075

Epoch : 3
Train Loss     : 0.7049	 | 	Train Accuracy     : 0.6985
Valid Loss     : 0.8356	 | 	Valid Accuracy     : 0.6089

Epoch : 4
Train Loss     : 0.6592	 | 	Train Accuracy     : 0.7295
Valid Loss     : 0.7978	 | 	Valid Accuracy     : 0.6501

Epoch : 5
Train Loss     : 0.6440	 | 	Train Accuracy     : 0.7337
Valid Loss     : 0.8486	 | 	Valid Accuracy     : 0.6285

Epoch : 6
Train Loss     : 0.6759	 | 	Train Accuracy     : 0.7170
Valid Loss     : 0.8731	 | 	Valid Accuracy     : 0.6287

Epoch : 7
Train Loss     : 0.6333	 | 	Train Accuracy     : 0.7405
Valid Loss     : 0.8757	 | 	Valid Accuracy     : 0.6383

Epoch : 8
Train Loss     : 0.6180	 | 	Train Accuracy     : 0.7501
Valid Loss     : 0.8435	 | 	Valid Accuracy     : 0.6452

Epoch : 9
Train Loss     : 0.6057	 | 	Train Accuracy     : 0.7571
Valid Loss     : 0.8439	 | 	Valid Accuracy     : 0.6582

Epoch : 10
Train Loss     : 0.5966	 | 	Train Accuracy     : 0.7605
Valid Loss     : 0.8304	 | 	Valid Accuracy     : 0.6544

Epoch : 11
Train Loss     : 0.6217	 | 	Train Accuracy     : 0.7452
Valid Loss     : 1.0393	 | 	Valid Accuracy     : 0.6008

Epoch : 12
Train Loss     : 0.6600	 | 	Train Accuracy     : 0.7263
Valid Loss     : 0.9341	 | 	Valid Accuracy     : 0.6290

Epoch : 13
Train Loss     : 0.6124	 | 	Train Accuracy     : 0.7553
Valid Loss     : 0.9036	 | 	Valid Accuracy     : 0.6343

Epoch : 14
Train Loss     : 0.6036	 | 	Train Accuracy     : 0.7511
Valid Loss     : 0.8676	 | 	Valid Accuracy     : 0.6496

Epoch : 15
Train Loss     : 0.5802	 | 	Train Accuracy     : 0.7667
Valid Loss     : 0.9654	 | 	Valid Accuracy     : 0.6097

Epoch : 16
Train Loss     : 0.5728	 | 	Train Accuracy     : 0.7732
Valid Loss     : 0.8633	 | 	Valid Accuracy     : 0.6551

Epoch : 17
Train Loss     : 0.5660	 | 	Train Accuracy     : 0.7752
Valid Loss     : 0.8598	 | 	Valid Accuracy     : 0.6471

Epoch : 18
Train Loss     : 0.5617	 | 	Train Accuracy     : 0.7782
Valid Loss     : 0.8479	 | 	Valid Accuracy     : 0.6611

Epoch : 19
Train Loss     : 0.5637	 | 	Train Accuracy     : 0.7776
Valid Loss     : 0.9100	 | 	Valid Accuracy     : 0.6293

Epoch : 20
Train Loss     : 0.5556	 | 	Train Accuracy     : 0.7842
Valid Loss     : 0.9044	 | 	Valid Accuracy     : 0.6424

Epoch : 21
Train Loss     : 0.5634	 | 	Train Accuracy     : 0.7811
Valid Loss     : 0.8672	 | 	Valid Accuracy     : 0.6535

Epoch : 22
Train Loss     : 0.5546	 | 	Train Accuracy     : 0.7788
Valid Loss     : 0.8856	 | 	Valid Accuracy     : 0.6418

Epoch : 23
Train Loss     : 0.5599	 | 	Train Accuracy     : 0.7747
Valid Loss     : 0.8616	 | 	Valid Accuracy     : 0.6501

Epoch : 24
Train Loss     : 0.5512	 | 	Train Accuracy     : 0.7832
Valid Loss     : 0.8811	 | 	Valid Accuracy     : 0.6429

Epoch : 25
Train Loss     : 0.5556	 | 	Train Accuracy     : 0.7854
Valid Loss     : 0.8708	 | 	Valid Accuracy     : 0.6519

Epoch : 26
Train Loss     : 0.5577	 | 	Train Accuracy     : 0.7804
Valid Loss     : 0.8552	 | 	Valid Accuracy     : 0.6531

Epoch : 27
Train Loss     : 0.5546	 | 	Train Accuracy     : 0.7839
Valid Loss     : 0.8743	 | 	Valid Accuracy     : 0.6430

Epoch : 28
Train Loss     : 0.5572	 | 	Train Accuracy     : 0.7774
Valid Loss     : 0.8578	 | 	Valid Accuracy     : 0.6552

Epoch : 29
Train Loss     : 0.5507	 | 	Train Accuracy     : 0.7849
Valid Loss     : 0.8833	 | 	Valid Accuracy     : 0.6487

Epoch : 30
Train Loss     : 0.5557	 | 	Train Accuracy     : 0.7825
Valid Loss     : 0.8802	 | 	Valid Accuracy     : 0.6353

Evaluate on the Test set:
Test loss      :0.9447	 | Test Accuracy      : 0.6072 | Test AUPRC      : 0.6438
tensor([0.8993, 0.9291, 0.9541, 0.7934, 0.8092, 0.9734, 0.8979, 0.7235, 0.8123,
        0.7358, 0.7656, 0.7506, 0.9169, 0.9447, 0.8489, 0.7136, 0.8263, 0.7503,
        0.6763, 0.8337, 0.8321, 0.8084, 0.8115, 1.0012, 0.8495, 0.9105, 0.8605,
        0.7757, 0.7518, 0.7128, 0.8881, 1.0478, 0.9239, 0.7526, 0.6808, 0.8294,
        0.7588, 0.7195, 0.7555, 0.7354, 0.8916, 0.8589, 0.8647, 0.8476, 0.8116,
        0.8229, 0.8199, 0.8168, 0.7918, 0.7192, 0.8157, 0.7413, 0.6745, 0.7005,
        0.8388, 0.6553, 0.7518, 0.7396, 0.8186, 0.7049, 0.8057, 0.7348],
       device='cuda:0', grad_fn=<SqueezeBackward1>)

################## Training is Done! #########################
Training time is : 0:03:30.252508
Data loaded ...
Subjet 5
if scale True
Training started ....

Epoch : 1
Train Loss     : 1.0737	 | 	Train Accuracy     : 0.5141
Valid Loss     : 1.1882	 | 	Valid Accuracy     : 0.5200

Epoch : 2
Train Loss     : 0.7092	 | 	Train Accuracy     : 0.7076
Valid Loss     : 1.1507	 | 	Valid Accuracy     : 0.5350

Epoch : 3
Train Loss     : 0.6382	 | 	Train Accuracy     : 0.7403
Valid Loss     : 1.0364	 | 	Valid Accuracy     : 0.5314

Epoch : 4
Train Loss     : 0.5934	 | 	Train Accuracy     : 0.7657
Valid Loss     : 1.0314	 | 	Valid Accuracy     : 0.5482

Epoch : 5
Train Loss     : 0.5786	 | 	Train Accuracy     : 0.7700
Valid Loss     : 1.2079	 | 	Valid Accuracy     : 0.5258

Epoch : 6
Train Loss     : 0.5883	 | 	Train Accuracy     : 0.7543
Valid Loss     : 1.2524	 | 	Valid Accuracy     : 0.5494

Epoch : 7
Train Loss     : 0.5551	 | 	Train Accuracy     : 0.7784
Valid Loss     : 1.1185	 | 	Valid Accuracy     : 0.5471

Epoch : 8
Train Loss     : 0.5461	 | 	Train Accuracy     : 0.7825
Valid Loss     : 1.1104	 | 	Valid Accuracy     : 0.5315

Epoch : 9
Train Loss     : 0.5285	 | 	Train Accuracy     : 0.7863
Valid Loss     : 1.2587	 | 	Valid Accuracy     : 0.5392

Epoch : 10
Train Loss     : 0.5565	 | 	Train Accuracy     : 0.7662
Valid Loss     : 1.1272	 | 	Valid Accuracy     : 0.5497

Epoch : 11
Train Loss     : 0.5541	 | 	Train Accuracy     : 0.7674
Valid Loss     : 1.4968	 | 	Valid Accuracy     : 0.5264

Epoch : 12
Train Loss     : 0.5648	 | 	Train Accuracy     : 0.7646
Valid Loss     : 1.2255	 | 	Valid Accuracy     : 0.5438

Epoch : 13
Train Loss     : 0.5482	 | 	Train Accuracy     : 0.7706
Valid Loss     : 1.1794	 | 	Valid Accuracy     : 0.5450

Epoch : 14
Train Loss     : 0.5395	 | 	Train Accuracy     : 0.7828
Valid Loss     : 1.2318	 | 	Valid Accuracy     : 0.5425

Epoch : 15
Train Loss     : 0.5067	 | 	Train Accuracy     : 0.7943
Valid Loss     : 1.2508	 | 	Valid Accuracy     : 0.5447

Epoch : 16
Train Loss     : 0.4959	 | 	Train Accuracy     : 0.8027
Valid Loss     : 1.3214	 | 	Valid Accuracy     : 0.5226

Epoch : 17
Train Loss     : 0.4946	 | 	Train Accuracy     : 0.8077
Valid Loss     : 1.3314	 | 	Valid Accuracy     : 0.5081

Epoch : 18
Train Loss     : 0.4828	 | 	Train Accuracy     : 0.8065
Valid Loss     : 1.2924	 | 	Valid Accuracy     : 0.5251

Epoch : 19
Train Loss     : 0.4852	 | 	Train Accuracy     : 0.8117
Valid Loss     : 1.3768	 | 	Valid Accuracy     : 0.5096

Epoch : 20
Train Loss     : 0.4951	 | 	Train Accuracy     : 0.8036
Valid Loss     : 1.3680	 | 	Valid Accuracy     : 0.5104

Epoch : 21
Train Loss     : 0.4870	 | 	Train Accuracy     : 0.8074
Valid Loss     : 1.2470	 | 	Valid Accuracy     : 0.5386

Epoch : 22
Train Loss     : 0.4929	 | 	Train Accuracy     : 0.8082
Valid Loss     : 1.2401	 | 	Valid Accuracy     : 0.5449

Epoch : 23
Train Loss     : 0.4884	 | 	Train Accuracy     : 0.8063
Valid Loss     : 1.2320	 | 	Valid Accuracy     : 0.5287

Epoch : 24
Train Loss     : 0.4850	 | 	Train Accuracy     : 0.8096
Valid Loss     : 1.3029	 | 	Valid Accuracy     : 0.5121

Epoch : 25
Train Loss     : 0.4844	 | 	Train Accuracy     : 0.8112
Valid Loss     : 1.3269	 | 	Valid Accuracy     : 0.5242

Epoch : 26
Train Loss     : 0.4904	 | 	Train Accuracy     : 0.8068
Valid Loss     : 1.2470	 | 	Valid Accuracy     : 0.5428

Epoch : 27
Train Loss     : 0.4914	 | 	Train Accuracy     : 0.8074
Valid Loss     : 1.2739	 | 	Valid Accuracy     : 0.5207

Epoch : 28
Train Loss     : 0.4769	 | 	Train Accuracy     : 0.8122
Valid Loss     : 1.2390	 | 	Valid Accuracy     : 0.5437

Epoch : 29
Train Loss     : 0.4839	 | 	Train Accuracy     : 0.8093
Valid Loss     : 1.2878	 | 	Valid Accuracy     : 0.5288

Epoch : 30
Train Loss     : 0.4846	 | 	Train Accuracy     : 0.8145
Valid Loss     : 1.2872	 | 	Valid Accuracy     : 0.5258

Evaluate on the Test set:
Test loss      :1.1989	 | Test Accuracy      : 0.6157 | Test AUPRC      : 0.6496
tensor([0.8592, 0.8802, 0.8878, 0.8922, 0.8939, 0.8480, 0.9413, 0.7270, 0.8202,
        0.7256, 0.7754, 0.8772, 0.8466, 0.9130, 0.9521, 0.7070, 0.7352, 0.7671,
        0.8104, 0.8685, 0.8090, 0.8919, 0.8286, 1.0033, 0.9342, 0.9193, 0.8505,
        0.8673, 0.8156, 0.6886, 0.8114, 1.0188, 0.9709, 0.7395, 0.7371, 0.8950,
        0.8498, 0.7198, 0.7685, 0.8681, 0.9438, 0.9508, 0.7606, 0.9422, 0.8429,
        0.8689, 0.8178, 0.8408, 0.8184, 0.8544, 0.7861, 0.7584, 0.7393, 0.8221,
        0.7226, 0.6476, 0.7540, 0.8509, 0.8970, 0.7531, 0.8652, 0.8253],
       device='cuda:0', grad_fn=<SqueezeBackward1>)

################## Training is Done! #########################
Training time is : 0:04:30.963504
Data loaded ...
Subjet 6
if scale True
Training started ....

Epoch : 1
Train Loss     : 0.9916	 | 	Train Accuracy     : 0.5440
Valid Loss     : 1.0972	 | 	Valid Accuracy     : 0.5891

Epoch : 2
Train Loss     : 0.6308	 | 	Train Accuracy     : 0.7096
Valid Loss     : 0.6335	 | 	Valid Accuracy     : 0.7134

Epoch : 3
Train Loss     : 0.5410	 | 	Train Accuracy     : 0.7774
Valid Loss     : 0.7148	 | 	Valid Accuracy     : 0.6727

Epoch : 4
Train Loss     : 0.5236	 | 	Train Accuracy     : 0.7809
Valid Loss     : 0.5319	 | 	Valid Accuracy     : 0.8276

Epoch : 5
Train Loss     : 0.5085	 | 	Train Accuracy     : 0.7913
Valid Loss     : 0.5604	 | 	Valid Accuracy     : 0.7956

Epoch : 6
Train Loss     : 0.5020	 | 	Train Accuracy     : 0.7900
Valid Loss     : 0.5479	 | 	Valid Accuracy     : 0.7875

Epoch : 7
Train Loss     : 0.5059	 | 	Train Accuracy     : 0.7885
Valid Loss     : 0.6716	 | 	Valid Accuracy     : 0.7106

Epoch : 8
Train Loss     : 0.4840	 | 	Train Accuracy     : 0.8046
Valid Loss     : 0.5174	 | 	Valid Accuracy     : 0.8403

Epoch : 9
Train Loss     : 0.4756	 | 	Train Accuracy     : 0.8051
Valid Loss     : 0.6792	 | 	Valid Accuracy     : 0.7387

Epoch : 10
Train Loss     : 0.4788	 | 	Train Accuracy     : 0.8052
Valid Loss     : 0.5212	 | 	Valid Accuracy     : 0.8458

Epoch : 11
Train Loss     : 0.5057	 | 	Train Accuracy     : 0.7877
Valid Loss     : 0.7707	 | 	Valid Accuracy     : 0.7044

Epoch : 12
Train Loss     : 0.4749	 | 	Train Accuracy     : 0.8008
Valid Loss     : 0.5603	 | 	Valid Accuracy     : 0.8050

Epoch : 13
Train Loss     : 0.4497	 | 	Train Accuracy     : 0.8234
Valid Loss     : 0.6162	 | 	Valid Accuracy     : 0.7714

Epoch : 14
Train Loss     : 0.4610	 | 	Train Accuracy     : 0.8178
Valid Loss     : 0.5975	 | 	Valid Accuracy     : 0.7982

Epoch : 15
Train Loss     : 0.4595	 | 	Train Accuracy     : 0.8136
Valid Loss     : 0.7627	 | 	Valid Accuracy     : 0.7209

Epoch : 16
Train Loss     : 0.4670	 | 	Train Accuracy     : 0.8087
Valid Loss     : 0.5578	 | 	Valid Accuracy     : 0.8110

Epoch : 17
Train Loss     : 0.4427	 | 	Train Accuracy     : 0.8218
Valid Loss     : 0.7269	 | 	Valid Accuracy     : 0.7101

Epoch : 18
Train Loss     : 0.4472	 | 	Train Accuracy     : 0.8197
Valid Loss     : 0.5304	 | 	Valid Accuracy     : 0.8287

Epoch : 19
Train Loss     : 0.4540	 | 	Train Accuracy     : 0.8204
Valid Loss     : 0.6662	 | 	Valid Accuracy     : 0.7515

Epoch : 20
Train Loss     : 0.4225	 | 	Train Accuracy     : 0.8351
Valid Loss     : 0.6293	 | 	Valid Accuracy     : 0.7742

Epoch : 21
Train Loss     : 0.4214	 | 	Train Accuracy     : 0.8326
Valid Loss     : 0.6202	 | 	Valid Accuracy     : 0.7828

Epoch : 22
Train Loss     : 0.4180	 | 	Train Accuracy     : 0.8380
Valid Loss     : 0.6224	 | 	Valid Accuracy     : 0.7796

Epoch : 23
Train Loss     : 0.4234	 | 	Train Accuracy     : 0.8311
Valid Loss     : 0.6439	 | 	Valid Accuracy     : 0.7763

Epoch : 24
Train Loss     : 0.4185	 | 	Train Accuracy     : 0.8320
Valid Loss     : 0.6069	 | 	Valid Accuracy     : 0.7823

Epoch : 25
Train Loss     : 0.4186	 | 	Train Accuracy     : 0.8385
Valid Loss     : 0.6419	 | 	Valid Accuracy     : 0.7673

Epoch : 26
Train Loss     : 0.4178	 | 	Train Accuracy     : 0.8326
Valid Loss     : 0.6331	 | 	Valid Accuracy     : 0.7778

Epoch : 27
Train Loss     : 0.4178	 | 	Train Accuracy     : 0.8322
Valid Loss     : 0.7123	 | 	Valid Accuracy     : 0.7438

Epoch : 28
Train Loss     : 0.4252	 | 	Train Accuracy     : 0.8309
Valid Loss     : 0.6003	 | 	Valid Accuracy     : 0.8055

Epoch : 29
Train Loss     : 0.4264	 | 	Train Accuracy     : 0.8330
Valid Loss     : 0.5974	 | 	Valid Accuracy     : 0.7988

Epoch : 30
Train Loss     : 0.4282	 | 	Train Accuracy     : 0.8268
Valid Loss     : 0.6210	 | 	Valid Accuracy     : 0.7789

Evaluate on the Test set:
Test loss      :1.1266	 | Test Accuracy      : 0.6711 | Test AUPRC      : 0.6375
tensor([0.8617, 0.8774, 0.9322, 0.9339, 0.8001, 0.8564, 0.9325, 0.6804, 0.7949,
        0.7397, 0.7426, 0.8698, 0.8952, 0.7641, 0.8495, 0.6643, 0.7042, 0.8317,
        0.6543, 0.7569, 0.6404, 0.7858, 0.8166, 1.0242, 0.8297, 0.8041, 0.8011,
        0.7010, 0.7074, 0.6588, 0.7665, 0.9675, 0.9350, 0.7940, 0.6221, 0.8274,
        0.8132, 0.6503, 0.7081, 0.6723, 0.7985, 0.8498, 0.7324, 0.8698, 0.9090,
        0.7609, 0.6520, 0.7285, 0.6624, 0.5512, 0.6625, 0.6747, 0.7643, 0.7085,
        0.7351, 0.5526, 0.7200, 0.7609, 0.7372, 0.6720, 0.8019, 0.8202],
       device='cuda:0', grad_fn=<SqueezeBackward1>)

################## Training is Done! #########################
Training time is : 0:05:38.340393
Data loaded ...
Subjet 7
if scale True
Training started ....

Epoch : 1
Train Loss     : 1.1928	 | 	Train Accuracy     : 0.5172
Valid Loss     : 0.7621	 | 	Valid Accuracy     : 0.6578

Epoch : 2
Train Loss     : 0.5769	 | 	Train Accuracy     : 0.7590
Valid Loss     : 0.5802	 | 	Valid Accuracy     : 0.7806

Epoch : 3
Train Loss     : 0.4749	 | 	Train Accuracy     : 0.8128
Valid Loss     : 0.4874	 | 	Valid Accuracy     : 0.7998

Epoch : 4
Train Loss     : 0.4391	 | 	Train Accuracy     : 0.8260
Valid Loss     : 0.4415	 | 	Valid Accuracy     : 0.8326

Epoch : 5
Train Loss     : 0.4177	 | 	Train Accuracy     : 0.8349
Valid Loss     : 0.4646	 | 	Valid Accuracy     : 0.7965

Epoch : 6
Train Loss     : 0.4074	 | 	Train Accuracy     : 0.8364
Valid Loss     : 0.4508	 | 	Valid Accuracy     : 0.8033

Epoch : 7
Train Loss     : 0.4123	 | 	Train Accuracy     : 0.8375
Valid Loss     : 0.4619	 | 	Valid Accuracy     : 0.7913

Epoch : 8
Train Loss     : 0.3949	 | 	Train Accuracy     : 0.8477
Valid Loss     : 0.4519	 | 	Valid Accuracy     : 0.8064

Epoch : 9
Train Loss     : 0.3800	 | 	Train Accuracy     : 0.8535
Valid Loss     : 0.4772	 | 	Valid Accuracy     : 0.7909

Epoch : 10
Train Loss     : 0.3823	 | 	Train Accuracy     : 0.8495
Valid Loss     : 0.4740	 | 	Valid Accuracy     : 0.7981

Epoch : 11
Train Loss     : 0.4010	 | 	Train Accuracy     : 0.8388
Valid Loss     : 0.5950	 | 	Valid Accuracy     : 0.7544

Epoch : 12
Train Loss     : 0.3770	 | 	Train Accuracy     : 0.8493
Valid Loss     : 0.4383	 | 	Valid Accuracy     : 0.8137

Epoch : 13
Train Loss     : 0.3663	 | 	Train Accuracy     : 0.8556
Valid Loss     : 0.5155	 | 	Valid Accuracy     : 0.7855

Epoch : 14
Train Loss     : 0.3756	 | 	Train Accuracy     : 0.8474
Valid Loss     : 0.4498	 | 	Valid Accuracy     : 0.7984

Epoch : 15
Train Loss     : 0.3763	 | 	Train Accuracy     : 0.8494
Valid Loss     : 0.5649	 | 	Valid Accuracy     : 0.7665

Epoch : 16
Train Loss     : 0.3671	 | 	Train Accuracy     : 0.8492
Valid Loss     : 0.4692	 | 	Valid Accuracy     : 0.8005

Epoch : 17
Train Loss     : 0.3521	 | 	Train Accuracy     : 0.8624
Valid Loss     : 0.5085	 | 	Valid Accuracy     : 0.7915

Epoch : 18
Train Loss     : 0.3598	 | 	Train Accuracy     : 0.8542
Valid Loss     : 0.4450	 | 	Valid Accuracy     : 0.8057

Epoch : 19
Train Loss     : 0.3695	 | 	Train Accuracy     : 0.8515
Valid Loss     : 0.4937	 | 	Valid Accuracy     : 0.8014

Epoch : 20
Train Loss     : 0.3520	 | 	Train Accuracy     : 0.8592
Valid Loss     : 0.5332	 | 	Valid Accuracy     : 0.7777

Epoch : 21
Train Loss     : 0.3519	 | 	Train Accuracy     : 0.8590
Valid Loss     : 0.6408	 | 	Valid Accuracy     : 0.7510

Epoch : 22
Train Loss     : 0.3586	 | 	Train Accuracy     : 0.8538
Valid Loss     : 0.5915	 | 	Valid Accuracy     : 0.7662

Epoch : 23
Train Loss     : 0.3543	 | 	Train Accuracy     : 0.8607
Valid Loss     : 0.5087	 | 	Valid Accuracy     : 0.7864

Epoch : 24
Train Loss     : 0.3383	 | 	Train Accuracy     : 0.8715
Valid Loss     : 0.5096	 | 	Valid Accuracy     : 0.7879

Epoch : 25
Train Loss     : 0.3328	 | 	Train Accuracy     : 0.8695
Valid Loss     : 0.5094	 | 	Valid Accuracy     : 0.7916

Epoch : 26
Train Loss     : 0.3330	 | 	Train Accuracy     : 0.8743
Valid Loss     : 0.4826	 | 	Valid Accuracy     : 0.7968

Epoch : 27
Train Loss     : 0.3338	 | 	Train Accuracy     : 0.8691
Valid Loss     : 0.5013	 | 	Valid Accuracy     : 0.7882

Epoch : 28
Train Loss     : 0.3291	 | 	Train Accuracy     : 0.8708
Valid Loss     : 0.4722	 | 	Valid Accuracy     : 0.8016

Epoch : 29
Train Loss     : 0.3369	 | 	Train Accuracy     : 0.8680
Valid Loss     : 0.4668	 | 	Valid Accuracy     : 0.7987

Epoch : 30
Train Loss     : 0.3304	 | 	Train Accuracy     : 0.8723
Valid Loss     : 0.4820	 | 	Valid Accuracy     : 0.7893

Evaluate on the Test set:
Test loss      :0.8005	 | Test Accuracy      : 0.6220 | Test AUPRC      : 0.6959
tensor([0.6417, 0.7218, 0.9219, 0.8841, 0.9135, 0.6587, 0.9326, 0.6321, 0.7790,
        0.7200, 0.6393, 0.7309, 0.9539, 0.8234, 0.8190, 0.6097, 0.7052, 0.7174,
        0.5252, 0.7684, 0.5882, 0.8625, 0.7505, 1.0556, 0.7883, 0.9087, 0.8204,
        0.7119, 0.7114, 0.6065, 0.7575, 0.9488, 0.8687, 0.8048, 0.5335, 0.6867,
        0.6386, 0.6811, 0.7044, 0.7632, 0.8008, 0.7251, 0.6114, 0.6721, 0.7471,
        0.7889, 0.7673, 0.6103, 0.6644, 0.5440, 0.6729, 0.5787, 0.6584, 0.6766,
        0.5707, 0.4848, 0.5625, 0.9331, 0.9143, 0.6116, 0.6417, 0.6887],
       device='cuda:0', grad_fn=<SqueezeBackward1>)

################## Training is Done! #########################
Training time is : 0:06:34.763432
Data loaded ...
Subjet 8
if scale True
Training started ....

Epoch : 1
Train Loss     : 0.7210	 | 	Train Accuracy     : 0.6794
Valid Loss     : 0.5254	 | 	Valid Accuracy     : 0.7473

Epoch : 2
Train Loss     : 0.4527	 | 	Train Accuracy     : 0.8106
Valid Loss     : 0.5574	 | 	Valid Accuracy     : 0.7181

Epoch : 3
Train Loss     : 0.3764	 | 	Train Accuracy     : 0.8467
Valid Loss     : 0.4314	 | 	Valid Accuracy     : 0.8044

Epoch : 4
Train Loss     : 0.3572	 | 	Train Accuracy     : 0.8583
Valid Loss     : 0.4141	 | 	Valid Accuracy     : 0.8106

Epoch : 5
Train Loss     : 0.3318	 | 	Train Accuracy     : 0.8680
Valid Loss     : 0.4351	 | 	Valid Accuracy     : 0.8022

Epoch : 6
Train Loss     : 0.3223	 | 	Train Accuracy     : 0.8739
Valid Loss     : 0.4635	 | 	Valid Accuracy     : 0.7750

Epoch : 7
Train Loss     : 0.3333	 | 	Train Accuracy     : 0.8657
Valid Loss     : 0.4802	 | 	Valid Accuracy     : 0.7659

Epoch : 8
Train Loss     : 0.3195	 | 	Train Accuracy     : 0.8757
Valid Loss     : 0.4317	 | 	Valid Accuracy     : 0.7967

Epoch : 9
Train Loss     : 0.3039	 | 	Train Accuracy     : 0.8812
Valid Loss     : 0.5300	 | 	Valid Accuracy     : 0.7627

Epoch : 10
Train Loss     : 0.3037	 | 	Train Accuracy     : 0.8802
Valid Loss     : 0.4258	 | 	Valid Accuracy     : 0.8058

Epoch : 11
Train Loss     : 0.3246	 | 	Train Accuracy     : 0.8710
Valid Loss     : 0.6043	 | 	Valid Accuracy     : 0.7370

Epoch : 12
Train Loss     : 0.3016	 | 	Train Accuracy     : 0.8847
Valid Loss     : 0.4474	 | 	Valid Accuracy     : 0.7891

Epoch : 13
Train Loss     : 0.2928	 | 	Train Accuracy     : 0.8849
Valid Loss     : 0.4727	 | 	Valid Accuracy     : 0.7864

Epoch : 14
Train Loss     : 0.2983	 | 	Train Accuracy     : 0.8810
Valid Loss     : 0.5550	 | 	Valid Accuracy     : 0.7496

Epoch : 15
Train Loss     : 0.2799	 | 	Train Accuracy     : 0.8920
Valid Loss     : 0.5206	 | 	Valid Accuracy     : 0.7664

Epoch : 16
Train Loss     : 0.2717	 | 	Train Accuracy     : 0.8959
Valid Loss     : 0.4653	 | 	Valid Accuracy     : 0.7836

Epoch : 17
Train Loss     : 0.2653	 | 	Train Accuracy     : 0.9033
Valid Loss     : 0.4781	 | 	Valid Accuracy     : 0.7756

Epoch : 18
Train Loss     : 0.2685	 | 	Train Accuracy     : 0.8976
Valid Loss     : 0.5017	 | 	Valid Accuracy     : 0.7694

Epoch : 19
Train Loss     : 0.2717	 | 	Train Accuracy     : 0.9015
Valid Loss     : 0.5199	 | 	Valid Accuracy     : 0.7647

Epoch : 20
Train Loss     : 0.2702	 | 	Train Accuracy     : 0.8991
Valid Loss     : 0.4900	 | 	Valid Accuracy     : 0.7761

Epoch : 21
Train Loss     : 0.2639	 | 	Train Accuracy     : 0.9005
Valid Loss     : 0.4905	 | 	Valid Accuracy     : 0.7735

Epoch : 22
Train Loss     : 0.2714	 | 	Train Accuracy     : 0.8964
Valid Loss     : 0.5366	 | 	Valid Accuracy     : 0.7546

Epoch : 23
Train Loss     : 0.2682	 | 	Train Accuracy     : 0.8996
Valid Loss     : 0.4718	 | 	Valid Accuracy     : 0.7772

Epoch : 24
Train Loss     : 0.2693	 | 	Train Accuracy     : 0.8965
Valid Loss     : 0.4810	 | 	Valid Accuracy     : 0.7783

Epoch : 25
Train Loss     : 0.2656	 | 	Train Accuracy     : 0.9034
Valid Loss     : 0.4739	 | 	Valid Accuracy     : 0.7815

Epoch : 26
Train Loss     : 0.2656	 | 	Train Accuracy     : 0.9003
Valid Loss     : 0.4874	 | 	Valid Accuracy     : 0.7738

Epoch : 27
Train Loss     : 0.2641	 | 	Train Accuracy     : 0.9021
Valid Loss     : 0.4954	 | 	Valid Accuracy     : 0.7699

Epoch : 28
Train Loss     : 0.2616	 | 	Train Accuracy     : 0.9009
Valid Loss     : 0.4838	 | 	Valid Accuracy     : 0.7795

Epoch : 29
Train Loss     : 0.2606	 | 	Train Accuracy     : 0.9029
Valid Loss     : 0.4736	 | 	Valid Accuracy     : 0.7780

Epoch : 30
Train Loss     : 0.2638	 | 	Train Accuracy     : 0.9007
Valid Loss     : 0.4749	 | 	Valid Accuracy     : 0.7794

Evaluate on the Test set:
Test loss      :0.6481	 | Test Accuracy      : 0.7324 | Test AUPRC      : 0.7581
tensor([0.8434, 0.7901, 0.9943, 0.9315, 0.9002, 0.7772, 0.9181, 0.7392, 0.8181,
        0.7491, 0.8709, 0.8406, 0.8839, 0.9110, 0.8178, 0.6811, 0.7681, 0.6971,
        0.6999, 0.7829, 0.9053, 0.8427, 0.7824, 1.0094, 0.9369, 0.8487, 0.7762,
        0.7279, 0.6630, 0.6824, 0.8048, 0.9650, 0.9005, 0.8214, 0.6906, 0.7795,
        0.7433, 0.7122, 0.8902, 0.8917, 0.9457, 0.8400, 0.8159, 0.8299, 0.7719,
        0.8307, 0.8031, 0.7680, 0.7346, 0.8101, 0.7336, 0.7791, 0.7780, 0.8640,
        0.7360, 0.6343, 0.7411, 0.7767, 0.8853, 0.8304, 0.7295, 0.7708],
       device='cuda:0', grad_fn=<SqueezeBackward1>)

################## Training is Done! #########################
Training time is : 0:07:33.269564
Data loaded ...
Subjet 9
if scale True
Training started ....

Epoch : 1
Train Loss     : 0.9576	 | 	Train Accuracy     : 0.5757
Valid Loss     : 0.6951	 | 	Valid Accuracy     : 0.6683

Epoch : 2
Train Loss     : 0.6159	 | 	Train Accuracy     : 0.7335
Valid Loss     : 0.8442	 | 	Valid Accuracy     : 0.6547

Epoch : 3
Train Loss     : 0.5468	 | 	Train Accuracy     : 0.7717
Valid Loss     : 0.5759	 | 	Valid Accuracy     : 0.7359

Epoch : 4
Train Loss     : 0.5039	 | 	Train Accuracy     : 0.7960
Valid Loss     : 0.6013	 | 	Valid Accuracy     : 0.7422

Epoch : 5
Train Loss     : 0.4778	 | 	Train Accuracy     : 0.8024
Valid Loss     : 0.5963	 | 	Valid Accuracy     : 0.7413

Epoch : 6
Train Loss     : 0.4750	 | 	Train Accuracy     : 0.8056
Valid Loss     : 0.5847	 | 	Valid Accuracy     : 0.7404

Epoch : 7
Train Loss     : 0.4654	 | 	Train Accuracy     : 0.8125
Valid Loss     : 0.5894	 | 	Valid Accuracy     : 0.7332

Epoch : 8
Train Loss     : 0.4380	 | 	Train Accuracy     : 0.8213
Valid Loss     : 0.5813	 | 	Valid Accuracy     : 0.7591

Epoch : 9
Train Loss     : 0.4280	 | 	Train Accuracy     : 0.8243
Valid Loss     : 0.6016	 | 	Valid Accuracy     : 0.7407

Epoch : 10
Train Loss     : 0.4386	 | 	Train Accuracy     : 0.8139
Valid Loss     : 0.6031	 | 	Valid Accuracy     : 0.7556

Epoch : 11
Train Loss     : 0.4688	 | 	Train Accuracy     : 0.7992
Valid Loss     : 0.6120	 | 	Valid Accuracy     : 0.7446

Epoch : 12
Train Loss     : 0.4265	 | 	Train Accuracy     : 0.8276
Valid Loss     : 0.5933	 | 	Valid Accuracy     : 0.7492

Epoch : 13
Train Loss     : 0.4148	 | 	Train Accuracy     : 0.8271
Valid Loss     : 0.5562	 | 	Valid Accuracy     : 0.7537

Epoch : 14
Train Loss     : 0.4029	 | 	Train Accuracy     : 0.8329
Valid Loss     : 0.5906	 | 	Valid Accuracy     : 0.7590

Epoch : 15
Train Loss     : 0.4069	 | 	Train Accuracy     : 0.8335
Valid Loss     : 0.5686	 | 	Valid Accuracy     : 0.7585

Epoch : 16
Train Loss     : 0.4008	 | 	Train Accuracy     : 0.8346
Valid Loss     : 0.5911	 | 	Valid Accuracy     : 0.7565

Epoch : 17
Train Loss     : 0.3987	 | 	Train Accuracy     : 0.8361
Valid Loss     : 0.5650	 | 	Valid Accuracy     : 0.7537

Epoch : 18
Train Loss     : 0.4035	 | 	Train Accuracy     : 0.8333
Valid Loss     : 0.6006	 | 	Valid Accuracy     : 0.7488

Epoch : 19
Train Loss     : 0.4057	 | 	Train Accuracy     : 0.8308
Valid Loss     : 0.5886	 | 	Valid Accuracy     : 0.7468

Epoch : 20
Train Loss     : 0.3950	 | 	Train Accuracy     : 0.8375
Valid Loss     : 0.6003	 | 	Valid Accuracy     : 0.7460

Epoch : 21
Train Loss     : 0.3821	 | 	Train Accuracy     : 0.8441
Valid Loss     : 0.5979	 | 	Valid Accuracy     : 0.7452

Epoch : 22
Train Loss     : 0.3978	 | 	Train Accuracy     : 0.8304
Valid Loss     : 0.5870	 | 	Valid Accuracy     : 0.7634

Epoch : 23
Train Loss     : 0.3906	 | 	Train Accuracy     : 0.8399
Valid Loss     : 0.5985	 | 	Valid Accuracy     : 0.7333

Epoch : 24
Train Loss     : 0.3887	 | 	Train Accuracy     : 0.8387
Valid Loss     : 0.5754	 | 	Valid Accuracy     : 0.7570

Epoch : 25
Train Loss     : 0.3740	 | 	Train Accuracy     : 0.8459
Valid Loss     : 0.5821	 | 	Valid Accuracy     : 0.7655

Epoch : 26
Train Loss     : 0.3694	 | 	Train Accuracy     : 0.8497
Valid Loss     : 0.5677	 | 	Valid Accuracy     : 0.7632

Epoch : 27
Train Loss     : 0.3661	 | 	Train Accuracy     : 0.8559
Valid Loss     : 0.5842	 | 	Valid Accuracy     : 0.7580

Epoch : 28
Train Loss     : 0.3653	 | 	Train Accuracy     : 0.8568
Valid Loss     : 0.5802	 | 	Valid Accuracy     : 0.7636

Epoch : 29
Train Loss     : 0.3712	 | 	Train Accuracy     : 0.8509
Valid Loss     : 0.6098	 | 	Valid Accuracy     : 0.7473

Epoch : 30
Train Loss     : 0.3705	 | 	Train Accuracy     : 0.8511
Valid Loss     : 0.6010	 | 	Valid Accuracy     : 0.7480

Evaluate on the Test set:
Test loss      :0.9491	 | Test Accuracy      : 0.6676 | Test AUPRC      : 0.6885
tensor([0.6303, 0.7663, 0.9780, 0.7684, 0.6414, 0.8748, 0.8615, 0.6263, 0.6843,
        0.8198, 0.7542, 0.7568, 0.9238, 0.7960, 0.7253, 0.5679, 0.5767, 0.6883,
        0.5254, 0.8618, 0.8327, 0.8223, 0.7351, 1.1005, 0.8636, 0.8058, 0.7549,
        0.8090, 0.7194, 0.5834, 0.5804, 0.7320, 0.8790, 0.8082, 0.6356, 0.7188,
        0.7227, 0.5605, 0.8641, 0.7217, 0.7536, 0.8708, 0.7219, 0.6962, 0.7847,
        0.8256, 0.5717, 0.8784, 0.6890, 0.6914, 0.8577, 0.5864, 0.5571, 0.7283,
        0.6101, 0.4602, 0.6596, 0.7760, 0.7504, 0.7499, 0.8652, 0.7608],
       device='cuda:0', grad_fn=<SqueezeBackward1>)

################## Training is Done! #########################
Training time is : 0:08:32.541318
Data loaded ...
Subjet 10
if scale True
Training started ....

Epoch : 1
Train Loss     : 1.0645	 | 	Train Accuracy     : 0.5396
Valid Loss     : 1.4567	 | 	Valid Accuracy     : 0.4006

Epoch : 2
Train Loss     : 0.6883	 | 	Train Accuracy     : 0.6834
Valid Loss     : 0.9990	 | 	Valid Accuracy     : 0.5992

Epoch : 3
Train Loss     : 0.6204	 | 	Train Accuracy     : 0.7170
Valid Loss     : 1.1615	 | 	Valid Accuracy     : 0.5792

Epoch : 4
Train Loss     : 0.5794	 | 	Train Accuracy     : 0.7519
Valid Loss     : 1.0734	 | 	Valid Accuracy     : 0.6011

Epoch : 5
Train Loss     : 0.5571	 | 	Train Accuracy     : 0.7617
Valid Loss     : 1.3473	 | 	Valid Accuracy     : 0.5565

Epoch : 6
Train Loss     : 0.5550	 | 	Train Accuracy     : 0.7549
Valid Loss     : 1.3692	 | 	Valid Accuracy     : 0.5522

Epoch : 7
Train Loss     : 0.5359	 | 	Train Accuracy     : 0.7624
Valid Loss     : 1.2979	 | 	Valid Accuracy     : 0.5688

Epoch : 8
Train Loss     : 0.5328	 | 	Train Accuracy     : 0.7686
Valid Loss     : 1.2773	 | 	Valid Accuracy     : 0.5761

Epoch : 9
Train Loss     : 0.5099	 | 	Train Accuracy     : 0.7844
Valid Loss     : 1.4743	 | 	Valid Accuracy     : 0.5516

Epoch : 10
Train Loss     : 0.5295	 | 	Train Accuracy     : 0.7644
Valid Loss     : 1.4431	 | 	Valid Accuracy     : 0.5775

Epoch : 11
Train Loss     : 0.5312	 | 	Train Accuracy     : 0.7667
Valid Loss     : 1.5972	 | 	Valid Accuracy     : 0.5457

Epoch : 12
Train Loss     : 0.5550	 | 	Train Accuracy     : 0.7634
Valid Loss     : 1.4430	 | 	Valid Accuracy     : 0.5684

Epoch : 13
Train Loss     : 0.5118	 | 	Train Accuracy     : 0.7799
Valid Loss     : 1.2924	 | 	Valid Accuracy     : 0.5880

Epoch : 14
Train Loss     : 0.4840	 | 	Train Accuracy     : 0.7959
Valid Loss     : 1.4727	 | 	Valid Accuracy     : 0.5648

Epoch : 15
Train Loss     : 0.4766	 | 	Train Accuracy     : 0.8003
Valid Loss     : 1.4461	 | 	Valid Accuracy     : 0.5653

Epoch : 16
Train Loss     : 0.4769	 | 	Train Accuracy     : 0.8033
Valid Loss     : 1.4779	 | 	Valid Accuracy     : 0.5684

Epoch : 17
Train Loss     : 0.4729	 | 	Train Accuracy     : 0.8000
Valid Loss     : 1.4529	 | 	Valid Accuracy     : 0.5607

Epoch : 18
Train Loss     : 0.4725	 | 	Train Accuracy     : 0.8042
Valid Loss     : 1.4122	 | 	Valid Accuracy     : 0.5755

Epoch : 19
Train Loss     : 0.4802	 | 	Train Accuracy     : 0.8028
Valid Loss     : 1.6061	 | 	Valid Accuracy     : 0.5549

Epoch : 20
Train Loss     : 0.4810	 | 	Train Accuracy     : 0.7994
Valid Loss     : 1.6122	 | 	Valid Accuracy     : 0.5431

Epoch : 21
Train Loss     : 0.4766	 | 	Train Accuracy     : 0.7985
Valid Loss     : 1.4872	 | 	Valid Accuracy     : 0.5677

Epoch : 22
Train Loss     : 0.4778	 | 	Train Accuracy     : 0.8008
Valid Loss     : 1.4937	 | 	Valid Accuracy     : 0.5577

Epoch : 23
Train Loss     : 0.4796	 | 	Train Accuracy     : 0.7990
Valid Loss     : 1.4409	 | 	Valid Accuracy     : 0.5651

Epoch : 24
Train Loss     : 0.4749	 | 	Train Accuracy     : 0.8028
Valid Loss     : 1.4016	 | 	Valid Accuracy     : 0.5655

Epoch : 25
Train Loss     : 0.4631	 | 	Train Accuracy     : 0.8112
Valid Loss     : 1.5236	 | 	Valid Accuracy     : 0.5576

Epoch : 26
Train Loss     : 0.4738	 | 	Train Accuracy     : 0.8101
Valid Loss     : 1.3313	 | 	Valid Accuracy     : 0.5762

Epoch : 27
Train Loss     : 0.4768	 | 	Train Accuracy     : 0.8003
Valid Loss     : 1.4531	 | 	Valid Accuracy     : 0.5629

Epoch : 28
Train Loss     : 0.4778	 | 	Train Accuracy     : 0.8029
Valid Loss     : 1.4057	 | 	Valid Accuracy     : 0.5675

Epoch : 29
Train Loss     : 0.4686	 | 	Train Accuracy     : 0.8088
Valid Loss     : 1.5195	 | 	Valid Accuracy     : 0.5622

Epoch : 30
Train Loss     : 0.4746	 | 	Train Accuracy     : 0.8068
Valid Loss     : 1.4695	 | 	Valid Accuracy     : 0.5653

Evaluate on the Test set:
Test loss      :1.6826	 | Test Accuracy      : 0.5934 | Test AUPRC      : 0.5864
tensor([0.8401, 0.8844, 0.9276, 0.8694, 0.8273, 0.9519, 0.9167, 0.7696, 0.8963,
        0.8101, 0.8471, 0.8515, 0.9418, 0.7647, 0.9023, 0.8141, 0.7875, 0.7327,
        0.7471, 0.8058, 0.8159, 0.8973, 0.8523, 0.9907, 0.9356, 0.9386, 0.8545,
        0.8475, 0.7768, 0.7331, 0.8110, 0.9664, 0.9399, 0.8198, 0.7340, 0.8258,
        0.7906, 0.7763, 0.8061, 0.7930, 0.8469, 0.8910, 0.8340, 0.8768, 0.9020,
        0.8529, 0.7563, 0.8198, 0.8097, 0.7412, 0.8607, 0.7628, 0.7840, 0.7861,
        0.7545, 0.6786, 0.7621, 0.9415, 0.8809, 0.9472, 0.9184, 0.7904],
       device='cuda:0', grad_fn=<SqueezeBackward1>)

################## Training is Done! #########################
Training time is : 0:09:25.862850
Data loaded ...
Subjet 11
if scale True
Training started ....

Epoch : 1
Train Loss     : 0.8435	 | 	Train Accuracy     : 0.6251
Valid Loss     : 1.0896	 | 	Valid Accuracy     : 0.6198

Epoch : 2
Train Loss     : 0.5269	 | 	Train Accuracy     : 0.7898
Valid Loss     : 0.5256	 | 	Valid Accuracy     : 0.7784

Epoch : 3
Train Loss     : 0.4306	 | 	Train Accuracy     : 0.8372
Valid Loss     : 0.6194	 | 	Valid Accuracy     : 0.7380

Epoch : 4
Train Loss     : 0.4157	 | 	Train Accuracy     : 0.8389
Valid Loss     : 0.4541	 | 	Valid Accuracy     : 0.8127

Epoch : 5
Train Loss     : 0.3890	 | 	Train Accuracy     : 0.8492
Valid Loss     : 0.5024	 | 	Valid Accuracy     : 0.8019

Epoch : 6
Train Loss     : 0.3966	 | 	Train Accuracy     : 0.8482
Valid Loss     : 0.4918	 | 	Valid Accuracy     : 0.8128

Epoch : 7
Train Loss     : 0.3990	 | 	Train Accuracy     : 0.8464
Valid Loss     : 0.6050	 | 	Valid Accuracy     : 0.7638

Epoch : 8
Train Loss     : 0.3719	 | 	Train Accuracy     : 0.8590
Valid Loss     : 0.4460	 | 	Valid Accuracy     : 0.8216

Epoch : 9
Train Loss     : 0.3669	 | 	Train Accuracy     : 0.8600
Valid Loss     : 0.5191	 | 	Valid Accuracy     : 0.8029

Epoch : 10
Train Loss     : 0.3491	 | 	Train Accuracy     : 0.8706
Valid Loss     : 0.4836	 | 	Valid Accuracy     : 0.8128

Epoch : 11
Train Loss     : 0.3903	 | 	Train Accuracy     : 0.8441
Valid Loss     : 0.7142	 | 	Valid Accuracy     : 0.7473

Epoch : 12
Train Loss     : 0.3977	 | 	Train Accuracy     : 0.8466
Valid Loss     : 0.5379	 | 	Valid Accuracy     : 0.7925

Epoch : 13
Train Loss     : 0.3617	 | 	Train Accuracy     : 0.8612
Valid Loss     : 0.4662	 | 	Valid Accuracy     : 0.8136

Epoch : 14
Train Loss     : 0.3525	 | 	Train Accuracy     : 0.8633
Valid Loss     : 0.4680	 | 	Valid Accuracy     : 0.8088

Epoch : 15
Train Loss     : 0.3461	 | 	Train Accuracy     : 0.8672
Valid Loss     : 0.4634	 | 	Valid Accuracy     : 0.8209

Epoch : 16
Train Loss     : 0.3414	 | 	Train Accuracy     : 0.8700
Valid Loss     : 0.4666	 | 	Valid Accuracy     : 0.8177

Epoch : 17
Train Loss     : 0.3304	 | 	Train Accuracy     : 0.8783
Valid Loss     : 0.5499	 | 	Valid Accuracy     : 0.7863

Epoch : 18
Train Loss     : 0.3464	 | 	Train Accuracy     : 0.8655
Valid Loss     : 0.4507	 | 	Valid Accuracy     : 0.8203

Epoch : 19
Train Loss     : 0.3471	 | 	Train Accuracy     : 0.8632
Valid Loss     : 0.5099	 | 	Valid Accuracy     : 0.8051

Epoch : 20
Train Loss     : 0.3193	 | 	Train Accuracy     : 0.8803
Valid Loss     : 0.5027	 | 	Valid Accuracy     : 0.8063

Epoch : 21
Train Loss     : 0.3171	 | 	Train Accuracy     : 0.8834
Valid Loss     : 0.4923	 | 	Valid Accuracy     : 0.8081

Epoch : 22
Train Loss     : 0.3119	 | 	Train Accuracy     : 0.8854
Valid Loss     : 0.5221	 | 	Valid Accuracy     : 0.7968

Epoch : 23
Train Loss     : 0.3143	 | 	Train Accuracy     : 0.8815
Valid Loss     : 0.4808	 | 	Valid Accuracy     : 0.8153

Epoch : 24
Train Loss     : 0.3138	 | 	Train Accuracy     : 0.8848
Valid Loss     : 0.5163	 | 	Valid Accuracy     : 0.7965

Epoch : 25
Train Loss     : 0.3088	 | 	Train Accuracy     : 0.8846
Valid Loss     : 0.5242	 | 	Valid Accuracy     : 0.7997

Epoch : 26
Train Loss     : 0.3124	 | 	Train Accuracy     : 0.8808
Valid Loss     : 0.4958	 | 	Valid Accuracy     : 0.8081

Epoch : 27
Train Loss     : 0.3124	 | 	Train Accuracy     : 0.8865
Valid Loss     : 0.5338	 | 	Valid Accuracy     : 0.7827

Epoch : 28
Train Loss     : 0.3157	 | 	Train Accuracy     : 0.8843
Valid Loss     : 0.4838	 | 	Valid Accuracy     : 0.8063

Epoch : 29
Train Loss     : 0.3159	 | 	Train Accuracy     : 0.8818
Valid Loss     : 0.4802	 | 	Valid Accuracy     : 0.8076

Epoch : 30
Train Loss     : 0.3133	 | 	Train Accuracy     : 0.8848
Valid Loss     : 0.5151	 | 	Valid Accuracy     : 0.7970

Evaluate on the Test set:
Test loss      :0.6801	 | Test Accuracy      : 0.8036 | Test AUPRC      : 0.8160
tensor([0.7510, 0.7670, 0.9316, 0.8316, 0.8971, 0.8434, 0.9555, 0.6511, 0.7718,
        0.7060, 0.8184, 0.8528, 0.9414, 0.8119, 0.7017, 0.6040, 0.8210, 0.7278,
        0.5747, 0.9297, 0.7355, 0.9519, 0.8706, 0.9747, 0.8684, 0.8557, 0.7486,
        0.7293, 0.8037, 0.6603, 0.8054, 0.9515, 0.8956, 0.7119, 0.6184, 0.7115,
        0.7892, 0.6256, 0.8177, 0.6746, 0.9371, 0.8476, 0.6511, 0.7826, 0.8273,
        0.8545, 0.7037, 0.8021, 0.7157, 0.6163, 0.9098, 0.8280, 0.7826, 0.8009,
        0.6374, 0.5504, 0.6720, 0.9448, 0.9375, 0.7127, 0.7399, 0.7859],
       device='cuda:0', grad_fn=<SqueezeBackward1>)

################## Training is Done! #########################
Training time is : 0:10:19.481231
Data loaded ...
Subjet 12
if scale True
Training started ....

Epoch : 1
Train Loss     : 1.1298	 | 	Train Accuracy     : 0.5016
Valid Loss     : 1.1302	 | 	Valid Accuracy     : 0.4641

Epoch : 2
Train Loss     : 0.7411	 | 	Train Accuracy     : 0.6755
Valid Loss     : 1.0228	 | 	Valid Accuracy     : 0.5903

Epoch : 3
Train Loss     : 0.6916	 | 	Train Accuracy     : 0.6961
Valid Loss     : 0.9702	 | 	Valid Accuracy     : 0.5726

Epoch : 4
Train Loss     : 0.6682	 | 	Train Accuracy     : 0.7133
Valid Loss     : 0.9437	 | 	Valid Accuracy     : 0.5818

Epoch : 5
Train Loss     : 0.6389	 | 	Train Accuracy     : 0.7278
Valid Loss     : 1.0031	 | 	Valid Accuracy     : 0.5785

Epoch : 6
Train Loss     : 0.6558	 | 	Train Accuracy     : 0.7126
Valid Loss     : 0.9353	 | 	Valid Accuracy     : 0.6053

Epoch : 7
Train Loss     : 0.6118	 | 	Train Accuracy     : 0.7367
Valid Loss     : 0.9379	 | 	Valid Accuracy     : 0.6018

Epoch : 8
Train Loss     : 0.6114	 | 	Train Accuracy     : 0.7404
Valid Loss     : 0.9477	 | 	Valid Accuracy     : 0.5844

Epoch : 9
Train Loss     : 0.5828	 | 	Train Accuracy     : 0.7536
Valid Loss     : 0.9135	 | 	Valid Accuracy     : 0.6242

Epoch : 10
Train Loss     : 0.5911	 | 	Train Accuracy     : 0.7500
Valid Loss     : 0.9171	 | 	Valid Accuracy     : 0.5920

Epoch : 11
Train Loss     : 0.5948	 | 	Train Accuracy     : 0.7481
Valid Loss     : 1.0300	 | 	Valid Accuracy     : 0.5879

Epoch : 12
Train Loss     : 0.6210	 | 	Train Accuracy     : 0.7362
Valid Loss     : 0.9493	 | 	Valid Accuracy     : 0.6162

Epoch : 13
Train Loss     : 0.5765	 | 	Train Accuracy     : 0.7589
Valid Loss     : 0.9793	 | 	Valid Accuracy     : 0.5942

Epoch : 14
Train Loss     : 0.5834	 | 	Train Accuracy     : 0.7496
Valid Loss     : 0.9804	 | 	Valid Accuracy     : 0.6006

Epoch : 15
Train Loss     : 0.5732	 | 	Train Accuracy     : 0.7580
Valid Loss     : 1.0625	 | 	Valid Accuracy     : 0.5916

Epoch : 16
Train Loss     : 0.5782	 | 	Train Accuracy     : 0.7564
Valid Loss     : 0.9730	 | 	Valid Accuracy     : 0.5921

Epoch : 17
Train Loss     : 0.5686	 | 	Train Accuracy     : 0.7575
Valid Loss     : 0.9841	 | 	Valid Accuracy     : 0.6012

Epoch : 18
Train Loss     : 0.5576	 | 	Train Accuracy     : 0.7722
Valid Loss     : 1.0204	 | 	Valid Accuracy     : 0.5822

Epoch : 19
Train Loss     : 0.5618	 | 	Train Accuracy     : 0.7633
Valid Loss     : 0.9851	 | 	Valid Accuracy     : 0.6060

Epoch : 20
Train Loss     : 0.5576	 | 	Train Accuracy     : 0.7657
Valid Loss     : 1.0026	 | 	Valid Accuracy     : 0.6006

Epoch : 21
Train Loss     : 0.5292	 | 	Train Accuracy     : 0.7803
Valid Loss     : 0.9611	 | 	Valid Accuracy     : 0.6063

Epoch : 22
Train Loss     : 0.5276	 | 	Train Accuracy     : 0.7838
Valid Loss     : 0.9674	 | 	Valid Accuracy     : 0.6101

Epoch : 23
Train Loss     : 0.5282	 | 	Train Accuracy     : 0.7786
Valid Loss     : 0.9715	 | 	Valid Accuracy     : 0.6112

Epoch : 24
Train Loss     : 0.5270	 | 	Train Accuracy     : 0.7833
Valid Loss     : 0.9889	 | 	Valid Accuracy     : 0.5999

Epoch : 25
Train Loss     : 0.5257	 | 	Train Accuracy     : 0.7834
Valid Loss     : 0.9664	 | 	Valid Accuracy     : 0.5983

Epoch : 26
Train Loss     : 0.5277	 | 	Train Accuracy     : 0.7836
Valid Loss     : 0.9445	 | 	Valid Accuracy     : 0.6087

Epoch : 27
Train Loss     : 0.5253	 | 	Train Accuracy     : 0.7842
Valid Loss     : 0.9472	 | 	Valid Accuracy     : 0.6045

Epoch : 28
Train Loss     : 0.5213	 | 	Train Accuracy     : 0.7867
Valid Loss     : 0.9692	 | 	Valid Accuracy     : 0.5871

Epoch : 29
Train Loss     : 0.5292	 | 	Train Accuracy     : 0.7844
Valid Loss     : 0.9683	 | 	Valid Accuracy     : 0.6034

Epoch : 30
Train Loss     : 0.5364	 | 	Train Accuracy     : 0.7772
Valid Loss     : 0.9676	 | 	Valid Accuracy     : 0.5961

Evaluate on the Test set:
Test loss      :1.2047	 | Test Accuracy      : 0.5577 | Test AUPRC      : 0.5869
tensor([0.8729, 0.9012, 0.9483, 0.9464, 0.8779, 0.7634, 0.6874, 0.7234, 0.7033,
        0.7184, 0.7182, 0.8696, 0.9492, 0.8759, 0.9009, 0.5929, 0.7984, 0.8367,
        0.8182, 0.8680, 0.8991, 0.8325, 0.7714, 0.9752, 0.8490, 0.7863, 0.8876,
        0.8877, 0.6953, 0.7030, 0.8505, 1.0085, 0.7448, 0.6231, 0.6732, 0.8508,
        0.8535, 0.6438, 0.6883, 0.8454, 0.8425, 0.7002, 0.6870, 0.9248, 0.8325,
        0.7903, 0.8871, 0.7610, 0.8143, 0.8418, 0.6650, 0.7373, 0.6698, 0.8039,
        0.5971, 0.5428, 0.6016, 0.8843, 0.9384, 0.8223, 0.9028, 0.7250],
       device='cuda:0', grad_fn=<SqueezeBackward1>)

################## Training is Done! #########################
Training time is : 0:11:18.894969
Data loaded ...
Subjet 13
if scale True
Training started ....

Epoch : 1
Train Loss     : 0.8460	 | 	Train Accuracy     : 0.6054
Valid Loss     : 0.8058	 | 	Valid Accuracy     : 0.5876

Epoch : 2
Train Loss     : 0.5478	 | 	Train Accuracy     : 0.7369
Valid Loss     : 0.8351	 | 	Valid Accuracy     : 0.6362

Epoch : 3
Train Loss     : 0.5096	 | 	Train Accuracy     : 0.7599
Valid Loss     : 0.5620	 | 	Valid Accuracy     : 0.7256

Epoch : 4
Train Loss     : 0.4948	 | 	Train Accuracy     : 0.7639
Valid Loss     : 0.7202	 | 	Valid Accuracy     : 0.6798

Epoch : 5
Train Loss     : 0.4667	 | 	Train Accuracy     : 0.7805
Valid Loss     : 0.5430	 | 	Valid Accuracy     : 0.7131

Epoch : 6
Train Loss     : 0.4378	 | 	Train Accuracy     : 0.8014
Valid Loss     : 0.5720	 | 	Valid Accuracy     : 0.7105

Epoch : 7
Train Loss     : 0.4490	 | 	Train Accuracy     : 0.7954
Valid Loss     : 0.5877	 | 	Valid Accuracy     : 0.7155

Epoch : 8
Train Loss     : 0.4355	 | 	Train Accuracy     : 0.8066
Valid Loss     : 0.6582	 | 	Valid Accuracy     : 0.6984

Epoch : 9
Train Loss     : 0.4266	 | 	Train Accuracy     : 0.8083
Valid Loss     : 0.6087	 | 	Valid Accuracy     : 0.7108

Epoch : 10
Train Loss     : 0.4268	 | 	Train Accuracy     : 0.8067
Valid Loss     : 0.5798	 | 	Valid Accuracy     : 0.7053

Epoch : 11
Train Loss     : 0.4689	 | 	Train Accuracy     : 0.7740
Valid Loss     : 0.6390	 | 	Valid Accuracy     : 0.6628

Epoch : 12
Train Loss     : 0.4247	 | 	Train Accuracy     : 0.8110
Valid Loss     : 0.6089	 | 	Valid Accuracy     : 0.6958

Epoch : 13
Train Loss     : 0.3938	 | 	Train Accuracy     : 0.8287
Valid Loss     : 0.6027	 | 	Valid Accuracy     : 0.6805

Epoch : 14
Train Loss     : 0.3966	 | 	Train Accuracy     : 0.8251
Valid Loss     : 0.6121	 | 	Valid Accuracy     : 0.6754

Epoch : 15
Train Loss     : 0.3909	 | 	Train Accuracy     : 0.8328
Valid Loss     : 0.6550	 | 	Valid Accuracy     : 0.6635

Epoch : 16
Train Loss     : 0.4209	 | 	Train Accuracy     : 0.8012
Valid Loss     : 0.6801	 | 	Valid Accuracy     : 0.6886

Epoch : 17
Train Loss     : 0.3816	 | 	Train Accuracy     : 0.8321
Valid Loss     : 0.6419	 | 	Valid Accuracy     : 0.6931

Epoch : 18
Train Loss     : 0.3750	 | 	Train Accuracy     : 0.8338
Valid Loss     : 0.6254	 | 	Valid Accuracy     : 0.6947

Epoch : 19
Train Loss     : 0.3733	 | 	Train Accuracy     : 0.8361
Valid Loss     : 0.6151	 | 	Valid Accuracy     : 0.6943

Epoch : 20
Train Loss     : 0.3762	 | 	Train Accuracy     : 0.8373
Valid Loss     : 0.6182	 | 	Valid Accuracy     : 0.6912

Epoch : 21
Train Loss     : 0.3737	 | 	Train Accuracy     : 0.8378
Valid Loss     : 0.6304	 | 	Valid Accuracy     : 0.6909

Epoch : 22
Train Loss     : 0.3729	 | 	Train Accuracy     : 0.8447
Valid Loss     : 0.6138	 | 	Valid Accuracy     : 0.6862

Epoch : 23
Train Loss     : 0.3744	 | 	Train Accuracy     : 0.8393
Valid Loss     : 0.6416	 | 	Valid Accuracy     : 0.6855

Epoch : 24
Train Loss     : 0.3711	 | 	Train Accuracy     : 0.8401
Valid Loss     : 0.6469	 | 	Valid Accuracy     : 0.6784

Epoch : 25
Train Loss     : 0.3758	 | 	Train Accuracy     : 0.8372
Valid Loss     : 0.6196	 | 	Valid Accuracy     : 0.6900

Epoch : 26
Train Loss     : 0.3723	 | 	Train Accuracy     : 0.8386
Valid Loss     : 0.6166	 | 	Valid Accuracy     : 0.6957

Epoch : 27
Train Loss     : 0.3758	 | 	Train Accuracy     : 0.8368
Valid Loss     : 0.6250	 | 	Valid Accuracy     : 0.6692

Epoch : 28
Train Loss     : 0.3712	 | 	Train Accuracy     : 0.8371
Valid Loss     : 0.6248	 | 	Valid Accuracy     : 0.6865

Epoch : 29
Train Loss     : 0.3688	 | 	Train Accuracy     : 0.8427
Valid Loss     : 0.6208	 | 	Valid Accuracy     : 0.6908

Epoch : 30
Train Loss     : 0.3709	 | 	Train Accuracy     : 0.8364
Valid Loss     : 0.6369	 | 	Valid Accuracy     : 0.6769

Evaluate on the Test set:
Test loss      :1.0415	 | Test Accuracy      : 0.6372 | Test AUPRC      : 0.6235
tensor([0.8118, 0.8447, 0.9229, 0.9341, 0.7904, 0.8740, 0.9491, 0.7319, 0.8241,
        0.8326, 0.7224, 0.6901, 0.9522, 0.6649, 0.7771, 0.6692, 0.8931, 0.8438,
        0.6596, 0.8728, 0.7694, 0.8549, 0.7750, 0.9931, 0.9398, 0.7826, 0.8842,
        0.8202, 0.7295, 0.7058, 0.7588, 0.9764, 0.9183, 0.8544, 0.7318, 0.8075,
        0.8509, 0.7694, 0.8942, 0.7137, 0.8781, 0.9337, 0.6691, 0.9136, 0.7969,
        0.6907, 0.7085, 0.7471, 0.7126, 0.7681, 0.7780, 0.7926, 0.8289, 0.6994,
        0.6727, 0.6136, 0.7029, 0.7648, 0.8952, 0.8889, 0.8439, 0.8527],
       device='cuda:0', grad_fn=<SqueezeBackward1>)

################## Training is Done! #########################
Training time is : 0:12:17.000740
Data loaded ...
Subjet 14
if scale True
Training started ....

Epoch : 1
Train Loss     : 0.9203	 | 	Train Accuracy     : 0.6072
Valid Loss     : 0.9048	 | 	Valid Accuracy     : 0.5728

Epoch : 2
Train Loss     : 0.6409	 | 	Train Accuracy     : 0.7619
Valid Loss     : 0.9121	 | 	Valid Accuracy     : 0.5670

Epoch : 3
Train Loss     : 0.5647	 | 	Train Accuracy     : 0.7895
Valid Loss     : 0.8548	 | 	Valid Accuracy     : 0.5541

Epoch : 4
Train Loss     : 0.5364	 | 	Train Accuracy     : 0.7942
Valid Loss     : 0.9918	 | 	Valid Accuracy     : 0.6294

Epoch : 5
Train Loss     : 0.5018	 | 	Train Accuracy     : 0.8046
Valid Loss     : 0.9825	 | 	Valid Accuracy     : 0.6022

Epoch : 6
Train Loss     : 0.5027	 | 	Train Accuracy     : 0.8093
Valid Loss     : 0.9549	 | 	Valid Accuracy     : 0.5802

Epoch : 7
Train Loss     : 0.4863	 | 	Train Accuracy     : 0.8128
Valid Loss     : 0.9024	 | 	Valid Accuracy     : 0.5909

Epoch : 8
Train Loss     : 0.4796	 | 	Train Accuracy     : 0.8149
Valid Loss     : 0.9745	 | 	Valid Accuracy     : 0.6211

Epoch : 9
Train Loss     : 0.4792	 | 	Train Accuracy     : 0.8152
Valid Loss     : 0.9181	 | 	Valid Accuracy     : 0.6151

Epoch : 10
Train Loss     : 0.4689	 | 	Train Accuracy     : 0.8198
Valid Loss     : 1.1047	 | 	Valid Accuracy     : 0.6213

Epoch : 11
Train Loss     : 0.4844	 | 	Train Accuracy     : 0.8124
Valid Loss     : 0.8672	 | 	Valid Accuracy     : 0.6031

Epoch : 12
Train Loss     : 0.5142	 | 	Train Accuracy     : 0.8044
Valid Loss     : 1.0019	 | 	Valid Accuracy     : 0.6117

Epoch : 13
Train Loss     : 0.4968	 | 	Train Accuracy     : 0.8070
Valid Loss     : 1.0655	 | 	Valid Accuracy     : 0.6199

Epoch : 14
Train Loss     : 0.4554	 | 	Train Accuracy     : 0.8253
Valid Loss     : 0.9280	 | 	Valid Accuracy     : 0.6047

Epoch : 15
Train Loss     : 0.4385	 | 	Train Accuracy     : 0.8366
Valid Loss     : 0.9007	 | 	Valid Accuracy     : 0.6108

Epoch : 16
Train Loss     : 0.4395	 | 	Train Accuracy     : 0.8333
Valid Loss     : 0.9471	 | 	Valid Accuracy     : 0.6316

Epoch : 17
Train Loss     : 0.4355	 | 	Train Accuracy     : 0.8276
Valid Loss     : 0.9264	 | 	Valid Accuracy     : 0.6323

Epoch : 18
Train Loss     : 0.4371	 | 	Train Accuracy     : 0.8337
Valid Loss     : 0.9320	 | 	Valid Accuracy     : 0.6180

Epoch : 19
Train Loss     : 0.4327	 | 	Train Accuracy     : 0.8359
Valid Loss     : 0.8811	 | 	Valid Accuracy     : 0.6286

Epoch : 20
Train Loss     : 0.4311	 | 	Train Accuracy     : 0.8327
Valid Loss     : 0.9080	 | 	Valid Accuracy     : 0.6206

Epoch : 21
Train Loss     : 0.4364	 | 	Train Accuracy     : 0.8335
Valid Loss     : 0.9228	 | 	Valid Accuracy     : 0.6255

Epoch : 22
Train Loss     : 0.4347	 | 	Train Accuracy     : 0.8300
Valid Loss     : 0.9385	 | 	Valid Accuracy     : 0.5938

Epoch : 23
Train Loss     : 0.4332	 | 	Train Accuracy     : 0.8346
Valid Loss     : 1.0087	 | 	Valid Accuracy     : 0.6052

Epoch : 24
Train Loss     : 0.4243	 | 	Train Accuracy     : 0.8378
Valid Loss     : 0.9327	 | 	Valid Accuracy     : 0.6205

Epoch : 25
Train Loss     : 0.4272	 | 	Train Accuracy     : 0.8366
Valid Loss     : 0.9747	 | 	Valid Accuracy     : 0.6203

Epoch : 26
Train Loss     : 0.4290	 | 	Train Accuracy     : 0.8372
Valid Loss     : 0.9448	 | 	Valid Accuracy     : 0.6335

Epoch : 27
Train Loss     : 0.4313	 | 	Train Accuracy     : 0.8339
Valid Loss     : 0.9691	 | 	Valid Accuracy     : 0.6251

Epoch : 28
Train Loss     : 0.4281	 | 	Train Accuracy     : 0.8359
Valid Loss     : 1.0054	 | 	Valid Accuracy     : 0.6048

Epoch : 29
Train Loss     : 0.4261	 | 	Train Accuracy     : 0.8363
Valid Loss     : 0.9741	 | 	Valid Accuracy     : 0.6162

Epoch : 30
Train Loss     : 0.4320	 | 	Train Accuracy     : 0.8330
Valid Loss     : 0.9543	 | 	Valid Accuracy     : 0.6268

Evaluate on the Test set:
Test loss      :0.8822	 | Test Accuracy      : 0.6691 | Test AUPRC      : 0.7601
tensor([0.7835, 0.8292, 0.7460, 0.8041, 0.8891, 0.7206, 0.8878, 0.7761, 0.8662,
        0.7784, 0.7195, 0.7929, 0.8338, 0.8893, 0.8007, 0.7035, 0.8185, 0.7522,
        0.6988, 0.8270, 0.7120, 0.9217, 0.7899, 0.8951, 0.9182, 0.7963, 0.7829,
        0.7231, 0.7819, 0.7033, 0.8399, 0.9746, 1.0258, 0.8071, 0.7129, 0.8263,
        0.7593, 0.7190, 0.7409, 0.7922, 1.0000, 0.8955, 0.8433, 0.8227, 0.8094,
        0.8700, 0.7453, 0.8244, 0.7426, 0.7407, 0.8305, 0.7113, 0.7717, 0.7136,
        0.7744, 0.6925, 0.7202, 0.7715, 0.9132, 0.7448, 0.8780, 0.7758],
       device='cuda:0', grad_fn=<SqueezeBackward1>)

################## Training is Done! #########################
Training time is : 0:13:12.971057
Data loaded ...
Subjet 15
if scale True
Training started ....

Epoch : 1
Train Loss     : 0.6612	 | 	Train Accuracy     : 0.6850
Valid Loss     : 0.5686	 | 	Valid Accuracy     : 0.7013

Epoch : 2
Train Loss     : 0.2793	 | 	Train Accuracy     : 0.8957
Valid Loss     : 0.3744	 | 	Valid Accuracy     : 0.9351

Epoch : 3
Train Loss     : 0.2157	 | 	Train Accuracy     : 0.9268
Valid Loss     : 0.4103	 | 	Valid Accuracy     : 0.9339

Epoch : 4
Train Loss     : 0.1916	 | 	Train Accuracy     : 0.9352
Valid Loss     : 0.3636	 | 	Valid Accuracy     : 0.9644

Epoch : 5
Train Loss     : 0.1798	 | 	Train Accuracy     : 0.9386
Valid Loss     : 0.5113	 | 	Valid Accuracy     : 0.9172

Epoch : 6
Train Loss     : 0.1545	 | 	Train Accuracy     : 0.9501
Valid Loss     : 0.4150	 | 	Valid Accuracy     : 0.9414

Epoch : 7
Train Loss     : 0.1547	 | 	Train Accuracy     : 0.9467
Valid Loss     : 0.3486	 | 	Valid Accuracy     : 0.9483

Epoch : 8
Train Loss     : 0.1406	 | 	Train Accuracy     : 0.9533
Valid Loss     : 0.3563	 | 	Valid Accuracy     : 0.9380

Epoch : 9
Train Loss     : 0.1283	 | 	Train Accuracy     : 0.9608
Valid Loss     : 0.3178	 | 	Valid Accuracy     : 0.9364

Epoch : 10
Train Loss     : 0.1305	 | 	Train Accuracy     : 0.9596
Valid Loss     : 0.6465	 | 	Valid Accuracy     : 0.9262

Epoch : 11
Train Loss     : 0.1379	 | 	Train Accuracy     : 0.9525
Valid Loss     : 0.2817	 | 	Valid Accuracy     : 0.9482

Epoch : 12
Train Loss     : 0.1282	 | 	Train Accuracy     : 0.9543
Valid Loss     : 0.4959	 | 	Valid Accuracy     : 0.9391

Epoch : 13
Train Loss     : 0.1298	 | 	Train Accuracy     : 0.9524
Valid Loss     : 0.3900	 | 	Valid Accuracy     : 0.9594

Epoch : 14
Train Loss     : 0.1187	 | 	Train Accuracy     : 0.9575
Valid Loss     : 0.3583	 | 	Valid Accuracy     : 0.9503

Epoch : 15
Train Loss     : 0.1177	 | 	Train Accuracy     : 0.9615
Valid Loss     : 0.6724	 | 	Valid Accuracy     : 0.9097

Epoch : 16
Train Loss     : 0.1136	 | 	Train Accuracy     : 0.9610
Valid Loss     : 0.7654	 | 	Valid Accuracy     : 0.9237

Epoch : 17
Train Loss     : 0.1000	 | 	Train Accuracy     : 0.9681
Valid Loss     : 0.8764	 | 	Valid Accuracy     : 0.9287

Epoch : 18
Train Loss     : 0.1045	 | 	Train Accuracy     : 0.9667
Valid Loss     : 1.4627	 | 	Valid Accuracy     : 0.9208

Epoch : 19
Train Loss     : 0.1232	 | 	Train Accuracy     : 0.9566
Valid Loss     : 1.3560	 | 	Valid Accuracy     : 0.8897

Epoch : 20
Train Loss     : 0.1156	 | 	Train Accuracy     : 0.9564
Valid Loss     : 0.9000	 | 	Valid Accuracy     : 0.9214

Epoch : 21
Train Loss     : 0.1070	 | 	Train Accuracy     : 0.9641
Valid Loss     : 0.5070	 | 	Valid Accuracy     : 0.9542

Epoch : 22
Train Loss     : 0.1021	 | 	Train Accuracy     : 0.9677
Valid Loss     : 0.7832	 | 	Valid Accuracy     : 0.9048

Epoch : 23
Train Loss     : 0.0924	 | 	Train Accuracy     : 0.9726
Valid Loss     : 0.8016	 | 	Valid Accuracy     : 0.9328

Epoch : 24
Train Loss     : 0.0889	 | 	Train Accuracy     : 0.9743
Valid Loss     : 0.9107	 | 	Valid Accuracy     : 0.9087

Epoch : 25
Train Loss     : 0.0926	 | 	Train Accuracy     : 0.9688
Valid Loss     : 0.7931	 | 	Valid Accuracy     : 0.9238

Epoch : 26
Train Loss     : 0.0903	 | 	Train Accuracy     : 0.9733
Valid Loss     : 0.6286	 | 	Valid Accuracy     : 0.9340

Epoch : 27
Train Loss     : 0.0878	 | 	Train Accuracy     : 0.9742
Valid Loss     : 0.8629	 | 	Valid Accuracy     : 0.9217

Epoch : 28
Train Loss     : 0.0890	 | 	Train Accuracy     : 0.9716
Valid Loss     : 0.8985	 | 	Valid Accuracy     : 0.9221

Epoch : 29
Train Loss     : 0.0896	 | 	Train Accuracy     : 0.9731
Valid Loss     : 0.9278	 | 	Valid Accuracy     : 0.9228

Epoch : 30
Train Loss     : 0.0891	 | 	Train Accuracy     : 0.9740
Valid Loss     : 0.9015	 | 	Valid Accuracy     : 0.9291

Evaluate on the Test set:
Test loss      :3.9144	 | Test Accuracy      : 0.7821 | Test AUPRC      : 0.6257
tensor([0.6434, 0.6317, 0.9610, 0.9278, 0.8443, 0.8268, 0.8542, 0.7109, 0.7572,
        0.6811, 0.5920, 0.6088, 0.8232, 0.7239, 0.8074, 0.7695, 0.6012, 0.7717,
        0.4949, 0.6698, 0.6180, 0.7686, 0.7602, 1.0416, 0.8470, 0.6891, 0.7873,
        0.5619, 0.5744, 0.5809, 0.6926, 0.9442, 0.8112, 0.6858, 0.5660, 0.7016,
        0.7039, 0.6188, 0.8317, 0.9369, 0.7264, 0.8643, 0.6796, 0.6436, 0.8506,
        0.8118, 0.6065, 0.6530, 0.7330, 0.7603, 0.5590, 0.5469, 0.6153, 0.7498,
        0.5869, 0.4941, 0.5954, 0.9093, 0.9463, 0.6343, 0.8791, 0.7503],
       device='cuda:0', grad_fn=<SqueezeBackward1>)

################## Training is Done! #########################
Training time is : 0:14:06.221139
[0.78554079 0.81496503 0.92109977 0.88447315 0.84407916 0.83260523
 0.89238465 0.7034642  0.79040017 0.74734574 0.76339907 0.79567474
 0.89700181 0.83120012 0.81669804 0.67440439 0.73673042 0.75960105
 0.65692143 0.82638684 0.76977453 0.83322648 0.77368251 1.00061019
 0.88635901 0.82818886 0.81726666 0.76090566 0.73455442 0.66880761
 0.77824886 0.92937693 0.89649299 0.76616984 0.65210661 0.79551012
 0.75457373 0.67491092 0.79396846 0.76524108 0.86975585 0.84948608
 0.73020312 0.83773948 0.83283917 0.81356036 0.74128169 0.76590527
 0.73671569 0.74267137 0.7664001  0.71904027 0.71306202 0.73639196
 0.68230337 0.60602018 0.69128943 0.85142314 0.88643046 0.75122507
 0.83091923 0.77034194]
