=============================================
Dataset: SEED
Method:  TS-TCC
Mode:    train_linear
=============================================
Data loaded ...
Subjet 9
Training started ....

Epoch : 1
Train Loss     : 1.0144	 | 	Train Accuracy     : 0.5696
Valid Loss     : 1.6816	 | 	Valid Accuracy     : 0.3423

Epoch : 2
Train Loss     : 0.5805	 | 	Train Accuracy     : 0.7672
Valid Loss     : 0.6137	 | 	Valid Accuracy     : 0.7046

Epoch : 3
Train Loss     : 0.4952	 | 	Train Accuracy     : 0.8076
Valid Loss     : 0.6333	 | 	Valid Accuracy     : 0.7114

Epoch : 4
Train Loss     : 0.4680	 | 	Train Accuracy     : 0.8167
Valid Loss     : 0.6464	 | 	Valid Accuracy     : 0.7231

Epoch : 5
Train Loss     : 0.4426	 | 	Train Accuracy     : 0.8251
Valid Loss     : 0.6037	 | 	Valid Accuracy     : 0.7241

Epoch : 6
Train Loss     : 0.4114	 | 	Train Accuracy     : 0.8412
Valid Loss     : 0.5936	 | 	Valid Accuracy     : 0.7349

Epoch : 7
Train Loss     : 0.4002	 | 	Train Accuracy     : 0.8487
Valid Loss     : 0.6141	 | 	Valid Accuracy     : 0.7354

Epoch : 8
Train Loss     : 0.3943	 | 	Train Accuracy     : 0.8454
Valid Loss     : 0.6095	 | 	Valid Accuracy     : 0.7319

Epoch : 9
Train Loss     : 0.3877	 | 	Train Accuracy     : 0.8460
Valid Loss     : 0.6177	 | 	Valid Accuracy     : 0.7363

Epoch : 10
Train Loss     : 0.3849	 | 	Train Accuracy     : 0.8466
Valid Loss     : 0.6735	 | 	Valid Accuracy     : 0.7163

Epoch : 11
Train Loss     : 0.3868	 | 	Train Accuracy     : 0.8461
Valid Loss     : 0.6766	 | 	Valid Accuracy     : 0.7222

Epoch : 12
Train Loss     : 0.3724	 | 	Train Accuracy     : 0.8550
Valid Loss     : 0.6109	 | 	Valid Accuracy     : 0.7490

Epoch : 13
Train Loss     : 0.3786	 | 	Train Accuracy     : 0.8427
Valid Loss     : 0.6435	 | 	Valid Accuracy     : 0.7256

Epoch : 14
Train Loss     : 0.3779	 | 	Train Accuracy     : 0.8456
Valid Loss     : 0.5972	 | 	Valid Accuracy     : 0.7563

Epoch : 15
Train Loss     : 0.3885	 | 	Train Accuracy     : 0.8409
Valid Loss     : 0.6747	 | 	Valid Accuracy     : 0.7251

Epoch : 16
Train Loss     : 0.3728	 | 	Train Accuracy     : 0.8538
Valid Loss     : 0.6044	 | 	Valid Accuracy     : 0.7451

Epoch : 17
Train Loss     : 0.3547	 | 	Train Accuracy     : 0.8585
Valid Loss     : 0.6453	 | 	Valid Accuracy     : 0.7344

Epoch : 18
Train Loss     : 0.3441	 | 	Train Accuracy     : 0.8699
Valid Loss     : 0.6245	 | 	Valid Accuracy     : 0.7388

Epoch : 19
Train Loss     : 0.3343	 | 	Train Accuracy     : 0.8743
Valid Loss     : 0.6221	 | 	Valid Accuracy     : 0.7344

Epoch : 20
Train Loss     : 0.3369	 | 	Train Accuracy     : 0.8665
Valid Loss     : 0.6212	 | 	Valid Accuracy     : 0.7354

Epoch : 21
Train Loss     : 0.3374	 | 	Train Accuracy     : 0.8692
Valid Loss     : 0.6160	 | 	Valid Accuracy     : 0.7422

Epoch : 22
Train Loss     : 0.3346	 | 	Train Accuracy     : 0.8747
Valid Loss     : 0.6087	 | 	Valid Accuracy     : 0.7471

Epoch : 23
Train Loss     : 0.3322	 | 	Train Accuracy     : 0.8731
Valid Loss     : 0.6243	 | 	Valid Accuracy     : 0.7368

Epoch : 24
Train Loss     : 0.3357	 | 	Train Accuracy     : 0.8674
Valid Loss     : 0.6083	 | 	Valid Accuracy     : 0.7466

Epoch : 25
Train Loss     : 0.3327	 | 	Train Accuracy     : 0.8753
Valid Loss     : 0.6137	 | 	Valid Accuracy     : 0.7422

Epoch : 26
Train Loss     : 0.3362	 | 	Train Accuracy     : 0.8704
Valid Loss     : 0.6416	 | 	Valid Accuracy     : 0.7295

Epoch : 27
Train Loss     : 0.3331	 | 	Train Accuracy     : 0.8733
Valid Loss     : 0.6305	 | 	Valid Accuracy     : 0.7373

Epoch : 28
Train Loss     : 0.3388	 | 	Train Accuracy     : 0.8682
Valid Loss     : 0.6400	 | 	Valid Accuracy     : 0.7329

Epoch : 29
Train Loss     : 0.3337	 | 	Train Accuracy     : 0.8745
Valid Loss     : 0.6272	 | 	Valid Accuracy     : 0.7354

Epoch : 30
Train Loss     : 0.3340	 | 	Train Accuracy     : 0.8745
Valid Loss     : 0.6186	 | 	Valid Accuracy     : 0.7402

Evaluate on the Test set:
Test loss      :0.9841	 | Test Accuracy      : 0.6414 | Test AUPRC      : 0.4943
tensor([0.7250, 0.7786, 0.9881, 0.8686, 0.7965, 0.9545, 0.7929, 0.7115, 0.7949,
        0.8426, 0.7658, 0.8087, 0.8116, 0.8726, 0.6979, 0.7534, 0.8225, 0.7631,
        0.8748, 0.7878, 0.8539, 0.7188, 1.0346, 1.0650, 0.7868, 0.8008, 0.7458,
        0.8935, 0.6697, 0.6770, 0.7923, 0.8720, 0.8279, 0.7630, 0.8005, 0.7633,
        0.7774, 0.8322, 0.8384, 0.7305, 0.7568, 0.9468, 0.8981, 0.8148, 0.7658,
        0.6766, 0.7854, 0.8742, 0.7546, 0.6542, 0.6713, 0.7274, 0.6459, 0.8540,
        0.7303, 0.8790, 0.7931, 0.6987, 0.8608, 0.7266, 0.7319, 0.7858],
       device='cuda:0', grad_fn=<SqueezeBackward1>)

################## Training is Done! #########################
Training time is : 0:00:55.440299
