=============================================
Dataset: SEED
Method:  TS-TCC
Mode:    train_linear
=============================================
Data loaded ...
Training started ....

Epoch : 1
Train Loss     : 1.0045	 | 	Train Accuracy     : 0.5987
Valid Loss     : 2.5676	 | 	Valid Accuracy     : 0.3667

Epoch : 2
Train Loss     : 0.6255	 | 	Train Accuracy     : 0.7728
Valid Loss     : 1.1568	 | 	Valid Accuracy     : 0.3589

Epoch : 3
Train Loss     : 0.5438	 | 	Train Accuracy     : 0.7935
Valid Loss     : 0.9691	 | 	Valid Accuracy     : 0.5610

Epoch : 4
Train Loss     : 0.5117	 | 	Train Accuracy     : 0.7994
Valid Loss     : 0.9820	 | 	Valid Accuracy     : 0.6108

Epoch : 5
Train Loss     : 0.5035	 | 	Train Accuracy     : 0.8008
Valid Loss     : 1.0514	 | 	Valid Accuracy     : 0.6123

Epoch : 6
Train Loss     : 0.4947	 | 	Train Accuracy     : 0.8060
Valid Loss     : 1.0743	 | 	Valid Accuracy     : 0.6289

Epoch : 7
Train Loss     : 0.5063	 | 	Train Accuracy     : 0.7984
Valid Loss     : 0.9700	 | 	Valid Accuracy     : 0.6084

Epoch : 8
Train Loss     : 0.4994	 | 	Train Accuracy     : 0.8076
Valid Loss     : 1.0840	 | 	Valid Accuracy     : 0.6182

Epoch : 9
Train Loss     : 0.4908	 | 	Train Accuracy     : 0.8105
Valid Loss     : 1.0136	 | 	Valid Accuracy     : 0.5903

Epoch : 10
Train Loss     : 0.5103	 | 	Train Accuracy     : 0.8033
Valid Loss     : 1.1196	 | 	Valid Accuracy     : 0.6074

Epoch : 11
Train Loss     : 0.4692	 | 	Train Accuracy     : 0.8207
Valid Loss     : 1.0913	 | 	Valid Accuracy     : 0.6050

Epoch : 12
Train Loss     : 0.4783	 | 	Train Accuracy     : 0.8110
Valid Loss     : 1.0113	 | 	Valid Accuracy     : 0.6216

Epoch : 13
Train Loss     : 0.4632	 | 	Train Accuracy     : 0.8173
Valid Loss     : 1.0966	 | 	Valid Accuracy     : 0.5981

Epoch : 14
Train Loss     : 0.4674	 | 	Train Accuracy     : 0.8154
Valid Loss     : 1.2084	 | 	Valid Accuracy     : 0.6255

Epoch : 15
Train Loss     : 0.4401	 | 	Train Accuracy     : 0.8305
Valid Loss     : 1.1440	 | 	Valid Accuracy     : 0.6250

Epoch : 16
Train Loss     : 0.4367	 | 	Train Accuracy     : 0.8336
Valid Loss     : 1.1275	 | 	Valid Accuracy     : 0.6216

Epoch : 17
Train Loss     : 0.4316	 | 	Train Accuracy     : 0.8314
Valid Loss     : 1.1576	 | 	Valid Accuracy     : 0.6182

Epoch : 18
Train Loss     : 0.4331	 | 	Train Accuracy     : 0.8324
Valid Loss     : 1.0269	 | 	Valid Accuracy     : 0.6123

Epoch : 19
Train Loss     : 0.4364	 | 	Train Accuracy     : 0.8319
Valid Loss     : 1.1006	 | 	Valid Accuracy     : 0.6230

Epoch : 20
Train Loss     : 0.4340	 | 	Train Accuracy     : 0.8315
Valid Loss     : 1.1620	 | 	Valid Accuracy     : 0.6211

Epoch : 21
Train Loss     : 0.4301	 | 	Train Accuracy     : 0.8315
Valid Loss     : 1.1389	 | 	Valid Accuracy     : 0.6147

Epoch : 22
Train Loss     : 0.4329	 | 	Train Accuracy     : 0.8314
Valid Loss     : 1.0770	 | 	Valid Accuracy     : 0.6099

Epoch : 23
Train Loss     : 0.4242	 | 	Train Accuracy     : 0.8385
Valid Loss     : 1.0809	 | 	Valid Accuracy     : 0.6108

Epoch : 24
Train Loss     : 0.4313	 | 	Train Accuracy     : 0.8353
Valid Loss     : 1.1250	 | 	Valid Accuracy     : 0.6060

Epoch : 25
Train Loss     : 0.4306	 | 	Train Accuracy     : 0.8337
Valid Loss     : 1.1042	 | 	Valid Accuracy     : 0.6196

Epoch : 26
Train Loss     : 0.4256	 | 	Train Accuracy     : 0.8341
Valid Loss     : 1.0838	 | 	Valid Accuracy     : 0.6245

Epoch : 27
Train Loss     : 0.4234	 | 	Train Accuracy     : 0.8414
Valid Loss     : 1.0982	 | 	Valid Accuracy     : 0.6177

Epoch : 28
Train Loss     : 0.4277	 | 	Train Accuracy     : 0.8356
Valid Loss     : 1.0898	 | 	Valid Accuracy     : 0.6113

Epoch : 29
Train Loss     : 0.4264	 | 	Train Accuracy     : 0.8363
Valid Loss     : 1.1050	 | 	Valid Accuracy     : 0.6157

Epoch : 30
Train Loss     : 0.4232	 | 	Train Accuracy     : 0.8336
Valid Loss     : 1.0695	 | 	Valid Accuracy     : 0.6118

Evaluate on the Test set:
Test loss      :0.8347	 | Test Accuracy      : 0.6976 | Test AUPRC      : 0.5588

################## Training is Done! #########################
Training time is : 0:00:58.551881
