=============================================
Dataset: SEED
Method:  TS-TCC
Mode:    train_linear
=============================================
Data loaded ...
Subjet 11
Training started ....

Epoch : 1
Train Loss     : 0.8719	 | 	Train Accuracy     : 0.6296
Valid Loss     : 2.5246	 | 	Valid Accuracy     : 0.3472

Epoch : 2
Train Loss     : 0.4802	 | 	Train Accuracy     : 0.8023
Valid Loss     : 1.0645	 | 	Valid Accuracy     : 0.5859

Epoch : 3
Train Loss     : 0.4158	 | 	Train Accuracy     : 0.8368
Valid Loss     : 0.5855	 | 	Valid Accuracy     : 0.7227

Epoch : 4
Train Loss     : 0.3839	 | 	Train Accuracy     : 0.8522
Valid Loss     : 0.4270	 | 	Valid Accuracy     : 0.7944

Epoch : 5
Train Loss     : 0.3702	 | 	Train Accuracy     : 0.8638
Valid Loss     : 0.4319	 | 	Valid Accuracy     : 0.7979

Epoch : 6
Train Loss     : 0.3504	 | 	Train Accuracy     : 0.8668
Valid Loss     : 0.4342	 | 	Valid Accuracy     : 0.7993

Epoch : 7
Train Loss     : 0.3382	 | 	Train Accuracy     : 0.8730
Valid Loss     : 0.4677	 | 	Valid Accuracy     : 0.7856

Epoch : 8
Train Loss     : 0.3399	 | 	Train Accuracy     : 0.8633
Valid Loss     : 0.4960	 | 	Valid Accuracy     : 0.7876

Epoch : 9
Train Loss     : 0.3555	 | 	Train Accuracy     : 0.8524
Valid Loss     : 0.4306	 | 	Valid Accuracy     : 0.7935

Epoch : 10
Train Loss     : 0.3371	 | 	Train Accuracy     : 0.8723
Valid Loss     : 0.4219	 | 	Valid Accuracy     : 0.8013

Epoch : 11
Train Loss     : 0.3444	 | 	Train Accuracy     : 0.8607
Valid Loss     : 0.4837	 | 	Valid Accuracy     : 0.7905

Epoch : 12
Train Loss     : 0.3322	 | 	Train Accuracy     : 0.8675
Valid Loss     : 0.4154	 | 	Valid Accuracy     : 0.8052

Epoch : 13
Train Loss     : 0.3153	 | 	Train Accuracy     : 0.8767
Valid Loss     : 0.4371	 | 	Valid Accuracy     : 0.8018

Epoch : 14
Train Loss     : 0.3145	 | 	Train Accuracy     : 0.8796
Valid Loss     : 0.4824	 | 	Valid Accuracy     : 0.7935

Epoch : 15
Train Loss     : 0.3126	 | 	Train Accuracy     : 0.8755
Valid Loss     : 0.5443	 | 	Valid Accuracy     : 0.7661

Epoch : 16
Train Loss     : 0.3184	 | 	Train Accuracy     : 0.8760
Valid Loss     : 0.4259	 | 	Valid Accuracy     : 0.8086

Epoch : 17
Train Loss     : 0.3013	 | 	Train Accuracy     : 0.8843
Valid Loss     : 0.5059	 | 	Valid Accuracy     : 0.7896

Epoch : 18
Train Loss     : 0.2998	 | 	Train Accuracy     : 0.8855
Valid Loss     : 0.4515	 | 	Valid Accuracy     : 0.7993

Epoch : 19
Train Loss     : 0.3290	 | 	Train Accuracy     : 0.8684
Valid Loss     : 0.4374	 | 	Valid Accuracy     : 0.7939

Epoch : 20
Train Loss     : 0.3119	 | 	Train Accuracy     : 0.8784
Valid Loss     : 0.5004	 | 	Valid Accuracy     : 0.7891

Epoch : 21
Train Loss     : 0.3136	 | 	Train Accuracy     : 0.8747
Valid Loss     : 0.5440	 | 	Valid Accuracy     : 0.7773

Epoch : 22
Train Loss     : 0.3138	 | 	Train Accuracy     : 0.8748
Valid Loss     : 0.4322	 | 	Valid Accuracy     : 0.8022

Epoch : 23
Train Loss     : 0.3147	 | 	Train Accuracy     : 0.8755
Valid Loss     : 0.4625	 | 	Valid Accuracy     : 0.7866

Epoch : 24
Train Loss     : 0.2883	 | 	Train Accuracy     : 0.8886
Valid Loss     : 0.4588	 | 	Valid Accuracy     : 0.7925

Epoch : 25
Train Loss     : 0.2877	 | 	Train Accuracy     : 0.8886
Valid Loss     : 0.4936	 | 	Valid Accuracy     : 0.7871

Epoch : 26
Train Loss     : 0.2898	 | 	Train Accuracy     : 0.8874
Valid Loss     : 0.4899	 | 	Valid Accuracy     : 0.7935

Epoch : 27
Train Loss     : 0.2816	 | 	Train Accuracy     : 0.8905
Valid Loss     : 0.4776	 | 	Valid Accuracy     : 0.7852

Epoch : 28
Train Loss     : 0.2859	 | 	Train Accuracy     : 0.8906
Valid Loss     : 0.4564	 | 	Valid Accuracy     : 0.7964

Epoch : 29
Train Loss     : 0.2833	 | 	Train Accuracy     : 0.8937
Valid Loss     : 0.4733	 | 	Valid Accuracy     : 0.7847

Epoch : 30
Train Loss     : 0.2868	 | 	Train Accuracy     : 0.8923
Valid Loss     : 0.4494	 | 	Valid Accuracy     : 0.7993

Evaluate on the Test set:
Test loss      :0.6193	 | Test Accuracy      : 0.8146 | Test AUPRC      : 0.5701
tensor([0.6898, 0.8356, 0.9317, 0.8461, 0.6767, 0.9332, 0.6588, 0.7062, 0.7399,
        0.7375, 0.5709, 0.6934, 0.7565, 0.5888, 0.6331, 0.7220, 0.7210, 0.5853,
        0.7574, 0.6135, 0.8158, 0.6754, 1.0219, 0.9422, 0.6545, 0.7149, 0.7421,
        0.8884, 0.6022, 0.5841, 0.7710, 0.9702, 0.8479, 0.6865, 0.7845, 0.6993,
        0.7525, 0.6320, 0.7259, 0.9101, 0.7764, 0.7803, 0.8012, 0.7041, 0.5912,
        0.6375, 0.7796, 0.8440, 0.6970, 0.5727, 0.8271, 0.8619, 0.5400, 0.8962,
        0.7084, 0.7000, 0.7229, 0.8001, 0.9851, 0.7731, 0.7238, 0.7526],
       device='cuda:0', grad_fn=<SqueezeBackward1>)

################## Training is Done! #########################
Training time is : 0:00:57.220561
