=============================================
Dataset: SEED
Method:  TS-TCC
Mode:    train_linear
=============================================
Data loaded ...
Training started ....

Epoch : 1
Train Loss     : 1.0930	 | 	Train Accuracy     : 0.5642
Valid Loss     : 1.8262	 | 	Valid Accuracy     : 0.3784

Epoch : 2
Train Loss     : 0.5771	 | 	Train Accuracy     : 0.7582
Valid Loss     : 0.8136	 | 	Valid Accuracy     : 0.6533

Epoch : 3
Train Loss     : 0.4687	 | 	Train Accuracy     : 0.8077
Valid Loss     : 0.5612	 | 	Valid Accuracy     : 0.7520

Epoch : 4
Train Loss     : 0.4331	 | 	Train Accuracy     : 0.8256
Valid Loss     : 0.4676	 | 	Valid Accuracy     : 0.8101

Epoch : 5
Train Loss     : 0.4072	 | 	Train Accuracy     : 0.8358
Valid Loss     : 0.4991	 | 	Valid Accuracy     : 0.7959

Epoch : 6
Train Loss     : 0.4023	 | 	Train Accuracy     : 0.8373
Valid Loss     : 0.4804	 | 	Valid Accuracy     : 0.8008

Epoch : 7
Train Loss     : 0.3880	 | 	Train Accuracy     : 0.8353
Valid Loss     : 0.4734	 | 	Valid Accuracy     : 0.8091

Epoch : 8
Train Loss     : 0.3961	 | 	Train Accuracy     : 0.8334
Valid Loss     : 0.4969	 | 	Valid Accuracy     : 0.7783

Epoch : 9
Train Loss     : 0.3769	 | 	Train Accuracy     : 0.8402
Valid Loss     : 0.4749	 | 	Valid Accuracy     : 0.7876

Epoch : 10
Train Loss     : 0.3797	 | 	Train Accuracy     : 0.8424
Valid Loss     : 0.4679	 | 	Valid Accuracy     : 0.8066

Epoch : 11
Train Loss     : 0.3582	 | 	Train Accuracy     : 0.8529
Valid Loss     : 0.4446	 | 	Valid Accuracy     : 0.8188

Epoch : 12
Train Loss     : 0.3647	 | 	Train Accuracy     : 0.8492
Valid Loss     : 0.5074	 | 	Valid Accuracy     : 0.7812

Epoch : 13
Train Loss     : 0.3568	 | 	Train Accuracy     : 0.8536
Valid Loss     : 0.4308	 | 	Valid Accuracy     : 0.8203

Epoch : 14
Train Loss     : 0.3480	 | 	Train Accuracy     : 0.8543
Valid Loss     : 0.5570	 | 	Valid Accuracy     : 0.7773

Epoch : 15
Train Loss     : 0.3691	 | 	Train Accuracy     : 0.8495
Valid Loss     : 0.4618	 | 	Valid Accuracy     : 0.8047

Epoch : 16
Train Loss     : 0.3600	 | 	Train Accuracy     : 0.8492
Valid Loss     : 0.4332	 | 	Valid Accuracy     : 0.8125

Epoch : 17
Train Loss     : 0.3567	 | 	Train Accuracy     : 0.8478
Valid Loss     : 0.4830	 | 	Valid Accuracy     : 0.8008

Epoch : 18
Train Loss     : 0.3297	 | 	Train Accuracy     : 0.8612
Valid Loss     : 0.4532	 | 	Valid Accuracy     : 0.8125

Epoch : 19
Train Loss     : 0.3268	 | 	Train Accuracy     : 0.8702
Valid Loss     : 0.4800	 | 	Valid Accuracy     : 0.7925

Epoch : 20
Train Loss     : 0.3181	 | 	Train Accuracy     : 0.8728
Valid Loss     : 0.4749	 | 	Valid Accuracy     : 0.8027

Epoch : 21
Train Loss     : 0.3379	 | 	Train Accuracy     : 0.8604
Valid Loss     : 0.5329	 | 	Valid Accuracy     : 0.7686

Epoch : 22
Train Loss     : 0.3539	 | 	Train Accuracy     : 0.8548
Valid Loss     : 0.6108	 | 	Valid Accuracy     : 0.7393

Epoch : 23
Train Loss     : 0.3573	 | 	Train Accuracy     : 0.8502
Valid Loss     : 0.4722	 | 	Valid Accuracy     : 0.8115

Epoch : 24
Train Loss     : 0.3176	 | 	Train Accuracy     : 0.8667
Valid Loss     : 0.4509	 | 	Valid Accuracy     : 0.8076

Epoch : 25
Train Loss     : 0.3026	 | 	Train Accuracy     : 0.8789
Valid Loss     : 0.4574	 | 	Valid Accuracy     : 0.8105

Epoch : 26
Train Loss     : 0.3017	 | 	Train Accuracy     : 0.8813
Valid Loss     : 0.4570	 | 	Valid Accuracy     : 0.8101

Epoch : 27
Train Loss     : 0.3014	 | 	Train Accuracy     : 0.8764
Valid Loss     : 0.4549	 | 	Valid Accuracy     : 0.8110

Epoch : 28
Train Loss     : 0.3002	 | 	Train Accuracy     : 0.8770
Valid Loss     : 0.4621	 | 	Valid Accuracy     : 0.8071

Epoch : 29
Train Loss     : 0.2964	 | 	Train Accuracy     : 0.8818
Valid Loss     : 0.4546	 | 	Valid Accuracy     : 0.8101

Epoch : 30
Train Loss     : 0.3049	 | 	Train Accuracy     : 0.8753
Valid Loss     : 0.4697	 | 	Valid Accuracy     : 0.8027

Evaluate on the Test set:
Test loss      :0.8171	 | Test Accuracy      : 0.6613 | Test AUPRC      : 0.5720

################## Training is Done! #########################
Training time is : 0:00:57.770755
