=============================================
Dataset: SEED
Method:  TS-TCC
Mode:    train_linear
=============================================
Data loaded ...
Subjet 6
Training started ....

Epoch : 1
Train Loss     : 0.9621	 | 	Train Accuracy     : 0.5785
Valid Loss     : 0.8720	 | 	Valid Accuracy     : 0.5435

Epoch : 2
Train Loss     : 0.5775	 | 	Train Accuracy     : 0.7612
Valid Loss     : 0.6040	 | 	Valid Accuracy     : 0.7236

Epoch : 3
Train Loss     : 0.5132	 | 	Train Accuracy     : 0.8035
Valid Loss     : 0.4576	 | 	Valid Accuracy     : 0.7979

Epoch : 4
Train Loss     : 0.4894	 | 	Train Accuracy     : 0.8094
Valid Loss     : 0.4078	 | 	Valid Accuracy     : 0.8599

Epoch : 5
Train Loss     : 0.4710	 | 	Train Accuracy     : 0.8140
Valid Loss     : 0.4487	 | 	Valid Accuracy     : 0.8145

Epoch : 6
Train Loss     : 0.4490	 | 	Train Accuracy     : 0.8274
Valid Loss     : 0.4476	 | 	Valid Accuracy     : 0.8252

Epoch : 7
Train Loss     : 0.4362	 | 	Train Accuracy     : 0.8329
Valid Loss     : 0.5315	 | 	Valid Accuracy     : 0.7852

Epoch : 8
Train Loss     : 0.4400	 | 	Train Accuracy     : 0.8278
Valid Loss     : 0.5771	 | 	Valid Accuracy     : 0.7617

Epoch : 9
Train Loss     : 0.4293	 | 	Train Accuracy     : 0.8354
Valid Loss     : 0.4351	 | 	Valid Accuracy     : 0.8477

Epoch : 10
Train Loss     : 0.4185	 | 	Train Accuracy     : 0.8339
Valid Loss     : 0.5002	 | 	Valid Accuracy     : 0.8198

Epoch : 11
Train Loss     : 0.4321	 | 	Train Accuracy     : 0.8307
Valid Loss     : 0.4967	 | 	Valid Accuracy     : 0.8252

Epoch : 12
Train Loss     : 0.4162	 | 	Train Accuracy     : 0.8363
Valid Loss     : 0.4467	 | 	Valid Accuracy     : 0.8433

Epoch : 13
Train Loss     : 0.4221	 | 	Train Accuracy     : 0.8346
Valid Loss     : 0.4823	 | 	Valid Accuracy     : 0.8389

Epoch : 14
Train Loss     : 0.4144	 | 	Train Accuracy     : 0.8347
Valid Loss     : 0.5038	 | 	Valid Accuracy     : 0.8179

Epoch : 15
Train Loss     : 0.4161	 | 	Train Accuracy     : 0.8395
Valid Loss     : 0.6326	 | 	Valid Accuracy     : 0.7573

Epoch : 16
Train Loss     : 0.4030	 | 	Train Accuracy     : 0.8454
Valid Loss     : 0.5492	 | 	Valid Accuracy     : 0.8052

Epoch : 17
Train Loss     : 0.3835	 | 	Train Accuracy     : 0.8573
Valid Loss     : 0.5039	 | 	Valid Accuracy     : 0.8267

Epoch : 18
Train Loss     : 0.3910	 | 	Train Accuracy     : 0.8490
Valid Loss     : 0.5192	 | 	Valid Accuracy     : 0.8223

Epoch : 19
Train Loss     : 0.3855	 | 	Train Accuracy     : 0.8504
Valid Loss     : 0.5263	 | 	Valid Accuracy     : 0.8120

Epoch : 20
Train Loss     : 0.3875	 | 	Train Accuracy     : 0.8529
Valid Loss     : 0.5616	 | 	Valid Accuracy     : 0.7939

Epoch : 21
Train Loss     : 0.3808	 | 	Train Accuracy     : 0.8517
Valid Loss     : 0.5355	 | 	Valid Accuracy     : 0.8096

Epoch : 22
Train Loss     : 0.3800	 | 	Train Accuracy     : 0.8551
Valid Loss     : 0.5210	 | 	Valid Accuracy     : 0.8232

Epoch : 23
Train Loss     : 0.3885	 | 	Train Accuracy     : 0.8514
Valid Loss     : 0.5541	 | 	Valid Accuracy     : 0.7954

Epoch : 24
Train Loss     : 0.3822	 | 	Train Accuracy     : 0.8560
Valid Loss     : 0.5221	 | 	Valid Accuracy     : 0.8188

Epoch : 25
Train Loss     : 0.3807	 | 	Train Accuracy     : 0.8599
Valid Loss     : 0.5188	 | 	Valid Accuracy     : 0.8223

Epoch : 26
Train Loss     : 0.3830	 | 	Train Accuracy     : 0.8531
Valid Loss     : 0.5339	 | 	Valid Accuracy     : 0.8076

Epoch : 27
Train Loss     : 0.3830	 | 	Train Accuracy     : 0.8568
Valid Loss     : 0.5350	 | 	Valid Accuracy     : 0.8062

Epoch : 28
Train Loss     : 0.3779	 | 	Train Accuracy     : 0.8577
Valid Loss     : 0.5267	 | 	Valid Accuracy     : 0.8198

Epoch : 29
Train Loss     : 0.3777	 | 	Train Accuracy     : 0.8548
Valid Loss     : 0.5130	 | 	Valid Accuracy     : 0.8242

Epoch : 30
Train Loss     : 0.3796	 | 	Train Accuracy     : 0.8531
Valid Loss     : 0.5498	 | 	Valid Accuracy     : 0.8042

Evaluate on the Test set:
Test loss      :0.9317	 | Test Accuracy      : 0.6774 | Test AUPRC      : 0.5294
tensor([0.8768, 0.8989, 0.9200, 0.9669, 0.7256, 0.9428, 0.7575, 0.6991, 0.8345,
        0.7817, 0.7787, 0.7136, 0.8313, 0.7787, 0.8144, 0.7864, 0.8462, 0.7718,
        0.7741, 0.8201, 0.7685, 0.7440, 0.9544, 1.0324, 0.7075, 0.7246, 0.7368,
        0.9011, 0.7693, 0.8146, 0.8204, 1.0109, 0.9286, 0.8445, 0.8513, 0.7768,
        0.7824, 0.7369, 0.7133, 0.8293, 0.7345, 0.9294, 0.8563, 0.7248, 0.8917,
        0.6965, 0.8102, 0.7649, 0.8291, 0.7185, 0.8224, 0.8199, 0.6831, 0.8668,
        0.7812, 0.7260, 0.6924, 0.7442, 0.7650, 0.7416, 0.8201, 0.8539],
       device='cuda:0', grad_fn=<SqueezeBackward1>)

################## Training is Done! #########################
Training time is : 0:00:59.549429
