=============================================
Dataset: SEED
Method:  TS-TCC
Mode:    train_linear
=============================================
Data loaded ...
Training started ....

Epoch : 1
Train Loss     : 0.9113	 | 	Train Accuracy     : 0.6011
Valid Loss     : 2.9375	 | 	Valid Accuracy     : 0.3447

Epoch : 2
Train Loss     : 0.5140	 | 	Train Accuracy     : 0.7824
Valid Loss     : 0.7417	 | 	Valid Accuracy     : 0.6494

Epoch : 3
Train Loss     : 0.4190	 | 	Train Accuracy     : 0.8319
Valid Loss     : 0.4583	 | 	Valid Accuracy     : 0.7822

Epoch : 4
Train Loss     : 0.3941	 | 	Train Accuracy     : 0.8468
Valid Loss     : 0.4559	 | 	Valid Accuracy     : 0.7871

Epoch : 5
Train Loss     : 0.3679	 | 	Train Accuracy     : 0.8599
Valid Loss     : 0.4304	 | 	Valid Accuracy     : 0.8096

Epoch : 6
Train Loss     : 0.3624	 | 	Train Accuracy     : 0.8587
Valid Loss     : 0.5039	 | 	Valid Accuracy     : 0.7769

Epoch : 7
Train Loss     : 0.3475	 | 	Train Accuracy     : 0.8689
Valid Loss     : 0.4462	 | 	Valid Accuracy     : 0.8008

Epoch : 8
Train Loss     : 0.3475	 | 	Train Accuracy     : 0.8658
Valid Loss     : 0.5184	 | 	Valid Accuracy     : 0.7793

Epoch : 9
Train Loss     : 0.3423	 | 	Train Accuracy     : 0.8638
Valid Loss     : 0.4787	 | 	Valid Accuracy     : 0.7876

Epoch : 10
Train Loss     : 0.3374	 | 	Train Accuracy     : 0.8704
Valid Loss     : 0.4351	 | 	Valid Accuracy     : 0.8066

Epoch : 11
Train Loss     : 0.3182	 | 	Train Accuracy     : 0.8775
Valid Loss     : 0.4438	 | 	Valid Accuracy     : 0.7983

Epoch : 12
Train Loss     : 0.3227	 | 	Train Accuracy     : 0.8740
Valid Loss     : 0.5981	 | 	Valid Accuracy     : 0.7627

Epoch : 13
Train Loss     : 0.3204	 | 	Train Accuracy     : 0.8743
Valid Loss     : 0.4557	 | 	Valid Accuracy     : 0.7886

Epoch : 14
Train Loss     : 0.3204	 | 	Train Accuracy     : 0.8731
Valid Loss     : 0.4982	 | 	Valid Accuracy     : 0.7886

Epoch : 15
Train Loss     : 0.3306	 | 	Train Accuracy     : 0.8738
Valid Loss     : 0.4428	 | 	Valid Accuracy     : 0.8003

Epoch : 16
Train Loss     : 0.3294	 | 	Train Accuracy     : 0.8653
Valid Loss     : 0.4646	 | 	Valid Accuracy     : 0.7896

Epoch : 17
Train Loss     : 0.2932	 | 	Train Accuracy     : 0.8833
Valid Loss     : 0.4506	 | 	Valid Accuracy     : 0.8008

Epoch : 18
Train Loss     : 0.2938	 | 	Train Accuracy     : 0.8893
Valid Loss     : 0.5090	 | 	Valid Accuracy     : 0.7866

Epoch : 19
Train Loss     : 0.2930	 | 	Train Accuracy     : 0.8877
Valid Loss     : 0.4574	 | 	Valid Accuracy     : 0.7925

Epoch : 20
Train Loss     : 0.2872	 | 	Train Accuracy     : 0.8918
Valid Loss     : 0.4610	 | 	Valid Accuracy     : 0.7939

Epoch : 21
Train Loss     : 0.2865	 | 	Train Accuracy     : 0.8879
Valid Loss     : 0.4816	 | 	Valid Accuracy     : 0.7905

Epoch : 22
Train Loss     : 0.2918	 | 	Train Accuracy     : 0.8862
Valid Loss     : 0.4848	 | 	Valid Accuracy     : 0.7910

Epoch : 23
Train Loss     : 0.2857	 | 	Train Accuracy     : 0.8906
Valid Loss     : 0.4684	 | 	Valid Accuracy     : 0.7959

Epoch : 24
Train Loss     : 0.2845	 | 	Train Accuracy     : 0.8906
Valid Loss     : 0.4824	 | 	Valid Accuracy     : 0.7871

Epoch : 25
Train Loss     : 0.2907	 | 	Train Accuracy     : 0.8932
Valid Loss     : 0.4565	 | 	Valid Accuracy     : 0.7920

Epoch : 26
Train Loss     : 0.2901	 | 	Train Accuracy     : 0.8889
Valid Loss     : 0.4531	 | 	Valid Accuracy     : 0.7935

Epoch : 27
Train Loss     : 0.2894	 | 	Train Accuracy     : 0.8911
Valid Loss     : 0.4604	 | 	Valid Accuracy     : 0.7920

Epoch : 28
Train Loss     : 0.2849	 | 	Train Accuracy     : 0.8896
Valid Loss     : 0.4668	 | 	Valid Accuracy     : 0.7944

Epoch : 29
Train Loss     : 0.2863	 | 	Train Accuracy     : 0.8932
Valid Loss     : 0.4666	 | 	Valid Accuracy     : 0.7939

Epoch : 30
Train Loss     : 0.2873	 | 	Train Accuracy     : 0.8901
Valid Loss     : 0.4743	 | 	Valid Accuracy     : 0.7915

Evaluate on the Test set:
Test loss      :0.6377	 | Test Accuracy      : 0.8125 | Test AUPRC      : 0.5673

################## Training is Done! #########################
Training time is : 0:01:01.410255
