=============================================
Dataset: SEED
Method:  TS-TCC
Mode:    train_linear
=============================================
Data loaded ...
Training started ....

Epoch : 1
Train Loss     : 0.8392	 | 	Train Accuracy     : 0.6534
Valid Loss     : 0.8337	 | 	Valid Accuracy     : 0.6084

Epoch : 2
Train Loss     : 0.4782	 | 	Train Accuracy     : 0.8050
Valid Loss     : 0.5301	 | 	Valid Accuracy     : 0.7563

Epoch : 3
Train Loss     : 0.3879	 | 	Train Accuracy     : 0.8516
Valid Loss     : 0.4703	 | 	Valid Accuracy     : 0.7837

Epoch : 4
Train Loss     : 0.3801	 | 	Train Accuracy     : 0.8453
Valid Loss     : 0.5047	 | 	Valid Accuracy     : 0.7705

Epoch : 5
Train Loss     : 0.3448	 | 	Train Accuracy     : 0.8665
Valid Loss     : 0.4741	 | 	Valid Accuracy     : 0.7720

Epoch : 6
Train Loss     : 0.3378	 | 	Train Accuracy     : 0.8677
Valid Loss     : 0.4661	 | 	Valid Accuracy     : 0.7832

Epoch : 7
Train Loss     : 0.3378	 | 	Train Accuracy     : 0.8650
Valid Loss     : 0.4947	 | 	Valid Accuracy     : 0.7656

Epoch : 8
Train Loss     : 0.3385	 | 	Train Accuracy     : 0.8626
Valid Loss     : 0.5731	 | 	Valid Accuracy     : 0.7524

Epoch : 9
Train Loss     : 0.3304	 | 	Train Accuracy     : 0.8631
Valid Loss     : 0.6029	 | 	Valid Accuracy     : 0.7461

Epoch : 10
Train Loss     : 0.3186	 | 	Train Accuracy     : 0.8725
Valid Loss     : 0.4820	 | 	Valid Accuracy     : 0.7759

Epoch : 11
Train Loss     : 0.3095	 | 	Train Accuracy     : 0.8750
Valid Loss     : 0.5410	 | 	Valid Accuracy     : 0.7534

Epoch : 12
Train Loss     : 0.2986	 | 	Train Accuracy     : 0.8825
Valid Loss     : 0.5635	 | 	Valid Accuracy     : 0.7510

Epoch : 13
Train Loss     : 0.2992	 | 	Train Accuracy     : 0.8792
Valid Loss     : 0.5798	 | 	Valid Accuracy     : 0.7432

Epoch : 14
Train Loss     : 0.3023	 | 	Train Accuracy     : 0.8764
Valid Loss     : 0.5602	 | 	Valid Accuracy     : 0.7456

Epoch : 15
Train Loss     : 0.3168	 | 	Train Accuracy     : 0.8694
Valid Loss     : 0.4937	 | 	Valid Accuracy     : 0.7710

Epoch : 16
Train Loss     : 0.3284	 | 	Train Accuracy     : 0.8612
Valid Loss     : 0.4871	 | 	Valid Accuracy     : 0.7749

Epoch : 17
Train Loss     : 0.3265	 | 	Train Accuracy     : 0.8628
Valid Loss     : 0.6702	 | 	Valid Accuracy     : 0.7412

Epoch : 18
Train Loss     : 0.2799	 | 	Train Accuracy     : 0.8881
Valid Loss     : 0.6192	 | 	Valid Accuracy     : 0.7476

Epoch : 19
Train Loss     : 0.2727	 | 	Train Accuracy     : 0.8939
Valid Loss     : 0.5629	 | 	Valid Accuracy     : 0.7510

Epoch : 20
Train Loss     : 0.2663	 | 	Train Accuracy     : 0.8976
Valid Loss     : 0.5453	 | 	Valid Accuracy     : 0.7544

Epoch : 21
Train Loss     : 0.2677	 | 	Train Accuracy     : 0.8954
Valid Loss     : 0.5560	 | 	Valid Accuracy     : 0.7510

Epoch : 22
Train Loss     : 0.2652	 | 	Train Accuracy     : 0.8932
Valid Loss     : 0.5609	 | 	Valid Accuracy     : 0.7520

Epoch : 23
Train Loss     : 0.2641	 | 	Train Accuracy     : 0.8959
Valid Loss     : 0.5582	 | 	Valid Accuracy     : 0.7524

Epoch : 24
Train Loss     : 0.2641	 | 	Train Accuracy     : 0.8971
Valid Loss     : 0.5624	 | 	Valid Accuracy     : 0.7476

Epoch : 25
Train Loss     : 0.2681	 | 	Train Accuracy     : 0.8928
Valid Loss     : 0.5586	 | 	Valid Accuracy     : 0.7520

Epoch : 26
Train Loss     : 0.2686	 | 	Train Accuracy     : 0.8952
Valid Loss     : 0.5177	 | 	Valid Accuracy     : 0.7612

Epoch : 27
Train Loss     : 0.2712	 | 	Train Accuracy     : 0.8889
Valid Loss     : 0.5554	 | 	Valid Accuracy     : 0.7505

Epoch : 28
Train Loss     : 0.2668	 | 	Train Accuracy     : 0.8950
Valid Loss     : 0.5544	 | 	Valid Accuracy     : 0.7544

Epoch : 29
Train Loss     : 0.2650	 | 	Train Accuracy     : 0.8959
Valid Loss     : 0.5424	 | 	Valid Accuracy     : 0.7544

Epoch : 30
Train Loss     : 0.2637	 | 	Train Accuracy     : 0.8954
Valid Loss     : 0.5555	 | 	Valid Accuracy     : 0.7539

Evaluate on the Test set:
Test loss      :0.6172	 | Test Accuracy      : 0.7541 | Test AUPRC      : 0.6138

################## Training is Done! #########################
Training time is : 0:01:04.671997
