=============================================
Dataset: SEED
Method:  TS-TCC
Mode:    train_linear
=============================================
Data loaded ...
Subjet 15
Training started ....

Epoch : 1
Train Loss     : 0.7504	 | 	Train Accuracy     : 0.6933
Valid Loss     : 1.2934	 | 	Valid Accuracy     : 0.4023

Epoch : 2
Train Loss     : 0.2992	 | 	Train Accuracy     : 0.8872
Valid Loss     : 0.6490	 | 	Valid Accuracy     : 0.6587

Epoch : 3
Train Loss     : 0.2128	 | 	Train Accuracy     : 0.9331
Valid Loss     : 0.3288	 | 	Valid Accuracy     : 0.8569

Epoch : 4
Train Loss     : 0.1903	 | 	Train Accuracy     : 0.9389
Valid Loss     : 0.2017	 | 	Valid Accuracy     : 0.9355

Epoch : 5
Train Loss     : 0.1738	 | 	Train Accuracy     : 0.9445
Valid Loss     : 0.2151	 | 	Valid Accuracy     : 0.9243

Epoch : 6
Train Loss     : 0.1613	 | 	Train Accuracy     : 0.9453
Valid Loss     : 0.2670	 | 	Valid Accuracy     : 0.9204

Epoch : 7
Train Loss     : 0.1549	 | 	Train Accuracy     : 0.9501
Valid Loss     : 0.1892	 | 	Valid Accuracy     : 0.9419

Epoch : 8
Train Loss     : 0.1632	 | 	Train Accuracy     : 0.9387
Valid Loss     : 0.1809	 | 	Valid Accuracy     : 0.9458

Epoch : 9
Train Loss     : 0.1416	 | 	Train Accuracy     : 0.9531
Valid Loss     : 0.2131	 | 	Valid Accuracy     : 0.9390

Epoch : 10
Train Loss     : 0.1322	 | 	Train Accuracy     : 0.9565
Valid Loss     : 0.1645	 | 	Valid Accuracy     : 0.9585

Epoch : 11
Train Loss     : 0.1367	 | 	Train Accuracy     : 0.9545
Valid Loss     : 0.2458	 | 	Valid Accuracy     : 0.9409

Epoch : 12
Train Loss     : 0.1350	 | 	Train Accuracy     : 0.9521
Valid Loss     : 0.1612	 | 	Valid Accuracy     : 0.9639

Epoch : 13
Train Loss     : 0.1320	 | 	Train Accuracy     : 0.9530
Valid Loss     : 0.2413	 | 	Valid Accuracy     : 0.9277

Epoch : 14
Train Loss     : 0.1189	 | 	Train Accuracy     : 0.9596
Valid Loss     : 0.2775	 | 	Valid Accuracy     : 0.9282

Epoch : 15
Train Loss     : 0.1158	 | 	Train Accuracy     : 0.9618
Valid Loss     : 0.2436	 | 	Valid Accuracy     : 0.9395

Epoch : 16
Train Loss     : 0.1139	 | 	Train Accuracy     : 0.9625
Valid Loss     : 0.2624	 | 	Valid Accuracy     : 0.9268

Epoch : 17
Train Loss     : 0.1187	 | 	Train Accuracy     : 0.9560
Valid Loss     : 0.3228	 | 	Valid Accuracy     : 0.9312

Epoch : 18
Train Loss     : 0.1161	 | 	Train Accuracy     : 0.9594
Valid Loss     : 0.1942	 | 	Valid Accuracy     : 0.9546

Epoch : 19
Train Loss     : 0.1276	 | 	Train Accuracy     : 0.9533
Valid Loss     : 0.3160	 | 	Valid Accuracy     : 0.9189

Epoch : 20
Train Loss     : 0.1173	 | 	Train Accuracy     : 0.9584
Valid Loss     : 0.2573	 | 	Valid Accuracy     : 0.9355

Epoch : 21
Train Loss     : 0.1104	 | 	Train Accuracy     : 0.9631
Valid Loss     : 0.2326	 | 	Valid Accuracy     : 0.9375

Epoch : 22
Train Loss     : 0.1033	 | 	Train Accuracy     : 0.9633
Valid Loss     : 0.2226	 | 	Valid Accuracy     : 0.9448

Epoch : 23
Train Loss     : 0.1060	 | 	Train Accuracy     : 0.9628
Valid Loss     : 0.2856	 | 	Valid Accuracy     : 0.9277

Epoch : 24
Train Loss     : 0.1011	 | 	Train Accuracy     : 0.9648
Valid Loss     : 0.2382	 | 	Valid Accuracy     : 0.9365

Epoch : 25
Train Loss     : 0.1008	 | 	Train Accuracy     : 0.9688
Valid Loss     : 0.2586	 | 	Valid Accuracy     : 0.9321

Epoch : 26
Train Loss     : 0.0987	 | 	Train Accuracy     : 0.9684
Valid Loss     : 0.2511	 | 	Valid Accuracy     : 0.9355

Epoch : 27
Train Loss     : 0.0988	 | 	Train Accuracy     : 0.9672
Valid Loss     : 0.2425	 | 	Valid Accuracy     : 0.9385

Epoch : 28
Train Loss     : 0.0966	 | 	Train Accuracy     : 0.9677
Valid Loss     : 0.2291	 | 	Valid Accuracy     : 0.9399

Epoch : 29
Train Loss     : 0.0976	 | 	Train Accuracy     : 0.9677
Valid Loss     : 0.2328	 | 	Valid Accuracy     : 0.9419

Epoch : 30
Train Loss     : 0.1010	 | 	Train Accuracy     : 0.9657
Valid Loss     : 0.2288	 | 	Valid Accuracy     : 0.9473

Evaluate on the Test set:
Test loss      :0.8411	 | Test Accuracy      : 0.8186 | Test AUPRC      : 0.6154
tensor([0.6500, 0.6382, 0.9653, 0.9215, 0.6546, 0.8553, 0.5959, 0.6992, 0.7189,
        0.8876, 0.5224, 0.5391, 0.6453, 0.7852, 0.6474, 0.6138, 0.8185, 0.7225,
        0.7068, 0.5689, 0.5710, 0.5690, 0.8641, 1.0116, 0.7021, 0.6010, 0.5775,
        0.6105, 0.5945, 0.6609, 0.6601, 0.9960, 0.7518, 0.6849, 0.6464, 0.6694,
        0.6709, 0.6409, 0.7775, 0.8343, 0.5604, 0.8287, 0.7565, 0.5264, 0.8916,
        0.5649, 0.7846, 0.6594, 0.6863, 0.6496, 0.6355, 0.7140, 0.5139, 0.7715,
        0.6464, 0.9055, 0.6360, 0.8011, 1.0059, 0.5998, 0.6796, 0.7207],
       device='cuda:0', grad_fn=<SqueezeBackward1>)

################## Training is Done! #########################
Training time is : 0:00:58.084491
