=============================================
Dataset: SEED
Method:  TS-TCC
Mode:    train_linear
=============================================
Data loaded ...
Training started ....

Epoch : 1
Train Loss     : 0.9419	 | 	Train Accuracy     : 0.5844
Valid Loss     : 1.0536	 | 	Valid Accuracy     : 0.5303

Epoch : 2
Train Loss     : 0.6163	 | 	Train Accuracy     : 0.7403
Valid Loss     : 0.5171	 | 	Valid Accuracy     : 0.7764

Epoch : 3
Train Loss     : 0.5194	 | 	Train Accuracy     : 0.7989
Valid Loss     : 0.4324	 | 	Valid Accuracy     : 0.8301

Epoch : 4
Train Loss     : 0.4892	 | 	Train Accuracy     : 0.8100
Valid Loss     : 0.4604	 | 	Valid Accuracy     : 0.7959

Epoch : 5
Train Loss     : 0.4642	 | 	Train Accuracy     : 0.8190
Valid Loss     : 0.5039	 | 	Valid Accuracy     : 0.7856

Epoch : 6
Train Loss     : 0.4542	 | 	Train Accuracy     : 0.8256
Valid Loss     : 0.4586	 | 	Valid Accuracy     : 0.8135

Epoch : 7
Train Loss     : 0.4406	 | 	Train Accuracy     : 0.8285
Valid Loss     : 0.4159	 | 	Valid Accuracy     : 0.8472

Epoch : 8
Train Loss     : 0.4560	 | 	Train Accuracy     : 0.8167
Valid Loss     : 0.5824	 | 	Valid Accuracy     : 0.7573

Epoch : 9
Train Loss     : 0.4474	 | 	Train Accuracy     : 0.8240
Valid Loss     : 0.5331	 | 	Valid Accuracy     : 0.8013

Epoch : 10
Train Loss     : 0.4479	 | 	Train Accuracy     : 0.8263
Valid Loss     : 0.4866	 | 	Valid Accuracy     : 0.8145

Epoch : 11
Train Loss     : 0.4092	 | 	Train Accuracy     : 0.8402
Valid Loss     : 0.5372	 | 	Valid Accuracy     : 0.7871

Epoch : 12
Train Loss     : 0.4156	 | 	Train Accuracy     : 0.8402
Valid Loss     : 0.6540	 | 	Valid Accuracy     : 0.7485

Epoch : 13
Train Loss     : 0.4460	 | 	Train Accuracy     : 0.8291
Valid Loss     : 0.5188	 | 	Valid Accuracy     : 0.8032

Epoch : 14
Train Loss     : 0.4310	 | 	Train Accuracy     : 0.8327
Valid Loss     : 0.5411	 | 	Valid Accuracy     : 0.8125

Epoch : 15
Train Loss     : 0.4318	 | 	Train Accuracy     : 0.8308
Valid Loss     : 0.5873	 | 	Valid Accuracy     : 0.7773

Epoch : 16
Train Loss     : 0.4214	 | 	Train Accuracy     : 0.8337
Valid Loss     : 0.5338	 | 	Valid Accuracy     : 0.8154

Epoch : 17
Train Loss     : 0.4295	 | 	Train Accuracy     : 0.8327
Valid Loss     : 0.6454	 | 	Valid Accuracy     : 0.7607

Epoch : 18
Train Loss     : 0.3949	 | 	Train Accuracy     : 0.8461
Valid Loss     : 0.4909	 | 	Valid Accuracy     : 0.8359

Epoch : 19
Train Loss     : 0.3769	 | 	Train Accuracy     : 0.8536
Valid Loss     : 0.4934	 | 	Valid Accuracy     : 0.8384

Epoch : 20
Train Loss     : 0.3699	 | 	Train Accuracy     : 0.8563
Valid Loss     : 0.5009	 | 	Valid Accuracy     : 0.8315

Epoch : 21
Train Loss     : 0.3696	 | 	Train Accuracy     : 0.8624
Valid Loss     : 0.5257	 | 	Valid Accuracy     : 0.8071

Epoch : 22
Train Loss     : 0.3722	 | 	Train Accuracy     : 0.8589
Valid Loss     : 0.5731	 | 	Valid Accuracy     : 0.7852

Epoch : 23
Train Loss     : 0.3650	 | 	Train Accuracy     : 0.8602
Valid Loss     : 0.5498	 | 	Valid Accuracy     : 0.8091

Epoch : 24
Train Loss     : 0.3697	 | 	Train Accuracy     : 0.8572
Valid Loss     : 0.5618	 | 	Valid Accuracy     : 0.7910

Epoch : 25
Train Loss     : 0.3695	 | 	Train Accuracy     : 0.8616
Valid Loss     : 0.5230	 | 	Valid Accuracy     : 0.8223

Epoch : 26
Train Loss     : 0.3759	 | 	Train Accuracy     : 0.8565
Valid Loss     : 0.5124	 | 	Valid Accuracy     : 0.8257

Epoch : 27
Train Loss     : 0.3770	 | 	Train Accuracy     : 0.8567
Valid Loss     : 0.5209	 | 	Valid Accuracy     : 0.8169

Epoch : 28
Train Loss     : 0.3706	 | 	Train Accuracy     : 0.8573
Valid Loss     : 0.5947	 | 	Valid Accuracy     : 0.7852

Epoch : 29
Train Loss     : 0.3741	 | 	Train Accuracy     : 0.8580
Valid Loss     : 0.5310	 | 	Valid Accuracy     : 0.8042

Epoch : 30
Train Loss     : 0.3726	 | 	Train Accuracy     : 0.8616
Valid Loss     : 0.5607	 | 	Valid Accuracy     : 0.7993

Evaluate on the Test set:
Test loss      :0.9528	 | Test Accuracy      : 0.6809 | Test AUPRC      : 0.5269

################## Training is Done! #########################
Training time is : 0:01:07.219703
