=============================================
Dataset: SEED
Method:  TS-TCC
Mode:    train_linear
=============================================
Data loaded ...
Training started ....

Epoch : 1
Train Loss     : 0.7306	 | 	Train Accuracy     : 0.7113
Valid Loss     : 1.9385	 | 	Valid Accuracy     : 0.3569

Epoch : 2
Train Loss     : 0.2837	 | 	Train Accuracy     : 0.9029
Valid Loss     : 0.8859	 | 	Valid Accuracy     : 0.6338

Epoch : 3
Train Loss     : 0.2164	 | 	Train Accuracy     : 0.9317
Valid Loss     : 0.2842	 | 	Valid Accuracy     : 0.9023

Epoch : 4
Train Loss     : 0.1903	 | 	Train Accuracy     : 0.9334
Valid Loss     : 0.2542	 | 	Valid Accuracy     : 0.9199

Epoch : 5
Train Loss     : 0.1735	 | 	Train Accuracy     : 0.9392
Valid Loss     : 0.2399	 | 	Valid Accuracy     : 0.9307

Epoch : 6
Train Loss     : 0.1652	 | 	Train Accuracy     : 0.9487
Valid Loss     : 0.2641	 | 	Valid Accuracy     : 0.9097

Epoch : 7
Train Loss     : 0.1547	 | 	Train Accuracy     : 0.9479
Valid Loss     : 0.2470	 | 	Valid Accuracy     : 0.9292

Epoch : 8
Train Loss     : 0.1439	 | 	Train Accuracy     : 0.9496
Valid Loss     : 0.2619	 | 	Valid Accuracy     : 0.9238

Epoch : 9
Train Loss     : 0.1379	 | 	Train Accuracy     : 0.9543
Valid Loss     : 0.4074	 | 	Valid Accuracy     : 0.8647

Epoch : 10
Train Loss     : 0.1483	 | 	Train Accuracy     : 0.9468
Valid Loss     : 0.3610	 | 	Valid Accuracy     : 0.9009

Epoch : 11
Train Loss     : 0.1268	 | 	Train Accuracy     : 0.9587
Valid Loss     : 0.1454	 | 	Valid Accuracy     : 0.9585

Epoch : 12
Train Loss     : 0.1194	 | 	Train Accuracy     : 0.9609
Valid Loss     : 0.3241	 | 	Valid Accuracy     : 0.9038

Epoch : 13
Train Loss     : 0.1227	 | 	Train Accuracy     : 0.9567
Valid Loss     : 0.2638	 | 	Valid Accuracy     : 0.9219

Epoch : 14
Train Loss     : 0.1207	 | 	Train Accuracy     : 0.9601
Valid Loss     : 0.3807	 | 	Valid Accuracy     : 0.9180

Epoch : 15
Train Loss     : 0.1230	 | 	Train Accuracy     : 0.9565
Valid Loss     : 0.4259	 | 	Valid Accuracy     : 0.8931

Epoch : 16
Train Loss     : 0.1075	 | 	Train Accuracy     : 0.9633
Valid Loss     : 0.2215	 | 	Valid Accuracy     : 0.9541

Epoch : 17
Train Loss     : 0.1100	 | 	Train Accuracy     : 0.9637
Valid Loss     : 0.3814	 | 	Valid Accuracy     : 0.9189

Epoch : 18
Train Loss     : 0.1028	 | 	Train Accuracy     : 0.9642
Valid Loss     : 0.2500	 | 	Valid Accuracy     : 0.9458

Epoch : 19
Train Loss     : 0.1057	 | 	Train Accuracy     : 0.9604
Valid Loss     : 0.4178	 | 	Valid Accuracy     : 0.8823

Epoch : 20
Train Loss     : 0.1090	 | 	Train Accuracy     : 0.9631
Valid Loss     : 0.5122	 | 	Valid Accuracy     : 0.8643

Epoch : 21
Train Loss     : 0.1291	 | 	Train Accuracy     : 0.9519
Valid Loss     : 0.3566	 | 	Valid Accuracy     : 0.9116

Epoch : 22
Train Loss     : 0.1153	 | 	Train Accuracy     : 0.9582
Valid Loss     : 0.2899	 | 	Valid Accuracy     : 0.9287

Epoch : 23
Train Loss     : 0.0893	 | 	Train Accuracy     : 0.9701
Valid Loss     : 0.3057	 | 	Valid Accuracy     : 0.9351

Epoch : 24
Train Loss     : 0.0861	 | 	Train Accuracy     : 0.9727
Valid Loss     : 0.2759	 | 	Valid Accuracy     : 0.9331

Epoch : 25
Train Loss     : 0.0880	 | 	Train Accuracy     : 0.9711
Valid Loss     : 0.2735	 | 	Valid Accuracy     : 0.9375

Epoch : 26
Train Loss     : 0.0906	 | 	Train Accuracy     : 0.9686
Valid Loss     : 0.2918	 | 	Valid Accuracy     : 0.9375

Epoch : 27
Train Loss     : 0.0867	 | 	Train Accuracy     : 0.9698
Valid Loss     : 0.3095	 | 	Valid Accuracy     : 0.9312

Epoch : 28
Train Loss     : 0.0884	 | 	Train Accuracy     : 0.9672
Valid Loss     : 0.3536	 | 	Valid Accuracy     : 0.9185

Epoch : 29
Train Loss     : 0.0871	 | 	Train Accuracy     : 0.9710
Valid Loss     : 0.2829	 | 	Valid Accuracy     : 0.9390

Epoch : 30
Train Loss     : 0.0883	 | 	Train Accuracy     : 0.9696
Valid Loss     : 0.3062	 | 	Valid Accuracy     : 0.9395

Evaluate on the Test set:
Test loss      :1.1276	 | Test Accuracy      : 0.8002 | Test AUPRC      : 0.6066

################## Training is Done! #########################
Training time is : 0:00:57.046833
