=============================================
Dataset: SEED
Method:  TS-TCC
Mode:    train_linear
=============================================
Data loaded ...
Training started ....

Epoch : 1
Train Loss     : 1.1792	 | 	Train Accuracy     : 0.5046
Valid Loss     : 2.5622	 | 	Valid Accuracy     : 0.3428

Epoch : 2
Train Loss     : 0.7987	 | 	Train Accuracy     : 0.6574
Valid Loss     : 1.3484	 | 	Valid Accuracy     : 0.3633

Epoch : 3
Train Loss     : 0.6936	 | 	Train Accuracy     : 0.7142
Valid Loss     : 1.1393	 | 	Valid Accuracy     : 0.4375

Epoch : 4
Train Loss     : 0.6550	 | 	Train Accuracy     : 0.7300
Valid Loss     : 0.8649	 | 	Valid Accuracy     : 0.6250

Epoch : 5
Train Loss     : 0.6259	 | 	Train Accuracy     : 0.7561
Valid Loss     : 0.8635	 | 	Valid Accuracy     : 0.6230

Epoch : 6
Train Loss     : 0.6164	 | 	Train Accuracy     : 0.7546
Valid Loss     : 0.8740	 | 	Valid Accuracy     : 0.6250

Epoch : 7
Train Loss     : 0.6042	 | 	Train Accuracy     : 0.7699
Valid Loss     : 0.9214	 | 	Valid Accuracy     : 0.6113

Epoch : 8
Train Loss     : 0.6242	 | 	Train Accuracy     : 0.7417
Valid Loss     : 0.8985	 | 	Valid Accuracy     : 0.6333

Epoch : 9
Train Loss     : 0.6033	 | 	Train Accuracy     : 0.7534
Valid Loss     : 0.9068	 | 	Valid Accuracy     : 0.6206

Epoch : 10
Train Loss     : 0.5722	 | 	Train Accuracy     : 0.7717
Valid Loss     : 0.9086	 | 	Valid Accuracy     : 0.6294

Epoch : 11
Train Loss     : 0.5675	 | 	Train Accuracy     : 0.7796
Valid Loss     : 0.9090	 | 	Valid Accuracy     : 0.6187

Epoch : 12
Train Loss     : 0.5655	 | 	Train Accuracy     : 0.7784
Valid Loss     : 0.8916	 | 	Valid Accuracy     : 0.6367

Epoch : 13
Train Loss     : 0.5521	 | 	Train Accuracy     : 0.7826
Valid Loss     : 0.9148	 | 	Valid Accuracy     : 0.6260

Epoch : 14
Train Loss     : 0.5516	 | 	Train Accuracy     : 0.7879
Valid Loss     : 0.9342	 | 	Valid Accuracy     : 0.6211

Epoch : 15
Train Loss     : 0.5528	 | 	Train Accuracy     : 0.7831
Valid Loss     : 0.8842	 | 	Valid Accuracy     : 0.6187

Epoch : 16
Train Loss     : 0.5890	 | 	Train Accuracy     : 0.7525
Valid Loss     : 0.9341	 | 	Valid Accuracy     : 0.6279

Epoch : 17
Train Loss     : 0.5290	 | 	Train Accuracy     : 0.7943
Valid Loss     : 0.9126	 | 	Valid Accuracy     : 0.6235

Epoch : 18
Train Loss     : 0.5236	 | 	Train Accuracy     : 0.8047
Valid Loss     : 0.9247	 | 	Valid Accuracy     : 0.6255

Epoch : 19
Train Loss     : 0.5217	 | 	Train Accuracy     : 0.7964
Valid Loss     : 0.9056	 | 	Valid Accuracy     : 0.6250

Epoch : 20
Train Loss     : 0.5192	 | 	Train Accuracy     : 0.8040
Valid Loss     : 0.9086	 | 	Valid Accuracy     : 0.6226

Epoch : 21
Train Loss     : 0.5169	 | 	Train Accuracy     : 0.8004
Valid Loss     : 0.9030	 | 	Valid Accuracy     : 0.6206

Epoch : 22
Train Loss     : 0.5168	 | 	Train Accuracy     : 0.8054
Valid Loss     : 0.9047	 | 	Valid Accuracy     : 0.6167

Epoch : 23
Train Loss     : 0.5153	 | 	Train Accuracy     : 0.7993
Valid Loss     : 0.8951	 | 	Valid Accuracy     : 0.6226

Epoch : 24
Train Loss     : 0.5145	 | 	Train Accuracy     : 0.8026
Valid Loss     : 0.9108	 | 	Valid Accuracy     : 0.6201

Epoch : 25
Train Loss     : 0.5235	 | 	Train Accuracy     : 0.7950
Valid Loss     : 0.9326	 | 	Valid Accuracy     : 0.6108

Epoch : 26
Train Loss     : 0.5281	 | 	Train Accuracy     : 0.7942
Valid Loss     : 0.9053	 | 	Valid Accuracy     : 0.6143

Epoch : 27
Train Loss     : 0.5258	 | 	Train Accuracy     : 0.7906
Valid Loss     : 0.8968	 | 	Valid Accuracy     : 0.6221

Epoch : 28
Train Loss     : 0.5149	 | 	Train Accuracy     : 0.8069
Valid Loss     : 0.9010	 | 	Valid Accuracy     : 0.6240

Epoch : 29
Train Loss     : 0.5126	 | 	Train Accuracy     : 0.8071
Valid Loss     : 0.9029	 | 	Valid Accuracy     : 0.6216

Epoch : 30
Train Loss     : 0.5155	 | 	Train Accuracy     : 0.8050
Valid Loss     : 0.9014	 | 	Valid Accuracy     : 0.6216

Evaluate on the Test set:
Test loss      :0.6116	 | Test Accuracy      : 0.7702 | Test AUPRC      : 0.5795

################## Training is Done! #########################
Training time is : 0:01:00.304473
