=============================================
Dataset: SEED
Method:  TS-TCC
Mode:    train_linear
=============================================
Data loaded ...
Subjet 5
Training started ....

Epoch : 1
Train Loss     : 1.1118	 | 	Train Accuracy     : 0.5211
Valid Loss     : 1.1101	 | 	Valid Accuracy     : 0.3511

Epoch : 2
Train Loss     : 0.7291	 | 	Train Accuracy     : 0.6855
Valid Loss     : 1.0953	 | 	Valid Accuracy     : 0.5967

Epoch : 3
Train Loss     : 0.6387	 | 	Train Accuracy     : 0.7354
Valid Loss     : 1.1206	 | 	Valid Accuracy     : 0.5483

Epoch : 4
Train Loss     : 0.6226	 | 	Train Accuracy     : 0.7449
Valid Loss     : 1.0997	 | 	Valid Accuracy     : 0.5483

Epoch : 5
Train Loss     : 0.5976	 | 	Train Accuracy     : 0.7514
Valid Loss     : 1.0563	 | 	Valid Accuracy     : 0.5737

Epoch : 6
Train Loss     : 0.5784	 | 	Train Accuracy     : 0.7638
Valid Loss     : 1.1862	 | 	Valid Accuracy     : 0.5771

Epoch : 7
Train Loss     : 0.5480	 | 	Train Accuracy     : 0.7722
Valid Loss     : 1.3123	 | 	Valid Accuracy     : 0.5747

Epoch : 8
Train Loss     : 0.5493	 | 	Train Accuracy     : 0.7796
Valid Loss     : 1.3312	 | 	Valid Accuracy     : 0.5840

Epoch : 9
Train Loss     : 0.5526	 | 	Train Accuracy     : 0.7685
Valid Loss     : 1.2920	 | 	Valid Accuracy     : 0.5752

Epoch : 10
Train Loss     : 0.5349	 | 	Train Accuracy     : 0.7836
Valid Loss     : 1.4559	 | 	Valid Accuracy     : 0.5186

Epoch : 11
Train Loss     : 0.5714	 | 	Train Accuracy     : 0.7626
Valid Loss     : 1.4111	 | 	Valid Accuracy     : 0.5508

Epoch : 12
Train Loss     : 0.5501	 | 	Train Accuracy     : 0.7726
Valid Loss     : 1.2201	 | 	Valid Accuracy     : 0.5688

Epoch : 13
Train Loss     : 0.5372	 | 	Train Accuracy     : 0.7728
Valid Loss     : 1.4116	 | 	Valid Accuracy     : 0.5820

Epoch : 14
Train Loss     : 0.5330	 | 	Train Accuracy     : 0.7792
Valid Loss     : 1.6135	 | 	Valid Accuracy     : 0.5376

Epoch : 15
Train Loss     : 0.5452	 | 	Train Accuracy     : 0.7717
Valid Loss     : 1.3557	 | 	Valid Accuracy     : 0.5732

Epoch : 16
Train Loss     : 0.5410	 | 	Train Accuracy     : 0.7787
Valid Loss     : 1.4080	 | 	Valid Accuracy     : 0.5537

Epoch : 17
Train Loss     : 0.4872	 | 	Train Accuracy     : 0.8083
Valid Loss     : 1.4184	 | 	Valid Accuracy     : 0.5625

Epoch : 18
Train Loss     : 0.4943	 | 	Train Accuracy     : 0.8015
Valid Loss     : 1.3872	 | 	Valid Accuracy     : 0.5703

Epoch : 19
Train Loss     : 0.4872	 | 	Train Accuracy     : 0.8081
Valid Loss     : 1.4026	 | 	Valid Accuracy     : 0.5737

Epoch : 20
Train Loss     : 0.4872	 | 	Train Accuracy     : 0.8077
Valid Loss     : 1.3991	 | 	Valid Accuracy     : 0.5737

Epoch : 21
Train Loss     : 0.4846	 | 	Train Accuracy     : 0.8069
Valid Loss     : 1.3656	 | 	Valid Accuracy     : 0.5703

Epoch : 22
Train Loss     : 0.4903	 | 	Train Accuracy     : 0.8013
Valid Loss     : 1.3370	 | 	Valid Accuracy     : 0.5718

Epoch : 23
Train Loss     : 0.4900	 | 	Train Accuracy     : 0.8033
Valid Loss     : 1.3907	 | 	Valid Accuracy     : 0.5615

Epoch : 24
Train Loss     : 0.4917	 | 	Train Accuracy     : 0.8035
Valid Loss     : 1.4781	 | 	Valid Accuracy     : 0.5620

Epoch : 25
Train Loss     : 0.4904	 | 	Train Accuracy     : 0.8023
Valid Loss     : 1.4124	 | 	Valid Accuracy     : 0.5664

Epoch : 26
Train Loss     : 0.4851	 | 	Train Accuracy     : 0.8083
Valid Loss     : 1.4922	 | 	Valid Accuracy     : 0.5674

Epoch : 27
Train Loss     : 0.4875	 | 	Train Accuracy     : 0.8035
Valid Loss     : 1.4197	 | 	Valid Accuracy     : 0.5620

Epoch : 28
Train Loss     : 0.4917	 | 	Train Accuracy     : 0.8043
Valid Loss     : 1.4100	 | 	Valid Accuracy     : 0.5708

Epoch : 29
Train Loss     : 0.4785	 | 	Train Accuracy     : 0.8086
Valid Loss     : 1.3952	 | 	Valid Accuracy     : 0.5728

Epoch : 30
Train Loss     : 0.4839	 | 	Train Accuracy     : 0.8094
Valid Loss     : 1.4107	 | 	Valid Accuracy     : 0.5664

Evaluate on the Test set:
Test loss      :1.1006	 | Test Accuracy      : 0.6337 | Test AUPRC      : 0.5238
tensor([0.8640, 0.8670, 0.9049, 0.9273, 0.8509, 0.7256, 0.9224, 0.6843, 0.8455,
        0.8519, 0.7377, 0.7192, 0.8796, 0.8463, 0.6919, 0.8157, 0.9173, 0.7840,
        0.7787, 0.9357, 0.8292, 0.7088, 0.9249, 1.0102, 0.7676, 0.9019, 0.9030,
        0.9017, 0.6952, 0.7339, 0.7485, 1.0438, 0.9536, 0.7507, 0.8433, 0.8119,
        0.8989, 0.7998, 0.8419, 0.9231, 0.8147, 0.9520, 0.8727, 0.9082, 0.8434,
        0.7322, 0.8900, 0.8211, 0.8022, 0.7654, 0.7149, 0.8182, 0.6577, 0.8197,
        0.7410, 0.7436, 0.8361, 0.8311, 0.9151, 0.7728, 0.8263, 0.8651],
       device='cuda:0', grad_fn=<SqueezeBackward1>)

################## Training is Done! #########################
Training time is : 0:00:58.713640
