=============================================
Dataset: SEED
Method:  TS-TCC
Mode:    train_linear
=============================================
Data loaded ...
Subjet 4
if scale True
Training started ....

Epoch : 1
Train Loss     : 1.2811	 | 	Train Accuracy     : 0.4392
Valid Loss     : 1.5504	 | 	Valid Accuracy     : 0.3169

Epoch : 2
Train Loss     : 0.7487	 | 	Train Accuracy     : 0.6523
Valid Loss     : 1.2059	 | 	Valid Accuracy     : 0.4224

Epoch : 3
Train Loss     : 0.5952	 | 	Train Accuracy     : 0.7539
Valid Loss     : 1.2847	 | 	Valid Accuracy     : 0.4297

Epoch : 4
Train Loss     : 0.4942	 | 	Train Accuracy     : 0.8181
Valid Loss     : 1.1843	 | 	Valid Accuracy     : 0.4619

Epoch : 5
Train Loss     : 0.4217	 | 	Train Accuracy     : 0.8421
Valid Loss     : 1.4062	 | 	Valid Accuracy     : 0.4893

Epoch : 6
Train Loss     : 0.3888	 | 	Train Accuracy     : 0.8700
Valid Loss     : 1.1790	 | 	Valid Accuracy     : 0.5562

Epoch : 7
Train Loss     : 0.3621	 | 	Train Accuracy     : 0.8739
Valid Loss     : 1.3443	 | 	Valid Accuracy     : 0.5557

Epoch : 8
Train Loss     : 0.3613	 | 	Train Accuracy     : 0.8806
Valid Loss     : 1.3009	 | 	Valid Accuracy     : 0.5684

Epoch : 9
Train Loss     : 0.3288	 | 	Train Accuracy     : 0.8945
Valid Loss     : 1.2836	 | 	Valid Accuracy     : 0.5605

Epoch : 10
Train Loss     : 0.3295	 | 	Train Accuracy     : 0.8856
Valid Loss     : 1.3784	 | 	Valid Accuracy     : 0.5664

Epoch : 11
Train Loss     : 0.3074	 | 	Train Accuracy     : 0.9057
Valid Loss     : 1.3223	 | 	Valid Accuracy     : 0.5625

Epoch : 12
Train Loss     : 0.3169	 | 	Train Accuracy     : 0.8884
Valid Loss     : 1.3436	 | 	Valid Accuracy     : 0.5620

Epoch : 13
Train Loss     : 0.3027	 | 	Train Accuracy     : 0.8951
Valid Loss     : 1.3254	 | 	Valid Accuracy     : 0.5562

Epoch : 14
Train Loss     : 0.3085	 | 	Train Accuracy     : 0.8912
Valid Loss     : 1.3389	 | 	Valid Accuracy     : 0.5552

Epoch : 15
Train Loss     : 0.2934	 | 	Train Accuracy     : 0.9023
Valid Loss     : 1.3269	 | 	Valid Accuracy     : 0.5596

Epoch : 16
Train Loss     : 0.2915	 | 	Train Accuracy     : 0.9062
Valid Loss     : 1.3692	 | 	Valid Accuracy     : 0.5469

Epoch : 17
Train Loss     : 0.2764	 | 	Train Accuracy     : 0.9012
Valid Loss     : 1.3606	 | 	Valid Accuracy     : 0.5615

Epoch : 18
Train Loss     : 0.2667	 | 	Train Accuracy     : 0.9219
Valid Loss     : 1.3461	 | 	Valid Accuracy     : 0.5601

Epoch : 19
Train Loss     : 0.2745	 | 	Train Accuracy     : 0.9085
Valid Loss     : 1.3603	 | 	Valid Accuracy     : 0.5586

Epoch : 20
Train Loss     : 0.2582	 | 	Train Accuracy     : 0.9247
Valid Loss     : 1.3395	 | 	Valid Accuracy     : 0.5605

Epoch : 21
Train Loss     : 0.2686	 | 	Train Accuracy     : 0.9146
Valid Loss     : 1.3545	 | 	Valid Accuracy     : 0.5605

Epoch : 22
Train Loss     : 0.2662	 | 	Train Accuracy     : 0.9129
Valid Loss     : 1.3374	 | 	Valid Accuracy     : 0.5625

Epoch : 23
Train Loss     : 0.2561	 | 	Train Accuracy     : 0.9196
Valid Loss     : 1.3454	 | 	Valid Accuracy     : 0.5635

Epoch : 24
Train Loss     : 0.2596	 | 	Train Accuracy     : 0.9185
Valid Loss     : 1.3414	 | 	Valid Accuracy     : 0.5625

Epoch : 25
Train Loss     : 0.2681	 | 	Train Accuracy     : 0.9202
Valid Loss     : 1.3413	 | 	Valid Accuracy     : 0.5630

Epoch : 26
Train Loss     : 0.2532	 | 	Train Accuracy     : 0.9241
Valid Loss     : 1.3415	 | 	Valid Accuracy     : 0.5640

Epoch : 27
Train Loss     : 0.2543	 | 	Train Accuracy     : 0.9219
Valid Loss     : 1.3281	 | 	Valid Accuracy     : 0.5649

Epoch : 28
Train Loss     : 0.2585	 | 	Train Accuracy     : 0.9208
Valid Loss     : 1.3339	 | 	Valid Accuracy     : 0.5664

Epoch : 29
Train Loss     : 0.2572	 | 	Train Accuracy     : 0.9163
Valid Loss     : 1.3280	 | 	Valid Accuracy     : 0.5654

Epoch : 30
Train Loss     : 0.2541	 | 	Train Accuracy     : 0.9180
Valid Loss     : 1.3411	 | 	Valid Accuracy     : 0.5605

Evaluate on the Test set:
Test loss      :1.2178	 | Test Accuracy      : 0.5562 | Test AUPRC      : 0.5016
tensor([0.9392, 0.9540, 0.9781, 0.9375, 0.9001, 0.9776, 0.9580, 0.9089, 0.9442,
        0.9162, 0.9221, 0.9014, 0.9593, 0.9666, 0.9575, 0.9383, 0.9474, 0.9224,
        0.8983, 0.9371, 0.9276, 0.9234, 0.9678, 1.0499, 0.9584, 0.9586, 0.9438,
        0.8938, 0.9049, 0.9121, 0.9030, 0.9971, 0.9934, 0.8955, 0.9011, 0.9273,
        0.9123, 0.9098, 0.9120, 0.9058, 0.9936, 0.9558, 0.9327, 0.9103, 0.9341,
        0.9160, 0.9103, 0.9311, 0.9088, 0.9104, 0.8992, 0.9070, 0.9017, 0.9456,
        0.9294, 0.9563, 0.9052, 0.9204, 0.9434, 0.9513, 0.9544, 0.9074],
       device='cuda:0', grad_fn=<SqueezeBackward1>)

################## Training is Done! #########################
Training time is : 0:00:23.366898
