=============================================
Dataset: SEED
Method:  TS-TCC
Mode:    train_linear
=============================================
Data loaded ...
Subjet 1
if scale True
Training started ....

Epoch : 1
Train Loss     : 1.0884	 | 	Train Accuracy     : 0.5198
Valid Loss     : 2.1589	 | 	Valid Accuracy     : 0.3369

Epoch : 2
Train Loss     : 0.7581	 | 	Train Accuracy     : 0.6964
Valid Loss     : 1.6214	 | 	Valid Accuracy     : 0.3662

Epoch : 3
Train Loss     : 0.6706	 | 	Train Accuracy     : 0.7341
Valid Loss     : 0.9697	 | 	Valid Accuracy     : 0.6099

Epoch : 4
Train Loss     : 0.6191	 | 	Train Accuracy     : 0.7651
Valid Loss     : 1.0480	 | 	Valid Accuracy     : 0.5854

Epoch : 5
Train Loss     : 0.5882	 | 	Train Accuracy     : 0.7714
Valid Loss     : 1.0524	 | 	Valid Accuracy     : 0.5698

Epoch : 6
Train Loss     : 0.5877	 | 	Train Accuracy     : 0.7672
Valid Loss     : 1.0822	 | 	Valid Accuracy     : 0.5630

Epoch : 7
Train Loss     : 0.5394	 | 	Train Accuracy     : 0.7964
Valid Loss     : 1.1327	 | 	Valid Accuracy     : 0.5806

Epoch : 8
Train Loss     : 0.5509	 | 	Train Accuracy     : 0.7781
Valid Loss     : 1.1622	 | 	Valid Accuracy     : 0.5723

Epoch : 9
Train Loss     : 0.5299	 | 	Train Accuracy     : 0.7966
Valid Loss     : 1.2005	 | 	Valid Accuracy     : 0.5483

Epoch : 10
Train Loss     : 0.5339	 | 	Train Accuracy     : 0.7922
Valid Loss     : 1.1447	 | 	Valid Accuracy     : 0.5620

Epoch : 11
Train Loss     : 0.5047	 | 	Train Accuracy     : 0.8107
Valid Loss     : 1.1589	 | 	Valid Accuracy     : 0.5312

Epoch : 12
Train Loss     : 0.5049	 | 	Train Accuracy     : 0.8008
Valid Loss     : 1.1421	 | 	Valid Accuracy     : 0.5957

Epoch : 13
Train Loss     : 0.5015	 | 	Train Accuracy     : 0.8096
Valid Loss     : 1.1866	 | 	Valid Accuracy     : 0.5454

Epoch : 14
Train Loss     : 0.4980	 | 	Train Accuracy     : 0.8047
Valid Loss     : 1.1825	 | 	Valid Accuracy     : 0.5571

Epoch : 15
Train Loss     : 0.4801	 | 	Train Accuracy     : 0.8229
Valid Loss     : 1.1695	 | 	Valid Accuracy     : 0.5586

Epoch : 16
Train Loss     : 0.4722	 | 	Train Accuracy     : 0.8219
Valid Loss     : 1.2003	 | 	Valid Accuracy     : 0.5576

Epoch : 17
Train Loss     : 0.4778	 | 	Train Accuracy     : 0.8219
Valid Loss     : 1.1670	 | 	Valid Accuracy     : 0.5537

Epoch : 18
Train Loss     : 0.4707	 | 	Train Accuracy     : 0.8268
Valid Loss     : 1.1540	 | 	Valid Accuracy     : 0.5723

Epoch : 19
Train Loss     : 0.4729	 | 	Train Accuracy     : 0.8214
Valid Loss     : 1.1866	 | 	Valid Accuracy     : 0.5679

Epoch : 20
Train Loss     : 0.4762	 | 	Train Accuracy     : 0.8247
Valid Loss     : 1.1421	 | 	Valid Accuracy     : 0.5796

Epoch : 21
Train Loss     : 0.4656	 | 	Train Accuracy     : 0.8253
Valid Loss     : 1.1929	 | 	Valid Accuracy     : 0.5659

Epoch : 22
Train Loss     : 0.4677	 | 	Train Accuracy     : 0.8214
Valid Loss     : 1.1166	 | 	Valid Accuracy     : 0.5688

Epoch : 23
Train Loss     : 0.4659	 | 	Train Accuracy     : 0.8260
Valid Loss     : 1.1737	 | 	Valid Accuracy     : 0.5439

Epoch : 24
Train Loss     : 0.4768	 | 	Train Accuracy     : 0.8143
Valid Loss     : 1.1898	 | 	Valid Accuracy     : 0.5483

Epoch : 25
Train Loss     : 0.4751	 | 	Train Accuracy     : 0.8211
Valid Loss     : 1.1626	 | 	Valid Accuracy     : 0.5571

Epoch : 26
Train Loss     : 0.4808	 | 	Train Accuracy     : 0.8180
Valid Loss     : 1.2133	 | 	Valid Accuracy     : 0.5693

Epoch : 27
Train Loss     : 0.4631	 | 	Train Accuracy     : 0.8276
Valid Loss     : 1.1832	 | 	Valid Accuracy     : 0.5674

Epoch : 28
Train Loss     : 0.4587	 | 	Train Accuracy     : 0.8305
Valid Loss     : 1.2131	 | 	Valid Accuracy     : 0.5508

Epoch : 29
Train Loss     : 0.4557	 | 	Train Accuracy     : 0.8305
Valid Loss     : 1.2337	 | 	Valid Accuracy     : 0.5586

Epoch : 30
Train Loss     : 0.4699	 | 	Train Accuracy     : 0.8208
Valid Loss     : 1.1742	 | 	Valid Accuracy     : 0.5737

Evaluate on the Test set:
Test loss      :0.8760	 | Test Accuracy      : 0.6398 | Test AUPRC      : 0.5530
tensor([0.8514, 0.8536, 0.9343, 0.9509, 0.8696, 0.8862, 0.8881, 0.8226, 0.8934,
        0.8485, 0.9133, 0.8656, 0.9603, 0.9318, 0.9222, 0.8811, 0.8951, 0.8319,
        0.8336, 0.9771, 0.9007, 0.8589, 0.9497, 1.0152, 0.9379, 0.9229, 0.9052,
        0.8376, 0.8783, 0.8373, 0.8424, 0.9106, 0.8862, 0.8435, 0.8414, 0.8922,
        0.8792, 0.9123, 0.8917, 0.8277, 0.9684, 0.9521, 0.9067, 0.9443, 0.8981,
        0.8882, 0.8315, 0.8428, 0.8787, 0.9914, 0.8189, 0.8252, 0.8202, 0.8463,
        0.8320, 0.8555, 0.8370, 0.9283, 0.9229, 0.8383, 0.9159, 0.8587],
       device='cuda:0', grad_fn=<SqueezeBackward1>)

################## Training is Done! #########################
Training time is : 0:00:45.456506
