=============================================
Dataset: SEED
Method:  TS-TCC
Mode:    train_linear
=============================================
Data loaded ...
Subjet 14
if scale True
Training started ....

Epoch : 1
Train Loss     : 1.1162	 | 	Train Accuracy     : 0.4816
Valid Loss     : 2.0046	 | 	Valid Accuracy     : 0.3486

Epoch : 2
Train Loss     : 0.5623	 | 	Train Accuracy     : 0.7623
Valid Loss     : 1.9226	 | 	Valid Accuracy     : 0.4097

Epoch : 3
Train Loss     : 0.4601	 | 	Train Accuracy     : 0.8443
Valid Loss     : 2.0829	 | 	Valid Accuracy     : 0.4404

Epoch : 4
Train Loss     : 0.3760	 | 	Train Accuracy     : 0.8901
Valid Loss     : 1.8447	 | 	Valid Accuracy     : 0.4854

Epoch : 5
Train Loss     : 0.3177	 | 	Train Accuracy     : 0.9085
Valid Loss     : 1.6379	 | 	Valid Accuracy     : 0.5503

Epoch : 6
Train Loss     : 0.2876	 | 	Train Accuracy     : 0.9152
Valid Loss     : 2.0752	 | 	Valid Accuracy     : 0.5308

Epoch : 7
Train Loss     : 0.2675	 | 	Train Accuracy     : 0.9196
Valid Loss     : 1.8349	 | 	Valid Accuracy     : 0.5405

Epoch : 8
Train Loss     : 0.2470	 | 	Train Accuracy     : 0.9252
Valid Loss     : 2.0581	 | 	Valid Accuracy     : 0.5244

Epoch : 9
Train Loss     : 0.2375	 | 	Train Accuracy     : 0.9196
Valid Loss     : 2.1458	 | 	Valid Accuracy     : 0.5063

Epoch : 10
Train Loss     : 0.2287	 | 	Train Accuracy     : 0.9241
Valid Loss     : 2.2194	 | 	Valid Accuracy     : 0.5312

Epoch : 11
Train Loss     : 0.2231	 | 	Train Accuracy     : 0.9235
Valid Loss     : 2.4237	 | 	Valid Accuracy     : 0.5078

Epoch : 12
Train Loss     : 0.2163	 | 	Train Accuracy     : 0.9325
Valid Loss     : 2.1852	 | 	Valid Accuracy     : 0.5127

Epoch : 13
Train Loss     : 0.2024	 | 	Train Accuracy     : 0.9347
Valid Loss     : 2.2314	 | 	Valid Accuracy     : 0.5176

Epoch : 14
Train Loss     : 0.2093	 | 	Train Accuracy     : 0.9269
Valid Loss     : 2.1792	 | 	Valid Accuracy     : 0.5103

Epoch : 15
Train Loss     : 0.1867	 | 	Train Accuracy     : 0.9386
Valid Loss     : 2.4109	 | 	Valid Accuracy     : 0.5142

Epoch : 16
Train Loss     : 0.1873	 | 	Train Accuracy     : 0.9431
Valid Loss     : 2.5226	 | 	Valid Accuracy     : 0.5127

Epoch : 17
Train Loss     : 0.1745	 | 	Train Accuracy     : 0.9453
Valid Loss     : 2.4821	 | 	Valid Accuracy     : 0.5142

Epoch : 18
Train Loss     : 0.1781	 | 	Train Accuracy     : 0.9448
Valid Loss     : 2.3863	 | 	Valid Accuracy     : 0.5044

Epoch : 19
Train Loss     : 0.1625	 | 	Train Accuracy     : 0.9503
Valid Loss     : 2.3427	 | 	Valid Accuracy     : 0.5063

Epoch : 20
Train Loss     : 0.1782	 | 	Train Accuracy     : 0.9431
Valid Loss     : 2.4431	 | 	Valid Accuracy     : 0.5029

Epoch : 21
Train Loss     : 0.1830	 | 	Train Accuracy     : 0.9408
Valid Loss     : 2.4397	 | 	Valid Accuracy     : 0.5020

Epoch : 22
Train Loss     : 0.1753	 | 	Train Accuracy     : 0.9414
Valid Loss     : 2.4531	 | 	Valid Accuracy     : 0.5049

Epoch : 23
Train Loss     : 0.1724	 | 	Train Accuracy     : 0.9420
Valid Loss     : 2.5177	 | 	Valid Accuracy     : 0.5054

Epoch : 24
Train Loss     : 0.1734	 | 	Train Accuracy     : 0.9369
Valid Loss     : 2.5945	 | 	Valid Accuracy     : 0.5044

Epoch : 25
Train Loss     : 0.1708	 | 	Train Accuracy     : 0.9442
Valid Loss     : 2.4595	 | 	Valid Accuracy     : 0.5024

Epoch : 26
Train Loss     : 0.1864	 | 	Train Accuracy     : 0.9403
Valid Loss     : 2.4852	 | 	Valid Accuracy     : 0.5039

Epoch : 27
Train Loss     : 0.1705	 | 	Train Accuracy     : 0.9431
Valid Loss     : 2.4975	 | 	Valid Accuracy     : 0.5005

Epoch : 28
Train Loss     : 0.1644	 | 	Train Accuracy     : 0.9487
Valid Loss     : 2.4204	 | 	Valid Accuracy     : 0.5063

Epoch : 29
Train Loss     : 0.1722	 | 	Train Accuracy     : 0.9436
Valid Loss     : 2.4620	 | 	Valid Accuracy     : 0.5020

Epoch : 30
Train Loss     : 0.1781	 | 	Train Accuracy     : 0.9425
Valid Loss     : 2.4943	 | 	Valid Accuracy     : 0.5015

Evaluate on the Test set:
Test loss      :2.4989	 | Test Accuracy      : 0.5425 | Test AUPRC      : 0.5772
tensor([0.9236, 0.9261, 0.9452, 0.9384, 0.9634, 0.9143, 0.9807, 0.9402, 0.9342,
        0.9189, 0.9159, 0.8987, 0.9366, 0.9379, 0.9317, 0.9167, 0.9070, 0.9161,
        0.8987, 0.9209, 0.9148, 0.9026, 0.9665, 0.9736, 0.9651, 0.9095, 0.9486,
        0.8963, 0.9319, 0.9149, 0.9592, 0.9854, 1.0597, 0.9068, 0.8930, 0.9212,
        0.9118, 0.9101, 0.9087, 0.9179, 0.9972, 0.9730, 0.9334, 0.9239, 0.9310,
        0.9143, 0.9112, 0.9159, 0.9014, 0.9047, 0.9008, 0.9092, 0.8994, 0.9115,
        0.9139, 0.8890, 0.9158, 0.9315, 0.9828, 0.9266, 0.9161, 0.9060],
       device='cuda:0', grad_fn=<SqueezeBackward1>)

################## Training is Done! #########################
Training time is : 0:00:25.939719
