=============================================
Dataset: SEED
Method:  TS-TCC
Mode:    train_linear
=============================================
Data loaded ...
Subjet 12
if scale True
Training started ....

Epoch : 1
Train Loss     : 1.1775	 | 	Train Accuracy     : 0.4682
Valid Loss     : 0.9659	 | 	Valid Accuracy     : 0.5664

Epoch : 2
Train Loss     : 0.8322	 | 	Train Accuracy     : 0.6026
Valid Loss     : 1.0521	 | 	Valid Accuracy     : 0.5303

Epoch : 3
Train Loss     : 0.7111	 | 	Train Accuracy     : 0.6883
Valid Loss     : 1.0179	 | 	Valid Accuracy     : 0.5371

Epoch : 4
Train Loss     : 0.6625	 | 	Train Accuracy     : 0.7135
Valid Loss     : 0.9775	 | 	Valid Accuracy     : 0.5386

Epoch : 5
Train Loss     : 0.6348	 | 	Train Accuracy     : 0.7318
Valid Loss     : 1.0756	 | 	Valid Accuracy     : 0.5498

Epoch : 6
Train Loss     : 0.6127	 | 	Train Accuracy     : 0.7357
Valid Loss     : 1.1560	 | 	Valid Accuracy     : 0.5186

Epoch : 7
Train Loss     : 0.5919	 | 	Train Accuracy     : 0.7560
Valid Loss     : 1.1338	 | 	Valid Accuracy     : 0.5195

Epoch : 8
Train Loss     : 0.5800	 | 	Train Accuracy     : 0.7596
Valid Loss     : 1.1556	 | 	Valid Accuracy     : 0.5356

Epoch : 9
Train Loss     : 0.5856	 | 	Train Accuracy     : 0.7482
Valid Loss     : 1.1815	 | 	Valid Accuracy     : 0.5161

Epoch : 10
Train Loss     : 0.5838	 | 	Train Accuracy     : 0.7529
Valid Loss     : 1.2222	 | 	Valid Accuracy     : 0.5264

Epoch : 11
Train Loss     : 0.5518	 | 	Train Accuracy     : 0.7771
Valid Loss     : 1.3152	 | 	Valid Accuracy     : 0.5190

Epoch : 12
Train Loss     : 0.5506	 | 	Train Accuracy     : 0.7688
Valid Loss     : 1.1379	 | 	Valid Accuracy     : 0.5381

Epoch : 13
Train Loss     : 0.5243	 | 	Train Accuracy     : 0.7919
Valid Loss     : 1.2441	 | 	Valid Accuracy     : 0.5239

Epoch : 14
Train Loss     : 0.5200	 | 	Train Accuracy     : 0.7961
Valid Loss     : 1.1806	 | 	Valid Accuracy     : 0.5361

Epoch : 15
Train Loss     : 0.5202	 | 	Train Accuracy     : 0.7911
Valid Loss     : 1.2654	 | 	Valid Accuracy     : 0.5244

Epoch : 16
Train Loss     : 0.5160	 | 	Train Accuracy     : 0.7940
Valid Loss     : 1.1857	 | 	Valid Accuracy     : 0.5444

Epoch : 17
Train Loss     : 0.5175	 | 	Train Accuracy     : 0.8005
Valid Loss     : 1.2381	 | 	Valid Accuracy     : 0.5269

Epoch : 18
Train Loss     : 0.5116	 | 	Train Accuracy     : 0.8036
Valid Loss     : 1.2028	 | 	Valid Accuracy     : 0.5361

Epoch : 19
Train Loss     : 0.5128	 | 	Train Accuracy     : 0.8023
Valid Loss     : 1.2191	 | 	Valid Accuracy     : 0.5322

Epoch : 20
Train Loss     : 0.5152	 | 	Train Accuracy     : 0.7987
Valid Loss     : 1.2131	 | 	Valid Accuracy     : 0.5356

Epoch : 21
Train Loss     : 0.5165	 | 	Train Accuracy     : 0.7958
Valid Loss     : 1.2356	 | 	Valid Accuracy     : 0.5342

Epoch : 22
Train Loss     : 0.5097	 | 	Train Accuracy     : 0.7982
Valid Loss     : 1.2099	 | 	Valid Accuracy     : 0.5308

Epoch : 23
Train Loss     : 0.5169	 | 	Train Accuracy     : 0.7927
Valid Loss     : 1.2431	 | 	Valid Accuracy     : 0.5269

Epoch : 24
Train Loss     : 0.5137	 | 	Train Accuracy     : 0.8039
Valid Loss     : 1.2265	 | 	Valid Accuracy     : 0.5332

Epoch : 25
Train Loss     : 0.5117	 | 	Train Accuracy     : 0.8000
Valid Loss     : 1.2208	 | 	Valid Accuracy     : 0.5410

Epoch : 26
Train Loss     : 0.5093	 | 	Train Accuracy     : 0.8026
Valid Loss     : 1.2184	 | 	Valid Accuracy     : 0.5356

Epoch : 27
Train Loss     : 0.5027	 | 	Train Accuracy     : 0.8062
Valid Loss     : 1.2197	 | 	Valid Accuracy     : 0.5342

Epoch : 28
Train Loss     : 0.5187	 | 	Train Accuracy     : 0.7901
Valid Loss     : 1.2203	 | 	Valid Accuracy     : 0.5366

Epoch : 29
Train Loss     : 0.5074	 | 	Train Accuracy     : 0.7992
Valid Loss     : 1.2150	 | 	Valid Accuracy     : 0.5327

Epoch : 30
Train Loss     : 0.4993	 | 	Train Accuracy     : 0.8034
Valid Loss     : 1.2082	 | 	Valid Accuracy     : 0.5400

Evaluate on the Test set:
Test loss      :1.2487	 | Test Accuracy      : 0.5421 | Test AUPRC      : 0.4550
tensor([0.9181, 0.9531, 0.9869, 0.9285, 0.9262, 0.9757, 0.8967, 0.9185, 0.8705,
        0.8996, 0.8953, 0.9009, 0.9105, 0.9502, 0.9548, 0.8713, 0.9163, 0.9375,
        0.9220, 0.9310, 0.9554, 0.8934, 0.9332, 1.0248, 0.9229, 0.8982, 0.9551,
        0.9624, 0.8784, 0.8505, 0.9371, 0.9735, 0.8667, 0.8856, 0.8619, 0.9007,
        0.8774, 0.8774, 0.8811, 0.8842, 0.9292, 0.9345, 0.8638, 0.8542, 0.9032,
        0.9357, 0.9019, 0.8507, 0.8419, 0.9233, 0.8764, 0.8761, 0.8517, 0.8975,
        0.8586, 0.8198, 0.8646, 0.9286, 0.9213, 0.8324, 0.8912, 0.9053],
       device='cuda:0', grad_fn=<SqueezeBackward1>)

################## Training is Done! #########################
Training time is : 0:00:39.040345
