=============================================
Dataset: SEED
Method:  TS-TCC
Mode:    train_linear
=============================================
Data loaded ...
Subjet 2
if scale True
Training started ....

Epoch : 1
Train Loss     : 1.6853	 | 	Train Accuracy     : 0.3823
Valid Loss     : 1.4482	 | 	Valid Accuracy     : 0.3179

Epoch : 2
Train Loss     : 0.9252	 | 	Train Accuracy     : 0.5971
Valid Loss     : 1.2780	 | 	Valid Accuracy     : 0.4155

Epoch : 3
Train Loss     : 0.7870	 | 	Train Accuracy     : 0.6412
Valid Loss     : 2.2294	 | 	Valid Accuracy     : 0.3579

Epoch : 4
Train Loss     : 0.6495	 | 	Train Accuracy     : 0.7299
Valid Loss     : 1.9826	 | 	Valid Accuracy     : 0.4961

Epoch : 5
Train Loss     : 0.6243	 | 	Train Accuracy     : 0.7327
Valid Loss     : 1.7275	 | 	Valid Accuracy     : 0.4941

Epoch : 6
Train Loss     : 0.5717	 | 	Train Accuracy     : 0.7662
Valid Loss     : 1.7289	 | 	Valid Accuracy     : 0.4966

Epoch : 7
Train Loss     : 0.5878	 | 	Train Accuracy     : 0.7573
Valid Loss     : 1.6123	 | 	Valid Accuracy     : 0.5317

Epoch : 8
Train Loss     : 0.5854	 | 	Train Accuracy     : 0.7595
Valid Loss     : 1.9327	 | 	Valid Accuracy     : 0.4937

Epoch : 9
Train Loss     : 0.5425	 | 	Train Accuracy     : 0.7734
Valid Loss     : 2.0800	 | 	Valid Accuracy     : 0.4707

Epoch : 10
Train Loss     : 0.5290	 | 	Train Accuracy     : 0.7930
Valid Loss     : 2.1976	 | 	Valid Accuracy     : 0.4829

Epoch : 11
Train Loss     : 0.5327	 | 	Train Accuracy     : 0.7790
Valid Loss     : 2.2879	 | 	Valid Accuracy     : 0.4829

Epoch : 12
Train Loss     : 0.5192	 | 	Train Accuracy     : 0.7941
Valid Loss     : 2.4937	 | 	Valid Accuracy     : 0.4707

Epoch : 13
Train Loss     : 0.4535	 | 	Train Accuracy     : 0.8315
Valid Loss     : 2.2257	 | 	Valid Accuracy     : 0.5117

Epoch : 14
Train Loss     : 0.4979	 | 	Train Accuracy     : 0.8069
Valid Loss     : 2.3049	 | 	Valid Accuracy     : 0.5122

Epoch : 15
Train Loss     : 0.4705	 | 	Train Accuracy     : 0.8292
Valid Loss     : 2.2949	 | 	Valid Accuracy     : 0.4971

Epoch : 16
Train Loss     : 0.4718	 | 	Train Accuracy     : 0.8231
Valid Loss     : 2.2706	 | 	Valid Accuracy     : 0.4990

Epoch : 17
Train Loss     : 0.4447	 | 	Train Accuracy     : 0.8415
Valid Loss     : 2.2294	 | 	Valid Accuracy     : 0.5029

Epoch : 18
Train Loss     : 0.4556	 | 	Train Accuracy     : 0.8371
Valid Loss     : 2.1791	 | 	Valid Accuracy     : 0.5078

Epoch : 19
Train Loss     : 0.4635	 | 	Train Accuracy     : 0.8292
Valid Loss     : 2.2421	 | 	Valid Accuracy     : 0.5088

Epoch : 20
Train Loss     : 0.4598	 | 	Train Accuracy     : 0.8287
Valid Loss     : 2.3103	 | 	Valid Accuracy     : 0.4995

Epoch : 21
Train Loss     : 0.4537	 | 	Train Accuracy     : 0.8337
Valid Loss     : 2.3437	 | 	Valid Accuracy     : 0.4961

Epoch : 22
Train Loss     : 0.4670	 | 	Train Accuracy     : 0.8259
Valid Loss     : 2.1857	 | 	Valid Accuracy     : 0.5029

Epoch : 23
Train Loss     : 0.4702	 | 	Train Accuracy     : 0.8158
Valid Loss     : 2.2188	 | 	Valid Accuracy     : 0.4976

Epoch : 24
Train Loss     : 0.4773	 | 	Train Accuracy     : 0.8203
Valid Loss     : 2.2150	 | 	Valid Accuracy     : 0.4941

Epoch : 25
Train Loss     : 0.4502	 | 	Train Accuracy     : 0.8343
Valid Loss     : 2.2698	 | 	Valid Accuracy     : 0.4927

Epoch : 26
Train Loss     : 0.4560	 | 	Train Accuracy     : 0.8365
Valid Loss     : 2.1760	 | 	Valid Accuracy     : 0.4971

Epoch : 27
Train Loss     : 0.4575	 | 	Train Accuracy     : 0.8276
Valid Loss     : 2.1468	 | 	Valid Accuracy     : 0.5049

Epoch : 28
Train Loss     : 0.4523	 | 	Train Accuracy     : 0.8404
Valid Loss     : 2.2251	 | 	Valid Accuracy     : 0.4976

Epoch : 29
Train Loss     : 0.4651	 | 	Train Accuracy     : 0.8265
Valid Loss     : 2.3547	 | 	Valid Accuracy     : 0.4927

Epoch : 30
Train Loss     : 0.4666	 | 	Train Accuracy     : 0.8281
Valid Loss     : 2.3219	 | 	Valid Accuracy     : 0.4966

Evaluate on the Test set:
Test loss      :1.3375	 | Test Accuracy      : 0.4901 | Test AUPRC      : 0.4322
tensor([0.9549, 0.9596, 1.0102, 0.9654, 0.9532, 0.9771, 0.9625, 0.9437, 0.9433,
        0.9322, 0.9413, 0.9375, 0.9352, 0.9514, 0.9730, 0.9523, 0.9369, 0.9482,
        0.9208, 0.9420, 0.9608, 0.9339, 0.9720, 1.0226, 0.9471, 0.9354, 0.9603,
        0.9283, 0.9756, 0.9367, 0.9610, 0.9492, 0.9638, 0.9250, 0.9320, 0.9495,
        0.9505, 0.9498, 0.9514, 0.9184, 0.9752, 0.9687, 0.9662, 0.9960, 0.9593,
        0.9507, 0.9240, 0.9476, 0.9361, 0.9432, 0.9264, 0.9423, 0.9240, 0.9395,
        0.9331, 0.9064, 0.9426, 0.9689, 0.9667, 0.9367, 0.9365, 0.9310],
       device='cuda:0', grad_fn=<SqueezeBackward1>)

################## Training is Done! #########################
Training time is : 0:00:27.829718
