=============================================
Dataset: SEED
Method:  TS-TCC
Mode:    train_linear
=============================================
Data loaded ...
Subjet 4
if scale True
Training started ....

Epoch : 1
Train Loss     : 1.1124	 | 	Train Accuracy     : 0.5115
Valid Loss     : 1.0080	 | 	Valid Accuracy     : 0.4722

Epoch : 2
Train Loss     : 0.7351	 | 	Train Accuracy     : 0.7047
Valid Loss     : 1.0876	 | 	Valid Accuracy     : 0.5454

Epoch : 3
Train Loss     : 0.6001	 | 	Train Accuracy     : 0.7745
Valid Loss     : 1.0609	 | 	Valid Accuracy     : 0.5703

Epoch : 4
Train Loss     : 0.5588	 | 	Train Accuracy     : 0.7927
Valid Loss     : 0.9966	 | 	Valid Accuracy     : 0.6074

Epoch : 5
Train Loss     : 0.5277	 | 	Train Accuracy     : 0.8070
Valid Loss     : 0.9837	 | 	Valid Accuracy     : 0.5933

Epoch : 6
Train Loss     : 0.5322	 | 	Train Accuracy     : 0.8060
Valid Loss     : 0.9723	 | 	Valid Accuracy     : 0.6030

Epoch : 7
Train Loss     : 0.5155	 | 	Train Accuracy     : 0.8122
Valid Loss     : 1.1433	 | 	Valid Accuracy     : 0.6055

Epoch : 8
Train Loss     : 0.5291	 | 	Train Accuracy     : 0.7945
Valid Loss     : 1.0558	 | 	Valid Accuracy     : 0.6123

Epoch : 9
Train Loss     : 0.5092	 | 	Train Accuracy     : 0.8070
Valid Loss     : 1.0132	 | 	Valid Accuracy     : 0.6050

Epoch : 10
Train Loss     : 0.4746	 | 	Train Accuracy     : 0.8333
Valid Loss     : 1.0931	 | 	Valid Accuracy     : 0.6089

Epoch : 11
Train Loss     : 0.4591	 | 	Train Accuracy     : 0.8401
Valid Loss     : 1.0572	 | 	Valid Accuracy     : 0.6055

Epoch : 12
Train Loss     : 0.4611	 | 	Train Accuracy     : 0.8344
Valid Loss     : 1.2828	 | 	Valid Accuracy     : 0.5869

Epoch : 13
Train Loss     : 0.4742	 | 	Train Accuracy     : 0.8276
Valid Loss     : 1.0760	 | 	Valid Accuracy     : 0.6152

Epoch : 14
Train Loss     : 0.4550	 | 	Train Accuracy     : 0.8320
Valid Loss     : 1.0199	 | 	Valid Accuracy     : 0.6099

Epoch : 15
Train Loss     : 0.4450	 | 	Train Accuracy     : 0.8422
Valid Loss     : 1.2290	 | 	Valid Accuracy     : 0.6143

Epoch : 16
Train Loss     : 0.4467	 | 	Train Accuracy     : 0.8398
Valid Loss     : 1.1784	 | 	Valid Accuracy     : 0.6128

Epoch : 17
Train Loss     : 0.4730	 | 	Train Accuracy     : 0.8224
Valid Loss     : 1.0647	 | 	Valid Accuracy     : 0.6152

Epoch : 18
Train Loss     : 0.4250	 | 	Train Accuracy     : 0.8495
Valid Loss     : 1.1803	 | 	Valid Accuracy     : 0.6133

Epoch : 19
Train Loss     : 0.4263	 | 	Train Accuracy     : 0.8516
Valid Loss     : 1.1358	 | 	Valid Accuracy     : 0.6157

Epoch : 20
Train Loss     : 0.4181	 | 	Train Accuracy     : 0.8542
Valid Loss     : 1.1552	 | 	Valid Accuracy     : 0.6162

Epoch : 21
Train Loss     : 0.4183	 | 	Train Accuracy     : 0.8510
Valid Loss     : 1.1337	 | 	Valid Accuracy     : 0.6187

Epoch : 22
Train Loss     : 0.4218	 | 	Train Accuracy     : 0.8500
Valid Loss     : 1.1779	 | 	Valid Accuracy     : 0.6152

Epoch : 23
Train Loss     : 0.4149	 | 	Train Accuracy     : 0.8552
Valid Loss     : 1.1203	 | 	Valid Accuracy     : 0.6167

Epoch : 24
Train Loss     : 0.4197	 | 	Train Accuracy     : 0.8513
Valid Loss     : 1.1674	 | 	Valid Accuracy     : 0.6147

Epoch : 25
Train Loss     : 0.4125	 | 	Train Accuracy     : 0.8573
Valid Loss     : 1.1558	 | 	Valid Accuracy     : 0.6182

Epoch : 26
Train Loss     : 0.4196	 | 	Train Accuracy     : 0.8552
Valid Loss     : 1.1567	 | 	Valid Accuracy     : 0.6147

Epoch : 27
Train Loss     : 0.4131	 | 	Train Accuracy     : 0.8576
Valid Loss     : 1.1463	 | 	Valid Accuracy     : 0.6177

Epoch : 28
Train Loss     : 0.4175	 | 	Train Accuracy     : 0.8513
Valid Loss     : 1.1737	 | 	Valid Accuracy     : 0.6104

Epoch : 29
Train Loss     : 0.4073	 | 	Train Accuracy     : 0.8583
Valid Loss     : 1.1581	 | 	Valid Accuracy     : 0.6167

Epoch : 30
Train Loss     : 0.4134	 | 	Train Accuracy     : 0.8576
Valid Loss     : 1.1605	 | 	Valid Accuracy     : 0.6152

Evaluate on the Test set:
Test loss      :1.2778	 | Test Accuracy      : 0.5656 | Test AUPRC      : 0.5180
tensor([0.8898, 0.9367, 0.9690, 0.8807, 0.8386, 0.9972, 0.8958, 0.7794, 0.8780,
        0.8540, 0.8358, 0.7859, 0.9313, 0.9545, 0.8826, 0.8741, 0.8705, 0.8055,
        0.7831, 0.8765, 0.9050, 0.7893, 0.9046, 1.0156, 0.9742, 0.9072, 0.8802,
        0.8112, 0.7881, 0.7861, 0.8722, 1.0051, 0.9963, 0.7895, 0.7576, 0.9218,
        0.9069, 0.8468, 0.7907, 0.8173, 0.9420, 0.8936, 0.8622, 0.8619, 0.7981,
        0.8913, 0.8185, 0.9262, 0.8783, 0.7771, 0.7954, 0.7841, 0.8107, 0.8745,
        0.8029, 0.8769, 0.8585, 0.7755, 0.8103, 0.7907, 0.9110, 0.8671],
       device='cuda:0', grad_fn=<SqueezeBackward1>)

################## Training is Done! #########################
Training time is : 0:00:38.729957
