=============================================
Dataset: SEED
Method:  TS-TCC
Mode:    train_linear
=============================================
Data loaded ...
Subjet 11
if scale True
Training started ....

Epoch : 1
Train Loss     : 0.8255	 | 	Train Accuracy     : 0.6399
Valid Loss     : 1.0520	 | 	Valid Accuracy     : 0.5664

Epoch : 2
Train Loss     : 0.4891	 | 	Train Accuracy     : 0.7981
Valid Loss     : 0.4578	 | 	Valid Accuracy     : 0.8032

Epoch : 3
Train Loss     : 0.4167	 | 	Train Accuracy     : 0.8351
Valid Loss     : 0.5513	 | 	Valid Accuracy     : 0.7524

Epoch : 4
Train Loss     : 0.3831	 | 	Train Accuracy     : 0.8567
Valid Loss     : 0.5146	 | 	Valid Accuracy     : 0.7900

Epoch : 5
Train Loss     : 0.3624	 | 	Train Accuracy     : 0.8657
Valid Loss     : 0.4662	 | 	Valid Accuracy     : 0.8052

Epoch : 6
Train Loss     : 0.3662	 | 	Train Accuracy     : 0.8585
Valid Loss     : 0.4382	 | 	Valid Accuracy     : 0.8198

Epoch : 7
Train Loss     : 0.3724	 | 	Train Accuracy     : 0.8565
Valid Loss     : 0.4774	 | 	Valid Accuracy     : 0.8062

Epoch : 8
Train Loss     : 0.3417	 | 	Train Accuracy     : 0.8728
Valid Loss     : 0.4227	 | 	Valid Accuracy     : 0.8198

Epoch : 9
Train Loss     : 0.3315	 | 	Train Accuracy     : 0.8794
Valid Loss     : 0.4200	 | 	Valid Accuracy     : 0.8184

Epoch : 10
Train Loss     : 0.3514	 | 	Train Accuracy     : 0.8624
Valid Loss     : 0.4343	 | 	Valid Accuracy     : 0.8208

Epoch : 11
Train Loss     : 0.3326	 | 	Train Accuracy     : 0.8757
Valid Loss     : 0.5028	 | 	Valid Accuracy     : 0.7959

Epoch : 12
Train Loss     : 0.3285	 | 	Train Accuracy     : 0.8753
Valid Loss     : 0.4650	 | 	Valid Accuracy     : 0.8052

Epoch : 13
Train Loss     : 0.3354	 | 	Train Accuracy     : 0.8691
Valid Loss     : 0.4489	 | 	Valid Accuracy     : 0.8091

Epoch : 14
Train Loss     : 0.3415	 | 	Train Accuracy     : 0.8702
Valid Loss     : 0.4578	 | 	Valid Accuracy     : 0.8159

Epoch : 15
Train Loss     : 0.3317	 | 	Train Accuracy     : 0.8750
Valid Loss     : 0.4164	 | 	Valid Accuracy     : 0.8281

Epoch : 16
Train Loss     : 0.3212	 | 	Train Accuracy     : 0.8764
Valid Loss     : 0.4210	 | 	Valid Accuracy     : 0.8188

Epoch : 17
Train Loss     : 0.3149	 | 	Train Accuracy     : 0.8796
Valid Loss     : 0.4108	 | 	Valid Accuracy     : 0.8184

Epoch : 18
Train Loss     : 0.3204	 | 	Train Accuracy     : 0.8782
Valid Loss     : 0.4155	 | 	Valid Accuracy     : 0.8169

Epoch : 19
Train Loss     : 0.3192	 | 	Train Accuracy     : 0.8794
Valid Loss     : 0.4491	 | 	Valid Accuracy     : 0.8140

Epoch : 20
Train Loss     : 0.3291	 | 	Train Accuracy     : 0.8723
Valid Loss     : 0.4894	 | 	Valid Accuracy     : 0.7915

Epoch : 21
Train Loss     : 0.2981	 | 	Train Accuracy     : 0.8906
Valid Loss     : 0.4463	 | 	Valid Accuracy     : 0.8169

Epoch : 22
Train Loss     : 0.3082	 | 	Train Accuracy     : 0.8803
Valid Loss     : 0.4795	 | 	Valid Accuracy     : 0.8013

Epoch : 23
Train Loss     : 0.3049	 | 	Train Accuracy     : 0.8816
Valid Loss     : 0.4686	 | 	Valid Accuracy     : 0.7979

Epoch : 24
Train Loss     : 0.2964	 | 	Train Accuracy     : 0.8847
Valid Loss     : 0.4293	 | 	Valid Accuracy     : 0.8213

Epoch : 25
Train Loss     : 0.3015	 | 	Train Accuracy     : 0.8860
Valid Loss     : 0.4066	 | 	Valid Accuracy     : 0.8208

Epoch : 26
Train Loss     : 0.3143	 | 	Train Accuracy     : 0.8794
Valid Loss     : 0.4464	 | 	Valid Accuracy     : 0.8159

Epoch : 27
Train Loss     : 0.3191	 | 	Train Accuracy     : 0.8769
Valid Loss     : 0.4574	 | 	Valid Accuracy     : 0.8096

Epoch : 28
Train Loss     : 0.2983	 | 	Train Accuracy     : 0.8835
Valid Loss     : 0.4626	 | 	Valid Accuracy     : 0.8115

Epoch : 29
Train Loss     : 0.3241	 | 	Train Accuracy     : 0.8760
Valid Loss     : 0.4546	 | 	Valid Accuracy     : 0.8115

Epoch : 30
Train Loss     : 0.3007	 | 	Train Accuracy     : 0.8838
Valid Loss     : 0.4460	 | 	Valid Accuracy     : 0.8193

Evaluate on the Test set:
Test loss      :0.6970	 | Test Accuracy      : 0.7961 | Test AUPRC      : 0.5682
tensor([0.6282, 0.7056, 0.9101, 0.7776, 0.8576, 0.8236, 0.9286, 0.7727, 0.7460,
        0.7642, 0.6453, 0.7876, 0.9056, 0.7977, 0.6503, 0.5975, 0.8280, 0.4983,
        0.4830, 0.8699, 0.7092, 0.7246, 0.9915, 0.8488, 0.7923, 0.8194, 0.7665,
        0.6168, 0.6097, 0.5822, 0.6917, 0.6633, 0.8624, 0.6299, 0.5165, 0.7075,
        0.6690, 0.6600, 0.5358, 0.6693, 0.9237, 0.8116, 0.5971, 0.7816, 0.6715,
        0.8122, 0.5482, 0.6800, 0.7420, 0.4566, 0.7216, 0.6844, 0.6820, 0.5921,
        0.4945, 0.4261, 0.5475, 0.8434, 0.9221, 0.7494, 0.6538, 0.8658],
       device='cuda:0', grad_fn=<SqueezeBackward1>)

################## Training is Done! #########################
Training time is : 0:00:49.049490
