=============================================
Dataset: SEED
Method:  TS-TCC
Mode:    train_linear
=============================================
Data loaded ...
Subjet 1
if scale True
Training started ....

Epoch : 1
Train Loss     : 1.0680	 | 	Train Accuracy     : 0.5285
Valid Loss     : 1.1917	 | 	Valid Accuracy     : 0.4487

Epoch : 2
Train Loss     : 0.7312	 | 	Train Accuracy     : 0.6940
Valid Loss     : 0.8358	 | 	Valid Accuracy     : 0.6387

Epoch : 3
Train Loss     : 0.7043	 | 	Train Accuracy     : 0.6895
Valid Loss     : 0.8973	 | 	Valid Accuracy     : 0.5728

Epoch : 4
Train Loss     : 0.6783	 | 	Train Accuracy     : 0.7125
Valid Loss     : 0.8542	 | 	Valid Accuracy     : 0.6128

Epoch : 5
Train Loss     : 0.6308	 | 	Train Accuracy     : 0.7385
Valid Loss     : 0.8483	 | 	Valid Accuracy     : 0.6099

Epoch : 6
Train Loss     : 0.6243	 | 	Train Accuracy     : 0.7435
Valid Loss     : 0.8927	 | 	Valid Accuracy     : 0.6021

Epoch : 7
Train Loss     : 0.6117	 | 	Train Accuracy     : 0.7486
Valid Loss     : 0.9238	 | 	Valid Accuracy     : 0.5610

Epoch : 8
Train Loss     : 0.6086	 | 	Train Accuracy     : 0.7497
Valid Loss     : 0.9393	 | 	Valid Accuracy     : 0.5698

Epoch : 9
Train Loss     : 0.6218	 | 	Train Accuracy     : 0.7418
Valid Loss     : 0.9088	 | 	Valid Accuracy     : 0.5884

Epoch : 10
Train Loss     : 0.6139	 | 	Train Accuracy     : 0.7391
Valid Loss     : 0.9008	 | 	Valid Accuracy     : 0.6025

Epoch : 11
Train Loss     : 0.6014	 | 	Train Accuracy     : 0.7466
Valid Loss     : 0.9212	 | 	Valid Accuracy     : 0.5928

Epoch : 12
Train Loss     : 0.6071	 | 	Train Accuracy     : 0.7500
Valid Loss     : 0.8958	 | 	Valid Accuracy     : 0.5942

Epoch : 13
Train Loss     : 0.5892	 | 	Train Accuracy     : 0.7534
Valid Loss     : 0.9221	 | 	Valid Accuracy     : 0.5830

Epoch : 14
Train Loss     : 0.5657	 | 	Train Accuracy     : 0.7675
Valid Loss     : 0.9012	 | 	Valid Accuracy     : 0.5933

Epoch : 15
Train Loss     : 0.5619	 | 	Train Accuracy     : 0.7721
Valid Loss     : 0.9033	 | 	Valid Accuracy     : 0.5957

Epoch : 16
Train Loss     : 0.5599	 | 	Train Accuracy     : 0.7682
Valid Loss     : 0.8909	 | 	Valid Accuracy     : 0.6050

Epoch : 17
Train Loss     : 0.5665	 | 	Train Accuracy     : 0.7692
Valid Loss     : 0.9078	 | 	Valid Accuracy     : 0.5806

Epoch : 18
Train Loss     : 0.5598	 | 	Train Accuracy     : 0.7717
Valid Loss     : 0.8936	 | 	Valid Accuracy     : 0.5942

Epoch : 19
Train Loss     : 0.5569	 | 	Train Accuracy     : 0.7731
Valid Loss     : 0.9125	 | 	Valid Accuracy     : 0.5806

Epoch : 20
Train Loss     : 0.5618	 | 	Train Accuracy     : 0.7714
Valid Loss     : 0.9111	 | 	Valid Accuracy     : 0.5898

Epoch : 21
Train Loss     : 0.5612	 | 	Train Accuracy     : 0.7704
Valid Loss     : 0.8945	 | 	Valid Accuracy     : 0.6045

Epoch : 22
Train Loss     : 0.5603	 | 	Train Accuracy     : 0.7707
Valid Loss     : 0.9080	 | 	Valid Accuracy     : 0.5957

Epoch : 23
Train Loss     : 0.5583	 | 	Train Accuracy     : 0.7750
Valid Loss     : 0.9100	 | 	Valid Accuracy     : 0.5859

Epoch : 24
Train Loss     : 0.5347	 | 	Train Accuracy     : 0.7874
Valid Loss     : 0.9180	 | 	Valid Accuracy     : 0.5742

Epoch : 25
Train Loss     : 0.5535	 | 	Train Accuracy     : 0.7704
Valid Loss     : 0.9100	 | 	Valid Accuracy     : 0.5806

Epoch : 26
Train Loss     : 0.5496	 | 	Train Accuracy     : 0.7799
Valid Loss     : 0.8934	 | 	Valid Accuracy     : 0.5977

Epoch : 27
Train Loss     : 0.5499	 | 	Train Accuracy     : 0.7760
Valid Loss     : 0.8921	 | 	Valid Accuracy     : 0.5903

Epoch : 28
Train Loss     : 0.5444	 | 	Train Accuracy     : 0.7812
Valid Loss     : 0.8996	 | 	Valid Accuracy     : 0.5879

Epoch : 29
Train Loss     : 0.5554	 | 	Train Accuracy     : 0.7802
Valid Loss     : 0.8977	 | 	Valid Accuracy     : 0.5928

Epoch : 30
Train Loss     : 0.5430	 | 	Train Accuracy     : 0.7804
Valid Loss     : 0.8953	 | 	Valid Accuracy     : 0.5928

Evaluate on the Test set:
Test loss      :0.7188	 | Test Accuracy      : 0.6794 | Test AUPRC      : 0.5653
tensor([0.8008, 0.8403, 0.8438, 0.9418, 0.8451, 0.8679, 0.8402, 0.7629, 0.8673,
        0.8156, 0.8777, 0.8162, 0.9269, 0.9061, 0.8763, 0.9030, 0.7813, 0.7946,
        0.7405, 0.9313, 0.8977, 0.8383, 0.9223, 1.0038, 0.9336, 0.9193, 0.8697,
        0.7337, 0.7936, 0.7793, 0.8243, 0.8792, 0.8807, 0.7580, 0.7796, 0.8048,
        0.8163, 0.8191, 0.8812, 0.7640, 0.9389, 0.9181, 0.8313, 0.9248, 0.8610,
        0.8609, 0.7928, 0.7752, 0.7839, 0.9603, 0.7416, 0.7811, 0.7681, 0.7692,
        0.7398, 0.8702, 0.7723, 0.9078, 0.8665, 0.7571, 0.8880, 0.8455],
       device='cuda:0', grad_fn=<SqueezeBackward1>)

################## Training is Done! #########################
Training time is : 0:00:51.949927
