=============================================
Dataset: SEED
Method:  TS-TCC
Mode:    train_linear
=============================================
Data loaded ...
Subjet 15
if scale True
Training started ....

Epoch : 1
Train Loss     : 0.9445	 | 	Train Accuracy     : 0.5826
Valid Loss     : 0.6613	 | 	Valid Accuracy     : 0.6509

Epoch : 2
Train Loss     : 0.3340	 | 	Train Accuracy     : 0.8845
Valid Loss     : 0.4617	 | 	Valid Accuracy     : 0.8013

Epoch : 3
Train Loss     : 0.1900	 | 	Train Accuracy     : 0.9537
Valid Loss     : 0.5448	 | 	Valid Accuracy     : 0.7739

Epoch : 4
Train Loss     : 0.1602	 | 	Train Accuracy     : 0.9565
Valid Loss     : 0.5738	 | 	Valid Accuracy     : 0.8652

Epoch : 5
Train Loss     : 0.1335	 | 	Train Accuracy     : 0.9715
Valid Loss     : 1.1177	 | 	Valid Accuracy     : 0.7563

Epoch : 6
Train Loss     : 0.1011	 | 	Train Accuracy     : 0.9699
Valid Loss     : 1.1312	 | 	Valid Accuracy     : 0.7861

Epoch : 7
Train Loss     : 0.0878	 | 	Train Accuracy     : 0.9821
Valid Loss     : 1.5519	 | 	Valid Accuracy     : 0.7690

Epoch : 8
Train Loss     : 0.0815	 | 	Train Accuracy     : 0.9777
Valid Loss     : 1.7485	 | 	Valid Accuracy     : 0.7788

Epoch : 9
Train Loss     : 0.0669	 | 	Train Accuracy     : 0.9872
Valid Loss     : 1.8456	 | 	Valid Accuracy     : 0.7715

Epoch : 10
Train Loss     : 0.0663	 | 	Train Accuracy     : 0.9849
Valid Loss     : 1.6665	 | 	Valid Accuracy     : 0.7876

Epoch : 11
Train Loss     : 0.0536	 | 	Train Accuracy     : 0.9900
Valid Loss     : 1.8567	 | 	Valid Accuracy     : 0.7666

Epoch : 12
Train Loss     : 0.0498	 | 	Train Accuracy     : 0.9911
Valid Loss     : 1.7955	 | 	Valid Accuracy     : 0.7866

Epoch : 13
Train Loss     : 0.0490	 | 	Train Accuracy     : 0.9905
Valid Loss     : 2.0830	 | 	Valid Accuracy     : 0.7700

Epoch : 14
Train Loss     : 0.0486	 | 	Train Accuracy     : 0.9877
Valid Loss     : 2.4828	 | 	Valid Accuracy     : 0.7695

Epoch : 15
Train Loss     : 0.0414	 | 	Train Accuracy     : 0.9950
Valid Loss     : 2.3743	 | 	Valid Accuracy     : 0.7734

Epoch : 16
Train Loss     : 0.0416	 | 	Train Accuracy     : 0.9939
Valid Loss     : 2.1855	 | 	Valid Accuracy     : 0.7788

Epoch : 17
Train Loss     : 0.0430	 | 	Train Accuracy     : 0.9927
Valid Loss     : 2.5022	 | 	Valid Accuracy     : 0.7764

Epoch : 18
Train Loss     : 0.0450	 | 	Train Accuracy     : 0.9922
Valid Loss     : 2.6262	 | 	Valid Accuracy     : 0.7759

Epoch : 19
Train Loss     : 0.0415	 | 	Train Accuracy     : 0.9944
Valid Loss     : 2.7211	 | 	Valid Accuracy     : 0.7720

Epoch : 20
Train Loss     : 0.0437	 | 	Train Accuracy     : 0.9900
Valid Loss     : 2.4053	 | 	Valid Accuracy     : 0.7778

Epoch : 21
Train Loss     : 0.0441	 | 	Train Accuracy     : 0.9944
Valid Loss     : 2.3058	 | 	Valid Accuracy     : 0.7773

Epoch : 22
Train Loss     : 0.0439	 | 	Train Accuracy     : 0.9944
Valid Loss     : 1.9961	 | 	Valid Accuracy     : 0.7778

Epoch : 23
Train Loss     : 0.0441	 | 	Train Accuracy     : 0.9927
Valid Loss     : 2.1201	 | 	Valid Accuracy     : 0.7749

Epoch : 24
Train Loss     : 0.0432	 | 	Train Accuracy     : 0.9933
Valid Loss     : 2.0355	 | 	Valid Accuracy     : 0.7754

Epoch : 25
Train Loss     : 0.0428	 | 	Train Accuracy     : 0.9927
Valid Loss     : 1.9302	 | 	Valid Accuracy     : 0.7764

Epoch : 26
Train Loss     : 0.0415	 | 	Train Accuracy     : 0.9927
Valid Loss     : 1.7525	 | 	Valid Accuracy     : 0.7769

Epoch : 27
Train Loss     : 0.0418	 | 	Train Accuracy     : 0.9939
Valid Loss     : 1.9242	 | 	Valid Accuracy     : 0.7764

Epoch : 28
Train Loss     : 0.0428	 | 	Train Accuracy     : 0.9939
Valid Loss     : 1.9346	 | 	Valid Accuracy     : 0.7759

Epoch : 29
Train Loss     : 0.0418	 | 	Train Accuracy     : 0.9922
Valid Loss     : 2.0841	 | 	Valid Accuracy     : 0.7759

Epoch : 30
Train Loss     : 0.0377	 | 	Train Accuracy     : 0.9944
Valid Loss     : 2.4365	 | 	Valid Accuracy     : 0.7764

Evaluate on the Test set:
Test loss      :69.4905	 | Test Accuracy      : 0.5409 | Test AUPRC      : 0.5428
tensor([0.9407, 0.9363, 0.9461, 1.0275, 0.9236, 0.9208, 0.9873, 0.9252, 0.9345,
        0.9296, 0.9272, 0.9183, 0.9535, 0.9362, 0.9461, 0.9447, 0.9205, 0.9397,
        0.9772, 0.9610, 0.9284, 0.9222, 0.9619, 1.0037, 0.9467, 0.9241, 0.9509,
        0.9188, 0.9254, 0.9269, 0.9647, 1.0041, 0.9469, 0.9161, 0.9110, 0.9471,
        0.9313, 0.9289, 0.9314, 1.0078, 0.9713, 0.9667, 0.9297, 0.9120, 0.9462,
        0.9252, 0.9255, 0.9205, 0.9176, 0.9370, 0.9200, 0.9248, 0.9198, 0.9240,
        0.9296, 0.9038, 0.9193, 0.9838, 0.9814, 0.9161, 0.9469, 0.9292],
       device='cuda:0', grad_fn=<SqueezeBackward1>)

################## Training is Done! #########################
Training time is : 0:00:22.757992
