=============================================
Dataset: SEED
Method:  TS-TCC
Mode:    train_linear
=============================================
Data loaded ...
Subjet 10
if scale True
Training started ....

Epoch : 1
Train Loss     : 1.2367	 | 	Train Accuracy     : 0.4079
Valid Loss     : 1.9091	 | 	Valid Accuracy     : 0.3467

Epoch : 2
Train Loss     : 0.6720	 | 	Train Accuracy     : 0.6724
Valid Loss     : 1.3564	 | 	Valid Accuracy     : 0.3901

Epoch : 3
Train Loss     : 0.5972	 | 	Train Accuracy     : 0.7271
Valid Loss     : 2.0387	 | 	Valid Accuracy     : 0.3652

Epoch : 4
Train Loss     : 0.5361	 | 	Train Accuracy     : 0.7478
Valid Loss     : 1.6313	 | 	Valid Accuracy     : 0.4282

Epoch : 5
Train Loss     : 0.4807	 | 	Train Accuracy     : 0.7818
Valid Loss     : 2.1719	 | 	Valid Accuracy     : 0.3809

Epoch : 6
Train Loss     : 0.4695	 | 	Train Accuracy     : 0.7924
Valid Loss     : 1.6909	 | 	Valid Accuracy     : 0.4639

Epoch : 7
Train Loss     : 0.4297	 | 	Train Accuracy     : 0.8382
Valid Loss     : 1.5140	 | 	Valid Accuracy     : 0.4404

Epoch : 8
Train Loss     : 0.4264	 | 	Train Accuracy     : 0.8203
Valid Loss     : 1.4988	 | 	Valid Accuracy     : 0.4722

Epoch : 9
Train Loss     : 0.4042	 | 	Train Accuracy     : 0.8259
Valid Loss     : 1.5885	 | 	Valid Accuracy     : 0.4438

Epoch : 10
Train Loss     : 0.3493	 | 	Train Accuracy     : 0.8594
Valid Loss     : 1.5111	 | 	Valid Accuracy     : 0.5239

Epoch : 11
Train Loss     : 0.3739	 | 	Train Accuracy     : 0.8555
Valid Loss     : 1.5766	 | 	Valid Accuracy     : 0.5259

Epoch : 12
Train Loss     : 0.3611	 | 	Train Accuracy     : 0.8477
Valid Loss     : 1.6901	 | 	Valid Accuracy     : 0.4829

Epoch : 13
Train Loss     : 0.3688	 | 	Train Accuracy     : 0.8622
Valid Loss     : 1.9572	 | 	Valid Accuracy     : 0.4956

Epoch : 14
Train Loss     : 0.3361	 | 	Train Accuracy     : 0.8705
Valid Loss     : 1.9753	 | 	Valid Accuracy     : 0.4697

Epoch : 15
Train Loss     : 0.3408	 | 	Train Accuracy     : 0.8638
Valid Loss     : 1.9452	 | 	Valid Accuracy     : 0.4756

Epoch : 16
Train Loss     : 0.3323	 | 	Train Accuracy     : 0.8744
Valid Loss     : 1.9046	 | 	Valid Accuracy     : 0.4692

Epoch : 17
Train Loss     : 0.2845	 | 	Train Accuracy     : 0.9023
Valid Loss     : 1.7754	 | 	Valid Accuracy     : 0.5322

Epoch : 18
Train Loss     : 0.3197	 | 	Train Accuracy     : 0.8839
Valid Loss     : 1.8448	 | 	Valid Accuracy     : 0.5034

Epoch : 19
Train Loss     : 0.3369	 | 	Train Accuracy     : 0.8750
Valid Loss     : 1.8632	 | 	Valid Accuracy     : 0.5024

Epoch : 20
Train Loss     : 0.3394	 | 	Train Accuracy     : 0.8700
Valid Loss     : 1.9239	 | 	Valid Accuracy     : 0.5010

Epoch : 21
Train Loss     : 0.3203	 | 	Train Accuracy     : 0.8761
Valid Loss     : 1.8864	 | 	Valid Accuracy     : 0.4917

Epoch : 22
Train Loss     : 0.2775	 | 	Train Accuracy     : 0.9085
Valid Loss     : 1.8084	 | 	Valid Accuracy     : 0.5356

Epoch : 23
Train Loss     : 0.3313	 | 	Train Accuracy     : 0.8717
Valid Loss     : 2.0237	 | 	Valid Accuracy     : 0.5132

Epoch : 24
Train Loss     : 0.3291	 | 	Train Accuracy     : 0.8750
Valid Loss     : 1.8051	 | 	Valid Accuracy     : 0.5098

Epoch : 25
Train Loss     : 0.3441	 | 	Train Accuracy     : 0.8783
Valid Loss     : 1.9277	 | 	Valid Accuracy     : 0.4976

Epoch : 26
Train Loss     : 0.2659	 | 	Train Accuracy     : 0.9035
Valid Loss     : 1.8538	 | 	Valid Accuracy     : 0.5322

Epoch : 27
Train Loss     : 0.3317	 | 	Train Accuracy     : 0.8772
Valid Loss     : 1.9121	 | 	Valid Accuracy     : 0.5215

Epoch : 28
Train Loss     : 0.3077	 | 	Train Accuracy     : 0.8878
Valid Loss     : 1.9852	 | 	Valid Accuracy     : 0.4995

Epoch : 29
Train Loss     : 0.3218	 | 	Train Accuracy     : 0.8800
Valid Loss     : 1.9501	 | 	Valid Accuracy     : 0.5029

Epoch : 30
Train Loss     : 0.3299	 | 	Train Accuracy     : 0.8800
Valid Loss     : 1.9718	 | 	Valid Accuracy     : 0.5054

Evaluate on the Test set:
Test loss      :2.0265	 | Test Accuracy      : 0.4683 | Test AUPRC      : 0.4144
tensor([0.9418, 0.9528, 0.9795, 0.9592, 0.9364, 0.9907, 0.9763, 0.9328, 0.9618,
        0.9348, 0.9308, 0.9555, 0.9694, 0.9488, 1.0089, 0.9447, 0.9447, 0.9274,
        0.9184, 0.9321, 0.9384, 0.9417, 0.9882, 1.0006, 0.9828, 0.9290, 0.9586,
        0.9238, 0.9437, 0.9299, 0.9803, 1.0074, 0.9544, 0.9410, 0.9160, 0.9416,
        0.9393, 0.9312, 0.9321, 0.9318, 0.9690, 0.9706, 0.9589, 0.9576, 0.9968,
        0.9360, 0.9213, 0.9420, 0.9231, 0.9201, 0.9229, 0.9253, 0.9187, 0.9809,
        0.9390, 0.9052, 0.9383, 0.9405, 0.9639, 0.9781, 0.9440, 0.9302],
       device='cuda:0', grad_fn=<SqueezeBackward1>)

################## Training is Done! #########################
Training time is : 0:00:27.588671
