=============================================
Dataset: SEED
Method:  TS-TCC
Mode:    train_linear
=============================================
Data loaded ...
Subjet 9
if scale True
Training started ....

Epoch : 1
Train Loss     : 0.9501	 | 	Train Accuracy     : 0.5878
Valid Loss     : 0.7625	 | 	Valid Accuracy     : 0.6343

Epoch : 2
Train Loss     : 0.5767	 | 	Train Accuracy     : 0.7573
Valid Loss     : 0.8302	 | 	Valid Accuracy     : 0.6597

Epoch : 3
Train Loss     : 0.5176	 | 	Train Accuracy     : 0.7806
Valid Loss     : 0.6876	 | 	Valid Accuracy     : 0.7114

Epoch : 4
Train Loss     : 0.4699	 | 	Train Accuracy     : 0.8072
Valid Loss     : 0.6215	 | 	Valid Accuracy     : 0.7290

Epoch : 5
Train Loss     : 0.4484	 | 	Train Accuracy     : 0.8174
Valid Loss     : 0.6060	 | 	Valid Accuracy     : 0.7275

Epoch : 6
Train Loss     : 0.4476	 | 	Train Accuracy     : 0.8111
Valid Loss     : 0.6832	 | 	Valid Accuracy     : 0.7222

Epoch : 7
Train Loss     : 0.4299	 | 	Train Accuracy     : 0.8191
Valid Loss     : 0.6933	 | 	Valid Accuracy     : 0.7212

Epoch : 8
Train Loss     : 0.4304	 | 	Train Accuracy     : 0.8291
Valid Loss     : 0.5884	 | 	Valid Accuracy     : 0.7407

Epoch : 9
Train Loss     : 0.4282	 | 	Train Accuracy     : 0.8193
Valid Loss     : 0.5860	 | 	Valid Accuracy     : 0.7456

Epoch : 10
Train Loss     : 0.4210	 | 	Train Accuracy     : 0.8251
Valid Loss     : 0.5974	 | 	Valid Accuracy     : 0.7446

Epoch : 11
Train Loss     : 0.3905	 | 	Train Accuracy     : 0.8405
Valid Loss     : 0.6003	 | 	Valid Accuracy     : 0.7437

Epoch : 12
Train Loss     : 0.3919	 | 	Train Accuracy     : 0.8407
Valid Loss     : 0.5985	 | 	Valid Accuracy     : 0.7456

Epoch : 13
Train Loss     : 0.3854	 | 	Train Accuracy     : 0.8419
Valid Loss     : 0.6207	 | 	Valid Accuracy     : 0.7407

Epoch : 14
Train Loss     : 0.3944	 | 	Train Accuracy     : 0.8381
Valid Loss     : 0.6867	 | 	Valid Accuracy     : 0.7256

Epoch : 15
Train Loss     : 0.3955	 | 	Train Accuracy     : 0.8390
Valid Loss     : 0.6402	 | 	Valid Accuracy     : 0.7349

Epoch : 16
Train Loss     : 0.3745	 | 	Train Accuracy     : 0.8500
Valid Loss     : 0.5970	 | 	Valid Accuracy     : 0.7461

Epoch : 17
Train Loss     : 0.4002	 | 	Train Accuracy     : 0.8291
Valid Loss     : 0.7576	 | 	Valid Accuracy     : 0.7036

Epoch : 18
Train Loss     : 0.4188	 | 	Train Accuracy     : 0.8191
Valid Loss     : 0.7265	 | 	Valid Accuracy     : 0.7168

Epoch : 19
Train Loss     : 0.3742	 | 	Train Accuracy     : 0.8463
Valid Loss     : 0.6011	 | 	Valid Accuracy     : 0.7480

Epoch : 20
Train Loss     : 0.3859	 | 	Train Accuracy     : 0.8419
Valid Loss     : 0.6357	 | 	Valid Accuracy     : 0.7393

Epoch : 21
Train Loss     : 0.3617	 | 	Train Accuracy     : 0.8538
Valid Loss     : 0.6373	 | 	Valid Accuracy     : 0.7427

Epoch : 22
Train Loss     : 0.3498	 | 	Train Accuracy     : 0.8636
Valid Loss     : 0.6444	 | 	Valid Accuracy     : 0.7383

Epoch : 23
Train Loss     : 0.3496	 | 	Train Accuracy     : 0.8636
Valid Loss     : 0.6427	 | 	Valid Accuracy     : 0.7397

Epoch : 24
Train Loss     : 0.3448	 | 	Train Accuracy     : 0.8670
Valid Loss     : 0.6206	 | 	Valid Accuracy     : 0.7422

Epoch : 25
Train Loss     : 0.3495	 | 	Train Accuracy     : 0.8645
Valid Loss     : 0.6630	 | 	Valid Accuracy     : 0.7344

Epoch : 26
Train Loss     : 0.3508	 | 	Train Accuracy     : 0.8602
Valid Loss     : 0.6348	 | 	Valid Accuracy     : 0.7412

Epoch : 27
Train Loss     : 0.3436	 | 	Train Accuracy     : 0.8653
Valid Loss     : 0.6220	 | 	Valid Accuracy     : 0.7407

Epoch : 28
Train Loss     : 0.3441	 | 	Train Accuracy     : 0.8653
Valid Loss     : 0.6354	 | 	Valid Accuracy     : 0.7446

Epoch : 29
Train Loss     : 0.3465	 | 	Train Accuracy     : 0.8609
Valid Loss     : 0.6275	 | 	Valid Accuracy     : 0.7397

Epoch : 30
Train Loss     : 0.3442	 | 	Train Accuracy     : 0.8645
Valid Loss     : 0.6383	 | 	Valid Accuracy     : 0.7383

Evaluate on the Test set:
Test loss      :0.9962	 | Test Accuracy      : 0.6544 | Test AUPRC      : 0.5272
tensor([0.8205, 0.7883, 0.9783, 0.6608, 0.6556, 0.8725, 0.8729, 0.7619, 0.8404,
        0.8496, 0.8248, 0.8678, 0.9238, 0.8553, 0.7493, 0.7808, 0.7526, 0.8010,
        0.6264, 0.8350, 0.8710, 0.7730, 1.0101, 1.0669, 0.9059, 0.8131, 0.8050,
        0.7844, 0.7204, 0.6689, 0.6434, 0.8043, 0.8187, 0.8408, 0.7152, 0.6462,
        0.7524, 0.8835, 0.7572, 0.7256, 0.8329, 0.9217, 0.7346, 0.6615, 0.7481,
        0.7343, 0.6823, 0.7601, 0.6582, 0.7460, 0.8429, 0.7532, 0.6437, 0.6225,
        0.7236, 0.6659, 0.6508, 0.6493, 0.7988, 0.7749, 0.8291, 0.7856],
       device='cuda:0', grad_fn=<SqueezeBackward1>)

################## Training is Done! #########################
Training time is : 0:00:46.577988
