=============================================
Dataset: SEED
Method:  TS-TCC
Mode:    train_linear
=============================================
Data loaded ...
Subjet 9
if scale True
Training started ....

Epoch : 1
Train Loss     : 1.0838	 | 	Train Accuracy     : 0.5193
Valid Loss     : 0.8241	 | 	Valid Accuracy     : 0.5669

Epoch : 2
Train Loss     : 0.6659	 | 	Train Accuracy     : 0.7109
Valid Loss     : 0.6667	 | 	Valid Accuracy     : 0.6777

Epoch : 3
Train Loss     : 0.5324	 | 	Train Accuracy     : 0.7805
Valid Loss     : 0.7180	 | 	Valid Accuracy     : 0.6816

Epoch : 4
Train Loss     : 0.4919	 | 	Train Accuracy     : 0.7943
Valid Loss     : 0.7026	 | 	Valid Accuracy     : 0.6958

Epoch : 5
Train Loss     : 0.4637	 | 	Train Accuracy     : 0.8060
Valid Loss     : 0.7394	 | 	Valid Accuracy     : 0.6704

Epoch : 6
Train Loss     : 0.4538	 | 	Train Accuracy     : 0.8128
Valid Loss     : 0.7080	 | 	Valid Accuracy     : 0.6846

Epoch : 7
Train Loss     : 0.4176	 | 	Train Accuracy     : 0.8333
Valid Loss     : 0.6955	 | 	Valid Accuracy     : 0.6860

Epoch : 8
Train Loss     : 0.4236	 | 	Train Accuracy     : 0.8260
Valid Loss     : 0.6919	 | 	Valid Accuracy     : 0.6851

Epoch : 9
Train Loss     : 0.4138	 | 	Train Accuracy     : 0.8310
Valid Loss     : 0.6867	 | 	Valid Accuracy     : 0.6890

Epoch : 10
Train Loss     : 0.3988	 | 	Train Accuracy     : 0.8367
Valid Loss     : 0.7037	 | 	Valid Accuracy     : 0.6826

Epoch : 11
Train Loss     : 0.3873	 | 	Train Accuracy     : 0.8448
Valid Loss     : 0.6732	 | 	Valid Accuracy     : 0.6987

Epoch : 12
Train Loss     : 0.4074	 | 	Train Accuracy     : 0.8289
Valid Loss     : 0.7958	 | 	Valid Accuracy     : 0.6685

Epoch : 13
Train Loss     : 0.3725	 | 	Train Accuracy     : 0.8474
Valid Loss     : 0.6794	 | 	Valid Accuracy     : 0.6909

Epoch : 14
Train Loss     : 0.3610	 | 	Train Accuracy     : 0.8557
Valid Loss     : 0.7047	 | 	Valid Accuracy     : 0.6992

Epoch : 15
Train Loss     : 0.3619	 | 	Train Accuracy     : 0.8544
Valid Loss     : 0.6819	 | 	Valid Accuracy     : 0.6978

Epoch : 16
Train Loss     : 0.3586	 | 	Train Accuracy     : 0.8604
Valid Loss     : 0.6876	 | 	Valid Accuracy     : 0.6953

Epoch : 17
Train Loss     : 0.3524	 | 	Train Accuracy     : 0.8648
Valid Loss     : 0.6900	 | 	Valid Accuracy     : 0.6948

Epoch : 18
Train Loss     : 0.3574	 | 	Train Accuracy     : 0.8586
Valid Loss     : 0.7076	 | 	Valid Accuracy     : 0.6919

Epoch : 19
Train Loss     : 0.3565	 | 	Train Accuracy     : 0.8591
Valid Loss     : 0.6877	 | 	Valid Accuracy     : 0.6953

Epoch : 20
Train Loss     : 0.3619	 | 	Train Accuracy     : 0.8552
Valid Loss     : 0.6836	 | 	Valid Accuracy     : 0.6968

Epoch : 21
Train Loss     : 0.3549	 | 	Train Accuracy     : 0.8630
Valid Loss     : 0.6879	 | 	Valid Accuracy     : 0.6958

Epoch : 22
Train Loss     : 0.3550	 | 	Train Accuracy     : 0.8557
Valid Loss     : 0.6858	 | 	Valid Accuracy     : 0.6973

Epoch : 23
Train Loss     : 0.3550	 | 	Train Accuracy     : 0.8596
Valid Loss     : 0.6808	 | 	Valid Accuracy     : 0.6973

Epoch : 24
Train Loss     : 0.3501	 | 	Train Accuracy     : 0.8635
Valid Loss     : 0.6924	 | 	Valid Accuracy     : 0.6919

Epoch : 25
Train Loss     : 0.3493	 | 	Train Accuracy     : 0.8661
Valid Loss     : 0.6923	 | 	Valid Accuracy     : 0.6938

Epoch : 26
Train Loss     : 0.3526	 | 	Train Accuracy     : 0.8615
Valid Loss     : 0.6955	 | 	Valid Accuracy     : 0.6909

Epoch : 27
Train Loss     : 0.3514	 | 	Train Accuracy     : 0.8604
Valid Loss     : 0.6950	 | 	Valid Accuracy     : 0.6895

Epoch : 28
Train Loss     : 0.3509	 | 	Train Accuracy     : 0.8659
Valid Loss     : 0.6911	 | 	Valid Accuracy     : 0.6953

Epoch : 29
Train Loss     : 0.3458	 | 	Train Accuracy     : 0.8685
Valid Loss     : 0.6859	 | 	Valid Accuracy     : 0.6978

Epoch : 30
Train Loss     : 0.3508	 | 	Train Accuracy     : 0.8661
Valid Loss     : 0.6925	 | 	Valid Accuracy     : 0.6914

Evaluate on the Test set:
Test loss      :0.8644	 | Test Accuracy      : 0.6714 | Test AUPRC      : 0.5423
tensor([0.8756, 0.8859, 0.9769, 0.8706, 0.8383, 0.9729, 0.9647, 0.8640, 0.9090,
        0.9030, 0.8872, 0.9256, 0.9569, 0.9239, 0.8832, 0.8750, 0.8598, 0.8488,
        0.8314, 0.9003, 0.9357, 0.8382, 1.0280, 1.0312, 0.9423, 0.8714, 0.9035,
        0.8854, 0.8352, 0.8540, 0.8288, 0.9271, 0.9427, 0.9038, 0.8681, 0.8632,
        0.8607, 0.9327, 0.8536, 0.8571, 0.9506, 0.9129, 0.8854, 0.9159, 0.8715,
        0.8756, 0.8316, 0.8759, 0.8584, 0.8510, 0.9057, 0.8451, 0.8324, 0.8318,
        0.8500, 0.8192, 0.8281, 0.8426, 0.8364, 0.8644, 0.9010, 0.8506],
       device='cuda:0', grad_fn=<SqueezeBackward1>)

################## Training is Done! #########################
Training time is : 0:00:38.539217
