=============================================
Dataset: SEED
Method:  TS-TCC
Mode:    fine_tune
=============================================
Data loaded ...
Subjet 4
if scale True
Training started ....

Epoch : 1
Train Loss     : 1.0914	 | 	Train Accuracy     : 0.5253
Valid Loss     : 0.9966	 | 	Valid Accuracy     : 0.4688

Epoch : 2
Train Loss     : 0.6323	 | 	Train Accuracy     : 0.7466
Valid Loss     : 1.0887	 | 	Valid Accuracy     : 0.4512

Epoch : 3
Train Loss     : 0.4722	 | 	Train Accuracy     : 0.8294
Valid Loss     : 2.1449	 | 	Valid Accuracy     : 0.4590

Epoch : 4
Train Loss     : 0.3993	 | 	Train Accuracy     : 0.8615
Valid Loss     : 2.6101	 | 	Valid Accuracy     : 0.4746

Epoch : 5
Train Loss     : 0.3409	 | 	Train Accuracy     : 0.8789
Valid Loss     : 1.8439	 | 	Valid Accuracy     : 0.4810

Epoch : 6
Train Loss     : 0.3400	 | 	Train Accuracy     : 0.8852
Valid Loss     : 1.6288	 | 	Valid Accuracy     : 0.5259

Epoch : 7
Train Loss     : 0.2832	 | 	Train Accuracy     : 0.9018
Valid Loss     : 0.8867	 | 	Valid Accuracy     : 0.6470

Epoch : 8
Train Loss     : 0.2682	 | 	Train Accuracy     : 0.9065
Valid Loss     : 0.8856	 | 	Valid Accuracy     : 0.6465

Epoch : 9
Train Loss     : 0.2401	 | 	Train Accuracy     : 0.9190
Valid Loss     : 0.8199	 | 	Valid Accuracy     : 0.6602

Epoch : 10
Train Loss     : 0.2268	 | 	Train Accuracy     : 0.9253
Valid Loss     : 0.9337	 | 	Valid Accuracy     : 0.6377

Epoch : 11
Train Loss     : 0.2220	 | 	Train Accuracy     : 0.9258
Valid Loss     : 0.9199	 | 	Valid Accuracy     : 0.6475

Epoch : 12
Train Loss     : 0.2215	 | 	Train Accuracy     : 0.9255
Valid Loss     : 1.0352	 | 	Valid Accuracy     : 0.6328

Epoch : 13
Train Loss     : 0.2062	 | 	Train Accuracy     : 0.9341
Valid Loss     : 1.2791	 | 	Valid Accuracy     : 0.6353

Epoch : 14
Train Loss     : 0.1924	 | 	Train Accuracy     : 0.9398
Valid Loss     : 0.9194	 | 	Valid Accuracy     : 0.6582

Epoch : 15
Train Loss     : 0.1926	 | 	Train Accuracy     : 0.9367
Valid Loss     : 0.9873	 | 	Valid Accuracy     : 0.6538

Epoch : 16
Train Loss     : 0.1873	 | 	Train Accuracy     : 0.9401
Valid Loss     : 1.0624	 | 	Valid Accuracy     : 0.6367

Epoch : 17
Train Loss     : 0.1898	 | 	Train Accuracy     : 0.9359
Valid Loss     : 0.9474	 | 	Valid Accuracy     : 0.6660

Epoch : 18
Train Loss     : 0.1795	 | 	Train Accuracy     : 0.9424
Valid Loss     : 0.8957	 | 	Valid Accuracy     : 0.6812

Epoch : 19
Train Loss     : 0.1741	 | 	Train Accuracy     : 0.9411
Valid Loss     : 1.1256	 | 	Valid Accuracy     : 0.6514

Epoch : 20
Train Loss     : 0.1819	 | 	Train Accuracy     : 0.9333
Valid Loss     : 0.9027	 | 	Valid Accuracy     : 0.6743

Epoch : 21
Train Loss     : 0.1432	 | 	Train Accuracy     : 0.9560
Valid Loss     : 0.8688	 | 	Valid Accuracy     : 0.6855

Epoch : 22
Train Loss     : 0.1317	 | 	Train Accuracy     : 0.9633
Valid Loss     : 0.8849	 | 	Valid Accuracy     : 0.6831

Epoch : 23
Train Loss     : 0.1275	 | 	Train Accuracy     : 0.9638
Valid Loss     : 0.8596	 | 	Valid Accuracy     : 0.6904

Epoch : 24
Train Loss     : 0.1256	 | 	Train Accuracy     : 0.9661
Valid Loss     : 0.8950	 | 	Valid Accuracy     : 0.6855

Epoch : 25
Train Loss     : 0.1220	 | 	Train Accuracy     : 0.9669
Valid Loss     : 0.9169	 | 	Valid Accuracy     : 0.6841

Epoch : 26
Train Loss     : 0.1147	 | 	Train Accuracy     : 0.9711
Valid Loss     : 0.9001	 | 	Valid Accuracy     : 0.6846

Epoch : 27
Train Loss     : 0.1177	 | 	Train Accuracy     : 0.9685
Valid Loss     : 0.9217	 | 	Valid Accuracy     : 0.6782

Epoch : 28
Train Loss     : 0.1176	 | 	Train Accuracy     : 0.9701
Valid Loss     : 0.9064	 | 	Valid Accuracy     : 0.6792

Epoch : 29
Train Loss     : 0.1163	 | 	Train Accuracy     : 0.9711
Valid Loss     : 0.8910	 | 	Valid Accuracy     : 0.6870

Epoch : 30
Train Loss     : 0.1136	 | 	Train Accuracy     : 0.9703
Valid Loss     : 0.9149	 | 	Valid Accuracy     : 0.6841

Evaluate on the Test set:
Test loss      :0.9663	 | Test Accuracy      : 0.6571 | Test AUPRC      : 0.5283
tensor([0.8269, 0.9231, 0.9570, 0.8452, 0.7561, 0.9862, 0.8332, 0.7666, 0.8219,
        0.7678, 0.7792, 0.7232, 0.8907, 0.9695, 0.8492, 0.8014, 0.7873, 0.8324,
        0.7557, 0.8762, 0.8520, 0.7486, 0.9292, 0.9956, 0.9223, 0.8586, 0.8270,
        0.7486, 0.7534, 0.7638, 0.7898, 1.0393, 0.9849, 0.7688, 0.7144, 0.8428,
        0.9196, 0.7660, 0.7536, 0.7439, 0.9037, 0.8502, 0.8768, 0.7927, 0.7544,
        0.7742, 0.8080, 0.8108, 0.8751, 0.7288, 0.7493, 0.7782, 0.7496, 0.8431,
        0.9413, 0.8448, 0.8826, 0.7541, 0.7381, 0.7189, 0.8625, 0.8126],
       device='cuda:0', grad_fn=<SqueezeBackward1>)

################## Training is Done! #########################
Training time is : 0:01:33.087511
