=============================================
Dataset: SEED
Method:  TS-TCC
Mode:    fine_tune
=============================================
Data loaded ...
Subjet 3
if scale True
Training started ....

Epoch : 1
Train Loss     : 0.9585	 | 	Train Accuracy     : 0.5752
Valid Loss     : 0.9698	 | 	Valid Accuracy     : 0.6309

Epoch : 2
Train Loss     : 0.6146	 | 	Train Accuracy     : 0.7432
Valid Loss     : 0.7461	 | 	Valid Accuracy     : 0.6963

Epoch : 3
Train Loss     : 0.5458	 | 	Train Accuracy     : 0.7819
Valid Loss     : 0.7203	 | 	Valid Accuracy     : 0.7085

Epoch : 4
Train Loss     : 0.4549	 | 	Train Accuracy     : 0.8305
Valid Loss     : 0.8241	 | 	Valid Accuracy     : 0.7070

Epoch : 5
Train Loss     : 0.4123	 | 	Train Accuracy     : 0.8451
Valid Loss     : 0.8654	 | 	Valid Accuracy     : 0.7090

Epoch : 6
Train Loss     : 0.3644	 | 	Train Accuracy     : 0.8633
Valid Loss     : 0.6909	 | 	Valid Accuracy     : 0.7285

Epoch : 7
Train Loss     : 0.3478	 | 	Train Accuracy     : 0.8694
Valid Loss     : 0.6820	 | 	Valid Accuracy     : 0.7427

Epoch : 8
Train Loss     : 0.3438	 | 	Train Accuracy     : 0.8725
Valid Loss     : 0.6665	 | 	Valid Accuracy     : 0.7520

Epoch : 9
Train Loss     : 0.3389	 | 	Train Accuracy     : 0.8748
Valid Loss     : 0.6719	 | 	Valid Accuracy     : 0.7441

Epoch : 10
Train Loss     : 0.3097	 | 	Train Accuracy     : 0.8862
Valid Loss     : 0.6241	 | 	Valid Accuracy     : 0.7437

Epoch : 11
Train Loss     : 0.2815	 | 	Train Accuracy     : 0.8954
Valid Loss     : 0.7778	 | 	Valid Accuracy     : 0.7383

Epoch : 12
Train Loss     : 0.2767	 | 	Train Accuracy     : 0.8993
Valid Loss     : 0.8855	 | 	Valid Accuracy     : 0.6934

Epoch : 13
Train Loss     : 0.2864	 | 	Train Accuracy     : 0.8945
Valid Loss     : 0.6787	 | 	Valid Accuracy     : 0.7319

Epoch : 14
Train Loss     : 0.2877	 | 	Train Accuracy     : 0.8881
Valid Loss     : 0.8370	 | 	Valid Accuracy     : 0.7217

Epoch : 15
Train Loss     : 0.2519	 | 	Train Accuracy     : 0.9102
Valid Loss     : 0.9343	 | 	Valid Accuracy     : 0.7197

Epoch : 16
Train Loss     : 0.2679	 | 	Train Accuracy     : 0.9025
Valid Loss     : 0.8200	 | 	Valid Accuracy     : 0.7246

Epoch : 17
Train Loss     : 0.2472	 | 	Train Accuracy     : 0.9139
Valid Loss     : 0.8400	 | 	Valid Accuracy     : 0.7271

Epoch : 18
Train Loss     : 0.2374	 | 	Train Accuracy     : 0.9122
Valid Loss     : 0.8457	 | 	Valid Accuracy     : 0.7261

Epoch : 19
Train Loss     : 0.2603	 | 	Train Accuracy     : 0.8998
Valid Loss     : 0.9166	 | 	Valid Accuracy     : 0.7231

Epoch : 20
Train Loss     : 0.2619	 | 	Train Accuracy     : 0.9035
Valid Loss     : 0.9424	 | 	Valid Accuracy     : 0.7134

Epoch : 21
Train Loss     : 0.2338	 | 	Train Accuracy     : 0.9173
Valid Loss     : 0.8421	 | 	Valid Accuracy     : 0.7114

Epoch : 22
Train Loss     : 0.2129	 | 	Train Accuracy     : 0.9202
Valid Loss     : 0.8691	 | 	Valid Accuracy     : 0.7144

Epoch : 23
Train Loss     : 0.1884	 | 	Train Accuracy     : 0.9346
Valid Loss     : 0.8047	 | 	Valid Accuracy     : 0.7246

Epoch : 24
Train Loss     : 0.1758	 | 	Train Accuracy     : 0.9377
Valid Loss     : 0.9110	 | 	Valid Accuracy     : 0.7095

Epoch : 25
Train Loss     : 0.1726	 | 	Train Accuracy     : 0.9438
Valid Loss     : 0.9094	 | 	Valid Accuracy     : 0.7017

Epoch : 26
Train Loss     : 0.1675	 | 	Train Accuracy     : 0.9404
Valid Loss     : 0.8724	 | 	Valid Accuracy     : 0.7109

Epoch : 27
Train Loss     : 0.1645	 | 	Train Accuracy     : 0.9462
Valid Loss     : 0.8880	 | 	Valid Accuracy     : 0.7090

Epoch : 28
Train Loss     : 0.1668	 | 	Train Accuracy     : 0.9462
Valid Loss     : 0.8700	 | 	Valid Accuracy     : 0.7183

Epoch : 29
Train Loss     : 0.1622	 | 	Train Accuracy     : 0.9475
Valid Loss     : 0.9048	 | 	Valid Accuracy     : 0.7124

Epoch : 30
Train Loss     : 0.1627	 | 	Train Accuracy     : 0.9460
Valid Loss     : 0.8842	 | 	Valid Accuracy     : 0.7163

Evaluate on the Test set:
Test loss      :0.6641	 | Test Accuracy      : 0.7777 | Test AUPRC      : 0.5681
tensor([0.7952, 0.9342, 0.9419, 0.8691, 0.7626, 0.9556, 0.9256, 0.8460, 0.7277,
        0.6593, 0.7242, 0.6980, 0.7844, 0.7910, 0.8309, 0.7685, 0.6724, 0.6900,
        0.5979, 0.8558, 0.6732, 0.6257, 0.8861, 0.9829, 0.9473, 0.7423, 0.8139,
        0.7320, 0.6958, 0.7230, 0.6286, 0.9635, 0.8796, 0.5802, 0.6460, 0.7267,
        0.8460, 0.6890, 0.6441, 0.8153, 0.9192, 0.9073, 0.5962, 0.7939, 0.7186,
        0.8526, 0.6067, 0.7201, 0.5912, 0.5975, 0.6202, 0.6803, 0.6064, 0.6245,
        0.5768, 0.6371, 0.6898, 0.8336, 0.8924, 0.6260, 0.8765, 0.8463],
       device='cuda:0', grad_fn=<SqueezeBackward1>)

################## Training is Done! #########################
Training time is : 0:02:19.033078
