=============================================
Dataset: SEED
Method:  TS-TCC
Mode:    fine_tune
=============================================
Data loaded ...
Subjet 2
if scale True
Training started ....

Epoch : 1
Train Loss     : 1.0682	 | 	Train Accuracy     : 0.5354
Valid Loss     : 1.5729	 | 	Valid Accuracy     : 0.4380

Epoch : 2
Train Loss     : 0.5541	 | 	Train Accuracy     : 0.7773
Valid Loss     : 2.5401	 | 	Valid Accuracy     : 0.5210

Epoch : 3
Train Loss     : 0.4596	 | 	Train Accuracy     : 0.8117
Valid Loss     : 3.0097	 | 	Valid Accuracy     : 0.5518

Epoch : 4
Train Loss     : 0.3925	 | 	Train Accuracy     : 0.8409
Valid Loss     : 3.4232	 | 	Valid Accuracy     : 0.5186

Epoch : 5
Train Loss     : 0.3720	 | 	Train Accuracy     : 0.8542
Valid Loss     : 4.2578	 | 	Valid Accuracy     : 0.4849

Epoch : 6
Train Loss     : 0.3451	 | 	Train Accuracy     : 0.8638
Valid Loss     : 6.1424	 | 	Valid Accuracy     : 0.5122

Epoch : 7
Train Loss     : 0.3475	 | 	Train Accuracy     : 0.8682
Valid Loss     : 6.0016	 | 	Valid Accuracy     : 0.5039

Epoch : 8
Train Loss     : 0.3700	 | 	Train Accuracy     : 0.8560
Valid Loss     : 7.2930	 | 	Valid Accuracy     : 0.5171

Epoch : 9
Train Loss     : 0.3108	 | 	Train Accuracy     : 0.8893
Valid Loss     : 8.3068	 | 	Valid Accuracy     : 0.4492

Epoch : 10
Train Loss     : 0.3082	 | 	Train Accuracy     : 0.8815
Valid Loss     : 10.2910	 | 	Valid Accuracy     : 0.4888

Epoch : 11
Train Loss     : 0.3011	 | 	Train Accuracy     : 0.8885
Valid Loss     : 8.2280	 | 	Valid Accuracy     : 0.5195

Epoch : 12
Train Loss     : 0.2752	 | 	Train Accuracy     : 0.8969
Valid Loss     : 9.3524	 | 	Valid Accuracy     : 0.4312

Epoch : 13
Train Loss     : 0.2574	 | 	Train Accuracy     : 0.9042
Valid Loss     : 9.9843	 | 	Valid Accuracy     : 0.4946

Epoch : 14
Train Loss     : 0.2305	 | 	Train Accuracy     : 0.9224
Valid Loss     : 10.0107	 | 	Valid Accuracy     : 0.4727

Epoch : 15
Train Loss     : 0.2312	 | 	Train Accuracy     : 0.9206
Valid Loss     : 9.4130	 | 	Valid Accuracy     : 0.5015

Epoch : 16
Train Loss     : 0.2286	 | 	Train Accuracy     : 0.9273
Valid Loss     : 9.4705	 | 	Valid Accuracy     : 0.4839

Epoch : 17
Train Loss     : 0.2177	 | 	Train Accuracy     : 0.9349
Valid Loss     : 9.4568	 | 	Valid Accuracy     : 0.4946

Epoch : 18
Train Loss     : 0.2137	 | 	Train Accuracy     : 0.9320
Valid Loss     : 9.7913	 | 	Valid Accuracy     : 0.4824

Epoch : 19
Train Loss     : 0.2071	 | 	Train Accuracy     : 0.9346
Valid Loss     : 10.2543	 | 	Valid Accuracy     : 0.4902

Epoch : 20
Train Loss     : 0.2160	 | 	Train Accuracy     : 0.9307
Valid Loss     : 9.8887	 | 	Valid Accuracy     : 0.4761

Epoch : 21
Train Loss     : 0.2085	 | 	Train Accuracy     : 0.9375
Valid Loss     : 10.0266	 | 	Valid Accuracy     : 0.4966

Epoch : 22
Train Loss     : 0.2076	 | 	Train Accuracy     : 0.9333
Valid Loss     : 11.5341	 | 	Valid Accuracy     : 0.4858

Epoch : 23
Train Loss     : 0.1972	 | 	Train Accuracy     : 0.9375
Valid Loss     : 10.9305	 | 	Valid Accuracy     : 0.4966

Epoch : 24
Train Loss     : 0.1957	 | 	Train Accuracy     : 0.9401
Valid Loss     : 11.3344	 | 	Valid Accuracy     : 0.4858

Epoch : 25
Train Loss     : 0.1962	 | 	Train Accuracy     : 0.9419
Valid Loss     : 10.6429	 | 	Valid Accuracy     : 0.4927

Epoch : 26
Train Loss     : 0.1962	 | 	Train Accuracy     : 0.9359
Valid Loss     : 11.2391	 | 	Valid Accuracy     : 0.4873

Epoch : 27
Train Loss     : 0.1994	 | 	Train Accuracy     : 0.9372
Valid Loss     : 11.2041	 | 	Valid Accuracy     : 0.4868

Epoch : 28
Train Loss     : 0.1955	 | 	Train Accuracy     : 0.9344
Valid Loss     : 11.0611	 | 	Valid Accuracy     : 0.4956

Epoch : 29
Train Loss     : 0.1875	 | 	Train Accuracy     : 0.9406
Valid Loss     : 11.2817	 | 	Valid Accuracy     : 0.4873

Epoch : 30
Train Loss     : 0.1936	 | 	Train Accuracy     : 0.9443
Valid Loss     : 10.8975	 | 	Valid Accuracy     : 0.4824

Evaluate on the Test set:
Test loss      :1.7462	 | Test Accuracy      : 0.5973 | Test AUPRC      : 0.4846
tensor([0.9037, 0.9076, 0.9974, 0.8929, 0.9038, 0.9305, 0.9576, 0.8580, 0.8696,
        0.8563, 0.8902, 0.8257, 0.8902, 0.9113, 0.9175, 0.8846, 0.8666, 0.8871,
        0.8353, 0.8476, 0.8904, 0.8872, 0.9320, 0.9984, 0.8877, 0.8412, 0.8861,
        0.8572, 0.8842, 0.8557, 0.9082, 0.8515, 0.9235, 0.8658, 0.8831, 0.9016,
        0.9043, 0.8630, 0.8866, 0.8493, 0.9476, 0.9070, 0.9968, 0.9845, 0.9256,
        0.9108, 0.8829, 0.8745, 0.8422, 0.9303, 0.8507, 0.8799, 0.8337, 0.8914,
        0.8627, 0.8133, 0.8452, 0.9124, 0.8872, 0.8709, 0.8999, 0.8481],
       device='cuda:0', grad_fn=<SqueezeBackward1>)

################## Training is Done! #########################
Training time is : 0:01:34.622681
