=============================================
Dataset: SEED
Method:  TS-TCC
Mode:    fine_tune
=============================================
Data loaded ...
Subjet 13
if scale True
Training started ....

Epoch : 1
Train Loss     : 0.8415	 | 	Train Accuracy     : 0.6097
Valid Loss     : 1.0628	 | 	Valid Accuracy     : 0.5415

Epoch : 2
Train Loss     : 0.4782	 | 	Train Accuracy     : 0.7717
Valid Loss     : 0.6113	 | 	Valid Accuracy     : 0.6948

Epoch : 3
Train Loss     : 0.3952	 | 	Train Accuracy     : 0.8329
Valid Loss     : 0.4833	 | 	Valid Accuracy     : 0.7700

Epoch : 4
Train Loss     : 0.3377	 | 	Train Accuracy     : 0.8602
Valid Loss     : 0.4615	 | 	Valid Accuracy     : 0.7920

Epoch : 5
Train Loss     : 0.2874	 | 	Train Accuracy     : 0.8871
Valid Loss     : 0.4868	 | 	Valid Accuracy     : 0.7812

Epoch : 6
Train Loss     : 0.2591	 | 	Train Accuracy     : 0.9029
Valid Loss     : 0.5415	 | 	Valid Accuracy     : 0.7700

Epoch : 7
Train Loss     : 0.2380	 | 	Train Accuracy     : 0.9086
Valid Loss     : 0.6516	 | 	Valid Accuracy     : 0.7432

Epoch : 8
Train Loss     : 0.2304	 | 	Train Accuracy     : 0.9134
Valid Loss     : 0.5143	 | 	Valid Accuracy     : 0.7612

Epoch : 9
Train Loss     : 0.2117	 | 	Train Accuracy     : 0.9198
Valid Loss     : 0.5584	 | 	Valid Accuracy     : 0.7822

Epoch : 10
Train Loss     : 0.2423	 | 	Train Accuracy     : 0.9027
Valid Loss     : 0.5955	 | 	Valid Accuracy     : 0.7651

Epoch : 11
Train Loss     : 0.1962	 | 	Train Accuracy     : 0.9280
Valid Loss     : 1.0317	 | 	Valid Accuracy     : 0.6978

Epoch : 12
Train Loss     : 0.1986	 | 	Train Accuracy     : 0.9251
Valid Loss     : 0.6208	 | 	Valid Accuracy     : 0.7651

Epoch : 13
Train Loss     : 0.1721	 | 	Train Accuracy     : 0.9375
Valid Loss     : 0.6619	 | 	Valid Accuracy     : 0.7524

Epoch : 14
Train Loss     : 0.1668	 | 	Train Accuracy     : 0.9394
Valid Loss     : 0.6176	 | 	Valid Accuracy     : 0.7568

Epoch : 15
Train Loss     : 0.1512	 | 	Train Accuracy     : 0.9462
Valid Loss     : 0.6726	 | 	Valid Accuracy     : 0.7568

Epoch : 16
Train Loss     : 0.1233	 | 	Train Accuracy     : 0.9597
Valid Loss     : 0.6331	 | 	Valid Accuracy     : 0.7642

Epoch : 17
Train Loss     : 0.1184	 | 	Train Accuracy     : 0.9626
Valid Loss     : 0.7035	 | 	Valid Accuracy     : 0.7505

Epoch : 18
Train Loss     : 0.1137	 | 	Train Accuracy     : 0.9643
Valid Loss     : 0.7302	 | 	Valid Accuracy     : 0.7422

Epoch : 19
Train Loss     : 0.1101	 | 	Train Accuracy     : 0.9703
Valid Loss     : 0.7248	 | 	Valid Accuracy     : 0.7388

Epoch : 20
Train Loss     : 0.1088	 | 	Train Accuracy     : 0.9693
Valid Loss     : 0.6622	 | 	Valid Accuracy     : 0.7539

Epoch : 21
Train Loss     : 0.1093	 | 	Train Accuracy     : 0.9672
Valid Loss     : 0.6274	 | 	Valid Accuracy     : 0.7646

Epoch : 22
Train Loss     : 0.1097	 | 	Train Accuracy     : 0.9698
Valid Loss     : 0.6226	 | 	Valid Accuracy     : 0.7656

Epoch : 23
Train Loss     : 0.1042	 | 	Train Accuracy     : 0.9703
Valid Loss     : 0.6669	 | 	Valid Accuracy     : 0.7593

Epoch : 24
Train Loss     : 0.1011	 | 	Train Accuracy     : 0.9733
Valid Loss     : 0.8061	 | 	Valid Accuracy     : 0.7349

Epoch : 25
Train Loss     : 0.1026	 | 	Train Accuracy     : 0.9701
Valid Loss     : 0.7109	 | 	Valid Accuracy     : 0.7471

Epoch : 26
Train Loss     : 0.1034	 | 	Train Accuracy     : 0.9699
Valid Loss     : 0.6410	 | 	Valid Accuracy     : 0.7725

Epoch : 27
Train Loss     : 0.0953	 | 	Train Accuracy     : 0.9750
Valid Loss     : 0.7373	 | 	Valid Accuracy     : 0.7451

Epoch : 28
Train Loss     : 0.0975	 | 	Train Accuracy     : 0.9742
Valid Loss     : 0.6927	 | 	Valid Accuracy     : 0.7559

Epoch : 29
Train Loss     : 0.0918	 | 	Train Accuracy     : 0.9764
Valid Loss     : 0.6504	 | 	Valid Accuracy     : 0.7603

Epoch : 30
Train Loss     : 0.0914	 | 	Train Accuracy     : 0.9750
Valid Loss     : 0.6822	 | 	Valid Accuracy     : 0.7578

Evaluate on the Test set:
Test loss      :1.2623	 | Test Accuracy      : 0.7473 | Test AUPRC      : 0.5470
tensor([0.8262, 0.8386, 0.9663, 0.9103, 0.7306, 0.9680, 0.9222, 0.7214, 0.8005,
        0.7692, 0.7093, 0.7368, 0.9124, 0.9606, 0.8766, 0.8919, 0.8157, 0.7811,
        0.6649, 0.7976, 0.7930, 0.7957, 0.9315, 0.9349, 0.8807, 0.6934, 0.7649,
        0.7199, 0.6828, 0.7275, 0.7464, 0.9106, 0.8479, 0.8058, 0.7331, 0.7811,
        0.9527, 0.6930, 0.8011, 0.9176, 0.8526, 0.9548, 0.7224, 0.7565, 0.7765,
        0.7160, 0.6849, 0.7987, 0.8500, 0.6766, 0.7193, 0.7203, 0.7720, 0.8549,
        0.7613, 0.6554, 0.7180, 0.7332, 0.7968, 0.8017, 0.8591, 0.7026],
       device='cuda:0', grad_fn=<SqueezeBackward1>)

################## Training is Done! #########################
Training time is : 0:02:16.234405
