=============================================
Dataset: SEED
Method:  TS-TCC
Mode:    fine_tune
=============================================
Data loaded ...
Subjet 8
if scale True
Training started ....

Epoch : 1
Train Loss     : 0.8907	 | 	Train Accuracy     : 0.5760
Valid Loss     : 0.5949	 | 	Valid Accuracy     : 0.7251

Epoch : 2
Train Loss     : 0.4474	 | 	Train Accuracy     : 0.8016
Valid Loss     : 0.4934	 | 	Valid Accuracy     : 0.7803

Epoch : 3
Train Loss     : 0.3356	 | 	Train Accuracy     : 0.8646
Valid Loss     : 0.4611	 | 	Valid Accuracy     : 0.7832

Epoch : 4
Train Loss     : 0.3035	 | 	Train Accuracy     : 0.8813
Valid Loss     : 0.4658	 | 	Valid Accuracy     : 0.7773

Epoch : 5
Train Loss     : 0.2720	 | 	Train Accuracy     : 0.8943
Valid Loss     : 0.4628	 | 	Valid Accuracy     : 0.7910

Epoch : 6
Train Loss     : 0.2414	 | 	Train Accuracy     : 0.9073
Valid Loss     : 0.6177	 | 	Valid Accuracy     : 0.7480

Epoch : 7
Train Loss     : 0.1991	 | 	Train Accuracy     : 0.9224
Valid Loss     : 0.6335	 | 	Valid Accuracy     : 0.7568

Epoch : 8
Train Loss     : 0.1978	 | 	Train Accuracy     : 0.9221
Valid Loss     : 0.5831	 | 	Valid Accuracy     : 0.7783

Epoch : 9
Train Loss     : 0.1625	 | 	Train Accuracy     : 0.9424
Valid Loss     : 0.7577	 | 	Valid Accuracy     : 0.7329

Epoch : 10
Train Loss     : 0.1404	 | 	Train Accuracy     : 0.9531
Valid Loss     : 0.5941	 | 	Valid Accuracy     : 0.7812

Epoch : 11
Train Loss     : 0.1471	 | 	Train Accuracy     : 0.9461
Valid Loss     : 0.5962	 | 	Valid Accuracy     : 0.7803

Epoch : 12
Train Loss     : 0.1521	 | 	Train Accuracy     : 0.9406
Valid Loss     : 0.6719	 | 	Valid Accuracy     : 0.7578

Epoch : 13
Train Loss     : 0.1325	 | 	Train Accuracy     : 0.9521
Valid Loss     : 0.5370	 | 	Valid Accuracy     : 0.7891

Epoch : 14
Train Loss     : 0.1343	 | 	Train Accuracy     : 0.9513
Valid Loss     : 0.5518	 | 	Valid Accuracy     : 0.8042

Epoch : 15
Train Loss     : 0.1087	 | 	Train Accuracy     : 0.9646
Valid Loss     : 0.7385	 | 	Valid Accuracy     : 0.7661

Epoch : 16
Train Loss     : 0.0942	 | 	Train Accuracy     : 0.9745
Valid Loss     : 0.7249	 | 	Valid Accuracy     : 0.7676

Epoch : 17
Train Loss     : 0.0927	 | 	Train Accuracy     : 0.9760
Valid Loss     : 0.6531	 | 	Valid Accuracy     : 0.7817

Epoch : 18
Train Loss     : 0.0896	 | 	Train Accuracy     : 0.9784
Valid Loss     : 0.6844	 | 	Valid Accuracy     : 0.7808

Epoch : 19
Train Loss     : 0.0885	 | 	Train Accuracy     : 0.9763
Valid Loss     : 0.6761	 | 	Valid Accuracy     : 0.7808

Epoch : 20
Train Loss     : 0.0859	 | 	Train Accuracy     : 0.9784
Valid Loss     : 0.6703	 | 	Valid Accuracy     : 0.7803

Epoch : 21
Train Loss     : 0.0826	 | 	Train Accuracy     : 0.9760
Valid Loss     : 0.7075	 | 	Valid Accuracy     : 0.7769

Epoch : 22
Train Loss     : 0.0863	 | 	Train Accuracy     : 0.9750
Valid Loss     : 0.7041	 | 	Valid Accuracy     : 0.7769

Epoch : 23
Train Loss     : 0.0870	 | 	Train Accuracy     : 0.9771
Valid Loss     : 0.6851	 | 	Valid Accuracy     : 0.7769

Epoch : 24
Train Loss     : 0.0841	 | 	Train Accuracy     : 0.9745
Valid Loss     : 0.6443	 | 	Valid Accuracy     : 0.7847

Epoch : 25
Train Loss     : 0.0809	 | 	Train Accuracy     : 0.9786
Valid Loss     : 0.7036	 | 	Valid Accuracy     : 0.7769

Epoch : 26
Train Loss     : 0.0772	 | 	Train Accuracy     : 0.9812
Valid Loss     : 0.6755	 | 	Valid Accuracy     : 0.7812

Epoch : 27
Train Loss     : 0.0739	 | 	Train Accuracy     : 0.9831
Valid Loss     : 0.6809	 | 	Valid Accuracy     : 0.7822

Epoch : 28
Train Loss     : 0.0728	 | 	Train Accuracy     : 0.9836
Valid Loss     : 0.6905	 | 	Valid Accuracy     : 0.7812

Epoch : 29
Train Loss     : 0.0742	 | 	Train Accuracy     : 0.9815
Valid Loss     : 0.7111	 | 	Valid Accuracy     : 0.7783

Epoch : 30
Train Loss     : 0.0740	 | 	Train Accuracy     : 0.9807
Valid Loss     : 0.6934	 | 	Valid Accuracy     : 0.7812

Evaluate on the Test set:
Test loss      :0.9284	 | Test Accuracy      : 0.7081 | Test AUPRC      : 0.6208
tensor([0.8737, 0.9001, 0.9951, 0.9191, 0.9230, 0.9939, 0.9026, 0.8445, 0.8563,
        0.8640, 0.8962, 0.8185, 0.9152, 0.8313, 0.8493, 0.8353, 0.8565, 0.8191,
        0.8045, 0.8631, 0.9441, 0.8338, 0.8917, 0.9757, 0.9079, 0.8537, 0.8904,
        0.8256, 0.8084, 0.8863, 0.8639, 0.9603, 0.9247, 0.8602, 0.8450, 0.8658,
        0.9110, 0.8475, 0.8889, 0.8115, 0.9812, 0.9053, 0.8552, 0.8226, 0.8559,
        0.8851, 0.8055, 0.8434, 0.8230, 0.8917, 0.8124, 0.8475, 0.8085, 0.8381,
        0.8399, 0.7880, 0.8159, 0.8979, 0.8686, 0.8412, 0.8766, 0.8589],
       device='cuda:0', grad_fn=<SqueezeBackward1>)

################## Training is Done! #########################
Training time is : 0:01:43.959570
