=============================================
Dataset: SEED
Method:  TS-TCC
Mode:    fine_tune
=============================================
Data loaded ...
Subjet 1
if scale True
Training started ....

Epoch : 1
Train Loss     : 1.0270	 | 	Train Accuracy     : 0.5513
Valid Loss     : 2.0004	 | 	Valid Accuracy     : 0.3408

Epoch : 2
Train Loss     : 0.6334	 | 	Train Accuracy     : 0.7459
Valid Loss     : 0.9636	 | 	Valid Accuracy     : 0.5854

Epoch : 3
Train Loss     : 0.5811	 | 	Train Accuracy     : 0.7678
Valid Loss     : 1.0077	 | 	Valid Accuracy     : 0.5786

Epoch : 4
Train Loss     : 0.5088	 | 	Train Accuracy     : 0.8023
Valid Loss     : 0.9030	 | 	Valid Accuracy     : 0.6221

Epoch : 5
Train Loss     : 0.4646	 | 	Train Accuracy     : 0.8227
Valid Loss     : 0.9320	 | 	Valid Accuracy     : 0.6104

Epoch : 6
Train Loss     : 0.4282	 | 	Train Accuracy     : 0.8361
Valid Loss     : 0.9872	 | 	Valid Accuracy     : 0.6138

Epoch : 7
Train Loss     : 0.4354	 | 	Train Accuracy     : 0.8317
Valid Loss     : 1.0569	 | 	Valid Accuracy     : 0.5996

Epoch : 8
Train Loss     : 0.4178	 | 	Train Accuracy     : 0.8400
Valid Loss     : 1.2235	 | 	Valid Accuracy     : 0.5581

Epoch : 9
Train Loss     : 0.3981	 | 	Train Accuracy     : 0.8499
Valid Loss     : 1.0508	 | 	Valid Accuracy     : 0.6128

Epoch : 10
Train Loss     : 0.3834	 | 	Train Accuracy     : 0.8580
Valid Loss     : 1.0230	 | 	Valid Accuracy     : 0.5942

Epoch : 11
Train Loss     : 0.3688	 | 	Train Accuracy     : 0.8578
Valid Loss     : 1.0403	 | 	Valid Accuracy     : 0.6196

Epoch : 12
Train Loss     : 0.3600	 | 	Train Accuracy     : 0.8604
Valid Loss     : 0.9464	 | 	Valid Accuracy     : 0.6201

Epoch : 13
Train Loss     : 0.3388	 | 	Train Accuracy     : 0.8718
Valid Loss     : 1.0615	 | 	Valid Accuracy     : 0.6133

Epoch : 14
Train Loss     : 0.3820	 | 	Train Accuracy     : 0.8505
Valid Loss     : 1.1172	 | 	Valid Accuracy     : 0.6060

Epoch : 15
Train Loss     : 0.3433	 | 	Train Accuracy     : 0.8635
Valid Loss     : 1.0339	 | 	Valid Accuracy     : 0.6206

Epoch : 16
Train Loss     : 0.2901	 | 	Train Accuracy     : 0.8920
Valid Loss     : 1.0611	 | 	Valid Accuracy     : 0.6172

Epoch : 17
Train Loss     : 0.2757	 | 	Train Accuracy     : 0.9012
Valid Loss     : 1.0904	 | 	Valid Accuracy     : 0.6104

Epoch : 18
Train Loss     : 0.2642	 | 	Train Accuracy     : 0.9064
Valid Loss     : 1.0360	 | 	Valid Accuracy     : 0.6216

Epoch : 19
Train Loss     : 0.2572	 | 	Train Accuracy     : 0.9115
Valid Loss     : 1.1613	 | 	Valid Accuracy     : 0.6128

Epoch : 20
Train Loss     : 0.2528	 | 	Train Accuracy     : 0.9156
Valid Loss     : 1.0536	 | 	Valid Accuracy     : 0.6191

Epoch : 21
Train Loss     : 0.2491	 | 	Train Accuracy     : 0.9146
Valid Loss     : 1.0898	 | 	Valid Accuracy     : 0.6206

Epoch : 22
Train Loss     : 0.2463	 | 	Train Accuracy     : 0.9192
Valid Loss     : 1.2097	 | 	Valid Accuracy     : 0.6152

Epoch : 23
Train Loss     : 0.2455	 | 	Train Accuracy     : 0.9168
Valid Loss     : 1.0423	 | 	Valid Accuracy     : 0.6240

Epoch : 24
Train Loss     : 0.2310	 | 	Train Accuracy     : 0.9214
Valid Loss     : 0.9969	 | 	Valid Accuracy     : 0.6323

Epoch : 25
Train Loss     : 0.2431	 | 	Train Accuracy     : 0.9154
Valid Loss     : 1.0254	 | 	Valid Accuracy     : 0.6284

Epoch : 26
Train Loss     : 0.2343	 | 	Train Accuracy     : 0.9227
Valid Loss     : 1.0625	 | 	Valid Accuracy     : 0.6201

Epoch : 27
Train Loss     : 0.2336	 | 	Train Accuracy     : 0.9229
Valid Loss     : 1.0570	 | 	Valid Accuracy     : 0.6206

Epoch : 28
Train Loss     : 0.2308	 | 	Train Accuracy     : 0.9195
Valid Loss     : 1.0525	 | 	Valid Accuracy     : 0.6211

Epoch : 29
Train Loss     : 0.2266	 | 	Train Accuracy     : 0.9239
Valid Loss     : 1.0751	 | 	Valid Accuracy     : 0.6221

Epoch : 30
Train Loss     : 0.2232	 | 	Train Accuracy     : 0.9278
Valid Loss     : 1.0633	 | 	Valid Accuracy     : 0.6245

Evaluate on the Test set:
Test loss      :0.7220	 | Test Accuracy      : 0.7342 | Test AUPRC      : 0.5903
tensor([0.7667, 0.9023, 0.8851, 0.8905, 0.8069, 0.8938, 0.8086, 0.7069, 0.8349,
        0.7194, 0.8331, 0.6994, 0.8070, 0.8306, 0.8392, 0.8312, 0.7383, 0.7569,
        0.7197, 0.9229, 0.8458, 0.7059, 0.9584, 0.9791, 0.9214, 0.8150, 0.7566,
        0.8020, 0.7261, 0.7770, 0.7207, 0.8836, 0.9009, 0.7015, 0.8046, 0.7437,
        0.8056, 0.8525, 0.8066, 0.6854, 0.9798, 0.8542, 0.8587, 0.8661, 0.8302,
        0.8461, 0.6905, 0.7541, 0.8295, 0.9607, 0.6978, 0.7879, 0.7165, 0.7206,
        0.7208, 0.9262, 0.8225, 0.8792, 0.8514, 0.7310, 0.8115, 0.7747],
       device='cuda:0', grad_fn=<SqueezeBackward1>)

################## Training is Done! #########################
Training time is : 0:01:28.561716
