=============================================
Dataset: SEED
Method:  TS-TCC
Mode:    fine_tune
=============================================
Data loaded ...
Subjet 9
if scale True
Training started ....

Epoch : 1
Train Loss     : 0.9001	 | 	Train Accuracy     : 0.6162
Valid Loss     : 0.7958	 | 	Valid Accuracy     : 0.6294

Epoch : 2
Train Loss     : 0.4787	 | 	Train Accuracy     : 0.8123
Valid Loss     : 0.5335	 | 	Valid Accuracy     : 0.7612

Epoch : 3
Train Loss     : 0.3871	 | 	Train Accuracy     : 0.8519
Valid Loss     : 0.5202	 | 	Valid Accuracy     : 0.7749

Epoch : 4
Train Loss     : 0.3185	 | 	Train Accuracy     : 0.8821
Valid Loss     : 0.6218	 | 	Valid Accuracy     : 0.7466

Epoch : 5
Train Loss     : 0.3014	 | 	Train Accuracy     : 0.8857
Valid Loss     : 0.5566	 | 	Valid Accuracy     : 0.7783

Epoch : 6
Train Loss     : 0.2855	 | 	Train Accuracy     : 0.8915
Valid Loss     : 0.6472	 | 	Valid Accuracy     : 0.7642

Epoch : 7
Train Loss     : 0.3002	 | 	Train Accuracy     : 0.8833
Valid Loss     : 0.5772	 | 	Valid Accuracy     : 0.7690

Epoch : 8
Train Loss     : 0.2527	 | 	Train Accuracy     : 0.9078
Valid Loss     : 0.5340	 | 	Valid Accuracy     : 0.7886

Epoch : 9
Train Loss     : 0.2369	 | 	Train Accuracy     : 0.9079
Valid Loss     : 0.5439	 | 	Valid Accuracy     : 0.7803

Epoch : 10
Train Loss     : 0.2509	 | 	Train Accuracy     : 0.9061
Valid Loss     : 0.5184	 | 	Valid Accuracy     : 0.8096

Epoch : 11
Train Loss     : 0.2147	 | 	Train Accuracy     : 0.9185
Valid Loss     : 0.5802	 | 	Valid Accuracy     : 0.7769

Epoch : 12
Train Loss     : 0.2035	 | 	Train Accuracy     : 0.9239
Valid Loss     : 0.5128	 | 	Valid Accuracy     : 0.7964

Epoch : 13
Train Loss     : 0.1919	 | 	Train Accuracy     : 0.9293
Valid Loss     : 0.4490	 | 	Valid Accuracy     : 0.8237

Epoch : 14
Train Loss     : 0.2237	 | 	Train Accuracy     : 0.9190
Valid Loss     : 0.5520	 | 	Valid Accuracy     : 0.7949

Epoch : 15
Train Loss     : 0.1976	 | 	Train Accuracy     : 0.9253
Valid Loss     : 0.5299	 | 	Valid Accuracy     : 0.7930

Epoch : 16
Train Loss     : 0.1954	 | 	Train Accuracy     : 0.9249
Valid Loss     : 0.5742	 | 	Valid Accuracy     : 0.7847

Epoch : 17
Train Loss     : 0.1786	 | 	Train Accuracy     : 0.9331
Valid Loss     : 0.5832	 | 	Valid Accuracy     : 0.7778

Epoch : 18
Train Loss     : 0.1747	 | 	Train Accuracy     : 0.9351
Valid Loss     : 0.4966	 | 	Valid Accuracy     : 0.8159

Epoch : 19
Train Loss     : 0.1875	 | 	Train Accuracy     : 0.9312
Valid Loss     : 0.5412	 | 	Valid Accuracy     : 0.8057

Epoch : 20
Train Loss     : 0.1996	 | 	Train Accuracy     : 0.9241
Valid Loss     : 0.5514	 | 	Valid Accuracy     : 0.8018

Epoch : 21
Train Loss     : 0.1754	 | 	Train Accuracy     : 0.9365
Valid Loss     : 0.6937	 | 	Valid Accuracy     : 0.7544

Epoch : 22
Train Loss     : 0.1697	 | 	Train Accuracy     : 0.9378
Valid Loss     : 0.5513	 | 	Valid Accuracy     : 0.7915

Epoch : 23
Train Loss     : 0.1696	 | 	Train Accuracy     : 0.9365
Valid Loss     : 0.5621	 | 	Valid Accuracy     : 0.8018

Epoch : 24
Train Loss     : 0.1663	 | 	Train Accuracy     : 0.9395
Valid Loss     : 0.5384	 | 	Valid Accuracy     : 0.8115

Epoch : 25
Train Loss     : 0.1372	 | 	Train Accuracy     : 0.9528
Valid Loss     : 0.5139	 | 	Valid Accuracy     : 0.8218

Epoch : 26
Train Loss     : 0.1223	 | 	Train Accuracy     : 0.9618
Valid Loss     : 0.5120	 | 	Valid Accuracy     : 0.8228

Epoch : 27
Train Loss     : 0.1176	 | 	Train Accuracy     : 0.9655
Valid Loss     : 0.5192	 | 	Valid Accuracy     : 0.8228

Epoch : 28
Train Loss     : 0.1174	 | 	Train Accuracy     : 0.9645
Valid Loss     : 0.5175	 | 	Valid Accuracy     : 0.8188

Epoch : 29
Train Loss     : 0.1145	 | 	Train Accuracy     : 0.9660
Valid Loss     : 0.5182	 | 	Valid Accuracy     : 0.8232

Epoch : 30
Train Loss     : 0.1095	 | 	Train Accuracy     : 0.9688
Valid Loss     : 0.5197	 | 	Valid Accuracy     : 0.8242

Evaluate on the Test set:
Test loss      :0.8269	 | Test Accuracy      : 0.7481 | Test AUPRC      : 0.5526
tensor([0.6820, 0.7639, 0.9769, 0.6328, 0.6037, 0.8309, 0.7049, 0.5671, 0.6847,
        0.8342, 0.5676, 0.8521, 0.8924, 0.8272, 0.7706, 0.8841, 0.5561, 0.6099,
        0.6952, 0.7580, 0.7450, 0.6647, 0.9999, 0.9918, 0.7766, 0.7245, 0.7879,
        0.7296, 0.5693, 0.6995, 0.5827, 0.7598, 0.7397, 0.6474, 0.5310, 0.6206,
        0.5516, 0.8555, 0.8261, 0.5564, 0.8755, 0.8534, 0.7063, 0.5919, 0.7037,
        0.5947, 0.5969, 0.9339, 0.6171, 0.6598, 0.8213, 0.6597, 0.5527, 0.6165,
        0.8163, 0.5888, 0.8417, 0.7191, 0.7626, 0.5206, 0.8149, 0.6128],
       device='cuda:0', grad_fn=<SqueezeBackward1>)

################## Training is Done! #########################
Training time is : 0:02:14.955924
