=============================================
Dataset: SEED
Method:  TS-TCC
Mode:    fine_tune
=============================================
Data loaded ...
Subjet 15
if scale True
Training started ....

Epoch : 1
Train Loss     : 0.5783	 | 	Train Accuracy     : 0.7731
Valid Loss     : 0.2801	 | 	Valid Accuracy     : 0.9116

Epoch : 2
Train Loss     : 0.1618	 | 	Train Accuracy     : 0.9434
Valid Loss     : 0.3400	 | 	Valid Accuracy     : 0.8682

Epoch : 3
Train Loss     : 0.1038	 | 	Train Accuracy     : 0.9706
Valid Loss     : 0.1542	 | 	Valid Accuracy     : 0.9756

Epoch : 4
Train Loss     : 0.0720	 | 	Train Accuracy     : 0.9800
Valid Loss     : 0.1782	 | 	Valid Accuracy     : 0.9839

Epoch : 5
Train Loss     : 0.0622	 | 	Train Accuracy     : 0.9817
Valid Loss     : 0.2590	 | 	Valid Accuracy     : 0.9883

Epoch : 6
Train Loss     : 0.0523	 | 	Train Accuracy     : 0.9857
Valid Loss     : 0.0742	 | 	Valid Accuracy     : 0.9863

Epoch : 7
Train Loss     : 0.0469	 | 	Train Accuracy     : 0.9873
Valid Loss     : 0.0525	 | 	Valid Accuracy     : 0.9922

Epoch : 8
Train Loss     : 0.0399	 | 	Train Accuracy     : 0.9898
Valid Loss     : 0.1661	 | 	Valid Accuracy     : 0.9883

Epoch : 9
Train Loss     : 0.0346	 | 	Train Accuracy     : 0.9905
Valid Loss     : 0.1162	 | 	Valid Accuracy     : 0.9834

Epoch : 10
Train Loss     : 0.0362	 | 	Train Accuracy     : 0.9913
Valid Loss     : 0.1244	 | 	Valid Accuracy     : 0.9712

Epoch : 11
Train Loss     : 0.0322	 | 	Train Accuracy     : 0.9927
Valid Loss     : 0.0463	 | 	Valid Accuracy     : 0.9878

Epoch : 12
Train Loss     : 0.0281	 | 	Train Accuracy     : 0.9927
Valid Loss     : 0.0466	 | 	Valid Accuracy     : 0.9800

Epoch : 13
Train Loss     : 0.0321	 | 	Train Accuracy     : 0.9920
Valid Loss     : 0.0375	 | 	Valid Accuracy     : 0.9878

Epoch : 14
Train Loss     : 0.0428	 | 	Train Accuracy     : 0.9861
Valid Loss     : 0.0510	 | 	Valid Accuracy     : 0.9829

Epoch : 15
Train Loss     : 0.0343	 | 	Train Accuracy     : 0.9888
Valid Loss     : 0.1178	 | 	Valid Accuracy     : 0.9746

Epoch : 16
Train Loss     : 0.0267	 | 	Train Accuracy     : 0.9941
Valid Loss     : 0.0217	 | 	Valid Accuracy     : 0.9941

Epoch : 17
Train Loss     : 0.0265	 | 	Train Accuracy     : 0.9951
Valid Loss     : 0.0205	 | 	Valid Accuracy     : 0.9941

Epoch : 18
Train Loss     : 0.0292	 | 	Train Accuracy     : 0.9927
Valid Loss     : 0.0232	 | 	Valid Accuracy     : 0.9937

Epoch : 19
Train Loss     : 0.0346	 | 	Train Accuracy     : 0.9905
Valid Loss     : 0.0415	 | 	Valid Accuracy     : 0.9883

Epoch : 20
Train Loss     : 0.0271	 | 	Train Accuracy     : 0.9937
Valid Loss     : 0.0197	 | 	Valid Accuracy     : 0.9946

Epoch : 21
Train Loss     : 0.0263	 | 	Train Accuracy     : 0.9932
Valid Loss     : 0.0196	 | 	Valid Accuracy     : 0.9951

Epoch : 22
Train Loss     : 0.0242	 | 	Train Accuracy     : 0.9956
Valid Loss     : 0.0242	 | 	Valid Accuracy     : 0.9927

Epoch : 23
Train Loss     : 0.0259	 | 	Train Accuracy     : 0.9925
Valid Loss     : 0.0294	 | 	Valid Accuracy     : 0.9922

Epoch : 24
Train Loss     : 0.0244	 | 	Train Accuracy     : 0.9946
Valid Loss     : 0.0224	 | 	Valid Accuracy     : 0.9937

Epoch : 25
Train Loss     : 0.0249	 | 	Train Accuracy     : 0.9941
Valid Loss     : 0.0236	 | 	Valid Accuracy     : 0.9937

Epoch : 26
Train Loss     : 0.0255	 | 	Train Accuracy     : 0.9942
Valid Loss     : 0.0156	 | 	Valid Accuracy     : 0.9990

Epoch : 27
Train Loss     : 0.0279	 | 	Train Accuracy     : 0.9930
Valid Loss     : 0.0246	 | 	Valid Accuracy     : 0.9932

Epoch : 28
Train Loss     : 0.0278	 | 	Train Accuracy     : 0.9934
Valid Loss     : 0.0224	 | 	Valid Accuracy     : 0.9951

Epoch : 29
Train Loss     : 0.0233	 | 	Train Accuracy     : 0.9949
Valid Loss     : 0.0229	 | 	Valid Accuracy     : 0.9961

Epoch : 30
Train Loss     : 0.0248	 | 	Train Accuracy     : 0.9949
Valid Loss     : 0.0207	 | 	Valid Accuracy     : 0.9966

Evaluate on the Test set:
Test loss      :0.4091	 | Test Accuracy      : 0.8346 | Test AUPRC      : 0.6417
tensor([0.6344, 0.4424, 0.8777, 0.7026, 0.4492, 0.6926, 0.6944, 0.4953, 0.4855,
        0.4242, 0.4664, 0.5422, 0.5183, 0.5917, 0.8674, 0.5945, 0.4331, 0.4387,
        0.4221, 0.4608, 0.4439, 0.4211, 0.5933, 0.8404, 0.6917, 0.4722, 0.6671,
        0.3942, 0.4055, 0.4592, 0.7225, 0.6416, 0.4740, 0.5356, 0.4198, 0.5343,
        0.6084, 0.4206, 0.5014, 0.6754, 0.5059, 0.5837, 0.4169, 0.3911, 0.5815,
        0.5287, 0.4129, 0.4984, 0.4032, 0.4377, 0.4143, 0.4300, 0.4021, 0.4142,
        0.4319, 0.8184, 0.4500, 0.6161, 0.7130, 0.4088, 0.6140, 0.4595],
       device='cuda:0', grad_fn=<SqueezeBackward1>)

################## Training is Done! #########################
Training time is : 0:02:18.308767
