=============================================
Dataset: SEED
Method:  TS-TCC
Mode:    fine_tune
=============================================
Data loaded ...
Subjet 12
if scale True
Training started ....

Epoch : 1
Train Loss     : 1.1486	 | 	Train Accuracy     : 0.4812
Valid Loss     : 0.9717	 | 	Valid Accuracy     : 0.5439

Epoch : 2
Train Loss     : 0.7499	 | 	Train Accuracy     : 0.6667
Valid Loss     : 1.0515	 | 	Valid Accuracy     : 0.5059

Epoch : 3
Train Loss     : 0.5794	 | 	Train Accuracy     : 0.7690
Valid Loss     : 1.2131	 | 	Valid Accuracy     : 0.5137

Epoch : 4
Train Loss     : 0.4837	 | 	Train Accuracy     : 0.8167
Valid Loss     : 1.0582	 | 	Valid Accuracy     : 0.5449

Epoch : 5
Train Loss     : 0.4110	 | 	Train Accuracy     : 0.8555
Valid Loss     : 1.3215	 | 	Valid Accuracy     : 0.5449

Epoch : 6
Train Loss     : 0.3760	 | 	Train Accuracy     : 0.8607
Valid Loss     : 0.9618	 | 	Valid Accuracy     : 0.5967

Epoch : 7
Train Loss     : 0.3257	 | 	Train Accuracy     : 0.8854
Valid Loss     : 0.9969	 | 	Valid Accuracy     : 0.5786

Epoch : 8
Train Loss     : 0.3000	 | 	Train Accuracy     : 0.8974
Valid Loss     : 1.1105	 | 	Valid Accuracy     : 0.5801

Epoch : 9
Train Loss     : 0.2461	 | 	Train Accuracy     : 0.9234
Valid Loss     : 0.9050	 | 	Valid Accuracy     : 0.6089

Epoch : 10
Train Loss     : 0.2295	 | 	Train Accuracy     : 0.9292
Valid Loss     : 1.1199	 | 	Valid Accuracy     : 0.6040

Epoch : 11
Train Loss     : 0.1941	 | 	Train Accuracy     : 0.9383
Valid Loss     : 1.0246	 | 	Valid Accuracy     : 0.6313

Epoch : 12
Train Loss     : 0.1738	 | 	Train Accuracy     : 0.9477
Valid Loss     : 1.1152	 | 	Valid Accuracy     : 0.5957

Epoch : 13
Train Loss     : 0.1659	 | 	Train Accuracy     : 0.9484
Valid Loss     : 1.0538	 | 	Valid Accuracy     : 0.6094

Epoch : 14
Train Loss     : 0.1511	 | 	Train Accuracy     : 0.9516
Valid Loss     : 1.0408	 | 	Valid Accuracy     : 0.6313

Epoch : 15
Train Loss     : 0.1462	 | 	Train Accuracy     : 0.9536
Valid Loss     : 1.1670	 | 	Valid Accuracy     : 0.6167

Epoch : 16
Train Loss     : 0.1384	 | 	Train Accuracy     : 0.9563
Valid Loss     : 1.3885	 | 	Valid Accuracy     : 0.6016

Epoch : 17
Train Loss     : 0.1385	 | 	Train Accuracy     : 0.9526
Valid Loss     : 0.9110	 | 	Valid Accuracy     : 0.6558

Epoch : 18
Train Loss     : 0.1125	 | 	Train Accuracy     : 0.9690
Valid Loss     : 1.1470	 | 	Valid Accuracy     : 0.6445

Epoch : 19
Train Loss     : 0.1143	 | 	Train Accuracy     : 0.9672
Valid Loss     : 1.3336	 | 	Valid Accuracy     : 0.6084

Epoch : 20
Train Loss     : 0.1140	 | 	Train Accuracy     : 0.9701
Valid Loss     : 0.9772	 | 	Valid Accuracy     : 0.6562

Epoch : 21
Train Loss     : 0.0839	 | 	Train Accuracy     : 0.9802
Valid Loss     : 0.9069	 | 	Valid Accuracy     : 0.6758

Epoch : 22
Train Loss     : 0.0795	 | 	Train Accuracy     : 0.9846
Valid Loss     : 0.9566	 | 	Valid Accuracy     : 0.6650

Epoch : 23
Train Loss     : 0.0773	 | 	Train Accuracy     : 0.9826
Valid Loss     : 1.0361	 | 	Valid Accuracy     : 0.6567

Epoch : 24
Train Loss     : 0.0713	 | 	Train Accuracy     : 0.9849
Valid Loss     : 0.9726	 | 	Valid Accuracy     : 0.6543

Epoch : 25
Train Loss     : 0.0679	 | 	Train Accuracy     : 0.9867
Valid Loss     : 0.9689	 | 	Valid Accuracy     : 0.6636

Epoch : 26
Train Loss     : 0.0687	 | 	Train Accuracy     : 0.9870
Valid Loss     : 0.9557	 | 	Valid Accuracy     : 0.6655

Epoch : 27
Train Loss     : 0.0685	 | 	Train Accuracy     : 0.9870
Valid Loss     : 0.9936	 | 	Valid Accuracy     : 0.6567

Epoch : 28
Train Loss     : 0.0633	 | 	Train Accuracy     : 0.9904
Valid Loss     : 0.9732	 | 	Valid Accuracy     : 0.6602

Epoch : 29
Train Loss     : 0.0633	 | 	Train Accuracy     : 0.9909
Valid Loss     : 0.9991	 | 	Valid Accuracy     : 0.6611

Epoch : 30
Train Loss     : 0.0617	 | 	Train Accuracy     : 0.9883
Valid Loss     : 0.9679	 | 	Valid Accuracy     : 0.6631

Evaluate on the Test set:
Test loss      :1.2417	 | Test Accuracy      : 0.6284 | Test AUPRC      : 0.4753
tensor([0.9059, 0.9961, 0.9774, 0.8260, 0.9493, 0.9642, 0.8539, 0.8631, 0.8541,
        0.8177, 0.8017, 0.7919, 0.8580, 0.8729, 0.8896, 0.8203, 0.8977, 0.8899,
        0.7703, 0.8540, 0.9009, 0.7720, 0.8571, 1.0244, 0.8531, 0.8630, 0.9559,
        0.9111, 0.7448, 0.8027, 0.8928, 0.9749, 0.7809, 0.7544, 0.7555, 0.8992,
        0.9336, 0.8116, 0.7979, 0.7469, 0.8924, 0.8654, 0.8166, 0.9314, 0.7769,
        0.8469, 0.8377, 0.8151, 0.7781, 0.8850, 0.9422, 0.8275, 0.7331, 0.7637,
        0.7668, 0.7157, 0.7919, 0.8461, 0.8622, 0.7192, 0.7914, 0.7914],
       device='cuda:0', grad_fn=<SqueezeBackward1>)

################## Training is Done! #########################
Training time is : 0:01:39.429032
