=============================================
Dataset: SEED
Method:  TS-TCC
Mode:    fine_tune
=============================================
Data loaded ...
Subjet 6
if scale True
Training started ....

Epoch : 1
Train Loss     : 0.8352	 | 	Train Accuracy     : 0.6221
Valid Loss     : 0.7090	 | 	Valid Accuracy     : 0.6362

Epoch : 2
Train Loss     : 0.4946	 | 	Train Accuracy     : 0.8028
Valid Loss     : 0.6865	 | 	Valid Accuracy     : 0.6919

Epoch : 3
Train Loss     : 0.4148	 | 	Train Accuracy     : 0.8378
Valid Loss     : 0.7575	 | 	Valid Accuracy     : 0.7373

Epoch : 4
Train Loss     : 0.3538	 | 	Train Accuracy     : 0.8730
Valid Loss     : 0.7624	 | 	Valid Accuracy     : 0.7695

Epoch : 5
Train Loss     : 0.3241	 | 	Train Accuracy     : 0.8809
Valid Loss     : 0.8626	 | 	Valid Accuracy     : 0.7368

Epoch : 6
Train Loss     : 0.2991	 | 	Train Accuracy     : 0.8928
Valid Loss     : 0.7122	 | 	Valid Accuracy     : 0.7827

Epoch : 7
Train Loss     : 0.3083	 | 	Train Accuracy     : 0.8794
Valid Loss     : 0.6385	 | 	Valid Accuracy     : 0.8159

Epoch : 8
Train Loss     : 0.2902	 | 	Train Accuracy     : 0.8939
Valid Loss     : 0.6744	 | 	Valid Accuracy     : 0.8086

Epoch : 9
Train Loss     : 0.2708	 | 	Train Accuracy     : 0.9012
Valid Loss     : 0.8382	 | 	Valid Accuracy     : 0.7720

Epoch : 10
Train Loss     : 0.2767	 | 	Train Accuracy     : 0.8947
Valid Loss     : 0.6324	 | 	Valid Accuracy     : 0.8232

Epoch : 11
Train Loss     : 0.2547	 | 	Train Accuracy     : 0.9102
Valid Loss     : 0.7614	 | 	Valid Accuracy     : 0.7778

Epoch : 12
Train Loss     : 0.2360	 | 	Train Accuracy     : 0.9149
Valid Loss     : 0.7802	 | 	Valid Accuracy     : 0.7900

Epoch : 13
Train Loss     : 0.2306	 | 	Train Accuracy     : 0.9173
Valid Loss     : 0.7932	 | 	Valid Accuracy     : 0.7773

Epoch : 14
Train Loss     : 0.2320	 | 	Train Accuracy     : 0.9122
Valid Loss     : 0.7339	 | 	Valid Accuracy     : 0.7930

Epoch : 15
Train Loss     : 0.2276	 | 	Train Accuracy     : 0.9153
Valid Loss     : 0.7701	 | 	Valid Accuracy     : 0.7974

Epoch : 16
Train Loss     : 0.2130	 | 	Train Accuracy     : 0.9210
Valid Loss     : 0.7896	 | 	Valid Accuracy     : 0.7905

Epoch : 17
Train Loss     : 0.2152	 | 	Train Accuracy     : 0.9183
Valid Loss     : 0.7866	 | 	Valid Accuracy     : 0.7905

Epoch : 18
Train Loss     : 0.2097	 | 	Train Accuracy     : 0.9193
Valid Loss     : 0.7824	 | 	Valid Accuracy     : 0.7798

Epoch : 19
Train Loss     : 0.2071	 | 	Train Accuracy     : 0.9222
Valid Loss     : 0.8707	 | 	Valid Accuracy     : 0.7666

Epoch : 20
Train Loss     : 0.2161	 | 	Train Accuracy     : 0.9173
Valid Loss     : 1.0302	 | 	Valid Accuracy     : 0.7441

Epoch : 21
Train Loss     : 0.2168	 | 	Train Accuracy     : 0.9192
Valid Loss     : 0.8777	 | 	Valid Accuracy     : 0.7686

Epoch : 22
Train Loss     : 0.1717	 | 	Train Accuracy     : 0.9417
Valid Loss     : 0.9530	 | 	Valid Accuracy     : 0.7803

Epoch : 23
Train Loss     : 0.1628	 | 	Train Accuracy     : 0.9470
Valid Loss     : 0.9586	 | 	Valid Accuracy     : 0.7734

Epoch : 24
Train Loss     : 0.1538	 | 	Train Accuracy     : 0.9507
Valid Loss     : 0.8841	 | 	Valid Accuracy     : 0.7886

Epoch : 25
Train Loss     : 0.1532	 | 	Train Accuracy     : 0.9499
Valid Loss     : 0.9752	 | 	Valid Accuracy     : 0.7666

Epoch : 26
Train Loss     : 0.1524	 | 	Train Accuracy     : 0.9513
Valid Loss     : 0.9220	 | 	Valid Accuracy     : 0.7769

Epoch : 27
Train Loss     : 0.1489	 | 	Train Accuracy     : 0.9511
Valid Loss     : 0.9188	 | 	Valid Accuracy     : 0.7798

Epoch : 28
Train Loss     : 0.1497	 | 	Train Accuracy     : 0.9492
Valid Loss     : 0.9270	 | 	Valid Accuracy     : 0.7842

Epoch : 29
Train Loss     : 0.1440	 | 	Train Accuracy     : 0.9528
Valid Loss     : 0.8944	 | 	Valid Accuracy     : 0.7881

Epoch : 30
Train Loss     : 0.1384	 | 	Train Accuracy     : 0.9541
Valid Loss     : 0.9895	 | 	Valid Accuracy     : 0.7695

Evaluate on the Test set:
Test loss      :0.9310	 | Test Accuracy      : 0.7434 | Test AUPRC      : 0.5485
tensor([0.7510, 0.9186, 0.9340, 0.9012, 0.6108, 0.8382, 0.9161, 0.8932, 0.6979,
        0.5946, 0.7014, 0.7095, 0.7346, 0.9017, 0.8430, 0.7136, 0.6470, 0.6823,
        0.5794, 0.7620, 0.6987, 0.6508, 0.9098, 0.9517, 0.8107, 0.7611, 0.7405,
        0.6954, 0.6076, 0.6110, 0.6989, 0.9600, 0.8845, 0.7641, 0.6557, 0.6268,
        0.7887, 0.7176, 0.7007, 0.6417, 0.7333, 0.7742, 0.6934, 0.6121, 0.9253,
        0.7187, 0.5965, 0.6596, 0.6280, 0.5940, 0.5797, 0.6189, 0.5829, 0.5901,
        0.7224, 0.6051, 0.6538, 0.5948, 0.6440, 0.6397, 0.5851, 0.6389],
       device='cuda:0', grad_fn=<SqueezeBackward1>)

################## Training is Done! #########################
Training time is : 0:02:15.884837
