=============================================
Dataset: SEED
Method:  TS-TCC
Mode:    fine_tune
=============================================
Data loaded ...
Subjet 8
if scale True
Training started ....

Epoch : 1
Train Loss     : 0.7524	 | 	Train Accuracy     : 0.6795
Valid Loss     : 0.4876	 | 	Valid Accuracy     : 0.7852

Epoch : 2
Train Loss     : 0.3657	 | 	Train Accuracy     : 0.8539
Valid Loss     : 0.4980	 | 	Valid Accuracy     : 0.7627

Epoch : 3
Train Loss     : 0.2963	 | 	Train Accuracy     : 0.8855
Valid Loss     : 0.4752	 | 	Valid Accuracy     : 0.7876

Epoch : 4
Train Loss     : 0.2385	 | 	Train Accuracy     : 0.9088
Valid Loss     : 0.3794	 | 	Valid Accuracy     : 0.8345

Epoch : 5
Train Loss     : 0.2141	 | 	Train Accuracy     : 0.9210
Valid Loss     : 0.4401	 | 	Valid Accuracy     : 0.8135

Epoch : 6
Train Loss     : 0.1989	 | 	Train Accuracy     : 0.9292
Valid Loss     : 0.4895	 | 	Valid Accuracy     : 0.7793

Epoch : 7
Train Loss     : 0.1990	 | 	Train Accuracy     : 0.9236
Valid Loss     : 0.5072	 | 	Valid Accuracy     : 0.7842

Epoch : 8
Train Loss     : 0.1799	 | 	Train Accuracy     : 0.9317
Valid Loss     : 0.4143	 | 	Valid Accuracy     : 0.8174

Epoch : 9
Train Loss     : 0.1652	 | 	Train Accuracy     : 0.9372
Valid Loss     : 0.4493	 | 	Valid Accuracy     : 0.7998

Epoch : 10
Train Loss     : 0.1656	 | 	Train Accuracy     : 0.9399
Valid Loss     : 0.4781	 | 	Valid Accuracy     : 0.7959

Epoch : 11
Train Loss     : 0.1521	 | 	Train Accuracy     : 0.9462
Valid Loss     : 0.5183	 | 	Valid Accuracy     : 0.7744

Epoch : 12
Train Loss     : 0.1475	 | 	Train Accuracy     : 0.9438
Valid Loss     : 0.4471	 | 	Valid Accuracy     : 0.8027

Epoch : 13
Train Loss     : 0.1330	 | 	Train Accuracy     : 0.9553
Valid Loss     : 0.4748	 | 	Valid Accuracy     : 0.7939

Epoch : 14
Train Loss     : 0.1417	 | 	Train Accuracy     : 0.9472
Valid Loss     : 0.4462	 | 	Valid Accuracy     : 0.8032

Epoch : 15
Train Loss     : 0.1288	 | 	Train Accuracy     : 0.9541
Valid Loss     : 0.4319	 | 	Valid Accuracy     : 0.8027

Epoch : 16
Train Loss     : 0.1052	 | 	Train Accuracy     : 0.9664
Valid Loss     : 0.5161	 | 	Valid Accuracy     : 0.7959

Epoch : 17
Train Loss     : 0.1005	 | 	Train Accuracy     : 0.9684
Valid Loss     : 0.4810	 | 	Valid Accuracy     : 0.8013

Epoch : 18
Train Loss     : 0.0964	 | 	Train Accuracy     : 0.9696
Valid Loss     : 0.4993	 | 	Valid Accuracy     : 0.7935

Epoch : 19
Train Loss     : 0.0951	 | 	Train Accuracy     : 0.9704
Valid Loss     : 0.4946	 | 	Valid Accuracy     : 0.7979

Epoch : 20
Train Loss     : 0.0943	 | 	Train Accuracy     : 0.9711
Valid Loss     : 0.4734	 | 	Valid Accuracy     : 0.8022

Epoch : 21
Train Loss     : 0.0891	 | 	Train Accuracy     : 0.9750
Valid Loss     : 0.4567	 | 	Valid Accuracy     : 0.8066

Epoch : 22
Train Loss     : 0.0920	 | 	Train Accuracy     : 0.9708
Valid Loss     : 0.4951	 | 	Valid Accuracy     : 0.7979

Epoch : 23
Train Loss     : 0.0846	 | 	Train Accuracy     : 0.9764
Valid Loss     : 0.4504	 | 	Valid Accuracy     : 0.8115

Epoch : 24
Train Loss     : 0.0856	 | 	Train Accuracy     : 0.9737
Valid Loss     : 0.5265	 | 	Valid Accuracy     : 0.7925

Epoch : 25
Train Loss     : 0.0849	 | 	Train Accuracy     : 0.9764
Valid Loss     : 0.5098	 | 	Valid Accuracy     : 0.7935

Epoch : 26
Train Loss     : 0.0803	 | 	Train Accuracy     : 0.9774
Valid Loss     : 0.4917	 | 	Valid Accuracy     : 0.7998

Epoch : 27
Train Loss     : 0.0822	 | 	Train Accuracy     : 0.9776
Valid Loss     : 0.4638	 | 	Valid Accuracy     : 0.8130

Epoch : 28
Train Loss     : 0.0801	 | 	Train Accuracy     : 0.9781
Valid Loss     : 0.4707	 | 	Valid Accuracy     : 0.8071

Epoch : 29
Train Loss     : 0.0766	 | 	Train Accuracy     : 0.9791
Valid Loss     : 0.4658	 | 	Valid Accuracy     : 0.8071

Epoch : 30
Train Loss     : 0.0764	 | 	Train Accuracy     : 0.9788
Valid Loss     : 0.4701	 | 	Valid Accuracy     : 0.8062

Evaluate on the Test set:
Test loss      :0.6286	 | Test Accuracy      : 0.7716 | Test AUPRC      : 0.6327
tensor([0.8052, 0.8708, 0.9918, 0.8413, 0.8843, 0.9135, 0.8901, 0.7381, 0.7857,
        0.7709, 0.8579, 0.6847, 0.8677, 0.8342, 0.7911, 0.7118, 0.8039, 0.6811,
        0.6887, 0.7545, 0.8971, 0.7697, 0.7695, 0.9676, 0.8433, 0.7427, 0.7890,
        0.6868, 0.7345, 0.7988, 0.7714, 0.9109, 0.8542, 0.8470, 0.7596, 0.7172,
        0.7741, 0.7670, 0.7880, 0.6695, 0.9854, 0.8404, 0.7609, 0.7116, 0.7287,
        0.7798, 0.6952, 0.7262, 0.6804, 0.8017, 0.6866, 0.7088, 0.6832, 0.6856,
        0.7220, 0.6551, 0.6995, 0.6950, 0.7417, 0.6791, 0.6969, 0.7240],
       device='cuda:0', grad_fn=<SqueezeBackward1>)

################## Training is Done! #########################
Training time is : 0:01:35.272388
