=============================================
Dataset: SEED
Method:  TS-TCC
Mode:    fine_tune
=============================================
Data loaded ...
Subjet 1
if scale True
Training started ....

Epoch : 1
Train Loss     : 1.0270	 | 	Train Accuracy     : 0.5515
Valid Loss     : 2.0002	 | 	Valid Accuracy     : 0.3408

Epoch : 2
Train Loss     : 0.6331	 | 	Train Accuracy     : 0.7459
Valid Loss     : 0.9625	 | 	Valid Accuracy     : 0.5850

Epoch : 3
Train Loss     : 0.5817	 | 	Train Accuracy     : 0.7661
Valid Loss     : 1.0125	 | 	Valid Accuracy     : 0.5708

Epoch : 4
Train Loss     : 0.5096	 | 	Train Accuracy     : 0.8004
Valid Loss     : 0.8950	 | 	Valid Accuracy     : 0.6216

Epoch : 5
Train Loss     : 0.4649	 | 	Train Accuracy     : 0.8224
Valid Loss     : 0.9177	 | 	Valid Accuracy     : 0.6143

Epoch : 6
Train Loss     : 0.4304	 | 	Train Accuracy     : 0.8346
Valid Loss     : 0.9424	 | 	Valid Accuracy     : 0.6074

Epoch : 7
Train Loss     : 0.4424	 | 	Train Accuracy     : 0.8319
Valid Loss     : 1.1255	 | 	Valid Accuracy     : 0.5962

Epoch : 8
Train Loss     : 0.4205	 | 	Train Accuracy     : 0.8412
Valid Loss     : 1.1847	 | 	Valid Accuracy     : 0.5698

Epoch : 9
Train Loss     : 0.3984	 | 	Train Accuracy     : 0.8494
Valid Loss     : 1.0360	 | 	Valid Accuracy     : 0.6187

Epoch : 10
Train Loss     : 0.3922	 | 	Train Accuracy     : 0.8504
Valid Loss     : 1.0156	 | 	Valid Accuracy     : 0.5894

Epoch : 11
Train Loss     : 0.3719	 | 	Train Accuracy     : 0.8589
Valid Loss     : 1.1255	 | 	Valid Accuracy     : 0.6035

Epoch : 12
Train Loss     : 0.3636	 | 	Train Accuracy     : 0.8631
Valid Loss     : 1.0451	 | 	Valid Accuracy     : 0.6099

Epoch : 13
Train Loss     : 0.3433	 | 	Train Accuracy     : 0.8709
Valid Loss     : 1.0418	 | 	Valid Accuracy     : 0.6138

Epoch : 14
Train Loss     : 0.3779	 | 	Train Accuracy     : 0.8482
Valid Loss     : 1.1205	 | 	Valid Accuracy     : 0.5898

Epoch : 15
Train Loss     : 0.3398	 | 	Train Accuracy     : 0.8687
Valid Loss     : 1.0275	 | 	Valid Accuracy     : 0.6304

Epoch : 16
Train Loss     : 0.2867	 | 	Train Accuracy     : 0.8922
Valid Loss     : 1.0867	 | 	Valid Accuracy     : 0.6104

Epoch : 17
Train Loss     : 0.2751	 | 	Train Accuracy     : 0.9023
Valid Loss     : 1.1676	 | 	Valid Accuracy     : 0.6069

Epoch : 18
Train Loss     : 0.2644	 | 	Train Accuracy     : 0.9064
Valid Loss     : 1.0740	 | 	Valid Accuracy     : 0.6167

Epoch : 19
Train Loss     : 0.2568	 | 	Train Accuracy     : 0.9151
Valid Loss     : 1.1659	 | 	Valid Accuracy     : 0.6201

Epoch : 20
Train Loss     : 0.2510	 | 	Train Accuracy     : 0.9183
Valid Loss     : 1.0745	 | 	Valid Accuracy     : 0.6147

Epoch : 21
Train Loss     : 0.2492	 | 	Train Accuracy     : 0.9136
Valid Loss     : 1.1188	 | 	Valid Accuracy     : 0.6187

Epoch : 22
Train Loss     : 0.2450	 | 	Train Accuracy     : 0.9198
Valid Loss     : 1.2360	 | 	Valid Accuracy     : 0.6152

Epoch : 23
Train Loss     : 0.2446	 | 	Train Accuracy     : 0.9129
Valid Loss     : 1.0397	 | 	Valid Accuracy     : 0.6182

Epoch : 24
Train Loss     : 0.2311	 | 	Train Accuracy     : 0.9227
Valid Loss     : 1.0177	 | 	Valid Accuracy     : 0.6270

Epoch : 25
Train Loss     : 0.2436	 | 	Train Accuracy     : 0.9158
Valid Loss     : 1.0422	 | 	Valid Accuracy     : 0.6187

Epoch : 26
Train Loss     : 0.2340	 | 	Train Accuracy     : 0.9215
Valid Loss     : 1.0600	 | 	Valid Accuracy     : 0.6152

Epoch : 27
Train Loss     : 0.2337	 | 	Train Accuracy     : 0.9234
Valid Loss     : 1.0564	 | 	Valid Accuracy     : 0.6201

Epoch : 28
Train Loss     : 0.2302	 | 	Train Accuracy     : 0.9226
Valid Loss     : 1.0509	 | 	Valid Accuracy     : 0.6172

Epoch : 29
Train Loss     : 0.2241	 | 	Train Accuracy     : 0.9276
Valid Loss     : 1.0676	 | 	Valid Accuracy     : 0.6196

Epoch : 30
Train Loss     : 0.2238	 | 	Train Accuracy     : 0.9268
Valid Loss     : 1.0576	 | 	Valid Accuracy     : 0.6196

Evaluate on the Test set:
Test loss      :0.6996	 | Test Accuracy      : 0.7421 | Test AUPRC      : 0.5922
tensor([0.7536, 0.9030, 0.8853, 0.8880, 0.8024, 0.8973, 0.8111, 0.7131, 0.8435,
        0.7316, 0.8419, 0.6975, 0.8161, 0.8299, 0.8401, 0.8363, 0.7415, 0.7606,
        0.7274, 0.9257, 0.8475, 0.7107, 0.9580, 0.9778, 0.9227, 0.8157, 0.7603,
        0.7961, 0.7312, 0.7697, 0.7371, 0.8820, 0.9028, 0.7007, 0.8044, 0.7487,
        0.8034, 0.8509, 0.7961, 0.6808, 0.9794, 0.8575, 0.8519, 0.8649, 0.8320,
        0.8427, 0.6881, 0.7551, 0.8336, 0.9607, 0.7028, 0.8034, 0.7125, 0.7153,
        0.7107, 0.9233, 0.7972, 0.8844, 0.8483, 0.7388, 0.8107, 0.7759],
       device='cuda:0', grad_fn=<SqueezeBackward1>)

################## Training is Done! #########################
Training time is : 0:02:14.202185
