=============================================
Dataset: SEED
Method:  TS-TCC
Mode:    random_init
=============================================
Data loaded ...
Training started ....

Epoch : 1
Train Loss     : 1.2568	 | 	Train Accuracy     : 0.4100
Valid Loss     : 1.1465	 | 	Valid Accuracy     : 0.4531

Epoch : 2
Train Loss     : 0.9847	 | 	Train Accuracy     : 0.5309
Valid Loss     : 1.1789	 | 	Valid Accuracy     : 0.3896

Epoch : 3
Train Loss     : 0.9366	 | 	Train Accuracy     : 0.5688
Valid Loss     : 1.1751	 | 	Valid Accuracy     : 0.4297

Epoch : 4
Train Loss     : 0.9086	 | 	Train Accuracy     : 0.5815
Valid Loss     : 1.2091	 | 	Valid Accuracy     : 0.4956

Epoch : 5
Train Loss     : 0.9193	 | 	Train Accuracy     : 0.5873
Valid Loss     : 1.1783	 | 	Valid Accuracy     : 0.4375

Epoch : 6
Train Loss     : 0.8785	 | 	Train Accuracy     : 0.6007
Valid Loss     : 1.2262	 | 	Valid Accuracy     : 0.4326

Epoch : 7
Train Loss     : 0.8775	 | 	Train Accuracy     : 0.6021
Valid Loss     : 1.2165	 | 	Valid Accuracy     : 0.4307

Epoch : 8
Train Loss     : 0.8768	 | 	Train Accuracy     : 0.6041
Valid Loss     : 1.1910	 | 	Valid Accuracy     : 0.4678

Epoch : 9
Train Loss     : 0.8864	 | 	Train Accuracy     : 0.6034
Valid Loss     : 1.2133	 | 	Valid Accuracy     : 0.4590

Epoch : 10
Train Loss     : 0.9215	 | 	Train Accuracy     : 0.5875
Valid Loss     : 1.2181	 | 	Valid Accuracy     : 0.4653

Epoch : 11
Train Loss     : 0.8507	 | 	Train Accuracy     : 0.6204
Valid Loss     : 1.2494	 | 	Valid Accuracy     : 0.4937

Epoch : 12
Train Loss     : 0.8460	 | 	Train Accuracy     : 0.6255
Valid Loss     : 1.2671	 | 	Valid Accuracy     : 0.4951

Epoch : 13
Train Loss     : 0.8438	 | 	Train Accuracy     : 0.6206
Valid Loss     : 1.2325	 | 	Valid Accuracy     : 0.4961

Epoch : 14
Train Loss     : 0.8264	 | 	Train Accuracy     : 0.6287
Valid Loss     : 1.1941	 | 	Valid Accuracy     : 0.4644

Epoch : 15
Train Loss     : 0.8035	 | 	Train Accuracy     : 0.6522
Valid Loss     : 1.2236	 | 	Valid Accuracy     : 0.4878

Epoch : 16
Train Loss     : 0.8019	 | 	Train Accuracy     : 0.6495
Valid Loss     : 1.2213	 | 	Valid Accuracy     : 0.4893

Epoch : 17
Train Loss     : 0.8085	 | 	Train Accuracy     : 0.6449
Valid Loss     : 1.2071	 | 	Valid Accuracy     : 0.4531

Epoch : 18
Train Loss     : 0.8008	 | 	Train Accuracy     : 0.6547
Valid Loss     : 1.2058	 | 	Valid Accuracy     : 0.4814

Epoch : 19
Train Loss     : 0.8065	 | 	Train Accuracy     : 0.6457
Valid Loss     : 1.2098	 | 	Valid Accuracy     : 0.4814

Epoch : 20
Train Loss     : 0.7969	 | 	Train Accuracy     : 0.6557
Valid Loss     : 1.2062	 | 	Valid Accuracy     : 0.4756

Epoch : 21
Train Loss     : 0.8062	 | 	Train Accuracy     : 0.6462
Valid Loss     : 1.2095	 | 	Valid Accuracy     : 0.4849

Epoch : 22
Train Loss     : 0.8045	 | 	Train Accuracy     : 0.6539
Valid Loss     : 1.2075	 | 	Valid Accuracy     : 0.4746

Epoch : 23
Train Loss     : 0.8046	 | 	Train Accuracy     : 0.6444
Valid Loss     : 1.1964	 | 	Valid Accuracy     : 0.4585

Epoch : 24
Train Loss     : 0.7908	 | 	Train Accuracy     : 0.6546
Valid Loss     : 1.1992	 | 	Valid Accuracy     : 0.4551

Epoch : 25
Train Loss     : 0.7789	 | 	Train Accuracy     : 0.6615
Valid Loss     : 1.2062	 | 	Valid Accuracy     : 0.4785

Epoch : 26
Train Loss     : 0.8009	 | 	Train Accuracy     : 0.6481
Valid Loss     : 1.1993	 | 	Valid Accuracy     : 0.4595

Epoch : 27
Train Loss     : 0.7954	 | 	Train Accuracy     : 0.6556
Valid Loss     : 1.2049	 | 	Valid Accuracy     : 0.4805

Epoch : 28
Train Loss     : 0.7982	 | 	Train Accuracy     : 0.6522
Valid Loss     : 1.2106	 | 	Valid Accuracy     : 0.4746

Epoch : 29
Train Loss     : 0.7991	 | 	Train Accuracy     : 0.6510
Valid Loss     : 1.2093	 | 	Valid Accuracy     : 0.4731

Epoch : 30
Train Loss     : 0.7951	 | 	Train Accuracy     : 0.6481
Valid Loss     : 1.2054	 | 	Valid Accuracy     : 0.4658

Evaluate on the Test set:
Test loss      :1.0414	 | Test Accuracy      : 0.4864 | Test AUPRC      : 0.4311

################## Training is Done! #########################
Training time is : 0:00:59.832929
