=============================================
Dataset: SEED
Method:  TS-TCC
Mode:    random_init
=============================================
Data loaded ...
Training started ....

Epoch : 1
Train Loss     : 1.3256	 | 	Train Accuracy     : 0.4251
Valid Loss     : 1.1853	 | 	Valid Accuracy     : 0.3462

Epoch : 2
Train Loss     : 0.9748	 | 	Train Accuracy     : 0.5275
Valid Loss     : 1.1503	 | 	Valid Accuracy     : 0.4297

Epoch : 3
Train Loss     : 0.9058	 | 	Train Accuracy     : 0.5722
Valid Loss     : 1.1291	 | 	Valid Accuracy     : 0.4526

Epoch : 4
Train Loss     : 0.8972	 | 	Train Accuracy     : 0.5846
Valid Loss     : 1.1447	 | 	Valid Accuracy     : 0.4561

Epoch : 5
Train Loss     : 0.8823	 | 	Train Accuracy     : 0.5999
Valid Loss     : 1.2068	 | 	Valid Accuracy     : 0.4287

Epoch : 6
Train Loss     : 0.8700	 | 	Train Accuracy     : 0.5970
Valid Loss     : 1.1514	 | 	Valid Accuracy     : 0.4727

Epoch : 7
Train Loss     : 0.8524	 | 	Train Accuracy     : 0.6061
Valid Loss     : 1.1765	 | 	Valid Accuracy     : 0.4380

Epoch : 8
Train Loss     : 0.8279	 | 	Train Accuracy     : 0.6243
Valid Loss     : 1.2176	 | 	Valid Accuracy     : 0.4346

Epoch : 9
Train Loss     : 0.8407	 | 	Train Accuracy     : 0.6206
Valid Loss     : 1.2060	 | 	Valid Accuracy     : 0.4502

Epoch : 10
Train Loss     : 0.8387	 | 	Train Accuracy     : 0.6214
Valid Loss     : 1.2155	 | 	Valid Accuracy     : 0.3711

Epoch : 11
Train Loss     : 0.8573	 | 	Train Accuracy     : 0.6077
Valid Loss     : 1.1482	 | 	Valid Accuracy     : 0.4224

Epoch : 12
Train Loss     : 0.8522	 | 	Train Accuracy     : 0.6090
Valid Loss     : 1.1701	 | 	Valid Accuracy     : 0.4795

Epoch : 13
Train Loss     : 0.8663	 | 	Train Accuracy     : 0.6090
Valid Loss     : 1.1422	 | 	Valid Accuracy     : 0.4844

Epoch : 14
Train Loss     : 0.8032	 | 	Train Accuracy     : 0.6284
Valid Loss     : 1.1471	 | 	Valid Accuracy     : 0.4937

Epoch : 15
Train Loss     : 0.7821	 | 	Train Accuracy     : 0.6540
Valid Loss     : 1.1283	 | 	Valid Accuracy     : 0.4780

Epoch : 16
Train Loss     : 0.7592	 | 	Train Accuracy     : 0.6656
Valid Loss     : 1.1222	 | 	Valid Accuracy     : 0.4741

Epoch : 17
Train Loss     : 0.7643	 | 	Train Accuracy     : 0.6624
Valid Loss     : 1.1326	 | 	Valid Accuracy     : 0.4790

Epoch : 18
Train Loss     : 0.7618	 | 	Train Accuracy     : 0.6617
Valid Loss     : 1.1370	 | 	Valid Accuracy     : 0.4829

Epoch : 19
Train Loss     : 0.7544	 | 	Train Accuracy     : 0.6622
Valid Loss     : 1.1354	 | 	Valid Accuracy     : 0.4590

Epoch : 20
Train Loss     : 0.7632	 | 	Train Accuracy     : 0.6561
Valid Loss     : 1.1099	 | 	Valid Accuracy     : 0.4727

Epoch : 21
Train Loss     : 0.7617	 | 	Train Accuracy     : 0.6596
Valid Loss     : 1.1309	 | 	Valid Accuracy     : 0.4746

Epoch : 22
Train Loss     : 0.7560	 | 	Train Accuracy     : 0.6658
Valid Loss     : 1.1476	 | 	Valid Accuracy     : 0.4707

Epoch : 23
Train Loss     : 0.7559	 | 	Train Accuracy     : 0.6646
Valid Loss     : 1.1243	 | 	Valid Accuracy     : 0.4912

Epoch : 24
Train Loss     : 0.7629	 | 	Train Accuracy     : 0.6620
Valid Loss     : 1.1410	 | 	Valid Accuracy     : 0.4570

Epoch : 25
Train Loss     : 0.7646	 | 	Train Accuracy     : 0.6605
Valid Loss     : 1.1332	 | 	Valid Accuracy     : 0.4717

Epoch : 26
Train Loss     : 0.7584	 | 	Train Accuracy     : 0.6561
Valid Loss     : 1.1264	 | 	Valid Accuracy     : 0.4727

Epoch : 27
Train Loss     : 0.7433	 | 	Train Accuracy     : 0.6761
Valid Loss     : 1.1231	 | 	Valid Accuracy     : 0.4800

Epoch : 28
Train Loss     : 0.7623	 | 	Train Accuracy     : 0.6624
Valid Loss     : 1.1424	 | 	Valid Accuracy     : 0.4771

Epoch : 29
Train Loss     : 0.7543	 | 	Train Accuracy     : 0.6644
Valid Loss     : 1.1260	 | 	Valid Accuracy     : 0.4736

Epoch : 30
Train Loss     : 0.7498	 | 	Train Accuracy     : 0.6703
Valid Loss     : 1.1140	 | 	Valid Accuracy     : 0.4814

Evaluate on the Test set:
Test loss      :1.0610	 | Test Accuracy      : 0.4994 | Test AUPRC      : 0.4623

################## Training is Done! #########################
Training time is : 0:00:57.174601
