=============================================
Dataset: SEED
Method:  TS-TCC
Mode:    random_init
=============================================
Data loaded ...
Training started ....

Epoch : 1
Train Loss     : 1.3565	 | 	Train Accuracy     : 0.3808
Valid Loss     : 1.1494	 | 	Valid Accuracy     : 0.3848

Epoch : 2
Train Loss     : 1.0439	 | 	Train Accuracy     : 0.4657
Valid Loss     : 1.1411	 | 	Valid Accuracy     : 0.4434

Epoch : 3
Train Loss     : 1.0160	 | 	Train Accuracy     : 0.4798
Valid Loss     : 1.1535	 | 	Valid Accuracy     : 0.3994

Epoch : 4
Train Loss     : 1.0003	 | 	Train Accuracy     : 0.5046
Valid Loss     : 1.2123	 | 	Valid Accuracy     : 0.4448

Epoch : 5
Train Loss     : 0.9513	 | 	Train Accuracy     : 0.5279
Valid Loss     : 1.2482	 | 	Valid Accuracy     : 0.4492

Epoch : 6
Train Loss     : 0.9353	 | 	Train Accuracy     : 0.5442
Valid Loss     : 1.2691	 | 	Valid Accuracy     : 0.4663

Epoch : 7
Train Loss     : 0.9244	 | 	Train Accuracy     : 0.5499
Valid Loss     : 1.2715	 | 	Valid Accuracy     : 0.3862

Epoch : 8
Train Loss     : 0.9471	 | 	Train Accuracy     : 0.5442
Valid Loss     : 1.5144	 | 	Valid Accuracy     : 0.3838

Epoch : 9
Train Loss     : 0.9261	 | 	Train Accuracy     : 0.5537
Valid Loss     : 1.2948	 | 	Valid Accuracy     : 0.4902

Epoch : 10
Train Loss     : 0.9418	 | 	Train Accuracy     : 0.5406
Valid Loss     : 1.2572	 | 	Valid Accuracy     : 0.4282

Epoch : 11
Train Loss     : 0.9307	 | 	Train Accuracy     : 0.5545
Valid Loss     : 1.3158	 | 	Valid Accuracy     : 0.3750

Epoch : 12
Train Loss     : 0.9390	 | 	Train Accuracy     : 0.5496
Valid Loss     : 1.2229	 | 	Valid Accuracy     : 0.4292

Epoch : 13
Train Loss     : 0.8951	 | 	Train Accuracy     : 0.5717
Valid Loss     : 1.1950	 | 	Valid Accuracy     : 0.4224

Epoch : 14
Train Loss     : 0.8644	 | 	Train Accuracy     : 0.5932
Valid Loss     : 1.2097	 | 	Valid Accuracy     : 0.4189

Epoch : 15
Train Loss     : 0.8596	 | 	Train Accuracy     : 0.5954
Valid Loss     : 1.2071	 | 	Valid Accuracy     : 0.4297

Epoch : 16
Train Loss     : 0.8633	 | 	Train Accuracy     : 0.5885
Valid Loss     : 1.2390	 | 	Valid Accuracy     : 0.4116

Epoch : 17
Train Loss     : 0.8721	 | 	Train Accuracy     : 0.5807
Valid Loss     : 1.2328	 | 	Valid Accuracy     : 0.4209

Epoch : 18
Train Loss     : 0.8627	 | 	Train Accuracy     : 0.5944
Valid Loss     : 1.2232	 | 	Valid Accuracy     : 0.4297

Epoch : 19
Train Loss     : 0.8584	 | 	Train Accuracy     : 0.5990
Valid Loss     : 1.2261	 | 	Valid Accuracy     : 0.4121

Epoch : 20
Train Loss     : 0.8623	 | 	Train Accuracy     : 0.5924
Valid Loss     : 1.2352	 | 	Valid Accuracy     : 0.4170

Epoch : 21
Train Loss     : 0.8649	 | 	Train Accuracy     : 0.5878
Valid Loss     : 1.2410	 | 	Valid Accuracy     : 0.4263

Epoch : 22
Train Loss     : 0.8626	 | 	Train Accuracy     : 0.5909
Valid Loss     : 1.2369	 | 	Valid Accuracy     : 0.4326

Epoch : 23
Train Loss     : 0.8551	 | 	Train Accuracy     : 0.6000
Valid Loss     : 1.2395	 | 	Valid Accuracy     : 0.4326

Epoch : 24
Train Loss     : 0.8514	 | 	Train Accuracy     : 0.6046
Valid Loss     : 1.2170	 | 	Valid Accuracy     : 0.4160

Epoch : 25
Train Loss     : 0.8564	 | 	Train Accuracy     : 0.5983
Valid Loss     : 1.2377	 | 	Valid Accuracy     : 0.4150

Epoch : 26
Train Loss     : 0.8461	 | 	Train Accuracy     : 0.6070
Valid Loss     : 1.2211	 | 	Valid Accuracy     : 0.4204

Epoch : 27
Train Loss     : 0.8569	 | 	Train Accuracy     : 0.5958
Valid Loss     : 1.2624	 | 	Valid Accuracy     : 0.4155

Epoch : 28
Train Loss     : 0.8468	 | 	Train Accuracy     : 0.6061
Valid Loss     : 1.2377	 | 	Valid Accuracy     : 0.4268

Epoch : 29
Train Loss     : 0.8516	 | 	Train Accuracy     : 0.5956
Valid Loss     : 1.2317	 | 	Valid Accuracy     : 0.4214

Epoch : 30
Train Loss     : 0.8560	 | 	Train Accuracy     : 0.6022
Valid Loss     : 1.2435	 | 	Valid Accuracy     : 0.4272

Evaluate on the Test set:
Test loss      :1.3881	 | Test Accuracy      : 0.3851 | Test AUPRC      : 0.3661

################## Training is Done! #########################
Training time is : 0:00:59.285703
