=============================================
Dataset: SEED
Method:  TS-TCC
Mode:    random_init
=============================================
Data loaded ...
Training started ....

Epoch : 1
Train Loss     : 1.3616	 | 	Train Accuracy     : 0.3680
Valid Loss     : 1.1223	 | 	Valid Accuracy     : 0.4053

Epoch : 2
Train Loss     : 1.1054	 | 	Train Accuracy     : 0.4633
Valid Loss     : 1.1263	 | 	Valid Accuracy     : 0.3945

Epoch : 3
Train Loss     : 1.0458	 | 	Train Accuracy     : 0.4873
Valid Loss     : 1.0784	 | 	Valid Accuracy     : 0.4106

Epoch : 4
Train Loss     : 0.9896	 | 	Train Accuracy     : 0.5280
Valid Loss     : 1.1009	 | 	Valid Accuracy     : 0.3979

Epoch : 5
Train Loss     : 0.9857	 | 	Train Accuracy     : 0.5470
Valid Loss     : 1.0884	 | 	Valid Accuracy     : 0.4263

Epoch : 6
Train Loss     : 0.9765	 | 	Train Accuracy     : 0.5506
Valid Loss     : 1.0586	 | 	Valid Accuracy     : 0.4360

Epoch : 7
Train Loss     : 0.9614	 | 	Train Accuracy     : 0.5532
Valid Loss     : 1.0780	 | 	Valid Accuracy     : 0.4263

Epoch : 8
Train Loss     : 0.9722	 | 	Train Accuracy     : 0.5435
Valid Loss     : 1.0530	 | 	Valid Accuracy     : 0.4741

Epoch : 9
Train Loss     : 0.9669	 | 	Train Accuracy     : 0.5533
Valid Loss     : 1.0283	 | 	Valid Accuracy     : 0.4888

Epoch : 10
Train Loss     : 0.9724	 | 	Train Accuracy     : 0.5453
Valid Loss     : 1.0474	 | 	Valid Accuracy     : 0.4810

Epoch : 11
Train Loss     : 0.9427	 | 	Train Accuracy     : 0.5812
Valid Loss     : 1.0952	 | 	Valid Accuracy     : 0.4448

Epoch : 12
Train Loss     : 0.9424	 | 	Train Accuracy     : 0.5679
Valid Loss     : 1.1176	 | 	Valid Accuracy     : 0.4497

Epoch : 13
Train Loss     : 0.9224	 | 	Train Accuracy     : 0.5803
Valid Loss     : 1.0427	 | 	Valid Accuracy     : 0.4819

Epoch : 14
Train Loss     : 0.9277	 | 	Train Accuracy     : 0.5871
Valid Loss     : 1.1057	 | 	Valid Accuracy     : 0.4570

Epoch : 15
Train Loss     : 0.9204	 | 	Train Accuracy     : 0.5769
Valid Loss     : 1.0479	 | 	Valid Accuracy     : 0.4673

Epoch : 16
Train Loss     : 0.9460	 | 	Train Accuracy     : 0.5695
Valid Loss     : 1.1080	 | 	Valid Accuracy     : 0.4336

Epoch : 17
Train Loss     : 0.9531	 | 	Train Accuracy     : 0.5647
Valid Loss     : 1.0204	 | 	Valid Accuracy     : 0.4893

Epoch : 18
Train Loss     : 0.9268	 | 	Train Accuracy     : 0.5914
Valid Loss     : 1.0499	 | 	Valid Accuracy     : 0.4814

Epoch : 19
Train Loss     : 0.9117	 | 	Train Accuracy     : 0.5924
Valid Loss     : 1.0523	 | 	Valid Accuracy     : 0.4795

Epoch : 20
Train Loss     : 0.8913	 | 	Train Accuracy     : 0.6051
Valid Loss     : 1.0514	 | 	Valid Accuracy     : 0.4795

Epoch : 21
Train Loss     : 0.9091	 | 	Train Accuracy     : 0.6000
Valid Loss     : 1.0413	 | 	Valid Accuracy     : 0.4849

Epoch : 22
Train Loss     : 0.9263	 | 	Train Accuracy     : 0.5803
Valid Loss     : 1.0250	 | 	Valid Accuracy     : 0.5063

Epoch : 23
Train Loss     : 0.9679	 | 	Train Accuracy     : 0.5693
Valid Loss     : 1.0311	 | 	Valid Accuracy     : 0.4893

Epoch : 24
Train Loss     : 0.9359	 | 	Train Accuracy     : 0.5815
Valid Loss     : 1.0397	 | 	Valid Accuracy     : 0.4873

Epoch : 25
Train Loss     : 0.9080	 | 	Train Accuracy     : 0.5977
Valid Loss     : 1.0682	 | 	Valid Accuracy     : 0.4683

Epoch : 26
Train Loss     : 0.8859	 | 	Train Accuracy     : 0.6058
Valid Loss     : 1.1238	 | 	Valid Accuracy     : 0.4487

Epoch : 27
Train Loss     : 0.9090	 | 	Train Accuracy     : 0.6044
Valid Loss     : 1.0482	 | 	Valid Accuracy     : 0.4751

Epoch : 28
Train Loss     : 0.9288	 | 	Train Accuracy     : 0.5822
Valid Loss     : 1.0979	 | 	Valid Accuracy     : 0.4561

Epoch : 29
Train Loss     : 0.8779	 | 	Train Accuracy     : 0.6095
Valid Loss     : 1.0631	 | 	Valid Accuracy     : 0.4648

Epoch : 30
Train Loss     : 0.8581	 | 	Train Accuracy     : 0.6201
Valid Loss     : 1.0596	 | 	Valid Accuracy     : 0.4692

Evaluate on the Test set:
Test loss      :1.1753	 | Test Accuracy      : 0.4641 | Test AUPRC      : 0.4141

################## Training is Done! #########################
Training time is : 0:00:59.103960
