=============================================
Dataset: SEED
Method:  TS-TCC
Mode:    random_init
=============================================
Data loaded ...
Training started ....

Epoch : 1
Train Loss     : 1.2861	 | 	Train Accuracy     : 0.4220
Valid Loss     : 1.2130	 | 	Valid Accuracy     : 0.4502

Epoch : 2
Train Loss     : 1.0193	 | 	Train Accuracy     : 0.5175
Valid Loss     : 1.1927	 | 	Valid Accuracy     : 0.4355

Epoch : 3
Train Loss     : 0.9984	 | 	Train Accuracy     : 0.5217
Valid Loss     : 1.1642	 | 	Valid Accuracy     : 0.4502

Epoch : 4
Train Loss     : 0.9247	 | 	Train Accuracy     : 0.5664
Valid Loss     : 1.1815	 | 	Valid Accuracy     : 0.4600

Epoch : 5
Train Loss     : 0.9003	 | 	Train Accuracy     : 0.5832
Valid Loss     : 1.1870	 | 	Valid Accuracy     : 0.4580

Epoch : 6
Train Loss     : 0.8807	 | 	Train Accuracy     : 0.5992
Valid Loss     : 1.2622	 | 	Valid Accuracy     : 0.3892

Epoch : 7
Train Loss     : 0.9371	 | 	Train Accuracy     : 0.5650
Valid Loss     : 1.2030	 | 	Valid Accuracy     : 0.4541

Epoch : 8
Train Loss     : 0.9293	 | 	Train Accuracy     : 0.5669
Valid Loss     : 1.2321	 | 	Valid Accuracy     : 0.4604

Epoch : 9
Train Loss     : 0.8756	 | 	Train Accuracy     : 0.6022
Valid Loss     : 1.1920	 | 	Valid Accuracy     : 0.4692

Epoch : 10
Train Loss     : 0.8928	 | 	Train Accuracy     : 0.5938
Valid Loss     : 1.2422	 | 	Valid Accuracy     : 0.4131

Epoch : 11
Train Loss     : 0.8618	 | 	Train Accuracy     : 0.6063
Valid Loss     : 1.3023	 | 	Valid Accuracy     : 0.4463

Epoch : 12
Train Loss     : 0.8546	 | 	Train Accuracy     : 0.6094
Valid Loss     : 1.2801	 | 	Valid Accuracy     : 0.4629

Epoch : 13
Train Loss     : 0.8578	 | 	Train Accuracy     : 0.6150
Valid Loss     : 1.2300	 | 	Valid Accuracy     : 0.4639

Epoch : 14
Train Loss     : 0.8109	 | 	Train Accuracy     : 0.6386
Valid Loss     : 1.2313	 | 	Valid Accuracy     : 0.4731

Epoch : 15
Train Loss     : 0.8062	 | 	Train Accuracy     : 0.6406
Valid Loss     : 1.2337	 | 	Valid Accuracy     : 0.4546

Epoch : 16
Train Loss     : 0.8024	 | 	Train Accuracy     : 0.6456
Valid Loss     : 1.2397	 | 	Valid Accuracy     : 0.4658

Epoch : 17
Train Loss     : 0.8049	 | 	Train Accuracy     : 0.6423
Valid Loss     : 1.2418	 | 	Valid Accuracy     : 0.4561

Epoch : 18
Train Loss     : 0.7843	 | 	Train Accuracy     : 0.6559
Valid Loss     : 1.2227	 | 	Valid Accuracy     : 0.4780

Epoch : 19
Train Loss     : 0.7875	 | 	Train Accuracy     : 0.6546
Valid Loss     : 1.2348	 | 	Valid Accuracy     : 0.4590

Epoch : 20
Train Loss     : 0.7993	 | 	Train Accuracy     : 0.6527
Valid Loss     : 1.2304	 | 	Valid Accuracy     : 0.4434

Epoch : 21
Train Loss     : 0.7887	 | 	Train Accuracy     : 0.6554
Valid Loss     : 1.2416	 | 	Valid Accuracy     : 0.4609

Epoch : 22
Train Loss     : 0.7870	 | 	Train Accuracy     : 0.6532
Valid Loss     : 1.2423	 | 	Valid Accuracy     : 0.4443

Epoch : 23
Train Loss     : 0.7841	 | 	Train Accuracy     : 0.6656
Valid Loss     : 1.2320	 | 	Valid Accuracy     : 0.4629

Epoch : 24
Train Loss     : 0.7974	 | 	Train Accuracy     : 0.6462
Valid Loss     : 1.2280	 | 	Valid Accuracy     : 0.4521

Epoch : 25
Train Loss     : 0.8005	 | 	Train Accuracy     : 0.6408
Valid Loss     : 1.2313	 | 	Valid Accuracy     : 0.4443

Epoch : 26
Train Loss     : 0.7837	 | 	Train Accuracy     : 0.6544
Valid Loss     : 1.2373	 | 	Valid Accuracy     : 0.4512

Epoch : 27
Train Loss     : 0.7871	 | 	Train Accuracy     : 0.6549
Valid Loss     : 1.2344	 | 	Valid Accuracy     : 0.4517

Epoch : 28
Train Loss     : 0.7912	 | 	Train Accuracy     : 0.6569
Valid Loss     : 1.2371	 | 	Valid Accuracy     : 0.4551

Epoch : 29
Train Loss     : 0.7857	 | 	Train Accuracy     : 0.6590
Valid Loss     : 1.2344	 | 	Valid Accuracy     : 0.4541

Epoch : 30
Train Loss     : 0.7866	 | 	Train Accuracy     : 0.6549
Valid Loss     : 1.2421	 | 	Valid Accuracy     : 0.4580

Evaluate on the Test set:
Test loss      :1.1053	 | Test Accuracy      : 0.4791 | Test AUPRC      : 0.4062

################## Training is Done! #########################
Training time is : 0:01:00.242345
