=============================================
Dataset: SEED
Method:  TS-TCC
Mode:    fine_tune
=============================================
Data loaded ...
Subjet 15
if scale True
Training started ....

Epoch : 1
Train Loss     : 0.6977	 | 	Train Accuracy     : 0.6921
Valid Loss     : 0.5593	 | 	Valid Accuracy     : 0.7090

Epoch : 2
Train Loss     : 0.2077	 | 	Train Accuracy     : 0.9268
Valid Loss     : 0.3556	 | 	Valid Accuracy     : 0.9019

Epoch : 3
Train Loss     : 0.1353	 | 	Train Accuracy     : 0.9587
Valid Loss     : 0.1658	 | 	Valid Accuracy     : 0.9463

Epoch : 4
Train Loss     : 0.0965	 | 	Train Accuracy     : 0.9750
Valid Loss     : 0.3749	 | 	Valid Accuracy     : 0.9102

Epoch : 5
Train Loss     : 0.0727	 | 	Train Accuracy     : 0.9828
Valid Loss     : 0.2976	 | 	Valid Accuracy     : 0.9131

Epoch : 6
Train Loss     : 0.0570	 | 	Train Accuracy     : 0.9861
Valid Loss     : 0.1808	 | 	Valid Accuracy     : 0.9365

Epoch : 7
Train Loss     : 0.0575	 | 	Train Accuracy     : 0.9849
Valid Loss     : 0.2204	 | 	Valid Accuracy     : 0.9404

Epoch : 8
Train Loss     : 0.0453	 | 	Train Accuracy     : 0.9888
Valid Loss     : 0.2558	 | 	Valid Accuracy     : 0.9287

Epoch : 9
Train Loss     : 0.0413	 | 	Train Accuracy     : 0.9907
Valid Loss     : 0.2275	 | 	Valid Accuracy     : 0.9185

Epoch : 10
Train Loss     : 0.0408	 | 	Train Accuracy     : 0.9898
Valid Loss     : 0.3705	 | 	Valid Accuracy     : 0.9043

Epoch : 11
Train Loss     : 0.0357	 | 	Train Accuracy     : 0.9930
Valid Loss     : 0.4260	 | 	Valid Accuracy     : 0.8989

Epoch : 12
Train Loss     : 0.0350	 | 	Train Accuracy     : 0.9925
Valid Loss     : 0.3087	 | 	Valid Accuracy     : 0.9189

Epoch : 13
Train Loss     : 0.0361	 | 	Train Accuracy     : 0.9924
Valid Loss     : 0.4619	 | 	Valid Accuracy     : 0.8857

Epoch : 14
Train Loss     : 0.0320	 | 	Train Accuracy     : 0.9925
Valid Loss     : 0.1578	 | 	Valid Accuracy     : 0.9365

Epoch : 15
Train Loss     : 0.0391	 | 	Train Accuracy     : 0.9883
Valid Loss     : 0.6057	 | 	Valid Accuracy     : 0.8721

Epoch : 16
Train Loss     : 0.0346	 | 	Train Accuracy     : 0.9918
Valid Loss     : 0.4179	 | 	Valid Accuracy     : 0.8936

Epoch : 17
Train Loss     : 0.0305	 | 	Train Accuracy     : 0.9932
Valid Loss     : 0.3517	 | 	Valid Accuracy     : 0.8965

Epoch : 18
Train Loss     : 0.0223	 | 	Train Accuracy     : 0.9975
Valid Loss     : 0.1772	 | 	Valid Accuracy     : 0.9292

Epoch : 19
Train Loss     : 0.0266	 | 	Train Accuracy     : 0.9941
Valid Loss     : 0.6309	 | 	Valid Accuracy     : 0.8833

Epoch : 20
Train Loss     : 0.0297	 | 	Train Accuracy     : 0.9930
Valid Loss     : 0.2929	 | 	Valid Accuracy     : 0.9072

Epoch : 21
Train Loss     : 0.0270	 | 	Train Accuracy     : 0.9959
Valid Loss     : 0.2133	 | 	Valid Accuracy     : 0.9233

Epoch : 22
Train Loss     : 0.0264	 | 	Train Accuracy     : 0.9951
Valid Loss     : 0.2942	 | 	Valid Accuracy     : 0.9146

Epoch : 23
Train Loss     : 0.0323	 | 	Train Accuracy     : 0.9915
Valid Loss     : 0.2559	 | 	Valid Accuracy     : 0.9092

Epoch : 24
Train Loss     : 0.0317	 | 	Train Accuracy     : 0.9913
Valid Loss     : 0.2479	 | 	Valid Accuracy     : 0.9219

Epoch : 25
Train Loss     : 0.0302	 | 	Train Accuracy     : 0.9925
Valid Loss     : 0.5921	 | 	Valid Accuracy     : 0.8833

Epoch : 26
Train Loss     : 0.0262	 | 	Train Accuracy     : 0.9949
Valid Loss     : 0.2990	 | 	Valid Accuracy     : 0.9116

Epoch : 27
Train Loss     : 0.0171	 | 	Train Accuracy     : 0.9981
Valid Loss     : 0.2543	 | 	Valid Accuracy     : 0.9175

Epoch : 28
Train Loss     : 0.0182	 | 	Train Accuracy     : 0.9973
Valid Loss     : 0.2391	 | 	Valid Accuracy     : 0.9185

Epoch : 29
Train Loss     : 0.0161	 | 	Train Accuracy     : 0.9986
Valid Loss     : 0.2188	 | 	Valid Accuracy     : 0.9233

Epoch : 30
Train Loss     : 0.0174	 | 	Train Accuracy     : 0.9973
Valid Loss     : 0.2266	 | 	Valid Accuracy     : 0.9219

Evaluate on the Test set:
Test loss      :0.3861	 | Test Accuracy      : 0.8701 | Test AUPRC      : 0.6226
tensor([0.6954, 0.8036, 0.8620, 0.6807, 0.5157, 0.6628, 0.7955, 0.6393, 0.5584,
        0.5405, 0.5470, 0.5615, 0.5457, 0.6466, 0.9162, 0.6830, 0.5175, 0.5208,
        0.5820, 0.5356, 0.5016, 0.5775, 0.5793, 0.8809, 0.6842, 0.5809, 0.5921,
        0.4884, 0.4933, 0.5189, 0.7736, 0.7513, 0.6302, 0.6116, 0.4770, 0.5371,
        0.7006, 0.5471, 0.6787, 0.7352, 0.6083, 0.5904, 0.5151, 0.5019, 0.6766,
        0.6785, 0.5141, 0.5783, 0.5190, 0.5775, 0.4929, 0.5511, 0.4893, 0.5461,
        0.5146, 0.4629, 0.6578, 0.7060, 0.7611, 0.5719, 0.7902, 0.6047],
       device='cuda:0', grad_fn=<SqueezeBackward1>)

################## Training is Done! #########################
Training time is : 0:01:42.340335
