=============================================
Dataset: SEED
Method:  TS-TCC
Mode:    fine_tune
=============================================
Data loaded ...
Subjet 2
if scale False
Training started ....

Epoch : 1
Train Loss     : 1.1913	 | 	Train Accuracy     : 0.4789
Valid Loss     : 1.0974	 | 	Valid Accuracy     : 0.4541

Epoch : 2
Train Loss     : 0.6296	 | 	Train Accuracy     : 0.7395
Valid Loss     : 1.3279	 | 	Valid Accuracy     : 0.5508

Epoch : 3
Train Loss     : 0.5019	 | 	Train Accuracy     : 0.8052
Valid Loss     : 1.2861	 | 	Valid Accuracy     : 0.5859

Epoch : 4
Train Loss     : 0.4364	 | 	Train Accuracy     : 0.8344
Valid Loss     : 1.5493	 | 	Valid Accuracy     : 0.4722

Epoch : 5
Train Loss     : 0.4118	 | 	Train Accuracy     : 0.8465
Valid Loss     : 1.4388	 | 	Valid Accuracy     : 0.4731

Epoch : 6
Train Loss     : 0.3812	 | 	Train Accuracy     : 0.8567
Valid Loss     : 1.2806	 | 	Valid Accuracy     : 0.5703

Epoch : 7
Train Loss     : 0.3582	 | 	Train Accuracy     : 0.8711
Valid Loss     : 1.4114	 | 	Valid Accuracy     : 0.5498

Epoch : 8
Train Loss     : 0.3556	 | 	Train Accuracy     : 0.8650
Valid Loss     : 1.3911	 | 	Valid Accuracy     : 0.5874

Epoch : 9
Train Loss     : 0.3418	 | 	Train Accuracy     : 0.8699
Valid Loss     : 1.7537	 | 	Valid Accuracy     : 0.5435

Epoch : 10
Train Loss     : 0.3298	 | 	Train Accuracy     : 0.8770
Valid Loss     : 1.6680	 | 	Valid Accuracy     : 0.5728

Epoch : 11
Train Loss     : 0.3356	 | 	Train Accuracy     : 0.8782
Valid Loss     : 1.5310	 | 	Valid Accuracy     : 0.5293

Epoch : 12
Train Loss     : 0.3403	 | 	Train Accuracy     : 0.8713
Valid Loss     : 1.5713	 | 	Valid Accuracy     : 0.6211

Epoch : 13
Train Loss     : 0.2927	 | 	Train Accuracy     : 0.8966
Valid Loss     : 1.4368	 | 	Valid Accuracy     : 0.5640

Epoch : 14
Train Loss     : 0.2827	 | 	Train Accuracy     : 0.9025
Valid Loss     : 1.4629	 | 	Valid Accuracy     : 0.5605

Epoch : 15
Train Loss     : 0.2669	 | 	Train Accuracy     : 0.9034
Valid Loss     : 1.5790	 | 	Valid Accuracy     : 0.5591

Epoch : 16
Train Loss     : 0.2651	 | 	Train Accuracy     : 0.9073
Valid Loss     : 1.6163	 | 	Valid Accuracy     : 0.5439

Epoch : 17
Train Loss     : 0.2638	 | 	Train Accuracy     : 0.9083
Valid Loss     : 1.5598	 | 	Valid Accuracy     : 0.5586

Epoch : 18
Train Loss     : 0.2608	 | 	Train Accuracy     : 0.9108
Valid Loss     : 1.5637	 | 	Valid Accuracy     : 0.5874

Epoch : 19
Train Loss     : 0.2450	 | 	Train Accuracy     : 0.9166
Valid Loss     : 1.4458	 | 	Valid Accuracy     : 0.5576

Epoch : 20
Train Loss     : 0.2589	 | 	Train Accuracy     : 0.9134
Valid Loss     : 1.8064	 | 	Valid Accuracy     : 0.5430

Epoch : 21
Train Loss     : 0.2495	 | 	Train Accuracy     : 0.9139
Valid Loss     : 1.5808	 | 	Valid Accuracy     : 0.5684

Epoch : 22
Train Loss     : 0.2506	 | 	Train Accuracy     : 0.9154
Valid Loss     : 1.6284	 | 	Valid Accuracy     : 0.5742

Epoch : 23
Train Loss     : 0.2446	 | 	Train Accuracy     : 0.9151
Valid Loss     : 1.5767	 | 	Valid Accuracy     : 0.5684

Epoch : 24
Train Loss     : 0.2373	 | 	Train Accuracy     : 0.9185
Valid Loss     : 1.7090	 | 	Valid Accuracy     : 0.5562

Epoch : 25
Train Loss     : 0.2368	 | 	Train Accuracy     : 0.9215
Valid Loss     : 1.5958	 | 	Valid Accuracy     : 0.5586

Epoch : 26
Train Loss     : 0.2372	 | 	Train Accuracy     : 0.9200
Valid Loss     : 1.5291	 | 	Valid Accuracy     : 0.5674

Epoch : 27
Train Loss     : 0.2378	 | 	Train Accuracy     : 0.9185
Valid Loss     : 1.5725	 | 	Valid Accuracy     : 0.5698

Epoch : 28
Train Loss     : 0.2326	 | 	Train Accuracy     : 0.9217
Valid Loss     : 1.7712	 | 	Valid Accuracy     : 0.5669

Epoch : 29
Train Loss     : 0.2365	 | 	Train Accuracy     : 0.9217
Valid Loss     : 1.6083	 | 	Valid Accuracy     : 0.5649

Epoch : 30
Train Loss     : 0.2361	 | 	Train Accuracy     : 0.9186
Valid Loss     : 1.5618	 | 	Valid Accuracy     : 0.5703

Evaluate on the Test set:
Test loss      :1.3754	 | Test Accuracy      : 0.5929 | Test AUPRC      : 0.4978
tensor([1., 1., 1., 1., 1., 1., 1., 1., 1., 1., 1., 1., 1., 1., 1., 1., 1., 1.,
        1., 1., 1., 1., 1., 1., 1., 1., 1., 1., 1., 1., 1., 1., 1., 1., 1., 1.,
        1., 1., 1., 1., 1., 1., 1., 1., 1., 1., 1., 1., 1., 1., 1., 1., 1., 1.,
        1., 1., 1., 1., 1., 1., 1., 1.], device='cuda:0',
       grad_fn=<SqueezeBackward1>)

################## Training is Done! #########################
Training time is : 0:01:41.710134
