=============================================
Dataset: SEED
Method:  TS-TCC
Mode:    fine_tune
=============================================
Data loaded ...
Subjet 3
if scale False
Training started ....

Epoch : 1
Train Loss     : 1.0532	 | 	Train Accuracy     : 0.5187
Valid Loss     : 0.9941	 | 	Valid Accuracy     : 0.5483

Epoch : 2
Train Loss     : 0.6410	 | 	Train Accuracy     : 0.7164
Valid Loss     : 1.0526	 | 	Valid Accuracy     : 0.6768

Epoch : 3
Train Loss     : 0.5516	 | 	Train Accuracy     : 0.7823
Valid Loss     : 1.0651	 | 	Valid Accuracy     : 0.6709

Epoch : 4
Train Loss     : 0.4684	 | 	Train Accuracy     : 0.8193
Valid Loss     : 0.7151	 | 	Valid Accuracy     : 0.7085

Epoch : 5
Train Loss     : 0.4258	 | 	Train Accuracy     : 0.8400
Valid Loss     : 0.7737	 | 	Valid Accuracy     : 0.7163

Epoch : 6
Train Loss     : 0.3902	 | 	Train Accuracy     : 0.8585
Valid Loss     : 0.7048	 | 	Valid Accuracy     : 0.7188

Epoch : 7
Train Loss     : 0.3624	 | 	Train Accuracy     : 0.8701
Valid Loss     : 0.6039	 | 	Valid Accuracy     : 0.7480

Epoch : 8
Train Loss     : 0.3359	 | 	Train Accuracy     : 0.8728
Valid Loss     : 0.6013	 | 	Valid Accuracy     : 0.7495

Epoch : 9
Train Loss     : 0.3392	 | 	Train Accuracy     : 0.8747
Valid Loss     : 0.7487	 | 	Valid Accuracy     : 0.7251

Epoch : 10
Train Loss     : 0.3536	 | 	Train Accuracy     : 0.8645
Valid Loss     : 0.8393	 | 	Valid Accuracy     : 0.7236

Epoch : 11
Train Loss     : 0.3688	 | 	Train Accuracy     : 0.8597
Valid Loss     : 1.0171	 | 	Valid Accuracy     : 0.6836

Epoch : 12
Train Loss     : 0.3277	 | 	Train Accuracy     : 0.8758
Valid Loss     : 0.7130	 | 	Valid Accuracy     : 0.7520

Epoch : 13
Train Loss     : 0.2726	 | 	Train Accuracy     : 0.8978
Valid Loss     : 0.7612	 | 	Valid Accuracy     : 0.7393

Epoch : 14
Train Loss     : 0.2644	 | 	Train Accuracy     : 0.9049
Valid Loss     : 0.7004	 | 	Valid Accuracy     : 0.7358

Epoch : 15
Train Loss     : 0.2770	 | 	Train Accuracy     : 0.8984
Valid Loss     : 0.8924	 | 	Valid Accuracy     : 0.6826

Epoch : 16
Train Loss     : 0.2683	 | 	Train Accuracy     : 0.9001
Valid Loss     : 0.7082	 | 	Valid Accuracy     : 0.7432

Epoch : 17
Train Loss     : 0.2879	 | 	Train Accuracy     : 0.8947
Valid Loss     : 0.6646	 | 	Valid Accuracy     : 0.7480

Epoch : 18
Train Loss     : 0.2767	 | 	Train Accuracy     : 0.8950
Valid Loss     : 0.8444	 | 	Valid Accuracy     : 0.7266

Epoch : 19
Train Loss     : 0.2744	 | 	Train Accuracy     : 0.8993
Valid Loss     : 0.6586	 | 	Valid Accuracy     : 0.7490

Epoch : 20
Train Loss     : 0.2325	 | 	Train Accuracy     : 0.9141
Valid Loss     : 0.6860	 | 	Valid Accuracy     : 0.7578

Epoch : 21
Train Loss     : 0.2025	 | 	Train Accuracy     : 0.9282
Valid Loss     : 0.7477	 | 	Valid Accuracy     : 0.7456

Epoch : 22
Train Loss     : 0.1938	 | 	Train Accuracy     : 0.9348
Valid Loss     : 0.8141	 | 	Valid Accuracy     : 0.7285

Epoch : 23
Train Loss     : 0.1944	 | 	Train Accuracy     : 0.9321
Valid Loss     : 0.7260	 | 	Valid Accuracy     : 0.7461

Epoch : 24
Train Loss     : 0.1871	 | 	Train Accuracy     : 0.9382
Valid Loss     : 0.7398	 | 	Valid Accuracy     : 0.7432

Epoch : 25
Train Loss     : 0.1852	 | 	Train Accuracy     : 0.9358
Valid Loss     : 0.7471	 | 	Valid Accuracy     : 0.7412

Epoch : 26
Train Loss     : 0.1876	 | 	Train Accuracy     : 0.9338
Valid Loss     : 0.8124	 | 	Valid Accuracy     : 0.7256

Epoch : 27
Train Loss     : 0.1807	 | 	Train Accuracy     : 0.9361
Valid Loss     : 0.7345	 | 	Valid Accuracy     : 0.7417

Epoch : 28
Train Loss     : 0.1853	 | 	Train Accuracy     : 0.9329
Valid Loss     : 0.7522	 | 	Valid Accuracy     : 0.7393

Epoch : 29
Train Loss     : 0.1714	 | 	Train Accuracy     : 0.9419
Valid Loss     : 0.7292	 | 	Valid Accuracy     : 0.7383

Epoch : 30
Train Loss     : 0.1680	 | 	Train Accuracy     : 0.9438
Valid Loss     : 0.7760	 | 	Valid Accuracy     : 0.7310

Evaluate on the Test set:
Test loss      :0.6621	 | Test Accuracy      : 0.7665 | Test AUPRC      : 0.5687
tensor([1., 1., 1., 1., 1., 1., 1., 1., 1., 1., 1., 1., 1., 1., 1., 1., 1., 1.,
        1., 1., 1., 1., 1., 1., 1., 1., 1., 1., 1., 1., 1., 1., 1., 1., 1., 1.,
        1., 1., 1., 1., 1., 1., 1., 1., 1., 1., 1., 1., 1., 1., 1., 1., 1., 1.,
        1., 1., 1., 1., 1., 1., 1., 1.], device='cuda:0',
       grad_fn=<SqueezeBackward1>)

################## Training is Done! #########################
Training time is : 0:01:35.174082
