=============================================
Dataset: SEED
Method:  TS-TCC
Mode:    fine_tune
=============================================
Data loaded ...
Subjet 13
if scale False
Training started ....

Epoch : 1
Train Loss     : 0.9898	 | 	Train Accuracy     : 0.5926
Valid Loss     : 0.7924	 | 	Valid Accuracy     : 0.6206

Epoch : 2
Train Loss     : 0.5167	 | 	Train Accuracy     : 0.7408
Valid Loss     : 0.6772	 | 	Valid Accuracy     : 0.6650

Epoch : 3
Train Loss     : 0.4429	 | 	Train Accuracy     : 0.7976
Valid Loss     : 0.5381	 | 	Valid Accuracy     : 0.7510

Epoch : 4
Train Loss     : 0.3716	 | 	Train Accuracy     : 0.8404
Valid Loss     : 0.5993	 | 	Valid Accuracy     : 0.7397

Epoch : 5
Train Loss     : 0.3287	 | 	Train Accuracy     : 0.8658
Valid Loss     : 0.4871	 | 	Valid Accuracy     : 0.7764

Epoch : 6
Train Loss     : 0.2904	 | 	Train Accuracy     : 0.8884
Valid Loss     : 0.4943	 | 	Valid Accuracy     : 0.7798

Epoch : 7
Train Loss     : 0.2704	 | 	Train Accuracy     : 0.8920
Valid Loss     : 0.5945	 | 	Valid Accuracy     : 0.7417

Epoch : 8
Train Loss     : 0.2759	 | 	Train Accuracy     : 0.8855
Valid Loss     : 0.5287	 | 	Valid Accuracy     : 0.7891

Epoch : 9
Train Loss     : 0.2457	 | 	Train Accuracy     : 0.9042
Valid Loss     : 0.5731	 | 	Valid Accuracy     : 0.7637

Epoch : 10
Train Loss     : 0.2343	 | 	Train Accuracy     : 0.9078
Valid Loss     : 0.5615	 | 	Valid Accuracy     : 0.7715

Epoch : 11
Train Loss     : 0.2205	 | 	Train Accuracy     : 0.9151
Valid Loss     : 0.5971	 | 	Valid Accuracy     : 0.7646

Epoch : 12
Train Loss     : 0.2041	 | 	Train Accuracy     : 0.9244
Valid Loss     : 0.7247	 | 	Valid Accuracy     : 0.7324

Epoch : 13
Train Loss     : 0.1862	 | 	Train Accuracy     : 0.9297
Valid Loss     : 0.5750	 | 	Valid Accuracy     : 0.7568

Epoch : 14
Train Loss     : 0.2005	 | 	Train Accuracy     : 0.9236
Valid Loss     : 0.6066	 | 	Valid Accuracy     : 0.7578

Epoch : 15
Train Loss     : 0.1883	 | 	Train Accuracy     : 0.9305
Valid Loss     : 0.6622	 | 	Valid Accuracy     : 0.7544

Epoch : 16
Train Loss     : 0.1751	 | 	Train Accuracy     : 0.9317
Valid Loss     : 0.7210	 | 	Valid Accuracy     : 0.7310

Epoch : 17
Train Loss     : 0.1466	 | 	Train Accuracy     : 0.9462
Valid Loss     : 0.6025	 | 	Valid Accuracy     : 0.7612

Epoch : 18
Train Loss     : 0.1273	 | 	Train Accuracy     : 0.9581
Valid Loss     : 0.5838	 | 	Valid Accuracy     : 0.7676

Epoch : 19
Train Loss     : 0.1194	 | 	Train Accuracy     : 0.9631
Valid Loss     : 0.6160	 | 	Valid Accuracy     : 0.7568

Epoch : 20
Train Loss     : 0.1191	 | 	Train Accuracy     : 0.9616
Valid Loss     : 0.6040	 | 	Valid Accuracy     : 0.7686

Epoch : 21
Train Loss     : 0.1157	 | 	Train Accuracy     : 0.9648
Valid Loss     : 0.5946	 | 	Valid Accuracy     : 0.7661

Epoch : 22
Train Loss     : 0.1116	 | 	Train Accuracy     : 0.9647
Valid Loss     : 0.5983	 | 	Valid Accuracy     : 0.7686

Epoch : 23
Train Loss     : 0.1163	 | 	Train Accuracy     : 0.9625
Valid Loss     : 0.5892	 | 	Valid Accuracy     : 0.7671

Epoch : 24
Train Loss     : 0.1092	 | 	Train Accuracy     : 0.9691
Valid Loss     : 0.6542	 | 	Valid Accuracy     : 0.7505

Epoch : 25
Train Loss     : 0.1089	 | 	Train Accuracy     : 0.9684
Valid Loss     : 0.5981	 | 	Valid Accuracy     : 0.7637

Epoch : 26
Train Loss     : 0.1130	 | 	Train Accuracy     : 0.9660
Valid Loss     : 0.6317	 | 	Valid Accuracy     : 0.7563

Epoch : 27
Train Loss     : 0.1037	 | 	Train Accuracy     : 0.9676
Valid Loss     : 0.6041	 | 	Valid Accuracy     : 0.7632

Epoch : 28
Train Loss     : 0.1046	 | 	Train Accuracy     : 0.9679
Valid Loss     : 0.6239	 | 	Valid Accuracy     : 0.7588

Epoch : 29
Train Loss     : 0.1019	 | 	Train Accuracy     : 0.9696
Valid Loss     : 0.6178	 | 	Valid Accuracy     : 0.7617

Epoch : 30
Train Loss     : 0.1032	 | 	Train Accuracy     : 0.9718
Valid Loss     : 0.6179	 | 	Valid Accuracy     : 0.7603

Evaluate on the Test set:
Test loss      :1.2898	 | Test Accuracy      : 0.7372 | Test AUPRC      : 0.5399
tensor([1., 1., 1., 1., 1., 1., 1., 1., 1., 1., 1., 1., 1., 1., 1., 1., 1., 1.,
        1., 1., 1., 1., 1., 1., 1., 1., 1., 1., 1., 1., 1., 1., 1., 1., 1., 1.,
        1., 1., 1., 1., 1., 1., 1., 1., 1., 1., 1., 1., 1., 1., 1., 1., 1., 1.,
        1., 1., 1., 1., 1., 1., 1., 1.], device='cuda:0',
       grad_fn=<SqueezeBackward1>)

################## Training is Done! #########################
Training time is : 0:01:37.044403
