=============================================
Dataset: SEED
Method:  TS-TCC
Mode:    fine_tune
=============================================
Data loaded ...
Subjet 4
if scale False
Training started ....

Epoch : 1
Train Loss     : 1.2258	 | 	Train Accuracy     : 0.4638
Valid Loss     : 1.0381	 | 	Valid Accuracy     : 0.5020

Epoch : 2
Train Loss     : 0.7226	 | 	Train Accuracy     : 0.7004
Valid Loss     : 0.8145	 | 	Valid Accuracy     : 0.6284

Epoch : 3
Train Loss     : 0.6108	 | 	Train Accuracy     : 0.7505
Valid Loss     : 0.7490	 | 	Valid Accuracy     : 0.6367

Epoch : 4
Train Loss     : 0.5457	 | 	Train Accuracy     : 0.7855
Valid Loss     : 0.7623	 | 	Valid Accuracy     : 0.6411

Epoch : 5
Train Loss     : 0.4944	 | 	Train Accuracy     : 0.8140
Valid Loss     : 0.7454	 | 	Valid Accuracy     : 0.6821

Epoch : 6
Train Loss     : 0.4572	 | 	Train Accuracy     : 0.8281
Valid Loss     : 0.8327	 | 	Valid Accuracy     : 0.6890

Epoch : 7
Train Loss     : 0.4449	 | 	Train Accuracy     : 0.8337
Valid Loss     : 0.9407	 | 	Valid Accuracy     : 0.6616

Epoch : 8
Train Loss     : 0.4408	 | 	Train Accuracy     : 0.8273
Valid Loss     : 0.8160	 | 	Valid Accuracy     : 0.6802

Epoch : 9
Train Loss     : 0.4101	 | 	Train Accuracy     : 0.8470
Valid Loss     : 0.9571	 | 	Valid Accuracy     : 0.6611

Epoch : 10
Train Loss     : 0.4109	 | 	Train Accuracy     : 0.8497
Valid Loss     : 0.8380	 | 	Valid Accuracy     : 0.6694

Epoch : 11
Train Loss     : 0.3861	 | 	Train Accuracy     : 0.8563
Valid Loss     : 0.7926	 | 	Valid Accuracy     : 0.6772

Epoch : 12
Train Loss     : 0.3799	 | 	Train Accuracy     : 0.8619
Valid Loss     : 1.1515	 | 	Valid Accuracy     : 0.6646

Epoch : 13
Train Loss     : 0.3730	 | 	Train Accuracy     : 0.8585
Valid Loss     : 0.9062	 | 	Valid Accuracy     : 0.6768

Epoch : 14
Train Loss     : 0.3595	 | 	Train Accuracy     : 0.8667
Valid Loss     : 0.9396	 | 	Valid Accuracy     : 0.6787

Epoch : 15
Train Loss     : 0.3332	 | 	Train Accuracy     : 0.8774
Valid Loss     : 0.8610	 | 	Valid Accuracy     : 0.6787

Epoch : 16
Train Loss     : 0.3285	 | 	Train Accuracy     : 0.8760
Valid Loss     : 1.0582	 | 	Valid Accuracy     : 0.6724

Epoch : 17
Train Loss     : 0.2894	 | 	Train Accuracy     : 0.9039
Valid Loss     : 0.9180	 | 	Valid Accuracy     : 0.6807

Epoch : 18
Train Loss     : 0.2712	 | 	Train Accuracy     : 0.9046
Valid Loss     : 0.9110	 | 	Valid Accuracy     : 0.6812

Epoch : 19
Train Loss     : 0.2655	 | 	Train Accuracy     : 0.9090
Valid Loss     : 0.9586	 | 	Valid Accuracy     : 0.6743

Epoch : 20
Train Loss     : 0.2656	 | 	Train Accuracy     : 0.9137
Valid Loss     : 0.8844	 | 	Valid Accuracy     : 0.6885

Epoch : 21
Train Loss     : 0.2620	 | 	Train Accuracy     : 0.9095
Valid Loss     : 0.8719	 | 	Valid Accuracy     : 0.6963

Epoch : 22
Train Loss     : 0.2584	 | 	Train Accuracy     : 0.9127
Valid Loss     : 0.8758	 | 	Valid Accuracy     : 0.6880

Epoch : 23
Train Loss     : 0.2581	 | 	Train Accuracy     : 0.9147
Valid Loss     : 0.8398	 | 	Valid Accuracy     : 0.6968

Epoch : 24
Train Loss     : 0.2672	 | 	Train Accuracy     : 0.9081
Valid Loss     : 0.9841	 | 	Valid Accuracy     : 0.6816

Epoch : 25
Train Loss     : 0.2503	 | 	Train Accuracy     : 0.9154
Valid Loss     : 0.9561	 | 	Valid Accuracy     : 0.6802

Epoch : 26
Train Loss     : 0.2498	 | 	Train Accuracy     : 0.9141
Valid Loss     : 0.8948	 | 	Valid Accuracy     : 0.6938

Epoch : 27
Train Loss     : 0.2449	 | 	Train Accuracy     : 0.9214
Valid Loss     : 0.8524	 | 	Valid Accuracy     : 0.6948

Epoch : 28
Train Loss     : 0.2427	 | 	Train Accuracy     : 0.9249
Valid Loss     : 0.8919	 | 	Valid Accuracy     : 0.6875

Epoch : 29
Train Loss     : 0.2407	 | 	Train Accuracy     : 0.9220
Valid Loss     : 0.8838	 | 	Valid Accuracy     : 0.6929

Epoch : 30
Train Loss     : 0.2433	 | 	Train Accuracy     : 0.9227
Valid Loss     : 0.8647	 | 	Valid Accuracy     : 0.7021

Evaluate on the Test set:
Test loss      :0.7401	 | Test Accuracy      : 0.7155 | Test AUPRC      : 0.5667
tensor([1., 1., 1., 1., 1., 1., 1., 1., 1., 1., 1., 1., 1., 1., 1., 1., 1., 1.,
        1., 1., 1., 1., 1., 1., 1., 1., 1., 1., 1., 1., 1., 1., 1., 1., 1., 1.,
        1., 1., 1., 1., 1., 1., 1., 1., 1., 1., 1., 1., 1., 1., 1., 1., 1., 1.,
        1., 1., 1., 1., 1., 1., 1., 1.], device='cuda:0',
       grad_fn=<SqueezeBackward1>)

################## Training is Done! #########################
Training time is : 0:01:36.444840
