=============================================
Dataset: SEED
Method:  TS-TCC
Mode:    fine_tune
=============================================
Data loaded ...
Subjet 6
if scale True
Training started ....

Epoch : 1
Train Loss     : 0.9889	 | 	Train Accuracy     : 0.5581
Valid Loss     : 0.5989	 | 	Valid Accuracy     : 0.7266

Epoch : 2
Train Loss     : 0.5521	 | 	Train Accuracy     : 0.7537
Valid Loss     : 0.7043	 | 	Valid Accuracy     : 0.6768

Epoch : 3
Train Loss     : 0.4730	 | 	Train Accuracy     : 0.8079
Valid Loss     : 0.6522	 | 	Valid Accuracy     : 0.7061

Epoch : 4
Train Loss     : 0.4244	 | 	Train Accuracy     : 0.8385
Valid Loss     : 0.5808	 | 	Valid Accuracy     : 0.8120

Epoch : 5
Train Loss     : 0.3899	 | 	Train Accuracy     : 0.8551
Valid Loss     : 0.7287	 | 	Valid Accuracy     : 0.7490

Epoch : 6
Train Loss     : 0.3518	 | 	Train Accuracy     : 0.8699
Valid Loss     : 0.6797	 | 	Valid Accuracy     : 0.7939

Epoch : 7
Train Loss     : 0.3391	 | 	Train Accuracy     : 0.8760
Valid Loss     : 0.5842	 | 	Valid Accuracy     : 0.7979

Epoch : 8
Train Loss     : 0.3268	 | 	Train Accuracy     : 0.8791
Valid Loss     : 0.8345	 | 	Valid Accuracy     : 0.7573

Epoch : 9
Train Loss     : 0.3157	 | 	Train Accuracy     : 0.8838
Valid Loss     : 0.7718	 | 	Valid Accuracy     : 0.7861

Epoch : 10
Train Loss     : 0.2901	 | 	Train Accuracy     : 0.8969
Valid Loss     : 0.7400	 | 	Valid Accuracy     : 0.7593

Epoch : 11
Train Loss     : 0.2717	 | 	Train Accuracy     : 0.9010
Valid Loss     : 0.6476	 | 	Valid Accuracy     : 0.8188

Epoch : 12
Train Loss     : 0.2573	 | 	Train Accuracy     : 0.9090
Valid Loss     : 0.8565	 | 	Valid Accuracy     : 0.7529

Epoch : 13
Train Loss     : 0.2583	 | 	Train Accuracy     : 0.9051
Valid Loss     : 0.7089	 | 	Valid Accuracy     : 0.7764

Epoch : 14
Train Loss     : 0.2575	 | 	Train Accuracy     : 0.9064
Valid Loss     : 0.6934	 | 	Valid Accuracy     : 0.8071

Epoch : 15
Train Loss     : 0.2510	 | 	Train Accuracy     : 0.9081
Valid Loss     : 1.1189	 | 	Valid Accuracy     : 0.7261

Epoch : 16
Train Loss     : 0.2108	 | 	Train Accuracy     : 0.9258
Valid Loss     : 0.8701	 | 	Valid Accuracy     : 0.7534

Epoch : 17
Train Loss     : 0.2013	 | 	Train Accuracy     : 0.9331
Valid Loss     : 0.7608	 | 	Valid Accuracy     : 0.7847

Epoch : 18
Train Loss     : 0.1970	 | 	Train Accuracy     : 0.9373
Valid Loss     : 0.6815	 | 	Valid Accuracy     : 0.8018

Epoch : 19
Train Loss     : 0.1913	 | 	Train Accuracy     : 0.9350
Valid Loss     : 0.7691	 | 	Valid Accuracy     : 0.7812

Epoch : 20
Train Loss     : 0.1910	 | 	Train Accuracy     : 0.9346
Valid Loss     : 0.7277	 | 	Valid Accuracy     : 0.7886

Epoch : 21
Train Loss     : 0.1859	 | 	Train Accuracy     : 0.9385
Valid Loss     : 0.7135	 | 	Valid Accuracy     : 0.7930

Epoch : 22
Train Loss     : 0.1865	 | 	Train Accuracy     : 0.9356
Valid Loss     : 0.7785	 | 	Valid Accuracy     : 0.7773

Epoch : 23
Train Loss     : 0.1875	 | 	Train Accuracy     : 0.9390
Valid Loss     : 0.6770	 | 	Valid Accuracy     : 0.8047

Epoch : 24
Train Loss     : 0.1818	 | 	Train Accuracy     : 0.9400
Valid Loss     : 0.8092	 | 	Valid Accuracy     : 0.7651

Epoch : 25
Train Loss     : 0.1830	 | 	Train Accuracy     : 0.9378
Valid Loss     : 0.6886	 | 	Valid Accuracy     : 0.8013

Epoch : 26
Train Loss     : 0.1819	 | 	Train Accuracy     : 0.9411
Valid Loss     : 0.6772	 | 	Valid Accuracy     : 0.8003

Epoch : 27
Train Loss     : 0.1776	 | 	Train Accuracy     : 0.9414
Valid Loss     : 0.8466	 | 	Valid Accuracy     : 0.7617

Epoch : 28
Train Loss     : 0.1735	 | 	Train Accuracy     : 0.9433
Valid Loss     : 0.7166	 | 	Valid Accuracy     : 0.8018

Epoch : 29
Train Loss     : 0.1728	 | 	Train Accuracy     : 0.9433
Valid Loss     : 0.8046	 | 	Valid Accuracy     : 0.7769

Epoch : 30
Train Loss     : 0.1758	 | 	Train Accuracy     : 0.9426
Valid Loss     : 0.6785	 | 	Valid Accuracy     : 0.8022

Evaluate on the Test set:
Test loss      :0.9312	 | Test Accuracy      : 0.6874 | Test AUPRC      : 0.5368
tensor([0.8380, 0.9188, 0.9612, 0.9255, 0.7613, 0.9018, 0.9450, 0.8815, 0.7659,
        0.7020, 0.7486, 0.7968, 0.8194, 0.8704, 0.9059, 0.6854, 0.7849, 0.8278,
        0.6750, 0.7836, 0.7801, 0.8007, 0.8914, 0.9858, 0.8368, 0.7895, 0.8199,
        0.7271, 0.7364, 0.7528, 0.7652, 0.9929, 0.9343, 0.8066, 0.6619, 0.8264,
        0.8361, 0.7704, 0.7197, 0.7186, 0.8124, 0.7826, 0.7326, 0.8329, 0.9101,
        0.8224, 0.7541, 0.7675, 0.7061, 0.6508, 0.7005, 0.7106, 0.7523, 0.7021,
        0.8002, 0.6492, 0.7171, 0.7673, 0.7422, 0.7468, 0.7549, 0.7735],
       device='cuda:0', grad_fn=<SqueezeBackward1>)

################## Training is Done! #########################
Training time is : 0:01:27.134696
