=============================================
Dataset: SEED
Method:  TS-TCC
Mode:    fine_tune
=============================================
Data loaded ...
Subjet 8
if scale True
Training started ....

Epoch : 1
Train Loss     : 0.8431	 | 	Train Accuracy     : 0.6355
Valid Loss     : 0.4945	 | 	Valid Accuracy     : 0.7959

Epoch : 2
Train Loss     : 0.3676	 | 	Train Accuracy     : 0.8494
Valid Loss     : 0.3871	 | 	Valid Accuracy     : 0.8369

Epoch : 3
Train Loss     : 0.2869	 | 	Train Accuracy     : 0.8922
Valid Loss     : 0.3642	 | 	Valid Accuracy     : 0.8462

Epoch : 4
Train Loss     : 0.2535	 | 	Train Accuracy     : 0.9040
Valid Loss     : 0.3672	 | 	Valid Accuracy     : 0.8486

Epoch : 5
Train Loss     : 0.2101	 | 	Train Accuracy     : 0.9258
Valid Loss     : 0.4771	 | 	Valid Accuracy     : 0.7920

Epoch : 6
Train Loss     : 0.1935	 | 	Train Accuracy     : 0.9312
Valid Loss     : 0.6040	 | 	Valid Accuracy     : 0.7549

Epoch : 7
Train Loss     : 0.1821	 | 	Train Accuracy     : 0.9331
Valid Loss     : 0.4970	 | 	Valid Accuracy     : 0.7900

Epoch : 8
Train Loss     : 0.1623	 | 	Train Accuracy     : 0.9429
Valid Loss     : 0.4513	 | 	Valid Accuracy     : 0.8135

Epoch : 9
Train Loss     : 0.1641	 | 	Train Accuracy     : 0.9392
Valid Loss     : 0.6132	 | 	Valid Accuracy     : 0.7544

Epoch : 10
Train Loss     : 0.1606	 | 	Train Accuracy     : 0.9377
Valid Loss     : 0.6666	 | 	Valid Accuracy     : 0.7617

Epoch : 11
Train Loss     : 0.1466	 | 	Train Accuracy     : 0.9450
Valid Loss     : 0.4177	 | 	Valid Accuracy     : 0.8228

Epoch : 12
Train Loss     : 0.1387	 | 	Train Accuracy     : 0.9492
Valid Loss     : 0.4813	 | 	Valid Accuracy     : 0.8037

Epoch : 13
Train Loss     : 0.1333	 | 	Train Accuracy     : 0.9521
Valid Loss     : 0.4389	 | 	Valid Accuracy     : 0.8223

Epoch : 14
Train Loss     : 0.1355	 | 	Train Accuracy     : 0.9487
Valid Loss     : 0.4237	 | 	Valid Accuracy     : 0.8325

Epoch : 15
Train Loss     : 0.1172	 | 	Train Accuracy     : 0.9577
Valid Loss     : 0.4774	 | 	Valid Accuracy     : 0.8096

Epoch : 16
Train Loss     : 0.1021	 | 	Train Accuracy     : 0.9657
Valid Loss     : 0.5415	 | 	Valid Accuracy     : 0.7856

Epoch : 17
Train Loss     : 0.0992	 | 	Train Accuracy     : 0.9676
Valid Loss     : 0.5053	 | 	Valid Accuracy     : 0.7993

Epoch : 18
Train Loss     : 0.0998	 | 	Train Accuracy     : 0.9667
Valid Loss     : 0.5075	 | 	Valid Accuracy     : 0.7925

Epoch : 19
Train Loss     : 0.0953	 | 	Train Accuracy     : 0.9706
Valid Loss     : 0.4959	 | 	Valid Accuracy     : 0.7993

Epoch : 20
Train Loss     : 0.0896	 | 	Train Accuracy     : 0.9744
Valid Loss     : 0.5267	 | 	Valid Accuracy     : 0.7939

Epoch : 21
Train Loss     : 0.0892	 | 	Train Accuracy     : 0.9749
Valid Loss     : 0.5029	 | 	Valid Accuracy     : 0.7969

Epoch : 22
Train Loss     : 0.0881	 | 	Train Accuracy     : 0.9728
Valid Loss     : 0.5101	 | 	Valid Accuracy     : 0.7993

Epoch : 23
Train Loss     : 0.0887	 | 	Train Accuracy     : 0.9718
Valid Loss     : 0.5211	 | 	Valid Accuracy     : 0.7979

Epoch : 24
Train Loss     : 0.0869	 | 	Train Accuracy     : 0.9732
Valid Loss     : 0.5341	 | 	Valid Accuracy     : 0.7910

Epoch : 25
Train Loss     : 0.0848	 | 	Train Accuracy     : 0.9738
Valid Loss     : 0.5275	 | 	Valid Accuracy     : 0.7969

Epoch : 26
Train Loss     : 0.0825	 | 	Train Accuracy     : 0.9752
Valid Loss     : 0.5208	 | 	Valid Accuracy     : 0.7969

Epoch : 27
Train Loss     : 0.0812	 | 	Train Accuracy     : 0.9766
Valid Loss     : 0.5219	 | 	Valid Accuracy     : 0.7954

Epoch : 28
Train Loss     : 0.0810	 | 	Train Accuracy     : 0.9764
Valid Loss     : 0.5084	 | 	Valid Accuracy     : 0.8008

Epoch : 29
Train Loss     : 0.0766	 | 	Train Accuracy     : 0.9801
Valid Loss     : 0.5134	 | 	Valid Accuracy     : 0.7998

Epoch : 30
Train Loss     : 0.0817	 | 	Train Accuracy     : 0.9750
Valid Loss     : 0.5312	 | 	Valid Accuracy     : 0.7964

Evaluate on the Test set:
Test loss      :0.7049	 | Test Accuracy      : 0.7590 | Test AUPRC      : 0.6140
tensor([0.8079, 0.8065, 0.9994, 0.8507, 0.8529, 0.9117, 0.9181, 0.7735, 0.7328,
        0.7487, 0.8468, 0.7176, 0.8417, 0.8359, 0.7844, 0.6819, 0.7715, 0.7150,
        0.7022, 0.7744, 0.8482, 0.7535, 0.7698, 0.9755, 0.8510, 0.7476, 0.7545,
        0.6941, 0.7459, 0.8300, 0.7528, 0.9284, 0.8996, 0.8062, 0.7256, 0.7511,
        0.7949, 0.7752, 0.8110, 0.7280, 1.0005, 0.7517, 0.7422, 0.8053, 0.7566,
        0.8330, 0.7270, 0.7590, 0.7377, 0.7873, 0.6970, 0.7308, 0.7347, 0.6945,
        0.7620, 0.6767, 0.7162, 0.7202, 0.7479, 0.7032, 0.7418, 0.7736],
       device='cuda:0', grad_fn=<SqueezeBackward1>)

################## Training is Done! #########################
Training time is : 0:01:36.605291
