=============================================
Dataset: SEED
Method:  TS-TCC
Mode:    supervised
=============================================
Data loaded ...
Subjet 7
if scale True
Training started ....

Epoch : 1
Train Loss     : 1.0095	 | 	Train Accuracy     : 0.5535
Valid Loss     : 0.8162	 | 	Valid Accuracy     : 0.6797

Epoch : 2
Train Loss     : 0.5701	 | 	Train Accuracy     : 0.7743
Valid Loss     : 0.8399	 | 	Valid Accuracy     : 0.5762

Epoch : 3
Train Loss     : 0.4573	 | 	Train Accuracy     : 0.8139
Valid Loss     : 0.5608	 | 	Valid Accuracy     : 0.7485

Epoch : 4
Train Loss     : 0.4055	 | 	Train Accuracy     : 0.8327
Valid Loss     : 0.4419	 | 	Valid Accuracy     : 0.8262

Epoch : 5
Train Loss     : 0.3602	 | 	Train Accuracy     : 0.8514
Valid Loss     : 0.4126	 | 	Valid Accuracy     : 0.8491

Epoch : 6
Train Loss     : 0.3258	 | 	Train Accuracy     : 0.8692
Valid Loss     : 0.4465	 | 	Valid Accuracy     : 0.8423

Epoch : 7
Train Loss     : 0.3034	 | 	Train Accuracy     : 0.8786
Valid Loss     : 0.4828	 | 	Valid Accuracy     : 0.8184

Epoch : 8
Train Loss     : 0.2906	 | 	Train Accuracy     : 0.8830
Valid Loss     : 0.4431	 | 	Valid Accuracy     : 0.8389

Epoch : 9
Train Loss     : 0.2970	 | 	Train Accuracy     : 0.8843
Valid Loss     : 0.4496	 | 	Valid Accuracy     : 0.8364

Epoch : 10
Train Loss     : 0.2601	 | 	Train Accuracy     : 0.8988
Valid Loss     : 0.4497	 | 	Valid Accuracy     : 0.8452

Epoch : 11
Train Loss     : 0.2824	 | 	Train Accuracy     : 0.8889
Valid Loss     : 0.5029	 | 	Valid Accuracy     : 0.8174

Epoch : 12
Train Loss     : 0.2485	 | 	Train Accuracy     : 0.9056
Valid Loss     : 0.5099	 | 	Valid Accuracy     : 0.8062

Epoch : 13
Train Loss     : 0.2161	 | 	Train Accuracy     : 0.9186
Valid Loss     : 0.5017	 | 	Valid Accuracy     : 0.8311

Epoch : 14
Train Loss     : 0.1978	 | 	Train Accuracy     : 0.9251
Valid Loss     : 0.4535	 | 	Valid Accuracy     : 0.8491

Epoch : 15
Train Loss     : 0.2033	 | 	Train Accuracy     : 0.9261
Valid Loss     : 0.4709	 | 	Valid Accuracy     : 0.8467

Epoch : 16
Train Loss     : 0.2031	 | 	Train Accuracy     : 0.9256
Valid Loss     : 0.6644	 | 	Valid Accuracy     : 0.7944

Epoch : 17
Train Loss     : 0.1720	 | 	Train Accuracy     : 0.9385
Valid Loss     : 0.5023	 | 	Valid Accuracy     : 0.8398

Epoch : 18
Train Loss     : 0.1529	 | 	Train Accuracy     : 0.9506
Valid Loss     : 0.4953	 | 	Valid Accuracy     : 0.8452

Epoch : 19
Train Loss     : 0.1432	 | 	Train Accuracy     : 0.9548
Valid Loss     : 0.4822	 | 	Valid Accuracy     : 0.8408

Epoch : 20
Train Loss     : 0.1405	 | 	Train Accuracy     : 0.9558
Valid Loss     : 0.4927	 | 	Valid Accuracy     : 0.8389

Epoch : 21
Train Loss     : 0.1453	 | 	Train Accuracy     : 0.9526
Valid Loss     : 0.4998	 | 	Valid Accuracy     : 0.8354

Epoch : 22
Train Loss     : 0.1371	 | 	Train Accuracy     : 0.9558
Valid Loss     : 0.5232	 | 	Valid Accuracy     : 0.8296

Epoch : 23
Train Loss     : 0.1412	 | 	Train Accuracy     : 0.9540
Valid Loss     : 0.4913	 | 	Valid Accuracy     : 0.8394

Epoch : 24
Train Loss     : 0.1322	 | 	Train Accuracy     : 0.9592
Valid Loss     : 0.5007	 | 	Valid Accuracy     : 0.8408

Epoch : 25
Train Loss     : 0.1388	 | 	Train Accuracy     : 0.9543
Valid Loss     : 0.4774	 | 	Valid Accuracy     : 0.8467

Epoch : 26
Train Loss     : 0.1290	 | 	Train Accuracy     : 0.9586
Valid Loss     : 0.4707	 | 	Valid Accuracy     : 0.8457

Epoch : 27
Train Loss     : 0.1236	 | 	Train Accuracy     : 0.9633
Valid Loss     : 0.4732	 | 	Valid Accuracy     : 0.8398

Epoch : 28
Train Loss     : 0.1199	 | 	Train Accuracy     : 0.9667
Valid Loss     : 0.4895	 | 	Valid Accuracy     : 0.8408

Epoch : 29
Train Loss     : 0.1214	 | 	Train Accuracy     : 0.9635
Valid Loss     : 0.4885	 | 	Valid Accuracy     : 0.8394

Epoch : 30
Train Loss     : 0.1220	 | 	Train Accuracy     : 0.9635
Valid Loss     : 0.4939	 | 	Valid Accuracy     : 0.8389

Evaluate on the Test set:
Test loss      :0.7484	 | Test Accuracy      : 0.6793 | Test AUPRC      : 0.5700
tensor([0.8250, 0.9078, 0.9230, 0.7974, 0.8662, 0.8895, 0.8530, 0.7525, 0.7344,
        0.7812, 0.6878, 0.8010, 0.9035, 0.7532, 0.8367, 0.8656, 0.7046, 0.7929,
        0.7314, 0.6782, 0.8135, 0.8455, 0.9039, 1.0305, 0.7737, 0.7827, 0.7301,
        0.6897, 0.6657, 0.7215, 0.7155, 0.9553, 0.8961, 0.7790, 0.7817, 0.7353,
        0.7508, 0.7276, 0.6949, 0.7451, 0.7531, 0.7564, 0.6907, 0.6671, 0.7072,
        0.7024, 0.7852, 0.6847, 0.7187, 0.7157, 0.7316, 0.7004, 0.7783, 0.7787,
        0.7224, 0.7946, 0.7844, 0.8858, 0.7705, 0.7304, 0.7691, 0.6865],
       device='cuda:0', grad_fn=<SqueezeBackward1>)

################## Training is Done! #########################
Training time is : 0:02:11.251184
