=============================================
Dataset: SEED
Method:  TS-TCC
Mode:    supervised
=============================================
Data loaded ...
Subjet 5
if scale True
Training started ....

Epoch : 1
Train Loss     : 1.0095	 | 	Train Accuracy     : 0.5505
Valid Loss     : 2.1263	 | 	Valid Accuracy     : 0.3701

Epoch : 2
Train Loss     : 0.7412	 | 	Train Accuracy     : 0.6885
Valid Loss     : 3.7101	 | 	Valid Accuracy     : 0.3755

Epoch : 3
Train Loss     : 0.5840	 | 	Train Accuracy     : 0.7565
Valid Loss     : 3.6525	 | 	Valid Accuracy     : 0.4727

Epoch : 4
Train Loss     : 0.4623	 | 	Train Accuracy     : 0.8188
Valid Loss     : 3.3136	 | 	Valid Accuracy     : 0.5283

Epoch : 5
Train Loss     : 0.4144	 | 	Train Accuracy     : 0.8359
Valid Loss     : 2.9039	 | 	Valid Accuracy     : 0.5181

Epoch : 6
Train Loss     : 0.3514	 | 	Train Accuracy     : 0.8646
Valid Loss     : 3.0229	 | 	Valid Accuracy     : 0.5117

Epoch : 7
Train Loss     : 0.3057	 | 	Train Accuracy     : 0.8826
Valid Loss     : 3.3955	 | 	Valid Accuracy     : 0.4951

Epoch : 8
Train Loss     : 0.2713	 | 	Train Accuracy     : 0.9034
Valid Loss     : 3.6963	 | 	Valid Accuracy     : 0.4941

Epoch : 9
Train Loss     : 0.2780	 | 	Train Accuracy     : 0.8953
Valid Loss     : 3.8841	 | 	Valid Accuracy     : 0.4995

Epoch : 10
Train Loss     : 0.2308	 | 	Train Accuracy     : 0.9227
Valid Loss     : 4.0094	 | 	Valid Accuracy     : 0.5015

Epoch : 11
Train Loss     : 0.2248	 | 	Train Accuracy     : 0.9159
Valid Loss     : 3.6079	 | 	Valid Accuracy     : 0.5181

Epoch : 12
Train Loss     : 0.1919	 | 	Train Accuracy     : 0.9352
Valid Loss     : 3.7006	 | 	Valid Accuracy     : 0.5093

Epoch : 13
Train Loss     : 0.1680	 | 	Train Accuracy     : 0.9435
Valid Loss     : 3.9985	 | 	Valid Accuracy     : 0.5137

Epoch : 14
Train Loss     : 0.1571	 | 	Train Accuracy     : 0.9518
Valid Loss     : 4.0842	 | 	Valid Accuracy     : 0.5073

Epoch : 15
Train Loss     : 0.1420	 | 	Train Accuracy     : 0.9615
Valid Loss     : 4.0537	 | 	Valid Accuracy     : 0.5088

Epoch : 16
Train Loss     : 0.1439	 | 	Train Accuracy     : 0.9594
Valid Loss     : 4.0784	 | 	Valid Accuracy     : 0.5068

Epoch : 17
Train Loss     : 0.1475	 | 	Train Accuracy     : 0.9581
Valid Loss     : 4.1849	 | 	Valid Accuracy     : 0.5063

Epoch : 18
Train Loss     : 0.1429	 | 	Train Accuracy     : 0.9573
Valid Loss     : 4.1991	 | 	Valid Accuracy     : 0.5049

Epoch : 19
Train Loss     : 0.1371	 | 	Train Accuracy     : 0.9612
Valid Loss     : 4.1449	 | 	Valid Accuracy     : 0.5059

Epoch : 20
Train Loss     : 0.1333	 | 	Train Accuracy     : 0.9654
Valid Loss     : 4.2610	 | 	Valid Accuracy     : 0.5068

Epoch : 21
Train Loss     : 0.1336	 | 	Train Accuracy     : 0.9625
Valid Loss     : 4.2333	 | 	Valid Accuracy     : 0.5054

Epoch : 22
Train Loss     : 0.1341	 | 	Train Accuracy     : 0.9628
Valid Loss     : 4.2379	 | 	Valid Accuracy     : 0.5078

Epoch : 23
Train Loss     : 0.1291	 | 	Train Accuracy     : 0.9643
Valid Loss     : 4.2354	 | 	Valid Accuracy     : 0.5054

Epoch : 24
Train Loss     : 0.1315	 | 	Train Accuracy     : 0.9615
Valid Loss     : 4.3600	 | 	Valid Accuracy     : 0.5044

Epoch : 25
Train Loss     : 0.1251	 | 	Train Accuracy     : 0.9667
Valid Loss     : 4.3478	 | 	Valid Accuracy     : 0.5068

Epoch : 26
Train Loss     : 0.1261	 | 	Train Accuracy     : 0.9669
Valid Loss     : 4.2083	 | 	Valid Accuracy     : 0.5068

Epoch : 27
Train Loss     : 0.1262	 | 	Train Accuracy     : 0.9633
Valid Loss     : 4.2098	 | 	Valid Accuracy     : 0.5054

Epoch : 28
Train Loss     : 0.1250	 | 	Train Accuracy     : 0.9667
Valid Loss     : 4.2262	 | 	Valid Accuracy     : 0.5039

Epoch : 29
Train Loss     : 0.1221	 | 	Train Accuracy     : 0.9680
Valid Loss     : 4.3226	 | 	Valid Accuracy     : 0.5078

Epoch : 30
Train Loss     : 0.1254	 | 	Train Accuracy     : 0.9643
Valid Loss     : 4.3304	 | 	Valid Accuracy     : 0.5063

Evaluate on the Test set:
Test loss      :3.7096	 | Test Accuracy      : 0.5718 | Test AUPRC      : 0.5737
tensor([0.9161, 0.8833, 0.8379, 0.8532, 0.9113, 0.9491, 0.9496, 0.8326, 0.9444,
        0.8688, 0.8519, 0.8494, 0.8940, 0.9477, 0.9143, 0.9274, 0.9276, 0.8846,
        0.8374, 0.8448, 0.9124, 0.8954, 0.9115, 1.0363, 0.8632, 0.8986, 0.9037,
        0.8798, 0.8385, 0.8726, 0.9697, 0.9934, 0.9796, 0.9047, 0.9177, 0.8709,
        0.8668, 0.8525, 0.8590, 0.9487, 0.9127, 0.9780, 0.9289, 0.8576, 0.9050,
        0.8265, 0.8477, 0.8869, 0.8696, 0.9653, 0.8812, 0.8619, 0.8539, 0.8539,
        0.8652, 0.8386, 0.9737, 0.8450, 0.8482, 0.9846, 0.9354, 0.8451],
       device='cuda:0', grad_fn=<SqueezeBackward1>)

################## Training is Done! #########################
Training time is : 0:01:33.732128
