=============================================
Dataset: SEED
Method:  TS-TCC
Mode:    supervised
=============================================
Data loaded ...
Subjet 3
if scale True
Training started ....

Epoch : 1
Train Loss     : 0.9942	 | 	Train Accuracy     : 0.5281
Valid Loss     : 0.9270	 | 	Valid Accuracy     : 0.6650

Epoch : 2
Train Loss     : 0.7554	 | 	Train Accuracy     : 0.6849
Valid Loss     : 0.8070	 | 	Valid Accuracy     : 0.7085

Epoch : 3
Train Loss     : 0.6203	 | 	Train Accuracy     : 0.7398
Valid Loss     : 0.7779	 | 	Valid Accuracy     : 0.7095

Epoch : 4
Train Loss     : 0.5249	 | 	Train Accuracy     : 0.7974
Valid Loss     : 0.8602	 | 	Valid Accuracy     : 0.6929

Epoch : 5
Train Loss     : 0.4573	 | 	Train Accuracy     : 0.8339
Valid Loss     : 1.0760	 | 	Valid Accuracy     : 0.6646

Epoch : 6
Train Loss     : 0.3889	 | 	Train Accuracy     : 0.8680
Valid Loss     : 0.9852	 | 	Valid Accuracy     : 0.6772

Epoch : 7
Train Loss     : 0.3385	 | 	Train Accuracy     : 0.8865
Valid Loss     : 1.2292	 | 	Valid Accuracy     : 0.6782

Epoch : 8
Train Loss     : 0.3029	 | 	Train Accuracy     : 0.8958
Valid Loss     : 1.1817	 | 	Valid Accuracy     : 0.6660

Epoch : 9
Train Loss     : 0.2827	 | 	Train Accuracy     : 0.9036
Valid Loss     : 1.3686	 | 	Valid Accuracy     : 0.6270

Epoch : 10
Train Loss     : 0.2580	 | 	Train Accuracy     : 0.9182
Valid Loss     : 1.2807	 | 	Valid Accuracy     : 0.6553

Epoch : 11
Train Loss     : 0.2433	 | 	Train Accuracy     : 0.9125
Valid Loss     : 1.4646	 | 	Valid Accuracy     : 0.6445

Epoch : 12
Train Loss     : 0.2509	 | 	Train Accuracy     : 0.9083
Valid Loss     : 1.3876	 | 	Valid Accuracy     : 0.6328

Epoch : 13
Train Loss     : 0.2157	 | 	Train Accuracy     : 0.9219
Valid Loss     : 1.3446	 | 	Valid Accuracy     : 0.6440

Epoch : 14
Train Loss     : 0.2039	 | 	Train Accuracy     : 0.9273
Valid Loss     : 1.5196	 | 	Valid Accuracy     : 0.6279

Epoch : 15
Train Loss     : 0.1692	 | 	Train Accuracy     : 0.9484
Valid Loss     : 1.4880	 | 	Valid Accuracy     : 0.6245

Epoch : 16
Train Loss     : 0.1625	 | 	Train Accuracy     : 0.9497
Valid Loss     : 1.5161	 | 	Valid Accuracy     : 0.6123

Epoch : 17
Train Loss     : 0.1643	 | 	Train Accuracy     : 0.9521
Valid Loss     : 1.5217	 | 	Valid Accuracy     : 0.6079

Epoch : 18
Train Loss     : 0.1565	 | 	Train Accuracy     : 0.9542
Valid Loss     : 1.4697	 | 	Valid Accuracy     : 0.6147

Epoch : 19
Train Loss     : 0.1541	 | 	Train Accuracy     : 0.9539
Valid Loss     : 1.4793	 | 	Valid Accuracy     : 0.6167

Epoch : 20
Train Loss     : 0.1466	 | 	Train Accuracy     : 0.9557
Valid Loss     : 1.4816	 | 	Valid Accuracy     : 0.6221

Epoch : 21
Train Loss     : 0.1449	 | 	Train Accuracy     : 0.9547
Valid Loss     : 1.4901	 | 	Valid Accuracy     : 0.6172

Epoch : 22
Train Loss     : 0.1466	 | 	Train Accuracy     : 0.9563
Valid Loss     : 1.5200	 | 	Valid Accuracy     : 0.6206

Epoch : 23
Train Loss     : 0.1467	 | 	Train Accuracy     : 0.9539
Valid Loss     : 1.5199	 | 	Valid Accuracy     : 0.6128

Epoch : 24
Train Loss     : 0.1392	 | 	Train Accuracy     : 0.9604
Valid Loss     : 1.5057	 | 	Valid Accuracy     : 0.6201

Epoch : 25
Train Loss     : 0.1452	 | 	Train Accuracy     : 0.9581
Valid Loss     : 1.5372	 | 	Valid Accuracy     : 0.6206

Epoch : 26
Train Loss     : 0.1384	 | 	Train Accuracy     : 0.9570
Valid Loss     : 1.5324	 | 	Valid Accuracy     : 0.6206

Epoch : 27
Train Loss     : 0.1368	 | 	Train Accuracy     : 0.9604
Valid Loss     : 1.5334	 | 	Valid Accuracy     : 0.6182

Epoch : 28
Train Loss     : 0.1279	 | 	Train Accuracy     : 0.9617
Valid Loss     : 1.5285	 | 	Valid Accuracy     : 0.6162

Epoch : 29
Train Loss     : 0.1283	 | 	Train Accuracy     : 0.9656
Valid Loss     : 1.5284	 | 	Valid Accuracy     : 0.6143

Epoch : 30
Train Loss     : 0.1327	 | 	Train Accuracy     : 0.9617
Valid Loss     : 1.5231	 | 	Valid Accuracy     : 0.6138

Evaluate on the Test set:
Test loss      :1.1041	 | Test Accuracy      : 0.7375 | Test AUPRC      : 0.5862
tensor([0.8876, 0.9545, 0.8873, 0.8448, 0.8573, 0.9677, 0.9762, 0.9168, 0.8252,
        0.8517, 0.8120, 0.8685, 0.8859, 0.9688, 0.9495, 0.9404, 0.8961, 0.7998,
        0.8320, 0.8629, 0.8028, 0.8396, 0.9224, 0.9978, 0.8160, 0.8018, 0.8682,
        0.8370, 0.8118, 0.8060, 0.9387, 0.9873, 0.8389, 0.8486, 0.8352, 0.8131,
        0.8822, 0.8006, 0.8176, 0.7921, 0.8459, 0.8234, 0.8095, 0.8181, 0.8051,
        0.8690, 0.8004, 0.8239, 0.8037, 0.8413, 0.8304, 0.8299, 0.8184, 0.8616,
        0.8231, 0.8524, 0.9103, 0.9137, 0.8086, 0.8678, 0.8532, 0.9191],
       device='cuda:0', grad_fn=<SqueezeBackward1>)

################## Training is Done! #########################
Training time is : 0:01:35.122140
