=============================================
Dataset: SEED
Method:  TS-TCC
Mode:    supervised
=============================================
Data loaded ...
Subjet 1
if scale True
Training started ....

Epoch : 1
Train Loss     : 0.9988	 | 	Train Accuracy     : 0.5296
Valid Loss     : 1.1545	 | 	Valid Accuracy     : 0.3887

Epoch : 2
Train Loss     : 0.7535	 | 	Train Accuracy     : 0.6692
Valid Loss     : 1.0201	 | 	Valid Accuracy     : 0.4912

Epoch : 3
Train Loss     : 0.6503	 | 	Train Accuracy     : 0.7303
Valid Loss     : 0.8985	 | 	Valid Accuracy     : 0.6060

Epoch : 4
Train Loss     : 0.5713	 | 	Train Accuracy     : 0.7770
Valid Loss     : 1.0520	 | 	Valid Accuracy     : 0.5049

Epoch : 5
Train Loss     : 0.5041	 | 	Train Accuracy     : 0.8026
Valid Loss     : 0.9919	 | 	Valid Accuracy     : 0.6094

Epoch : 6
Train Loss     : 0.4727	 | 	Train Accuracy     : 0.8193
Valid Loss     : 0.9003	 | 	Valid Accuracy     : 0.6187

Epoch : 7
Train Loss     : 0.4440	 | 	Train Accuracy     : 0.8307
Valid Loss     : 0.9044	 | 	Valid Accuracy     : 0.6206

Epoch : 8
Train Loss     : 0.4647	 | 	Train Accuracy     : 0.8242
Valid Loss     : 0.8633	 | 	Valid Accuracy     : 0.6436

Epoch : 9
Train Loss     : 0.4544	 | 	Train Accuracy     : 0.8327
Valid Loss     : 0.9242	 | 	Valid Accuracy     : 0.6294

Epoch : 10
Train Loss     : 0.3988	 | 	Train Accuracy     : 0.8482
Valid Loss     : 1.1016	 | 	Valid Accuracy     : 0.6357

Epoch : 11
Train Loss     : 0.3747	 | 	Train Accuracy     : 0.8561
Valid Loss     : 1.1734	 | 	Valid Accuracy     : 0.6294

Epoch : 12
Train Loss     : 0.3523	 | 	Train Accuracy     : 0.8679
Valid Loss     : 1.4683	 | 	Valid Accuracy     : 0.6226

Epoch : 13
Train Loss     : 0.3327	 | 	Train Accuracy     : 0.8730
Valid Loss     : 1.1929	 | 	Valid Accuracy     : 0.6260

Epoch : 14
Train Loss     : 0.3278	 | 	Train Accuracy     : 0.8775
Valid Loss     : 1.1440	 | 	Valid Accuracy     : 0.6094

Epoch : 15
Train Loss     : 0.3264	 | 	Train Accuracy     : 0.8757
Valid Loss     : 1.2344	 | 	Valid Accuracy     : 0.5923

Epoch : 16
Train Loss     : 0.3070	 | 	Train Accuracy     : 0.8854
Valid Loss     : 1.2044	 | 	Valid Accuracy     : 0.5757

Epoch : 17
Train Loss     : 0.3033	 | 	Train Accuracy     : 0.8811
Valid Loss     : 1.2910	 | 	Valid Accuracy     : 0.6108

Epoch : 18
Train Loss     : 0.2951	 | 	Train Accuracy     : 0.8905
Valid Loss     : 1.3432	 | 	Valid Accuracy     : 0.5986

Epoch : 19
Train Loss     : 0.3006	 | 	Train Accuracy     : 0.8828
Valid Loss     : 1.3427	 | 	Valid Accuracy     : 0.5767

Epoch : 20
Train Loss     : 0.2534	 | 	Train Accuracy     : 0.9078
Valid Loss     : 1.4393	 | 	Valid Accuracy     : 0.6133

Epoch : 21
Train Loss     : 0.2321	 | 	Train Accuracy     : 0.9173
Valid Loss     : 1.2724	 | 	Valid Accuracy     : 0.6152

Epoch : 22
Train Loss     : 0.2276	 | 	Train Accuracy     : 0.9226
Valid Loss     : 1.2604	 | 	Valid Accuracy     : 0.6157

Epoch : 23
Train Loss     : 0.2199	 | 	Train Accuracy     : 0.9243
Valid Loss     : 1.2573	 | 	Valid Accuracy     : 0.6196

Epoch : 24
Train Loss     : 0.2177	 | 	Train Accuracy     : 0.9275
Valid Loss     : 1.2148	 | 	Valid Accuracy     : 0.6152

Epoch : 25
Train Loss     : 0.2093	 | 	Train Accuracy     : 0.9314
Valid Loss     : 1.2137	 | 	Valid Accuracy     : 0.6245

Epoch : 26
Train Loss     : 0.2040	 | 	Train Accuracy     : 0.9341
Valid Loss     : 1.2413	 | 	Valid Accuracy     : 0.6089

Epoch : 27
Train Loss     : 0.2035	 | 	Train Accuracy     : 0.9327
Valid Loss     : 1.2526	 | 	Valid Accuracy     : 0.6187

Epoch : 28
Train Loss     : 0.2052	 | 	Train Accuracy     : 0.9293
Valid Loss     : 1.2643	 | 	Valid Accuracy     : 0.6235

Epoch : 29
Train Loss     : 0.1996	 | 	Train Accuracy     : 0.9355
Valid Loss     : 1.3038	 | 	Valid Accuracy     : 0.6143

Epoch : 30
Train Loss     : 0.1949	 | 	Train Accuracy     : 0.9404
Valid Loss     : 1.3090	 | 	Valid Accuracy     : 0.6108

Evaluate on the Test set:
Test loss      :0.8658	 | Test Accuracy      : 0.6867 | Test AUPRC      : 0.5594
tensor([0.7064, 0.9070, 0.8678, 0.7600, 0.7990, 0.8810, 0.8394, 0.6307, 0.7035,
        0.7606, 0.7761, 0.7366, 0.7296, 0.7985, 0.7680, 0.8275, 0.7966, 0.6913,
        0.7503, 0.9156, 0.7324, 0.7925, 0.9242, 0.9839, 0.7269, 0.7323, 0.6273,
        0.7152, 0.5983, 0.6495, 0.6753, 0.9283, 0.9106, 0.6404, 0.7942, 0.6602,
        0.6239, 0.8013, 0.6977, 0.6708, 0.9293, 0.7393, 0.8184, 0.7545, 0.7392,
        0.7220, 0.6707, 0.8177, 0.6694, 0.7743, 0.6082, 0.9248, 0.8042, 0.6344,
        0.6526, 0.9475, 0.7001, 0.6395, 0.8223, 0.7080, 0.7988, 0.8789],
       device='cuda:0', grad_fn=<SqueezeBackward1>)

################## Training is Done! #########################
Training time is : 0:02:06.878061
