=============================================
Dataset: SEED
Method:  TS-TCC
Mode:    supervised
=============================================
Data loaded ...
Subjet 3
if scale True
Training started ....

Epoch : 1
Train Loss     : 1.1486	 | 	Train Accuracy     : 0.4498
Valid Loss     : 1.2219	 | 	Valid Accuracy     : 0.3354

Epoch : 2
Train Loss     : 0.8434	 | 	Train Accuracy     : 0.6138
Valid Loss     : 1.1248	 | 	Valid Accuracy     : 0.5405

Epoch : 3
Train Loss     : 0.7006	 | 	Train Accuracy     : 0.6836
Valid Loss     : 1.0267	 | 	Valid Accuracy     : 0.6582

Epoch : 4
Train Loss     : 0.5833	 | 	Train Accuracy     : 0.7545
Valid Loss     : 1.0311	 | 	Valid Accuracy     : 0.6318

Epoch : 5
Train Loss     : 0.5346	 | 	Train Accuracy     : 0.7835
Valid Loss     : 1.1189	 | 	Valid Accuracy     : 0.6450

Epoch : 6
Train Loss     : 0.4898	 | 	Train Accuracy     : 0.8198
Valid Loss     : 1.1548	 | 	Valid Accuracy     : 0.6260

Epoch : 7
Train Loss     : 0.4734	 | 	Train Accuracy     : 0.8214
Valid Loss     : 1.2113	 | 	Valid Accuracy     : 0.6587

Epoch : 8
Train Loss     : 0.3970	 | 	Train Accuracy     : 0.8477
Valid Loss     : 1.1637	 | 	Valid Accuracy     : 0.6577

Epoch : 9
Train Loss     : 0.3704	 | 	Train Accuracy     : 0.8633
Valid Loss     : 1.2768	 | 	Valid Accuracy     : 0.5850

Epoch : 10
Train Loss     : 0.3383	 | 	Train Accuracy     : 0.8772
Valid Loss     : 1.2876	 | 	Valid Accuracy     : 0.6060

Epoch : 11
Train Loss     : 0.3307	 | 	Train Accuracy     : 0.8750
Valid Loss     : 1.2684	 | 	Valid Accuracy     : 0.6118

Epoch : 12
Train Loss     : 0.3172	 | 	Train Accuracy     : 0.8828
Valid Loss     : 1.3312	 | 	Valid Accuracy     : 0.6030

Epoch : 13
Train Loss     : 0.2753	 | 	Train Accuracy     : 0.9057
Valid Loss     : 1.3347	 | 	Valid Accuracy     : 0.6011

Epoch : 14
Train Loss     : 0.2569	 | 	Train Accuracy     : 0.9029
Valid Loss     : 1.4453	 | 	Valid Accuracy     : 0.5854

Epoch : 15
Train Loss     : 0.2497	 | 	Train Accuracy     : 0.9135
Valid Loss     : 1.4680	 | 	Valid Accuracy     : 0.5879

Epoch : 16
Train Loss     : 0.2314	 | 	Train Accuracy     : 0.9241
Valid Loss     : 1.4809	 | 	Valid Accuracy     : 0.5845

Epoch : 17
Train Loss     : 0.2197	 | 	Train Accuracy     : 0.9347
Valid Loss     : 1.5178	 | 	Valid Accuracy     : 0.5718

Epoch : 18
Train Loss     : 0.2175	 | 	Train Accuracy     : 0.9336
Valid Loss     : 1.5824	 | 	Valid Accuracy     : 0.5562

Epoch : 19
Train Loss     : 0.2216	 | 	Train Accuracy     : 0.9314
Valid Loss     : 1.6279	 | 	Valid Accuracy     : 0.5479

Epoch : 20
Train Loss     : 0.2094	 | 	Train Accuracy     : 0.9369
Valid Loss     : 1.6197	 | 	Valid Accuracy     : 0.5493

Epoch : 21
Train Loss     : 0.2069	 | 	Train Accuracy     : 0.9403
Valid Loss     : 1.6180	 | 	Valid Accuracy     : 0.5498

Epoch : 22
Train Loss     : 0.2058	 | 	Train Accuracy     : 0.9314
Valid Loss     : 1.6050	 | 	Valid Accuracy     : 0.5488

Epoch : 23
Train Loss     : 0.1935	 | 	Train Accuracy     : 0.9448
Valid Loss     : 1.6191	 | 	Valid Accuracy     : 0.5479

Epoch : 24
Train Loss     : 0.2013	 | 	Train Accuracy     : 0.9392
Valid Loss     : 1.6227	 | 	Valid Accuracy     : 0.5430

Epoch : 25
Train Loss     : 0.2001	 | 	Train Accuracy     : 0.9414
Valid Loss     : 1.6554	 | 	Valid Accuracy     : 0.5361

Epoch : 26
Train Loss     : 0.2006	 | 	Train Accuracy     : 0.9420
Valid Loss     : 1.6789	 | 	Valid Accuracy     : 0.5366

Epoch : 27
Train Loss     : 0.2033	 | 	Train Accuracy     : 0.9375
Valid Loss     : 1.6686	 | 	Valid Accuracy     : 0.5381

Epoch : 28
Train Loss     : 0.1887	 | 	Train Accuracy     : 0.9436
Valid Loss     : 1.7112	 | 	Valid Accuracy     : 0.5332

Epoch : 29
Train Loss     : 0.2023	 | 	Train Accuracy     : 0.9425
Valid Loss     : 1.6852	 | 	Valid Accuracy     : 0.5381

Epoch : 30
Train Loss     : 0.1868	 | 	Train Accuracy     : 0.9470
Valid Loss     : 1.6782	 | 	Valid Accuracy     : 0.5381

Evaluate on the Test set:
Test loss      :1.1969	 | Test Accuracy      : 0.6416 | Test AUPRC      : 0.5102
tensor([0.9347, 0.9123, 0.9188, 0.9428, 0.9499, 0.9762, 0.9873, 0.9079, 0.9170,
        0.9108, 0.9088, 0.9398, 0.9790, 1.0041, 0.9202, 0.9453, 0.9485, 0.9208,
        0.9274, 0.9046, 0.9323, 0.9200, 0.9514, 0.9709, 0.9175, 0.9148, 0.9389,
        0.9283, 0.9146, 0.9146, 0.9761, 1.0045, 0.9645, 0.9285, 0.9249, 0.9082,
        0.9268, 0.9137, 0.9180, 0.9108, 0.9211, 0.9295, 0.9211, 0.9102, 0.9142,
        0.9198, 0.9149, 0.9113, 0.9110, 0.9249, 0.9208, 0.9128, 0.9166, 0.9304,
        0.9346, 0.9210, 0.9631, 0.9136, 0.9135, 0.9311, 0.9138, 0.9654],
       device='cuda:0', grad_fn=<SqueezeBackward1>)

################## Training is Done! #########################
Training time is : 0:00:55.412369
