=============================================
Dataset: SEED
Method:  TS-TCC
Mode:    supervised
=============================================
Data loaded ...
Subjet 5
if scale True
Training started ....

Epoch : 1
Train Loss     : 1.3163	 | 	Train Accuracy     : 0.4738
Valid Loss     : 1.2664	 | 	Valid Accuracy     : 0.3267

Epoch : 2
Train Loss     : 0.8198	 | 	Train Accuracy     : 0.6183
Valid Loss     : 1.5058	 | 	Valid Accuracy     : 0.3481

Epoch : 3
Train Loss     : 0.6551	 | 	Train Accuracy     : 0.7171
Valid Loss     : 2.4539	 | 	Valid Accuracy     : 0.3701

Epoch : 4
Train Loss     : 0.5573	 | 	Train Accuracy     : 0.7433
Valid Loss     : 2.7125	 | 	Valid Accuracy     : 0.3608

Epoch : 5
Train Loss     : 0.5043	 | 	Train Accuracy     : 0.7891
Valid Loss     : 3.8853	 | 	Valid Accuracy     : 0.3677

Epoch : 6
Train Loss     : 0.3921	 | 	Train Accuracy     : 0.8387
Valid Loss     : 3.9883	 | 	Valid Accuracy     : 0.4272

Epoch : 7
Train Loss     : 0.3337	 | 	Train Accuracy     : 0.8739
Valid Loss     : 4.2823	 | 	Valid Accuracy     : 0.4482

Epoch : 8
Train Loss     : 0.2801	 | 	Train Accuracy     : 0.8996
Valid Loss     : 4.0179	 | 	Valid Accuracy     : 0.4883

Epoch : 9
Train Loss     : 0.2458	 | 	Train Accuracy     : 0.9062
Valid Loss     : 4.1083	 | 	Valid Accuracy     : 0.5005

Epoch : 10
Train Loss     : 0.2115	 | 	Train Accuracy     : 0.9314
Valid Loss     : 4.7299	 | 	Valid Accuracy     : 0.4922

Epoch : 11
Train Loss     : 0.2054	 | 	Train Accuracy     : 0.9258
Valid Loss     : 4.5930	 | 	Valid Accuracy     : 0.5000

Epoch : 12
Train Loss     : 0.1917	 | 	Train Accuracy     : 0.9314
Valid Loss     : 4.9700	 | 	Valid Accuracy     : 0.4902

Epoch : 13
Train Loss     : 0.1650	 | 	Train Accuracy     : 0.9498
Valid Loss     : 5.1029	 | 	Valid Accuracy     : 0.4941

Epoch : 14
Train Loss     : 0.1513	 | 	Train Accuracy     : 0.9515
Valid Loss     : 5.1592	 | 	Valid Accuracy     : 0.4951

Epoch : 15
Train Loss     : 0.1576	 | 	Train Accuracy     : 0.9526
Valid Loss     : 5.2285	 | 	Valid Accuracy     : 0.4941

Epoch : 16
Train Loss     : 0.1516	 | 	Train Accuracy     : 0.9542
Valid Loss     : 5.2958	 | 	Valid Accuracy     : 0.4961

Epoch : 17
Train Loss     : 0.1480	 | 	Train Accuracy     : 0.9576
Valid Loss     : 5.3062	 | 	Valid Accuracy     : 0.4946

Epoch : 18
Train Loss     : 0.1511	 | 	Train Accuracy     : 0.9598
Valid Loss     : 5.3594	 | 	Valid Accuracy     : 0.4956

Epoch : 19
Train Loss     : 0.1442	 | 	Train Accuracy     : 0.9559
Valid Loss     : 5.3927	 | 	Valid Accuracy     : 0.4961

Epoch : 20
Train Loss     : 0.1512	 | 	Train Accuracy     : 0.9559
Valid Loss     : 5.3525	 | 	Valid Accuracy     : 0.4966

Epoch : 21
Train Loss     : 0.1434	 | 	Train Accuracy     : 0.9604
Valid Loss     : 5.4527	 | 	Valid Accuracy     : 0.4951

Epoch : 22
Train Loss     : 0.1430	 | 	Train Accuracy     : 0.9632
Valid Loss     : 5.4602	 | 	Valid Accuracy     : 0.4937

Epoch : 23
Train Loss     : 0.1344	 | 	Train Accuracy     : 0.9648
Valid Loss     : 5.4847	 | 	Valid Accuracy     : 0.4956

Epoch : 24
Train Loss     : 0.1341	 | 	Train Accuracy     : 0.9671
Valid Loss     : 5.5451	 | 	Valid Accuracy     : 0.4956

Epoch : 25
Train Loss     : 0.1448	 | 	Train Accuracy     : 0.9615
Valid Loss     : 5.5547	 | 	Valid Accuracy     : 0.4961

Epoch : 26
Train Loss     : 0.1394	 | 	Train Accuracy     : 0.9609
Valid Loss     : 5.5810	 | 	Valid Accuracy     : 0.4956

Epoch : 27
Train Loss     : 0.1375	 | 	Train Accuracy     : 0.9615
Valid Loss     : 5.5677	 | 	Valid Accuracy     : 0.4966

Epoch : 28
Train Loss     : 0.1331	 | 	Train Accuracy     : 0.9615
Valid Loss     : 5.5804	 | 	Valid Accuracy     : 0.4966

Epoch : 29
Train Loss     : 0.1362	 | 	Train Accuracy     : 0.9621
Valid Loss     : 5.6113	 | 	Valid Accuracy     : 0.4956

Epoch : 30
Train Loss     : 0.1336	 | 	Train Accuracy     : 0.9648
Valid Loss     : 5.5798	 | 	Valid Accuracy     : 0.4951

Evaluate on the Test set:
Test loss      :4.4779	 | Test Accuracy      : 0.4932 | Test AUPRC      : 0.5036
tensor([0.9527, 0.9474, 0.9393, 0.9382, 0.9476, 0.9829, 0.9309, 0.9200, 0.9469,
        0.9287, 0.9381, 0.9300, 0.9391, 0.9606, 0.9467, 0.9602, 0.9633, 0.9299,
        0.9284, 0.9435, 0.9377, 0.9667, 0.9678, 0.9734, 0.9372, 0.9309, 0.9564,
        0.9326, 0.9301, 0.9504, 0.9512, 1.0168, 0.9927, 0.9702, 0.9484, 0.9436,
        0.9420, 0.9348, 0.9502, 0.9597, 0.9587, 1.0031, 0.9388, 0.9284, 0.9418,
        0.9364, 0.9390, 0.9490, 0.9594, 0.9730, 0.9339, 0.9343, 0.9436, 0.9444,
        0.9490, 0.9361, 0.9857, 0.9365, 0.9300, 0.9357, 0.9446, 0.9425],
       device='cuda:0', grad_fn=<SqueezeBackward1>)

################## Training is Done! #########################
Training time is : 0:00:55.296962
