=============================================
Dataset: SEED
Method:  TS-TCC
Mode:    supervised
=============================================
Data loaded ...
Subjet 13
if scale True
Training started ....

Epoch : 1
Train Loss     : 1.5691	 | 	Train Accuracy     : 0.4219
Valid Loss     : 0.8227	 | 	Valid Accuracy     : 0.6304

Epoch : 2
Train Loss     : 0.7433	 | 	Train Accuracy     : 0.6401
Valid Loss     : 0.8167	 | 	Valid Accuracy     : 0.5732

Epoch : 3
Train Loss     : 0.5215	 | 	Train Accuracy     : 0.7690
Valid Loss     : 0.6656	 | 	Valid Accuracy     : 0.6787

Epoch : 4
Train Loss     : 0.4025	 | 	Train Accuracy     : 0.8103
Valid Loss     : 0.7303	 | 	Valid Accuracy     : 0.6519

Epoch : 5
Train Loss     : 0.3384	 | 	Train Accuracy     : 0.8532
Valid Loss     : 0.8607	 | 	Valid Accuracy     : 0.6230

Epoch : 6
Train Loss     : 0.3080	 | 	Train Accuracy     : 0.8800
Valid Loss     : 0.8396	 | 	Valid Accuracy     : 0.6421

Epoch : 7
Train Loss     : 0.2549	 | 	Train Accuracy     : 0.9051
Valid Loss     : 1.0142	 | 	Valid Accuracy     : 0.6431

Epoch : 8
Train Loss     : 0.2327	 | 	Train Accuracy     : 0.9152
Valid Loss     : 1.1586	 | 	Valid Accuracy     : 0.6211

Epoch : 9
Train Loss     : 0.1990	 | 	Train Accuracy     : 0.9308
Valid Loss     : 1.2283	 | 	Valid Accuracy     : 0.6250

Epoch : 10
Train Loss     : 0.1878	 | 	Train Accuracy     : 0.9308
Valid Loss     : 1.4128	 | 	Valid Accuracy     : 0.6450

Epoch : 11
Train Loss     : 0.1922	 | 	Train Accuracy     : 0.9224
Valid Loss     : 1.5159	 | 	Valid Accuracy     : 0.6377

Epoch : 12
Train Loss     : 0.1641	 | 	Train Accuracy     : 0.9503
Valid Loss     : 1.5330	 | 	Valid Accuracy     : 0.6250

Epoch : 13
Train Loss     : 0.1456	 | 	Train Accuracy     : 0.9537
Valid Loss     : 1.3882	 | 	Valid Accuracy     : 0.6357

Epoch : 14
Train Loss     : 0.1372	 | 	Train Accuracy     : 0.9559
Valid Loss     : 1.4687	 | 	Valid Accuracy     : 0.6470

Epoch : 15
Train Loss     : 0.1219	 | 	Train Accuracy     : 0.9637
Valid Loss     : 1.4632	 | 	Valid Accuracy     : 0.6523

Epoch : 16
Train Loss     : 0.1173	 | 	Train Accuracy     : 0.9704
Valid Loss     : 1.4881	 | 	Valid Accuracy     : 0.6577

Epoch : 17
Train Loss     : 0.1094	 | 	Train Accuracy     : 0.9743
Valid Loss     : 1.5117	 | 	Valid Accuracy     : 0.6592

Epoch : 18
Train Loss     : 0.1189	 | 	Train Accuracy     : 0.9682
Valid Loss     : 1.5244	 | 	Valid Accuracy     : 0.6519

Epoch : 19
Train Loss     : 0.1123	 | 	Train Accuracy     : 0.9732
Valid Loss     : 1.5191	 | 	Valid Accuracy     : 0.6548

Epoch : 20
Train Loss     : 0.1190	 | 	Train Accuracy     : 0.9626
Valid Loss     : 1.5412	 | 	Valid Accuracy     : 0.6582

Epoch : 21
Train Loss     : 0.1063	 | 	Train Accuracy     : 0.9721
Valid Loss     : 1.5287	 | 	Valid Accuracy     : 0.6577

Epoch : 22
Train Loss     : 0.1148	 | 	Train Accuracy     : 0.9721
Valid Loss     : 1.5260	 | 	Valid Accuracy     : 0.6558

Epoch : 23
Train Loss     : 0.1109	 | 	Train Accuracy     : 0.9743
Valid Loss     : 1.5558	 | 	Valid Accuracy     : 0.6602

Epoch : 24
Train Loss     : 0.1048	 | 	Train Accuracy     : 0.9710
Valid Loss     : 1.5614	 | 	Valid Accuracy     : 0.6670

Epoch : 25
Train Loss     : 0.1086	 | 	Train Accuracy     : 0.9710
Valid Loss     : 1.5615	 | 	Valid Accuracy     : 0.6670

Epoch : 26
Train Loss     : 0.0943	 | 	Train Accuracy     : 0.9782
Valid Loss     : 1.5490	 | 	Valid Accuracy     : 0.6699

Epoch : 27
Train Loss     : 0.1011	 | 	Train Accuracy     : 0.9794
Valid Loss     : 1.5453	 | 	Valid Accuracy     : 0.6694

Epoch : 28
Train Loss     : 0.1114	 | 	Train Accuracy     : 0.9743
Valid Loss     : 1.5500	 | 	Valid Accuracy     : 0.6680

Epoch : 29
Train Loss     : 0.1087	 | 	Train Accuracy     : 0.9710
Valid Loss     : 1.5476	 | 	Valid Accuracy     : 0.6670

Epoch : 30
Train Loss     : 0.1043	 | 	Train Accuracy     : 0.9754
Valid Loss     : 1.5582	 | 	Valid Accuracy     : 0.6626

Evaluate on the Test set:
Test loss      :2.2547	 | Test Accuracy      : 0.5119 | Test AUPRC      : 0.4896
tensor([0.9335, 0.9467, 0.9513, 0.9998, 0.9651, 0.9404, 0.9890, 0.9413, 0.9325,
        0.9296, 0.9433, 0.9757, 0.9459, 0.9368, 0.9656, 0.9426, 0.9417, 0.9269,
        0.9200, 0.9224, 0.9401, 0.9232, 0.9457, 1.0171, 0.9599, 0.9307, 0.9358,
        0.9323, 0.9203, 0.9289, 0.9340, 0.9990, 0.9675, 0.9802, 0.9359, 0.9323,
        0.9194, 0.9224, 0.9376, 0.9323, 0.9392, 0.9236, 0.9368, 0.9344, 0.9312,
        0.9075, 0.9296, 0.9339, 0.9323, 0.9506, 0.9500, 0.9279, 0.9389, 0.9832,
        0.9394, 0.9204, 0.9426, 0.9231, 0.9256, 0.9263, 0.9404, 0.9229],
       device='cuda:0', grad_fn=<SqueezeBackward1>)

################## Training is Done! #########################
Training time is : 0:00:50.274592
