=============================================
Dataset: SEED
Method:  TS-TCC
Mode:    supervised
=============================================
Data loaded ...
Subjet 1
if scale True
Training started ....

Epoch : 1
Train Loss     : 1.2994	 | 	Train Accuracy     : 0.4862
Valid Loss     : 1.3109	 | 	Valid Accuracy     : 0.4766

Epoch : 2
Train Loss     : 0.8773	 | 	Train Accuracy     : 0.5964
Valid Loss     : 1.0736	 | 	Valid Accuracy     : 0.5322

Epoch : 3
Train Loss     : 0.6691	 | 	Train Accuracy     : 0.7021
Valid Loss     : 1.1293	 | 	Valid Accuracy     : 0.4863

Epoch : 4
Train Loss     : 0.5613	 | 	Train Accuracy     : 0.7755
Valid Loss     : 1.1086	 | 	Valid Accuracy     : 0.5356

Epoch : 5
Train Loss     : 0.4916	 | 	Train Accuracy     : 0.8130
Valid Loss     : 1.1835	 | 	Valid Accuracy     : 0.5410

Epoch : 6
Train Loss     : 0.4221	 | 	Train Accuracy     : 0.8396
Valid Loss     : 1.3347	 | 	Valid Accuracy     : 0.5615

Epoch : 7
Train Loss     : 0.3771	 | 	Train Accuracy     : 0.8604
Valid Loss     : 1.3148	 | 	Valid Accuracy     : 0.5791

Epoch : 8
Train Loss     : 0.3695	 | 	Train Accuracy     : 0.8604
Valid Loss     : 1.2942	 | 	Valid Accuracy     : 0.5806

Epoch : 9
Train Loss     : 0.3526	 | 	Train Accuracy     : 0.8677
Valid Loss     : 1.4159	 | 	Valid Accuracy     : 0.5737

Epoch : 10
Train Loss     : 0.2924	 | 	Train Accuracy     : 0.8990
Valid Loss     : 1.3697	 | 	Valid Accuracy     : 0.5879

Epoch : 11
Train Loss     : 0.2852	 | 	Train Accuracy     : 0.8961
Valid Loss     : 1.6933	 | 	Valid Accuracy     : 0.5820

Epoch : 12
Train Loss     : 0.2852	 | 	Train Accuracy     : 0.8930
Valid Loss     : 1.6915	 | 	Valid Accuracy     : 0.5767

Epoch : 13
Train Loss     : 0.2705	 | 	Train Accuracy     : 0.9005
Valid Loss     : 1.5983	 | 	Valid Accuracy     : 0.5830

Epoch : 14
Train Loss     : 0.2175	 | 	Train Accuracy     : 0.9255
Valid Loss     : 1.4954	 | 	Valid Accuracy     : 0.6035

Epoch : 15
Train Loss     : 0.2044	 | 	Train Accuracy     : 0.9365
Valid Loss     : 1.5025	 | 	Valid Accuracy     : 0.6025

Epoch : 16
Train Loss     : 0.2043	 | 	Train Accuracy     : 0.9357
Valid Loss     : 1.5095	 | 	Valid Accuracy     : 0.6040

Epoch : 17
Train Loss     : 0.1962	 | 	Train Accuracy     : 0.9367
Valid Loss     : 1.5250	 | 	Valid Accuracy     : 0.6001

Epoch : 18
Train Loss     : 0.1983	 | 	Train Accuracy     : 0.9336
Valid Loss     : 1.5448	 | 	Valid Accuracy     : 0.6011

Epoch : 19
Train Loss     : 0.1978	 | 	Train Accuracy     : 0.9354
Valid Loss     : 1.5430	 | 	Valid Accuracy     : 0.5977

Epoch : 20
Train Loss     : 0.1944	 | 	Train Accuracy     : 0.9326
Valid Loss     : 1.5784	 | 	Valid Accuracy     : 0.5957

Epoch : 21
Train Loss     : 0.1831	 | 	Train Accuracy     : 0.9419
Valid Loss     : 1.5983	 | 	Valid Accuracy     : 0.5933

Epoch : 22
Train Loss     : 0.1840	 | 	Train Accuracy     : 0.9424
Valid Loss     : 1.5529	 | 	Valid Accuracy     : 0.5962

Epoch : 23
Train Loss     : 0.1838	 | 	Train Accuracy     : 0.9430
Valid Loss     : 1.5498	 | 	Valid Accuracy     : 0.5986

Epoch : 24
Train Loss     : 0.1795	 | 	Train Accuracy     : 0.9406
Valid Loss     : 1.5926	 | 	Valid Accuracy     : 0.5933

Epoch : 25
Train Loss     : 0.1777	 | 	Train Accuracy     : 0.9448
Valid Loss     : 1.5701	 | 	Valid Accuracy     : 0.5957

Epoch : 26
Train Loss     : 0.1709	 | 	Train Accuracy     : 0.9482
Valid Loss     : 1.5766	 | 	Valid Accuracy     : 0.5957

Epoch : 27
Train Loss     : 0.1792	 | 	Train Accuracy     : 0.9466
Valid Loss     : 1.5748	 | 	Valid Accuracy     : 0.5957

Epoch : 28
Train Loss     : 0.1697	 | 	Train Accuracy     : 0.9505
Valid Loss     : 1.5587	 | 	Valid Accuracy     : 0.5962

Epoch : 29
Train Loss     : 0.1781	 | 	Train Accuracy     : 0.9424
Valid Loss     : 1.5730	 | 	Valid Accuracy     : 0.5952

Epoch : 30
Train Loss     : 0.1719	 | 	Train Accuracy     : 0.9469
Valid Loss     : 1.5460	 | 	Valid Accuracy     : 0.5967

Evaluate on the Test set:
Test loss      :1.2839	 | Test Accuracy      : 0.6195 | Test AUPRC      : 0.5612
tensor([0.8831, 0.9456, 0.8547, 0.8825, 0.8822, 0.9607, 0.8403, 0.8225, 0.8462,
        0.8642, 0.8465, 0.9136, 0.9064, 0.8942, 0.8542, 0.8910, 0.8650, 0.8429,
        0.8291, 0.9075, 0.8670, 0.8753, 0.9532, 0.9909, 0.8615, 0.8399, 0.8823,
        0.8891, 0.8401, 0.8389, 0.8665, 0.9517, 0.9152, 0.8701, 0.9031, 0.8557,
        0.8374, 0.8636, 0.9007, 0.8550, 0.9253, 0.8538, 0.8639, 0.8696, 0.8952,
        0.8751, 0.8703, 0.8551, 0.8482, 0.8847, 0.8494, 0.9728, 0.8663, 0.8928,
        0.8532, 0.9466, 0.9295, 0.8570, 0.8437, 0.8576, 0.8796, 0.8707],
       device='cuda:0', grad_fn=<SqueezeBackward1>)

################## Training is Done! #########################
Training time is : 0:01:34.073423
