=============================================
Dataset: SEED
Method:  TS-TCC
Mode:    supervised
=============================================
Data loaded ...
Subjet 5
if scale True
Training started ....

Epoch : 1
Train Loss     : 1.0816	 | 	Train Accuracy     : 0.5136
Valid Loss     : 1.1802	 | 	Valid Accuracy     : 0.5186

Epoch : 2
Train Loss     : 0.7374	 | 	Train Accuracy     : 0.6692
Valid Loss     : 1.0096	 | 	Valid Accuracy     : 0.5298

Epoch : 3
Train Loss     : 0.5901	 | 	Train Accuracy     : 0.7502
Valid Loss     : 1.1539	 | 	Valid Accuracy     : 0.5767

Epoch : 4
Train Loss     : 0.5007	 | 	Train Accuracy     : 0.7870
Valid Loss     : 1.3585	 | 	Valid Accuracy     : 0.6021

Epoch : 5
Train Loss     : 0.4774	 | 	Train Accuracy     : 0.8025
Valid Loss     : 1.4476	 | 	Valid Accuracy     : 0.5977

Epoch : 6
Train Loss     : 0.4469	 | 	Train Accuracy     : 0.8208
Valid Loss     : 1.4694	 | 	Valid Accuracy     : 0.5742

Epoch : 7
Train Loss     : 0.4012	 | 	Train Accuracy     : 0.8432
Valid Loss     : 1.3576	 | 	Valid Accuracy     : 0.5747

Epoch : 8
Train Loss     : 0.3710	 | 	Train Accuracy     : 0.8575
Valid Loss     : 1.6577	 | 	Valid Accuracy     : 0.5557

Epoch : 9
Train Loss     : 0.3678	 | 	Train Accuracy     : 0.8558
Valid Loss     : 1.6662	 | 	Valid Accuracy     : 0.5698

Epoch : 10
Train Loss     : 0.3524	 | 	Train Accuracy     : 0.8633
Valid Loss     : 1.6996	 | 	Valid Accuracy     : 0.5645

Epoch : 11
Train Loss     : 0.3329	 | 	Train Accuracy     : 0.8747
Valid Loss     : 1.7160	 | 	Valid Accuracy     : 0.5737

Epoch : 12
Train Loss     : 0.2986	 | 	Train Accuracy     : 0.8833
Valid Loss     : 1.7867	 | 	Valid Accuracy     : 0.5654

Epoch : 13
Train Loss     : 0.2803	 | 	Train Accuracy     : 0.8937
Valid Loss     : 1.9080	 | 	Valid Accuracy     : 0.5566

Epoch : 14
Train Loss     : 0.2445	 | 	Train Accuracy     : 0.9122
Valid Loss     : 1.7269	 | 	Valid Accuracy     : 0.5757

Epoch : 15
Train Loss     : 0.2242	 | 	Train Accuracy     : 0.9287
Valid Loss     : 1.8024	 | 	Valid Accuracy     : 0.5693

Epoch : 16
Train Loss     : 0.2220	 | 	Train Accuracy     : 0.9275
Valid Loss     : 1.7792	 | 	Valid Accuracy     : 0.5664

Epoch : 17
Train Loss     : 0.2111	 | 	Train Accuracy     : 0.9322
Valid Loss     : 1.8368	 | 	Valid Accuracy     : 0.5576

Epoch : 18
Train Loss     : 0.2146	 | 	Train Accuracy     : 0.9316
Valid Loss     : 1.8310	 | 	Valid Accuracy     : 0.5669

Epoch : 19
Train Loss     : 0.2080	 | 	Train Accuracy     : 0.9334
Valid Loss     : 1.7790	 | 	Valid Accuracy     : 0.5649

Epoch : 20
Train Loss     : 0.2001	 | 	Train Accuracy     : 0.9389
Valid Loss     : 1.8747	 | 	Valid Accuracy     : 0.5630

Epoch : 21
Train Loss     : 0.1959	 | 	Train Accuracy     : 0.9409
Valid Loss     : 1.8463	 | 	Valid Accuracy     : 0.5659

Epoch : 22
Train Loss     : 0.1957	 | 	Train Accuracy     : 0.9383
Valid Loss     : 1.8649	 | 	Valid Accuracy     : 0.5688

Epoch : 23
Train Loss     : 0.1943	 | 	Train Accuracy     : 0.9409
Valid Loss     : 1.8236	 | 	Valid Accuracy     : 0.5640

Epoch : 24
Train Loss     : 0.1837	 | 	Train Accuracy     : 0.9480
Valid Loss     : 1.9365	 | 	Valid Accuracy     : 0.5645

Epoch : 25
Train Loss     : 0.1872	 | 	Train Accuracy     : 0.9399
Valid Loss     : 1.8857	 | 	Valid Accuracy     : 0.5610

Epoch : 26
Train Loss     : 0.1772	 | 	Train Accuracy     : 0.9462
Valid Loss     : 1.8810	 | 	Valid Accuracy     : 0.5532

Epoch : 27
Train Loss     : 0.1748	 | 	Train Accuracy     : 0.9541
Valid Loss     : 1.9011	 | 	Valid Accuracy     : 0.5542

Epoch : 28
Train Loss     : 0.1825	 | 	Train Accuracy     : 0.9438
Valid Loss     : 1.9216	 | 	Valid Accuracy     : 0.5557

Epoch : 29
Train Loss     : 0.1745	 | 	Train Accuracy     : 0.9468
Valid Loss     : 1.9129	 | 	Valid Accuracy     : 0.5571

Epoch : 30
Train Loss     : 0.1725	 | 	Train Accuracy     : 0.9487
Valid Loss     : 1.8872	 | 	Valid Accuracy     : 0.5566

Evaluate on the Test set:
Test loss      :1.0316	 | Test Accuracy      : 0.7471 | Test AUPRC      : 0.5324
tensor([0.8929, 0.7725, 0.8681, 0.8028, 0.8762, 0.9037, 0.9238, 0.8776, 0.8498,
        0.7573, 0.7374, 0.8494, 0.8134, 0.8986, 0.7966, 0.9499, 0.9335, 0.7903,
        0.7586, 0.7487, 0.8093, 0.8621, 0.8811, 1.0158, 0.7795, 0.8050, 0.8187,
        0.8063, 0.8444, 0.8790, 0.9227, 0.9827, 0.9754, 0.8197, 0.8990, 0.8049,
        0.7916, 0.8634, 0.7501, 0.8975, 0.9131, 0.9014, 0.8846, 0.7871, 0.8080,
        0.7598, 0.7771, 0.7927, 0.8345, 0.9170, 0.8028, 0.7715, 0.8238, 0.7713,
        0.7657, 0.7641, 0.9338, 0.7569, 0.7588, 0.9404, 0.8129, 0.8169],
       device='cuda:0', grad_fn=<SqueezeBackward1>)

################## Training is Done! #########################
Training time is : 0:02:15.311039
