=============================================
Dataset: SEED
Method:  TS-TCC
Mode:    supervised
=============================================
Data loaded ...
Subjet 11
if scale True
Training started ....

Epoch : 1
Train Loss     : 1.6512	 | 	Train Accuracy     : 0.3862
Valid Loss     : 0.8774	 | 	Valid Accuracy     : 0.6323

Epoch : 2
Train Loss     : 0.9039	 | 	Train Accuracy     : 0.6049
Valid Loss     : 0.7971	 | 	Valid Accuracy     : 0.6377

Epoch : 3
Train Loss     : 0.6183	 | 	Train Accuracy     : 0.7533
Valid Loss     : 0.6958	 | 	Valid Accuracy     : 0.6611

Epoch : 4
Train Loss     : 0.4881	 | 	Train Accuracy     : 0.7935
Valid Loss     : 0.7655	 | 	Valid Accuracy     : 0.6367

Epoch : 5
Train Loss     : 0.3966	 | 	Train Accuracy     : 0.8410
Valid Loss     : 0.7107	 | 	Valid Accuracy     : 0.6953

Epoch : 6
Train Loss     : 0.3756	 | 	Train Accuracy     : 0.8650
Valid Loss     : 0.7045	 | 	Valid Accuracy     : 0.6885

Epoch : 7
Train Loss     : 0.3345	 | 	Train Accuracy     : 0.8733
Valid Loss     : 0.8072	 | 	Valid Accuracy     : 0.6558

Epoch : 8
Train Loss     : 0.3148	 | 	Train Accuracy     : 0.8850
Valid Loss     : 0.8163	 | 	Valid Accuracy     : 0.6641

Epoch : 9
Train Loss     : 0.2758	 | 	Train Accuracy     : 0.9018
Valid Loss     : 0.8246	 | 	Valid Accuracy     : 0.6567

Epoch : 10
Train Loss     : 0.2683	 | 	Train Accuracy     : 0.9062
Valid Loss     : 0.9041	 | 	Valid Accuracy     : 0.6377

Epoch : 11
Train Loss     : 0.2474	 | 	Train Accuracy     : 0.9196
Valid Loss     : 1.0007	 | 	Valid Accuracy     : 0.6016

Epoch : 12
Train Loss     : 0.2315	 | 	Train Accuracy     : 0.9174
Valid Loss     : 0.8914	 | 	Valid Accuracy     : 0.6309

Epoch : 13
Train Loss     : 0.2147	 | 	Train Accuracy     : 0.9263
Valid Loss     : 0.9685	 | 	Valid Accuracy     : 0.6157

Epoch : 14
Train Loss     : 0.1925	 | 	Train Accuracy     : 0.9358
Valid Loss     : 0.7762	 | 	Valid Accuracy     : 0.6719

Epoch : 15
Train Loss     : 0.1919	 | 	Train Accuracy     : 0.9330
Valid Loss     : 0.7076	 | 	Valid Accuracy     : 0.7046

Epoch : 16
Train Loss     : 0.1734	 | 	Train Accuracy     : 0.9470
Valid Loss     : 0.6987	 | 	Valid Accuracy     : 0.7129

Epoch : 17
Train Loss     : 0.1655	 | 	Train Accuracy     : 0.9587
Valid Loss     : 0.6985	 | 	Valid Accuracy     : 0.7119

Epoch : 18
Train Loss     : 0.1718	 | 	Train Accuracy     : 0.9515
Valid Loss     : 0.6837	 | 	Valid Accuracy     : 0.7202

Epoch : 19
Train Loss     : 0.1617	 | 	Train Accuracy     : 0.9565
Valid Loss     : 0.6704	 | 	Valid Accuracy     : 0.7246

Epoch : 20
Train Loss     : 0.1567	 | 	Train Accuracy     : 0.9587
Valid Loss     : 0.6811	 | 	Valid Accuracy     : 0.7207

Epoch : 21
Train Loss     : 0.1594	 | 	Train Accuracy     : 0.9565
Valid Loss     : 0.7007	 | 	Valid Accuracy     : 0.7134

Epoch : 22
Train Loss     : 0.1653	 | 	Train Accuracy     : 0.9515
Valid Loss     : 0.6832	 | 	Valid Accuracy     : 0.7212

Epoch : 23
Train Loss     : 0.1506	 | 	Train Accuracy     : 0.9593
Valid Loss     : 0.6762	 | 	Valid Accuracy     : 0.7236

Epoch : 24
Train Loss     : 0.1574	 | 	Train Accuracy     : 0.9604
Valid Loss     : 0.6720	 | 	Valid Accuracy     : 0.7207

Epoch : 25
Train Loss     : 0.1533	 | 	Train Accuracy     : 0.9531
Valid Loss     : 0.6801	 | 	Valid Accuracy     : 0.7192

Epoch : 26
Train Loss     : 0.1530	 | 	Train Accuracy     : 0.9559
Valid Loss     : 0.6952	 | 	Valid Accuracy     : 0.7183

Epoch : 27
Train Loss     : 0.1457	 | 	Train Accuracy     : 0.9648
Valid Loss     : 0.6740	 | 	Valid Accuracy     : 0.7222

Epoch : 28
Train Loss     : 0.1543	 | 	Train Accuracy     : 0.9593
Valid Loss     : 0.6681	 | 	Valid Accuracy     : 0.7275

Epoch : 29
Train Loss     : 0.1485	 | 	Train Accuracy     : 0.9626
Valid Loss     : 0.6836	 | 	Valid Accuracy     : 0.7212

Epoch : 30
Train Loss     : 0.1358	 | 	Train Accuracy     : 0.9671
Valid Loss     : 0.6841	 | 	Valid Accuracy     : 0.7207

Evaluate on the Test set:
Test loss      :1.1952	 | Test Accuracy      : 0.6790 | Test AUPRC      : 0.5243
tensor([0.9408, 0.9553, 0.9305, 0.9296, 0.9314, 0.9405, 0.9378, 0.9228, 0.9233,
        0.9273, 0.9344, 0.9438, 0.9409, 0.9480, 0.9434, 0.9402, 0.9418, 0.9333,
        0.9214, 0.9263, 0.9241, 0.9485, 1.0196, 0.9887, 0.9475, 0.9238, 0.9397,
        0.9228, 0.9262, 0.9439, 0.9447, 0.9229, 0.9696, 0.9720, 0.9753, 0.9213,
        0.9311, 0.9439, 0.9474, 0.9513, 0.9530, 0.9204, 0.9307, 0.9311, 0.9381,
        0.9256, 0.9254, 0.9260, 0.9365, 0.9517, 0.9552, 0.9557, 0.9371, 0.9410,
        0.9442, 0.9232, 0.9402, 0.9232, 0.9393, 0.9352, 0.9243, 0.9229],
       device='cuda:0', grad_fn=<SqueezeBackward1>)

################## Training is Done! #########################
Training time is : 0:00:57.619578
