=============================================
Dataset: SEED
Method:  TS-TCC
Mode:    train_linear
=============================================
Data loaded ...
Training started ....

Epoch : 1
Train Loss     : 0.6351	 | 	Train Accuracy     : 0.7446
Valid Loss     : 0.4376	 | 	Valid Accuracy     : 0.7871

Epoch : 2
Train Loss     : 0.2620	 | 	Train Accuracy     : 0.9141
Valid Loss     : 0.1829	 | 	Valid Accuracy     : 0.9282

Epoch : 3
Train Loss     : 0.2056	 | 	Train Accuracy     : 0.9377
Valid Loss     : 0.1282	 | 	Valid Accuracy     : 0.9658

Epoch : 4
Train Loss     : 0.1824	 | 	Train Accuracy     : 0.9404
Valid Loss     : 0.1395	 | 	Valid Accuracy     : 0.9482

Epoch : 5
Train Loss     : 0.1559	 | 	Train Accuracy     : 0.9524
Valid Loss     : 0.1203	 | 	Valid Accuracy     : 0.9668

Epoch : 6
Train Loss     : 0.1559	 | 	Train Accuracy     : 0.9518
Valid Loss     : 0.1672	 | 	Valid Accuracy     : 0.9282

Epoch : 7
Train Loss     : 0.1451	 | 	Train Accuracy     : 0.9528
Valid Loss     : 0.1179	 | 	Valid Accuracy     : 0.9600

Epoch : 8
Train Loss     : 0.1461	 | 	Train Accuracy     : 0.9496
Valid Loss     : 0.0957	 | 	Valid Accuracy     : 0.9707

Epoch : 9
Train Loss     : 0.1321	 | 	Train Accuracy     : 0.9560
Valid Loss     : 0.1835	 | 	Valid Accuracy     : 0.9194

Epoch : 10
Train Loss     : 0.1618	 | 	Train Accuracy     : 0.9397
Valid Loss     : 0.1576	 | 	Valid Accuracy     : 0.9434

Epoch : 11
Train Loss     : 0.1317	 | 	Train Accuracy     : 0.9531
Valid Loss     : 0.0873	 | 	Valid Accuracy     : 0.9746

Epoch : 12
Train Loss     : 0.1210	 | 	Train Accuracy     : 0.9555
Valid Loss     : 0.2144	 | 	Valid Accuracy     : 0.9155

Epoch : 13
Train Loss     : 0.1415	 | 	Train Accuracy     : 0.9497
Valid Loss     : 0.0789	 | 	Valid Accuracy     : 0.9727

Epoch : 14
Train Loss     : 0.1053	 | 	Train Accuracy     : 0.9652
Valid Loss     : 0.0928	 | 	Valid Accuracy     : 0.9722

Epoch : 15
Train Loss     : 0.1108	 | 	Train Accuracy     : 0.9613
Valid Loss     : 0.1293	 | 	Valid Accuracy     : 0.9458

Epoch : 16
Train Loss     : 0.1072	 | 	Train Accuracy     : 0.9635
Valid Loss     : 0.0809	 | 	Valid Accuracy     : 0.9775

Epoch : 17
Train Loss     : 0.1148	 | 	Train Accuracy     : 0.9565
Valid Loss     : 0.1492	 | 	Valid Accuracy     : 0.9429

Epoch : 18
Train Loss     : 0.0977	 | 	Train Accuracy     : 0.9655
Valid Loss     : 0.0830	 | 	Valid Accuracy     : 0.9741

Epoch : 19
Train Loss     : 0.0979	 | 	Train Accuracy     : 0.9654
Valid Loss     : 0.1169	 | 	Valid Accuracy     : 0.9585

Epoch : 20
Train Loss     : 0.1071	 | 	Train Accuracy     : 0.9599
Valid Loss     : 0.1670	 | 	Valid Accuracy     : 0.9429

Epoch : 21
Train Loss     : 0.1291	 | 	Train Accuracy     : 0.9489
Valid Loss     : 0.0754	 | 	Valid Accuracy     : 0.9771

Epoch : 22
Train Loss     : 0.1070	 | 	Train Accuracy     : 0.9592
Valid Loss     : 0.0749	 | 	Valid Accuracy     : 0.9771

Epoch : 23
Train Loss     : 0.0965	 | 	Train Accuracy     : 0.9664
Valid Loss     : 0.1101	 | 	Valid Accuracy     : 0.9614

Epoch : 24
Train Loss     : 0.0974	 | 	Train Accuracy     : 0.9642
Valid Loss     : 0.0777	 | 	Valid Accuracy     : 0.9780

Epoch : 25
Train Loss     : 0.0826	 | 	Train Accuracy     : 0.9732
Valid Loss     : 0.0960	 | 	Valid Accuracy     : 0.9668

Epoch : 26
Train Loss     : 0.0962	 | 	Train Accuracy     : 0.9654
Valid Loss     : 0.0980	 | 	Valid Accuracy     : 0.9644

Epoch : 27
Train Loss     : 0.0941	 | 	Train Accuracy     : 0.9647
Valid Loss     : 0.1204	 | 	Valid Accuracy     : 0.9614

Epoch : 28
Train Loss     : 0.0811	 | 	Train Accuracy     : 0.9725
Valid Loss     : 0.0951	 | 	Valid Accuracy     : 0.9668

Epoch : 29
Train Loss     : 0.0853	 | 	Train Accuracy     : 0.9696
Valid Loss     : 0.1302	 | 	Valid Accuracy     : 0.9585

Epoch : 30
Train Loss     : 0.0898	 | 	Train Accuracy     : 0.9701
Valid Loss     : 0.0787	 | 	Valid Accuracy     : 0.9756

Evaluate on the Test set:
Test loss      :0.5935	 | Test Accuracy      : 0.8376 | Test AUPRC      : 0.6278

################## Training is Done! #########################
Training time is : 0:00:53.443184
