=============================================
Dataset: SEED
Method:  TS-TCC
Mode:    train_linear
=============================================
Data loaded ...
Training started ....

Epoch : 1
Train Loss     : 0.9924	 | 	Train Accuracy     : 0.5484
Valid Loss     : 0.9671	 | 	Valid Accuracy     : 0.5073

Epoch : 2
Train Loss     : 0.7198	 | 	Train Accuracy     : 0.6744
Valid Loss     : 1.1108	 | 	Valid Accuracy     : 0.5396

Epoch : 3
Train Loss     : 0.6205	 | 	Train Accuracy     : 0.7300
Valid Loss     : 1.3126	 | 	Valid Accuracy     : 0.5571

Epoch : 4
Train Loss     : 0.5959	 | 	Train Accuracy     : 0.7452
Valid Loss     : 1.3696	 | 	Valid Accuracy     : 0.5347

Epoch : 5
Train Loss     : 0.5784	 | 	Train Accuracy     : 0.7418
Valid Loss     : 1.4987	 | 	Valid Accuracy     : 0.5674

Epoch : 6
Train Loss     : 0.5526	 | 	Train Accuracy     : 0.7638
Valid Loss     : 1.3000	 | 	Valid Accuracy     : 0.5820

Epoch : 7
Train Loss     : 0.5457	 | 	Train Accuracy     : 0.7672
Valid Loss     : 1.6452	 | 	Valid Accuracy     : 0.5356

Epoch : 8
Train Loss     : 0.5576	 | 	Train Accuracy     : 0.7619
Valid Loss     : 1.4506	 | 	Valid Accuracy     : 0.5693

Epoch : 9
Train Loss     : 0.5605	 | 	Train Accuracy     : 0.7476
Valid Loss     : 2.0739	 | 	Valid Accuracy     : 0.5151

Epoch : 10
Train Loss     : 0.5609	 | 	Train Accuracy     : 0.7524
Valid Loss     : 1.7560	 | 	Valid Accuracy     : 0.5156

Epoch : 11
Train Loss     : 0.5417	 | 	Train Accuracy     : 0.7690
Valid Loss     : 1.7681	 | 	Valid Accuracy     : 0.5591

Epoch : 12
Train Loss     : 0.5347	 | 	Train Accuracy     : 0.7683
Valid Loss     : 1.7508	 | 	Valid Accuracy     : 0.5654

Epoch : 13
Train Loss     : 0.5081	 | 	Train Accuracy     : 0.7829
Valid Loss     : 1.7167	 | 	Valid Accuracy     : 0.5625

Epoch : 14
Train Loss     : 0.4910	 | 	Train Accuracy     : 0.7965
Valid Loss     : 1.6545	 | 	Valid Accuracy     : 0.5640

Epoch : 15
Train Loss     : 0.4964	 | 	Train Accuracy     : 0.7886
Valid Loss     : 1.7301	 | 	Valid Accuracy     : 0.5566

Epoch : 16
Train Loss     : 0.4973	 | 	Train Accuracy     : 0.7942
Valid Loss     : 1.6343	 | 	Valid Accuracy     : 0.5674

Epoch : 17
Train Loss     : 0.4927	 | 	Train Accuracy     : 0.7942
Valid Loss     : 1.5723	 | 	Valid Accuracy     : 0.5718

Epoch : 18
Train Loss     : 0.4902	 | 	Train Accuracy     : 0.7914
Valid Loss     : 1.5981	 | 	Valid Accuracy     : 0.5684

Epoch : 19
Train Loss     : 0.4864	 | 	Train Accuracy     : 0.8016
Valid Loss     : 1.8011	 | 	Valid Accuracy     : 0.5190

Epoch : 20
Train Loss     : 0.5010	 | 	Train Accuracy     : 0.7931
Valid Loss     : 1.5742	 | 	Valid Accuracy     : 0.5669

Epoch : 21
Train Loss     : 0.4908	 | 	Train Accuracy     : 0.7947
Valid Loss     : 1.7361	 | 	Valid Accuracy     : 0.5557

Epoch : 22
Train Loss     : 0.4905	 | 	Train Accuracy     : 0.7960
Valid Loss     : 1.9933	 | 	Valid Accuracy     : 0.5117

Epoch : 23
Train Loss     : 0.4829	 | 	Train Accuracy     : 0.7994
Valid Loss     : 1.7428	 | 	Valid Accuracy     : 0.5596

Epoch : 24
Train Loss     : 0.4812	 | 	Train Accuracy     : 0.7962
Valid Loss     : 1.9312	 | 	Valid Accuracy     : 0.5005

Epoch : 25
Train Loss     : 0.4809	 | 	Train Accuracy     : 0.7935
Valid Loss     : 1.7983	 | 	Valid Accuracy     : 0.5454

Epoch : 26
Train Loss     : 0.4845	 | 	Train Accuracy     : 0.7959
Valid Loss     : 1.8221	 | 	Valid Accuracy     : 0.5449

Epoch : 27
Train Loss     : 0.4851	 | 	Train Accuracy     : 0.7989
Valid Loss     : 1.6534	 | 	Valid Accuracy     : 0.5635

Epoch : 28
Train Loss     : 0.4860	 | 	Train Accuracy     : 0.7981
Valid Loss     : 1.6782	 | 	Valid Accuracy     : 0.5635

Epoch : 29
Train Loss     : 0.4821	 | 	Train Accuracy     : 0.8050
Valid Loss     : 1.6332	 | 	Valid Accuracy     : 0.5654

Epoch : 30
Train Loss     : 0.4902	 | 	Train Accuracy     : 0.7957
Valid Loss     : 1.5585	 | 	Valid Accuracy     : 0.5688

Evaluate on the Test set:
Test loss      :1.7828	 | Test Accuracy      : 0.5337 | Test AUPRC      : 0.4418

################## Training is Done! #########################
Training time is : 0:00:56.561942
