=============================================
Dataset: SEED
Method:  TS-TCC
Mode:    train_linear
=============================================
Data loaded ...
Subjet 9
Training started ....

Epoch : 1
Train Loss     : 0.9020	 | 	Train Accuracy     : 0.5866
Valid Loss     : 1.1458	 | 	Valid Accuracy     : 0.4292

Epoch : 2
Train Loss     : 0.5968	 | 	Train Accuracy     : 0.7583
Valid Loss     : 0.8028	 | 	Valid Accuracy     : 0.6304

Epoch : 3
Train Loss     : 0.5061	 | 	Train Accuracy     : 0.8026
Valid Loss     : 0.7012	 | 	Valid Accuracy     : 0.6782

Epoch : 4
Train Loss     : 0.4983	 | 	Train Accuracy     : 0.7998
Valid Loss     : 0.7462	 | 	Valid Accuracy     : 0.6841

Epoch : 5
Train Loss     : 0.4715	 | 	Train Accuracy     : 0.8117
Valid Loss     : 0.5994	 | 	Valid Accuracy     : 0.7446

Epoch : 6
Train Loss     : 0.4382	 | 	Train Accuracy     : 0.8305
Valid Loss     : 0.6275	 | 	Valid Accuracy     : 0.7407

Epoch : 7
Train Loss     : 0.4301	 | 	Train Accuracy     : 0.8305
Valid Loss     : 0.6079	 | 	Valid Accuracy     : 0.7422

Epoch : 8
Train Loss     : 0.4222	 | 	Train Accuracy     : 0.8353
Valid Loss     : 0.5824	 | 	Valid Accuracy     : 0.7578

Epoch : 9
Train Loss     : 0.4104	 | 	Train Accuracy     : 0.8366
Valid Loss     : 0.6165	 | 	Valid Accuracy     : 0.7373

Epoch : 10
Train Loss     : 0.4069	 | 	Train Accuracy     : 0.8354
Valid Loss     : 0.7084	 | 	Valid Accuracy     : 0.7080

Epoch : 11
Train Loss     : 0.4030	 | 	Train Accuracy     : 0.8356
Valid Loss     : 0.6010	 | 	Valid Accuracy     : 0.7446

Epoch : 12
Train Loss     : 0.3914	 | 	Train Accuracy     : 0.8439
Valid Loss     : 0.5811	 | 	Valid Accuracy     : 0.7456

Epoch : 13
Train Loss     : 0.3980	 | 	Train Accuracy     : 0.8380
Valid Loss     : 0.6115	 | 	Valid Accuracy     : 0.7441

Epoch : 14
Train Loss     : 0.3911	 | 	Train Accuracy     : 0.8393
Valid Loss     : 0.5655	 | 	Valid Accuracy     : 0.7686

Epoch : 15
Train Loss     : 0.3913	 | 	Train Accuracy     : 0.8415
Valid Loss     : 0.6647	 | 	Valid Accuracy     : 0.7373

Epoch : 16
Train Loss     : 0.3957	 | 	Train Accuracy     : 0.8426
Valid Loss     : 0.6535	 | 	Valid Accuracy     : 0.7305

Epoch : 17
Train Loss     : 0.3897	 | 	Train Accuracy     : 0.8404
Valid Loss     : 0.5770	 | 	Valid Accuracy     : 0.7612

Epoch : 18
Train Loss     : 0.3626	 | 	Train Accuracy     : 0.8573
Valid Loss     : 0.5980	 | 	Valid Accuracy     : 0.7480

Epoch : 19
Train Loss     : 0.3694	 | 	Train Accuracy     : 0.8546
Valid Loss     : 0.5984	 | 	Valid Accuracy     : 0.7476

Epoch : 20
Train Loss     : 0.3751	 | 	Train Accuracy     : 0.8487
Valid Loss     : 0.6294	 | 	Valid Accuracy     : 0.7388

Epoch : 21
Train Loss     : 0.3566	 | 	Train Accuracy     : 0.8590
Valid Loss     : 0.5945	 | 	Valid Accuracy     : 0.7539

Epoch : 22
Train Loss     : 0.3580	 | 	Train Accuracy     : 0.8575
Valid Loss     : 0.6485	 | 	Valid Accuracy     : 0.7266

Epoch : 23
Train Loss     : 0.3733	 | 	Train Accuracy     : 0.8526
Valid Loss     : 0.6059	 | 	Valid Accuracy     : 0.7495

Epoch : 24
Train Loss     : 0.3629	 | 	Train Accuracy     : 0.8568
Valid Loss     : 0.5842	 | 	Valid Accuracy     : 0.7534

Epoch : 25
Train Loss     : 0.3943	 | 	Train Accuracy     : 0.8471
Valid Loss     : 0.7050	 | 	Valid Accuracy     : 0.7158

Epoch : 26
Train Loss     : 0.3473	 | 	Train Accuracy     : 0.8633
Valid Loss     : 0.6015	 | 	Valid Accuracy     : 0.7490

Epoch : 27
Train Loss     : 0.3318	 | 	Train Accuracy     : 0.8706
Valid Loss     : 0.6070	 | 	Valid Accuracy     : 0.7451

Epoch : 28
Train Loss     : 0.3320	 | 	Train Accuracy     : 0.8747
Valid Loss     : 0.6130	 | 	Valid Accuracy     : 0.7461

Epoch : 29
Train Loss     : 0.3309	 | 	Train Accuracy     : 0.8704
Valid Loss     : 0.5956	 | 	Valid Accuracy     : 0.7505

Epoch : 30
Train Loss     : 0.3323	 | 	Train Accuracy     : 0.8767
Valid Loss     : 0.5809	 | 	Valid Accuracy     : 0.7544

Evaluate on the Test set:
Test loss      :1.0370	 | Test Accuracy      : 0.6487 | Test AUPRC      : 0.5222
tensor([0.7645, 0.7969, 0.9779, 0.7589, 0.6373, 0.8130, 0.8766, 0.7248, 0.8615,
        0.8766, 0.7797, 0.8639, 0.9121, 0.7960, 0.6839, 0.7515, 0.6600, 0.7618,
        0.8369, 0.8628, 0.8558, 0.8529, 0.9016, 1.0809, 0.7645, 0.5867, 0.7804,
        0.7481, 0.5794, 0.5557, 0.6496, 0.8803, 0.8703, 0.8076, 0.6524, 0.6930,
        0.7514, 0.7876, 0.6914, 0.7706, 0.7551, 0.9355, 0.6731, 0.7768, 0.6717,
        0.7357, 0.7620, 0.8782, 0.8115, 0.7697, 0.6826, 0.6835, 0.5857, 0.6315,
        0.8102, 0.6452, 0.6422, 0.7266, 0.7307, 0.6643, 0.8329, 0.5410],
       device='cuda:0', grad_fn=<SqueezeBackward1>)

################## Training is Done! #########################
Training time is : 0:00:53.414434
