=============================================
Dataset: SEED
Method:  TS-TCC
Mode:    train_linear
=============================================
Data loaded ...
Subjet 8
if scale True
Training started ....

Epoch : 1
Train Loss     : 0.9287	 | 	Train Accuracy     : 0.6081
Valid Loss     : 0.5711	 | 	Valid Accuracy     : 0.7456

Epoch : 2
Train Loss     : 0.4975	 | 	Train Accuracy     : 0.7797
Valid Loss     : 0.4886	 | 	Valid Accuracy     : 0.7788

Epoch : 3
Train Loss     : 0.4149	 | 	Train Accuracy     : 0.8154
Valid Loss     : 0.4722	 | 	Valid Accuracy     : 0.7729

Epoch : 4
Train Loss     : 0.3772	 | 	Train Accuracy     : 0.8482
Valid Loss     : 0.4849	 | 	Valid Accuracy     : 0.7695

Epoch : 5
Train Loss     : 0.3600	 | 	Train Accuracy     : 0.8536
Valid Loss     : 0.5527	 | 	Valid Accuracy     : 0.7397

Epoch : 6
Train Loss     : 0.3343	 | 	Train Accuracy     : 0.8687
Valid Loss     : 0.5418	 | 	Valid Accuracy     : 0.7397

Epoch : 7
Train Loss     : 0.3219	 | 	Train Accuracy     : 0.8721
Valid Loss     : 0.5245	 | 	Valid Accuracy     : 0.7427

Epoch : 8
Train Loss     : 0.3205	 | 	Train Accuracy     : 0.8727
Valid Loss     : 0.5646	 | 	Valid Accuracy     : 0.7437

Epoch : 9
Train Loss     : 0.3238	 | 	Train Accuracy     : 0.8659
Valid Loss     : 0.6681	 | 	Valid Accuracy     : 0.7212

Epoch : 10
Train Loss     : 0.3166	 | 	Train Accuracy     : 0.8747
Valid Loss     : 0.6319	 | 	Valid Accuracy     : 0.7202

Epoch : 11
Train Loss     : 0.2989	 | 	Train Accuracy     : 0.8852
Valid Loss     : 0.6344	 | 	Valid Accuracy     : 0.7285

Epoch : 12
Train Loss     : 0.2907	 | 	Train Accuracy     : 0.8852
Valid Loss     : 0.6212	 | 	Valid Accuracy     : 0.7192

Epoch : 13
Train Loss     : 0.2965	 | 	Train Accuracy     : 0.8859
Valid Loss     : 0.6125	 | 	Valid Accuracy     : 0.7368

Epoch : 14
Train Loss     : 0.3059	 | 	Train Accuracy     : 0.8763
Valid Loss     : 0.6272	 | 	Valid Accuracy     : 0.7280

Epoch : 15
Train Loss     : 0.2695	 | 	Train Accuracy     : 0.9003
Valid Loss     : 0.6011	 | 	Valid Accuracy     : 0.7285

Epoch : 16
Train Loss     : 0.2742	 | 	Train Accuracy     : 0.8961
Valid Loss     : 0.5628	 | 	Valid Accuracy     : 0.7402

Epoch : 17
Train Loss     : 0.2759	 | 	Train Accuracy     : 0.8956
Valid Loss     : 0.6170	 | 	Valid Accuracy     : 0.7305

Epoch : 18
Train Loss     : 0.2771	 | 	Train Accuracy     : 0.8906
Valid Loss     : 0.6738	 | 	Valid Accuracy     : 0.7188

Epoch : 19
Train Loss     : 0.2725	 | 	Train Accuracy     : 0.8904
Valid Loss     : 0.5781	 | 	Valid Accuracy     : 0.7358

Epoch : 20
Train Loss     : 0.2741	 | 	Train Accuracy     : 0.8979
Valid Loss     : 0.5837	 | 	Valid Accuracy     : 0.7349

Epoch : 21
Train Loss     : 0.2704	 | 	Train Accuracy     : 0.8951
Valid Loss     : 0.6154	 | 	Valid Accuracy     : 0.7319

Epoch : 22
Train Loss     : 0.2707	 | 	Train Accuracy     : 0.8979
Valid Loss     : 0.6199	 | 	Valid Accuracy     : 0.7290

Epoch : 23
Train Loss     : 0.2685	 | 	Train Accuracy     : 0.8979
Valid Loss     : 0.6142	 | 	Valid Accuracy     : 0.7324

Epoch : 24
Train Loss     : 0.2749	 | 	Train Accuracy     : 0.8885
Valid Loss     : 0.5489	 | 	Valid Accuracy     : 0.7471

Epoch : 25
Train Loss     : 0.2699	 | 	Train Accuracy     : 0.8945
Valid Loss     : 0.5685	 | 	Valid Accuracy     : 0.7407

Epoch : 26
Train Loss     : 0.2683	 | 	Train Accuracy     : 0.9029
Valid Loss     : 0.5814	 | 	Valid Accuracy     : 0.7349

Epoch : 27
Train Loss     : 0.2603	 | 	Train Accuracy     : 0.9039
Valid Loss     : 0.6052	 | 	Valid Accuracy     : 0.7300

Epoch : 28
Train Loss     : 0.2671	 | 	Train Accuracy     : 0.8971
Valid Loss     : 0.6049	 | 	Valid Accuracy     : 0.7314

Epoch : 29
Train Loss     : 0.2647	 | 	Train Accuracy     : 0.9003
Valid Loss     : 0.5931	 | 	Valid Accuracy     : 0.7300

Epoch : 30
Train Loss     : 0.2628	 | 	Train Accuracy     : 0.9010
Valid Loss     : 0.6022	 | 	Valid Accuracy     : 0.7305

Evaluate on the Test set:
Test loss      :0.9715	 | Test Accuracy      : 0.6575 | Test AUPRC      : 0.5840
tensor([0.8841, 0.8619, 0.9962, 0.9425, 0.9227, 0.9819, 0.9185, 0.8333, 0.8557,
        0.8753, 0.9219, 0.8887, 0.9047, 0.8728, 0.8734, 0.8612, 0.8409, 0.8332,
        0.8313, 0.8689, 0.9475, 0.8760, 0.8912, 1.0129, 0.9640, 0.8896, 0.8738,
        0.8167, 0.8253, 0.8240, 0.8738, 0.9553, 0.9479, 0.8491, 0.8219, 0.8723,
        0.8670, 0.8181, 0.9002, 0.8865, 0.9430, 0.9218, 0.8887, 0.8738, 0.9155,
        0.8989, 0.8336, 0.8576, 0.8284, 0.9018, 0.8205, 0.8489, 0.8137, 0.8710,
        0.8555, 0.7835, 0.8539, 0.9060, 0.8820, 0.8868, 0.8883, 0.8276],
       device='cuda:0', grad_fn=<SqueezeBackward1>)

################## Training is Done! #########################
Training time is : 0:00:33.674513
