=============================================
Dataset: SEED
Method:  TS-TCC
Mode:    train_linear
=============================================
Data loaded ...
Subjet 3
if scale True
Training started ....

Epoch : 1
Train Loss     : 1.0321	 | 	Train Accuracy     : 0.5596
Valid Loss     : 2.0702	 | 	Valid Accuracy     : 0.3906

Epoch : 2
Train Loss     : 0.6460	 | 	Train Accuracy     : 0.7323
Valid Loss     : 1.5048	 | 	Valid Accuracy     : 0.6377

Epoch : 3
Train Loss     : 0.5510	 | 	Train Accuracy     : 0.7760
Valid Loss     : 1.0733	 | 	Valid Accuracy     : 0.6626

Epoch : 4
Train Loss     : 0.5249	 | 	Train Accuracy     : 0.7977
Valid Loss     : 1.3059	 | 	Valid Accuracy     : 0.6621

Epoch : 5
Train Loss     : 0.4919	 | 	Train Accuracy     : 0.8042
Valid Loss     : 1.3417	 | 	Valid Accuracy     : 0.5688

Epoch : 6
Train Loss     : 0.4759	 | 	Train Accuracy     : 0.8167
Valid Loss     : 1.2788	 | 	Valid Accuracy     : 0.5913

Epoch : 7
Train Loss     : 0.4446	 | 	Train Accuracy     : 0.8354
Valid Loss     : 1.3395	 | 	Valid Accuracy     : 0.5781

Epoch : 8
Train Loss     : 0.4441	 | 	Train Accuracy     : 0.8302
Valid Loss     : 1.4569	 | 	Valid Accuracy     : 0.5532

Epoch : 9
Train Loss     : 0.4443	 | 	Train Accuracy     : 0.8294
Valid Loss     : 1.5272	 | 	Valid Accuracy     : 0.5293

Epoch : 10
Train Loss     : 0.4490	 | 	Train Accuracy     : 0.8276
Valid Loss     : 1.5805	 | 	Valid Accuracy     : 0.5488

Epoch : 11
Train Loss     : 0.4337	 | 	Train Accuracy     : 0.8328
Valid Loss     : 1.5177	 | 	Valid Accuracy     : 0.5366

Epoch : 12
Train Loss     : 0.4232	 | 	Train Accuracy     : 0.8401
Valid Loss     : 1.4536	 | 	Valid Accuracy     : 0.5352

Epoch : 13
Train Loss     : 0.4617	 | 	Train Accuracy     : 0.8232
Valid Loss     : 1.4377	 | 	Valid Accuracy     : 0.5181

Epoch : 14
Train Loss     : 0.4557	 | 	Train Accuracy     : 0.8271
Valid Loss     : 1.9522	 | 	Valid Accuracy     : 0.4976

Epoch : 15
Train Loss     : 0.4370	 | 	Train Accuracy     : 0.8310
Valid Loss     : 1.5217	 | 	Valid Accuracy     : 0.5210

Epoch : 16
Train Loss     : 0.4028	 | 	Train Accuracy     : 0.8523
Valid Loss     : 1.6503	 | 	Valid Accuracy     : 0.5439

Epoch : 17
Train Loss     : 0.3926	 | 	Train Accuracy     : 0.8518
Valid Loss     : 1.5984	 | 	Valid Accuracy     : 0.5352

Epoch : 18
Train Loss     : 0.3825	 | 	Train Accuracy     : 0.8562
Valid Loss     : 1.5912	 | 	Valid Accuracy     : 0.5376

Epoch : 19
Train Loss     : 0.3749	 | 	Train Accuracy     : 0.8599
Valid Loss     : 1.5896	 | 	Valid Accuracy     : 0.5322

Epoch : 20
Train Loss     : 0.3776	 | 	Train Accuracy     : 0.8638
Valid Loss     : 1.6242	 | 	Valid Accuracy     : 0.5439

Epoch : 21
Train Loss     : 0.3845	 | 	Train Accuracy     : 0.8555
Valid Loss     : 1.5513	 | 	Valid Accuracy     : 0.5239

Epoch : 22
Train Loss     : 0.3841	 | 	Train Accuracy     : 0.8526
Valid Loss     : 1.6282	 | 	Valid Accuracy     : 0.5342

Epoch : 23
Train Loss     : 0.3782	 | 	Train Accuracy     : 0.8599
Valid Loss     : 1.6192	 | 	Valid Accuracy     : 0.5376

Epoch : 24
Train Loss     : 0.3853	 | 	Train Accuracy     : 0.8518
Valid Loss     : 1.5179	 | 	Valid Accuracy     : 0.5200

Epoch : 25
Train Loss     : 0.3815	 | 	Train Accuracy     : 0.8523
Valid Loss     : 1.6219	 | 	Valid Accuracy     : 0.5366

Epoch : 26
Train Loss     : 0.3754	 | 	Train Accuracy     : 0.8552
Valid Loss     : 1.6003	 | 	Valid Accuracy     : 0.5376

Epoch : 27
Train Loss     : 0.3696	 | 	Train Accuracy     : 0.8602
Valid Loss     : 1.6115	 | 	Valid Accuracy     : 0.5278

Epoch : 28
Train Loss     : 0.3839	 | 	Train Accuracy     : 0.8555
Valid Loss     : 1.6092	 | 	Valid Accuracy     : 0.5347

Epoch : 29
Train Loss     : 0.3837	 | 	Train Accuracy     : 0.8596
Valid Loss     : 1.6193	 | 	Valid Accuracy     : 0.5327

Epoch : 30
Train Loss     : 0.3726	 | 	Train Accuracy     : 0.8609
Valid Loss     : 1.6107	 | 	Valid Accuracy     : 0.5352

Evaluate on the Test set:
Test loss      :1.3698	 | Test Accuracy      : 0.6113 | Test AUPRC      : 0.5445
tensor([0.8657, 0.9138, 0.9602, 0.9540, 0.9139, 1.0083, 0.9813, 0.8590, 0.8670,
        0.8541, 0.9180, 0.8257, 0.9273, 0.9321, 0.9463, 0.8664, 0.8541, 0.8775,
        0.7938, 0.9284, 0.8963, 0.8231, 0.9126, 1.0281, 0.9320, 0.8967, 0.9193,
        0.8557, 0.9020, 0.8401, 0.8887, 0.9514, 0.8961, 0.8038, 0.8041, 0.8182,
        0.8670, 0.8381, 0.8799, 0.8211, 0.8776, 0.8563, 0.8331, 0.8993, 0.8396,
        0.9367, 0.8429, 0.8498, 0.8404, 0.8401, 0.8311, 0.8489, 0.8752, 0.8626,
        0.8316, 0.7944, 0.8206, 0.9201, 0.9835, 0.9259, 0.9557, 0.8826],
       device='cuda:0', grad_fn=<SqueezeBackward1>)

################## Training is Done! #########################
Training time is : 0:00:49.064362
