=============================================
Dataset: SEED
Method:  TS-TCC
Mode:    train_linear
=============================================
Data loaded ...
Subjet 13
if scale True
Training started ....

Epoch : 1
Train Loss     : 0.9744	 | 	Train Accuracy     : 0.5820
Valid Loss     : 0.8878	 | 	Valid Accuracy     : 0.5815

Epoch : 2
Train Loss     : 0.5687	 | 	Train Accuracy     : 0.7283
Valid Loss     : 0.5404	 | 	Valid Accuracy     : 0.7275

Epoch : 3
Train Loss     : 0.5466	 | 	Train Accuracy     : 0.7337
Valid Loss     : 0.5327	 | 	Valid Accuracy     : 0.7388

Epoch : 4
Train Loss     : 0.5053	 | 	Train Accuracy     : 0.7661
Valid Loss     : 0.5963	 | 	Valid Accuracy     : 0.7305

Epoch : 5
Train Loss     : 0.4825	 | 	Train Accuracy     : 0.7792
Valid Loss     : 0.5527	 | 	Valid Accuracy     : 0.7368

Epoch : 6
Train Loss     : 0.4643	 | 	Train Accuracy     : 0.7931
Valid Loss     : 0.5510	 | 	Valid Accuracy     : 0.7300

Epoch : 7
Train Loss     : 0.4507	 | 	Train Accuracy     : 0.7993
Valid Loss     : 0.5542	 | 	Valid Accuracy     : 0.7139

Epoch : 8
Train Loss     : 0.4519	 | 	Train Accuracy     : 0.7943
Valid Loss     : 0.5618	 | 	Valid Accuracy     : 0.7275

Epoch : 9
Train Loss     : 0.4536	 | 	Train Accuracy     : 0.7998
Valid Loss     : 0.5727	 | 	Valid Accuracy     : 0.7231

Epoch : 10
Train Loss     : 0.4525	 | 	Train Accuracy     : 0.8021
Valid Loss     : 0.5728	 | 	Valid Accuracy     : 0.7188

Epoch : 11
Train Loss     : 0.4364	 | 	Train Accuracy     : 0.8004
Valid Loss     : 0.5755	 | 	Valid Accuracy     : 0.7031

Epoch : 12
Train Loss     : 0.4354	 | 	Train Accuracy     : 0.8037
Valid Loss     : 0.5569	 | 	Valid Accuracy     : 0.7188

Epoch : 13
Train Loss     : 0.4201	 | 	Train Accuracy     : 0.8183
Valid Loss     : 0.5724	 | 	Valid Accuracy     : 0.7207

Epoch : 14
Train Loss     : 0.4090	 | 	Train Accuracy     : 0.8261
Valid Loss     : 0.5822	 | 	Valid Accuracy     : 0.7139

Epoch : 15
Train Loss     : 0.3969	 | 	Train Accuracy     : 0.8298
Valid Loss     : 0.5897	 | 	Valid Accuracy     : 0.7148

Epoch : 16
Train Loss     : 0.3923	 | 	Train Accuracy     : 0.8325
Valid Loss     : 0.5896	 | 	Valid Accuracy     : 0.7148

Epoch : 17
Train Loss     : 0.3937	 | 	Train Accuracy     : 0.8281
Valid Loss     : 0.5924	 | 	Valid Accuracy     : 0.7168

Epoch : 18
Train Loss     : 0.3905	 | 	Train Accuracy     : 0.8334
Valid Loss     : 0.5810	 | 	Valid Accuracy     : 0.7148

Epoch : 19
Train Loss     : 0.3878	 | 	Train Accuracy     : 0.8344
Valid Loss     : 0.6027	 | 	Valid Accuracy     : 0.7090

Epoch : 20
Train Loss     : 0.3956	 | 	Train Accuracy     : 0.8312
Valid Loss     : 0.6076	 | 	Valid Accuracy     : 0.7085

Epoch : 21
Train Loss     : 0.3897	 | 	Train Accuracy     : 0.8331
Valid Loss     : 0.5869	 | 	Valid Accuracy     : 0.7036

Epoch : 22
Train Loss     : 0.3950	 | 	Train Accuracy     : 0.8291
Valid Loss     : 0.5900	 | 	Valid Accuracy     : 0.7104

Epoch : 23
Train Loss     : 0.3931	 | 	Train Accuracy     : 0.8307
Valid Loss     : 0.6006	 | 	Valid Accuracy     : 0.7129

Epoch : 24
Train Loss     : 0.3972	 | 	Train Accuracy     : 0.8317
Valid Loss     : 0.6206	 | 	Valid Accuracy     : 0.6948

Epoch : 25
Train Loss     : 0.3896	 | 	Train Accuracy     : 0.8317
Valid Loss     : 0.5819	 | 	Valid Accuracy     : 0.7212

Epoch : 26
Train Loss     : 0.3932	 | 	Train Accuracy     : 0.8305
Valid Loss     : 0.5807	 | 	Valid Accuracy     : 0.7153

Epoch : 27
Train Loss     : 0.3826	 | 	Train Accuracy     : 0.8370
Valid Loss     : 0.5961	 | 	Valid Accuracy     : 0.7002

Epoch : 28
Train Loss     : 0.3870	 | 	Train Accuracy     : 0.8290
Valid Loss     : 0.5956	 | 	Valid Accuracy     : 0.7134

Epoch : 29
Train Loss     : 0.3820	 | 	Train Accuracy     : 0.8383
Valid Loss     : 0.5909	 | 	Valid Accuracy     : 0.7173

Epoch : 30
Train Loss     : 0.3876	 | 	Train Accuracy     : 0.8329
Valid Loss     : 0.5882	 | 	Valid Accuracy     : 0.7104

Evaluate on the Test set:
Test loss      :1.2790	 | Test Accuracy      : 0.5986 | Test AUPRC      : 0.5039
tensor([0.8410, 0.8601, 0.9424, 0.9571, 0.8284, 0.8905, 0.9193, 0.7665, 0.8603,
        0.8297, 0.7686, 0.7195, 0.9489, 0.7351, 0.8044, 0.8192, 0.8210, 0.8946,
        0.7149, 0.7901, 0.7978, 0.7871, 0.8482, 0.9773, 0.9803, 0.8088, 0.8824,
        0.8074, 0.7705, 0.7508, 0.7879, 0.9302, 0.9165, 0.8659, 0.7168, 0.8095,
        0.8765, 0.7956, 0.8861, 0.8313, 0.8750, 0.9342, 0.7747, 0.8751, 0.8314,
        0.7989, 0.8418, 0.7890, 0.7969, 0.7969, 0.7443, 0.7925, 0.7563, 0.7860,
        0.7467, 0.6850, 0.7320, 0.7585, 0.8315, 0.8110, 0.7818, 0.9086],
       device='cuda:0', grad_fn=<SqueezeBackward1>)

################## Training is Done! #########################
Training time is : 0:00:51.592480
