=============================================
Dataset: SEED
Method:  TS-TCC
Mode:    train_linear
=============================================
Data loaded ...
Subjet 2
if scale True
Training started ....

Epoch : 1
Train Loss     : 1.1214	 | 	Train Accuracy     : 0.4901
Valid Loss     : 1.8773	 | 	Valid Accuracy     : 0.3701

Epoch : 2
Train Loss     : 0.7376	 | 	Train Accuracy     : 0.6760
Valid Loss     : 2.3236	 | 	Valid Accuracy     : 0.5000

Epoch : 3
Train Loss     : 0.6605	 | 	Train Accuracy     : 0.7151
Valid Loss     : 1.7056	 | 	Valid Accuracy     : 0.5928

Epoch : 4
Train Loss     : 0.6298	 | 	Train Accuracy     : 0.7484
Valid Loss     : 1.5739	 | 	Valid Accuracy     : 0.5801

Epoch : 5
Train Loss     : 0.5913	 | 	Train Accuracy     : 0.7625
Valid Loss     : 1.3301	 | 	Valid Accuracy     : 0.6157

Epoch : 6
Train Loss     : 0.5738	 | 	Train Accuracy     : 0.7737
Valid Loss     : 1.1275	 | 	Valid Accuracy     : 0.6143

Epoch : 7
Train Loss     : 0.5589	 | 	Train Accuracy     : 0.7789
Valid Loss     : 1.1871	 | 	Valid Accuracy     : 0.5635

Epoch : 8
Train Loss     : 0.5664	 | 	Train Accuracy     : 0.7716
Valid Loss     : 1.2936	 | 	Valid Accuracy     : 0.5879

Epoch : 9
Train Loss     : 0.5744	 | 	Train Accuracy     : 0.7695
Valid Loss     : 1.2344	 | 	Valid Accuracy     : 0.6138

Epoch : 10
Train Loss     : 0.5591	 | 	Train Accuracy     : 0.7844
Valid Loss     : 1.2855	 | 	Valid Accuracy     : 0.6050

Epoch : 11
Train Loss     : 0.5324	 | 	Train Accuracy     : 0.7909
Valid Loss     : 1.4199	 | 	Valid Accuracy     : 0.5532

Epoch : 12
Train Loss     : 0.5381	 | 	Train Accuracy     : 0.7878
Valid Loss     : 1.2207	 | 	Valid Accuracy     : 0.6187

Epoch : 13
Train Loss     : 0.5539	 | 	Train Accuracy     : 0.7805
Valid Loss     : 1.4006	 | 	Valid Accuracy     : 0.6045

Epoch : 14
Train Loss     : 0.5902	 | 	Train Accuracy     : 0.7615
Valid Loss     : 1.1772	 | 	Valid Accuracy     : 0.6211

Epoch : 15
Train Loss     : 0.5646	 | 	Train Accuracy     : 0.7682
Valid Loss     : 1.3404	 | 	Valid Accuracy     : 0.5654

Epoch : 16
Train Loss     : 0.5259	 | 	Train Accuracy     : 0.7862
Valid Loss     : 1.2592	 | 	Valid Accuracy     : 0.6147

Epoch : 17
Train Loss     : 0.5366	 | 	Train Accuracy     : 0.7766
Valid Loss     : 1.2545	 | 	Valid Accuracy     : 0.5972

Epoch : 18
Train Loss     : 0.4949	 | 	Train Accuracy     : 0.8076
Valid Loss     : 1.2029	 | 	Valid Accuracy     : 0.6191

Epoch : 19
Train Loss     : 0.4886	 | 	Train Accuracy     : 0.8068
Valid Loss     : 1.1904	 | 	Valid Accuracy     : 0.6040

Epoch : 20
Train Loss     : 0.5057	 | 	Train Accuracy     : 0.7990
Valid Loss     : 1.2436	 | 	Valid Accuracy     : 0.6123

Epoch : 21
Train Loss     : 0.4837	 | 	Train Accuracy     : 0.8161
Valid Loss     : 1.2596	 | 	Valid Accuracy     : 0.6055

Epoch : 22
Train Loss     : 0.4957	 | 	Train Accuracy     : 0.8086
Valid Loss     : 1.2513	 | 	Valid Accuracy     : 0.6133

Epoch : 23
Train Loss     : 0.4959	 | 	Train Accuracy     : 0.8078
Valid Loss     : 1.2274	 | 	Valid Accuracy     : 0.6147

Epoch : 24
Train Loss     : 0.5065	 | 	Train Accuracy     : 0.8047
Valid Loss     : 1.2332	 | 	Valid Accuracy     : 0.6108

Epoch : 25
Train Loss     : 0.4986	 | 	Train Accuracy     : 0.8034
Valid Loss     : 1.3372	 | 	Valid Accuracy     : 0.5928

Epoch : 26
Train Loss     : 0.4844	 | 	Train Accuracy     : 0.8107
Valid Loss     : 1.3409	 | 	Valid Accuracy     : 0.5986

Epoch : 27
Train Loss     : 0.5006	 | 	Train Accuracy     : 0.8036
Valid Loss     : 1.2430	 | 	Valid Accuracy     : 0.6172

Epoch : 28
Train Loss     : 0.5051	 | 	Train Accuracy     : 0.8005
Valid Loss     : 1.2835	 | 	Valid Accuracy     : 0.6094

Epoch : 29
Train Loss     : 0.5033	 | 	Train Accuracy     : 0.8003
Valid Loss     : 1.2660	 | 	Valid Accuracy     : 0.6118

Epoch : 30
Train Loss     : 0.5049	 | 	Train Accuracy     : 0.8018
Valid Loss     : 1.2414	 | 	Valid Accuracy     : 0.6108

Evaluate on the Test set:
Test loss      :1.2358	 | Test Accuracy      : 0.5127 | Test AUPRC      : 0.4443
tensor([0.8782, 0.8555, 0.9938, 0.9474, 0.8950, 0.8748, 0.9414, 0.7979, 0.8668,
        0.8484, 0.9110, 0.8572, 0.8770, 0.8994, 0.8651, 0.9193, 0.8349, 0.8299,
        0.7761, 0.7876, 0.9215, 0.8398, 0.9086, 0.9947, 0.9240, 0.8901, 0.8478,
        0.8687, 0.8613, 0.7934, 0.8897, 0.8493, 0.9440, 0.7785, 0.7762, 0.8898,
        0.9146, 0.8091, 0.8910, 0.7688, 0.8727, 0.9467, 0.9041, 0.9650, 0.9266,
        0.8876, 0.8086, 0.8337, 0.8757, 0.7760, 0.8228, 0.8387, 0.8278, 0.8281,
        0.8201, 0.7477, 0.8816, 0.9344, 0.9970, 0.8527, 0.8135, 0.8135],
       device='cuda:0', grad_fn=<SqueezeBackward1>)

################## Training is Done! #########################
Training time is : 0:00:42.927176
