=============================================
Dataset: SEED
Method:  TS-TCC
Mode:    train_linear
=============================================
Data loaded ...
Subjet 7
if scale True
Training started ....

Epoch : 1
Train Loss     : 1.5342	 | 	Train Accuracy     : 0.4107
Valid Loss     : 1.3801	 | 	Valid Accuracy     : 0.3501

Epoch : 2
Train Loss     : 0.8746	 | 	Train Accuracy     : 0.5614
Valid Loss     : 1.7477	 | 	Valid Accuracy     : 0.3667

Epoch : 3
Train Loss     : 0.7035	 | 	Train Accuracy     : 0.7020
Valid Loss     : 0.9087	 | 	Valid Accuracy     : 0.5864

Epoch : 4
Train Loss     : 0.5887	 | 	Train Accuracy     : 0.7695
Valid Loss     : 1.0265	 | 	Valid Accuracy     : 0.5454

Epoch : 5
Train Loss     : 0.5334	 | 	Train Accuracy     : 0.7935
Valid Loss     : 0.8031	 | 	Valid Accuracy     : 0.7114

Epoch : 6
Train Loss     : 0.4693	 | 	Train Accuracy     : 0.8075
Valid Loss     : 0.7960	 | 	Valid Accuracy     : 0.7256

Epoch : 7
Train Loss     : 0.4350	 | 	Train Accuracy     : 0.8298
Valid Loss     : 0.8077	 | 	Valid Accuracy     : 0.7432

Epoch : 8
Train Loss     : 0.4122	 | 	Train Accuracy     : 0.8398
Valid Loss     : 0.7889	 | 	Valid Accuracy     : 0.7266

Epoch : 9
Train Loss     : 0.4141	 | 	Train Accuracy     : 0.8387
Valid Loss     : 0.8221	 | 	Valid Accuracy     : 0.7324

Epoch : 10
Train Loss     : 0.4109	 | 	Train Accuracy     : 0.8276
Valid Loss     : 0.8116	 | 	Valid Accuracy     : 0.7305

Epoch : 11
Train Loss     : 0.3771	 | 	Train Accuracy     : 0.8583
Valid Loss     : 0.8074	 | 	Valid Accuracy     : 0.7256

Epoch : 12
Train Loss     : 0.3502	 | 	Train Accuracy     : 0.8683
Valid Loss     : 0.8530	 | 	Valid Accuracy     : 0.7280

Epoch : 13
Train Loss     : 0.3559	 | 	Train Accuracy     : 0.8605
Valid Loss     : 0.8659	 | 	Valid Accuracy     : 0.7236

Epoch : 14
Train Loss     : 0.3317	 | 	Train Accuracy     : 0.8867
Valid Loss     : 0.8504	 | 	Valid Accuracy     : 0.7339

Epoch : 15
Train Loss     : 0.3187	 | 	Train Accuracy     : 0.8878
Valid Loss     : 0.8576	 | 	Valid Accuracy     : 0.7222

Epoch : 16
Train Loss     : 0.3165	 | 	Train Accuracy     : 0.8862
Valid Loss     : 0.8645	 | 	Valid Accuracy     : 0.7168

Epoch : 17
Train Loss     : 0.3109	 | 	Train Accuracy     : 0.8901
Valid Loss     : 0.8620	 | 	Valid Accuracy     : 0.7227

Epoch : 18
Train Loss     : 0.3054	 | 	Train Accuracy     : 0.8912
Valid Loss     : 0.8794	 | 	Valid Accuracy     : 0.7212

Epoch : 19
Train Loss     : 0.3064	 | 	Train Accuracy     : 0.8867
Valid Loss     : 0.9228	 | 	Valid Accuracy     : 0.7222

Epoch : 20
Train Loss     : 0.2910	 | 	Train Accuracy     : 0.8990
Valid Loss     : 0.9221	 | 	Valid Accuracy     : 0.7183

Epoch : 21
Train Loss     : 0.2704	 | 	Train Accuracy     : 0.9090
Valid Loss     : 0.9147	 | 	Valid Accuracy     : 0.7158

Epoch : 22
Train Loss     : 0.2766	 | 	Train Accuracy     : 0.9141
Valid Loss     : 0.9293	 | 	Valid Accuracy     : 0.7158

Epoch : 23
Train Loss     : 0.2831	 | 	Train Accuracy     : 0.9007
Valid Loss     : 0.8931	 | 	Valid Accuracy     : 0.7231

Epoch : 24
Train Loss     : 0.2697	 | 	Train Accuracy     : 0.9085
Valid Loss     : 0.9139	 | 	Valid Accuracy     : 0.7168

Epoch : 25
Train Loss     : 0.2838	 | 	Train Accuracy     : 0.9079
Valid Loss     : 0.9115	 | 	Valid Accuracy     : 0.7222

Epoch : 26
Train Loss     : 0.2807	 | 	Train Accuracy     : 0.9157
Valid Loss     : 0.9339	 | 	Valid Accuracy     : 0.7153

Epoch : 27
Train Loss     : 0.2801	 | 	Train Accuracy     : 0.9129
Valid Loss     : 0.9315	 | 	Valid Accuracy     : 0.7158

Epoch : 28
Train Loss     : 0.2793	 | 	Train Accuracy     : 0.9051
Valid Loss     : 0.9528	 | 	Valid Accuracy     : 0.7153

Epoch : 29
Train Loss     : 0.2737	 | 	Train Accuracy     : 0.9051
Valid Loss     : 0.9608	 | 	Valid Accuracy     : 0.7168

Epoch : 30
Train Loss     : 0.2702	 | 	Train Accuracy     : 0.9141
Valid Loss     : 0.9380	 | 	Valid Accuracy     : 0.7168

Evaluate on the Test set:
Test loss      :1.2043	 | Test Accuracy      : 0.6210 | Test AUPRC      : 0.5328
tensor([0.9136, 0.9272, 0.9858, 0.9244, 0.9808, 0.9270, 1.0138, 0.9120, 0.9167,
        0.9220, 0.9373, 0.9222, 0.9501, 0.9509, 0.9399, 0.9253, 0.9279, 0.9027,
        0.8826, 0.9105, 0.9092, 0.9049, 0.9660, 1.0682, 0.9848, 0.9474, 0.9686,
        0.8935, 0.8919, 0.9234, 0.9133, 0.9394, 0.9485, 0.9045, 0.8938, 0.9271,
        0.9380, 0.9226, 0.9170, 0.9160, 0.9653, 0.9257, 0.9092, 0.9400, 0.9392,
        0.9418, 0.9243, 0.9379, 0.9173, 0.8963, 0.8982, 0.9043, 0.8940, 0.8863,
        0.8995, 0.8666, 0.9145, 0.9328, 0.9128, 0.9158, 0.9137, 0.9130],
       device='cuda:0', grad_fn=<SqueezeBackward1>)

################## Training is Done! #########################
Training time is : 0:00:22.209436
