=============================================
Dataset: SEED
Method:  TS-TCC
Mode:    train_linear
=============================================
Data loaded ...
Subjet 2
if scale True
Training started ....

Epoch : 1
Train Loss     : 1.5625	 | 	Train Accuracy     : 0.4235
Valid Loss     : 1.6612	 | 	Valid Accuracy     : 0.3418

Epoch : 2
Train Loss     : 0.9770	 | 	Train Accuracy     : 0.5658
Valid Loss     : 1.6665	 | 	Valid Accuracy     : 0.4990

Epoch : 3
Train Loss     : 0.8115	 | 	Train Accuracy     : 0.6283
Valid Loss     : 2.7352	 | 	Valid Accuracy     : 0.3701

Epoch : 4
Train Loss     : 0.6837	 | 	Train Accuracy     : 0.7065
Valid Loss     : 2.4691	 | 	Valid Accuracy     : 0.5269

Epoch : 5
Train Loss     : 0.6434	 | 	Train Accuracy     : 0.7176
Valid Loss     : 2.3300	 | 	Valid Accuracy     : 0.5122

Epoch : 6
Train Loss     : 0.5701	 | 	Train Accuracy     : 0.7673
Valid Loss     : 2.7837	 | 	Valid Accuracy     : 0.4683

Epoch : 7
Train Loss     : 0.5053	 | 	Train Accuracy     : 0.8008
Valid Loss     : 2.2927	 | 	Valid Accuracy     : 0.5249

Epoch : 8
Train Loss     : 0.5485	 | 	Train Accuracy     : 0.7785
Valid Loss     : 2.1713	 | 	Valid Accuracy     : 0.5015

Epoch : 9
Train Loss     : 0.5431	 | 	Train Accuracy     : 0.7818
Valid Loss     : 2.4760	 | 	Valid Accuracy     : 0.4780

Epoch : 10
Train Loss     : 0.5123	 | 	Train Accuracy     : 0.7946
Valid Loss     : 2.2776	 | 	Valid Accuracy     : 0.4712

Epoch : 11
Train Loss     : 0.5031	 | 	Train Accuracy     : 0.7991
Valid Loss     : 2.2174	 | 	Valid Accuracy     : 0.4736

Epoch : 12
Train Loss     : 0.5067	 | 	Train Accuracy     : 0.8019
Valid Loss     : 2.4617	 | 	Valid Accuracy     : 0.4976

Epoch : 13
Train Loss     : 0.4957	 | 	Train Accuracy     : 0.7991
Valid Loss     : 2.2356	 | 	Valid Accuracy     : 0.5049

Epoch : 14
Train Loss     : 0.4798	 | 	Train Accuracy     : 0.8181
Valid Loss     : 2.1774	 | 	Valid Accuracy     : 0.4956

Epoch : 15
Train Loss     : 0.4707	 | 	Train Accuracy     : 0.8186
Valid Loss     : 2.2329	 | 	Valid Accuracy     : 0.4902

Epoch : 16
Train Loss     : 0.4811	 | 	Train Accuracy     : 0.8108
Valid Loss     : 2.2079	 | 	Valid Accuracy     : 0.5034

Epoch : 17
Train Loss     : 0.4720	 | 	Train Accuracy     : 0.8281
Valid Loss     : 2.2788	 | 	Valid Accuracy     : 0.4946

Epoch : 18
Train Loss     : 0.4757	 | 	Train Accuracy     : 0.8259
Valid Loss     : 2.2200	 | 	Valid Accuracy     : 0.5010

Epoch : 19
Train Loss     : 0.4735	 | 	Train Accuracy     : 0.8259
Valid Loss     : 2.1956	 | 	Valid Accuracy     : 0.5015

Epoch : 20
Train Loss     : 0.4882	 | 	Train Accuracy     : 0.8025
Valid Loss     : 2.3368	 | 	Valid Accuracy     : 0.5010

Epoch : 21
Train Loss     : 0.4703	 | 	Train Accuracy     : 0.8259
Valid Loss     : 2.2378	 | 	Valid Accuracy     : 0.5029

Epoch : 22
Train Loss     : 0.4601	 | 	Train Accuracy     : 0.8237
Valid Loss     : 2.1431	 | 	Valid Accuracy     : 0.4995

Epoch : 23
Train Loss     : 0.4624	 | 	Train Accuracy     : 0.8214
Valid Loss     : 2.2790	 | 	Valid Accuracy     : 0.5024

Epoch : 24
Train Loss     : 0.4205	 | 	Train Accuracy     : 0.8504
Valid Loss     : 2.0735	 | 	Valid Accuracy     : 0.5127

Epoch : 25
Train Loss     : 0.4783	 | 	Train Accuracy     : 0.8131
Valid Loss     : 2.2560	 | 	Valid Accuracy     : 0.5039

Epoch : 26
Train Loss     : 0.4670	 | 	Train Accuracy     : 0.8214
Valid Loss     : 2.2344	 | 	Valid Accuracy     : 0.5049

Epoch : 27
Train Loss     : 0.4485	 | 	Train Accuracy     : 0.8331
Valid Loss     : 2.2728	 | 	Valid Accuracy     : 0.4995

Epoch : 28
Train Loss     : 0.4514	 | 	Train Accuracy     : 0.8270
Valid Loss     : 2.2454	 | 	Valid Accuracy     : 0.5010

Epoch : 29
Train Loss     : 0.4567	 | 	Train Accuracy     : 0.8326
Valid Loss     : 2.1759	 | 	Valid Accuracy     : 0.5034

Epoch : 30
Train Loss     : 0.4841	 | 	Train Accuracy     : 0.8175
Valid Loss     : 2.2306	 | 	Valid Accuracy     : 0.5044

Evaluate on the Test set:
Test loss      :1.3578	 | Test Accuracy      : 0.4879 | Test AUPRC      : 0.4393
tensor([0.9539, 0.9604, 1.0105, 0.9685, 0.9551, 0.9796, 0.9543, 0.9405, 0.9364,
        0.9491, 0.9517, 0.9457, 0.9411, 0.9565, 0.9627, 0.9519, 0.9482, 0.9404,
        0.9298, 0.9520, 0.9528, 0.9362, 0.9676, 1.0251, 0.9571, 0.9415, 0.9451,
        0.9334, 0.9805, 0.9383, 0.9656, 0.9617, 0.9683, 0.9284, 0.9454, 0.9431,
        0.9609, 0.9477, 0.9634, 0.9254, 0.9830, 0.9409, 0.9704, 0.9974, 0.9478,
        0.9583, 0.9358, 0.9548, 0.9332, 0.9499, 0.9370, 0.9455, 0.9273, 0.9634,
        0.9349, 0.9123, 0.9545, 0.9698, 0.9724, 0.9428, 0.9327, 0.9459],
       device='cuda:0', grad_fn=<SqueezeBackward1>)

################## Training is Done! #########################
Training time is : 0:00:32.028373
