=============================================
Dataset: SEED
Method:  TS-TCC
Mode:    train_linear
=============================================
Data loaded ...
Subjet 5
if scale True
Training started ....

Epoch : 1
Train Loss     : 1.0840	 | 	Train Accuracy     : 0.5276
Valid Loss     : 1.8069	 | 	Valid Accuracy     : 0.3218

Epoch : 2
Train Loss     : 0.6961	 | 	Train Accuracy     : 0.6844
Valid Loss     : 1.8659	 | 	Valid Accuracy     : 0.4360

Epoch : 3
Train Loss     : 0.5509	 | 	Train Accuracy     : 0.7607
Valid Loss     : 1.9957	 | 	Valid Accuracy     : 0.4082

Epoch : 4
Train Loss     : 0.5029	 | 	Train Accuracy     : 0.7979
Valid Loss     : 2.0440	 | 	Valid Accuracy     : 0.4272

Epoch : 5
Train Loss     : 0.4756	 | 	Train Accuracy     : 0.8112
Valid Loss     : 1.9848	 | 	Valid Accuracy     : 0.4497

Epoch : 6
Train Loss     : 0.4794	 | 	Train Accuracy     : 0.8031
Valid Loss     : 2.4523	 | 	Valid Accuracy     : 0.4565

Epoch : 7
Train Loss     : 0.4699	 | 	Train Accuracy     : 0.8076
Valid Loss     : 2.2862	 | 	Valid Accuracy     : 0.4712

Epoch : 8
Train Loss     : 0.4371	 | 	Train Accuracy     : 0.8271
Valid Loss     : 2.5399	 | 	Valid Accuracy     : 0.4580

Epoch : 9
Train Loss     : 0.4396	 | 	Train Accuracy     : 0.8276
Valid Loss     : 2.3686	 | 	Valid Accuracy     : 0.4849

Epoch : 10
Train Loss     : 0.4478	 | 	Train Accuracy     : 0.8185
Valid Loss     : 2.2316	 | 	Valid Accuracy     : 0.4609

Epoch : 11
Train Loss     : 0.4222	 | 	Train Accuracy     : 0.8268
Valid Loss     : 2.4842	 | 	Valid Accuracy     : 0.4463

Epoch : 12
Train Loss     : 0.4380	 | 	Train Accuracy     : 0.8260
Valid Loss     : 1.9984	 | 	Valid Accuracy     : 0.4443

Epoch : 13
Train Loss     : 0.4122	 | 	Train Accuracy     : 0.8383
Valid Loss     : 2.5197	 | 	Valid Accuracy     : 0.4644

Epoch : 14
Train Loss     : 0.4005	 | 	Train Accuracy     : 0.8404
Valid Loss     : 2.2782	 | 	Valid Accuracy     : 0.4619

Epoch : 15
Train Loss     : 0.3911	 | 	Train Accuracy     : 0.8469
Valid Loss     : 2.3892	 | 	Valid Accuracy     : 0.4556

Epoch : 16
Train Loss     : 0.3973	 | 	Train Accuracy     : 0.8484
Valid Loss     : 2.3317	 | 	Valid Accuracy     : 0.4639

Epoch : 17
Train Loss     : 0.3925	 | 	Train Accuracy     : 0.8451
Valid Loss     : 2.3911	 | 	Valid Accuracy     : 0.4663

Epoch : 18
Train Loss     : 0.4027	 | 	Train Accuracy     : 0.8385
Valid Loss     : 2.3842	 | 	Valid Accuracy     : 0.4717

Epoch : 19
Train Loss     : 0.3975	 | 	Train Accuracy     : 0.8458
Valid Loss     : 2.3438	 | 	Valid Accuracy     : 0.4619

Epoch : 20
Train Loss     : 0.3904	 | 	Train Accuracy     : 0.8500
Valid Loss     : 2.3765	 | 	Valid Accuracy     : 0.4614

Epoch : 21
Train Loss     : 0.4009	 | 	Train Accuracy     : 0.8432
Valid Loss     : 2.3213	 | 	Valid Accuracy     : 0.4692

Epoch : 22
Train Loss     : 0.3907	 | 	Train Accuracy     : 0.8432
Valid Loss     : 2.2834	 | 	Valid Accuracy     : 0.4653

Epoch : 23
Train Loss     : 0.3804	 | 	Train Accuracy     : 0.8560
Valid Loss     : 2.2795	 | 	Valid Accuracy     : 0.4639

Epoch : 24
Train Loss     : 0.3933	 | 	Train Accuracy     : 0.8503
Valid Loss     : 2.3087	 | 	Valid Accuracy     : 0.4629

Epoch : 25
Train Loss     : 0.3843	 | 	Train Accuracy     : 0.8526
Valid Loss     : 2.3381	 | 	Valid Accuracy     : 0.4614

Epoch : 26
Train Loss     : 0.3828	 | 	Train Accuracy     : 0.8521
Valid Loss     : 2.3241	 | 	Valid Accuracy     : 0.4595

Epoch : 27
Train Loss     : 0.3866	 | 	Train Accuracy     : 0.8534
Valid Loss     : 2.2984	 | 	Valid Accuracy     : 0.4595

Epoch : 28
Train Loss     : 0.3948	 | 	Train Accuracy     : 0.8430
Valid Loss     : 2.2475	 | 	Valid Accuracy     : 0.4629

Epoch : 29
Train Loss     : 0.3798	 | 	Train Accuracy     : 0.8492
Valid Loss     : 2.3049	 | 	Valid Accuracy     : 0.4595

Epoch : 30
Train Loss     : 0.3866	 | 	Train Accuracy     : 0.8495
Valid Loss     : 2.3047	 | 	Valid Accuracy     : 0.4658

Evaluate on the Test set:
Test loss      :1.7419	 | Test Accuracy      : 0.5394 | Test AUPRC      : 0.4704
tensor([0.8928, 0.9161, 0.9076, 0.9289, 0.9191, 0.9469, 0.9416, 0.8638, 0.8961,
        0.8579, 0.9264, 0.8791, 0.9263, 0.9127, 1.0001, 0.8639, 0.8534, 0.9096,
        0.8920, 0.8840, 0.9032, 0.8960, 0.9546, 0.9620, 0.9603, 0.9456, 0.8684,
        0.8438, 0.8609, 0.8654, 0.9145, 0.9975, 0.9907, 0.8489, 0.8539, 0.9059,
        0.9337, 0.8956, 0.8936, 0.9326, 0.9628, 0.9676, 0.8620, 0.9929, 0.9289,
        0.8933, 0.8484, 0.8865, 0.9152, 0.8605, 0.8466, 0.8591, 0.8567, 0.8856,
        0.8459, 0.8135, 0.8652, 0.9142, 0.9278, 0.8505, 0.9152, 0.9272],
       device='cuda:0', grad_fn=<SqueezeBackward1>)

################## Training is Done! #########################
Training time is : 0:00:46.924580
