=============================================
Dataset: SEED
Method:  TS-TCC
Mode:    train_linear
=============================================
Data loaded ...
Subjet 13
if scale True
Training started ....

Epoch : 1
Train Loss     : 1.1925	 | 	Train Accuracy     : 0.5569
Valid Loss     : 1.3571	 | 	Valid Accuracy     : 0.3193

Epoch : 2
Train Loss     : 0.5693	 | 	Train Accuracy     : 0.7494
Valid Loss     : 1.5391	 | 	Valid Accuracy     : 0.4121

Epoch : 3
Train Loss     : 0.4767	 | 	Train Accuracy     : 0.8036
Valid Loss     : 0.9580	 | 	Valid Accuracy     : 0.5288

Epoch : 4
Train Loss     : 0.3755	 | 	Train Accuracy     : 0.8488
Valid Loss     : 1.1547	 | 	Valid Accuracy     : 0.5532

Epoch : 5
Train Loss     : 0.3464	 | 	Train Accuracy     : 0.8638
Valid Loss     : 1.0814	 | 	Valid Accuracy     : 0.6401

Epoch : 6
Train Loss     : 0.3247	 | 	Train Accuracy     : 0.8717
Valid Loss     : 1.1015	 | 	Valid Accuracy     : 0.6362

Epoch : 7
Train Loss     : 0.2936	 | 	Train Accuracy     : 0.8845
Valid Loss     : 1.1834	 | 	Valid Accuracy     : 0.6538

Epoch : 8
Train Loss     : 0.3077	 | 	Train Accuracy     : 0.8728
Valid Loss     : 1.2121	 | 	Valid Accuracy     : 0.6479

Epoch : 9
Train Loss     : 0.2951	 | 	Train Accuracy     : 0.8811
Valid Loss     : 1.1907	 | 	Valid Accuracy     : 0.6318

Epoch : 10
Train Loss     : 0.2704	 | 	Train Accuracy     : 0.8973
Valid Loss     : 1.2370	 | 	Valid Accuracy     : 0.6401

Epoch : 11
Train Loss     : 0.2758	 | 	Train Accuracy     : 0.8968
Valid Loss     : 1.2028	 | 	Valid Accuracy     : 0.6270

Epoch : 12
Train Loss     : 0.2628	 | 	Train Accuracy     : 0.8984
Valid Loss     : 1.1941	 | 	Valid Accuracy     : 0.6094

Epoch : 13
Train Loss     : 0.2569	 | 	Train Accuracy     : 0.9001
Valid Loss     : 1.2539	 | 	Valid Accuracy     : 0.6274

Epoch : 14
Train Loss     : 0.2730	 | 	Train Accuracy     : 0.8895
Valid Loss     : 1.2769	 | 	Valid Accuracy     : 0.6338

Epoch : 15
Train Loss     : 0.2420	 | 	Train Accuracy     : 0.9085
Valid Loss     : 1.3160	 | 	Valid Accuracy     : 0.6377

Epoch : 16
Train Loss     : 0.2345	 | 	Train Accuracy     : 0.9107
Valid Loss     : 1.4073	 | 	Valid Accuracy     : 0.6597

Epoch : 17
Train Loss     : 0.2273	 | 	Train Accuracy     : 0.9169
Valid Loss     : 1.4011	 | 	Valid Accuracy     : 0.6616

Epoch : 18
Train Loss     : 0.2333	 | 	Train Accuracy     : 0.9135
Valid Loss     : 1.3395	 | 	Valid Accuracy     : 0.6470

Epoch : 19
Train Loss     : 0.2427	 | 	Train Accuracy     : 0.9068
Valid Loss     : 1.3833	 | 	Valid Accuracy     : 0.6562

Epoch : 20
Train Loss     : 0.2394	 | 	Train Accuracy     : 0.9174
Valid Loss     : 1.3381	 | 	Valid Accuracy     : 0.6440

Epoch : 21
Train Loss     : 0.2323	 | 	Train Accuracy     : 0.9202
Valid Loss     : 1.3535	 | 	Valid Accuracy     : 0.6489

Epoch : 22
Train Loss     : 0.2238	 | 	Train Accuracy     : 0.9180
Valid Loss     : 1.3888	 | 	Valid Accuracy     : 0.6558

Epoch : 23
Train Loss     : 0.2272	 | 	Train Accuracy     : 0.9146
Valid Loss     : 1.3494	 | 	Valid Accuracy     : 0.6470

Epoch : 24
Train Loss     : 0.2099	 | 	Train Accuracy     : 0.9213
Valid Loss     : 1.3696	 | 	Valid Accuracy     : 0.6543

Epoch : 25
Train Loss     : 0.2382	 | 	Train Accuracy     : 0.9135
Valid Loss     : 1.3681	 | 	Valid Accuracy     : 0.6548

Epoch : 26
Train Loss     : 0.2284	 | 	Train Accuracy     : 0.9213
Valid Loss     : 1.3657	 | 	Valid Accuracy     : 0.6528

Epoch : 27
Train Loss     : 0.2320	 | 	Train Accuracy     : 0.9124
Valid Loss     : 1.3510	 | 	Valid Accuracy     : 0.6553

Epoch : 28
Train Loss     : 0.2206	 | 	Train Accuracy     : 0.9224
Valid Loss     : 1.3501	 | 	Valid Accuracy     : 0.6528

Epoch : 29
Train Loss     : 0.2128	 | 	Train Accuracy     : 0.9280
Valid Loss     : 1.3506	 | 	Valid Accuracy     : 0.6514

Epoch : 30
Train Loss     : 0.2227	 | 	Train Accuracy     : 0.9208
Valid Loss     : 1.3514	 | 	Valid Accuracy     : 0.6499

Evaluate on the Test set:
Test loss      :1.9582	 | Test Accuracy      : 0.5434 | Test AUPRC      : 0.4800
tensor([0.9503, 0.9511, 0.9889, 0.9983, 0.9425, 0.9809, 0.9996, 0.9389, 0.9609,
        0.9271, 0.9448, 0.9201, 0.9820, 0.9311, 0.9375, 0.9362, 0.9464, 0.9417,
        0.9006, 0.9467, 0.9353, 0.9161, 0.9748, 1.0055, 0.9829, 0.9443, 0.9721,
        0.9219, 0.9160, 0.9221, 0.9549, 0.9725, 0.9944, 0.9423, 0.9209, 0.9361,
        0.9462, 0.9420, 0.9554, 0.9286, 0.9726, 0.9523, 0.9400, 0.9306, 0.9487,
        0.9386, 0.9438, 0.9561, 0.9261, 0.9149, 0.9212, 0.9288, 0.9230, 0.9489,
        0.9227, 0.8984, 0.9221, 0.9408, 0.9532, 0.9459, 0.9340, 0.9333],
       device='cuda:0', grad_fn=<SqueezeBackward1>)

################## Training is Done! #########################
Training time is : 0:00:22.578918
