=============================================
Dataset: SEED
Method:  TS-TCC
Mode:    train_linear
=============================================
Data loaded ...
Subjet 14
if scale True
Training started ....

Epoch : 1
Train Loss     : 1.0192	 | 	Train Accuracy     : 0.5732
Valid Loss     : 2.3836	 | 	Valid Accuracy     : 0.3628

Epoch : 2
Train Loss     : 0.6279	 | 	Train Accuracy     : 0.7607
Valid Loss     : 0.9908	 | 	Valid Accuracy     : 0.5522

Epoch : 3
Train Loss     : 0.5178	 | 	Train Accuracy     : 0.8070
Valid Loss     : 0.8180	 | 	Valid Accuracy     : 0.6069

Epoch : 4
Train Loss     : 0.4611	 | 	Train Accuracy     : 0.8297
Valid Loss     : 0.7325	 | 	Valid Accuracy     : 0.6680

Epoch : 5
Train Loss     : 0.4399	 | 	Train Accuracy     : 0.8404
Valid Loss     : 0.7551	 | 	Valid Accuracy     : 0.6650

Epoch : 6
Train Loss     : 0.4330	 | 	Train Accuracy     : 0.8378
Valid Loss     : 0.7617	 | 	Valid Accuracy     : 0.6743

Epoch : 7
Train Loss     : 0.4114	 | 	Train Accuracy     : 0.8432
Valid Loss     : 0.7727	 | 	Valid Accuracy     : 0.6641

Epoch : 8
Train Loss     : 0.4015	 | 	Train Accuracy     : 0.8562
Valid Loss     : 0.7972	 | 	Valid Accuracy     : 0.6602

Epoch : 9
Train Loss     : 0.3991	 | 	Train Accuracy     : 0.8490
Valid Loss     : 0.8399	 | 	Valid Accuracy     : 0.6567

Epoch : 10
Train Loss     : 0.3910	 | 	Train Accuracy     : 0.8521
Valid Loss     : 0.8209	 | 	Valid Accuracy     : 0.6616

Epoch : 11
Train Loss     : 0.3752	 | 	Train Accuracy     : 0.8615
Valid Loss     : 0.8244	 | 	Valid Accuracy     : 0.6665

Epoch : 12
Train Loss     : 0.3804	 | 	Train Accuracy     : 0.8560
Valid Loss     : 0.8879	 | 	Valid Accuracy     : 0.6577

Epoch : 13
Train Loss     : 0.3872	 | 	Train Accuracy     : 0.8510
Valid Loss     : 0.8744	 | 	Valid Accuracy     : 0.6606

Epoch : 14
Train Loss     : 0.3911	 | 	Train Accuracy     : 0.8490
Valid Loss     : 1.0076	 | 	Valid Accuracy     : 0.6016

Epoch : 15
Train Loss     : 0.3993	 | 	Train Accuracy     : 0.8464
Valid Loss     : 0.9030	 | 	Valid Accuracy     : 0.6528

Epoch : 16
Train Loss     : 0.3546	 | 	Train Accuracy     : 0.8659
Valid Loss     : 0.9618	 | 	Valid Accuracy     : 0.6411

Epoch : 17
Train Loss     : 0.3446	 | 	Train Accuracy     : 0.8711
Valid Loss     : 0.8585	 | 	Valid Accuracy     : 0.6660

Epoch : 18
Train Loss     : 0.3395	 | 	Train Accuracy     : 0.8766
Valid Loss     : 0.8798	 | 	Valid Accuracy     : 0.6611

Epoch : 19
Train Loss     : 0.3339	 | 	Train Accuracy     : 0.8732
Valid Loss     : 0.8886	 | 	Valid Accuracy     : 0.6606

Epoch : 20
Train Loss     : 0.3302	 | 	Train Accuracy     : 0.8750
Valid Loss     : 0.8910	 | 	Valid Accuracy     : 0.6582

Epoch : 21
Train Loss     : 0.3303	 | 	Train Accuracy     : 0.8755
Valid Loss     : 0.9149	 | 	Valid Accuracy     : 0.6504

Epoch : 22
Train Loss     : 0.3369	 | 	Train Accuracy     : 0.8747
Valid Loss     : 0.8932	 | 	Valid Accuracy     : 0.6553

Epoch : 23
Train Loss     : 0.3405	 | 	Train Accuracy     : 0.8703
Valid Loss     : 0.9005	 | 	Valid Accuracy     : 0.6562

Epoch : 24
Train Loss     : 0.3494	 | 	Train Accuracy     : 0.8685
Valid Loss     : 0.9750	 | 	Valid Accuracy     : 0.6538

Epoch : 25
Train Loss     : 0.3297	 | 	Train Accuracy     : 0.8794
Valid Loss     : 0.9098	 | 	Valid Accuracy     : 0.6548

Epoch : 26
Train Loss     : 0.3314	 | 	Train Accuracy     : 0.8706
Valid Loss     : 0.9091	 | 	Valid Accuracy     : 0.6538

Epoch : 27
Train Loss     : 0.3306	 | 	Train Accuracy     : 0.8745
Valid Loss     : 0.9145	 | 	Valid Accuracy     : 0.6558

Epoch : 28
Train Loss     : 0.3327	 | 	Train Accuracy     : 0.8786
Valid Loss     : 0.9014	 | 	Valid Accuracy     : 0.6567

Epoch : 29
Train Loss     : 0.3366	 | 	Train Accuracy     : 0.8797
Valid Loss     : 0.8974	 | 	Valid Accuracy     : 0.6587

Epoch : 30
Train Loss     : 0.3222	 | 	Train Accuracy     : 0.8763
Valid Loss     : 0.9016	 | 	Valid Accuracy     : 0.6562

Evaluate on the Test set:
Test loss      :1.0381	 | Test Accuracy      : 0.6294 | Test AUPRC      : 0.5364
tensor([0.8393, 0.8630, 0.8627, 0.8323, 0.9299, 0.8350, 0.9357, 0.8543, 0.8959,
        0.8461, 0.8586, 0.8326, 0.8781, 0.9388, 0.8563, 0.8952, 0.8636, 0.8523,
        0.8229, 0.8711, 0.8148, 0.8702, 0.9633, 0.9078, 0.9522, 0.8473, 0.8963,
        0.7966, 0.8732, 0.8187, 0.8877, 0.9547, 1.0456, 0.8277, 0.7933, 0.8623,
        0.8502, 0.8117, 0.8305, 0.8520, 1.0042, 0.9488, 0.9193, 0.8469, 0.8419,
        0.8746, 0.8171, 0.8501, 0.8184, 0.8097, 0.8243, 0.8329, 0.8254, 0.8560,
        0.8259, 0.7809, 0.8463, 0.8156, 0.9274, 0.8544, 0.9185, 0.8778],
       device='cuda:0', grad_fn=<SqueezeBackward1>)

################## Training is Done! #########################
Training time is : 0:00:36.575456
