=============================================
Dataset: SEED
Method:  TS-TCC
Mode:    train_linear
=============================================
Data loaded ...
Subjet 9
if scale True
Training started ....

Epoch : 1
Train Loss     : 1.1848	 | 	Train Accuracy     : 0.4971
Valid Loss     : 1.3902	 | 	Valid Accuracy     : 0.3940

Epoch : 2
Train Loss     : 0.7089	 | 	Train Accuracy     : 0.6982
Valid Loss     : 0.6516	 | 	Valid Accuracy     : 0.6724

Epoch : 3
Train Loss     : 0.5363	 | 	Train Accuracy     : 0.7768
Valid Loss     : 0.6501	 | 	Valid Accuracy     : 0.7007

Epoch : 4
Train Loss     : 0.5001	 | 	Train Accuracy     : 0.7958
Valid Loss     : 0.6654	 | 	Valid Accuracy     : 0.7153

Epoch : 5
Train Loss     : 0.4802	 | 	Train Accuracy     : 0.8039
Valid Loss     : 0.6941	 | 	Valid Accuracy     : 0.6982

Epoch : 6
Train Loss     : 0.4460	 | 	Train Accuracy     : 0.8201
Valid Loss     : 0.6794	 | 	Valid Accuracy     : 0.6982

Epoch : 7
Train Loss     : 0.4261	 | 	Train Accuracy     : 0.8273
Valid Loss     : 0.6673	 | 	Valid Accuracy     : 0.7002

Epoch : 8
Train Loss     : 0.4286	 | 	Train Accuracy     : 0.8250
Valid Loss     : 0.6776	 | 	Valid Accuracy     : 0.6904

Epoch : 9
Train Loss     : 0.4202	 | 	Train Accuracy     : 0.8198
Valid Loss     : 0.7071	 | 	Valid Accuracy     : 0.6875

Epoch : 10
Train Loss     : 0.4243	 | 	Train Accuracy     : 0.8221
Valid Loss     : 0.6881	 | 	Valid Accuracy     : 0.6987

Epoch : 11
Train Loss     : 0.4268	 | 	Train Accuracy     : 0.8167
Valid Loss     : 0.7115	 | 	Valid Accuracy     : 0.6924

Epoch : 12
Train Loss     : 0.3888	 | 	Train Accuracy     : 0.8414
Valid Loss     : 0.7034	 | 	Valid Accuracy     : 0.6953

Epoch : 13
Train Loss     : 0.3791	 | 	Train Accuracy     : 0.8503
Valid Loss     : 0.6769	 | 	Valid Accuracy     : 0.7026

Epoch : 14
Train Loss     : 0.3905	 | 	Train Accuracy     : 0.8393
Valid Loss     : 0.7140	 | 	Valid Accuracy     : 0.6865

Epoch : 15
Train Loss     : 0.3625	 | 	Train Accuracy     : 0.8576
Valid Loss     : 0.6955	 | 	Valid Accuracy     : 0.6948

Epoch : 16
Train Loss     : 0.3625	 | 	Train Accuracy     : 0.8594
Valid Loss     : 0.7306	 | 	Valid Accuracy     : 0.6826

Epoch : 17
Train Loss     : 0.3635	 | 	Train Accuracy     : 0.8526
Valid Loss     : 0.6928	 | 	Valid Accuracy     : 0.6997

Epoch : 18
Train Loss     : 0.3679	 | 	Train Accuracy     : 0.8508
Valid Loss     : 0.6795	 | 	Valid Accuracy     : 0.7026

Epoch : 19
Train Loss     : 0.3619	 | 	Train Accuracy     : 0.8562
Valid Loss     : 0.7099	 | 	Valid Accuracy     : 0.6895

Epoch : 20
Train Loss     : 0.3623	 | 	Train Accuracy     : 0.8594
Valid Loss     : 0.7041	 | 	Valid Accuracy     : 0.6919

Epoch : 21
Train Loss     : 0.3583	 | 	Train Accuracy     : 0.8583
Valid Loss     : 0.6987	 | 	Valid Accuracy     : 0.6968

Epoch : 22
Train Loss     : 0.3529	 | 	Train Accuracy     : 0.8651
Valid Loss     : 0.6935	 | 	Valid Accuracy     : 0.6987

Epoch : 23
Train Loss     : 0.3548	 | 	Train Accuracy     : 0.8578
Valid Loss     : 0.6885	 | 	Valid Accuracy     : 0.6987

Epoch : 24
Train Loss     : 0.3628	 | 	Train Accuracy     : 0.8607
Valid Loss     : 0.7316	 | 	Valid Accuracy     : 0.6836

Epoch : 25
Train Loss     : 0.3450	 | 	Train Accuracy     : 0.8661
Valid Loss     : 0.7072	 | 	Valid Accuracy     : 0.6875

Epoch : 26
Train Loss     : 0.3559	 | 	Train Accuracy     : 0.8607
Valid Loss     : 0.6950	 | 	Valid Accuracy     : 0.6943

Epoch : 27
Train Loss     : 0.3480	 | 	Train Accuracy     : 0.8604
Valid Loss     : 0.6950	 | 	Valid Accuracy     : 0.6963

Epoch : 28
Train Loss     : 0.3576	 | 	Train Accuracy     : 0.8609
Valid Loss     : 0.7000	 | 	Valid Accuracy     : 0.6958

Epoch : 29
Train Loss     : 0.3464	 | 	Train Accuracy     : 0.8659
Valid Loss     : 0.7007	 | 	Valid Accuracy     : 0.6948

Epoch : 30
Train Loss     : 0.3524	 | 	Train Accuracy     : 0.8609
Valid Loss     : 0.6989	 | 	Valid Accuracy     : 0.6978

Evaluate on the Test set:
Test loss      :0.8667	 | Test Accuracy      : 0.6675 | Test AUPRC      : 0.5388
tensor([0.8718, 0.8855, 0.9742, 0.8672, 0.8366, 0.9751, 0.9554, 0.8632, 0.8910,
        0.9053, 0.9106, 0.9338, 0.9617, 0.9249, 0.8544, 0.8615, 0.8620, 0.8578,
        0.8306, 0.8962, 0.9351, 0.8385, 1.0297, 1.0339, 0.9485, 0.8668, 0.8753,
        0.8805, 0.8300, 0.8482, 0.8278, 0.9087, 0.9408, 0.9083, 0.8535, 0.8519,
        0.8768, 0.9265, 0.8586, 0.8508, 0.9466, 0.8817, 0.8752, 0.9227, 0.8617,
        0.8574, 0.8370, 0.8936, 0.8510, 0.8389, 0.9077, 0.8518, 0.8231, 0.8257,
        0.8314, 0.8089, 0.8336, 0.8576, 0.8476, 0.8650, 0.9071, 0.8744],
       device='cuda:0', grad_fn=<SqueezeBackward1>)

################## Training is Done! #########################
Training time is : 0:00:37.126412
