=============================================
Dataset: SEED
Method:  TS-TCC
Mode:    train_linear
=============================================
Data loaded ...
Subjet 11
if scale True
Training started ....

Epoch : 1
Train Loss     : 0.9548	 | 	Train Accuracy     : 0.6107
Valid Loss     : 2.4585	 | 	Valid Accuracy     : 0.3555

Epoch : 2
Train Loss     : 0.5208	 | 	Train Accuracy     : 0.7805
Valid Loss     : 0.8675	 | 	Valid Accuracy     : 0.6611

Epoch : 3
Train Loss     : 0.4300	 | 	Train Accuracy     : 0.8362
Valid Loss     : 0.5043	 | 	Valid Accuracy     : 0.7769

Epoch : 4
Train Loss     : 0.4124	 | 	Train Accuracy     : 0.8456
Valid Loss     : 0.5136	 | 	Valid Accuracy     : 0.7812

Epoch : 5
Train Loss     : 0.3800	 | 	Train Accuracy     : 0.8586
Valid Loss     : 0.5270	 | 	Valid Accuracy     : 0.7715

Epoch : 6
Train Loss     : 0.3648	 | 	Train Accuracy     : 0.8659
Valid Loss     : 0.5000	 | 	Valid Accuracy     : 0.7988

Epoch : 7
Train Loss     : 0.3407	 | 	Train Accuracy     : 0.8687
Valid Loss     : 0.4853	 | 	Valid Accuracy     : 0.7896

Epoch : 8
Train Loss     : 0.3382	 | 	Train Accuracy     : 0.8750
Valid Loss     : 0.4861	 | 	Valid Accuracy     : 0.8027

Epoch : 9
Train Loss     : 0.3462	 | 	Train Accuracy     : 0.8687
Valid Loss     : 0.4553	 | 	Valid Accuracy     : 0.8071

Epoch : 10
Train Loss     : 0.3332	 | 	Train Accuracy     : 0.8701
Valid Loss     : 0.4615	 | 	Valid Accuracy     : 0.8062

Epoch : 11
Train Loss     : 0.3233	 | 	Train Accuracy     : 0.8807
Valid Loss     : 0.4938	 | 	Valid Accuracy     : 0.7930

Epoch : 12
Train Loss     : 0.3141	 | 	Train Accuracy     : 0.8839
Valid Loss     : 0.5051	 | 	Valid Accuracy     : 0.7886

Epoch : 13
Train Loss     : 0.3232	 | 	Train Accuracy     : 0.8753
Valid Loss     : 0.4966	 | 	Valid Accuracy     : 0.7959

Epoch : 14
Train Loss     : 0.3503	 | 	Train Accuracy     : 0.8599
Valid Loss     : 0.5490	 | 	Valid Accuracy     : 0.7666

Epoch : 15
Train Loss     : 0.3220	 | 	Train Accuracy     : 0.8810
Valid Loss     : 0.4831	 | 	Valid Accuracy     : 0.7993

Epoch : 16
Train Loss     : 0.3061	 | 	Train Accuracy     : 0.8862
Valid Loss     : 0.4861	 | 	Valid Accuracy     : 0.8057

Epoch : 17
Train Loss     : 0.3054	 | 	Train Accuracy     : 0.8815
Valid Loss     : 0.5140	 | 	Valid Accuracy     : 0.7803

Epoch : 18
Train Loss     : 0.2979	 | 	Train Accuracy     : 0.8896
Valid Loss     : 0.4929	 | 	Valid Accuracy     : 0.7876

Epoch : 19
Train Loss     : 0.3126	 | 	Train Accuracy     : 0.8784
Valid Loss     : 0.5887	 | 	Valid Accuracy     : 0.7637

Epoch : 20
Train Loss     : 0.3232	 | 	Train Accuracy     : 0.8687
Valid Loss     : 0.5060	 | 	Valid Accuracy     : 0.7925

Epoch : 21
Train Loss     : 0.2731	 | 	Train Accuracy     : 0.9029
Valid Loss     : 0.4868	 | 	Valid Accuracy     : 0.8047

Epoch : 22
Train Loss     : 0.2702	 | 	Train Accuracy     : 0.9026
Valid Loss     : 0.4871	 | 	Valid Accuracy     : 0.8018

Epoch : 23
Train Loss     : 0.2739	 | 	Train Accuracy     : 0.8971
Valid Loss     : 0.4810	 | 	Valid Accuracy     : 0.8042

Epoch : 24
Train Loss     : 0.2809	 | 	Train Accuracy     : 0.8948
Valid Loss     : 0.4835	 | 	Valid Accuracy     : 0.8013

Epoch : 25
Train Loss     : 0.2737	 | 	Train Accuracy     : 0.8982
Valid Loss     : 0.4854	 | 	Valid Accuracy     : 0.7993

Epoch : 26
Train Loss     : 0.2667	 | 	Train Accuracy     : 0.9026
Valid Loss     : 0.4866	 | 	Valid Accuracy     : 0.7959

Epoch : 27
Train Loss     : 0.2740	 | 	Train Accuracy     : 0.8987
Valid Loss     : 0.4865	 | 	Valid Accuracy     : 0.7988

Epoch : 28
Train Loss     : 0.2722	 | 	Train Accuracy     : 0.8974
Valid Loss     : 0.4832	 | 	Valid Accuracy     : 0.7979

Epoch : 29
Train Loss     : 0.2701	 | 	Train Accuracy     : 0.8992
Valid Loss     : 0.4823	 | 	Valid Accuracy     : 0.7988

Epoch : 30
Train Loss     : 0.2662	 | 	Train Accuracy     : 0.9005
Valid Loss     : 0.4830	 | 	Valid Accuracy     : 0.7988

Evaluate on the Test set:
Test loss      :0.8212	 | Test Accuracy      : 0.7010 | Test AUPRC      : 0.5489
tensor([0.8190, 0.8433, 0.9638, 0.8274, 0.8632, 0.9313, 0.9666, 0.8498, 0.8460,
        0.8291, 0.8271, 0.8820, 0.9150, 0.8739, 0.7488, 0.8376, 0.8707, 0.7374,
        0.7501, 0.9203, 0.8239, 0.8267, 1.0302, 0.9323, 0.8919, 0.8891, 0.8482,
        0.7526, 0.8166, 0.7930, 0.7865, 0.8040, 0.9319, 0.7753, 0.7933, 0.8678,
        0.8038, 0.7866, 0.8075, 0.7410, 0.9636, 0.7919, 0.7664, 0.9031, 0.8866,
        0.8905, 0.7538, 0.8256, 0.8350, 0.7397, 0.8186, 0.8102, 0.7996, 0.8199,
        0.7381, 0.7235, 0.7859, 0.9081, 0.9385, 0.8804, 0.7559, 0.8626],
       device='cuda:0', grad_fn=<SqueezeBackward1>)

################## Training is Done! #########################
Training time is : 0:00:36.620614
