=============================================
Dataset: SEED
Method:  TS-TCC
Mode:    train_linear
=============================================
Data loaded ...
Subjet 15
if scale True
Training started ....

Epoch : 1
Train Loss     : 0.6634	 | 	Train Accuracy     : 0.7235
Valid Loss     : 0.3609	 | 	Valid Accuracy     : 0.9009

Epoch : 2
Train Loss     : 0.2648	 | 	Train Accuracy     : 0.9085
Valid Loss     : 0.4469	 | 	Valid Accuracy     : 0.8940

Epoch : 3
Train Loss     : 0.2199	 | 	Train Accuracy     : 0.9254
Valid Loss     : 0.3636	 | 	Valid Accuracy     : 0.9590

Epoch : 4
Train Loss     : 0.1975	 | 	Train Accuracy     : 0.9361
Valid Loss     : 0.3503	 | 	Valid Accuracy     : 0.9541

Epoch : 5
Train Loss     : 0.1669	 | 	Train Accuracy     : 0.9523
Valid Loss     : 0.2600	 | 	Valid Accuracy     : 0.9629

Epoch : 6
Train Loss     : 0.1574	 | 	Train Accuracy     : 0.9506
Valid Loss     : 0.2422	 | 	Valid Accuracy     : 0.9668

Epoch : 7
Train Loss     : 0.1513	 | 	Train Accuracy     : 0.9521
Valid Loss     : 0.3865	 | 	Valid Accuracy     : 0.9551

Epoch : 8
Train Loss     : 0.1394	 | 	Train Accuracy     : 0.9560
Valid Loss     : 0.3056	 | 	Valid Accuracy     : 0.9668

Epoch : 9
Train Loss     : 0.1345	 | 	Train Accuracy     : 0.9577
Valid Loss     : 0.3490	 | 	Valid Accuracy     : 0.9517

Epoch : 10
Train Loss     : 0.1357	 | 	Train Accuracy     : 0.9557
Valid Loss     : 0.3351	 | 	Valid Accuracy     : 0.9492

Epoch : 11
Train Loss     : 0.1305	 | 	Train Accuracy     : 0.9574
Valid Loss     : 0.4166	 | 	Valid Accuracy     : 0.9478

Epoch : 12
Train Loss     : 0.1243	 | 	Train Accuracy     : 0.9623
Valid Loss     : 0.3156	 | 	Valid Accuracy     : 0.9453

Epoch : 13
Train Loss     : 0.1197	 | 	Train Accuracy     : 0.9599
Valid Loss     : 0.3612	 | 	Valid Accuracy     : 0.9448

Epoch : 14
Train Loss     : 0.1250	 | 	Train Accuracy     : 0.9548
Valid Loss     : 0.3636	 | 	Valid Accuracy     : 0.9443

Epoch : 15
Train Loss     : 0.1506	 | 	Train Accuracy     : 0.9414
Valid Loss     : 0.5012	 | 	Valid Accuracy     : 0.9302

Epoch : 16
Train Loss     : 0.1399	 | 	Train Accuracy     : 0.9487
Valid Loss     : 0.4949	 | 	Valid Accuracy     : 0.9414

Epoch : 17
Train Loss     : 0.1215	 | 	Train Accuracy     : 0.9592
Valid Loss     : 0.4036	 | 	Valid Accuracy     : 0.9526

Epoch : 18
Train Loss     : 0.1018	 | 	Train Accuracy     : 0.9679
Valid Loss     : 0.3453	 | 	Valid Accuracy     : 0.9561

Epoch : 19
Train Loss     : 0.0961	 | 	Train Accuracy     : 0.9716
Valid Loss     : 0.3853	 | 	Valid Accuracy     : 0.9595

Epoch : 20
Train Loss     : 0.1019	 | 	Train Accuracy     : 0.9671
Valid Loss     : 0.4458	 | 	Valid Accuracy     : 0.9517

Epoch : 21
Train Loss     : 0.1008	 | 	Train Accuracy     : 0.9660
Valid Loss     : 0.3810	 | 	Valid Accuracy     : 0.9590

Epoch : 22
Train Loss     : 0.0999	 | 	Train Accuracy     : 0.9696
Valid Loss     : 0.4449	 | 	Valid Accuracy     : 0.9526

Epoch : 23
Train Loss     : 0.0990	 | 	Train Accuracy     : 0.9669
Valid Loss     : 0.3652	 | 	Valid Accuracy     : 0.9580

Epoch : 24
Train Loss     : 0.1025	 | 	Train Accuracy     : 0.9664
Valid Loss     : 0.4348	 | 	Valid Accuracy     : 0.9512

Epoch : 25
Train Loss     : 0.1004	 | 	Train Accuracy     : 0.9684
Valid Loss     : 0.3840	 | 	Valid Accuracy     : 0.9556

Epoch : 26
Train Loss     : 0.1055	 | 	Train Accuracy     : 0.9660
Valid Loss     : 0.4379	 | 	Valid Accuracy     : 0.9497

Epoch : 27
Train Loss     : 0.0965	 | 	Train Accuracy     : 0.9723
Valid Loss     : 0.4235	 | 	Valid Accuracy     : 0.9556

Epoch : 28
Train Loss     : 0.1040	 | 	Train Accuracy     : 0.9640
Valid Loss     : 0.3554	 | 	Valid Accuracy     : 0.9546

Epoch : 29
Train Loss     : 0.0977	 | 	Train Accuracy     : 0.9698
Valid Loss     : 0.4316	 | 	Valid Accuracy     : 0.9575

Epoch : 30
Train Loss     : 0.1001	 | 	Train Accuracy     : 0.9696
Valid Loss     : 0.3762	 | 	Valid Accuracy     : 0.9600

Evaluate on the Test set:
Test loss      :1.2125	 | Test Accuracy      : 0.8096 | Test AUPRC      : 0.5751
tensor([0.7465, 0.7283, 0.9785, 0.9420, 0.8582, 0.8678, 0.8502, 0.7140, 0.8025,
        0.7550, 0.7298, 0.6927, 0.8086, 0.7855, 0.8366, 0.8658, 0.7114, 0.8237,
        0.7017, 0.7600, 0.7033, 0.6805, 0.9276, 1.0118, 0.9076, 0.7196, 0.6975,
        0.6478, 0.6621, 0.6634, 0.8291, 0.8994, 0.8251, 0.6728, 0.7556, 0.7465,
        0.7913, 0.6917, 0.8331, 0.9076, 0.8014, 0.8894, 0.6750, 0.7306, 0.8785,
        0.8180, 0.6953, 0.7040, 0.7426, 0.7809, 0.6761, 0.6570, 0.7284, 0.7618,
        0.7004, 0.6970, 0.6757, 0.9343, 0.9565, 0.7149, 0.8930, 0.6955],
       device='cuda:0', grad_fn=<SqueezeBackward1>)

################## Training is Done! #########################
Training time is : 0:00:59.818529
