=============================================
Dataset: SEED
Method:  TS-TCC
Mode:    train_linear
=============================================
Data loaded ...
Subjet 3
if scale True
Training started ....

Epoch : 1
Train Loss     : 0.9966	 | 	Train Accuracy     : 0.5516
Valid Loss     : 1.2686	 | 	Valid Accuracy     : 0.4912

Epoch : 2
Train Loss     : 0.6733	 | 	Train Accuracy     : 0.7023
Valid Loss     : 0.9692	 | 	Valid Accuracy     : 0.6772

Epoch : 3
Train Loss     : 0.6410	 | 	Train Accuracy     : 0.7266
Valid Loss     : 0.9643	 | 	Valid Accuracy     : 0.6543

Epoch : 4
Train Loss     : 0.5823	 | 	Train Accuracy     : 0.7597
Valid Loss     : 0.7956	 | 	Valid Accuracy     : 0.6772

Epoch : 5
Train Loss     : 0.5847	 | 	Train Accuracy     : 0.7604
Valid Loss     : 0.8017	 | 	Valid Accuracy     : 0.6660

Epoch : 6
Train Loss     : 0.5495	 | 	Train Accuracy     : 0.7807
Valid Loss     : 0.7414	 | 	Valid Accuracy     : 0.6875

Epoch : 7
Train Loss     : 0.5485	 | 	Train Accuracy     : 0.7838
Valid Loss     : 0.7886	 | 	Valid Accuracy     : 0.6846

Epoch : 8
Train Loss     : 0.5532	 | 	Train Accuracy     : 0.7658
Valid Loss     : 0.8147	 | 	Valid Accuracy     : 0.6396

Epoch : 9
Train Loss     : 0.5514	 | 	Train Accuracy     : 0.7733
Valid Loss     : 0.7729	 | 	Valid Accuracy     : 0.6836

Epoch : 10
Train Loss     : 0.5558	 | 	Train Accuracy     : 0.7707
Valid Loss     : 0.7895	 | 	Valid Accuracy     : 0.6733

Epoch : 11
Train Loss     : 0.5332	 | 	Train Accuracy     : 0.7857
Valid Loss     : 0.7426	 | 	Valid Accuracy     : 0.6914

Epoch : 12
Train Loss     : 0.5435	 | 	Train Accuracy     : 0.7809
Valid Loss     : 0.8224	 | 	Valid Accuracy     : 0.6758

Epoch : 13
Train Loss     : 0.5142	 | 	Train Accuracy     : 0.7942
Valid Loss     : 0.8390	 | 	Valid Accuracy     : 0.6782

Epoch : 14
Train Loss     : 0.5380	 | 	Train Accuracy     : 0.7794
Valid Loss     : 0.7854	 | 	Valid Accuracy     : 0.6777

Epoch : 15
Train Loss     : 0.5008	 | 	Train Accuracy     : 0.8001
Valid Loss     : 0.8413	 | 	Valid Accuracy     : 0.6738

Epoch : 16
Train Loss     : 0.5205	 | 	Train Accuracy     : 0.7853
Valid Loss     : 0.8597	 | 	Valid Accuracy     : 0.6543

Epoch : 17
Train Loss     : 0.5072	 | 	Train Accuracy     : 0.7933
Valid Loss     : 0.8806	 | 	Valid Accuracy     : 0.6572

Epoch : 18
Train Loss     : 0.4873	 | 	Train Accuracy     : 0.8025
Valid Loss     : 0.8067	 | 	Valid Accuracy     : 0.6655

Epoch : 19
Train Loss     : 0.4735	 | 	Train Accuracy     : 0.8113
Valid Loss     : 0.8216	 | 	Valid Accuracy     : 0.6709

Epoch : 20
Train Loss     : 0.4727	 | 	Train Accuracy     : 0.8183
Valid Loss     : 0.8294	 | 	Valid Accuracy     : 0.6733

Epoch : 21
Train Loss     : 0.4734	 | 	Train Accuracy     : 0.8183
Valid Loss     : 0.8182	 | 	Valid Accuracy     : 0.6748

Epoch : 22
Train Loss     : 0.4765	 | 	Train Accuracy     : 0.8144
Valid Loss     : 0.8100	 | 	Valid Accuracy     : 0.6714

Epoch : 23
Train Loss     : 0.4794	 | 	Train Accuracy     : 0.8122
Valid Loss     : 0.7951	 | 	Valid Accuracy     : 0.6646

Epoch : 24
Train Loss     : 0.4836	 | 	Train Accuracy     : 0.8074
Valid Loss     : 0.8336	 | 	Valid Accuracy     : 0.6724

Epoch : 25
Train Loss     : 0.4839	 | 	Train Accuracy     : 0.8040
Valid Loss     : 0.8249	 | 	Valid Accuracy     : 0.6660

Epoch : 26
Train Loss     : 0.4730	 | 	Train Accuracy     : 0.8139
Valid Loss     : 0.8068	 | 	Valid Accuracy     : 0.6655

Epoch : 27
Train Loss     : 0.4681	 | 	Train Accuracy     : 0.8167
Valid Loss     : 0.7889	 | 	Valid Accuracy     : 0.6655

Epoch : 28
Train Loss     : 0.4843	 | 	Train Accuracy     : 0.8094
Valid Loss     : 0.7990	 | 	Valid Accuracy     : 0.6626

Epoch : 29
Train Loss     : 0.4722	 | 	Train Accuracy     : 0.8128
Valid Loss     : 0.7942	 | 	Valid Accuracy     : 0.6733

Epoch : 30
Train Loss     : 0.4830	 | 	Train Accuracy     : 0.8077
Valid Loss     : 0.8125	 | 	Valid Accuracy     : 0.6680

Evaluate on the Test set:
Test loss      :0.7584	 | Test Accuracy      : 0.6900 | Test AUPRC      : 0.5479
tensor([0.8002, 0.8202, 0.9598, 0.9422, 0.7554, 0.9342, 0.9193, 0.7567, 0.8133,
        0.7198, 0.8327, 0.8184, 0.8887, 0.8977, 0.8253, 0.8506, 0.7140, 0.8014,
        0.6495, 0.9036, 0.8746, 0.7629, 0.8773, 0.9945, 0.9616, 0.8429, 0.9082,
        0.7229, 0.7528, 0.7651, 0.8276, 0.8908, 0.9068, 0.6776, 0.6690, 0.7848,
        0.8122, 0.7832, 0.8099, 0.7510, 0.9567, 0.7815, 0.7298, 0.9046, 0.7838,
        0.9373, 0.7909, 0.7044, 0.6537, 0.7326, 0.7980, 0.8102, 0.7628, 0.6852,
        0.6850, 0.7260, 0.7084, 0.8649, 0.9369, 0.8652, 0.8569, 0.9000],
       device='cuda:0', grad_fn=<SqueezeBackward1>)

################## Training is Done! #########################
Training time is : 0:00:50.691953
