=============================================
Dataset: SEED
Method:  TS-TCC
Mode:    train_linear
=============================================
Data loaded ...
Subjet 6
if scale True
Training started ....

Epoch : 1
Train Loss     : 1.0227	 | 	Train Accuracy     : 0.5690
Valid Loss     : 0.6205	 | 	Valid Accuracy     : 0.6948

Epoch : 2
Train Loss     : 0.5837	 | 	Train Accuracy     : 0.7500
Valid Loss     : 0.7804	 | 	Valid Accuracy     : 0.6777

Epoch : 3
Train Loss     : 0.5666	 | 	Train Accuracy     : 0.7456
Valid Loss     : 0.7056	 | 	Valid Accuracy     : 0.6880

Epoch : 4
Train Loss     : 0.5321	 | 	Train Accuracy     : 0.7812
Valid Loss     : 0.5582	 | 	Valid Accuracy     : 0.7900

Epoch : 5
Train Loss     : 0.5062	 | 	Train Accuracy     : 0.7857
Valid Loss     : 0.5525	 | 	Valid Accuracy     : 0.7720

Epoch : 6
Train Loss     : 0.4834	 | 	Train Accuracy     : 0.7993
Valid Loss     : 0.5823	 | 	Valid Accuracy     : 0.7598

Epoch : 7
Train Loss     : 0.4862	 | 	Train Accuracy     : 0.7970
Valid Loss     : 0.5359	 | 	Valid Accuracy     : 0.7974

Epoch : 8
Train Loss     : 0.4724	 | 	Train Accuracy     : 0.8076
Valid Loss     : 0.5811	 | 	Valid Accuracy     : 0.7847

Epoch : 9
Train Loss     : 0.4761	 | 	Train Accuracy     : 0.8016
Valid Loss     : 0.5190	 | 	Valid Accuracy     : 0.8325

Epoch : 10
Train Loss     : 0.4778	 | 	Train Accuracy     : 0.7982
Valid Loss     : 0.5987	 | 	Valid Accuracy     : 0.7915

Epoch : 11
Train Loss     : 0.4709	 | 	Train Accuracy     : 0.8064
Valid Loss     : 0.6129	 | 	Valid Accuracy     : 0.7832

Epoch : 12
Train Loss     : 0.4796	 | 	Train Accuracy     : 0.7993
Valid Loss     : 0.7681	 | 	Valid Accuracy     : 0.7061

Epoch : 13
Train Loss     : 0.4616	 | 	Train Accuracy     : 0.8086
Valid Loss     : 0.5820	 | 	Valid Accuracy     : 0.7930

Epoch : 14
Train Loss     : 0.4641	 | 	Train Accuracy     : 0.8076
Valid Loss     : 0.6236	 | 	Valid Accuracy     : 0.7769

Epoch : 15
Train Loss     : 0.4695	 | 	Train Accuracy     : 0.8001
Valid Loss     : 0.6616	 | 	Valid Accuracy     : 0.7769

Epoch : 16
Train Loss     : 0.4524	 | 	Train Accuracy     : 0.8159
Valid Loss     : 0.6129	 | 	Valid Accuracy     : 0.7876

Epoch : 17
Train Loss     : 0.4610	 | 	Train Accuracy     : 0.8071
Valid Loss     : 0.5903	 | 	Valid Accuracy     : 0.8149

Epoch : 18
Train Loss     : 0.4470	 | 	Train Accuracy     : 0.8174
Valid Loss     : 0.6518	 | 	Valid Accuracy     : 0.7739

Epoch : 19
Train Loss     : 0.4519	 | 	Train Accuracy     : 0.8110
Valid Loss     : 0.6470	 | 	Valid Accuracy     : 0.7905

Epoch : 20
Train Loss     : 0.4620	 | 	Train Accuracy     : 0.8132
Valid Loss     : 0.6643	 | 	Valid Accuracy     : 0.7617

Epoch : 21
Train Loss     : 0.4311	 | 	Train Accuracy     : 0.8186
Valid Loss     : 0.6220	 | 	Valid Accuracy     : 0.7822

Epoch : 22
Train Loss     : 0.4209	 | 	Train Accuracy     : 0.8297
Valid Loss     : 0.6254	 | 	Valid Accuracy     : 0.7886

Epoch : 23
Train Loss     : 0.4209	 | 	Train Accuracy     : 0.8322
Valid Loss     : 0.5831	 | 	Valid Accuracy     : 0.8101

Epoch : 24
Train Loss     : 0.4230	 | 	Train Accuracy     : 0.8249
Valid Loss     : 0.6511	 | 	Valid Accuracy     : 0.7695

Epoch : 25
Train Loss     : 0.4290	 | 	Train Accuracy     : 0.8229
Valid Loss     : 0.6063	 | 	Valid Accuracy     : 0.7905

Epoch : 26
Train Loss     : 0.4282	 | 	Train Accuracy     : 0.8266
Valid Loss     : 0.5846	 | 	Valid Accuracy     : 0.8076

Epoch : 27
Train Loss     : 0.4176	 | 	Train Accuracy     : 0.8370
Valid Loss     : 0.6242	 | 	Valid Accuracy     : 0.7925

Epoch : 28
Train Loss     : 0.4236	 | 	Train Accuracy     : 0.8293
Valid Loss     : 0.6088	 | 	Valid Accuracy     : 0.7939

Epoch : 29
Train Loss     : 0.4133	 | 	Train Accuracy     : 0.8315
Valid Loss     : 0.6321	 | 	Valid Accuracy     : 0.7900

Epoch : 30
Train Loss     : 0.4199	 | 	Train Accuracy     : 0.8308
Valid Loss     : 0.5825	 | 	Valid Accuracy     : 0.8047

Evaluate on the Test set:
Test loss      :1.0702	 | Test Accuracy      : 0.6438 | Test AUPRC      : 0.4972
tensor([0.8392, 0.8865, 0.9163, 0.9176, 0.6867, 0.7868, 0.9330, 0.6506, 0.8121,
        0.7304, 0.7814, 0.8781, 0.8585, 0.7683, 0.8659, 0.8188, 0.7674, 0.8663,
        0.6683, 0.7183, 0.7017, 0.7669, 0.9514, 0.9673, 0.8802, 0.7076, 0.7738,
        0.7488, 0.7329, 0.6189, 0.7100, 0.8687, 0.9039, 0.6730, 0.7045, 0.7710,
        0.7966, 0.6277, 0.7635, 0.5900, 0.8102, 0.8610, 0.7209, 0.8548, 0.9302,
        0.7969, 0.7349, 0.7445, 0.6547, 0.5674, 0.6253, 0.7202, 0.6213, 0.7057,
        0.6222, 0.5647, 0.7170, 0.7811, 0.6661, 0.7183, 0.8008, 0.7336],
       device='cuda:0', grad_fn=<SqueezeBackward1>)

################## Training is Done! #########################
Training time is : 0:00:43.648368
