=============================================
Dataset: SEED
Method:  TS-TCC
Mode:    train_linear
=============================================
Data loaded ...
Subjet 13
if scale True
Training started ....

Epoch : 1
Train Loss     : 1.2083	 | 	Train Accuracy     : 0.5138
Valid Loss     : 1.3366	 | 	Valid Accuracy     : 0.4438

Epoch : 2
Train Loss     : 0.6096	 | 	Train Accuracy     : 0.7232
Valid Loss     : 0.7494	 | 	Valid Accuracy     : 0.6826

Epoch : 3
Train Loss     : 0.5229	 | 	Train Accuracy     : 0.7701
Valid Loss     : 0.6537	 | 	Valid Accuracy     : 0.7505

Epoch : 4
Train Loss     : 0.4561	 | 	Train Accuracy     : 0.8120
Valid Loss     : 0.6521	 | 	Valid Accuracy     : 0.7422

Epoch : 5
Train Loss     : 0.4316	 | 	Train Accuracy     : 0.8224
Valid Loss     : 0.7658	 | 	Valid Accuracy     : 0.7397

Epoch : 6
Train Loss     : 0.4245	 | 	Train Accuracy     : 0.8279
Valid Loss     : 0.7642	 | 	Valid Accuracy     : 0.7529

Epoch : 7
Train Loss     : 0.4012	 | 	Train Accuracy     : 0.8422
Valid Loss     : 0.8207	 | 	Valid Accuracy     : 0.7529

Epoch : 8
Train Loss     : 0.4144	 | 	Train Accuracy     : 0.8292
Valid Loss     : 0.7542	 | 	Valid Accuracy     : 0.7202

Epoch : 9
Train Loss     : 0.4080	 | 	Train Accuracy     : 0.8320
Valid Loss     : 0.8368	 | 	Valid Accuracy     : 0.7139

Epoch : 10
Train Loss     : 0.3987	 | 	Train Accuracy     : 0.8419
Valid Loss     : 0.8732	 | 	Valid Accuracy     : 0.7529

Epoch : 11
Train Loss     : 0.3956	 | 	Train Accuracy     : 0.8378
Valid Loss     : 0.9109	 | 	Valid Accuracy     : 0.7368

Epoch : 12
Train Loss     : 0.3842	 | 	Train Accuracy     : 0.8490
Valid Loss     : 0.8554	 | 	Valid Accuracy     : 0.7368

Epoch : 13
Train Loss     : 0.3633	 | 	Train Accuracy     : 0.8599
Valid Loss     : 0.8420	 | 	Valid Accuracy     : 0.7197

Epoch : 14
Train Loss     : 0.3938	 | 	Train Accuracy     : 0.8422
Valid Loss     : 0.9560	 | 	Valid Accuracy     : 0.7529

Epoch : 15
Train Loss     : 0.4179	 | 	Train Accuracy     : 0.8224
Valid Loss     : 0.9386	 | 	Valid Accuracy     : 0.7515

Epoch : 16
Train Loss     : 0.3602	 | 	Train Accuracy     : 0.8549
Valid Loss     : 0.8924	 | 	Valid Accuracy     : 0.7383

Epoch : 17
Train Loss     : 0.3476	 | 	Train Accuracy     : 0.8633
Valid Loss     : 0.8698	 | 	Valid Accuracy     : 0.7349

Epoch : 18
Train Loss     : 0.3510	 | 	Train Accuracy     : 0.8615
Valid Loss     : 0.8685	 | 	Valid Accuracy     : 0.7329

Epoch : 19
Train Loss     : 0.3446	 | 	Train Accuracy     : 0.8669
Valid Loss     : 0.9122	 | 	Valid Accuracy     : 0.7466

Epoch : 20
Train Loss     : 0.3480	 | 	Train Accuracy     : 0.8646
Valid Loss     : 0.9045	 | 	Valid Accuracy     : 0.7388

Epoch : 21
Train Loss     : 0.3482	 | 	Train Accuracy     : 0.8599
Valid Loss     : 0.8814	 | 	Valid Accuracy     : 0.7329

Epoch : 22
Train Loss     : 0.3458	 | 	Train Accuracy     : 0.8701
Valid Loss     : 0.9009	 | 	Valid Accuracy     : 0.7383

Epoch : 23
Train Loss     : 0.3382	 | 	Train Accuracy     : 0.8719
Valid Loss     : 0.8810	 | 	Valid Accuracy     : 0.7378

Epoch : 24
Train Loss     : 0.3490	 | 	Train Accuracy     : 0.8635
Valid Loss     : 0.9339	 | 	Valid Accuracy     : 0.7515

Epoch : 25
Train Loss     : 0.3451	 | 	Train Accuracy     : 0.8656
Valid Loss     : 0.9067	 | 	Valid Accuracy     : 0.7388

Epoch : 26
Train Loss     : 0.3468	 | 	Train Accuracy     : 0.8648
Valid Loss     : 0.8694	 | 	Valid Accuracy     : 0.7329

Epoch : 27
Train Loss     : 0.3328	 | 	Train Accuracy     : 0.8763
Valid Loss     : 0.8963	 | 	Valid Accuracy     : 0.7310

Epoch : 28
Train Loss     : 0.3366	 | 	Train Accuracy     : 0.8711
Valid Loss     : 0.8927	 | 	Valid Accuracy     : 0.7324

Epoch : 29
Train Loss     : 0.3448	 | 	Train Accuracy     : 0.8628
Valid Loss     : 0.8951	 | 	Valid Accuracy     : 0.7368

Epoch : 30
Train Loss     : 0.3355	 | 	Train Accuracy     : 0.8695
Valid Loss     : 0.8898	 | 	Valid Accuracy     : 0.7354

Evaluate on the Test set:
Test loss      :1.4572	 | Test Accuracy      : 0.5933 | Test AUPRC      : 0.5238
tensor([0.9004, 0.9104, 0.9547, 0.9680, 0.8253, 0.9836, 0.9759, 0.8591, 0.8960,
        0.8707, 0.8714, 0.8728, 0.9919, 0.8276, 0.8986, 0.8702, 0.8549, 0.8920,
        0.7799, 0.8653, 0.8766, 0.8535, 0.9251, 0.9925, 0.9806, 0.8685, 0.8922,
        0.8425, 0.8469, 0.8496, 0.8841, 0.9488, 0.9458, 0.8823, 0.8317, 0.8716,
        0.8824, 0.8361, 0.8836, 0.8803, 0.9345, 0.9227, 0.8615, 0.8699, 0.8940,
        0.8566, 0.8917, 0.8640, 0.8435, 0.8523, 0.8311, 0.8256, 0.8289, 0.9026,
        0.8364, 0.7757, 0.8399, 0.8945, 0.8465, 0.8822, 0.8587, 0.8701],
       device='cuda:0', grad_fn=<SqueezeBackward1>)

################## Training is Done! #########################
Training time is : 0:00:36.029953
