=============================================
Dataset: SEED
Method:  TS-TCC
Mode:    train_linear
=============================================
Data loaded ...
Subjet 9
if scale True
Training started ....

Epoch : 1
Train Loss     : 1.0357	 | 	Train Accuracy     : 0.5644
Valid Loss     : 0.6749	 | 	Valid Accuracy     : 0.6699

Epoch : 2
Train Loss     : 0.5981	 | 	Train Accuracy     : 0.7412
Valid Loss     : 0.6942	 | 	Valid Accuracy     : 0.6782

Epoch : 3
Train Loss     : 0.5322	 | 	Train Accuracy     : 0.7722
Valid Loss     : 0.6481	 | 	Valid Accuracy     : 0.6958

Epoch : 4
Train Loss     : 0.4799	 | 	Train Accuracy     : 0.7989
Valid Loss     : 0.6350	 | 	Valid Accuracy     : 0.7280

Epoch : 5
Train Loss     : 0.4545	 | 	Train Accuracy     : 0.8106
Valid Loss     : 0.6068	 | 	Valid Accuracy     : 0.7241

Epoch : 6
Train Loss     : 0.4278	 | 	Train Accuracy     : 0.8256
Valid Loss     : 0.5800	 | 	Valid Accuracy     : 0.7368

Epoch : 7
Train Loss     : 0.4286	 | 	Train Accuracy     : 0.8232
Valid Loss     : 0.6004	 | 	Valid Accuracy     : 0.7314

Epoch : 8
Train Loss     : 0.4140	 | 	Train Accuracy     : 0.8256
Valid Loss     : 0.5916	 | 	Valid Accuracy     : 0.7388

Epoch : 9
Train Loss     : 0.4240	 | 	Train Accuracy     : 0.8207
Valid Loss     : 0.6447	 | 	Valid Accuracy     : 0.7197

Epoch : 10
Train Loss     : 0.4249	 | 	Train Accuracy     : 0.8227
Valid Loss     : 0.5950	 | 	Valid Accuracy     : 0.7451

Epoch : 11
Train Loss     : 0.4179	 | 	Train Accuracy     : 0.8263
Valid Loss     : 0.6335	 | 	Valid Accuracy     : 0.7300

Epoch : 12
Train Loss     : 0.4106	 | 	Train Accuracy     : 0.8315
Valid Loss     : 0.6332	 | 	Valid Accuracy     : 0.7266

Epoch : 13
Train Loss     : 0.3810	 | 	Train Accuracy     : 0.8519
Valid Loss     : 0.6276	 | 	Valid Accuracy     : 0.7271

Epoch : 14
Train Loss     : 0.3843	 | 	Train Accuracy     : 0.8431
Valid Loss     : 0.6162	 | 	Valid Accuracy     : 0.7349

Epoch : 15
Train Loss     : 0.3983	 | 	Train Accuracy     : 0.8319
Valid Loss     : 0.6037	 | 	Valid Accuracy     : 0.7451

Epoch : 16
Train Loss     : 0.3797	 | 	Train Accuracy     : 0.8471
Valid Loss     : 0.6137	 | 	Valid Accuracy     : 0.7422

Epoch : 17
Train Loss     : 0.3927	 | 	Train Accuracy     : 0.8404
Valid Loss     : 0.6551	 | 	Valid Accuracy     : 0.7329

Epoch : 18
Train Loss     : 0.3663	 | 	Train Accuracy     : 0.8512
Valid Loss     : 0.6295	 | 	Valid Accuracy     : 0.7417

Epoch : 19
Train Loss     : 0.3555	 | 	Train Accuracy     : 0.8599
Valid Loss     : 0.6384	 | 	Valid Accuracy     : 0.7373

Epoch : 20
Train Loss     : 0.3575	 | 	Train Accuracy     : 0.8556
Valid Loss     : 0.6263	 | 	Valid Accuracy     : 0.7407

Epoch : 21
Train Loss     : 0.3534	 | 	Train Accuracy     : 0.8578
Valid Loss     : 0.6226	 | 	Valid Accuracy     : 0.7397

Epoch : 22
Train Loss     : 0.3543	 | 	Train Accuracy     : 0.8565
Valid Loss     : 0.6187	 | 	Valid Accuracy     : 0.7397

Epoch : 23
Train Loss     : 0.3577	 | 	Train Accuracy     : 0.8556
Valid Loss     : 0.6200	 | 	Valid Accuracy     : 0.7397

Epoch : 24
Train Loss     : 0.3550	 | 	Train Accuracy     : 0.8584
Valid Loss     : 0.6282	 | 	Valid Accuracy     : 0.7324

Epoch : 25
Train Loss     : 0.3549	 | 	Train Accuracy     : 0.8580
Valid Loss     : 0.6027	 | 	Valid Accuracy     : 0.7402

Epoch : 26
Train Loss     : 0.3539	 | 	Train Accuracy     : 0.8572
Valid Loss     : 0.6337	 | 	Valid Accuracy     : 0.7378

Epoch : 27
Train Loss     : 0.3465	 | 	Train Accuracy     : 0.8623
Valid Loss     : 0.6373	 | 	Valid Accuracy     : 0.7363

Epoch : 28
Train Loss     : 0.3519	 | 	Train Accuracy     : 0.8621
Valid Loss     : 0.6222	 | 	Valid Accuracy     : 0.7412

Epoch : 29
Train Loss     : 0.3518	 | 	Train Accuracy     : 0.8584
Valid Loss     : 0.6170	 | 	Valid Accuracy     : 0.7407

Epoch : 30
Train Loss     : 0.3500	 | 	Train Accuracy     : 0.8626
Valid Loss     : 0.6088	 | 	Valid Accuracy     : 0.7461

Evaluate on the Test set:
Test loss      :0.9846	 | Test Accuracy      : 0.6575 | Test AUPRC      : 0.5356
tensor([0.8273, 0.8188, 0.9752, 0.7432, 0.7088, 0.8873, 0.8672, 0.7979, 0.8250,
        0.8618, 0.8401, 0.8757, 0.9272, 0.8665, 0.7479, 0.7733, 0.7689, 0.8174,
        0.6758, 0.8432, 0.8784, 0.7738, 1.0144, 1.0654, 0.9154, 0.8461, 0.7618,
        0.7724, 0.7788, 0.7128, 0.6758, 0.8079, 0.8400, 0.8479, 0.7235, 0.7056,
        0.8252, 0.8889, 0.7861, 0.7412, 0.8490, 0.9072, 0.7627, 0.6934, 0.7883,
        0.7820, 0.7389, 0.8010, 0.6902, 0.7713, 0.8486, 0.7708, 0.6915, 0.6665,
        0.7464, 0.6975, 0.7029, 0.6748, 0.8173, 0.8012, 0.8304, 0.8134],
       device='cuda:0', grad_fn=<SqueezeBackward1>)

################## Training is Done! #########################
Training time is : 0:00:50.096130
