=============================================
Dataset: SEED
Method:  TS-TCC
Mode:    train_linear
=============================================
Data loaded ...
Subjet 5
if scale True
Training started ....

Epoch : 1
Train Loss     : 1.1370	 | 	Train Accuracy     : 0.5177
Valid Loss     : 1.5079	 | 	Valid Accuracy     : 0.5601

Epoch : 2
Train Loss     : 0.7256	 | 	Train Accuracy     : 0.6987
Valid Loss     : 1.5761	 | 	Valid Accuracy     : 0.5151

Epoch : 3
Train Loss     : 0.6324	 | 	Train Accuracy     : 0.7315
Valid Loss     : 1.2580	 | 	Valid Accuracy     : 0.5439

Epoch : 4
Train Loss     : 0.5884	 | 	Train Accuracy     : 0.7604
Valid Loss     : 1.3036	 | 	Valid Accuracy     : 0.5527

Epoch : 5
Train Loss     : 0.5304	 | 	Train Accuracy     : 0.7937
Valid Loss     : 1.2229	 | 	Valid Accuracy     : 0.5522

Epoch : 6
Train Loss     : 0.5405	 | 	Train Accuracy     : 0.7849
Valid Loss     : 1.2984	 | 	Valid Accuracy     : 0.5508

Epoch : 7
Train Loss     : 0.5097	 | 	Train Accuracy     : 0.7987
Valid Loss     : 1.4758	 | 	Valid Accuracy     : 0.5391

Epoch : 8
Train Loss     : 0.4552	 | 	Train Accuracy     : 0.8305
Valid Loss     : 1.6701	 | 	Valid Accuracy     : 0.5249

Epoch : 9
Train Loss     : 0.4508	 | 	Train Accuracy     : 0.8234
Valid Loss     : 1.3273	 | 	Valid Accuracy     : 0.5317

Epoch : 10
Train Loss     : 0.4683	 | 	Train Accuracy     : 0.8188
Valid Loss     : 1.5594	 | 	Valid Accuracy     : 0.5288

Epoch : 11
Train Loss     : 0.4356	 | 	Train Accuracy     : 0.8305
Valid Loss     : 1.5450	 | 	Valid Accuracy     : 0.5298

Epoch : 12
Train Loss     : 0.4633	 | 	Train Accuracy     : 0.8203
Valid Loss     : 1.6664	 | 	Valid Accuracy     : 0.5210

Epoch : 13
Train Loss     : 0.4651	 | 	Train Accuracy     : 0.8172
Valid Loss     : 1.4435	 | 	Valid Accuracy     : 0.5190

Epoch : 14
Train Loss     : 0.4454	 | 	Train Accuracy     : 0.8245
Valid Loss     : 1.4870	 | 	Valid Accuracy     : 0.5132

Epoch : 15
Train Loss     : 0.4472	 | 	Train Accuracy     : 0.8286
Valid Loss     : 1.4887	 | 	Valid Accuracy     : 0.5269

Epoch : 16
Train Loss     : 0.4467	 | 	Train Accuracy     : 0.8227
Valid Loss     : 1.8161	 | 	Valid Accuracy     : 0.5239

Epoch : 17
Train Loss     : 0.4018	 | 	Train Accuracy     : 0.8547
Valid Loss     : 1.5783	 | 	Valid Accuracy     : 0.5151

Epoch : 18
Train Loss     : 0.3820	 | 	Train Accuracy     : 0.8589
Valid Loss     : 1.6889	 | 	Valid Accuracy     : 0.5166

Epoch : 19
Train Loss     : 0.3889	 | 	Train Accuracy     : 0.8638
Valid Loss     : 1.5777	 | 	Valid Accuracy     : 0.5205

Epoch : 20
Train Loss     : 0.4006	 | 	Train Accuracy     : 0.8477
Valid Loss     : 1.6535	 | 	Valid Accuracy     : 0.5137

Epoch : 21
Train Loss     : 0.4067	 | 	Train Accuracy     : 0.8497
Valid Loss     : 1.6089	 | 	Valid Accuracy     : 0.5190

Epoch : 22
Train Loss     : 0.3919	 | 	Train Accuracy     : 0.8573
Valid Loss     : 1.6053	 | 	Valid Accuracy     : 0.5161

Epoch : 23
Train Loss     : 0.3882	 | 	Train Accuracy     : 0.8583
Valid Loss     : 1.6579	 | 	Valid Accuracy     : 0.5127

Epoch : 24
Train Loss     : 0.3938	 | 	Train Accuracy     : 0.8456
Valid Loss     : 1.5911	 | 	Valid Accuracy     : 0.5151

Epoch : 25
Train Loss     : 0.3859	 | 	Train Accuracy     : 0.8604
Valid Loss     : 1.6500	 | 	Valid Accuracy     : 0.5146

Epoch : 26
Train Loss     : 0.3899	 | 	Train Accuracy     : 0.8529
Valid Loss     : 1.6261	 | 	Valid Accuracy     : 0.5146

Epoch : 27
Train Loss     : 0.3923	 | 	Train Accuracy     : 0.8490
Valid Loss     : 1.6818	 | 	Valid Accuracy     : 0.5176

Epoch : 28
Train Loss     : 0.3984	 | 	Train Accuracy     : 0.8521
Valid Loss     : 1.6299	 | 	Valid Accuracy     : 0.5205

Epoch : 29
Train Loss     : 0.3776	 | 	Train Accuracy     : 0.8552
Valid Loss     : 1.6052	 | 	Valid Accuracy     : 0.5137

Epoch : 30
Train Loss     : 0.3918	 | 	Train Accuracy     : 0.8497
Valid Loss     : 1.6092	 | 	Valid Accuracy     : 0.5166

Evaluate on the Test set:
Test loss      :1.5173	 | Test Accuracy      : 0.5484 | Test AUPRC      : 0.5104
tensor([0.8578, 0.8753, 0.9617, 0.8423, 0.9018, 0.9397, 0.9301, 0.8463, 0.8504,
        0.8725, 0.9328, 0.8565, 0.9469, 0.9459, 0.9377, 0.8713, 0.8853, 0.8528,
        0.8613, 0.9058, 0.9634, 0.9102, 0.9226, 1.0215, 0.9645, 0.9654, 0.9372,
        0.8823, 0.8852, 0.7971, 0.9289, 0.9849, 0.9831, 0.9293, 0.7810, 0.9077,
        0.8869, 0.7962, 0.8721, 0.9311, 0.9329, 0.9870, 0.8218, 0.9390, 0.9361,
        0.8741, 0.9012, 0.8489, 0.8328, 0.9328, 0.8063, 0.8693, 0.8261, 0.8876,
        0.7850, 0.7975, 0.8315, 0.9670, 0.9330, 0.8369, 0.9138, 0.8846],
       device='cuda:0', grad_fn=<SqueezeBackward1>)

################## Training is Done! #########################
Training time is : 0:00:35.636309
