=============================================
Dataset: SEED
Method:  TS-TCC
Mode:    train_linear
=============================================
Data loaded ...
Subjet 1
if scale True
Training started ....

Epoch : 1
Train Loss     : 1.1395	 | 	Train Accuracy     : 0.5344
Valid Loss     : 2.9049	 | 	Valid Accuracy     : 0.3433

Epoch : 2
Train Loss     : 0.7142	 | 	Train Accuracy     : 0.7154
Valid Loss     : 1.6298	 | 	Valid Accuracy     : 0.4282

Epoch : 3
Train Loss     : 0.6372	 | 	Train Accuracy     : 0.7560
Valid Loss     : 1.3705	 | 	Valid Accuracy     : 0.4619

Epoch : 4
Train Loss     : 0.6315	 | 	Train Accuracy     : 0.7656
Valid Loss     : 1.3488	 | 	Valid Accuracy     : 0.5181

Epoch : 5
Train Loss     : 0.5822	 | 	Train Accuracy     : 0.7758
Valid Loss     : 1.3126	 | 	Valid Accuracy     : 0.5190

Epoch : 6
Train Loss     : 0.5658	 | 	Train Accuracy     : 0.7841
Valid Loss     : 1.1458	 | 	Valid Accuracy     : 0.6021

Epoch : 7
Train Loss     : 0.5553	 | 	Train Accuracy     : 0.7852
Valid Loss     : 1.1159	 | 	Valid Accuracy     : 0.6094

Epoch : 8
Train Loss     : 0.5648	 | 	Train Accuracy     : 0.7727
Valid Loss     : 1.2177	 | 	Valid Accuracy     : 0.5874

Epoch : 9
Train Loss     : 0.5477	 | 	Train Accuracy     : 0.7862
Valid Loss     : 1.2746	 | 	Valid Accuracy     : 0.5439

Epoch : 10
Train Loss     : 0.5672	 | 	Train Accuracy     : 0.7677
Valid Loss     : 1.2049	 | 	Valid Accuracy     : 0.5708

Epoch : 11
Train Loss     : 0.5131	 | 	Train Accuracy     : 0.7974
Valid Loss     : 1.1862	 | 	Valid Accuracy     : 0.6050

Epoch : 12
Train Loss     : 0.5171	 | 	Train Accuracy     : 0.8010
Valid Loss     : 1.2195	 | 	Valid Accuracy     : 0.5679

Epoch : 13
Train Loss     : 0.5102	 | 	Train Accuracy     : 0.8000
Valid Loss     : 1.2560	 | 	Valid Accuracy     : 0.5327

Epoch : 14
Train Loss     : 0.5449	 | 	Train Accuracy     : 0.7786
Valid Loss     : 1.2749	 | 	Valid Accuracy     : 0.5161

Epoch : 15
Train Loss     : 0.4989	 | 	Train Accuracy     : 0.8102
Valid Loss     : 1.1853	 | 	Valid Accuracy     : 0.5850

Epoch : 16
Train Loss     : 0.5063	 | 	Train Accuracy     : 0.7997
Valid Loss     : 1.2594	 | 	Valid Accuracy     : 0.5356

Epoch : 17
Train Loss     : 0.5040	 | 	Train Accuracy     : 0.7966
Valid Loss     : 1.1870	 | 	Valid Accuracy     : 0.5151

Epoch : 18
Train Loss     : 0.4800	 | 	Train Accuracy     : 0.8112
Valid Loss     : 1.2062	 | 	Valid Accuracy     : 0.5381

Epoch : 19
Train Loss     : 0.4782	 | 	Train Accuracy     : 0.8172
Valid Loss     : 1.2032	 | 	Valid Accuracy     : 0.5605

Epoch : 20
Train Loss     : 0.4632	 | 	Train Accuracy     : 0.8229
Valid Loss     : 1.1832	 | 	Valid Accuracy     : 0.5410

Epoch : 21
Train Loss     : 0.4617	 | 	Train Accuracy     : 0.8219
Valid Loss     : 1.1848	 | 	Valid Accuracy     : 0.5503

Epoch : 22
Train Loss     : 0.4645	 | 	Train Accuracy     : 0.8253
Valid Loss     : 1.1947	 | 	Valid Accuracy     : 0.5542

Epoch : 23
Train Loss     : 0.4567	 | 	Train Accuracy     : 0.8331
Valid Loss     : 1.1976	 | 	Valid Accuracy     : 0.5625

Epoch : 24
Train Loss     : 0.4713	 | 	Train Accuracy     : 0.8177
Valid Loss     : 1.1506	 | 	Valid Accuracy     : 0.5435

Epoch : 25
Train Loss     : 0.4605	 | 	Train Accuracy     : 0.8245
Valid Loss     : 1.1953	 | 	Valid Accuracy     : 0.5415

Epoch : 26
Train Loss     : 0.4506	 | 	Train Accuracy     : 0.8333
Valid Loss     : 1.2195	 | 	Valid Accuracy     : 0.5498

Epoch : 27
Train Loss     : 0.4489	 | 	Train Accuracy     : 0.8341
Valid Loss     : 1.2449	 | 	Valid Accuracy     : 0.5410

Epoch : 28
Train Loss     : 0.4607	 | 	Train Accuracy     : 0.8313
Valid Loss     : 1.2681	 | 	Valid Accuracy     : 0.5513

Epoch : 29
Train Loss     : 0.4654	 | 	Train Accuracy     : 0.8232
Valid Loss     : 1.1420	 | 	Valid Accuracy     : 0.5586

Epoch : 30
Train Loss     : 0.4505	 | 	Train Accuracy     : 0.8281
Valid Loss     : 1.1903	 | 	Valid Accuracy     : 0.5684

Evaluate on the Test set:
Test loss      :0.8739	 | Test Accuracy      : 0.6454 | Test AUPRC      : 0.5477
tensor([0.8123, 0.8174, 0.9298, 0.9312, 0.8364, 0.8409, 0.8285, 0.7899, 0.8441,
        0.8262, 0.9038, 0.8727, 0.9635, 0.9147, 0.8764, 0.8744, 0.8792, 0.7790,
        0.7950, 0.9760, 0.8957, 0.8440, 0.9425, 1.0182, 0.9196, 0.9090, 0.8561,
        0.8122, 0.8404, 0.7909, 0.8171, 0.8428, 0.8463, 0.8176, 0.8013, 0.8546,
        0.8912, 0.8801, 0.8778, 0.7858, 0.9597, 0.9285, 0.8844, 0.9316, 0.8772,
        0.8990, 0.7896, 0.8220, 0.8687, 0.9870, 0.7908, 0.8031, 0.7850, 0.7962,
        0.7863, 0.8506, 0.7940, 0.9096, 0.9131, 0.7840, 0.8947, 0.8469],
       device='cuda:0', grad_fn=<SqueezeBackward1>)

################## Training is Done! #########################
Training time is : 0:00:39.504839
