=============================================
Dataset: SEED
Method:  TS-TCC
Mode:    train_linear
=============================================
Data loaded ...
Subjet 7
if scale True
Training started ....

Epoch : 1
Train Loss     : 1.3355	 | 	Train Accuracy     : 0.4508
Valid Loss     : 1.5882	 | 	Valid Accuracy     : 0.3657

Epoch : 2
Train Loss     : 0.7038	 | 	Train Accuracy     : 0.7156
Valid Loss     : 1.2003	 | 	Valid Accuracy     : 0.4980

Epoch : 3
Train Loss     : 0.5495	 | 	Train Accuracy     : 0.7727
Valid Loss     : 0.7838	 | 	Valid Accuracy     : 0.6284

Epoch : 4
Train Loss     : 0.4990	 | 	Train Accuracy     : 0.7937
Valid Loss     : 0.6772	 | 	Valid Accuracy     : 0.6909

Epoch : 5
Train Loss     : 0.4647	 | 	Train Accuracy     : 0.8122
Valid Loss     : 0.5722	 | 	Valid Accuracy     : 0.7607

Epoch : 6
Train Loss     : 0.4271	 | 	Train Accuracy     : 0.8247
Valid Loss     : 0.5569	 | 	Valid Accuracy     : 0.7812

Epoch : 7
Train Loss     : 0.4100	 | 	Train Accuracy     : 0.8339
Valid Loss     : 0.5529	 | 	Valid Accuracy     : 0.7710

Epoch : 8
Train Loss     : 0.4059	 | 	Train Accuracy     : 0.8375
Valid Loss     : 0.5501	 | 	Valid Accuracy     : 0.7754

Epoch : 9
Train Loss     : 0.4021	 | 	Train Accuracy     : 0.8427
Valid Loss     : 0.6235	 | 	Valid Accuracy     : 0.7549

Epoch : 10
Train Loss     : 0.4034	 | 	Train Accuracy     : 0.8331
Valid Loss     : 0.5787	 | 	Valid Accuracy     : 0.7622

Epoch : 11
Train Loss     : 0.3773	 | 	Train Accuracy     : 0.8464
Valid Loss     : 0.6173	 | 	Valid Accuracy     : 0.7534

Epoch : 12
Train Loss     : 0.3900	 | 	Train Accuracy     : 0.8469
Valid Loss     : 0.6296	 | 	Valid Accuracy     : 0.7427

Epoch : 13
Train Loss     : 0.3958	 | 	Train Accuracy     : 0.8346
Valid Loss     : 0.5951	 | 	Valid Accuracy     : 0.7505

Epoch : 14
Train Loss     : 0.3804	 | 	Train Accuracy     : 0.8479
Valid Loss     : 0.5992	 | 	Valid Accuracy     : 0.7563

Epoch : 15
Train Loss     : 0.3579	 | 	Train Accuracy     : 0.8510
Valid Loss     : 0.5944	 | 	Valid Accuracy     : 0.7544

Epoch : 16
Train Loss     : 0.3598	 | 	Train Accuracy     : 0.8576
Valid Loss     : 0.6120	 | 	Valid Accuracy     : 0.7490

Epoch : 17
Train Loss     : 0.3537	 | 	Train Accuracy     : 0.8651
Valid Loss     : 0.6539	 | 	Valid Accuracy     : 0.7490

Epoch : 18
Train Loss     : 0.3459	 | 	Train Accuracy     : 0.8622
Valid Loss     : 0.6390	 | 	Valid Accuracy     : 0.7490

Epoch : 19
Train Loss     : 0.3367	 | 	Train Accuracy     : 0.8669
Valid Loss     : 0.6381	 | 	Valid Accuracy     : 0.7344

Epoch : 20
Train Loss     : 0.3429	 | 	Train Accuracy     : 0.8646
Valid Loss     : 0.6295	 | 	Valid Accuracy     : 0.7407

Epoch : 21
Train Loss     : 0.3221	 | 	Train Accuracy     : 0.8789
Valid Loss     : 0.6218	 | 	Valid Accuracy     : 0.7417

Epoch : 22
Train Loss     : 0.3200	 | 	Train Accuracy     : 0.8779
Valid Loss     : 0.6276	 | 	Valid Accuracy     : 0.7427

Epoch : 23
Train Loss     : 0.3189	 | 	Train Accuracy     : 0.8734
Valid Loss     : 0.6386	 | 	Valid Accuracy     : 0.7417

Epoch : 24
Train Loss     : 0.3182	 | 	Train Accuracy     : 0.8753
Valid Loss     : 0.6322	 | 	Valid Accuracy     : 0.7393

Epoch : 25
Train Loss     : 0.3244	 | 	Train Accuracy     : 0.8687
Valid Loss     : 0.6495	 | 	Valid Accuracy     : 0.7427

Epoch : 26
Train Loss     : 0.3266	 | 	Train Accuracy     : 0.8763
Valid Loss     : 0.6254	 | 	Valid Accuracy     : 0.7393

Epoch : 27
Train Loss     : 0.3181	 | 	Train Accuracy     : 0.8776
Valid Loss     : 0.6310	 | 	Valid Accuracy     : 0.7412

Epoch : 28
Train Loss     : 0.3206	 | 	Train Accuracy     : 0.8771
Valid Loss     : 0.6329	 | 	Valid Accuracy     : 0.7407

Epoch : 29
Train Loss     : 0.3205	 | 	Train Accuracy     : 0.8750
Valid Loss     : 0.6473	 | 	Valid Accuracy     : 0.7417

Epoch : 30
Train Loss     : 0.3201	 | 	Train Accuracy     : 0.8797
Valid Loss     : 0.6482	 | 	Valid Accuracy     : 0.7397

Evaluate on the Test set:
Test loss      :1.0246	 | Test Accuracy      : 0.6069 | Test AUPRC      : 0.5448
tensor([0.8118, 0.8291, 0.9832, 0.8633, 0.9426, 0.9026, 0.9845, 0.7754, 0.8222,
        0.8255, 0.8281, 0.8573, 0.8789, 0.8720, 0.8840, 0.8798, 0.8830, 0.8271,
        0.7560, 0.8522, 0.8822, 0.8061, 0.8954, 1.0710, 0.9373, 0.9398, 0.9084,
        0.8342, 0.7815, 0.8041, 0.8434, 0.8906, 0.9366, 0.8145, 0.7573, 0.8503,
        0.8645, 0.7875, 0.8647, 0.8548, 0.8653, 0.8555, 0.8649, 0.8828, 0.9033,
        0.8844, 0.8375, 0.8534, 0.8476, 0.7809, 0.7855, 0.7953, 0.7590, 0.8291,
        0.7962, 0.7319, 0.8104, 0.9717, 0.9549, 0.8674, 0.8037, 0.8692],
       device='cuda:0', grad_fn=<SqueezeBackward1>)

################## Training is Done! #########################
Training time is : 0:00:33.970974
