=============================================
Dataset: SEED
Method:  TS-TCC
Mode:    train_linear
=============================================
Data loaded ...
Subjet 8
if scale True
Training started ....

Epoch : 1
Train Loss     : 1.4479	 | 	Train Accuracy     : 0.4794
Valid Loss     : 0.8180	 | 	Valid Accuracy     : 0.5664

Epoch : 2
Train Loss     : 0.7621	 | 	Train Accuracy     : 0.6713
Valid Loss     : 0.6569	 | 	Valid Accuracy     : 0.7109

Epoch : 3
Train Loss     : 0.5998	 | 	Train Accuracy     : 0.7394
Valid Loss     : 0.7971	 | 	Valid Accuracy     : 0.6714

Epoch : 4
Train Loss     : 0.4679	 | 	Train Accuracy     : 0.7980
Valid Loss     : 0.5150	 | 	Valid Accuracy     : 0.7671

Epoch : 5
Train Loss     : 0.4222	 | 	Train Accuracy     : 0.8248
Valid Loss     : 0.6740	 | 	Valid Accuracy     : 0.6680

Epoch : 6
Train Loss     : 0.3916	 | 	Train Accuracy     : 0.8382
Valid Loss     : 0.5618	 | 	Valid Accuracy     : 0.7480

Epoch : 7
Train Loss     : 0.3784	 | 	Train Accuracy     : 0.8449
Valid Loss     : 0.5488	 | 	Valid Accuracy     : 0.7515

Epoch : 8
Train Loss     : 0.3522	 | 	Train Accuracy     : 0.8594
Valid Loss     : 0.5361	 | 	Valid Accuracy     : 0.7559

Epoch : 9
Train Loss     : 0.3420	 | 	Train Accuracy     : 0.8694
Valid Loss     : 0.5419	 | 	Valid Accuracy     : 0.7603

Epoch : 10
Train Loss     : 0.3182	 | 	Train Accuracy     : 0.8767
Valid Loss     : 0.5499	 | 	Valid Accuracy     : 0.7637

Epoch : 11
Train Loss     : 0.3342	 | 	Train Accuracy     : 0.8655
Valid Loss     : 0.5797	 | 	Valid Accuracy     : 0.7578

Epoch : 12
Train Loss     : 0.3191	 | 	Train Accuracy     : 0.8800
Valid Loss     : 0.6934	 | 	Valid Accuracy     : 0.7236

Epoch : 13
Train Loss     : 0.3104	 | 	Train Accuracy     : 0.8772
Valid Loss     : 0.6540	 | 	Valid Accuracy     : 0.7417

Epoch : 14
Train Loss     : 0.3173	 | 	Train Accuracy     : 0.8744
Valid Loss     : 0.6239	 | 	Valid Accuracy     : 0.7515

Epoch : 15
Train Loss     : 0.2984	 | 	Train Accuracy     : 0.8862
Valid Loss     : 0.5536	 | 	Valid Accuracy     : 0.7734

Epoch : 16
Train Loss     : 0.2929	 | 	Train Accuracy     : 0.8940
Valid Loss     : 0.6120	 | 	Valid Accuracy     : 0.7568

Epoch : 17
Train Loss     : 0.2805	 | 	Train Accuracy     : 0.8979
Valid Loss     : 0.6413	 | 	Valid Accuracy     : 0.7471

Epoch : 18
Train Loss     : 0.2866	 | 	Train Accuracy     : 0.8895
Valid Loss     : 0.6151	 | 	Valid Accuracy     : 0.7559

Epoch : 19
Train Loss     : 0.2821	 | 	Train Accuracy     : 0.9051
Valid Loss     : 0.6067	 | 	Valid Accuracy     : 0.7583

Epoch : 20
Train Loss     : 0.2887	 | 	Train Accuracy     : 0.8962
Valid Loss     : 0.6378	 | 	Valid Accuracy     : 0.7510

Epoch : 21
Train Loss     : 0.2758	 | 	Train Accuracy     : 0.9035
Valid Loss     : 0.6102	 | 	Valid Accuracy     : 0.7603

Epoch : 22
Train Loss     : 0.2822	 | 	Train Accuracy     : 0.8951
Valid Loss     : 0.5993	 | 	Valid Accuracy     : 0.7612

Epoch : 23
Train Loss     : 0.2727	 | 	Train Accuracy     : 0.9007
Valid Loss     : 0.6347	 | 	Valid Accuracy     : 0.7510

Epoch : 24
Train Loss     : 0.2736	 | 	Train Accuracy     : 0.9001
Valid Loss     : 0.6149	 | 	Valid Accuracy     : 0.7578

Epoch : 25
Train Loss     : 0.2772	 | 	Train Accuracy     : 0.8962
Valid Loss     : 0.6140	 | 	Valid Accuracy     : 0.7583

Epoch : 26
Train Loss     : 0.2779	 | 	Train Accuracy     : 0.8962
Valid Loss     : 0.6386	 | 	Valid Accuracy     : 0.7505

Epoch : 27
Train Loss     : 0.2787	 | 	Train Accuracy     : 0.8990
Valid Loss     : 0.6378	 | 	Valid Accuracy     : 0.7505

Epoch : 28
Train Loss     : 0.2660	 | 	Train Accuracy     : 0.8990
Valid Loss     : 0.6314	 | 	Valid Accuracy     : 0.7534

Epoch : 29
Train Loss     : 0.2743	 | 	Train Accuracy     : 0.9012
Valid Loss     : 0.6216	 | 	Valid Accuracy     : 0.7559

Epoch : 30
Train Loss     : 0.2696	 | 	Train Accuracy     : 0.9074
Valid Loss     : 0.6218	 | 	Valid Accuracy     : 0.7578

Evaluate on the Test set:
Test loss      :0.8898	 | Test Accuracy      : 0.6659 | Test AUPRC      : 0.5937
tensor([0.9332, 0.9379, 1.0052, 0.9741, 0.9199, 0.9634, 0.9476, 0.9365, 0.9268,
        0.9396, 0.9704, 0.9362, 0.9287, 0.9233, 0.9269, 0.9446, 0.9282, 0.9250,
        0.9156, 0.9481, 0.9723, 0.9217, 0.9551, 0.9971, 0.9592, 0.9343, 0.9393,
        0.9141, 0.9318, 0.9248, 0.9502, 0.9680, 0.9698, 0.9078, 0.9131, 0.9458,
        0.9413, 0.9255, 0.9517, 0.9157, 0.9982, 0.9405, 0.9360, 0.9346, 0.9459,
        0.9384, 0.9214, 0.9342, 0.9307, 0.9087, 0.9247, 0.9198, 0.9249, 0.9395,
        0.9343, 0.8920, 0.9228, 0.9452, 0.9463, 0.9329, 0.9529, 0.9285],
       device='cuda:0', grad_fn=<SqueezeBackward1>)

################## Training is Done! #########################
Training time is : 0:00:25.272149
