=============================================
Dataset: SEED
Method:  TS-TCC
Mode:    train_linear
=============================================
Data loaded ...
Subjet 15
if scale True
Training started ....

Epoch : 1
Train Loss     : 0.7688	 | 	Train Accuracy     : 0.6917
Valid Loss     : 0.4617	 | 	Valid Accuracy     : 0.7939

Epoch : 2
Train Loss     : 0.3100	 | 	Train Accuracy     : 0.8802
Valid Loss     : 0.3131	 | 	Valid Accuracy     : 0.9023

Epoch : 3
Train Loss     : 0.2226	 | 	Train Accuracy     : 0.9276
Valid Loss     : 0.3925	 | 	Valid Accuracy     : 0.8926

Epoch : 4
Train Loss     : 0.1888	 | 	Train Accuracy     : 0.9365
Valid Loss     : 0.3834	 | 	Valid Accuracy     : 0.8911

Epoch : 5
Train Loss     : 0.1692	 | 	Train Accuracy     : 0.9490
Valid Loss     : 0.3527	 | 	Valid Accuracy     : 0.8926

Epoch : 6
Train Loss     : 0.1521	 | 	Train Accuracy     : 0.9534
Valid Loss     : 0.2794	 | 	Valid Accuracy     : 0.9019

Epoch : 7
Train Loss     : 0.1406	 | 	Train Accuracy     : 0.9570
Valid Loss     : 0.2716	 | 	Valid Accuracy     : 0.9126

Epoch : 8
Train Loss     : 0.1339	 | 	Train Accuracy     : 0.9599
Valid Loss     : 0.3265	 | 	Valid Accuracy     : 0.9141

Epoch : 9
Train Loss     : 0.1358	 | 	Train Accuracy     : 0.9557
Valid Loss     : 0.3413	 | 	Valid Accuracy     : 0.8857

Epoch : 10
Train Loss     : 0.1256	 | 	Train Accuracy     : 0.9583
Valid Loss     : 0.3227	 | 	Valid Accuracy     : 0.8940

Epoch : 11
Train Loss     : 0.1250	 | 	Train Accuracy     : 0.9617
Valid Loss     : 0.3254	 | 	Valid Accuracy     : 0.9009

Epoch : 12
Train Loss     : 0.1224	 | 	Train Accuracy     : 0.9604
Valid Loss     : 0.3050	 | 	Valid Accuracy     : 0.8906

Epoch : 13
Train Loss     : 0.1366	 | 	Train Accuracy     : 0.9474
Valid Loss     : 0.3367	 | 	Valid Accuracy     : 0.8857

Epoch : 14
Train Loss     : 0.1145	 | 	Train Accuracy     : 0.9609
Valid Loss     : 0.3581	 | 	Valid Accuracy     : 0.9199

Epoch : 15
Train Loss     : 0.1125	 | 	Train Accuracy     : 0.9622
Valid Loss     : 0.3115	 | 	Valid Accuracy     : 0.9209

Epoch : 16
Train Loss     : 0.1045	 | 	Train Accuracy     : 0.9669
Valid Loss     : 0.3578	 | 	Valid Accuracy     : 0.9043

Epoch : 17
Train Loss     : 0.1016	 | 	Train Accuracy     : 0.9667
Valid Loss     : 0.4892	 | 	Valid Accuracy     : 0.8652

Epoch : 18
Train Loss     : 0.1084	 | 	Train Accuracy     : 0.9625
Valid Loss     : 0.4190	 | 	Valid Accuracy     : 0.9102

Epoch : 19
Train Loss     : 0.0923	 | 	Train Accuracy     : 0.9698
Valid Loss     : 0.4072	 | 	Valid Accuracy     : 0.8901

Epoch : 20
Train Loss     : 0.0907	 | 	Train Accuracy     : 0.9727
Valid Loss     : 0.3952	 | 	Valid Accuracy     : 0.9028

Epoch : 21
Train Loss     : 0.0890	 | 	Train Accuracy     : 0.9734
Valid Loss     : 0.3617	 | 	Valid Accuracy     : 0.8994

Epoch : 22
Train Loss     : 0.0892	 | 	Train Accuracy     : 0.9747
Valid Loss     : 0.4272	 | 	Valid Accuracy     : 0.8950

Epoch : 23
Train Loss     : 0.0886	 | 	Train Accuracy     : 0.9755
Valid Loss     : 0.4621	 | 	Valid Accuracy     : 0.8921

Epoch : 24
Train Loss     : 0.0934	 | 	Train Accuracy     : 0.9719
Valid Loss     : 0.4188	 | 	Valid Accuracy     : 0.8823

Epoch : 25
Train Loss     : 0.0904	 | 	Train Accuracy     : 0.9703
Valid Loss     : 0.4534	 | 	Valid Accuracy     : 0.8936

Epoch : 26
Train Loss     : 0.0864	 | 	Train Accuracy     : 0.9758
Valid Loss     : 0.4403	 | 	Valid Accuracy     : 0.8867

Epoch : 27
Train Loss     : 0.0913	 | 	Train Accuracy     : 0.9714
Valid Loss     : 0.4442	 | 	Valid Accuracy     : 0.9028

Epoch : 28
Train Loss     : 0.0865	 | 	Train Accuracy     : 0.9753
Valid Loss     : 0.4380	 | 	Valid Accuracy     : 0.8979

Epoch : 29
Train Loss     : 0.0886	 | 	Train Accuracy     : 0.9714
Valid Loss     : 0.4062	 | 	Valid Accuracy     : 0.8945

Epoch : 30
Train Loss     : 0.0851	 | 	Train Accuracy     : 0.9763
Valid Loss     : 0.3791	 | 	Valid Accuracy     : 0.8960

Evaluate on the Test set:
Test loss      :1.1419	 | Test Accuracy      : 0.7392 | Test AUPRC      : 0.5467
tensor([0.8342, 0.8055, 0.9863, 1.0106, 0.8032, 0.7949, 0.8704, 0.8097, 0.8299,
        0.8152, 0.8639, 0.7698, 0.8785, 0.8458, 0.9419, 0.8727, 0.7852, 0.8422,
        0.8587, 0.8508, 0.7934, 0.7626, 0.8797, 1.0134, 0.9036, 0.7825, 0.7864,
        0.7572, 0.7539, 0.7684, 0.8770, 0.9401, 0.8814, 0.7484, 0.8164, 0.7914,
        0.8549, 0.7747, 0.8562, 0.9333, 0.8839, 0.8935, 0.7648, 0.7518, 0.8675,
        0.7964, 0.7621, 0.7651, 0.8076, 0.8071, 0.7669, 0.7681, 0.7895, 0.7816,
        0.7718, 0.7410, 0.7691, 0.9249, 0.9479, 0.7756, 0.8784, 0.7687],
       device='cuda:0', grad_fn=<SqueezeBackward1>)

################## Training is Done! #########################
Training time is : 0:00:36.604803
