=============================================
Dataset: SEED
Method:  TS-TCC
Mode:    train_linear
=============================================
Data loaded ...
Subjet 3
if scale True
Training started ....

Epoch : 1
Train Loss     : 1.1113	 | 	Train Accuracy     : 0.5052
Valid Loss     : 1.4447	 | 	Valid Accuracy     : 0.3706

Epoch : 2
Train Loss     : 0.7011	 | 	Train Accuracy     : 0.6919
Valid Loss     : 1.1702	 | 	Valid Accuracy     : 0.5801

Epoch : 3
Train Loss     : 0.6360	 | 	Train Accuracy     : 0.7286
Valid Loss     : 0.7479	 | 	Valid Accuracy     : 0.6929

Epoch : 4
Train Loss     : 0.5997	 | 	Train Accuracy     : 0.7461
Valid Loss     : 0.8681	 | 	Valid Accuracy     : 0.6440

Epoch : 5
Train Loss     : 0.5699	 | 	Train Accuracy     : 0.7685
Valid Loss     : 0.8433	 | 	Valid Accuracy     : 0.6631

Epoch : 6
Train Loss     : 0.5366	 | 	Train Accuracy     : 0.7893
Valid Loss     : 0.9141	 | 	Valid Accuracy     : 0.6509

Epoch : 7
Train Loss     : 0.5090	 | 	Train Accuracy     : 0.7966
Valid Loss     : 1.1114	 | 	Valid Accuracy     : 0.6016

Epoch : 8
Train Loss     : 0.5200	 | 	Train Accuracy     : 0.7930
Valid Loss     : 1.0326	 | 	Valid Accuracy     : 0.6191

Epoch : 9
Train Loss     : 0.5123	 | 	Train Accuracy     : 0.7888
Valid Loss     : 1.0897	 | 	Valid Accuracy     : 0.6006

Epoch : 10
Train Loss     : 0.4878	 | 	Train Accuracy     : 0.8042
Valid Loss     : 1.0358	 | 	Valid Accuracy     : 0.6118

Epoch : 11
Train Loss     : 0.4857	 | 	Train Accuracy     : 0.8076
Valid Loss     : 1.0818	 | 	Valid Accuracy     : 0.6021

Epoch : 12
Train Loss     : 0.4794	 | 	Train Accuracy     : 0.8141
Valid Loss     : 1.2845	 | 	Valid Accuracy     : 0.5718

Epoch : 13
Train Loss     : 0.4844	 | 	Train Accuracy     : 0.7956
Valid Loss     : 1.2464	 | 	Valid Accuracy     : 0.5869

Epoch : 14
Train Loss     : 0.4989	 | 	Train Accuracy     : 0.7982
Valid Loss     : 1.4569	 | 	Valid Accuracy     : 0.5474

Epoch : 15
Train Loss     : 0.4589	 | 	Train Accuracy     : 0.8195
Valid Loss     : 1.2289	 | 	Valid Accuracy     : 0.5825

Epoch : 16
Train Loss     : 0.4500	 | 	Train Accuracy     : 0.8250
Valid Loss     : 1.3210	 | 	Valid Accuracy     : 0.5835

Epoch : 17
Train Loss     : 0.4425	 | 	Train Accuracy     : 0.8234
Valid Loss     : 1.2196	 | 	Valid Accuracy     : 0.5894

Epoch : 18
Train Loss     : 0.4414	 | 	Train Accuracy     : 0.8255
Valid Loss     : 1.2692	 | 	Valid Accuracy     : 0.5806

Epoch : 19
Train Loss     : 0.4249	 | 	Train Accuracy     : 0.8406
Valid Loss     : 1.2885	 | 	Valid Accuracy     : 0.5806

Epoch : 20
Train Loss     : 0.4373	 | 	Train Accuracy     : 0.8323
Valid Loss     : 1.2860	 | 	Valid Accuracy     : 0.5781

Epoch : 21
Train Loss     : 0.4464	 | 	Train Accuracy     : 0.8182
Valid Loss     : 1.2438	 | 	Valid Accuracy     : 0.5786

Epoch : 22
Train Loss     : 0.4345	 | 	Train Accuracy     : 0.8292
Valid Loss     : 1.3166	 | 	Valid Accuracy     : 0.5728

Epoch : 23
Train Loss     : 0.4298	 | 	Train Accuracy     : 0.8385
Valid Loss     : 1.2792	 | 	Valid Accuracy     : 0.5776

Epoch : 24
Train Loss     : 0.4443	 | 	Train Accuracy     : 0.8255
Valid Loss     : 1.3065	 | 	Valid Accuracy     : 0.5776

Epoch : 25
Train Loss     : 0.4348	 | 	Train Accuracy     : 0.8299
Valid Loss     : 1.3551	 | 	Valid Accuracy     : 0.5640

Epoch : 26
Train Loss     : 0.4347	 | 	Train Accuracy     : 0.8328
Valid Loss     : 1.3323	 | 	Valid Accuracy     : 0.5728

Epoch : 27
Train Loss     : 0.4250	 | 	Train Accuracy     : 0.8333
Valid Loss     : 1.3069	 | 	Valid Accuracy     : 0.5757

Epoch : 28
Train Loss     : 0.4304	 | 	Train Accuracy     : 0.8328
Valid Loss     : 1.2713	 | 	Valid Accuracy     : 0.5776

Epoch : 29
Train Loss     : 0.4331	 | 	Train Accuracy     : 0.8362
Valid Loss     : 1.3109	 | 	Valid Accuracy     : 0.5718

Epoch : 30
Train Loss     : 0.4289	 | 	Train Accuracy     : 0.8333
Valid Loss     : 1.2941	 | 	Valid Accuracy     : 0.5757

Evaluate on the Test set:
Test loss      :1.4974	 | Test Accuracy      : 0.5470 | Test AUPRC      : 0.4960
tensor([0.8961, 0.9218, 0.9941, 0.9583, 0.8993, 0.9832, 0.9935, 0.8536, 0.8710,
        0.8469, 0.9086, 0.8676, 0.9101, 0.9137, 0.8919, 0.8872, 0.8370, 0.8561,
        0.8081, 0.9478, 0.9022, 0.8249, 0.9317, 0.9803, 0.9815, 0.8789, 0.9402,
        0.8521, 0.8312, 0.8854, 0.8889, 0.9649, 0.9649, 0.8388, 0.8140, 0.8196,
        0.8720, 0.8439, 0.8871, 0.8611, 0.9858, 0.8456, 0.8480, 0.9311, 0.8888,
        0.8513, 0.8547, 0.8551, 0.8334, 0.8613, 0.8550, 0.8678, 0.8094, 0.8617,
        0.8157, 0.8670, 0.8971, 0.8461, 0.8431, 0.9421, 0.8941, 0.8961],
       device='cuda:0', grad_fn=<SqueezeBackward1>)

################## Training is Done! #########################
Training time is : 0:00:40.620465
