=============================================
Dataset: SEED
Method:  TS-TCC
Mode:    train_linear
=============================================
Data loaded ...
Subjet 7
if scale True
Training started ....

Epoch : 1
Train Loss     : 1.2831	 | 	Train Accuracy     : 0.4836
Valid Loss     : 1.5261	 | 	Valid Accuracy     : 0.3745

Epoch : 2
Train Loss     : 0.6345	 | 	Train Accuracy     : 0.7440
Valid Loss     : 1.0036	 | 	Valid Accuracy     : 0.5684

Epoch : 3
Train Loss     : 0.4694	 | 	Train Accuracy     : 0.8214
Valid Loss     : 0.7461	 | 	Valid Accuracy     : 0.6958

Epoch : 4
Train Loss     : 0.4297	 | 	Train Accuracy     : 0.8372
Valid Loss     : 0.7164	 | 	Valid Accuracy     : 0.7690

Epoch : 5
Train Loss     : 0.3984	 | 	Train Accuracy     : 0.8625
Valid Loss     : 0.7089	 | 	Valid Accuracy     : 0.7593

Epoch : 6
Train Loss     : 0.3717	 | 	Train Accuracy     : 0.8682
Valid Loss     : 0.6647	 | 	Valid Accuracy     : 0.7671

Epoch : 7
Train Loss     : 0.3566	 | 	Train Accuracy     : 0.8779
Valid Loss     : 0.6373	 | 	Valid Accuracy     : 0.7739

Epoch : 8
Train Loss     : 0.3660	 | 	Train Accuracy     : 0.8680
Valid Loss     : 0.6926	 | 	Valid Accuracy     : 0.7686

Epoch : 9
Train Loss     : 0.3532	 | 	Train Accuracy     : 0.8703
Valid Loss     : 0.7969	 | 	Valid Accuracy     : 0.7515

Epoch : 10
Train Loss     : 0.3440	 | 	Train Accuracy     : 0.8786
Valid Loss     : 0.7183	 | 	Valid Accuracy     : 0.7627

Epoch : 11
Train Loss     : 0.3174	 | 	Train Accuracy     : 0.8844
Valid Loss     : 0.7176	 | 	Valid Accuracy     : 0.7612

Epoch : 12
Train Loss     : 0.3208	 | 	Train Accuracy     : 0.8872
Valid Loss     : 0.7274	 | 	Valid Accuracy     : 0.7656

Epoch : 13
Train Loss     : 0.3125	 | 	Train Accuracy     : 0.8893
Valid Loss     : 0.7388	 | 	Valid Accuracy     : 0.7622

Epoch : 14
Train Loss     : 0.3226	 | 	Train Accuracy     : 0.8826
Valid Loss     : 0.6894	 | 	Valid Accuracy     : 0.7627

Epoch : 15
Train Loss     : 0.3223	 | 	Train Accuracy     : 0.8815
Valid Loss     : 0.6773	 | 	Valid Accuracy     : 0.7690

Epoch : 16
Train Loss     : 0.3123	 | 	Train Accuracy     : 0.8826
Valid Loss     : 0.7247	 | 	Valid Accuracy     : 0.7632

Epoch : 17
Train Loss     : 0.2959	 | 	Train Accuracy     : 0.8922
Valid Loss     : 0.7124	 | 	Valid Accuracy     : 0.7607

Epoch : 18
Train Loss     : 0.2923	 | 	Train Accuracy     : 0.8901
Valid Loss     : 0.6933	 | 	Valid Accuracy     : 0.7681

Epoch : 19
Train Loss     : 0.2856	 | 	Train Accuracy     : 0.8977
Valid Loss     : 0.7923	 | 	Valid Accuracy     : 0.7603

Epoch : 20
Train Loss     : 0.2776	 | 	Train Accuracy     : 0.9049
Valid Loss     : 0.7521	 | 	Valid Accuracy     : 0.7612

Epoch : 21
Train Loss     : 0.2734	 | 	Train Accuracy     : 0.9062
Valid Loss     : 0.7463	 | 	Valid Accuracy     : 0.7612

Epoch : 22
Train Loss     : 0.2801	 | 	Train Accuracy     : 0.9057
Valid Loss     : 0.7476	 | 	Valid Accuracy     : 0.7607

Epoch : 23
Train Loss     : 0.2736	 | 	Train Accuracy     : 0.9062
Valid Loss     : 0.7831	 | 	Valid Accuracy     : 0.7612

Epoch : 24
Train Loss     : 0.2745	 | 	Train Accuracy     : 0.9060
Valid Loss     : 0.7131	 | 	Valid Accuracy     : 0.7656

Epoch : 25
Train Loss     : 0.2703	 | 	Train Accuracy     : 0.9052
Valid Loss     : 0.7320	 | 	Valid Accuracy     : 0.7612

Epoch : 26
Train Loss     : 0.2773	 | 	Train Accuracy     : 0.9044
Valid Loss     : 0.7443	 | 	Valid Accuracy     : 0.7627

Epoch : 27
Train Loss     : 0.2791	 | 	Train Accuracy     : 0.8990
Valid Loss     : 0.7902	 | 	Valid Accuracy     : 0.7603

Epoch : 28
Train Loss     : 0.2761	 | 	Train Accuracy     : 0.9016
Valid Loss     : 0.8104	 | 	Valid Accuracy     : 0.7603

Epoch : 29
Train Loss     : 0.2788	 | 	Train Accuracy     : 0.9039
Valid Loss     : 0.7721	 | 	Valid Accuracy     : 0.7593

Epoch : 30
Train Loss     : 0.2660	 | 	Train Accuracy     : 0.9081
Valid Loss     : 0.7790	 | 	Valid Accuracy     : 0.7578

Evaluate on the Test set:
Test loss      :1.0661	 | Test Accuracy      : 0.6307 | Test AUPRC      : 0.5722
tensor([0.8676, 0.8459, 0.9750, 0.9200, 0.9682, 0.8696, 1.0025, 0.8294, 0.8479,
        0.8432, 0.8355, 0.8479, 0.9827, 0.8983, 0.8762, 0.8199, 0.8519, 0.8481,
        0.7914, 0.8131, 0.8266, 0.8766, 0.9449, 1.0653, 0.9436, 0.8874, 0.8865,
        0.7918, 0.7973, 0.8450, 0.8249, 0.8652, 0.8879, 0.8474, 0.7692, 0.8247,
        0.8680, 0.7891, 0.8277, 0.8493, 0.8937, 0.8335, 0.7882, 0.8751, 0.8773,
        0.8531, 0.8380, 0.8587, 0.8167, 0.7940, 0.7971, 0.7918, 0.8076, 0.7806,
        0.7982, 0.7331, 0.8460, 0.8823, 0.8686, 0.7848, 0.8173, 0.8226],
       device='cuda:0', grad_fn=<SqueezeBackward1>)

################## Training is Done! #########################
Training time is : 0:00:38.386805
