=============================================
Dataset: SEED
Method:  TS-TCC
Mode:    fine_tune
=============================================
Data loaded ...
Subjet 9
Training started ....

Epoch : 1
Train Loss     : 0.8363	 | 	Train Accuracy     : 0.6196
Valid Loss     : 0.9523	 | 	Valid Accuracy     : 0.5532

Epoch : 2
Train Loss     : 0.4887	 | 	Train Accuracy     : 0.8076
Valid Loss     : 0.6003	 | 	Valid Accuracy     : 0.7251

Epoch : 3
Train Loss     : 0.3667	 | 	Train Accuracy     : 0.8648
Valid Loss     : 0.6780	 | 	Valid Accuracy     : 0.7266

Epoch : 4
Train Loss     : 0.3388	 | 	Train Accuracy     : 0.8680
Valid Loss     : 0.5762	 | 	Valid Accuracy     : 0.7573

Epoch : 5
Train Loss     : 0.2908	 | 	Train Accuracy     : 0.8918
Valid Loss     : 0.5595	 | 	Valid Accuracy     : 0.7759

Epoch : 6
Train Loss     : 0.2722	 | 	Train Accuracy     : 0.9006
Valid Loss     : 0.5779	 | 	Valid Accuracy     : 0.7788

Epoch : 7
Train Loss     : 0.2470	 | 	Train Accuracy     : 0.9100
Valid Loss     : 0.5313	 | 	Valid Accuracy     : 0.7988

Epoch : 8
Train Loss     : 0.2450	 | 	Train Accuracy     : 0.9081
Valid Loss     : 0.6361	 | 	Valid Accuracy     : 0.7661

Epoch : 9
Train Loss     : 0.2430	 | 	Train Accuracy     : 0.9088
Valid Loss     : 0.5089	 | 	Valid Accuracy     : 0.8096

Epoch : 10
Train Loss     : 0.2193	 | 	Train Accuracy     : 0.9163
Valid Loss     : 0.5150	 | 	Valid Accuracy     : 0.7993

Epoch : 11
Train Loss     : 0.2278	 | 	Train Accuracy     : 0.9207
Valid Loss     : 0.4750	 | 	Valid Accuracy     : 0.8223

Epoch : 12
Train Loss     : 0.2245	 | 	Train Accuracy     : 0.9158
Valid Loss     : 0.6332	 | 	Valid Accuracy     : 0.7676

Epoch : 13
Train Loss     : 0.2003	 | 	Train Accuracy     : 0.9290
Valid Loss     : 0.4717	 | 	Valid Accuracy     : 0.8262

Epoch : 14
Train Loss     : 0.1808	 | 	Train Accuracy     : 0.9322
Valid Loss     : 0.5848	 | 	Valid Accuracy     : 0.7866

Epoch : 15
Train Loss     : 0.1873	 | 	Train Accuracy     : 0.9338
Valid Loss     : 0.5927	 | 	Valid Accuracy     : 0.7891

Epoch : 16
Train Loss     : 0.1745	 | 	Train Accuracy     : 0.9368
Valid Loss     : 0.5045	 | 	Valid Accuracy     : 0.8213

Epoch : 17
Train Loss     : 0.1952	 | 	Train Accuracy     : 0.9266
Valid Loss     : 0.5684	 | 	Valid Accuracy     : 0.7881

Epoch : 18
Train Loss     : 0.1802	 | 	Train Accuracy     : 0.9339
Valid Loss     : 0.5868	 | 	Valid Accuracy     : 0.7935

Epoch : 19
Train Loss     : 0.1605	 | 	Train Accuracy     : 0.9441
Valid Loss     : 0.5435	 | 	Valid Accuracy     : 0.8042

Epoch : 20
Train Loss     : 0.1658	 | 	Train Accuracy     : 0.9419
Valid Loss     : 0.7046	 | 	Valid Accuracy     : 0.7603

Epoch : 21
Train Loss     : 0.1644	 | 	Train Accuracy     : 0.9419
Valid Loss     : 0.6520	 | 	Valid Accuracy     : 0.7656

Epoch : 22
Train Loss     : 0.1589	 | 	Train Accuracy     : 0.9438
Valid Loss     : 0.5465	 | 	Valid Accuracy     : 0.8115

Epoch : 23
Train Loss     : 0.1671	 | 	Train Accuracy     : 0.9407
Valid Loss     : 0.6171	 | 	Valid Accuracy     : 0.7754

Epoch : 24
Train Loss     : 0.1586	 | 	Train Accuracy     : 0.9443
Valid Loss     : 0.4461	 | 	Valid Accuracy     : 0.8501

Epoch : 25
Train Loss     : 0.1595	 | 	Train Accuracy     : 0.9433
Valid Loss     : 0.5638	 | 	Valid Accuracy     : 0.8013

Epoch : 26
Train Loss     : 0.1488	 | 	Train Accuracy     : 0.9485
Valid Loss     : 0.5226	 | 	Valid Accuracy     : 0.8101

Epoch : 27
Train Loss     : 0.1466	 | 	Train Accuracy     : 0.9492
Valid Loss     : 0.5574	 | 	Valid Accuracy     : 0.8042

Epoch : 28
Train Loss     : 0.1385	 | 	Train Accuracy     : 0.9533
Valid Loss     : 0.7369	 | 	Valid Accuracy     : 0.7554

Epoch : 29
Train Loss     : 0.1364	 | 	Train Accuracy     : 0.9521
Valid Loss     : 0.5400	 | 	Valid Accuracy     : 0.8110

Epoch : 30
Train Loss     : 0.1444	 | 	Train Accuracy     : 0.9496
Valid Loss     : 0.5406	 | 	Valid Accuracy     : 0.8042

Evaluate on the Test set:
Test loss      :0.8876	 | Test Accuracy      : 0.7222 | Test AUPRC      : 0.5396
tensor([0.5030, 0.6941, 0.9569, 0.7041, 0.5113, 0.8091, 0.6829, 0.5386, 0.5847,
        0.8214, 0.5468, 0.8801, 0.8587, 0.8101, 0.8829, 0.7035, 0.5075, 0.5151,
        0.6526, 0.7554, 0.7270, 0.8480, 0.9920, 1.0005, 0.7172, 0.4291, 0.7027,
        0.7751, 0.4992, 0.5831, 0.5365, 0.8532, 0.7796, 0.6096, 0.6784, 0.4679,
        0.5648, 0.7974, 0.8073, 0.5741, 0.7952, 0.8845, 0.5372, 0.5261, 0.5243,
        0.4229, 0.5344, 0.9321, 0.5516, 0.6761, 0.8172, 0.5942, 0.4737, 0.4571,
        0.7464, 0.6442, 0.8768, 0.4810, 0.6457, 0.4464, 0.6968, 0.5765],
       device='cuda:0', grad_fn=<SqueezeBackward1>)

################## Training is Done! #########################
Training time is : 0:01:40.377192
