=============================================
Dataset: SEED
Method:  TS-TCC
Mode:    fine_tune
=============================================
Data loaded ...
Training started ....

Epoch : 1
Train Loss     : 0.8390	 | 	Train Accuracy     : 0.6547
Valid Loss     : 1.3742	 | 	Valid Accuracy     : 0.4717

Epoch : 2
Train Loss     : 0.4082	 | 	Train Accuracy     : 0.8371
Valid Loss     : 0.4682	 | 	Valid Accuracy     : 0.7891

Epoch : 3
Train Loss     : 0.3086	 | 	Train Accuracy     : 0.8908
Valid Loss     : 0.3559	 | 	Valid Accuracy     : 0.8438

Epoch : 4
Train Loss     : 0.2804	 | 	Train Accuracy     : 0.8989
Valid Loss     : 0.3650	 | 	Valid Accuracy     : 0.8403

Epoch : 5
Train Loss     : 0.2530	 | 	Train Accuracy     : 0.9117
Valid Loss     : 0.4165	 | 	Valid Accuracy     : 0.8208

Epoch : 6
Train Loss     : 0.2338	 | 	Train Accuracy     : 0.9212
Valid Loss     : 0.4245	 | 	Valid Accuracy     : 0.8208

Epoch : 7
Train Loss     : 0.2205	 | 	Train Accuracy     : 0.9239
Valid Loss     : 0.4689	 | 	Valid Accuracy     : 0.8203

Epoch : 8
Train Loss     : 0.2171	 | 	Train Accuracy     : 0.9209
Valid Loss     : 0.5584	 | 	Valid Accuracy     : 0.7866

Epoch : 9
Train Loss     : 0.2019	 | 	Train Accuracy     : 0.9282
Valid Loss     : 0.3480	 | 	Valid Accuracy     : 0.8623

Epoch : 10
Train Loss     : 0.2159	 | 	Train Accuracy     : 0.9239
Valid Loss     : 0.4465	 | 	Valid Accuracy     : 0.8354

Epoch : 11
Train Loss     : 0.1865	 | 	Train Accuracy     : 0.9348
Valid Loss     : 0.3962	 | 	Valid Accuracy     : 0.8384

Epoch : 12
Train Loss     : 0.1832	 | 	Train Accuracy     : 0.9329
Valid Loss     : 0.5327	 | 	Valid Accuracy     : 0.8008

Epoch : 13
Train Loss     : 0.1749	 | 	Train Accuracy     : 0.9351
Valid Loss     : 0.4926	 | 	Valid Accuracy     : 0.8037

Epoch : 14
Train Loss     : 0.1823	 | 	Train Accuracy     : 0.9338
Valid Loss     : 0.4264	 | 	Valid Accuracy     : 0.8403

Epoch : 15
Train Loss     : 0.1753	 | 	Train Accuracy     : 0.9397
Valid Loss     : 0.3909	 | 	Valid Accuracy     : 0.8315

Epoch : 16
Train Loss     : 0.1468	 | 	Train Accuracy     : 0.9490
Valid Loss     : 0.4139	 | 	Valid Accuracy     : 0.8301

Epoch : 17
Train Loss     : 0.1560	 | 	Train Accuracy     : 0.9424
Valid Loss     : 0.5128	 | 	Valid Accuracy     : 0.8267

Epoch : 18
Train Loss     : 0.1487	 | 	Train Accuracy     : 0.9474
Valid Loss     : 0.3914	 | 	Valid Accuracy     : 0.8433

Epoch : 19
Train Loss     : 0.1513	 | 	Train Accuracy     : 0.9479
Valid Loss     : 0.4776	 | 	Valid Accuracy     : 0.8271

Epoch : 20
Train Loss     : 0.1667	 | 	Train Accuracy     : 0.9368
Valid Loss     : 0.6432	 | 	Valid Accuracy     : 0.7915

Epoch : 21
Train Loss     : 0.1215	 | 	Train Accuracy     : 0.9586
Valid Loss     : 0.3896	 | 	Valid Accuracy     : 0.8452

Epoch : 22
Train Loss     : 0.1071	 | 	Train Accuracy     : 0.9640
Valid Loss     : 0.3912	 | 	Valid Accuracy     : 0.8481

Epoch : 23
Train Loss     : 0.0978	 | 	Train Accuracy     : 0.9686
Valid Loss     : 0.3816	 | 	Valid Accuracy     : 0.8486

Epoch : 24
Train Loss     : 0.0922	 | 	Train Accuracy     : 0.9696
Valid Loss     : 0.3772	 | 	Valid Accuracy     : 0.8506

Epoch : 25
Train Loss     : 0.0940	 | 	Train Accuracy     : 0.9711
Valid Loss     : 0.3941	 | 	Valid Accuracy     : 0.8516

Epoch : 26
Train Loss     : 0.0926	 | 	Train Accuracy     : 0.9703
Valid Loss     : 0.3811	 | 	Valid Accuracy     : 0.8550

Epoch : 27
Train Loss     : 0.0882	 | 	Train Accuracy     : 0.9721
Valid Loss     : 0.3751	 | 	Valid Accuracy     : 0.8511

Epoch : 28
Train Loss     : 0.0869	 | 	Train Accuracy     : 0.9728
Valid Loss     : 0.4272	 | 	Valid Accuracy     : 0.8428

Epoch : 29
Train Loss     : 0.0897	 | 	Train Accuracy     : 0.9708
Valid Loss     : 0.3983	 | 	Valid Accuracy     : 0.8457

Epoch : 30
Train Loss     : 0.0873	 | 	Train Accuracy     : 0.9730
Valid Loss     : 0.3781	 | 	Valid Accuracy     : 0.8481

Evaluate on the Test set:
Test loss      :0.6151	 | Test Accuracy      : 0.8343 | Test AUPRC      : 0.5912

################## Training is Done! #########################
Training time is : 0:01:41.173764
