=============================================
Dataset: SEED
Method:  TS-TCC
Mode:    fine_tune
=============================================
Data loaded ...
Training started ....

Epoch : 1
Train Loss     : 0.7753	 | 	Train Accuracy     : 0.6472
Valid Loss     : 0.6109	 | 	Valid Accuracy     : 0.7021

Epoch : 2
Train Loss     : 0.4795	 | 	Train Accuracy     : 0.8072
Valid Loss     : 0.6350	 | 	Valid Accuracy     : 0.7612

Epoch : 3
Train Loss     : 0.3855	 | 	Train Accuracy     : 0.8558
Valid Loss     : 0.5554	 | 	Valid Accuracy     : 0.8237

Epoch : 4
Train Loss     : 0.3534	 | 	Train Accuracy     : 0.8689
Valid Loss     : 0.6194	 | 	Valid Accuracy     : 0.8101

Epoch : 5
Train Loss     : 0.3181	 | 	Train Accuracy     : 0.8820
Valid Loss     : 0.6504	 | 	Valid Accuracy     : 0.8154

Epoch : 6
Train Loss     : 0.3045	 | 	Train Accuracy     : 0.8854
Valid Loss     : 0.5532	 | 	Valid Accuracy     : 0.8257

Epoch : 7
Train Loss     : 0.2818	 | 	Train Accuracy     : 0.8903
Valid Loss     : 0.5253	 | 	Valid Accuracy     : 0.8394

Epoch : 8
Train Loss     : 0.2718	 | 	Train Accuracy     : 0.9018
Valid Loss     : 0.6578	 | 	Valid Accuracy     : 0.8018

Epoch : 9
Train Loss     : 0.2693	 | 	Train Accuracy     : 0.9003
Valid Loss     : 0.7650	 | 	Valid Accuracy     : 0.7793

Epoch : 10
Train Loss     : 0.2556	 | 	Train Accuracy     : 0.9100
Valid Loss     : 0.6892	 | 	Valid Accuracy     : 0.8018

Epoch : 11
Train Loss     : 0.2327	 | 	Train Accuracy     : 0.9130
Valid Loss     : 0.8420	 | 	Valid Accuracy     : 0.7915

Epoch : 12
Train Loss     : 0.2296	 | 	Train Accuracy     : 0.9166
Valid Loss     : 0.7095	 | 	Valid Accuracy     : 0.7935

Epoch : 13
Train Loss     : 0.2271	 | 	Train Accuracy     : 0.9166
Valid Loss     : 0.5942	 | 	Valid Accuracy     : 0.8193

Epoch : 14
Train Loss     : 0.2160	 | 	Train Accuracy     : 0.9193
Valid Loss     : 0.7573	 | 	Valid Accuracy     : 0.7651

Epoch : 15
Train Loss     : 0.2258	 | 	Train Accuracy     : 0.9144
Valid Loss     : 0.9271	 | 	Valid Accuracy     : 0.7651

Epoch : 16
Train Loss     : 0.2196	 | 	Train Accuracy     : 0.9176
Valid Loss     : 0.7712	 | 	Valid Accuracy     : 0.8105

Epoch : 17
Train Loss     : 0.2500	 | 	Train Accuracy     : 0.9057
Valid Loss     : 1.1613	 | 	Valid Accuracy     : 0.7344

Epoch : 18
Train Loss     : 0.1993	 | 	Train Accuracy     : 0.9290
Valid Loss     : 0.6501	 | 	Valid Accuracy     : 0.8193

Epoch : 19
Train Loss     : 0.1776	 | 	Train Accuracy     : 0.9304
Valid Loss     : 0.7132	 | 	Valid Accuracy     : 0.8037

Epoch : 20
Train Loss     : 0.1531	 | 	Train Accuracy     : 0.9490
Valid Loss     : 0.7237	 | 	Valid Accuracy     : 0.7974

Epoch : 21
Train Loss     : 0.1461	 | 	Train Accuracy     : 0.9523
Valid Loss     : 0.7166	 | 	Valid Accuracy     : 0.8076

Epoch : 22
Train Loss     : 0.1489	 | 	Train Accuracy     : 0.9477
Valid Loss     : 0.6866	 | 	Valid Accuracy     : 0.8164

Epoch : 23
Train Loss     : 0.1398	 | 	Train Accuracy     : 0.9557
Valid Loss     : 0.7549	 | 	Valid Accuracy     : 0.8101

Epoch : 24
Train Loss     : 0.1427	 | 	Train Accuracy     : 0.9502
Valid Loss     : 0.7353	 | 	Valid Accuracy     : 0.8110

Epoch : 25
Train Loss     : 0.1394	 | 	Train Accuracy     : 0.9538
Valid Loss     : 0.7035	 | 	Valid Accuracy     : 0.8193

Epoch : 26
Train Loss     : 0.1433	 | 	Train Accuracy     : 0.9502
Valid Loss     : 0.7165	 | 	Valid Accuracy     : 0.8125

Epoch : 27
Train Loss     : 0.1424	 | 	Train Accuracy     : 0.9511
Valid Loss     : 0.7218	 | 	Valid Accuracy     : 0.8125

Epoch : 28
Train Loss     : 0.1318	 | 	Train Accuracy     : 0.9581
Valid Loss     : 0.8226	 | 	Valid Accuracy     : 0.7983

Epoch : 29
Train Loss     : 0.1327	 | 	Train Accuracy     : 0.9586
Valid Loss     : 0.6960	 | 	Valid Accuracy     : 0.8188

Epoch : 30
Train Loss     : 0.1333	 | 	Train Accuracy     : 0.9567
Valid Loss     : 0.8045	 | 	Valid Accuracy     : 0.8013

Evaluate on the Test set:
Test loss      :0.8240	 | Test Accuracy      : 0.7186 | Test AUPRC      : 0.5642

################## Training is Done! #########################
Training time is : 0:01:48.742016
