=============================================
Dataset: SEED
Method:  TS-TCC
Mode:    fine_tune
=============================================
Data loaded ...
Subjet 11
Training started ....

Epoch : 1
Train Loss     : 0.7744	 | 	Train Accuracy     : 0.6505
Valid Loss     : 1.0194	 | 	Valid Accuracy     : 0.5967

Epoch : 2
Train Loss     : 0.4176	 | 	Train Accuracy     : 0.8334
Valid Loss     : 0.5679	 | 	Valid Accuracy     : 0.7427

Epoch : 3
Train Loss     : 0.3254	 | 	Train Accuracy     : 0.8804
Valid Loss     : 0.5691	 | 	Valid Accuracy     : 0.7666

Epoch : 4
Train Loss     : 0.2720	 | 	Train Accuracy     : 0.9020
Valid Loss     : 0.4747	 | 	Valid Accuracy     : 0.7881

Epoch : 5
Train Loss     : 0.2602	 | 	Train Accuracy     : 0.9062
Valid Loss     : 0.4136	 | 	Valid Accuracy     : 0.8208

Epoch : 6
Train Loss     : 0.2372	 | 	Train Accuracy     : 0.9176
Valid Loss     : 0.4808	 | 	Valid Accuracy     : 0.8105

Epoch : 7
Train Loss     : 0.2265	 | 	Train Accuracy     : 0.9156
Valid Loss     : 0.3846	 | 	Valid Accuracy     : 0.8311

Epoch : 8
Train Loss     : 0.2167	 | 	Train Accuracy     : 0.9244
Valid Loss     : 0.4305	 | 	Valid Accuracy     : 0.8247

Epoch : 9
Train Loss     : 0.2079	 | 	Train Accuracy     : 0.9265
Valid Loss     : 0.3561	 | 	Valid Accuracy     : 0.8506

Epoch : 10
Train Loss     : 0.1915	 | 	Train Accuracy     : 0.9314
Valid Loss     : 0.4218	 | 	Valid Accuracy     : 0.8286

Epoch : 11
Train Loss     : 0.1950	 | 	Train Accuracy     : 0.9307
Valid Loss     : 0.3923	 | 	Valid Accuracy     : 0.8403

Epoch : 12
Train Loss     : 0.1793	 | 	Train Accuracy     : 0.9380
Valid Loss     : 0.4445	 | 	Valid Accuracy     : 0.8149

Epoch : 13
Train Loss     : 0.1930	 | 	Train Accuracy     : 0.9293
Valid Loss     : 0.4027	 | 	Valid Accuracy     : 0.8286

Epoch : 14
Train Loss     : 0.1833	 | 	Train Accuracy     : 0.9336
Valid Loss     : 0.4060	 | 	Valid Accuracy     : 0.8433

Epoch : 15
Train Loss     : 0.1718	 | 	Train Accuracy     : 0.9351
Valid Loss     : 0.5791	 | 	Valid Accuracy     : 0.7954

Epoch : 16
Train Loss     : 0.1551	 | 	Train Accuracy     : 0.9443
Valid Loss     : 0.4198	 | 	Valid Accuracy     : 0.8296

Epoch : 17
Train Loss     : 0.1553	 | 	Train Accuracy     : 0.9416
Valid Loss     : 0.4861	 | 	Valid Accuracy     : 0.8145

Epoch : 18
Train Loss     : 0.1545	 | 	Train Accuracy     : 0.9450
Valid Loss     : 0.5966	 | 	Valid Accuracy     : 0.7837

Epoch : 19
Train Loss     : 0.1483	 | 	Train Accuracy     : 0.9474
Valid Loss     : 0.3717	 | 	Valid Accuracy     : 0.8457

Epoch : 20
Train Loss     : 0.1517	 | 	Train Accuracy     : 0.9450
Valid Loss     : 0.4285	 | 	Valid Accuracy     : 0.8340

Epoch : 21
Train Loss     : 0.1276	 | 	Train Accuracy     : 0.9594
Valid Loss     : 0.3615	 | 	Valid Accuracy     : 0.8550

Epoch : 22
Train Loss     : 0.1126	 | 	Train Accuracy     : 0.9659
Valid Loss     : 0.3577	 | 	Valid Accuracy     : 0.8555

Epoch : 23
Train Loss     : 0.1087	 | 	Train Accuracy     : 0.9657
Valid Loss     : 0.3900	 | 	Valid Accuracy     : 0.8477

Epoch : 24
Train Loss     : 0.1060	 | 	Train Accuracy     : 0.9654
Valid Loss     : 0.4087	 | 	Valid Accuracy     : 0.8438

Epoch : 25
Train Loss     : 0.1033	 | 	Train Accuracy     : 0.9698
Valid Loss     : 0.4091	 | 	Valid Accuracy     : 0.8438

Epoch : 26
Train Loss     : 0.1062	 | 	Train Accuracy     : 0.9667
Valid Loss     : 0.3915	 | 	Valid Accuracy     : 0.8506

Epoch : 27
Train Loss     : 0.0959	 | 	Train Accuracy     : 0.9715
Valid Loss     : 0.3880	 | 	Valid Accuracy     : 0.8486

Epoch : 28
Train Loss     : 0.0978	 | 	Train Accuracy     : 0.9718
Valid Loss     : 0.3508	 | 	Valid Accuracy     : 0.8613

Epoch : 29
Train Loss     : 0.0932	 | 	Train Accuracy     : 0.9735
Valid Loss     : 0.4289	 | 	Valid Accuracy     : 0.8398

Epoch : 30
Train Loss     : 0.0953	 | 	Train Accuracy     : 0.9725
Valid Loss     : 0.3535	 | 	Valid Accuracy     : 0.8623

Evaluate on the Test set:
Test loss      :0.5499	 | Test Accuracy      : 0.8357 | Test AUPRC      : 0.5958
tensor([0.6691, 0.9177, 0.9259, 0.7097, 0.6844, 0.8053, 0.9390, 0.6677, 0.7215,
        0.6096, 0.6816, 0.7221, 0.8722, 0.6798, 0.7865, 0.6350, 0.6933, 0.6362,
        0.7792, 0.7772, 0.6575, 0.7883, 1.0206, 0.8362, 0.7569, 0.6466, 0.7263,
        0.8522, 0.7722, 0.7917, 0.7079, 0.8655, 0.9095, 0.6638, 0.6814, 0.6201,
        0.7071, 0.6751, 0.7282, 0.7665, 0.8604, 0.7705, 0.6301, 0.7362, 0.6803,
        0.7440, 0.7097, 0.7752, 0.7483, 0.6638, 0.8093, 0.6536, 0.6204, 0.7302,
        0.8441, 0.6339, 0.6870, 0.8918, 0.8888, 0.6743, 0.6855, 0.6051],
       device='cuda:0', grad_fn=<SqueezeBackward1>)

################## Training is Done! #########################
Training time is : 0:01:39.983154
