=============================================
Dataset: SEED
Method:  TS-TCC
Mode:    fine_tune
=============================================
Data loaded ...
Subjet 6
Training started ....

Epoch : 1
Train Loss     : 0.6920	 | 	Train Accuracy     : 0.6809
Valid Loss     : 0.6672	 | 	Valid Accuracy     : 0.6914

Epoch : 2
Train Loss     : 0.4207	 | 	Train Accuracy     : 0.8388
Valid Loss     : 0.7170	 | 	Valid Accuracy     : 0.7632

Epoch : 3
Train Loss     : 0.3631	 | 	Train Accuracy     : 0.8645
Valid Loss     : 0.6564	 | 	Valid Accuracy     : 0.8022

Epoch : 4
Train Loss     : 0.3378	 | 	Train Accuracy     : 0.8745
Valid Loss     : 0.5311	 | 	Valid Accuracy     : 0.8364

Epoch : 5
Train Loss     : 0.3146	 | 	Train Accuracy     : 0.8830
Valid Loss     : 0.5683	 | 	Valid Accuracy     : 0.8291

Epoch : 6
Train Loss     : 0.2891	 | 	Train Accuracy     : 0.8971
Valid Loss     : 0.7338	 | 	Valid Accuracy     : 0.7905

Epoch : 7
Train Loss     : 0.2681	 | 	Train Accuracy     : 0.9054
Valid Loss     : 0.6351	 | 	Valid Accuracy     : 0.8218

Epoch : 8
Train Loss     : 0.2806	 | 	Train Accuracy     : 0.8979
Valid Loss     : 0.5751	 | 	Valid Accuracy     : 0.8369

Epoch : 9
Train Loss     : 0.2544	 | 	Train Accuracy     : 0.9062
Valid Loss     : 0.7334	 | 	Valid Accuracy     : 0.8071

Epoch : 10
Train Loss     : 0.2302	 | 	Train Accuracy     : 0.9195
Valid Loss     : 0.8051	 | 	Valid Accuracy     : 0.8037

Epoch : 11
Train Loss     : 0.2541	 | 	Train Accuracy     : 0.9039
Valid Loss     : 0.6852	 | 	Valid Accuracy     : 0.8096

Epoch : 12
Train Loss     : 0.2569	 | 	Train Accuracy     : 0.9005
Valid Loss     : 0.8037	 | 	Valid Accuracy     : 0.8003

Epoch : 13
Train Loss     : 0.2451	 | 	Train Accuracy     : 0.9086
Valid Loss     : 0.6640	 | 	Valid Accuracy     : 0.8184

Epoch : 14
Train Loss     : 0.2064	 | 	Train Accuracy     : 0.9282
Valid Loss     : 0.7310	 | 	Valid Accuracy     : 0.7891

Epoch : 15
Train Loss     : 0.2080	 | 	Train Accuracy     : 0.9260
Valid Loss     : 0.8591	 | 	Valid Accuracy     : 0.7827

Epoch : 16
Train Loss     : 0.1912	 | 	Train Accuracy     : 0.9316
Valid Loss     : 0.7793	 | 	Valid Accuracy     : 0.8066

Epoch : 17
Train Loss     : 0.1681	 | 	Train Accuracy     : 0.9440
Valid Loss     : 0.7234	 | 	Valid Accuracy     : 0.8252

Epoch : 18
Train Loss     : 0.1655	 | 	Train Accuracy     : 0.9441
Valid Loss     : 0.7605	 | 	Valid Accuracy     : 0.8247

Epoch : 19
Train Loss     : 0.1590	 | 	Train Accuracy     : 0.9477
Valid Loss     : 0.7381	 | 	Valid Accuracy     : 0.8223

Epoch : 20
Train Loss     : 0.1619	 | 	Train Accuracy     : 0.9470
Valid Loss     : 0.7995	 | 	Valid Accuracy     : 0.8218

Epoch : 21
Train Loss     : 0.1560	 | 	Train Accuracy     : 0.9487
Valid Loss     : 0.8118	 | 	Valid Accuracy     : 0.8154

Epoch : 22
Train Loss     : 0.1486	 | 	Train Accuracy     : 0.9538
Valid Loss     : 0.7488	 | 	Valid Accuracy     : 0.8296

Epoch : 23
Train Loss     : 0.1508	 | 	Train Accuracy     : 0.9506
Valid Loss     : 0.8576	 | 	Valid Accuracy     : 0.7930

Epoch : 24
Train Loss     : 0.1503	 | 	Train Accuracy     : 0.9521
Valid Loss     : 0.7673	 | 	Valid Accuracy     : 0.8232

Epoch : 25
Train Loss     : 0.1445	 | 	Train Accuracy     : 0.9535
Valid Loss     : 0.7968	 | 	Valid Accuracy     : 0.8159

Epoch : 26
Train Loss     : 0.1485	 | 	Train Accuracy     : 0.9516
Valid Loss     : 0.7301	 | 	Valid Accuracy     : 0.8110

Epoch : 27
Train Loss     : 0.1454	 | 	Train Accuracy     : 0.9570
Valid Loss     : 0.7234	 | 	Valid Accuracy     : 0.8223

Epoch : 28
Train Loss     : 0.1414	 | 	Train Accuracy     : 0.9569
Valid Loss     : 0.7863	 | 	Valid Accuracy     : 0.8203

Epoch : 29
Train Loss     : 0.1407	 | 	Train Accuracy     : 0.9552
Valid Loss     : 0.7344	 | 	Valid Accuracy     : 0.8281

Epoch : 30
Train Loss     : 0.1407	 | 	Train Accuracy     : 0.9569
Valid Loss     : 0.8151	 | 	Valid Accuracy     : 0.8149

Evaluate on the Test set:
Test loss      :0.8336	 | Test Accuracy      : 0.7155 | Test AUPRC      : 0.5596
tensor([0.7518, 0.9132, 0.9463, 0.9472, 0.6864, 0.9281, 0.9387, 0.9581, 0.7259,
        0.6927, 0.6980, 0.7873, 0.8987, 0.7957, 0.9272, 0.7081, 0.8123, 0.6656,
        0.7082, 0.8163, 0.7124, 0.7493, 0.9056, 0.9692, 0.7273, 0.7287, 0.7720,
        0.8650, 0.6788, 0.8098, 0.6982, 0.9883, 0.9206, 0.8243, 0.6955, 0.7067,
        0.8235, 0.7453, 0.6757, 0.6951, 0.7040, 0.8230, 0.6803, 0.7242, 0.9443,
        0.7347, 0.6681, 0.7276, 0.7665, 0.6904, 0.7087, 0.6982, 0.6769, 0.6852,
        0.7552, 0.6877, 0.7897, 0.8834, 0.7593, 0.7494, 0.7622, 0.6919],
       device='cuda:0', grad_fn=<SqueezeBackward1>)

################## Training is Done! #########################
Training time is : 0:01:46.604985
