=============================================
Dataset: SEED
Method:  TS-TCC
Mode:    fine_tune
=============================================
Data loaded ...
Subjet 6
if scale True
Training started ....

Epoch : 1
Train Loss     : 1.0135	 | 	Train Accuracy     : 0.5479
Valid Loss     : 1.6273	 | 	Valid Accuracy     : 0.3525

Epoch : 2
Train Loss     : 0.5934	 | 	Train Accuracy     : 0.7303
Valid Loss     : 0.9727	 | 	Valid Accuracy     : 0.4780

Epoch : 3
Train Loss     : 0.5035	 | 	Train Accuracy     : 0.7930
Valid Loss     : 0.5941	 | 	Valid Accuracy     : 0.7192

Epoch : 4
Train Loss     : 0.4273	 | 	Train Accuracy     : 0.8407
Valid Loss     : 0.6826	 | 	Valid Accuracy     : 0.7207

Epoch : 5
Train Loss     : 0.3768	 | 	Train Accuracy     : 0.8543
Valid Loss     : 0.6408	 | 	Valid Accuracy     : 0.7656

Epoch : 6
Train Loss     : 0.3331	 | 	Train Accuracy     : 0.8821
Valid Loss     : 0.8356	 | 	Valid Accuracy     : 0.7207

Epoch : 7
Train Loss     : 0.3180	 | 	Train Accuracy     : 0.8806
Valid Loss     : 0.9065	 | 	Valid Accuracy     : 0.7407

Epoch : 8
Train Loss     : 0.3077	 | 	Train Accuracy     : 0.8838
Valid Loss     : 0.8729	 | 	Valid Accuracy     : 0.7354

Epoch : 9
Train Loss     : 0.2905	 | 	Train Accuracy     : 0.8966
Valid Loss     : 0.7461	 | 	Valid Accuracy     : 0.7705

Epoch : 10
Train Loss     : 0.2676	 | 	Train Accuracy     : 0.9032
Valid Loss     : 0.9465	 | 	Valid Accuracy     : 0.7578

Epoch : 11
Train Loss     : 0.2747	 | 	Train Accuracy     : 0.8950
Valid Loss     : 0.9581	 | 	Valid Accuracy     : 0.7583

Epoch : 12
Train Loss     : 0.2680	 | 	Train Accuracy     : 0.8976
Valid Loss     : 0.8778	 | 	Valid Accuracy     : 0.7583

Epoch : 13
Train Loss     : 0.2574	 | 	Train Accuracy     : 0.9071
Valid Loss     : 0.7953	 | 	Valid Accuracy     : 0.7866

Epoch : 14
Train Loss     : 0.2284	 | 	Train Accuracy     : 0.9181
Valid Loss     : 0.9139	 | 	Valid Accuracy     : 0.7622

Epoch : 15
Train Loss     : 0.2091	 | 	Train Accuracy     : 0.9248
Valid Loss     : 0.9557	 | 	Valid Accuracy     : 0.7554

Epoch : 16
Train Loss     : 0.2013	 | 	Train Accuracy     : 0.9351
Valid Loss     : 0.9300	 | 	Valid Accuracy     : 0.7622

Epoch : 17
Train Loss     : 0.2008	 | 	Train Accuracy     : 0.9261
Valid Loss     : 0.9321	 | 	Valid Accuracy     : 0.7646

Epoch : 18
Train Loss     : 0.1863	 | 	Train Accuracy     : 0.9372
Valid Loss     : 0.8539	 | 	Valid Accuracy     : 0.7764

Epoch : 19
Train Loss     : 0.1857	 | 	Train Accuracy     : 0.9392
Valid Loss     : 0.9541	 | 	Valid Accuracy     : 0.7671

Epoch : 20
Train Loss     : 0.1836	 | 	Train Accuracy     : 0.9387
Valid Loss     : 0.9407	 | 	Valid Accuracy     : 0.7568

Epoch : 21
Train Loss     : 0.1865	 | 	Train Accuracy     : 0.9356
Valid Loss     : 0.8879	 | 	Valid Accuracy     : 0.7637

Epoch : 22
Train Loss     : 0.1788	 | 	Train Accuracy     : 0.9434
Valid Loss     : 0.9390	 | 	Valid Accuracy     : 0.7646

Epoch : 23
Train Loss     : 0.1800	 | 	Train Accuracy     : 0.9387
Valid Loss     : 1.0194	 | 	Valid Accuracy     : 0.7471

Epoch : 24
Train Loss     : 0.1799	 | 	Train Accuracy     : 0.9380
Valid Loss     : 1.0027	 | 	Valid Accuracy     : 0.7603

Epoch : 25
Train Loss     : 0.1794	 | 	Train Accuracy     : 0.9419
Valid Loss     : 0.9199	 | 	Valid Accuracy     : 0.7759

Epoch : 26
Train Loss     : 0.1716	 | 	Train Accuracy     : 0.9453
Valid Loss     : 0.9120	 | 	Valid Accuracy     : 0.7700

Epoch : 27
Train Loss     : 0.1702	 | 	Train Accuracy     : 0.9451
Valid Loss     : 1.0170	 | 	Valid Accuracy     : 0.7480

Epoch : 28
Train Loss     : 0.1684	 | 	Train Accuracy     : 0.9450
Valid Loss     : 0.9428	 | 	Valid Accuracy     : 0.7695

Epoch : 29
Train Loss     : 0.1703	 | 	Train Accuracy     : 0.9426
Valid Loss     : 0.9546	 | 	Valid Accuracy     : 0.7695

Epoch : 30
Train Loss     : 0.1690	 | 	Train Accuracy     : 0.9446
Valid Loss     : 1.0079	 | 	Valid Accuracy     : 0.7544

Evaluate on the Test set:
Test loss      :0.8845	 | Test Accuracy      : 0.7275 | Test AUPRC      : 0.5435
tensor([0.8436, 0.9265, 0.9477, 0.9294, 0.8158, 0.9431, 0.8748, 0.9233, 0.8250,
        0.7479, 0.7714, 0.7354, 0.7953, 0.9245, 0.9141, 0.9319, 0.7245, 0.7033,
        0.6886, 0.7732, 0.7453, 0.8190, 0.8078, 0.9963, 0.8634, 0.7434, 0.7577,
        0.7514, 0.7139, 0.7255, 0.7614, 0.9674, 0.8629, 0.7831, 0.7353, 0.7379,
        0.8801, 0.7399, 0.8014, 0.7501, 0.7505, 0.8002, 0.7938, 0.7529, 0.9083,
        0.7761, 0.7573, 0.6987, 0.7290, 0.8154, 0.7883, 0.7145, 0.7922, 0.7434,
        0.8164, 0.8163, 0.7476, 0.7330, 0.7656, 0.7493, 0.7147, 0.7040],
       device='cuda:0', grad_fn=<SqueezeBackward1>)

################## Training is Done! #########################
Training time is : 0:01:42.294064
