=============================================
Dataset: SEED
Method:  TS-TCC
Mode:    fine_tune
=============================================
Data loaded ...
Subjet 2
if scale True
Training started ....

Epoch : 1
Train Loss     : 1.1753	 | 	Train Accuracy     : 0.4431
Valid Loss     : 1.1524	 | 	Valid Accuracy     : 0.3613

Epoch : 2
Train Loss     : 0.7949	 | 	Train Accuracy     : 0.6495
Valid Loss     : 1.0130	 | 	Valid Accuracy     : 0.5410

Epoch : 3
Train Loss     : 0.6348	 | 	Train Accuracy     : 0.7398
Valid Loss     : 1.0029	 | 	Valid Accuracy     : 0.5718

Epoch : 4
Train Loss     : 0.5254	 | 	Train Accuracy     : 0.7969
Valid Loss     : 1.1692	 | 	Valid Accuracy     : 0.4922

Epoch : 5
Train Loss     : 0.4759	 | 	Train Accuracy     : 0.8130
Valid Loss     : 1.3223	 | 	Valid Accuracy     : 0.4697

Epoch : 6
Train Loss     : 0.4426	 | 	Train Accuracy     : 0.8273
Valid Loss     : 1.3573	 | 	Valid Accuracy     : 0.4927

Epoch : 7
Train Loss     : 0.4415	 | 	Train Accuracy     : 0.8290
Valid Loss     : 1.7531	 | 	Valid Accuracy     : 0.4688

Epoch : 8
Train Loss     : 0.4386	 | 	Train Accuracy     : 0.8235
Valid Loss     : 1.5935	 | 	Valid Accuracy     : 0.4849

Epoch : 9
Train Loss     : 0.4062	 | 	Train Accuracy     : 0.8434
Valid Loss     : 1.7827	 | 	Valid Accuracy     : 0.4985

Epoch : 10
Train Loss     : 0.3934	 | 	Train Accuracy     : 0.8446
Valid Loss     : 1.6368	 | 	Valid Accuracy     : 0.4937

Epoch : 11
Train Loss     : 0.3864	 | 	Train Accuracy     : 0.8516
Valid Loss     : 1.8330	 | 	Valid Accuracy     : 0.4316

Epoch : 12
Train Loss     : 0.3842	 | 	Train Accuracy     : 0.8538
Valid Loss     : 1.3410	 | 	Valid Accuracy     : 0.5908

Epoch : 13
Train Loss     : 0.3792	 | 	Train Accuracy     : 0.8533
Valid Loss     : 4.1137	 | 	Valid Accuracy     : 0.4175

Epoch : 14
Train Loss     : 0.3678	 | 	Train Accuracy     : 0.8607
Valid Loss     : 3.4018	 | 	Valid Accuracy     : 0.4653

Epoch : 15
Train Loss     : 0.3343	 | 	Train Accuracy     : 0.8735
Valid Loss     : 3.2699	 | 	Valid Accuracy     : 0.4751

Epoch : 16
Train Loss     : 0.3210	 | 	Train Accuracy     : 0.8835
Valid Loss     : 3.3377	 | 	Valid Accuracy     : 0.4468

Epoch : 17
Train Loss     : 0.3183	 | 	Train Accuracy     : 0.8869
Valid Loss     : 3.2008	 | 	Valid Accuracy     : 0.4316

Epoch : 18
Train Loss     : 0.3154	 | 	Train Accuracy     : 0.8815
Valid Loss     : 2.9587	 | 	Valid Accuracy     : 0.4795

Epoch : 19
Train Loss     : 0.3193	 | 	Train Accuracy     : 0.8816
Valid Loss     : 2.7065	 | 	Valid Accuracy     : 0.4399

Epoch : 20
Train Loss     : 0.3054	 | 	Train Accuracy     : 0.8843
Valid Loss     : 3.1994	 | 	Valid Accuracy     : 0.4429

Epoch : 21
Train Loss     : 0.3078	 | 	Train Accuracy     : 0.8867
Valid Loss     : 2.8267	 | 	Valid Accuracy     : 0.4902

Epoch : 22
Train Loss     : 0.3009	 | 	Train Accuracy     : 0.8923
Valid Loss     : 3.3263	 | 	Valid Accuracy     : 0.4648

Epoch : 23
Train Loss     : 0.3044	 | 	Train Accuracy     : 0.8840
Valid Loss     : 2.9290	 | 	Valid Accuracy     : 0.4824

Epoch : 24
Train Loss     : 0.2978	 | 	Train Accuracy     : 0.8910
Valid Loss     : 2.7602	 | 	Valid Accuracy     : 0.4526

Epoch : 25
Train Loss     : 0.2966	 | 	Train Accuracy     : 0.8944
Valid Loss     : 2.8862	 | 	Valid Accuracy     : 0.4512

Epoch : 26
Train Loss     : 0.3007	 | 	Train Accuracy     : 0.8906
Valid Loss     : 3.1937	 | 	Valid Accuracy     : 0.4712

Epoch : 27
Train Loss     : 0.2930	 | 	Train Accuracy     : 0.8937
Valid Loss     : 3.4903	 | 	Valid Accuracy     : 0.4673

Epoch : 28
Train Loss     : 0.2911	 | 	Train Accuracy     : 0.8935
Valid Loss     : 3.0079	 | 	Valid Accuracy     : 0.4751

Epoch : 29
Train Loss     : 0.2901	 | 	Train Accuracy     : 0.8940
Valid Loss     : 3.5772	 | 	Valid Accuracy     : 0.4438

Epoch : 30
Train Loss     : 0.2916	 | 	Train Accuracy     : 0.8927
Valid Loss     : 2.9492	 | 	Valid Accuracy     : 0.4702

Evaluate on the Test set:
Test loss      :2.0545	 | Test Accuracy      : 0.4743 | Test AUPRC      : 0.4669
tensor([0.8248, 0.9025, 0.9850, 0.9173, 0.8356, 0.9403, 0.8536, 0.7759, 0.7898,
        0.7682, 0.7704, 0.7705, 0.7625, 0.8484, 0.8301, 0.7958, 0.7666, 0.7034,
        0.6850, 0.7205, 0.7380, 0.8458, 0.8170, 1.0102, 0.8676, 0.7150, 0.7905,
        0.7461, 0.7843, 0.7769, 0.8001, 0.7704, 0.8610, 0.8246, 0.7162, 0.8174,
        0.8547, 0.7002, 0.8550, 0.7580, 0.7695, 0.8638, 1.0251, 0.7313, 0.8423,
        0.7943, 0.8426, 0.7395, 0.7128, 0.9524, 0.7561, 0.8634, 0.8443, 0.7686,
        0.7506, 0.8441, 0.7462, 0.7343, 0.9152, 0.7494, 0.8318, 0.7350],
       device='cuda:0', grad_fn=<SqueezeBackward1>)

################## Training is Done! #########################
Training time is : 0:01:33.041262
