=============================================
Dataset: SEED
Method:  TS-TCC
Mode:    fine_tune
=============================================
Data loaded ...
Subjet 10
if scale True
Training started ....

Epoch : 1
Train Loss     : 1.2687	 | 	Train Accuracy     : 0.4433
Valid Loss     : 1.0497	 | 	Valid Accuracy     : 0.3945

Epoch : 2
Train Loss     : 0.7258	 | 	Train Accuracy     : 0.6773
Valid Loss     : 0.9588	 | 	Valid Accuracy     : 0.5229

Epoch : 3
Train Loss     : 0.5834	 | 	Train Accuracy     : 0.7444
Valid Loss     : 1.0443	 | 	Valid Accuracy     : 0.5571

Epoch : 4
Train Loss     : 0.5211	 | 	Train Accuracy     : 0.7850
Valid Loss     : 1.3909	 | 	Valid Accuracy     : 0.5630

Epoch : 5
Train Loss     : 0.4966	 | 	Train Accuracy     : 0.7928
Valid Loss     : 1.3488	 | 	Valid Accuracy     : 0.5786

Epoch : 6
Train Loss     : 0.4515	 | 	Train Accuracy     : 0.8122
Valid Loss     : 1.5304	 | 	Valid Accuracy     : 0.5850

Epoch : 7
Train Loss     : 0.4243	 | 	Train Accuracy     : 0.8358
Valid Loss     : 1.2689	 | 	Valid Accuracy     : 0.5962

Epoch : 8
Train Loss     : 0.4033	 | 	Train Accuracy     : 0.8347
Valid Loss     : 1.7146	 | 	Valid Accuracy     : 0.5757

Epoch : 9
Train Loss     : 0.4073	 | 	Train Accuracy     : 0.8390
Valid Loss     : 1.6558	 | 	Valid Accuracy     : 0.5820

Epoch : 10
Train Loss     : 0.3774	 | 	Train Accuracy     : 0.8504
Valid Loss     : 1.4317	 | 	Valid Accuracy     : 0.6265

Epoch : 11
Train Loss     : 0.3692	 | 	Train Accuracy     : 0.8539
Valid Loss     : 1.5875	 | 	Valid Accuracy     : 0.6191

Epoch : 12
Train Loss     : 0.3619	 | 	Train Accuracy     : 0.8555
Valid Loss     : 1.5611	 | 	Valid Accuracy     : 0.5957

Epoch : 13
Train Loss     : 0.3331	 | 	Train Accuracy     : 0.8704
Valid Loss     : 3.0079	 | 	Valid Accuracy     : 0.4780

Epoch : 14
Train Loss     : 0.3161	 | 	Train Accuracy     : 0.8792
Valid Loss     : 2.0368	 | 	Valid Accuracy     : 0.5952

Epoch : 15
Train Loss     : 0.2970	 | 	Train Accuracy     : 0.8908
Valid Loss     : 2.0665	 | 	Valid Accuracy     : 0.5933

Epoch : 16
Train Loss     : 0.2884	 | 	Train Accuracy     : 0.8954
Valid Loss     : 2.0494	 | 	Valid Accuracy     : 0.5737

Epoch : 17
Train Loss     : 0.2859	 | 	Train Accuracy     : 0.8971
Valid Loss     : 1.9634	 | 	Valid Accuracy     : 0.5684

Epoch : 18
Train Loss     : 0.2655	 | 	Train Accuracy     : 0.9096
Valid Loss     : 1.9569	 | 	Valid Accuracy     : 0.6016

Epoch : 19
Train Loss     : 0.2772	 | 	Train Accuracy     : 0.8981
Valid Loss     : 2.0075	 | 	Valid Accuracy     : 0.5947

Epoch : 20
Train Loss     : 0.2782	 | 	Train Accuracy     : 0.8984
Valid Loss     : 2.0366	 | 	Valid Accuracy     : 0.5825

Epoch : 21
Train Loss     : 0.2712	 | 	Train Accuracy     : 0.9037
Valid Loss     : 2.1537	 | 	Valid Accuracy     : 0.5903

Epoch : 22
Train Loss     : 0.2675	 | 	Train Accuracy     : 0.9017
Valid Loss     : 2.0819	 | 	Valid Accuracy     : 0.5874

Epoch : 23
Train Loss     : 0.2614	 | 	Train Accuracy     : 0.9095
Valid Loss     : 2.1956	 | 	Valid Accuracy     : 0.6001

Epoch : 24
Train Loss     : 0.2676	 | 	Train Accuracy     : 0.9042
Valid Loss     : 2.0953	 | 	Valid Accuracy     : 0.5854

Epoch : 25
Train Loss     : 0.2583	 | 	Train Accuracy     : 0.9062
Valid Loss     : 2.1640	 | 	Valid Accuracy     : 0.6001

Epoch : 26
Train Loss     : 0.2427	 | 	Train Accuracy     : 0.9136
Valid Loss     : 2.0905	 | 	Valid Accuracy     : 0.5776

Epoch : 27
Train Loss     : 0.2537	 | 	Train Accuracy     : 0.9119
Valid Loss     : 2.1720	 | 	Valid Accuracy     : 0.5869

Epoch : 28
Train Loss     : 0.2573	 | 	Train Accuracy     : 0.9079
Valid Loss     : 2.1211	 | 	Valid Accuracy     : 0.5820

Epoch : 29
Train Loss     : 0.2587	 | 	Train Accuracy     : 0.9085
Valid Loss     : 2.2045	 | 	Valid Accuracy     : 0.5791

Epoch : 30
Train Loss     : 0.2509	 | 	Train Accuracy     : 0.9134
Valid Loss     : 2.1148	 | 	Valid Accuracy     : 0.5996

Evaluate on the Test set:
Test loss      :2.0560	 | Test Accuracy      : 0.6056 | Test AUPRC      : 0.4775
tensor([0.8256, 0.9444, 0.9356, 0.8274, 0.8400, 0.9527, 0.9215, 0.8271, 0.8985,
        0.7933, 0.7857, 0.8025, 0.9192, 0.8808, 0.8929, 0.8684, 0.7679, 0.8491,
        0.7475, 0.7390, 0.7542, 0.9327, 0.7753, 0.9864, 0.9211, 0.7542, 0.7816,
        0.8707, 0.7730, 0.7394, 0.8799, 0.9560, 0.8488, 0.7746, 0.7759, 0.7693,
        0.8404, 0.7641, 0.8561, 0.7954, 0.7743, 0.8052, 0.8056, 0.8219, 0.9421,
        0.7459, 0.8027, 0.7359, 0.7764, 0.8139, 0.7875, 0.7732, 0.7797, 0.8778,
        0.7633, 0.8209, 0.8317, 0.8712, 0.7924, 0.9438, 0.8934, 0.8048],
       device='cuda:0', grad_fn=<SqueezeBackward1>)

################## Training is Done! #########################
Training time is : 0:01:30.627574
