=============================================
Dataset: SEED
Method:  TS-TCC
Mode:    fine_tune
=============================================
Data loaded ...
Subjet 12
if scale False
Training started ....

Epoch : 1
Train Loss     : 1.2328	 | 	Train Accuracy     : 0.4582
Valid Loss     : 1.0316	 | 	Valid Accuracy     : 0.5117

Epoch : 2
Train Loss     : 0.7690	 | 	Train Accuracy     : 0.6615
Valid Loss     : 0.9399	 | 	Valid Accuracy     : 0.5225

Epoch : 3
Train Loss     : 0.6282	 | 	Train Accuracy     : 0.7417
Valid Loss     : 0.8985	 | 	Valid Accuracy     : 0.6182

Epoch : 4
Train Loss     : 0.5139	 | 	Train Accuracy     : 0.8047
Valid Loss     : 0.8463	 | 	Valid Accuracy     : 0.6646

Epoch : 5
Train Loss     : 0.4203	 | 	Train Accuracy     : 0.8494
Valid Loss     : 0.7827	 | 	Valid Accuracy     : 0.6694

Epoch : 6
Train Loss     : 0.3569	 | 	Train Accuracy     : 0.8711
Valid Loss     : 0.7530	 | 	Valid Accuracy     : 0.7012

Epoch : 7
Train Loss     : 0.3017	 | 	Train Accuracy     : 0.8894
Valid Loss     : 0.9284	 | 	Valid Accuracy     : 0.6548

Epoch : 8
Train Loss     : 0.2868	 | 	Train Accuracy     : 0.8942
Valid Loss     : 0.8388	 | 	Valid Accuracy     : 0.6758

Epoch : 9
Train Loss     : 0.2478	 | 	Train Accuracy     : 0.9134
Valid Loss     : 0.7246	 | 	Valid Accuracy     : 0.7109

Epoch : 10
Train Loss     : 0.2271	 | 	Train Accuracy     : 0.9203
Valid Loss     : 0.7761	 | 	Valid Accuracy     : 0.6992

Epoch : 11
Train Loss     : 0.2096	 | 	Train Accuracy     : 0.9266
Valid Loss     : 0.8405	 | 	Valid Accuracy     : 0.6885

Epoch : 12
Train Loss     : 0.1789	 | 	Train Accuracy     : 0.9414
Valid Loss     : 1.0263	 | 	Valid Accuracy     : 0.6812

Epoch : 13
Train Loss     : 0.1637	 | 	Train Accuracy     : 0.9451
Valid Loss     : 0.9464	 | 	Valid Accuracy     : 0.6626

Epoch : 14
Train Loss     : 0.1912	 | 	Train Accuracy     : 0.9326
Valid Loss     : 0.8306	 | 	Valid Accuracy     : 0.6958

Epoch : 15
Train Loss     : 0.1609	 | 	Train Accuracy     : 0.9445
Valid Loss     : 0.8162	 | 	Valid Accuracy     : 0.7021

Epoch : 16
Train Loss     : 0.1409	 | 	Train Accuracy     : 0.9513
Valid Loss     : 1.1270	 | 	Valid Accuracy     : 0.6631

Epoch : 17
Train Loss     : 0.1466	 | 	Train Accuracy     : 0.9485
Valid Loss     : 1.0961	 | 	Valid Accuracy     : 0.6748

Epoch : 18
Train Loss     : 0.1360	 | 	Train Accuracy     : 0.9531
Valid Loss     : 1.0529	 | 	Valid Accuracy     : 0.6860

Epoch : 19
Train Loss     : 0.1451	 | 	Train Accuracy     : 0.9489
Valid Loss     : 0.8970	 | 	Valid Accuracy     : 0.6987

Epoch : 20
Train Loss     : 0.1340	 | 	Train Accuracy     : 0.9543
Valid Loss     : 0.9114	 | 	Valid Accuracy     : 0.7207

Epoch : 21
Train Loss     : 0.1022	 | 	Train Accuracy     : 0.9671
Valid Loss     : 0.8718	 | 	Valid Accuracy     : 0.7178

Epoch : 22
Train Loss     : 0.0834	 | 	Train Accuracy     : 0.9771
Valid Loss     : 0.9003	 | 	Valid Accuracy     : 0.6982

Epoch : 23
Train Loss     : 0.0795	 | 	Train Accuracy     : 0.9789
Valid Loss     : 0.8888	 | 	Valid Accuracy     : 0.7075

Epoch : 24
Train Loss     : 0.0768	 | 	Train Accuracy     : 0.9801
Valid Loss     : 0.8741	 | 	Valid Accuracy     : 0.7056

Epoch : 25
Train Loss     : 0.0756	 | 	Train Accuracy     : 0.9818
Valid Loss     : 0.8819	 | 	Valid Accuracy     : 0.7056

Epoch : 26
Train Loss     : 0.0720	 | 	Train Accuracy     : 0.9837
Valid Loss     : 0.9076	 | 	Valid Accuracy     : 0.7124

Epoch : 27
Train Loss     : 0.0719	 | 	Train Accuracy     : 0.9834
Valid Loss     : 0.9118	 | 	Valid Accuracy     : 0.7065

Epoch : 28
Train Loss     : 0.0727	 | 	Train Accuracy     : 0.9825
Valid Loss     : 0.8869	 | 	Valid Accuracy     : 0.7178

Epoch : 29
Train Loss     : 0.0714	 | 	Train Accuracy     : 0.9834
Valid Loss     : 0.9038	 | 	Valid Accuracy     : 0.7095

Epoch : 30
Train Loss     : 0.0710	 | 	Train Accuracy     : 0.9815
Valid Loss     : 0.9155	 | 	Valid Accuracy     : 0.7036

Evaluate on the Test set:
Test loss      :1.2814	 | Test Accuracy      : 0.6234 | Test AUPRC      : 0.4700
tensor([1., 1., 1., 1., 1., 1., 1., 1., 1., 1., 1., 1., 1., 1., 1., 1., 1., 1.,
        1., 1., 1., 1., 1., 1., 1., 1., 1., 1., 1., 1., 1., 1., 1., 1., 1., 1.,
        1., 1., 1., 1., 1., 1., 1., 1., 1., 1., 1., 1., 1., 1., 1., 1., 1., 1.,
        1., 1., 1., 1., 1., 1., 1., 1.], device='cuda:0',
       grad_fn=<SqueezeBackward1>)

################## Training is Done! #########################
Training time is : 0:01:41.878411
