=============================================
Dataset: SEED
Method:  TS-TCC
Mode:    fine_tune
=============================================
Data loaded ...
Subjet 15
if scale True
Training started ....

Epoch : 1
Train Loss     : 0.8790	 | 	Train Accuracy     : 0.6238
Valid Loss     : 2.5427	 | 	Valid Accuracy     : 0.3237

Epoch : 2
Train Loss     : 0.3085	 | 	Train Accuracy     : 0.8842
Valid Loss     : 2.2030	 | 	Valid Accuracy     : 0.3472

Epoch : 3
Train Loss     : 0.1805	 | 	Train Accuracy     : 0.9406
Valid Loss     : 1.0733	 | 	Valid Accuracy     : 0.6509

Epoch : 4
Train Loss     : 0.1226	 | 	Train Accuracy     : 0.9647
Valid Loss     : 0.5951	 | 	Valid Accuracy     : 0.8232

Epoch : 5
Train Loss     : 0.0939	 | 	Train Accuracy     : 0.9728
Valid Loss     : 0.6478	 | 	Valid Accuracy     : 0.8560

Epoch : 6
Train Loss     : 0.0734	 | 	Train Accuracy     : 0.9820
Valid Loss     : 1.0553	 | 	Valid Accuracy     : 0.8472

Epoch : 7
Train Loss     : 0.0609	 | 	Train Accuracy     : 0.9825
Valid Loss     : 1.6083	 | 	Valid Accuracy     : 0.8652

Epoch : 8
Train Loss     : 0.0544	 | 	Train Accuracy     : 0.9871
Valid Loss     : 3.6847	 | 	Valid Accuracy     : 0.8740

Epoch : 9
Train Loss     : 0.0474	 | 	Train Accuracy     : 0.9888
Valid Loss     : 1.7127	 | 	Valid Accuracy     : 0.9141

Epoch : 10
Train Loss     : 0.0410	 | 	Train Accuracy     : 0.9907
Valid Loss     : 0.9229	 | 	Valid Accuracy     : 0.8984

Epoch : 11
Train Loss     : 0.0402	 | 	Train Accuracy     : 0.9917
Valid Loss     : 0.3776	 | 	Valid Accuracy     : 0.8979

Epoch : 12
Train Loss     : 0.0351	 | 	Train Accuracy     : 0.9910
Valid Loss     : 0.6430	 | 	Valid Accuracy     : 0.9082

Epoch : 13
Train Loss     : 0.0387	 | 	Train Accuracy     : 0.9903
Valid Loss     : 1.0337	 | 	Valid Accuracy     : 0.9097

Epoch : 14
Train Loss     : 0.0287	 | 	Train Accuracy     : 0.9941
Valid Loss     : 0.6022	 | 	Valid Accuracy     : 0.9390

Epoch : 15
Train Loss     : 0.0300	 | 	Train Accuracy     : 0.9941
Valid Loss     : 0.5847	 | 	Valid Accuracy     : 0.9277

Epoch : 16
Train Loss     : 0.0288	 | 	Train Accuracy     : 0.9930
Valid Loss     : 0.8864	 | 	Valid Accuracy     : 0.9302

Epoch : 17
Train Loss     : 0.0358	 | 	Train Accuracy     : 0.9898
Valid Loss     : 0.5748	 | 	Valid Accuracy     : 0.9092

Epoch : 18
Train Loss     : 0.0352	 | 	Train Accuracy     : 0.9910
Valid Loss     : 0.4417	 | 	Valid Accuracy     : 0.9526

Epoch : 19
Train Loss     : 0.0314	 | 	Train Accuracy     : 0.9913
Valid Loss     : 0.8709	 | 	Valid Accuracy     : 0.9155

Epoch : 20
Train Loss     : 0.0236	 | 	Train Accuracy     : 0.9949
Valid Loss     : 0.3723	 | 	Valid Accuracy     : 0.9434

Epoch : 21
Train Loss     : 0.0246	 | 	Train Accuracy     : 0.9951
Valid Loss     : 0.2328	 | 	Valid Accuracy     : 0.9595

Epoch : 22
Train Loss     : 0.0332	 | 	Train Accuracy     : 0.9910
Valid Loss     : 0.6667	 | 	Valid Accuracy     : 0.9248

Epoch : 23
Train Loss     : 0.0302	 | 	Train Accuracy     : 0.9925
Valid Loss     : 0.2323	 | 	Valid Accuracy     : 0.9424

Epoch : 24
Train Loss     : 0.0269	 | 	Train Accuracy     : 0.9927
Valid Loss     : 0.3018	 | 	Valid Accuracy     : 0.9414

Epoch : 25
Train Loss     : 0.0276	 | 	Train Accuracy     : 0.9932
Valid Loss     : 0.2203	 | 	Valid Accuracy     : 0.9707

Epoch : 26
Train Loss     : 0.0262	 | 	Train Accuracy     : 0.9937
Valid Loss     : 0.1575	 | 	Valid Accuracy     : 0.9590

Epoch : 27
Train Loss     : 0.0217	 | 	Train Accuracy     : 0.9958
Valid Loss     : 0.1809	 | 	Valid Accuracy     : 0.9614

Epoch : 28
Train Loss     : 0.0253	 | 	Train Accuracy     : 0.9947
Valid Loss     : 0.0889	 | 	Valid Accuracy     : 0.9785

Epoch : 29
Train Loss     : 0.0246	 | 	Train Accuracy     : 0.9942
Valid Loss     : 0.0675	 | 	Valid Accuracy     : 0.9771

Epoch : 30
Train Loss     : 0.0312	 | 	Train Accuracy     : 0.9900
Valid Loss     : 0.0761	 | 	Valid Accuracy     : 0.9727

Evaluate on the Test set:
Test loss      :0.4142	 | Test Accuracy      : 0.8665 | Test AUPRC      : 0.6407
tensor([0.7004, 0.5076, 0.8692, 0.6236, 0.4240, 0.4448, 0.7718, 0.6526, 0.4973,
        0.5616, 0.4423, 0.4571, 0.4537, 0.4172, 0.8205, 0.7249, 0.4354, 0.4092,
        0.4751, 0.4903, 0.4497, 0.6871, 0.4706, 0.9516, 0.7755, 0.4641, 0.7131,
        0.4701, 0.4322, 0.4265, 0.8048, 0.7794, 0.4345, 0.4464, 0.4164, 0.5110,
        0.6818, 0.4224, 0.5532, 0.6765, 0.4792, 0.6395, 0.4225, 0.4007, 0.7765,
        0.4983, 0.4357, 0.4378, 0.5255, 0.5394, 0.4355, 0.4525, 0.4863, 0.4152,
        0.4631, 0.8095, 0.6658, 0.6510, 0.7988, 0.4899, 0.6691, 0.4299],
       device='cuda:0', grad_fn=<SqueezeBackward1>)

################## Training is Done! #########################
Training time is : 0:01:41.808635
