=============================================
Dataset: SEED
Method:  TS-TCC
Mode:    fine_tune
=============================================
Data loaded ...
Subjet 11
if scale True
Training started ....

Epoch : 1
Train Loss     : 1.0502	 | 	Train Accuracy     : 0.5472
Valid Loss     : 0.7044	 | 	Valid Accuracy     : 0.6602

Epoch : 2
Train Loss     : 0.5541	 | 	Train Accuracy     : 0.7702
Valid Loss     : 0.6279	 | 	Valid Accuracy     : 0.6943

Epoch : 3
Train Loss     : 0.4412	 | 	Train Accuracy     : 0.8269
Valid Loss     : 0.4971	 | 	Valid Accuracy     : 0.7490

Epoch : 4
Train Loss     : 0.3618	 | 	Train Accuracy     : 0.8701
Valid Loss     : 0.5641	 | 	Valid Accuracy     : 0.7485

Epoch : 5
Train Loss     : 0.3360	 | 	Train Accuracy     : 0.8806
Valid Loss     : 0.4366	 | 	Valid Accuracy     : 0.8140

Epoch : 6
Train Loss     : 0.3142	 | 	Train Accuracy     : 0.8857
Valid Loss     : 0.4265	 | 	Valid Accuracy     : 0.8257

Epoch : 7
Train Loss     : 0.2843	 | 	Train Accuracy     : 0.8991
Valid Loss     : 0.5276	 | 	Valid Accuracy     : 0.7734

Epoch : 8
Train Loss     : 0.2682	 | 	Train Accuracy     : 0.9056
Valid Loss     : 0.4567	 | 	Valid Accuracy     : 0.8120

Epoch : 9
Train Loss     : 0.2561	 | 	Train Accuracy     : 0.9085
Valid Loss     : 0.5636	 | 	Valid Accuracy     : 0.7886

Epoch : 10
Train Loss     : 0.2557	 | 	Train Accuracy     : 0.9054
Valid Loss     : 0.5275	 | 	Valid Accuracy     : 0.7861

Epoch : 11
Train Loss     : 0.2496	 | 	Train Accuracy     : 0.9108
Valid Loss     : 0.4168	 | 	Valid Accuracy     : 0.8228

Epoch : 12
Train Loss     : 0.2293	 | 	Train Accuracy     : 0.9161
Valid Loss     : 0.5730	 | 	Valid Accuracy     : 0.7734

Epoch : 13
Train Loss     : 0.2229	 | 	Train Accuracy     : 0.9210
Valid Loss     : 0.4911	 | 	Valid Accuracy     : 0.7910

Epoch : 14
Train Loss     : 0.2161	 | 	Train Accuracy     : 0.9217
Valid Loss     : 0.4511	 | 	Valid Accuracy     : 0.8169

Epoch : 15
Train Loss     : 0.2112	 | 	Train Accuracy     : 0.9256
Valid Loss     : 0.4127	 | 	Valid Accuracy     : 0.8291

Epoch : 16
Train Loss     : 0.2025	 | 	Train Accuracy     : 0.9293
Valid Loss     : 0.7004	 | 	Valid Accuracy     : 0.7485

Epoch : 17
Train Loss     : 0.2072	 | 	Train Accuracy     : 0.9266
Valid Loss     : 0.4228	 | 	Valid Accuracy     : 0.8257

Epoch : 18
Train Loss     : 0.1922	 | 	Train Accuracy     : 0.9304
Valid Loss     : 0.3949	 | 	Valid Accuracy     : 0.8369

Epoch : 19
Train Loss     : 0.2122	 | 	Train Accuracy     : 0.9198
Valid Loss     : 0.5085	 | 	Valid Accuracy     : 0.8086

Epoch : 20
Train Loss     : 0.1999	 | 	Train Accuracy     : 0.9307
Valid Loss     : 0.4062	 | 	Valid Accuracy     : 0.8345

Epoch : 21
Train Loss     : 0.1821	 | 	Train Accuracy     : 0.9322
Valid Loss     : 0.5333	 | 	Valid Accuracy     : 0.7905

Epoch : 22
Train Loss     : 0.1846	 | 	Train Accuracy     : 0.9365
Valid Loss     : 0.5369	 | 	Valid Accuracy     : 0.7822

Epoch : 23
Train Loss     : 0.1679	 | 	Train Accuracy     : 0.9406
Valid Loss     : 0.4691	 | 	Valid Accuracy     : 0.8184

Epoch : 24
Train Loss     : 0.1741	 | 	Train Accuracy     : 0.9414
Valid Loss     : 0.4934	 | 	Valid Accuracy     : 0.8140

Epoch : 25
Train Loss     : 0.1848	 | 	Train Accuracy     : 0.9324
Valid Loss     : 0.4568	 | 	Valid Accuracy     : 0.8135

Epoch : 26
Train Loss     : 0.1718	 | 	Train Accuracy     : 0.9390
Valid Loss     : 0.5098	 | 	Valid Accuracy     : 0.8042

Epoch : 27
Train Loss     : 0.1557	 | 	Train Accuracy     : 0.9479
Valid Loss     : 0.5530	 | 	Valid Accuracy     : 0.7910

Epoch : 28
Train Loss     : 0.1615	 | 	Train Accuracy     : 0.9440
Valid Loss     : 0.4240	 | 	Valid Accuracy     : 0.8296

Epoch : 29
Train Loss     : 0.1600	 | 	Train Accuracy     : 0.9445
Valid Loss     : 0.5328	 | 	Valid Accuracy     : 0.8076

Epoch : 30
Train Loss     : 0.1344	 | 	Train Accuracy     : 0.9564
Valid Loss     : 0.4072	 | 	Valid Accuracy     : 0.8369

Evaluate on the Test set:
Test loss      :0.6107	 | Test Accuracy      : 0.8018 | Test AUPRC      : 0.5845
tensor([0.6405, 0.8629, 0.9291, 0.7332, 0.7860, 0.8118, 0.8378, 0.6276, 0.6645,
        0.7290, 0.5822, 0.6395, 0.6005, 0.6957, 0.6261, 0.8470, 0.4740, 0.6721,
        0.5963, 0.5319, 0.4891, 0.9241, 0.8832, 0.8797, 0.7767, 0.5569, 0.5392,
        0.8213, 0.7169, 0.7220, 0.7878, 0.8662, 0.6391, 0.6154, 0.5283, 0.5031,
        0.7380, 0.6882, 0.7716, 0.5225, 0.6613, 0.5640, 0.9073, 0.7493, 0.6093,
        0.7005, 0.6644, 0.6946, 0.7080, 0.6147, 0.4624, 0.8299, 0.6313, 0.6907,
        0.7255, 0.6967, 0.7442, 0.4899, 0.9038, 0.5881, 0.6645, 0.6665],
       device='cuda:0', grad_fn=<SqueezeBackward1>)

################## Training is Done! #########################
Training time is : 0:01:29.884626
