=============================================
Dataset: SEED
Method:  TS-TCC
Mode:    fine_tune
=============================================
Data loaded ...
Subjet 11
if scale False
Training started ....

Epoch : 1
Train Loss     : 1.0350	 | 	Train Accuracy     : 0.5538
Valid Loss     : 0.7245	 | 	Valid Accuracy     : 0.6465

Epoch : 2
Train Loss     : 0.5423	 | 	Train Accuracy     : 0.7709
Valid Loss     : 0.6146	 | 	Valid Accuracy     : 0.6938

Epoch : 3
Train Loss     : 0.4293	 | 	Train Accuracy     : 0.8339
Valid Loss     : 0.5515	 | 	Valid Accuracy     : 0.7217

Epoch : 4
Train Loss     : 0.3500	 | 	Train Accuracy     : 0.8747
Valid Loss     : 0.5491	 | 	Valid Accuracy     : 0.7505

Epoch : 5
Train Loss     : 0.3365	 | 	Train Accuracy     : 0.8748
Valid Loss     : 0.4608	 | 	Valid Accuracy     : 0.7920

Epoch : 6
Train Loss     : 0.3168	 | 	Train Accuracy     : 0.8811
Valid Loss     : 0.5192	 | 	Valid Accuracy     : 0.7812

Epoch : 7
Train Loss     : 0.2901	 | 	Train Accuracy     : 0.8947
Valid Loss     : 0.4349	 | 	Valid Accuracy     : 0.8096

Epoch : 8
Train Loss     : 0.2638	 | 	Train Accuracy     : 0.9095
Valid Loss     : 0.4600	 | 	Valid Accuracy     : 0.8062

Epoch : 9
Train Loss     : 0.2560	 | 	Train Accuracy     : 0.9040
Valid Loss     : 0.4097	 | 	Valid Accuracy     : 0.8223

Epoch : 10
Train Loss     : 0.2469	 | 	Train Accuracy     : 0.9119
Valid Loss     : 0.4388	 | 	Valid Accuracy     : 0.8193

Epoch : 11
Train Loss     : 0.2398	 | 	Train Accuracy     : 0.9134
Valid Loss     : 0.3534	 | 	Valid Accuracy     : 0.8496

Epoch : 12
Train Loss     : 0.2484	 | 	Train Accuracy     : 0.9081
Valid Loss     : 0.4987	 | 	Valid Accuracy     : 0.8013

Epoch : 13
Train Loss     : 0.2187	 | 	Train Accuracy     : 0.9226
Valid Loss     : 0.4357	 | 	Valid Accuracy     : 0.8135

Epoch : 14
Train Loss     : 0.2527	 | 	Train Accuracy     : 0.9044
Valid Loss     : 0.3576	 | 	Valid Accuracy     : 0.8447

Epoch : 15
Train Loss     : 0.2094	 | 	Train Accuracy     : 0.9234
Valid Loss     : 0.4981	 | 	Valid Accuracy     : 0.7983

Epoch : 16
Train Loss     : 0.2024	 | 	Train Accuracy     : 0.9265
Valid Loss     : 0.4659	 | 	Valid Accuracy     : 0.8145

Epoch : 17
Train Loss     : 0.2050	 | 	Train Accuracy     : 0.9248
Valid Loss     : 0.4420	 | 	Valid Accuracy     : 0.8257

Epoch : 18
Train Loss     : 0.1819	 | 	Train Accuracy     : 0.9356
Valid Loss     : 0.4696	 | 	Valid Accuracy     : 0.8203

Epoch : 19
Train Loss     : 0.1916	 | 	Train Accuracy     : 0.9324
Valid Loss     : 0.3840	 | 	Valid Accuracy     : 0.8438

Epoch : 20
Train Loss     : 0.1915	 | 	Train Accuracy     : 0.9283
Valid Loss     : 0.4846	 | 	Valid Accuracy     : 0.8218

Epoch : 21
Train Loss     : 0.1848	 | 	Train Accuracy     : 0.9312
Valid Loss     : 0.5929	 | 	Valid Accuracy     : 0.7881

Epoch : 22
Train Loss     : 0.1743	 | 	Train Accuracy     : 0.9360
Valid Loss     : 0.3908	 | 	Valid Accuracy     : 0.8428

Epoch : 23
Train Loss     : 0.1393	 | 	Train Accuracy     : 0.9528
Valid Loss     : 0.4435	 | 	Valid Accuracy     : 0.8252

Epoch : 24
Train Loss     : 0.1260	 | 	Train Accuracy     : 0.9581
Valid Loss     : 0.3786	 | 	Valid Accuracy     : 0.8447

Epoch : 25
Train Loss     : 0.1204	 | 	Train Accuracy     : 0.9637
Valid Loss     : 0.3425	 | 	Valid Accuracy     : 0.8589

Epoch : 26
Train Loss     : 0.1243	 | 	Train Accuracy     : 0.9579
Valid Loss     : 0.3676	 | 	Valid Accuracy     : 0.8496

Epoch : 27
Train Loss     : 0.1099	 | 	Train Accuracy     : 0.9660
Valid Loss     : 0.3910	 | 	Valid Accuracy     : 0.8447

Epoch : 28
Train Loss     : 0.1152	 | 	Train Accuracy     : 0.9652
Valid Loss     : 0.4046	 | 	Valid Accuracy     : 0.8403

Epoch : 29
Train Loss     : 0.1126	 | 	Train Accuracy     : 0.9648
Valid Loss     : 0.3868	 | 	Valid Accuracy     : 0.8467

Epoch : 30
Train Loss     : 0.1122	 | 	Train Accuracy     : 0.9652
Valid Loss     : 0.3657	 | 	Valid Accuracy     : 0.8516

Evaluate on the Test set:
Test loss      :0.6721	 | Test Accuracy      : 0.8091 | Test AUPRC      : 0.5872
tensor([1., 1., 1., 1., 1., 1., 1., 1., 1., 1., 1., 1., 1., 1., 1., 1., 1., 1.,
        1., 1., 1., 1., 1., 1., 1., 1., 1., 1., 1., 1., 1., 1., 1., 1., 1., 1.,
        1., 1., 1., 1., 1., 1., 1., 1., 1., 1., 1., 1., 1., 1., 1., 1., 1., 1.,
        1., 1., 1., 1., 1., 1., 1., 1.], device='cuda:0',
       grad_fn=<SqueezeBackward1>)

################## Training is Done! #########################
Training time is : 0:01:40.409643
