=============================================
Dataset: SEED
Method:  TS-TCC
Mode:    train_linear
=============================================
Data loaded ...
Subjet 11
if scale True
Training started ....

Epoch : 1
Train Loss     : 0.9277	 | 	Train Accuracy     : 0.5929
Valid Loss     : 1.8786	 | 	Valid Accuracy     : 0.3941

Epoch : 2
Train Loss     : 0.5480	 | 	Train Accuracy     : 0.7769
Valid Loss     : 0.5822	 | 	Valid Accuracy     : 0.7666

Epoch : 3
Train Loss     : 0.4545	 | 	Train Accuracy     : 0.8252
Valid Loss     : 0.4710	 | 	Valid Accuracy     : 0.8060

Epoch : 4
Train Loss     : 0.4506	 | 	Train Accuracy     : 0.8241
Valid Loss     : 0.5218	 | 	Valid Accuracy     : 0.7985

Epoch : 5
Train Loss     : 0.3961	 | 	Train Accuracy     : 0.8488
Valid Loss     : 0.5149	 | 	Valid Accuracy     : 0.8105

Epoch : 6
Train Loss     : 0.3777	 | 	Train Accuracy     : 0.8622
Valid Loss     : 0.5132	 | 	Valid Accuracy     : 0.8064

Epoch : 7
Train Loss     : 0.3763	 | 	Train Accuracy     : 0.8587
Valid Loss     : 0.6175	 | 	Valid Accuracy     : 0.7690

Epoch : 8
Train Loss     : 0.3934	 | 	Train Accuracy     : 0.8484
Valid Loss     : 0.6809	 | 	Valid Accuracy     : 0.7546

Epoch : 9
Train Loss     : 0.3811	 | 	Train Accuracy     : 0.8528
Valid Loss     : 0.4619	 | 	Valid Accuracy     : 0.8256

Epoch : 10
Train Loss     : 0.3563	 | 	Train Accuracy     : 0.8658
Valid Loss     : 0.4499	 | 	Valid Accuracy     : 0.8259

Epoch : 11
Train Loss     : 0.3533	 | 	Train Accuracy     : 0.8710
Valid Loss     : 0.5396	 | 	Valid Accuracy     : 0.7941

Epoch : 12
Train Loss     : 0.3500	 | 	Train Accuracy     : 0.8709
Valid Loss     : 0.5799	 | 	Valid Accuracy     : 0.7847

Epoch : 13
Train Loss     : 0.3581	 | 	Train Accuracy     : 0.8626
Valid Loss     : 0.4759	 | 	Valid Accuracy     : 0.8074

Epoch : 14
Train Loss     : 0.3490	 | 	Train Accuracy     : 0.8671
Valid Loss     : 0.4524	 | 	Valid Accuracy     : 0.8089

Epoch : 15
Train Loss     : 0.3542	 | 	Train Accuracy     : 0.8620
Valid Loss     : 0.4790	 | 	Valid Accuracy     : 0.8219

Epoch : 16
Train Loss     : 0.3509	 | 	Train Accuracy     : 0.8654
Valid Loss     : 0.6097	 | 	Valid Accuracy     : 0.7788

Epoch : 17
Train Loss     : 0.3439	 | 	Train Accuracy     : 0.8701
Valid Loss     : 0.5019	 | 	Valid Accuracy     : 0.8171

Epoch : 18
Train Loss     : 0.3334	 | 	Train Accuracy     : 0.8750
Valid Loss     : 0.6094	 | 	Valid Accuracy     : 0.7763

Epoch : 19
Train Loss     : 0.3201	 | 	Train Accuracy     : 0.8782
Valid Loss     : 0.5233	 | 	Valid Accuracy     : 0.8162

Epoch : 20
Train Loss     : 0.3226	 | 	Train Accuracy     : 0.8782
Valid Loss     : 0.5955	 | 	Valid Accuracy     : 0.7872

Epoch : 21
Train Loss     : 0.3319	 | 	Train Accuracy     : 0.8758
Valid Loss     : 0.5433	 | 	Valid Accuracy     : 0.7944

Epoch : 22
Train Loss     : 0.3053	 | 	Train Accuracy     : 0.8890
Valid Loss     : 0.5616	 | 	Valid Accuracy     : 0.7935

Epoch : 23
Train Loss     : 0.3023	 | 	Train Accuracy     : 0.8938
Valid Loss     : 0.4951	 | 	Valid Accuracy     : 0.8203

Epoch : 24
Train Loss     : 0.3103	 | 	Train Accuracy     : 0.8869
Valid Loss     : 0.5441	 | 	Valid Accuracy     : 0.7960

Epoch : 25
Train Loss     : 0.3052	 | 	Train Accuracy     : 0.8900
Valid Loss     : 0.5776	 | 	Valid Accuracy     : 0.7869

Epoch : 26
Train Loss     : 0.3021	 | 	Train Accuracy     : 0.8926
Valid Loss     : 0.5271	 | 	Valid Accuracy     : 0.8025

Epoch : 27
Train Loss     : 0.3048	 | 	Train Accuracy     : 0.8909
Valid Loss     : 0.5757	 | 	Valid Accuracy     : 0.7892

Epoch : 28
Train Loss     : 0.3049	 | 	Train Accuracy     : 0.8877
Valid Loss     : 0.5521	 | 	Valid Accuracy     : 0.7943

Epoch : 29
Train Loss     : 0.3050	 | 	Train Accuracy     : 0.8873
Valid Loss     : 0.5544	 | 	Valid Accuracy     : 0.7915

Epoch : 30
Train Loss     : 0.3062	 | 	Train Accuracy     : 0.8881
Valid Loss     : 0.5106	 | 	Valid Accuracy     : 0.8095

Evaluate on the Test set:
Test loss      :0.7010	 | Test Accuracy      : 0.7903 | Test AUPRC      : 0.8075
tensor([0.7831, 0.7891, 0.9325, 0.8368, 0.8943, 0.8317, 0.9616, 0.6824, 0.7705,
        0.7136, 0.8158, 0.8790, 0.9290, 0.7883, 0.7252, 0.6432, 0.8507, 0.7374,
        0.5977, 0.9473, 0.7502, 0.9562, 0.8519, 0.9773, 0.8735, 0.8758, 0.7919,
        0.7211, 0.8145, 0.6830, 0.8144, 0.9401, 0.9015, 0.7728, 0.6457, 0.7912,
        0.7751, 0.6497, 0.8318, 0.6736, 0.9182, 0.8798, 0.6792, 0.7888, 0.8236,
        0.8270, 0.7256, 0.7933, 0.6797, 0.6269, 0.9251, 0.8409, 0.8034, 0.8087,
        0.6610, 0.5709, 0.7071, 0.9657, 0.9454, 0.7640, 0.7454, 0.8221],
       device='cuda:0', grad_fn=<SqueezeBackward1>)

################## Training is Done! #########################
Training time is : 0:01:56.847010
