=============================================
Dataset: SEED
Method:  TS-TCC
Mode:    train_linear
=============================================
Data loaded ...
Subjet 1
if scale True
Training started ....

Epoch : 1
Train Loss     : 1.1057	 | 	Train Accuracy     : 0.4913
Valid Loss     : 1.6654	 | 	Valid Accuracy     : 0.3926

Epoch : 2
Train Loss     : 0.7496	 | 	Train Accuracy     : 0.6843
Valid Loss     : 0.8083	 | 	Valid Accuracy     : 0.6250

Epoch : 3
Train Loss     : 0.6722	 | 	Train Accuracy     : 0.7274
Valid Loss     : 0.8102	 | 	Valid Accuracy     : 0.6309

Epoch : 4
Train Loss     : 0.6635	 | 	Train Accuracy     : 0.7317
Valid Loss     : 0.8341	 | 	Valid Accuracy     : 0.6045

Epoch : 5
Train Loss     : 0.6741	 | 	Train Accuracy     : 0.7113
Valid Loss     : 1.0003	 | 	Valid Accuracy     : 0.5869

Epoch : 6
Train Loss     : 0.6379	 | 	Train Accuracy     : 0.7269
Valid Loss     : 0.8091	 | 	Valid Accuracy     : 0.6060

Epoch : 7
Train Loss     : 0.6118	 | 	Train Accuracy     : 0.7413
Valid Loss     : 0.8287	 | 	Valid Accuracy     : 0.6406

Epoch : 8
Train Loss     : 0.6347	 | 	Train Accuracy     : 0.7267
Valid Loss     : 1.0308	 | 	Valid Accuracy     : 0.5562

Epoch : 9
Train Loss     : 0.6485	 | 	Train Accuracy     : 0.7230
Valid Loss     : 0.8760	 | 	Valid Accuracy     : 0.6006

Epoch : 10
Train Loss     : 0.6129	 | 	Train Accuracy     : 0.7395
Valid Loss     : 0.9183	 | 	Valid Accuracy     : 0.6055

Epoch : 11
Train Loss     : 0.5993	 | 	Train Accuracy     : 0.7473
Valid Loss     : 0.8166	 | 	Valid Accuracy     : 0.6353

Epoch : 12
Train Loss     : 0.5949	 | 	Train Accuracy     : 0.7412
Valid Loss     : 0.9237	 | 	Valid Accuracy     : 0.6011

Epoch : 13
Train Loss     : 0.5834	 | 	Train Accuracy     : 0.7551
Valid Loss     : 1.0197	 | 	Valid Accuracy     : 0.5581

Epoch : 14
Train Loss     : 0.5831	 | 	Train Accuracy     : 0.7592
Valid Loss     : 0.8900	 | 	Valid Accuracy     : 0.5981

Epoch : 15
Train Loss     : 0.5593	 | 	Train Accuracy     : 0.7675
Valid Loss     : 0.8836	 | 	Valid Accuracy     : 0.6113

Epoch : 16
Train Loss     : 0.5667	 | 	Train Accuracy     : 0.7683
Valid Loss     : 0.8724	 | 	Valid Accuracy     : 0.6035

Epoch : 17
Train Loss     : 0.5576	 | 	Train Accuracy     : 0.7748
Valid Loss     : 0.8507	 | 	Valid Accuracy     : 0.6152

Epoch : 18
Train Loss     : 0.5541	 | 	Train Accuracy     : 0.7770
Valid Loss     : 0.8984	 | 	Valid Accuracy     : 0.5894

Epoch : 19
Train Loss     : 0.5628	 | 	Train Accuracy     : 0.7665
Valid Loss     : 0.8531	 | 	Valid Accuracy     : 0.6138

Epoch : 20
Train Loss     : 0.5559	 | 	Train Accuracy     : 0.7784
Valid Loss     : 0.9014	 | 	Valid Accuracy     : 0.6030

Epoch : 21
Train Loss     : 0.5625	 | 	Train Accuracy     : 0.7692
Valid Loss     : 0.8739	 | 	Valid Accuracy     : 0.6138

Epoch : 22
Train Loss     : 0.5617	 | 	Train Accuracy     : 0.7675
Valid Loss     : 0.8263	 | 	Valid Accuracy     : 0.6206

Epoch : 23
Train Loss     : 0.5600	 | 	Train Accuracy     : 0.7768
Valid Loss     : 0.8177	 | 	Valid Accuracy     : 0.6191

Epoch : 24
Train Loss     : 0.5563	 | 	Train Accuracy     : 0.7760
Valid Loss     : 0.8424	 | 	Valid Accuracy     : 0.6162

Epoch : 25
Train Loss     : 0.5552	 | 	Train Accuracy     : 0.7745
Valid Loss     : 0.8529	 | 	Valid Accuracy     : 0.6143

Epoch : 26
Train Loss     : 0.5536	 | 	Train Accuracy     : 0.7760
Valid Loss     : 0.8305	 | 	Valid Accuracy     : 0.6167

Epoch : 27
Train Loss     : 0.5484	 | 	Train Accuracy     : 0.7796
Valid Loss     : 0.8571	 | 	Valid Accuracy     : 0.6118

Epoch : 28
Train Loss     : 0.5497	 | 	Train Accuracy     : 0.7772
Valid Loss     : 0.8422	 | 	Valid Accuracy     : 0.6123

Epoch : 29
Train Loss     : 0.5535	 | 	Train Accuracy     : 0.7777
Valid Loss     : 0.8359	 | 	Valid Accuracy     : 0.6182

Epoch : 30
Train Loss     : 0.5508	 | 	Train Accuracy     : 0.7760
Valid Loss     : 0.8228	 | 	Valid Accuracy     : 0.6274

Evaluate on the Test set:
Test loss      :0.7257	 | Test Accuracy      : 0.6837 | Test AUPRC      : 0.5821
tensor([0.8456, 0.8508, 0.8468, 0.9386, 0.8559, 0.8771, 0.8490, 0.7655, 0.8309,
        0.7819, 0.8637, 0.8381, 0.9465, 0.8847, 0.8948, 0.8065, 0.7659, 0.7919,
        0.7448, 0.9476, 0.8160, 0.8137, 0.8265, 1.0005, 0.9262, 0.9120, 0.8315,
        0.8007, 0.7851, 0.7854, 0.8226, 0.9466, 0.9159, 0.7606, 0.7557, 0.8789,
        0.7615, 0.7745, 0.8730, 0.8612, 0.9491, 0.8762, 0.8423, 0.9516, 0.8567,
        0.7853, 0.7930, 0.8567, 0.8481, 0.9811, 0.7976, 0.7908, 0.7382, 0.7741,
        0.7346, 0.9173, 0.8037, 0.9356, 0.9017, 0.7651, 0.9019, 0.8350],
       device='cuda:0', grad_fn=<SqueezeBackward1>)

################## Training is Done! #########################
Training time is : 0:00:48.567931
