=============================================
Dataset: SEED
Method:  TS-TCC
Mode:    train_linear
=============================================
Data loaded ...
Subjet 13
if scale True
Training started ....

Epoch : 1
Train Loss     : 1.3563	 | 	Train Accuracy     : 0.4813
Valid Loss     : 1.2850	 | 	Valid Accuracy     : 0.4342

Epoch : 2
Train Loss     : 1.1427	 | 	Train Accuracy     : 0.6200
Valid Loss     : 1.0199	 | 	Valid Accuracy     : 0.4648

Epoch : 3
Train Loss     : 0.5205	 | 	Train Accuracy     : 0.7579
Valid Loss     : 2.4130	 | 	Valid Accuracy     : 0.3401

Epoch : 4
Train Loss     : 0.5322	 | 	Train Accuracy     : 0.7445
Valid Loss     : 1.6329	 | 	Valid Accuracy     : 0.3954

Epoch : 5
Train Loss     : 0.3143	 | 	Train Accuracy     : 0.9323
Valid Loss     : 1.5471	 | 	Valid Accuracy     : 0.5321

Epoch : 6
Train Loss     : 0.3378	 | 	Train Accuracy     : 0.8855
Valid Loss     : 1.5688	 | 	Valid Accuracy     : 0.5283

Epoch : 7
Train Loss     : 0.2033	 | 	Train Accuracy     : 0.9622
Valid Loss     : 1.6127	 | 	Valid Accuracy     : 0.5115

Epoch : 8
Train Loss     : 0.1931	 | 	Train Accuracy     : 0.9580
Valid Loss     : 1.8383	 | 	Valid Accuracy     : 0.4993

Epoch : 9
Train Loss     : 0.1789	 | 	Train Accuracy     : 0.9683
Valid Loss     : 1.8357	 | 	Valid Accuracy     : 0.5425

Epoch : 10
Train Loss     : 0.1571	 | 	Train Accuracy     : 0.9787
Valid Loss     : 1.3992	 | 	Valid Accuracy     : 0.5898

Epoch : 11
Train Loss     : 0.1325	 | 	Train Accuracy     : 0.9782
Valid Loss     : 1.2680	 | 	Valid Accuracy     : 0.5916

Epoch : 12
Train Loss     : 0.1182	 | 	Train Accuracy     : 0.9790
Valid Loss     : 1.4547	 | 	Valid Accuracy     : 0.6105

Epoch : 13
Train Loss     : 0.1030	 | 	Train Accuracy     : 0.9849
Valid Loss     : 1.4898	 | 	Valid Accuracy     : 0.5935

Epoch : 14
Train Loss     : 0.0932	 | 	Train Accuracy     : 0.9842
Valid Loss     : 1.3800	 | 	Valid Accuracy     : 0.5951

Epoch : 15
Train Loss     : 0.0907	 | 	Train Accuracy     : 0.9842
Valid Loss     : 1.3226	 | 	Valid Accuracy     : 0.5866

Epoch : 16
Train Loss     : 0.0888	 | 	Train Accuracy     : 0.9868
Valid Loss     : 1.2723	 | 	Valid Accuracy     : 0.5881

Epoch : 17
Train Loss     : 0.0954	 | 	Train Accuracy     : 0.9834
Valid Loss     : 1.3019	 | 	Valid Accuracy     : 0.5631

Epoch : 18
Train Loss     : 0.0882	 | 	Train Accuracy     : 0.9842
Valid Loss     : 1.2764	 | 	Valid Accuracy     : 0.5652

Epoch : 19
Train Loss     : 0.0906	 | 	Train Accuracy     : 0.9834
Valid Loss     : 1.2373	 | 	Valid Accuracy     : 0.5671

Epoch : 20
Train Loss     : 0.0883	 | 	Train Accuracy     : 0.9866
Valid Loss     : 1.2116	 | 	Valid Accuracy     : 0.5650

Epoch : 21
Train Loss     : 0.0909	 | 	Train Accuracy     : 0.9811
Valid Loss     : 1.2757	 | 	Valid Accuracy     : 0.5518

Epoch : 22
Train Loss     : 0.0875	 | 	Train Accuracy     : 0.9860
Valid Loss     : 1.2624	 | 	Valid Accuracy     : 0.5609

Epoch : 23
Train Loss     : 0.0807	 | 	Train Accuracy     : 0.9862
Valid Loss     : 1.2586	 | 	Valid Accuracy     : 0.5657

Epoch : 24
Train Loss     : 0.0864	 | 	Train Accuracy     : 0.9868
Valid Loss     : 1.2746	 | 	Valid Accuracy     : 0.5614

Epoch : 25
Train Loss     : 0.0850	 | 	Train Accuracy     : 0.9881
Valid Loss     : 1.3024	 | 	Valid Accuracy     : 0.5586

Epoch : 26
Train Loss     : 0.0871	 | 	Train Accuracy     : 0.9868
Valid Loss     : 1.2719	 | 	Valid Accuracy     : 0.5673

Epoch : 27
Train Loss     : 0.0815	 | 	Train Accuracy     : 0.9849
Valid Loss     : 1.2971	 | 	Valid Accuracy     : 0.5691

Epoch : 28
Train Loss     : 0.0797	 | 	Train Accuracy     : 0.9883
Valid Loss     : 1.2969	 | 	Valid Accuracy     : 0.5627

Epoch : 29
Train Loss     : 0.0793	 | 	Train Accuracy     : 0.9888
Valid Loss     : 1.3042	 | 	Valid Accuracy     : 0.5657

Epoch : 30
Train Loss     : 0.0829	 | 	Train Accuracy     : 0.9860
Valid Loss     : 1.2886	 | 	Valid Accuracy     : 0.5814

Evaluate on the Test set:
Test loss      :2.2453	 | Test Accuracy      : 0.4940 | Test AUPRC      : 0.5126
tensor([0.9731, 0.9758, 0.9798, 0.9933, 0.9900, 0.9786, 0.9987, 0.9695, 0.9708,
        0.9706, 0.9737, 0.9763, 0.9847, 0.9698, 0.9925, 0.9730, 0.9777, 0.9684,
        0.9643, 0.9760, 0.9739, 0.9739, 0.9764, 1.0156, 0.9889, 0.9835, 0.9816,
        0.9642, 0.9698, 0.9724, 0.9788, 0.9996, 0.9986, 0.9793, 0.9744, 0.9775,
        0.9695, 0.9701, 0.9725, 0.9783, 0.9818, 0.9715, 0.9721, 0.9776, 0.9778,
        0.9770, 0.9748, 0.9782, 0.9736, 0.9638, 0.9743, 0.9709, 0.9728, 1.0297,
        0.9711, 0.9582, 0.9708, 0.9750, 0.9768, 0.9672, 0.9862, 0.9726],
       device='cuda:0', grad_fn=<SqueezeBackward1>)

################## Training is Done! #########################
Training time is : 0:00:36.716252
