=============================================
Dataset: SEED
Method:  TS-TCC
Mode:    train_linear
=============================================
Data loaded ...
Subjet 4
if scale True
Training started ....

Epoch : 1
Train Loss     : 1.4852	 | 	Train Accuracy     : 0.4881
Valid Loss     : 1.5554	 | 	Valid Accuracy     : 0.4635

Epoch : 2
Train Loss     : 0.8684	 | 	Train Accuracy     : 0.6001
Valid Loss     : 1.0339	 | 	Valid Accuracy     : 0.4993

Epoch : 3
Train Loss     : 0.7301	 | 	Train Accuracy     : 0.6689
Valid Loss     : 0.9488	 | 	Valid Accuracy     : 0.5873

Epoch : 4
Train Loss     : 0.6836	 | 	Train Accuracy     : 0.6965
Valid Loss     : 0.9088	 | 	Valid Accuracy     : 0.6011

Epoch : 5
Train Loss     : 0.6438	 | 	Train Accuracy     : 0.7308
Valid Loss     : 0.9261	 | 	Valid Accuracy     : 0.5937

Epoch : 6
Train Loss     : 0.6244	 | 	Train Accuracy     : 0.7309
Valid Loss     : 0.9697	 | 	Valid Accuracy     : 0.5882

Epoch : 7
Train Loss     : 0.6226	 | 	Train Accuracy     : 0.7402
Valid Loss     : 0.9147	 | 	Valid Accuracy     : 0.6044

Epoch : 8
Train Loss     : 0.6184	 | 	Train Accuracy     : 0.7363
Valid Loss     : 0.9364	 | 	Valid Accuracy     : 0.5940

Epoch : 9
Train Loss     : 0.6016	 | 	Train Accuracy     : 0.7424
Valid Loss     : 0.9456	 | 	Valid Accuracy     : 0.6145

Epoch : 10
Train Loss     : 0.6029	 | 	Train Accuracy     : 0.7500
Valid Loss     : 1.0114	 | 	Valid Accuracy     : 0.5859

Epoch : 11
Train Loss     : 0.6276	 | 	Train Accuracy     : 0.7267
Valid Loss     : 1.0739	 | 	Valid Accuracy     : 0.5628

Epoch : 12
Train Loss     : 0.5811	 | 	Train Accuracy     : 0.7548
Valid Loss     : 1.0007	 | 	Valid Accuracy     : 0.5922

Epoch : 13
Train Loss     : 0.5615	 | 	Train Accuracy     : 0.7627
Valid Loss     : 0.9564	 | 	Valid Accuracy     : 0.6065

Epoch : 14
Train Loss     : 0.5689	 | 	Train Accuracy     : 0.7658
Valid Loss     : 1.0414	 | 	Valid Accuracy     : 0.5863

Epoch : 15
Train Loss     : 0.5830	 | 	Train Accuracy     : 0.7522
Valid Loss     : 1.0512	 | 	Valid Accuracy     : 0.5859

Epoch : 16
Train Loss     : 0.5456	 | 	Train Accuracy     : 0.7804
Valid Loss     : 0.9829	 | 	Valid Accuracy     : 0.6336

Epoch : 17
Train Loss     : 0.5331	 | 	Train Accuracy     : 0.7862
Valid Loss     : 0.9855	 | 	Valid Accuracy     : 0.6110

Epoch : 18
Train Loss     : 0.5293	 | 	Train Accuracy     : 0.7860
Valid Loss     : 0.9669	 | 	Valid Accuracy     : 0.6311

Epoch : 19
Train Loss     : 0.5379	 | 	Train Accuracy     : 0.7820
Valid Loss     : 0.9631	 | 	Valid Accuracy     : 0.6269

Epoch : 20
Train Loss     : 0.5315	 | 	Train Accuracy     : 0.7854
Valid Loss     : 0.9798	 | 	Valid Accuracy     : 0.6217

Epoch : 21
Train Loss     : 0.5270	 | 	Train Accuracy     : 0.7883
Valid Loss     : 0.9974	 | 	Valid Accuracy     : 0.6226

Epoch : 22
Train Loss     : 0.5308	 | 	Train Accuracy     : 0.7885
Valid Loss     : 0.9688	 | 	Valid Accuracy     : 0.6197

Epoch : 23
Train Loss     : 0.5220	 | 	Train Accuracy     : 0.7889
Valid Loss     : 0.9818	 | 	Valid Accuracy     : 0.6224

Epoch : 24
Train Loss     : 0.5321	 | 	Train Accuracy     : 0.7820
Valid Loss     : 0.9713	 | 	Valid Accuracy     : 0.6184

Epoch : 25
Train Loss     : 0.5256	 | 	Train Accuracy     : 0.7916
Valid Loss     : 0.9770	 | 	Valid Accuracy     : 0.6217

Epoch : 26
Train Loss     : 0.5386	 | 	Train Accuracy     : 0.7822
Valid Loss     : 0.9724	 | 	Valid Accuracy     : 0.6078

Epoch : 27
Train Loss     : 0.5167	 | 	Train Accuracy     : 0.7976
Valid Loss     : 0.9783	 | 	Valid Accuracy     : 0.6106

Epoch : 28
Train Loss     : 0.5281	 | 	Train Accuracy     : 0.7878
Valid Loss     : 0.9652	 | 	Valid Accuracy     : 0.6292

Epoch : 29
Train Loss     : 0.5307	 | 	Train Accuracy     : 0.7875
Valid Loss     : 0.9807	 | 	Valid Accuracy     : 0.6284

Epoch : 30
Train Loss     : 0.5314	 | 	Train Accuracy     : 0.7905
Valid Loss     : 0.9719	 | 	Valid Accuracy     : 0.6206

Evaluate on the Test set:
Test loss      :0.9024	 | Test Accuracy      : 0.6261 | Test AUPRC      : 0.6985
tensor([0.9202, 0.9515, 0.9585, 0.8581, 0.8361, 0.9771, 0.9113, 0.8339, 0.8550,
        0.8364, 0.8587, 0.8336, 0.9006, 0.9469, 0.9006, 0.8327, 0.9030, 0.8574,
        0.7799, 0.8764, 0.8242, 0.8763, 0.8760, 1.0303, 0.8942, 0.9126, 0.8859,
        0.8413, 0.8154, 0.8197, 0.8999, 1.0332, 0.9257, 0.8399, 0.8301, 0.8971,
        0.8678, 0.8284, 0.8591, 0.8404, 0.9431, 0.8976, 0.8600, 0.8359, 0.8874,
        0.8905, 0.8253, 0.8889, 0.8682, 0.8011, 0.8311, 0.8174, 0.8561, 0.8819,
        0.8514, 0.7769, 0.8413, 0.8644, 0.9143, 0.8874, 0.8344, 0.8557],
       device='cuda:0', grad_fn=<SqueezeBackward1>)

################## Training is Done! #########################
Training time is : 0:01:40.010357
