=============================================
Dataset: SEED
Method:  TS-TCC
Mode:    train_linear
=============================================
Data loaded ...
Subjet 9
if scale True
Training started ....

Epoch : 1
Train Loss     : 0.9390	 | 	Train Accuracy     : 0.5367
Valid Loss     : 1.6697	 | 	Valid Accuracy     : 0.3461

Epoch : 2
Train Loss     : 0.5228	 | 	Train Accuracy     : 0.7244
Valid Loss     : 2.6888	 | 	Valid Accuracy     : 0.3272

Epoch : 3
Train Loss     : 0.4515	 | 	Train Accuracy     : 0.7832
Valid Loss     : 2.0942	 | 	Valid Accuracy     : 0.3592

Epoch : 4
Train Loss     : 0.3743	 | 	Train Accuracy     : 0.8342
Valid Loss     : 1.9039	 | 	Valid Accuracy     : 0.4022

Epoch : 5
Train Loss     : 0.3406	 | 	Train Accuracy     : 0.8481
Valid Loss     : 1.2104	 | 	Valid Accuracy     : 0.5031

Epoch : 6
Train Loss     : 0.3657	 | 	Train Accuracy     : 0.8346
Valid Loss     : 1.0891	 | 	Valid Accuracy     : 0.5446

Epoch : 7
Train Loss     : 0.4528	 | 	Train Accuracy     : 0.7977
Valid Loss     : 1.2471	 | 	Valid Accuracy     : 0.5357

Epoch : 8
Train Loss     : 0.3694	 | 	Train Accuracy     : 0.8303
Valid Loss     : 1.3623	 | 	Valid Accuracy     : 0.5166

Epoch : 9
Train Loss     : 0.3439	 | 	Train Accuracy     : 0.8529
Valid Loss     : 0.8622	 | 	Valid Accuracy     : 0.6259

Epoch : 10
Train Loss     : 0.2766	 | 	Train Accuracy     : 0.8635
Valid Loss     : 1.1072	 | 	Valid Accuracy     : 0.5559

Epoch : 11
Train Loss     : 0.3122	 | 	Train Accuracy     : 0.8535
Valid Loss     : 0.9839	 | 	Valid Accuracy     : 0.6008

Epoch : 12
Train Loss     : 0.2601	 | 	Train Accuracy     : 0.8889
Valid Loss     : 0.9288	 | 	Valid Accuracy     : 0.6271

Epoch : 13
Train Loss     : 0.2395	 | 	Train Accuracy     : 0.9258
Valid Loss     : 1.1079	 | 	Valid Accuracy     : 0.5561

Epoch : 14
Train Loss     : 0.3207	 | 	Train Accuracy     : 0.8524
Valid Loss     : 0.9885	 | 	Valid Accuracy     : 0.5931

Epoch : 15
Train Loss     : 0.2353	 | 	Train Accuracy     : 0.9089
Valid Loss     : 0.8909	 | 	Valid Accuracy     : 0.6382

Epoch : 16
Train Loss     : 0.2366	 | 	Train Accuracy     : 0.8989
Valid Loss     : 1.0411	 | 	Valid Accuracy     : 0.5552

Epoch : 17
Train Loss     : 0.2976	 | 	Train Accuracy     : 0.8928
Valid Loss     : 1.2646	 | 	Valid Accuracy     : 0.5352

Epoch : 18
Train Loss     : 0.2201	 | 	Train Accuracy     : 0.9178
Valid Loss     : 1.0807	 | 	Valid Accuracy     : 0.5872

Epoch : 19
Train Loss     : 0.1979	 | 	Train Accuracy     : 0.9277
Valid Loss     : 0.9603	 | 	Valid Accuracy     : 0.6036

Epoch : 20
Train Loss     : 0.2318	 | 	Train Accuracy     : 0.9019
Valid Loss     : 1.0030	 | 	Valid Accuracy     : 0.6006

Epoch : 21
Train Loss     : 0.1980	 | 	Train Accuracy     : 0.9104
Valid Loss     : 0.9886	 | 	Valid Accuracy     : 0.6036

Epoch : 22
Train Loss     : 0.2396	 | 	Train Accuracy     : 0.9084
Valid Loss     : 1.0527	 | 	Valid Accuracy     : 0.6004

Epoch : 23
Train Loss     : 0.1790	 | 	Train Accuracy     : 0.9362
Valid Loss     : 1.0131	 | 	Valid Accuracy     : 0.6080

Epoch : 24
Train Loss     : 0.2419	 | 	Train Accuracy     : 0.9123
Valid Loss     : 0.9918	 | 	Valid Accuracy     : 0.6068

Epoch : 25
Train Loss     : 0.4806	 | 	Train Accuracy     : 0.8581
Valid Loss     : 1.0094	 | 	Valid Accuracy     : 0.6142

Epoch : 26
Train Loss     : 0.1860	 | 	Train Accuracy     : 0.9342
Valid Loss     : 1.0892	 | 	Valid Accuracy     : 0.5836

Epoch : 27
Train Loss     : 0.2509	 | 	Train Accuracy     : 0.9110
Valid Loss     : 1.0595	 | 	Valid Accuracy     : 0.5674

Epoch : 28
Train Loss     : 0.2017	 | 	Train Accuracy     : 0.9162
Valid Loss     : 1.1598	 | 	Valid Accuracy     : 0.5522

Epoch : 29
Train Loss     : 0.2254	 | 	Train Accuracy     : 0.9301
Valid Loss     : 1.1166	 | 	Valid Accuracy     : 0.5423

Epoch : 30
Train Loss     : 0.1749	 | 	Train Accuracy     : 0.9434
Valid Loss     : 1.0719	 | 	Valid Accuracy     : 0.5765

Evaluate on the Test set:
Test loss      :1.4591	 | Test Accuracy      : 0.5329 | Test AUPRC      : 0.5979
tensor([0.9246, 0.9481, 0.9793, 0.9474, 0.9178, 0.9163, 0.9687, 0.9363, 0.9021,
        0.9086, 0.9340, 0.9242, 0.9621, 0.9387, 0.9480, 0.9044, 0.8988, 0.9119,
        0.8879, 0.9136, 0.9425, 0.9673, 0.9137, 1.0473, 0.9805, 0.9491, 0.9642,
        0.9188, 0.9306, 0.9036, 0.9353, 1.0199, 0.9732, 0.9281, 0.8960, 0.9216,
        0.9071, 0.9082, 0.9487, 0.9312, 0.9816, 0.9135, 0.9480, 0.9622, 0.9548,
        0.9188, 0.9484, 0.9625, 0.9169, 0.9507, 0.9130, 0.9345, 0.9267, 0.9214,
        0.9114, 0.8845, 0.9249, 0.9503, 0.9593, 0.9484, 0.9193, 0.9243],
       device='cuda:0', grad_fn=<SqueezeBackward1>)

################## Training is Done! #########################
Training time is : 0:00:46.233962
