=============================================
Dataset: SEED
Method:  TS-TCC
Mode:    train_linear
=============================================
Data loaded ...
Subjet 15
if scale True
Training started ....

Epoch : 1
Train Loss     : 0.9678	 | 	Train Accuracy     : 0.6287
Valid Loss     : 0.4655	 | 	Valid Accuracy     : 0.7938

Epoch : 2
Train Loss     : 0.3402	 | 	Train Accuracy     : 0.8503
Valid Loss     : 0.5097	 | 	Valid Accuracy     : 0.8414

Epoch : 3
Train Loss     : 0.2406	 | 	Train Accuracy     : 0.9094
Valid Loss     : 0.3079	 | 	Valid Accuracy     : 0.8810

Epoch : 4
Train Loss     : 0.1997	 | 	Train Accuracy     : 0.9285
Valid Loss     : 0.2859	 | 	Valid Accuracy     : 0.9032

Epoch : 5
Train Loss     : 0.1693	 | 	Train Accuracy     : 0.9440
Valid Loss     : 0.3285	 | 	Valid Accuracy     : 0.8979

Epoch : 6
Train Loss     : 0.1668	 | 	Train Accuracy     : 0.9437
Valid Loss     : 0.2835	 | 	Valid Accuracy     : 0.8978

Epoch : 7
Train Loss     : 0.1550	 | 	Train Accuracy     : 0.9480
Valid Loss     : 0.2827	 | 	Valid Accuracy     : 0.8998

Epoch : 8
Train Loss     : 0.1362	 | 	Train Accuracy     : 0.9595
Valid Loss     : 0.2962	 | 	Valid Accuracy     : 0.8924

Epoch : 9
Train Loss     : 0.1406	 | 	Train Accuracy     : 0.9565
Valid Loss     : 0.2827	 | 	Valid Accuracy     : 0.9236

Epoch : 10
Train Loss     : 0.1224	 | 	Train Accuracy     : 0.9658
Valid Loss     : 0.2566	 | 	Valid Accuracy     : 0.9201

Epoch : 11
Train Loss     : 0.1268	 | 	Train Accuracy     : 0.9640
Valid Loss     : 0.2771	 | 	Valid Accuracy     : 0.9049

Epoch : 12
Train Loss     : 0.1125	 | 	Train Accuracy     : 0.9664
Valid Loss     : 0.2427	 | 	Valid Accuracy     : 0.9288

Epoch : 13
Train Loss     : 0.1131	 | 	Train Accuracy     : 0.9624
Valid Loss     : 0.2575	 | 	Valid Accuracy     : 0.9167

Epoch : 14
Train Loss     : 0.1071	 | 	Train Accuracy     : 0.9678
Valid Loss     : 0.3050	 | 	Valid Accuracy     : 0.9223

Epoch : 15
Train Loss     : 0.1084	 | 	Train Accuracy     : 0.9642
Valid Loss     : 0.4308	 | 	Valid Accuracy     : 0.9076

Epoch : 16
Train Loss     : 0.1060	 | 	Train Accuracy     : 0.9662
Valid Loss     : 0.4607	 | 	Valid Accuracy     : 0.8989

Epoch : 17
Train Loss     : 0.1085	 | 	Train Accuracy     : 0.9639
Valid Loss     : 0.2828	 | 	Valid Accuracy     : 0.9255

Epoch : 18
Train Loss     : 0.0928	 | 	Train Accuracy     : 0.9704
Valid Loss     : 0.2623	 | 	Valid Accuracy     : 0.9210

Epoch : 19
Train Loss     : 0.0932	 | 	Train Accuracy     : 0.9719
Valid Loss     : 0.2545	 | 	Valid Accuracy     : 0.9178

Epoch : 20
Train Loss     : 0.0900	 | 	Train Accuracy     : 0.9715
Valid Loss     : 0.2647	 | 	Valid Accuracy     : 0.9216

Epoch : 21
Train Loss     : 0.0929	 | 	Train Accuracy     : 0.9724
Valid Loss     : 0.2915	 | 	Valid Accuracy     : 0.9287

Epoch : 22
Train Loss     : 0.1061	 | 	Train Accuracy     : 0.9605
Valid Loss     : 0.3301	 | 	Valid Accuracy     : 0.9191

Epoch : 23
Train Loss     : 0.0875	 | 	Train Accuracy     : 0.9721
Valid Loss     : 0.3582	 | 	Valid Accuracy     : 0.9020

Epoch : 24
Train Loss     : 0.0824	 | 	Train Accuracy     : 0.9757
Valid Loss     : 0.3174	 | 	Valid Accuracy     : 0.9218

Epoch : 25
Train Loss     : 0.0803	 | 	Train Accuracy     : 0.9757
Valid Loss     : 0.3447	 | 	Valid Accuracy     : 0.9189

Epoch : 26
Train Loss     : 0.0786	 | 	Train Accuracy     : 0.9760
Valid Loss     : 0.3579	 | 	Valid Accuracy     : 0.9191

Epoch : 27
Train Loss     : 0.0778	 | 	Train Accuracy     : 0.9797
Valid Loss     : 0.4362	 | 	Valid Accuracy     : 0.9134

Epoch : 28
Train Loss     : 0.0786	 | 	Train Accuracy     : 0.9778
Valid Loss     : 0.3676	 | 	Valid Accuracy     : 0.9209

Epoch : 29
Train Loss     : 0.0821	 | 	Train Accuracy     : 0.9741
Valid Loss     : 0.4062	 | 	Valid Accuracy     : 0.9096

Epoch : 30
Train Loss     : 0.0745	 | 	Train Accuracy     : 0.9812
Valid Loss     : 0.3812	 | 	Valid Accuracy     : 0.9152

Evaluate on the Test set:
Test loss      :1.9386	 | Test Accuracy      : 0.6909 | Test AUPRC      : 0.6767
tensor([0.7657, 0.7340, 0.9737, 1.0136, 0.8010, 0.7233, 0.8650, 0.7750, 0.8020,
        0.7658, 0.7559, 0.7316, 0.8318, 0.8126, 0.9061, 0.7534, 0.7314, 0.7613,
        0.6428, 0.7935, 0.7030, 0.7485, 0.7877, 1.0298, 0.8648, 0.7625, 0.8238,
        0.6935, 0.6723, 0.7173, 0.7522, 0.9608, 0.8253, 0.7253, 0.7017, 0.7362,
        0.7743, 0.7245, 0.8509, 0.9553, 0.7727, 0.8014, 0.7526, 0.6874, 0.8679,
        0.8211, 0.7014, 0.7185, 0.7739, 0.7707, 0.6952, 0.7005, 0.7225, 0.7987,
        0.7096, 0.6416, 0.6939, 0.8553, 0.9358, 0.7250, 0.8695, 0.7699],
       device='cuda:0', grad_fn=<SqueezeBackward1>)

################## Training is Done! #########################
Training time is : 0:01:43.184387
