=============================================
Dataset: SEED
Method:  TS-TCC
Mode:    train_linear
=============================================
Data loaded ...
Subjet 4
if scale True
Training started ....

Epoch : 1
Train Loss     : 1.1955	 | 	Train Accuracy     : 0.4653
Valid Loss     : 1.3801	 | 	Valid Accuracy     : 0.4440

Epoch : 2
Train Loss     : 0.7099	 | 	Train Accuracy     : 0.6852
Valid Loss     : 1.0462	 | 	Valid Accuracy     : 0.4559

Epoch : 3
Train Loss     : 0.5567	 | 	Train Accuracy     : 0.7679
Valid Loss     : 1.0224	 | 	Valid Accuracy     : 0.4934

Epoch : 4
Train Loss     : 0.5175	 | 	Train Accuracy     : 0.7867
Valid Loss     : 1.0428	 | 	Valid Accuracy     : 0.5411

Epoch : 5
Train Loss     : 0.4853	 | 	Train Accuracy     : 0.8065
Valid Loss     : 1.1419	 | 	Valid Accuracy     : 0.5376

Epoch : 6
Train Loss     : 0.4467	 | 	Train Accuracy     : 0.8273
Valid Loss     : 1.0900	 | 	Valid Accuracy     : 0.5473

Epoch : 7
Train Loss     : 0.4256	 | 	Train Accuracy     : 0.8370
Valid Loss     : 1.1172	 | 	Valid Accuracy     : 0.5523

Epoch : 8
Train Loss     : 0.4479	 | 	Train Accuracy     : 0.8177
Valid Loss     : 1.0961	 | 	Valid Accuracy     : 0.5508

Epoch : 9
Train Loss     : 0.4178	 | 	Train Accuracy     : 0.8331
Valid Loss     : 1.2177	 | 	Valid Accuracy     : 0.5519

Epoch : 10
Train Loss     : 0.4510	 | 	Train Accuracy     : 0.8233
Valid Loss     : 1.1039	 | 	Valid Accuracy     : 0.5721

Epoch : 11
Train Loss     : 0.3845	 | 	Train Accuracy     : 0.8526
Valid Loss     : 1.1200	 | 	Valid Accuracy     : 0.5738

Epoch : 12
Train Loss     : 0.3728	 | 	Train Accuracy     : 0.8606
Valid Loss     : 1.1612	 | 	Valid Accuracy     : 0.5443

Epoch : 13
Train Loss     : 0.3997	 | 	Train Accuracy     : 0.8379
Valid Loss     : 1.0988	 | 	Valid Accuracy     : 0.5798

Epoch : 14
Train Loss     : 0.3628	 | 	Train Accuracy     : 0.8639
Valid Loss     : 1.0937	 | 	Valid Accuracy     : 0.5759

Epoch : 15
Train Loss     : 0.3437	 | 	Train Accuracy     : 0.8751
Valid Loss     : 1.0789	 | 	Valid Accuracy     : 0.5768

Epoch : 16
Train Loss     : 0.3520	 | 	Train Accuracy     : 0.8772
Valid Loss     : 1.0796	 | 	Valid Accuracy     : 0.5828

Epoch : 17
Train Loss     : 0.3426	 | 	Train Accuracy     : 0.8785
Valid Loss     : 1.0894	 | 	Valid Accuracy     : 0.5765

Epoch : 18
Train Loss     : 0.3425	 | 	Train Accuracy     : 0.8750
Valid Loss     : 1.0860	 | 	Valid Accuracy     : 0.5828

Epoch : 19
Train Loss     : 0.3382	 | 	Train Accuracy     : 0.8779
Valid Loss     : 1.0869	 | 	Valid Accuracy     : 0.5749

Epoch : 20
Train Loss     : 0.3446	 | 	Train Accuracy     : 0.8788
Valid Loss     : 1.0701	 | 	Valid Accuracy     : 0.5797

Epoch : 21
Train Loss     : 0.3417	 | 	Train Accuracy     : 0.8787
Valid Loss     : 1.0863	 | 	Valid Accuracy     : 0.5749

Epoch : 22
Train Loss     : 0.3499	 | 	Train Accuracy     : 0.8722
Valid Loss     : 1.0870	 | 	Valid Accuracy     : 0.5700

Epoch : 23
Train Loss     : 0.3396	 | 	Train Accuracy     : 0.8829
Valid Loss     : 1.0963	 | 	Valid Accuracy     : 0.5685

Epoch : 24
Train Loss     : 0.3461	 | 	Train Accuracy     : 0.8783
Valid Loss     : 1.0798	 | 	Valid Accuracy     : 0.5843

Epoch : 25
Train Loss     : 0.3428	 | 	Train Accuracy     : 0.8835
Valid Loss     : 1.0916	 | 	Valid Accuracy     : 0.5796

Epoch : 26
Train Loss     : 0.3327	 | 	Train Accuracy     : 0.8843
Valid Loss     : 1.0784	 | 	Valid Accuracy     : 0.5828

Epoch : 27
Train Loss     : 0.3347	 | 	Train Accuracy     : 0.8807
Valid Loss     : 1.0777	 | 	Valid Accuracy     : 0.5775

Epoch : 28
Train Loss     : 0.3329	 | 	Train Accuracy     : 0.8856
Valid Loss     : 1.0669	 | 	Valid Accuracy     : 0.5868

Epoch : 29
Train Loss     : 0.3359	 | 	Train Accuracy     : 0.8821
Valid Loss     : 1.0936	 | 	Valid Accuracy     : 0.5832

Epoch : 30
Train Loss     : 0.3254	 | 	Train Accuracy     : 0.8886
Valid Loss     : 1.0778	 | 	Valid Accuracy     : 0.5861

Evaluate on the Test set:
Test loss      :1.2232	 | Test Accuracy      : 0.5541 | Test AUPRC      : 0.6691
tensor([0.9190, 0.9437, 0.9549, 0.9098, 0.8855, 0.9800, 0.9591, 0.8762, 0.8901,
        0.8797, 0.8788, 0.8886, 0.9322, 0.9379, 0.9335, 0.8741, 0.9113, 0.8658,
        0.8493, 0.9220, 0.8759, 0.8762, 0.9172, 1.0512, 0.9492, 0.9556, 0.9244,
        0.8700, 0.8817, 0.8696, 0.9107, 1.0306, 0.9731, 0.8818, 0.8832, 0.9210,
        0.9269, 0.8884, 0.8884, 0.8826, 0.9803, 0.9194, 0.8860, 0.9046, 0.9266,
        0.9054, 0.8972, 0.9032, 0.8979, 0.8687, 0.8986, 0.9089, 0.9107, 0.9044,
        0.8804, 0.8545, 0.8663, 0.9257, 0.9438, 0.9301, 0.9398, 0.8920],
       device='cuda:0', grad_fn=<SqueezeBackward1>)

################## Training is Done! #########################
Training time is : 0:01:17.022210
