=============================================
Dataset: SEED
Method:  TS-TCC
Mode:    train_linear
=============================================
Data loaded ...
Subjet 9
if scale True
Training started ....

Epoch : 1
Train Loss     : 1.0920	 | 	Train Accuracy     : 0.5304
Valid Loss     : 0.9618	 | 	Valid Accuracy     : 0.4698

Epoch : 2
Train Loss     : 0.6708	 | 	Train Accuracy     : 0.6936
Valid Loss     : 0.6192	 | 	Valid Accuracy     : 0.6982

Epoch : 3
Train Loss     : 0.5651	 | 	Train Accuracy     : 0.7637
Valid Loss     : 0.7421	 | 	Valid Accuracy     : 0.6893

Epoch : 4
Train Loss     : 0.5596	 | 	Train Accuracy     : 0.7555
Valid Loss     : 0.6521	 | 	Valid Accuracy     : 0.7237

Epoch : 5
Train Loss     : 0.4878	 | 	Train Accuracy     : 0.7950
Valid Loss     : 0.5819	 | 	Valid Accuracy     : 0.7613

Epoch : 6
Train Loss     : 0.4747	 | 	Train Accuracy     : 0.8062
Valid Loss     : 0.5650	 | 	Valid Accuracy     : 0.7549

Epoch : 7
Train Loss     : 0.4585	 | 	Train Accuracy     : 0.8113
Valid Loss     : 0.5775	 | 	Valid Accuracy     : 0.7452

Epoch : 8
Train Loss     : 0.4626	 | 	Train Accuracy     : 0.8049
Valid Loss     : 0.6449	 | 	Valid Accuracy     : 0.7140

Epoch : 9
Train Loss     : 0.4630	 | 	Train Accuracy     : 0.8056
Valid Loss     : 0.5831	 | 	Valid Accuracy     : 0.7572

Epoch : 10
Train Loss     : 0.4387	 | 	Train Accuracy     : 0.8183
Valid Loss     : 0.5905	 | 	Valid Accuracy     : 0.7452

Epoch : 11
Train Loss     : 0.4293	 | 	Train Accuracy     : 0.8224
Valid Loss     : 0.5594	 | 	Valid Accuracy     : 0.7621

Epoch : 12
Train Loss     : 0.4319	 | 	Train Accuracy     : 0.8120
Valid Loss     : 0.6482	 | 	Valid Accuracy     : 0.7191

Epoch : 13
Train Loss     : 0.4399	 | 	Train Accuracy     : 0.8147
Valid Loss     : 0.5631	 | 	Valid Accuracy     : 0.7621

Epoch : 14
Train Loss     : 0.4216	 | 	Train Accuracy     : 0.8211
Valid Loss     : 0.5854	 | 	Valid Accuracy     : 0.7590

Epoch : 15
Train Loss     : 0.4101	 | 	Train Accuracy     : 0.8283
Valid Loss     : 0.5850	 | 	Valid Accuracy     : 0.7522

Epoch : 16
Train Loss     : 0.4066	 | 	Train Accuracy     : 0.8274
Valid Loss     : 0.5788	 | 	Valid Accuracy     : 0.7525

Epoch : 17
Train Loss     : 0.4073	 | 	Train Accuracy     : 0.8330
Valid Loss     : 0.5638	 | 	Valid Accuracy     : 0.7627

Epoch : 18
Train Loss     : 0.4069	 | 	Train Accuracy     : 0.8307
Valid Loss     : 0.6339	 | 	Valid Accuracy     : 0.7242

Epoch : 19
Train Loss     : 0.4166	 | 	Train Accuracy     : 0.8216
Valid Loss     : 0.5770	 | 	Valid Accuracy     : 0.7538

Epoch : 20
Train Loss     : 0.3962	 | 	Train Accuracy     : 0.8320
Valid Loss     : 0.6326	 | 	Valid Accuracy     : 0.7273

Epoch : 21
Train Loss     : 0.3947	 | 	Train Accuracy     : 0.8424
Valid Loss     : 0.5845	 | 	Valid Accuracy     : 0.7566

Epoch : 22
Train Loss     : 0.3930	 | 	Train Accuracy     : 0.8408
Valid Loss     : 0.5968	 | 	Valid Accuracy     : 0.7490

Epoch : 23
Train Loss     : 0.3759	 | 	Train Accuracy     : 0.8496
Valid Loss     : 0.5884	 | 	Valid Accuracy     : 0.7495

Epoch : 24
Train Loss     : 0.3821	 | 	Train Accuracy     : 0.8484
Valid Loss     : 0.5697	 | 	Valid Accuracy     : 0.7581

Epoch : 25
Train Loss     : 0.3780	 | 	Train Accuracy     : 0.8477
Valid Loss     : 0.5954	 | 	Valid Accuracy     : 0.7544

Epoch : 26
Train Loss     : 0.3705	 | 	Train Accuracy     : 0.8485
Valid Loss     : 0.5749	 | 	Valid Accuracy     : 0.7595

Epoch : 27
Train Loss     : 0.3738	 | 	Train Accuracy     : 0.8500
Valid Loss     : 0.5920	 | 	Valid Accuracy     : 0.7486

Epoch : 28
Train Loss     : 0.3704	 | 	Train Accuracy     : 0.8501
Valid Loss     : 0.5968	 | 	Valid Accuracy     : 0.7515

Epoch : 29
Train Loss     : 0.3745	 | 	Train Accuracy     : 0.8516
Valid Loss     : 0.6129	 | 	Valid Accuracy     : 0.7446

Epoch : 30
Train Loss     : 0.3666	 | 	Train Accuracy     : 0.8522
Valid Loss     : 0.6011	 | 	Valid Accuracy     : 0.7467

Evaluate on the Test set:
Test loss      :0.9374	 | Test Accuracy      : 0.6642 | Test AUPRC      : 0.6923
tensor([0.7422, 0.7665, 0.9747, 0.8319, 0.6749, 0.9152, 0.8763, 0.7404, 0.7201,
        0.8306, 0.7629, 0.7847, 0.9486, 0.8049, 0.7187, 0.6320, 0.6837, 0.7352,
        0.5935, 0.8880, 0.8421, 0.8584, 0.7455, 1.1025, 0.8637, 0.8325, 0.7902,
        0.8203, 0.7619, 0.6618, 0.6739, 0.8234, 0.9230, 0.8327, 0.6741, 0.7747,
        0.7750, 0.6858, 0.8827, 0.7169, 0.8411, 0.8812, 0.7786, 0.7381, 0.7968,
        0.8568, 0.6691, 0.9012, 0.7653, 0.7094, 0.8477, 0.6420, 0.6241, 0.7592,
        0.6616, 0.5566, 0.6931, 0.8074, 0.8465, 0.7834, 0.8856, 0.7998],
       device='cuda:0', grad_fn=<SqueezeBackward1>)

################## Training is Done! #########################
Training time is : 0:01:59.522138
