=============================================
Dataset: SEED
Method:  TS-TCC
Mode:    train_linear
=============================================
Data loaded ...
Subjet 2
if scale True
Training started ....

Epoch : 1
Train Loss     : 1.6058	 | 	Train Accuracy     : 0.3954
Valid Loss     : 1.6255	 | 	Valid Accuracy     : 0.3313

Epoch : 2
Train Loss     : 1.0321	 | 	Train Accuracy     : 0.5485
Valid Loss     : 1.3002	 | 	Valid Accuracy     : 0.4296

Epoch : 3
Train Loss     : 0.8453	 | 	Train Accuracy     : 0.6136
Valid Loss     : 1.8311	 | 	Valid Accuracy     : 0.4248

Epoch : 4
Train Loss     : 0.6822	 | 	Train Accuracy     : 0.7021
Valid Loss     : 2.0449	 | 	Valid Accuracy     : 0.4544

Epoch : 5
Train Loss     : 0.6115	 | 	Train Accuracy     : 0.7329
Valid Loss     : 1.8944	 | 	Valid Accuracy     : 0.5245

Epoch : 6
Train Loss     : 0.5642	 | 	Train Accuracy     : 0.7625
Valid Loss     : 2.0880	 | 	Valid Accuracy     : 0.5213

Epoch : 7
Train Loss     : 0.5388	 | 	Train Accuracy     : 0.7950
Valid Loss     : 1.8084	 | 	Valid Accuracy     : 0.5548

Epoch : 8
Train Loss     : 0.5064	 | 	Train Accuracy     : 0.8160
Valid Loss     : 1.8468	 | 	Valid Accuracy     : 0.5661

Epoch : 9
Train Loss     : 0.5130	 | 	Train Accuracy     : 0.7990
Valid Loss     : 1.7522	 | 	Valid Accuracy     : 0.5720

Epoch : 10
Train Loss     : 0.5092	 | 	Train Accuracy     : 0.8086
Valid Loss     : 1.8080	 | 	Valid Accuracy     : 0.5354

Epoch : 11
Train Loss     : 0.4948	 | 	Train Accuracy     : 0.8030
Valid Loss     : 1.5110	 | 	Valid Accuracy     : 0.5609

Epoch : 12
Train Loss     : 0.4741	 | 	Train Accuracy     : 0.8171
Valid Loss     : 1.4769	 | 	Valid Accuracy     : 0.5741

Epoch : 13
Train Loss     : 0.4698	 | 	Train Accuracy     : 0.8241
Valid Loss     : 1.5891	 | 	Valid Accuracy     : 0.5593

Epoch : 14
Train Loss     : 0.4615	 | 	Train Accuracy     : 0.8253
Valid Loss     : 1.4847	 | 	Valid Accuracy     : 0.5777

Epoch : 15
Train Loss     : 0.4537	 | 	Train Accuracy     : 0.8315
Valid Loss     : 1.3724	 | 	Valid Accuracy     : 0.5842

Epoch : 16
Train Loss     : 0.4483	 | 	Train Accuracy     : 0.8345
Valid Loss     : 1.5320	 | 	Valid Accuracy     : 0.5625

Epoch : 17
Train Loss     : 0.4502	 | 	Train Accuracy     : 0.8362
Valid Loss     : 1.5219	 | 	Valid Accuracy     : 0.5679

Epoch : 18
Train Loss     : 0.4428	 | 	Train Accuracy     : 0.8373
Valid Loss     : 1.5410	 | 	Valid Accuracy     : 0.5613

Epoch : 19
Train Loss     : 0.4512	 | 	Train Accuracy     : 0.8349
Valid Loss     : 1.7761	 | 	Valid Accuracy     : 0.5386

Epoch : 20
Train Loss     : 0.4419	 | 	Train Accuracy     : 0.8357
Valid Loss     : 1.6203	 | 	Valid Accuracy     : 0.5404

Epoch : 21
Train Loss     : 0.4437	 | 	Train Accuracy     : 0.8392
Valid Loss     : 1.5239	 | 	Valid Accuracy     : 0.5728

Epoch : 22
Train Loss     : 0.4423	 | 	Train Accuracy     : 0.8391
Valid Loss     : 1.6680	 | 	Valid Accuracy     : 0.5441

Epoch : 23
Train Loss     : 0.4459	 | 	Train Accuracy     : 0.8320
Valid Loss     : 1.5595	 | 	Valid Accuracy     : 0.5469

Epoch : 24
Train Loss     : 0.4551	 | 	Train Accuracy     : 0.8319
Valid Loss     : 1.7171	 | 	Valid Accuracy     : 0.5388

Epoch : 25
Train Loss     : 0.4305	 | 	Train Accuracy     : 0.8441
Valid Loss     : 1.8062	 | 	Valid Accuracy     : 0.5219

Epoch : 26
Train Loss     : 0.4393	 | 	Train Accuracy     : 0.8310
Valid Loss     : 1.6604	 | 	Valid Accuracy     : 0.5450

Epoch : 27
Train Loss     : 0.4415	 | 	Train Accuracy     : 0.8389
Valid Loss     : 1.6851	 | 	Valid Accuracy     : 0.5385

Epoch : 28
Train Loss     : 0.4372	 | 	Train Accuracy     : 0.8438
Valid Loss     : 1.6665	 | 	Valid Accuracy     : 0.5502

Epoch : 29
Train Loss     : 0.4422	 | 	Train Accuracy     : 0.8375
Valid Loss     : 1.5155	 | 	Valid Accuracy     : 0.5717

Epoch : 30
Train Loss     : 0.4352	 | 	Train Accuracy     : 0.8427
Valid Loss     : 1.5568	 | 	Valid Accuracy     : 0.5486

Evaluate on the Test set:
Test loss      :1.3621	 | Test Accuracy      : 0.5023 | Test AUPRC      : 0.5881
tensor([0.9446, 0.9539, 1.0147, 0.9551, 0.9539, 0.9685, 0.9410, 0.9328, 0.9269,
        0.9342, 0.9369, 0.9325, 0.9275, 0.9453, 0.9601, 0.9331, 0.9334, 0.9413,
        0.9101, 0.9685, 0.9394, 0.9680, 0.9366, 1.0256, 0.9631, 0.9380, 0.9326,
        0.9226, 0.9742, 0.9272, 0.9643, 0.9539, 0.9693, 0.9424, 0.9311, 0.9478,
        0.9374, 0.9299, 0.9349, 0.9257, 0.9715, 0.9415, 0.9321, 0.9874, 0.9643,
        0.9501, 0.9210, 0.9565, 0.9175, 0.9497, 0.9374, 0.9381, 0.9394, 0.9251,
        0.9349, 0.8907, 0.9337, 0.9855, 0.9606, 0.9314, 0.9285, 0.9377],
       device='cuda:0', grad_fn=<SqueezeBackward1>)

################## Training is Done! #########################
Training time is : 0:01:10.104250
