=============================================
Dataset: SEED
Method:  TS-TCC
Mode:    train_linear
=============================================
Data loaded ...
Subjet 5
if scale True
Training started ....

Epoch : 1
Train Loss     : 1.1899	 | 	Train Accuracy     : 0.4708
Valid Loss     : 1.3904	 | 	Valid Accuracy     : 0.4195

Epoch : 2
Train Loss     : 0.8071	 | 	Train Accuracy     : 0.6583
Valid Loss     : 1.8901	 | 	Valid Accuracy     : 0.4410

Epoch : 3
Train Loss     : 0.6224	 | 	Train Accuracy     : 0.7550
Valid Loss     : 2.0425	 | 	Valid Accuracy     : 0.4404

Epoch : 4
Train Loss     : 0.5739	 | 	Train Accuracy     : 0.7750
Valid Loss     : 1.8159	 | 	Valid Accuracy     : 0.4961

Epoch : 5
Train Loss     : 0.5012	 | 	Train Accuracy     : 0.8182
Valid Loss     : 1.9528	 | 	Valid Accuracy     : 0.4995

Epoch : 6
Train Loss     : 0.4691	 | 	Train Accuracy     : 0.8333
Valid Loss     : 1.8505	 | 	Valid Accuracy     : 0.4915

Epoch : 7
Train Loss     : 0.4494	 | 	Train Accuracy     : 0.8401
Valid Loss     : 2.0684	 | 	Valid Accuracy     : 0.4930

Epoch : 8
Train Loss     : 0.4270	 | 	Train Accuracy     : 0.8542
Valid Loss     : 2.0155	 | 	Valid Accuracy     : 0.5017

Epoch : 9
Train Loss     : 0.4118	 | 	Train Accuracy     : 0.8636
Valid Loss     : 2.2478	 | 	Valid Accuracy     : 0.5219

Epoch : 10
Train Loss     : 0.4054	 | 	Train Accuracy     : 0.8572
Valid Loss     : 2.0416	 | 	Valid Accuracy     : 0.5123

Epoch : 11
Train Loss     : 0.3883	 | 	Train Accuracy     : 0.8648
Valid Loss     : 2.1123	 | 	Valid Accuracy     : 0.5086

Epoch : 12
Train Loss     : 0.3575	 | 	Train Accuracy     : 0.8804
Valid Loss     : 1.9682	 | 	Valid Accuracy     : 0.4982

Epoch : 13
Train Loss     : 0.3605	 | 	Train Accuracy     : 0.8712
Valid Loss     : 2.2126	 | 	Valid Accuracy     : 0.5087

Epoch : 14
Train Loss     : 0.3455	 | 	Train Accuracy     : 0.8850
Valid Loss     : 2.0443	 | 	Valid Accuracy     : 0.5091

Epoch : 15
Train Loss     : 0.3422	 | 	Train Accuracy     : 0.8868
Valid Loss     : 2.0445	 | 	Valid Accuracy     : 0.5161

Epoch : 16
Train Loss     : 0.3456	 | 	Train Accuracy     : 0.8856
Valid Loss     : 2.0997	 | 	Valid Accuracy     : 0.4977

Epoch : 17
Train Loss     : 0.3453	 | 	Train Accuracy     : 0.8782
Valid Loss     : 2.1685	 | 	Valid Accuracy     : 0.4983

Epoch : 18
Train Loss     : 0.3406	 | 	Train Accuracy     : 0.8827
Valid Loss     : 2.1721	 | 	Valid Accuracy     : 0.5052

Epoch : 19
Train Loss     : 0.3415	 | 	Train Accuracy     : 0.8868
Valid Loss     : 2.0943	 | 	Valid Accuracy     : 0.5057

Epoch : 20
Train Loss     : 0.3406	 | 	Train Accuracy     : 0.8874
Valid Loss     : 2.0627	 | 	Valid Accuracy     : 0.5267

Epoch : 21
Train Loss     : 0.3488	 | 	Train Accuracy     : 0.8849
Valid Loss     : 2.1251	 | 	Valid Accuracy     : 0.5071

Epoch : 22
Train Loss     : 0.3407	 | 	Train Accuracy     : 0.8870
Valid Loss     : 2.1410	 | 	Valid Accuracy     : 0.5077

Epoch : 23
Train Loss     : 0.3440	 | 	Train Accuracy     : 0.8875
Valid Loss     : 2.0780	 | 	Valid Accuracy     : 0.5174

Epoch : 24
Train Loss     : 0.3420	 | 	Train Accuracy     : 0.8813
Valid Loss     : 2.1424	 | 	Valid Accuracy     : 0.5050

Epoch : 25
Train Loss     : 0.3324	 | 	Train Accuracy     : 0.8932
Valid Loss     : 2.1180	 | 	Valid Accuracy     : 0.5092

Epoch : 26
Train Loss     : 0.3472	 | 	Train Accuracy     : 0.8850
Valid Loss     : 2.1778	 | 	Valid Accuracy     : 0.5071

Epoch : 27
Train Loss     : 0.3308	 | 	Train Accuracy     : 0.8939
Valid Loss     : 2.2214	 | 	Valid Accuracy     : 0.5034

Epoch : 28
Train Loss     : 0.3461	 | 	Train Accuracy     : 0.8825
Valid Loss     : 2.1400	 | 	Valid Accuracy     : 0.5147

Epoch : 29
Train Loss     : 0.3330	 | 	Train Accuracy     : 0.8957
Valid Loss     : 2.0955	 | 	Valid Accuracy     : 0.5102

Epoch : 30
Train Loss     : 0.3341	 | 	Train Accuracy     : 0.8903
Valid Loss     : 2.1397	 | 	Valid Accuracy     : 0.5032

Evaluate on the Test set:
Test loss      :1.5427	 | Test Accuracy      : 0.5936 | Test AUPRC      : 0.5784
tensor([0.9251, 0.9148, 0.9809, 0.9403, 0.9359, 0.9697, 0.9223, 0.9085, 0.9055,
        0.9146, 0.8885, 0.9410, 0.9676, 0.9430, 0.9358, 0.8880, 0.9227, 0.9037,
        0.8834, 0.9362, 0.9415, 0.9560, 0.9215, 0.9616, 0.9169, 0.9316, 0.9509,
        0.8896, 0.9450, 0.8864, 0.9559, 1.0351, 1.0217, 0.9075, 0.9005, 0.9315,
        0.9154, 0.9003, 0.9305, 0.9308, 0.9875, 0.9614, 0.8971, 0.9646, 0.9475,
        0.9278, 0.9089, 0.9562, 0.9369, 0.9448, 0.9062, 0.8988, 0.8907, 0.9110,
        0.8831, 0.8633, 0.9039, 0.9076, 0.9367, 0.9168, 0.9625, 0.9086],
       device='cuda:0', grad_fn=<SqueezeBackward1>)

################## Training is Done! #########################
Training time is : 0:01:19.682242
