=============================================
Dataset: SEED
Method:  TS-TCC
Mode:    train_linear
=============================================
Data loaded ...
Subjet 11
if scale True
Training started ....

Epoch : 1
Train Loss     : 1.1422	 | 	Train Accuracy     : 0.4542
Valid Loss     : 1.5157	 | 	Valid Accuracy     : 0.4154

Epoch : 2
Train Loss     : 0.6688	 | 	Train Accuracy     : 0.6808
Valid Loss     : 3.1258	 | 	Valid Accuracy     : 0.3302

Epoch : 3
Train Loss     : 0.5609	 | 	Train Accuracy     : 0.7359
Valid Loss     : 3.3707	 | 	Valid Accuracy     : 0.3435

Epoch : 4
Train Loss     : 0.4760	 | 	Train Accuracy     : 0.7862
Valid Loss     : 3.0752	 | 	Valid Accuracy     : 0.3464

Epoch : 5
Train Loss     : 0.4189	 | 	Train Accuracy     : 0.8264
Valid Loss     : 1.5812	 | 	Valid Accuracy     : 0.4798

Epoch : 6
Train Loss     : 0.4808	 | 	Train Accuracy     : 0.7843
Valid Loss     : 1.7475	 | 	Valid Accuracy     : 0.4977

Epoch : 7
Train Loss     : 0.3569	 | 	Train Accuracy     : 0.8611
Valid Loss     : 1.1230	 | 	Valid Accuracy     : 0.5968

Epoch : 8
Train Loss     : 0.3534	 | 	Train Accuracy     : 0.8583
Valid Loss     : 0.8164	 | 	Valid Accuracy     : 0.6604

Epoch : 9
Train Loss     : 0.4253	 | 	Train Accuracy     : 0.8635
Valid Loss     : 0.8606	 | 	Valid Accuracy     : 0.6570

Epoch : 10
Train Loss     : 0.3670	 | 	Train Accuracy     : 0.8563
Valid Loss     : 0.9649	 | 	Valid Accuracy     : 0.6546

Epoch : 11
Train Loss     : 0.2950	 | 	Train Accuracy     : 0.8898
Valid Loss     : 0.7272	 | 	Valid Accuracy     : 0.6973

Epoch : 12
Train Loss     : 0.2979	 | 	Train Accuracy     : 0.9067
Valid Loss     : 0.8509	 | 	Valid Accuracy     : 0.6658

Epoch : 13
Train Loss     : 0.2911	 | 	Train Accuracy     : 0.8924
Valid Loss     : 0.7361	 | 	Valid Accuracy     : 0.6986

Epoch : 14
Train Loss     : 0.3050	 | 	Train Accuracy     : 0.8915
Valid Loss     : 0.6962	 | 	Valid Accuracy     : 0.7235

Epoch : 15
Train Loss     : 0.2841	 | 	Train Accuracy     : 0.8869
Valid Loss     : 0.6366	 | 	Valid Accuracy     : 0.7435

Epoch : 16
Train Loss     : 0.2481	 | 	Train Accuracy     : 0.9204
Valid Loss     : 0.6052	 | 	Valid Accuracy     : 0.7567

Epoch : 17
Train Loss     : 0.2575	 | 	Train Accuracy     : 0.9132
Valid Loss     : 0.8384	 | 	Valid Accuracy     : 0.6969

Epoch : 18
Train Loss     : 0.2607	 | 	Train Accuracy     : 0.8856
Valid Loss     : 0.6597	 | 	Valid Accuracy     : 0.7272

Epoch : 19
Train Loss     : 0.2206	 | 	Train Accuracy     : 0.9277
Valid Loss     : 0.5783	 | 	Valid Accuracy     : 0.7496

Epoch : 20
Train Loss     : 0.2329	 | 	Train Accuracy     : 0.9249
Valid Loss     : 0.7108	 | 	Valid Accuracy     : 0.7250

Epoch : 21
Train Loss     : 0.2598	 | 	Train Accuracy     : 0.9258
Valid Loss     : 0.6468	 | 	Valid Accuracy     : 0.7407

Epoch : 22
Train Loss     : 0.3412	 | 	Train Accuracy     : 0.8770
Valid Loss     : 0.6183	 | 	Valid Accuracy     : 0.7375

Epoch : 23
Train Loss     : 0.3376	 | 	Train Accuracy     : 0.8793
Valid Loss     : 0.6901	 | 	Valid Accuracy     : 0.7193

Epoch : 24
Train Loss     : 0.2320	 | 	Train Accuracy     : 0.9258
Valid Loss     : 0.6842	 | 	Valid Accuracy     : 0.7314

Epoch : 25
Train Loss     : 0.3984	 | 	Train Accuracy     : 0.8674
Valid Loss     : 0.7474	 | 	Valid Accuracy     : 0.7165

Epoch : 26
Train Loss     : 0.4163	 | 	Train Accuracy     : 0.8587
Valid Loss     : 0.5721	 | 	Valid Accuracy     : 0.7579

Epoch : 27
Train Loss     : 0.3782	 | 	Train Accuracy     : 0.8678
Valid Loss     : 0.6969	 | 	Valid Accuracy     : 0.7281

Epoch : 28
Train Loss     : 0.4444	 | 	Train Accuracy     : 0.8201
Valid Loss     : 0.6310	 | 	Valid Accuracy     : 0.7442

Epoch : 29
Train Loss     : 0.2527	 | 	Train Accuracy     : 0.9167
Valid Loss     : 0.6730	 | 	Valid Accuracy     : 0.7146

Epoch : 30
Train Loss     : 0.2649	 | 	Train Accuracy     : 0.8974
Valid Loss     : 0.7885	 | 	Valid Accuracy     : 0.7017

Evaluate on the Test set:
Test loss      :1.3956	 | Test Accuracy      : 0.6543 | Test AUPRC      : 0.6748
tensor([0.9176, 0.9473, 0.9048, 0.9341, 0.9316, 0.9092, 0.9875, 0.8717, 0.9062,
        0.8573, 0.8725, 0.9244, 0.9839, 0.9115, 0.8915, 0.8724, 0.8846, 0.8934,
        0.8654, 0.9967, 0.9239, 0.9947, 0.9489, 1.0133, 0.9584, 0.9469, 0.8968,
        0.8833, 0.9088, 0.8640, 0.9454, 0.9193, 0.9878, 0.9233, 0.8745, 0.8816,
        0.8829, 0.8849, 0.8950, 0.9029, 0.9804, 0.8921, 0.9088, 0.9537, 0.9247,
        0.8936, 0.8641, 0.9171, 0.9573, 0.8684, 0.9118, 0.8669, 0.9175, 0.9426,
        0.8838, 0.8317, 0.8609, 0.9921, 0.9777, 0.9310, 0.9553, 0.8967],
       device='cuda:0', grad_fn=<SqueezeBackward1>)

################## Training is Done! #########################
Training time is : 0:00:39.822560
