=============================================
Dataset: SEED
Method:  TS-TCC
Mode:    train_linear
=============================================
Data loaded ...
Subjet 1
if scale True
Training started ....

Epoch : 1
Train Loss     : 1.2173	 | 	Train Accuracy     : 0.4503
Valid Loss     : 2.8848	 | 	Valid Accuracy     : 0.3279

Epoch : 2
Train Loss     : 0.7304	 | 	Train Accuracy     : 0.6873
Valid Loss     : 3.3004	 | 	Valid Accuracy     : 0.3272

Epoch : 3
Train Loss     : 0.6460	 | 	Train Accuracy     : 0.7278
Valid Loss     : 2.2614	 | 	Valid Accuracy     : 0.3442

Epoch : 4
Train Loss     : 0.6069	 | 	Train Accuracy     : 0.7458
Valid Loss     : 1.3220	 | 	Valid Accuracy     : 0.4756

Epoch : 5
Train Loss     : 0.5665	 | 	Train Accuracy     : 0.7704
Valid Loss     : 1.3101	 | 	Valid Accuracy     : 0.4761

Epoch : 6
Train Loss     : 0.5435	 | 	Train Accuracy     : 0.7724
Valid Loss     : 1.2427	 | 	Valid Accuracy     : 0.5174

Epoch : 7
Train Loss     : 0.5248	 | 	Train Accuracy     : 0.7868
Valid Loss     : 1.2997	 | 	Valid Accuracy     : 0.5195

Epoch : 8
Train Loss     : 0.5137	 | 	Train Accuracy     : 0.8027
Valid Loss     : 1.2674	 | 	Valid Accuracy     : 0.5709

Epoch : 9
Train Loss     : 0.5185	 | 	Train Accuracy     : 0.7966
Valid Loss     : 1.2205	 | 	Valid Accuracy     : 0.5550

Epoch : 10
Train Loss     : 0.5326	 | 	Train Accuracy     : 0.7812
Valid Loss     : 1.3361	 | 	Valid Accuracy     : 0.5721

Epoch : 11
Train Loss     : 0.5176	 | 	Train Accuracy     : 0.7874
Valid Loss     : 1.3737	 | 	Valid Accuracy     : 0.5728

Epoch : 12
Train Loss     : 0.4795	 | 	Train Accuracy     : 0.8112
Valid Loss     : 1.3919	 | 	Valid Accuracy     : 0.5739

Epoch : 13
Train Loss     : 0.4702	 | 	Train Accuracy     : 0.8052
Valid Loss     : 1.2400	 | 	Valid Accuracy     : 0.5882

Epoch : 14
Train Loss     : 0.4467	 | 	Train Accuracy     : 0.8307
Valid Loss     : 1.2603	 | 	Valid Accuracy     : 0.5742

Epoch : 15
Train Loss     : 0.4599	 | 	Train Accuracy     : 0.8127
Valid Loss     : 1.3362	 | 	Valid Accuracy     : 0.5755

Epoch : 16
Train Loss     : 0.4408	 | 	Train Accuracy     : 0.8227
Valid Loss     : 1.2039	 | 	Valid Accuracy     : 0.5706

Epoch : 17
Train Loss     : 0.4543	 | 	Train Accuracy     : 0.8224
Valid Loss     : 1.3686	 | 	Valid Accuracy     : 0.5749

Epoch : 18
Train Loss     : 0.4299	 | 	Train Accuracy     : 0.8316
Valid Loss     : 1.2180	 | 	Valid Accuracy     : 0.5769

Epoch : 19
Train Loss     : 0.4433	 | 	Train Accuracy     : 0.8248
Valid Loss     : 1.3718	 | 	Valid Accuracy     : 0.5868

Epoch : 20
Train Loss     : 0.4263	 | 	Train Accuracy     : 0.8372
Valid Loss     : 1.4382	 | 	Valid Accuracy     : 0.5792

Epoch : 21
Train Loss     : 0.4500	 | 	Train Accuracy     : 0.8229
Valid Loss     : 1.3206	 | 	Valid Accuracy     : 0.5790

Epoch : 22
Train Loss     : 0.4217	 | 	Train Accuracy     : 0.8372
Valid Loss     : 1.3051	 | 	Valid Accuracy     : 0.5792

Epoch : 23
Train Loss     : 0.4049	 | 	Train Accuracy     : 0.8437
Valid Loss     : 1.4091	 | 	Valid Accuracy     : 0.5819

Epoch : 24
Train Loss     : 0.4051	 | 	Train Accuracy     : 0.8414
Valid Loss     : 1.2761	 | 	Valid Accuracy     : 0.5735

Epoch : 25
Train Loss     : 0.4180	 | 	Train Accuracy     : 0.8389
Valid Loss     : 1.5360	 | 	Valid Accuracy     : 0.5788

Epoch : 26
Train Loss     : 0.4291	 | 	Train Accuracy     : 0.8294
Valid Loss     : 1.4002	 | 	Valid Accuracy     : 0.5692

Epoch : 27
Train Loss     : 0.4236	 | 	Train Accuracy     : 0.8276
Valid Loss     : 1.3987	 | 	Valid Accuracy     : 0.5800

Epoch : 28
Train Loss     : 0.3846	 | 	Train Accuracy     : 0.8548
Valid Loss     : 1.3164	 | 	Valid Accuracy     : 0.5817

Epoch : 29
Train Loss     : 0.3757	 | 	Train Accuracy     : 0.8550
Valid Loss     : 1.3274	 | 	Valid Accuracy     : 0.5717

Epoch : 30
Train Loss     : 0.3779	 | 	Train Accuracy     : 0.8621
Valid Loss     : 1.3260	 | 	Valid Accuracy     : 0.5779

Evaluate on the Test set:
Test loss      :1.0086	 | Test Accuracy      : 0.6016 | Test AUPRC      : 0.6947
tensor([0.8098, 0.8198, 0.8931, 0.9250, 0.8644, 0.8984, 0.9409, 0.8260, 0.8057,
        0.8116, 0.8606, 0.7849, 0.9648, 0.9033, 0.8906, 0.8339, 0.8321, 0.8298,
        0.7511, 0.8706, 0.8927, 0.8715, 0.8047, 0.9988, 0.9580, 0.8787, 0.8128,
        0.8191, 0.8607, 0.7677, 0.8118, 0.9596, 0.9059, 0.7898, 0.7606, 0.8557,
        0.8455, 0.8119, 0.8574, 0.8437, 0.9344, 0.8940, 0.7824, 0.9854, 0.9387,
        0.8014, 0.8830, 0.8897, 0.8713, 0.9475, 0.8139, 0.8314, 0.8330, 0.8759,
        0.7967, 0.7146, 0.8420, 0.9043, 0.9544, 0.8581, 0.8690, 0.8586],
       device='cuda:0', grad_fn=<SqueezeBackward1>)

################## Training is Done! #########################
Training time is : 0:01:20.916646
