=============================================
Dataset: SEED
Method:  TS-TCC
Mode:    train_linear
=============================================
Data loaded ...
Subjet 7
if scale True
Training started ....

Epoch : 1
Train Loss     : 1.0818	 | 	Train Accuracy     : 0.5469
Valid Loss     : 1.3395	 | 	Valid Accuracy     : 0.4718

Epoch : 2
Train Loss     : 0.5660	 | 	Train Accuracy     : 0.7645
Valid Loss     : 0.6053	 | 	Valid Accuracy     : 0.7767

Epoch : 3
Train Loss     : 0.4332	 | 	Train Accuracy     : 0.8389
Valid Loss     : 0.5886	 | 	Valid Accuracy     : 0.7818

Epoch : 4
Train Loss     : 0.4025	 | 	Train Accuracy     : 0.8447
Valid Loss     : 0.5633	 | 	Valid Accuracy     : 0.7821

Epoch : 5
Train Loss     : 0.3665	 | 	Train Accuracy     : 0.8662
Valid Loss     : 0.4850	 | 	Valid Accuracy     : 0.8140

Epoch : 6
Train Loss     : 0.3487	 | 	Train Accuracy     : 0.8700
Valid Loss     : 0.5893	 | 	Valid Accuracy     : 0.7596

Epoch : 7
Train Loss     : 0.3383	 | 	Train Accuracy     : 0.8737
Valid Loss     : 0.7027	 | 	Valid Accuracy     : 0.7267

Epoch : 8
Train Loss     : 0.3484	 | 	Train Accuracy     : 0.8619
Valid Loss     : 0.6624	 | 	Valid Accuracy     : 0.7589

Epoch : 9
Train Loss     : 0.3137	 | 	Train Accuracy     : 0.8823
Valid Loss     : 0.4614	 | 	Valid Accuracy     : 0.8249

Epoch : 10
Train Loss     : 0.3082	 | 	Train Accuracy     : 0.8850
Valid Loss     : 0.5027	 | 	Valid Accuracy     : 0.7967

Epoch : 11
Train Loss     : 0.3011	 | 	Train Accuracy     : 0.8850
Valid Loss     : 0.5978	 | 	Valid Accuracy     : 0.7664

Epoch : 12
Train Loss     : 0.3079	 | 	Train Accuracy     : 0.8791
Valid Loss     : 0.6864	 | 	Valid Accuracy     : 0.7450

Epoch : 13
Train Loss     : 0.3160	 | 	Train Accuracy     : 0.8785
Valid Loss     : 0.5670	 | 	Valid Accuracy     : 0.7751

Epoch : 14
Train Loss     : 0.2967	 | 	Train Accuracy     : 0.8912
Valid Loss     : 0.4987	 | 	Valid Accuracy     : 0.7885

Epoch : 15
Train Loss     : 0.3150	 | 	Train Accuracy     : 0.8744
Valid Loss     : 0.5069	 | 	Valid Accuracy     : 0.7900

Epoch : 16
Train Loss     : 0.3062	 | 	Train Accuracy     : 0.8819
Valid Loss     : 0.6280	 | 	Valid Accuracy     : 0.7701

Epoch : 17
Train Loss     : 0.2904	 | 	Train Accuracy     : 0.8934
Valid Loss     : 0.7183	 | 	Valid Accuracy     : 0.7485

Epoch : 18
Train Loss     : 0.2981	 | 	Train Accuracy     : 0.8836
Valid Loss     : 0.6150	 | 	Valid Accuracy     : 0.7693

Epoch : 19
Train Loss     : 0.2810	 | 	Train Accuracy     : 0.8911
Valid Loss     : 0.7133	 | 	Valid Accuracy     : 0.7450

Epoch : 20
Train Loss     : 0.2763	 | 	Train Accuracy     : 0.8961
Valid Loss     : 0.6662	 | 	Valid Accuracy     : 0.7583

Epoch : 21
Train Loss     : 0.2616	 | 	Train Accuracy     : 0.9055
Valid Loss     : 0.6206	 | 	Valid Accuracy     : 0.7650

Epoch : 22
Train Loss     : 0.2593	 | 	Train Accuracy     : 0.9046
Valid Loss     : 0.6471	 | 	Valid Accuracy     : 0.7666

Epoch : 23
Train Loss     : 0.2608	 | 	Train Accuracy     : 0.9092
Valid Loss     : 0.6365	 | 	Valid Accuracy     : 0.7649

Epoch : 24
Train Loss     : 0.2633	 | 	Train Accuracy     : 0.9017
Valid Loss     : 0.6638	 | 	Valid Accuracy     : 0.7630

Epoch : 25
Train Loss     : 0.2580	 | 	Train Accuracy     : 0.9022
Valid Loss     : 0.6607	 | 	Valid Accuracy     : 0.7648

Epoch : 26
Train Loss     : 0.2601	 | 	Train Accuracy     : 0.9022
Valid Loss     : 0.6404	 | 	Valid Accuracy     : 0.7649

Epoch : 27
Train Loss     : 0.2667	 | 	Train Accuracy     : 0.9006
Valid Loss     : 0.6783	 | 	Valid Accuracy     : 0.7517

Epoch : 28
Train Loss     : 0.2601	 | 	Train Accuracy     : 0.9069
Valid Loss     : 0.6611	 | 	Valid Accuracy     : 0.7648

Epoch : 29
Train Loss     : 0.2618	 | 	Train Accuracy     : 0.9038
Valid Loss     : 0.6543	 | 	Valid Accuracy     : 0.7620

Epoch : 30
Train Loss     : 0.2588	 | 	Train Accuracy     : 0.9087
Valid Loss     : 0.6058	 | 	Valid Accuracy     : 0.7640

Evaluate on the Test set:
Test loss      :0.9884	 | Test Accuracy      : 0.6339 | Test AUPRC      : 0.6786
tensor([0.7169, 0.7950, 0.9345, 0.8996, 0.9582, 0.6824, 0.9745, 0.7329, 0.7937,
        0.6845, 0.7091, 0.7485, 0.9756, 0.8510, 0.8543, 0.7041, 0.6970, 0.7588,
        0.6470, 0.7939, 0.6903, 0.8968, 0.8076, 1.0731, 0.8835, 0.9111, 0.8651,
        0.7540, 0.7312, 0.6972, 0.7979, 0.9837, 0.8693, 0.8525, 0.6390, 0.8172,
        0.7565, 0.7206, 0.7666, 0.7800, 0.7817, 0.7669, 0.7127, 0.7831, 0.7448,
        0.7606, 0.8080, 0.6681, 0.7336, 0.6300, 0.7087, 0.6677, 0.6964, 0.7339,
        0.6477, 0.5945, 0.7199, 0.9606, 0.9648, 0.6921, 0.6730, 0.8003],
       device='cuda:0', grad_fn=<SqueezeBackward1>)

################## Training is Done! #########################
Training time is : 0:01:59.033900
