=============================================
Dataset: SEED
Method:  TS-TCC
Mode:    train_linear
=============================================
Data loaded ...
Subjet 14
if scale True
Training started ....

Epoch : 1
Train Loss     : 1.1948	 | 	Train Accuracy     : 0.5509
Valid Loss     : 1.0265	 | 	Valid Accuracy     : 0.4226

Epoch : 2
Train Loss     : 0.6466	 | 	Train Accuracy     : 0.7505
Valid Loss     : 0.8404	 | 	Valid Accuracy     : 0.5154

Epoch : 3
Train Loss     : 0.5411	 | 	Train Accuracy     : 0.8040
Valid Loss     : 0.9070	 | 	Valid Accuracy     : 0.5447

Epoch : 4
Train Loss     : 0.4913	 | 	Train Accuracy     : 0.8197
Valid Loss     : 0.9201	 | 	Valid Accuracy     : 0.5529

Epoch : 5
Train Loss     : 0.4523	 | 	Train Accuracy     : 0.8299
Valid Loss     : 0.9745	 | 	Valid Accuracy     : 0.5715

Epoch : 6
Train Loss     : 0.4500	 | 	Train Accuracy     : 0.8271
Valid Loss     : 0.9786	 | 	Valid Accuracy     : 0.5525

Epoch : 7
Train Loss     : 0.4406	 | 	Train Accuracy     : 0.8324
Valid Loss     : 1.0459	 | 	Valid Accuracy     : 0.5988

Epoch : 8
Train Loss     : 0.4402	 | 	Train Accuracy     : 0.8349
Valid Loss     : 1.1619	 | 	Valid Accuracy     : 0.6015

Epoch : 9
Train Loss     : 0.4465	 | 	Train Accuracy     : 0.8283
Valid Loss     : 1.1082	 | 	Valid Accuracy     : 0.6036

Epoch : 10
Train Loss     : 0.4561	 | 	Train Accuracy     : 0.8252
Valid Loss     : 1.0067	 | 	Valid Accuracy     : 0.5498

Epoch : 11
Train Loss     : 0.4232	 | 	Train Accuracy     : 0.8343
Valid Loss     : 0.9834	 | 	Valid Accuracy     : 0.5728

Epoch : 12
Train Loss     : 0.3974	 | 	Train Accuracy     : 0.8467
Valid Loss     : 0.9920	 | 	Valid Accuracy     : 0.5890

Epoch : 13
Train Loss     : 0.3924	 | 	Train Accuracy     : 0.8515
Valid Loss     : 1.1288	 | 	Valid Accuracy     : 0.5798

Epoch : 14
Train Loss     : 0.3822	 | 	Train Accuracy     : 0.8548
Valid Loss     : 1.0987	 | 	Valid Accuracy     : 0.5711

Epoch : 15
Train Loss     : 0.3913	 | 	Train Accuracy     : 0.8478
Valid Loss     : 1.0807	 | 	Valid Accuracy     : 0.5737

Epoch : 16
Train Loss     : 0.3835	 | 	Train Accuracy     : 0.8479
Valid Loss     : 1.1087	 | 	Valid Accuracy     : 0.5799

Epoch : 17
Train Loss     : 0.3843	 | 	Train Accuracy     : 0.8491
Valid Loss     : 1.0666	 | 	Valid Accuracy     : 0.5802

Epoch : 18
Train Loss     : 0.3727	 | 	Train Accuracy     : 0.8532
Valid Loss     : 1.0709	 | 	Valid Accuracy     : 0.5847

Epoch : 19
Train Loss     : 0.3806	 | 	Train Accuracy     : 0.8527
Valid Loss     : 1.0321	 | 	Valid Accuracy     : 0.5880

Epoch : 20
Train Loss     : 0.3709	 | 	Train Accuracy     : 0.8554
Valid Loss     : 1.0664	 | 	Valid Accuracy     : 0.5706

Epoch : 21
Train Loss     : 0.3810	 | 	Train Accuracy     : 0.8529
Valid Loss     : 1.0277	 | 	Valid Accuracy     : 0.5812

Epoch : 22
Train Loss     : 0.3775	 | 	Train Accuracy     : 0.8498
Valid Loss     : 1.0864	 | 	Valid Accuracy     : 0.5763

Epoch : 23
Train Loss     : 0.3659	 | 	Train Accuracy     : 0.8596
Valid Loss     : 1.0787	 | 	Valid Accuracy     : 0.5645

Epoch : 24
Train Loss     : 0.3716	 | 	Train Accuracy     : 0.8546
Valid Loss     : 1.0595	 | 	Valid Accuracy     : 0.5733

Epoch : 25
Train Loss     : 0.3678	 | 	Train Accuracy     : 0.8614
Valid Loss     : 1.1106	 | 	Valid Accuracy     : 0.5708

Epoch : 26
Train Loss     : 0.3766	 | 	Train Accuracy     : 0.8515
Valid Loss     : 1.0346	 | 	Valid Accuracy     : 0.5848

Epoch : 27
Train Loss     : 0.3703	 | 	Train Accuracy     : 0.8580
Valid Loss     : 1.0999	 | 	Valid Accuracy     : 0.5712

Epoch : 28
Train Loss     : 0.3794	 | 	Train Accuracy     : 0.8559
Valid Loss     : 1.0818	 | 	Valid Accuracy     : 0.5667

Epoch : 29
Train Loss     : 0.3780	 | 	Train Accuracy     : 0.8561
Valid Loss     : 1.0936	 | 	Valid Accuracy     : 0.5781

Epoch : 30
Train Loss     : 0.3734	 | 	Train Accuracy     : 0.8546
Valid Loss     : 1.0758	 | 	Valid Accuracy     : 0.5728

Evaluate on the Test set:
Test loss      :0.7280	 | Test Accuracy      : 0.7045 | Test AUPRC      : 0.7926
tensor([0.8723, 0.8740, 0.8644, 0.8876, 0.9278, 0.8657, 0.9221, 0.8770, 0.8812,
        0.8628, 0.8483, 0.8605, 0.8962, 0.9016, 0.9022, 0.8383, 0.8796, 0.8368,
        0.8040, 0.8936, 0.8490, 0.8783, 0.8532, 0.9243, 0.9514, 0.8632, 0.8460,
        0.8314, 0.8624, 0.8417, 0.8773, 0.9901, 1.0456, 0.8654, 0.8230, 0.8885,
        0.8463, 0.8455, 0.8242, 0.8372, 0.9891, 0.8765, 0.8453, 0.8922, 0.9058,
        0.8983, 0.8411, 0.8966, 0.8418, 0.8488, 0.8916, 0.8303, 0.8557, 0.8098,
        0.8444, 0.7948, 0.8548, 0.8389, 0.9551, 0.8443, 0.8428, 0.8514],
       device='cuda:0', grad_fn=<SqueezeBackward1>)

################## Training is Done! #########################
Training time is : 0:01:33.707634
