=============================================
Dataset: SEED
Method:  TS-TCC
Mode:    train_linear
=============================================
Data loaded ...
Subjet 15
if scale True
Training started ....

Epoch : 1
Train Loss     : 1.2280	 | 	Train Accuracy     : 0.5908
Valid Loss     : 0.7556	 | 	Valid Accuracy     : 0.7041

Epoch : 2
Train Loss     : 0.4348	 | 	Train Accuracy     : 0.7921
Valid Loss     : 1.2922	 | 	Valid Accuracy     : 0.6993

Epoch : 3
Train Loss     : 0.2269	 | 	Train Accuracy     : 0.9345
Valid Loss     : 1.1937	 | 	Valid Accuracy     : 0.7873

Epoch : 4
Train Loss     : 0.1450	 | 	Train Accuracy     : 0.9542
Valid Loss     : 1.3231	 | 	Valid Accuracy     : 0.7911

Epoch : 5
Train Loss     : 0.1089	 | 	Train Accuracy     : 0.9728
Valid Loss     : 1.8845	 | 	Valid Accuracy     : 0.7203

Epoch : 6
Train Loss     : 0.0940	 | 	Train Accuracy     : 0.9769
Valid Loss     : 1.3791	 | 	Valid Accuracy     : 0.7700

Epoch : 7
Train Loss     : 0.0865	 | 	Train Accuracy     : 0.9827
Valid Loss     : 1.9196	 | 	Valid Accuracy     : 0.7618

Epoch : 8
Train Loss     : 0.0751	 | 	Train Accuracy     : 0.9797
Valid Loss     : 2.3108	 | 	Valid Accuracy     : 0.7530

Epoch : 9
Train Loss     : 0.0712	 | 	Train Accuracy     : 0.9856
Valid Loss     : 2.5398	 | 	Valid Accuracy     : 0.7544

Epoch : 10
Train Loss     : 0.0628	 | 	Train Accuracy     : 0.9862
Valid Loss     : 3.9392	 | 	Valid Accuracy     : 0.7232

Epoch : 11
Train Loss     : 0.0633	 | 	Train Accuracy     : 0.9848
Valid Loss     : 3.8796	 | 	Valid Accuracy     : 0.7275

Epoch : 12
Train Loss     : 0.0577	 | 	Train Accuracy     : 0.9901
Valid Loss     : 4.7023	 | 	Valid Accuracy     : 0.7295

Epoch : 13
Train Loss     : 0.0541	 | 	Train Accuracy     : 0.9900
Valid Loss     : 3.8302	 | 	Valid Accuracy     : 0.7229

Epoch : 14
Train Loss     : 0.0559	 | 	Train Accuracy     : 0.9846
Valid Loss     : 3.5732	 | 	Valid Accuracy     : 0.7168

Epoch : 15
Train Loss     : 0.0521	 | 	Train Accuracy     : 0.9893
Valid Loss     : 3.9257	 | 	Valid Accuracy     : 0.7261

Epoch : 16
Train Loss     : 0.0502	 | 	Train Accuracy     : 0.9920
Valid Loss     : 3.9625	 | 	Valid Accuracy     : 0.7282

Epoch : 17
Train Loss     : 0.0522	 | 	Train Accuracy     : 0.9909
Valid Loss     : 3.7040	 | 	Valid Accuracy     : 0.7303

Epoch : 18
Train Loss     : 0.0515	 | 	Train Accuracy     : 0.9890
Valid Loss     : 3.8955	 | 	Valid Accuracy     : 0.7278

Epoch : 19
Train Loss     : 0.0538	 | 	Train Accuracy     : 0.9882
Valid Loss     : 4.1857	 | 	Valid Accuracy     : 0.7371

Epoch : 20
Train Loss     : 0.0512	 | 	Train Accuracy     : 0.9901
Valid Loss     : 4.4725	 | 	Valid Accuracy     : 0.7187

Epoch : 21
Train Loss     : 0.0494	 | 	Train Accuracy     : 0.9910
Valid Loss     : 4.8043	 | 	Valid Accuracy     : 0.7192

Epoch : 22
Train Loss     : 0.0518	 | 	Train Accuracy     : 0.9904
Valid Loss     : 4.8410	 | 	Valid Accuracy     : 0.7173

Epoch : 23
Train Loss     : 0.0529	 | 	Train Accuracy     : 0.9871
Valid Loss     : 4.9166	 | 	Valid Accuracy     : 0.7171

Epoch : 24
Train Loss     : 0.0506	 | 	Train Accuracy     : 0.9880
Valid Loss     : 4.4715	 | 	Valid Accuracy     : 0.7205

Epoch : 25
Train Loss     : 0.0483	 | 	Train Accuracy     : 0.9916
Valid Loss     : 5.0960	 | 	Valid Accuracy     : 0.7216

Epoch : 26
Train Loss     : 0.0493	 | 	Train Accuracy     : 0.9914
Valid Loss     : 4.1054	 | 	Valid Accuracy     : 0.7266

Epoch : 27
Train Loss     : 0.0509	 | 	Train Accuracy     : 0.9875
Valid Loss     : 5.7814	 | 	Valid Accuracy     : 0.7274

Epoch : 28
Train Loss     : 0.0503	 | 	Train Accuracy     : 0.9919
Valid Loss     : 4.4777	 | 	Valid Accuracy     : 0.7107

Epoch : 29
Train Loss     : 0.0491	 | 	Train Accuracy     : 0.9911
Valid Loss     : 4.6774	 | 	Valid Accuracy     : 0.7208

Epoch : 30
Train Loss     : 0.0486	 | 	Train Accuracy     : 0.9920
Valid Loss     : 4.4730	 | 	Valid Accuracy     : 0.7233

Evaluate on the Test set:
Test loss      :92.8910	 | Test Accuracy      : 0.5854 | Test AUPRC      : 0.4677
tensor([0.9432, 0.9430, 0.9470, 1.0177, 0.9357, 0.9276, 0.9841, 0.9291, 0.9324,
        0.9297, 0.9393, 0.9347, 0.9614, 0.9247, 0.9291, 0.9259, 0.9407, 0.9426,
        0.9229, 0.9581, 0.9219, 0.9393, 0.9425, 1.0124, 0.9464, 0.9220, 0.9342,
        0.9108, 0.9442, 0.9279, 0.9422, 1.0179, 0.9636, 0.9310, 0.9327, 0.9407,
        0.9389, 0.9290, 0.9324, 1.0141, 0.9639, 0.9282, 0.9395, 0.9222, 0.9501,
        0.9505, 0.9238, 0.9311, 0.9463, 0.9282, 0.9301, 0.9312, 0.9221, 0.9556,
        0.9314, 0.8963, 0.9237, 0.9724, 0.9772, 0.9349, 0.9564, 0.9391],
       device='cuda:0', grad_fn=<SqueezeBackward1>)

################## Training is Done! #########################
Training time is : 0:01:05.498542
