=============================================
Dataset: SEED
Method:  TS-TCC
Mode:    train_linear
=============================================
Data loaded ...
Subjet 7
if scale True
Training started ....

Epoch : 1
Train Loss     : 1.2086	 | 	Train Accuracy     : 0.5764
Valid Loss     : 0.9539	 | 	Valid Accuracy     : 0.5410

Epoch : 2
Train Loss     : 0.5129	 | 	Train Accuracy     : 0.7922
Valid Loss     : 0.5811	 | 	Valid Accuracy     : 0.7626

Epoch : 3
Train Loss     : 0.4081	 | 	Train Accuracy     : 0.8426
Valid Loss     : 0.5673	 | 	Valid Accuracy     : 0.7863

Epoch : 4
Train Loss     : 0.3657	 | 	Train Accuracy     : 0.8666
Valid Loss     : 0.6682	 | 	Valid Accuracy     : 0.7192

Epoch : 5
Train Loss     : 0.3395	 | 	Train Accuracy     : 0.8763
Valid Loss     : 0.5081	 | 	Valid Accuracy     : 0.7921

Epoch : 6
Train Loss     : 0.3511	 | 	Train Accuracy     : 0.8549
Valid Loss     : 0.6145	 | 	Valid Accuracy     : 0.7434

Epoch : 7
Train Loss     : 0.3232	 | 	Train Accuracy     : 0.8769
Valid Loss     : 0.5333	 | 	Valid Accuracy     : 0.7863

Epoch : 8
Train Loss     : 0.3087	 | 	Train Accuracy     : 0.8851
Valid Loss     : 0.6106	 | 	Valid Accuracy     : 0.7578

Epoch : 9
Train Loss     : 0.2973	 | 	Train Accuracy     : 0.8892
Valid Loss     : 0.6187	 | 	Valid Accuracy     : 0.7439

Epoch : 10
Train Loss     : 0.2849	 | 	Train Accuracy     : 0.8950
Valid Loss     : 0.5999	 | 	Valid Accuracy     : 0.7526

Epoch : 11
Train Loss     : 0.2936	 | 	Train Accuracy     : 0.8878
Valid Loss     : 0.7508	 | 	Valid Accuracy     : 0.7258

Epoch : 12
Train Loss     : 0.3233	 | 	Train Accuracy     : 0.8670
Valid Loss     : 0.6199	 | 	Valid Accuracy     : 0.7540

Epoch : 13
Train Loss     : 0.2964	 | 	Train Accuracy     : 0.8890
Valid Loss     : 0.5527	 | 	Valid Accuracy     : 0.7784

Epoch : 14
Train Loss     : 0.2629	 | 	Train Accuracy     : 0.9022
Valid Loss     : 0.5988	 | 	Valid Accuracy     : 0.7617

Epoch : 15
Train Loss     : 0.3378	 | 	Train Accuracy     : 0.8617
Valid Loss     : 0.9856	 | 	Valid Accuracy     : 0.7042

Epoch : 16
Train Loss     : 0.2938	 | 	Train Accuracy     : 0.8831
Valid Loss     : 0.7655	 | 	Valid Accuracy     : 0.7335

Epoch : 17
Train Loss     : 0.2605	 | 	Train Accuracy     : 0.9042
Valid Loss     : 0.6945	 | 	Valid Accuracy     : 0.7492

Epoch : 18
Train Loss     : 0.2565	 | 	Train Accuracy     : 0.9065
Valid Loss     : 0.6840	 | 	Valid Accuracy     : 0.7387

Epoch : 19
Train Loss     : 0.2582	 | 	Train Accuracy     : 0.9007
Valid Loss     : 0.6775	 | 	Valid Accuracy     : 0.7419

Epoch : 20
Train Loss     : 0.2631	 | 	Train Accuracy     : 0.9024
Valid Loss     : 0.6843	 | 	Valid Accuracy     : 0.7417

Epoch : 21
Train Loss     : 0.2548	 | 	Train Accuracy     : 0.9075
Valid Loss     : 0.6911	 | 	Valid Accuracy     : 0.7363

Epoch : 22
Train Loss     : 0.2593	 | 	Train Accuracy     : 0.9052
Valid Loss     : 0.6980	 | 	Valid Accuracy     : 0.7384

Epoch : 23
Train Loss     : 0.2568	 | 	Train Accuracy     : 0.9065
Valid Loss     : 0.7014	 | 	Valid Accuracy     : 0.7379

Epoch : 24
Train Loss     : 0.2616	 | 	Train Accuracy     : 0.9024
Valid Loss     : 0.7074	 | 	Valid Accuracy     : 0.7353

Epoch : 25
Train Loss     : 0.2476	 | 	Train Accuracy     : 0.9094
Valid Loss     : 0.6779	 | 	Valid Accuracy     : 0.7419

Epoch : 26
Train Loss     : 0.2589	 | 	Train Accuracy     : 0.9049
Valid Loss     : 0.6709	 | 	Valid Accuracy     : 0.7458

Epoch : 27
Train Loss     : 0.2542	 | 	Train Accuracy     : 0.9053
Valid Loss     : 0.6678	 | 	Valid Accuracy     : 0.7473

Epoch : 28
Train Loss     : 0.2572	 | 	Train Accuracy     : 0.9059
Valid Loss     : 0.6783	 | 	Valid Accuracy     : 0.7458

Epoch : 29
Train Loss     : 0.2521	 | 	Train Accuracy     : 0.9085
Valid Loss     : 0.6778	 | 	Valid Accuracy     : 0.7428

Epoch : 30
Train Loss     : 0.2563	 | 	Train Accuracy     : 0.9032
Valid Loss     : 0.6816	 | 	Valid Accuracy     : 0.7392

Evaluate on the Test set:
Test loss      :1.0164	 | Test Accuracy      : 0.6451 | Test AUPRC      : 0.6975
tensor([0.8071, 0.8124, 0.9364, 0.9303, 0.9715, 0.7655, 0.9972, 0.7964, 0.8411,
        0.8091, 0.7616, 0.7969, 0.9730, 0.8705, 0.8503, 0.7661, 0.7782, 0.8012,
        0.7292, 0.7914, 0.7667, 0.8920, 0.8619, 1.0743, 0.8845, 0.8917, 0.8653,
        0.7760, 0.7780, 0.7616, 0.8445, 0.9854, 0.8928, 0.8789, 0.7459, 0.8650,
        0.7981, 0.7877, 0.7821, 0.8312, 0.7735, 0.8184, 0.7711, 0.8234, 0.8421,
        0.8297, 0.8616, 0.7760, 0.8180, 0.7080, 0.7665, 0.7531, 0.7837, 0.7860,
        0.7505, 0.6938, 0.7643, 0.9554, 0.9476, 0.7704, 0.7628, 0.7957],
       device='cuda:0', grad_fn=<SqueezeBackward1>)

################## Training is Done! #########################
Training time is : 0:01:51.157812
