=============================================
Dataset: SEED
Method:  TS-TCC
Mode:    train_linear
=============================================
Data loaded ...
Subjet 2
if scale True
Training started ....

Epoch : 1
Train Loss     : 1.2096	 | 	Train Accuracy     : 0.4579
Valid Loss     : 1.3938	 | 	Valid Accuracy     : 0.3735

Epoch : 2
Train Loss     : 0.7524	 | 	Train Accuracy     : 0.6708
Valid Loss     : 2.1521	 | 	Valid Accuracy     : 0.3834

Epoch : 3
Train Loss     : 0.6245	 | 	Train Accuracy     : 0.7334
Valid Loss     : 2.1505	 | 	Valid Accuracy     : 0.3961

Epoch : 4
Train Loss     : 0.5963	 | 	Train Accuracy     : 0.7384
Valid Loss     : 2.0832	 | 	Valid Accuracy     : 0.4245

Epoch : 5
Train Loss     : 0.5226	 | 	Train Accuracy     : 0.7969
Valid Loss     : 2.5372	 | 	Valid Accuracy     : 0.4244

Epoch : 6
Train Loss     : 0.4782	 | 	Train Accuracy     : 0.8221
Valid Loss     : 2.1552	 | 	Valid Accuracy     : 0.4398

Epoch : 7
Train Loss     : 0.4606	 | 	Train Accuracy     : 0.8320
Valid Loss     : 2.1758	 | 	Valid Accuracy     : 0.4493

Epoch : 8
Train Loss     : 0.4695	 | 	Train Accuracy     : 0.8179
Valid Loss     : 1.9827	 | 	Valid Accuracy     : 0.4707

Epoch : 9
Train Loss     : 0.4423	 | 	Train Accuracy     : 0.8324
Valid Loss     : 2.0329	 | 	Valid Accuracy     : 0.4785

Epoch : 10
Train Loss     : 0.4473	 | 	Train Accuracy     : 0.8310
Valid Loss     : 2.1702	 | 	Valid Accuracy     : 0.4650

Epoch : 11
Train Loss     : 0.4658	 | 	Train Accuracy     : 0.8146
Valid Loss     : 2.5945	 | 	Valid Accuracy     : 0.4350

Epoch : 12
Train Loss     : 0.4402	 | 	Train Accuracy     : 0.8269
Valid Loss     : 2.2833	 | 	Valid Accuracy     : 0.4678

Epoch : 13
Train Loss     : 0.4172	 | 	Train Accuracy     : 0.8431
Valid Loss     : 2.4766	 | 	Valid Accuracy     : 0.4598

Epoch : 14
Train Loss     : 0.4069	 | 	Train Accuracy     : 0.8618
Valid Loss     : 2.1821	 | 	Valid Accuracy     : 0.4976

Epoch : 15
Train Loss     : 0.3877	 | 	Train Accuracy     : 0.8623
Valid Loss     : 2.0324	 | 	Valid Accuracy     : 0.5043

Epoch : 16
Train Loss     : 0.4039	 | 	Train Accuracy     : 0.8576
Valid Loss     : 2.0951	 | 	Valid Accuracy     : 0.4927

Epoch : 17
Train Loss     : 0.3984	 | 	Train Accuracy     : 0.8516
Valid Loss     : 2.1370	 | 	Valid Accuracy     : 0.4940

Epoch : 18
Train Loss     : 0.4035	 | 	Train Accuracy     : 0.8575
Valid Loss     : 2.3031	 | 	Valid Accuracy     : 0.4791

Epoch : 19
Train Loss     : 0.3956	 | 	Train Accuracy     : 0.8565
Valid Loss     : 2.1324	 | 	Valid Accuracy     : 0.4915

Epoch : 20
Train Loss     : 0.4044	 | 	Train Accuracy     : 0.8536
Valid Loss     : 2.1603	 | 	Valid Accuracy     : 0.4928

Epoch : 21
Train Loss     : 0.4089	 | 	Train Accuracy     : 0.8494
Valid Loss     : 2.8883	 | 	Valid Accuracy     : 0.4457

Epoch : 22
Train Loss     : 0.4076	 | 	Train Accuracy     : 0.8514
Valid Loss     : 2.4812	 | 	Valid Accuracy     : 0.4624

Epoch : 23
Train Loss     : 0.3977	 | 	Train Accuracy     : 0.8654
Valid Loss     : 2.2168	 | 	Valid Accuracy     : 0.4885

Epoch : 24
Train Loss     : 0.3895	 | 	Train Accuracy     : 0.8613
Valid Loss     : 2.1676	 | 	Valid Accuracy     : 0.4932

Epoch : 25
Train Loss     : 0.3940	 | 	Train Accuracy     : 0.8615
Valid Loss     : 2.2908	 | 	Valid Accuracy     : 0.4807

Epoch : 26
Train Loss     : 0.3907	 | 	Train Accuracy     : 0.8606
Valid Loss     : 2.0427	 | 	Valid Accuracy     : 0.5089

Epoch : 27
Train Loss     : 0.3841	 | 	Train Accuracy     : 0.8602
Valid Loss     : 2.1117	 | 	Valid Accuracy     : 0.4889

Epoch : 28
Train Loss     : 0.3864	 | 	Train Accuracy     : 0.8590
Valid Loss     : 2.2316	 | 	Valid Accuracy     : 0.4923

Epoch : 29
Train Loss     : 0.3910	 | 	Train Accuracy     : 0.8552
Valid Loss     : 2.0818	 | 	Valid Accuracy     : 0.4997

Epoch : 30
Train Loss     : 0.3936	 | 	Train Accuracy     : 0.8526
Valid Loss     : 2.2357	 | 	Valid Accuracy     : 0.4887

Evaluate on the Test set:
Test loss      :1.7814	 | Test Accuracy      : 0.4755 | Test AUPRC      : 0.4993
tensor([0.9166, 0.9107, 1.0070, 0.9589, 0.9484, 1.0454, 0.9447, 0.8884, 0.8902,
        0.9108, 0.9226, 0.9153, 0.9002, 0.9187, 0.9460, 0.8952, 0.8990, 0.9276,
        0.8738, 0.9596, 0.9308, 0.9536, 0.9007, 1.0187, 0.9448, 0.9321, 0.9335,
        0.8952, 0.9745, 0.8919, 0.9316, 0.9317, 0.9269, 0.9015, 0.8940, 0.9249,
        0.9011, 0.9148, 0.9382, 0.9118, 0.9603, 0.9339, 0.9033, 0.9792, 0.9548,
        0.9254, 0.9262, 0.9179, 0.8906, 0.8966, 0.9296, 0.9128, 0.9267, 0.9113,
        0.9150, 0.8614, 0.9064, 0.9885, 0.9670, 0.8825, 0.9074, 0.9067],
       device='cuda:0', grad_fn=<SqueezeBackward1>)

################## Training is Done! #########################
Training time is : 0:01:20.569303
