=============================================
Dataset: SEED
Method:  TS-TCC
Mode:    train_linear
=============================================
Data loaded ...
Subjet 10
if scale True
Training started ....

Epoch : 1
Train Loss     : 1.2419	 | 	Train Accuracy     : 0.5351
Valid Loss     : 1.5478	 | 	Valid Accuracy     : 0.3568

Epoch : 2
Train Loss     : 0.6545	 | 	Train Accuracy     : 0.6946
Valid Loss     : 1.0273	 | 	Valid Accuracy     : 0.4867

Epoch : 3
Train Loss     : 0.5765	 | 	Train Accuracy     : 0.7380
Valid Loss     : 0.8948	 | 	Valid Accuracy     : 0.6029

Epoch : 4
Train Loss     : 0.5522	 | 	Train Accuracy     : 0.7575
Valid Loss     : 1.0260	 | 	Valid Accuracy     : 0.5770

Epoch : 5
Train Loss     : 0.5243	 | 	Train Accuracy     : 0.7604
Valid Loss     : 0.9343	 | 	Valid Accuracy     : 0.6167

Epoch : 6
Train Loss     : 0.5154	 | 	Train Accuracy     : 0.7688
Valid Loss     : 1.2577	 | 	Valid Accuracy     : 0.5816

Epoch : 7
Train Loss     : 0.4970	 | 	Train Accuracy     : 0.7815
Valid Loss     : 0.9677	 | 	Valid Accuracy     : 0.6018

Epoch : 8
Train Loss     : 0.5053	 | 	Train Accuracy     : 0.7771
Valid Loss     : 1.6021	 | 	Valid Accuracy     : 0.4185

Epoch : 9
Train Loss     : 0.4859	 | 	Train Accuracy     : 0.7853
Valid Loss     : 1.2797	 | 	Valid Accuracy     : 0.5254

Epoch : 10
Train Loss     : 0.4897	 | 	Train Accuracy     : 0.7914
Valid Loss     : 1.3138	 | 	Valid Accuracy     : 0.5253

Epoch : 11
Train Loss     : 0.4816	 | 	Train Accuracy     : 0.7888
Valid Loss     : 1.4335	 | 	Valid Accuracy     : 0.5460

Epoch : 12
Train Loss     : 0.4714	 | 	Train Accuracy     : 0.7920
Valid Loss     : 1.1824	 | 	Valid Accuracy     : 0.5698

Epoch : 13
Train Loss     : 0.4786	 | 	Train Accuracy     : 0.7877
Valid Loss     : 1.2561	 | 	Valid Accuracy     : 0.5638

Epoch : 14
Train Loss     : 0.4438	 | 	Train Accuracy     : 0.8083
Valid Loss     : 1.5624	 | 	Valid Accuracy     : 0.4984

Epoch : 15
Train Loss     : 0.4498	 | 	Train Accuracy     : 0.8093
Valid Loss     : 1.3184	 | 	Valid Accuracy     : 0.5495

Epoch : 16
Train Loss     : 0.4387	 | 	Train Accuracy     : 0.8167
Valid Loss     : 1.2733	 | 	Valid Accuracy     : 0.5584

Epoch : 17
Train Loss     : 0.4361	 | 	Train Accuracy     : 0.8140
Valid Loss     : 1.3422	 | 	Valid Accuracy     : 0.5345

Epoch : 18
Train Loss     : 0.4335	 | 	Train Accuracy     : 0.8144
Valid Loss     : 1.3892	 | 	Valid Accuracy     : 0.5398

Epoch : 19
Train Loss     : 0.4265	 | 	Train Accuracy     : 0.8214
Valid Loss     : 1.3088	 | 	Valid Accuracy     : 0.5493

Epoch : 20
Train Loss     : 0.4403	 | 	Train Accuracy     : 0.8138
Valid Loss     : 1.3007	 | 	Valid Accuracy     : 0.5442

Epoch : 21
Train Loss     : 0.4289	 | 	Train Accuracy     : 0.8152
Valid Loss     : 1.3959	 | 	Valid Accuracy     : 0.5395

Epoch : 22
Train Loss     : 0.4331	 | 	Train Accuracy     : 0.8181
Valid Loss     : 1.3594	 | 	Valid Accuracy     : 0.5496

Epoch : 23
Train Loss     : 0.4369	 | 	Train Accuracy     : 0.8220
Valid Loss     : 1.4115	 | 	Valid Accuracy     : 0.5343

Epoch : 24
Train Loss     : 0.4322	 | 	Train Accuracy     : 0.8224
Valid Loss     : 1.3834	 | 	Valid Accuracy     : 0.5396

Epoch : 25
Train Loss     : 0.4312	 | 	Train Accuracy     : 0.8206
Valid Loss     : 1.4268	 | 	Valid Accuracy     : 0.5353

Epoch : 26
Train Loss     : 0.4264	 | 	Train Accuracy     : 0.8214
Valid Loss     : 1.2702	 | 	Valid Accuracy     : 0.5521

Epoch : 27
Train Loss     : 0.4265	 | 	Train Accuracy     : 0.8230
Valid Loss     : 1.2888	 | 	Valid Accuracy     : 0.5385

Epoch : 28
Train Loss     : 0.4250	 | 	Train Accuracy     : 0.8210
Valid Loss     : 1.3979	 | 	Valid Accuracy     : 0.5191

Epoch : 29
Train Loss     : 0.4279	 | 	Train Accuracy     : 0.8224
Valid Loss     : 1.3815	 | 	Valid Accuracy     : 0.5251

Epoch : 30
Train Loss     : 0.4180	 | 	Train Accuracy     : 0.8286
Valid Loss     : 1.3478	 | 	Valid Accuracy     : 0.5321

Evaluate on the Test set:
Test loss      :1.6697	 | Test Accuracy      : 0.4932 | Test AUPRC      : 0.5291
tensor([0.8718, 0.8952, 0.9207, 0.9301, 0.8685, 0.9297, 0.8977, 0.8044, 0.9056,
        0.8266, 0.8742, 0.8845, 0.9502, 0.8267, 0.9347, 0.8308, 0.8521, 0.8354,
        0.7680, 0.8577, 0.8330, 0.9362, 0.8773, 0.9725, 0.9588, 0.9319, 0.8350,
        0.8164, 0.8431, 0.8117, 0.8351, 0.9889, 0.9674, 0.8614, 0.7938, 0.8828,
        0.8137, 0.7882, 0.7982, 0.8202, 0.8571, 0.9109, 0.8507, 0.8650, 0.9248,
        0.8768, 0.8300, 0.8779, 0.8261, 0.7900, 0.8917, 0.7939, 0.8209, 0.8527,
        0.8113, 0.7297, 0.8098, 0.9262, 0.9150, 0.9469, 0.9404, 0.8395],
       device='cuda:0', grad_fn=<SqueezeBackward1>)

################## Training is Done! #########################
Training time is : 0:01:49.790167
