=============================================
Dataset: SEED
Method:  TS-TCC
Mode:    supervised
=============================================
Data loaded ...
Subjet 1
if scale False
Training started ....

Epoch : 1
Train Loss     : 1.2996	 | 	Train Accuracy     : 0.4278
Valid Loss     : 0.9323	 | 	Valid Accuracy     : 0.5454

Epoch : 2
Train Loss     : 0.8865	 | 	Train Accuracy     : 0.5839
Valid Loss     : 0.8389	 | 	Valid Accuracy     : 0.5840

Epoch : 3
Train Loss     : 0.7270	 | 	Train Accuracy     : 0.6967
Valid Loss     : 0.9676	 | 	Valid Accuracy     : 0.5747

Epoch : 4
Train Loss     : 0.6268	 | 	Train Accuracy     : 0.7648
Valid Loss     : 1.0021	 | 	Valid Accuracy     : 0.6123

Epoch : 5
Train Loss     : 0.5695	 | 	Train Accuracy     : 0.7775
Valid Loss     : 0.9099	 | 	Valid Accuracy     : 0.5874

Epoch : 6
Train Loss     : 0.5395	 | 	Train Accuracy     : 0.7903
Valid Loss     : 1.0554	 | 	Valid Accuracy     : 0.6118

Epoch : 7
Train Loss     : 0.4917	 | 	Train Accuracy     : 0.8122
Valid Loss     : 0.9604	 | 	Valid Accuracy     : 0.6128

Epoch : 8
Train Loss     : 0.4794	 | 	Train Accuracy     : 0.8159
Valid Loss     : 1.0121	 | 	Valid Accuracy     : 0.6226

Epoch : 9
Train Loss     : 0.4692	 | 	Train Accuracy     : 0.8186
Valid Loss     : 0.9426	 | 	Valid Accuracy     : 0.6147

Epoch : 10
Train Loss     : 0.4240	 | 	Train Accuracy     : 0.8359
Valid Loss     : 1.1060	 | 	Valid Accuracy     : 0.6113

Epoch : 11
Train Loss     : 0.4201	 | 	Train Accuracy     : 0.8376
Valid Loss     : 1.2001	 | 	Valid Accuracy     : 0.5728

Epoch : 12
Train Loss     : 0.4389	 | 	Train Accuracy     : 0.8300
Valid Loss     : 1.0593	 | 	Valid Accuracy     : 0.5713

Epoch : 13
Train Loss     : 0.4052	 | 	Train Accuracy     : 0.8509
Valid Loss     : 1.0694	 | 	Valid Accuracy     : 0.6050

Epoch : 14
Train Loss     : 0.3332	 | 	Train Accuracy     : 0.8779
Valid Loss     : 1.0665	 | 	Valid Accuracy     : 0.6138

Epoch : 15
Train Loss     : 0.3119	 | 	Train Accuracy     : 0.8891
Valid Loss     : 1.0652	 | 	Valid Accuracy     : 0.6147

Epoch : 16
Train Loss     : 0.3034	 | 	Train Accuracy     : 0.8933
Valid Loss     : 1.0867	 | 	Valid Accuracy     : 0.6152

Epoch : 17
Train Loss     : 0.3027	 | 	Train Accuracy     : 0.8976
Valid Loss     : 1.0513	 | 	Valid Accuracy     : 0.6147

Epoch : 18
Train Loss     : 0.2895	 | 	Train Accuracy     : 0.9029
Valid Loss     : 0.9934	 | 	Valid Accuracy     : 0.6216

Epoch : 19
Train Loss     : 0.2921	 | 	Train Accuracy     : 0.9003
Valid Loss     : 1.1316	 | 	Valid Accuracy     : 0.6113

Epoch : 20
Train Loss     : 0.2848	 | 	Train Accuracy     : 0.9018
Valid Loss     : 1.1204	 | 	Valid Accuracy     : 0.6187

Epoch : 21
Train Loss     : 0.2814	 | 	Train Accuracy     : 0.9035
Valid Loss     : 1.1853	 | 	Valid Accuracy     : 0.6138

Epoch : 22
Train Loss     : 0.2755	 | 	Train Accuracy     : 0.9103
Valid Loss     : 1.1008	 | 	Valid Accuracy     : 0.6162

Epoch : 23
Train Loss     : 0.2685	 | 	Train Accuracy     : 0.9120
Valid Loss     : 1.0840	 | 	Valid Accuracy     : 0.6138

Epoch : 24
Train Loss     : 0.2693	 | 	Train Accuracy     : 0.9051
Valid Loss     : 1.0420	 | 	Valid Accuracy     : 0.6216

Epoch : 25
Train Loss     : 0.2540	 | 	Train Accuracy     : 0.9129
Valid Loss     : 0.9866	 | 	Valid Accuracy     : 0.6309

Epoch : 26
Train Loss     : 0.2605	 | 	Train Accuracy     : 0.9139
Valid Loss     : 0.9991	 | 	Valid Accuracy     : 0.6304

Epoch : 27
Train Loss     : 0.2520	 | 	Train Accuracy     : 0.9151
Valid Loss     : 1.0518	 | 	Valid Accuracy     : 0.6230

Epoch : 28
Train Loss     : 0.2596	 | 	Train Accuracy     : 0.9147
Valid Loss     : 1.0606	 | 	Valid Accuracy     : 0.6196

Epoch : 29
Train Loss     : 0.2552	 | 	Train Accuracy     : 0.9149
Valid Loss     : 1.0185	 | 	Valid Accuracy     : 0.6289

Epoch : 30
Train Loss     : 0.2560	 | 	Train Accuracy     : 0.9149
Valid Loss     : 1.1494	 | 	Valid Accuracy     : 0.6108

Evaluate on the Test set:
Test loss      :0.8572	 | Test Accuracy      : 0.6712 | Test AUPRC      : 0.5647
tensor([1., 1., 1., 1., 1., 1., 1., 1., 1., 1., 1., 1., 1., 1., 1., 1., 1., 1.,
        1., 1., 1., 1., 1., 1., 1., 1., 1., 1., 1., 1., 1., 1., 1., 1., 1., 1.,
        1., 1., 1., 1., 1., 1., 1., 1., 1., 1., 1., 1., 1., 1., 1., 1., 1., 1.,
        1., 1., 1., 1., 1., 1., 1., 1.], device='cuda:0',
       grad_fn=<SqueezeBackward1>)

################## Training is Done! #########################
Training time is : 0:01:41.067711
