=============================================
Dataset: SEED
Method:  TS-TCC
Mode:    supervised
=============================================
Data loaded ...
Subjet 12
if scale False
Training started ....

Epoch : 1
Train Loss     : 1.3033	 | 	Train Accuracy     : 0.4531
Valid Loss     : 1.1162	 | 	Valid Accuracy     : 0.5342

Epoch : 2
Train Loss     : 0.7995	 | 	Train Accuracy     : 0.6522
Valid Loss     : 0.9572	 | 	Valid Accuracy     : 0.5728

Epoch : 3
Train Loss     : 0.6010	 | 	Train Accuracy     : 0.7607
Valid Loss     : 0.8674	 | 	Valid Accuracy     : 0.6519

Epoch : 4
Train Loss     : 0.4855	 | 	Train Accuracy     : 0.8117
Valid Loss     : 0.9149	 | 	Valid Accuracy     : 0.6450

Epoch : 5
Train Loss     : 0.4124	 | 	Train Accuracy     : 0.8509
Valid Loss     : 1.0269	 | 	Valid Accuracy     : 0.6196

Epoch : 6
Train Loss     : 0.3428	 | 	Train Accuracy     : 0.8753
Valid Loss     : 0.9847	 | 	Valid Accuracy     : 0.6440

Epoch : 7
Train Loss     : 0.3130	 | 	Train Accuracy     : 0.8864
Valid Loss     : 1.1341	 | 	Valid Accuracy     : 0.6182

Epoch : 8
Train Loss     : 0.2940	 | 	Train Accuracy     : 0.8944
Valid Loss     : 1.1604	 | 	Valid Accuracy     : 0.6426

Epoch : 9
Train Loss     : 0.2566	 | 	Train Accuracy     : 0.9073
Valid Loss     : 0.9834	 | 	Valid Accuracy     : 0.6636

Epoch : 10
Train Loss     : 0.2132	 | 	Train Accuracy     : 0.9283
Valid Loss     : 1.0737	 | 	Valid Accuracy     : 0.6382

Epoch : 11
Train Loss     : 0.1892	 | 	Train Accuracy     : 0.9339
Valid Loss     : 1.1783	 | 	Valid Accuracy     : 0.6357

Epoch : 12
Train Loss     : 0.1819	 | 	Train Accuracy     : 0.9395
Valid Loss     : 1.2609	 | 	Valid Accuracy     : 0.6343

Epoch : 13
Train Loss     : 0.1627	 | 	Train Accuracy     : 0.9455
Valid Loss     : 1.1557	 | 	Valid Accuracy     : 0.6641

Epoch : 14
Train Loss     : 0.1575	 | 	Train Accuracy     : 0.9467
Valid Loss     : 1.1197	 | 	Valid Accuracy     : 0.6411

Epoch : 15
Train Loss     : 0.1177	 | 	Train Accuracy     : 0.9630
Valid Loss     : 1.1497	 | 	Valid Accuracy     : 0.6680

Epoch : 16
Train Loss     : 0.1088	 | 	Train Accuracy     : 0.9715
Valid Loss     : 1.1965	 | 	Valid Accuracy     : 0.6626

Epoch : 17
Train Loss     : 0.1001	 | 	Train Accuracy     : 0.9745
Valid Loss     : 1.1364	 | 	Valid Accuracy     : 0.6655

Epoch : 18
Train Loss     : 0.0994	 | 	Train Accuracy     : 0.9738
Valid Loss     : 1.1607	 | 	Valid Accuracy     : 0.6606

Epoch : 19
Train Loss     : 0.0970	 | 	Train Accuracy     : 0.9750
Valid Loss     : 1.1437	 | 	Valid Accuracy     : 0.6650

Epoch : 20
Train Loss     : 0.0944	 | 	Train Accuracy     : 0.9764
Valid Loss     : 1.1630	 | 	Valid Accuracy     : 0.6631

Epoch : 21
Train Loss     : 0.0916	 | 	Train Accuracy     : 0.9774
Valid Loss     : 1.1844	 | 	Valid Accuracy     : 0.6597

Epoch : 22
Train Loss     : 0.0915	 | 	Train Accuracy     : 0.9772
Valid Loss     : 1.1724	 | 	Valid Accuracy     : 0.6660

Epoch : 23
Train Loss     : 0.0906	 | 	Train Accuracy     : 0.9794
Valid Loss     : 1.1899	 | 	Valid Accuracy     : 0.6631

Epoch : 24
Train Loss     : 0.0847	 | 	Train Accuracy     : 0.9818
Valid Loss     : 1.2103	 | 	Valid Accuracy     : 0.6567

Epoch : 25
Train Loss     : 0.0847	 | 	Train Accuracy     : 0.9793
Valid Loss     : 1.1703	 | 	Valid Accuracy     : 0.6641

Epoch : 26
Train Loss     : 0.0799	 | 	Train Accuracy     : 0.9811
Valid Loss     : 1.1828	 | 	Valid Accuracy     : 0.6626

Epoch : 27
Train Loss     : 0.0787	 | 	Train Accuracy     : 0.9820
Valid Loss     : 1.1875	 | 	Valid Accuracy     : 0.6675

Epoch : 28
Train Loss     : 0.0823	 | 	Train Accuracy     : 0.9834
Valid Loss     : 1.1712	 | 	Valid Accuracy     : 0.6675

Epoch : 29
Train Loss     : 0.0794	 | 	Train Accuracy     : 0.9811
Valid Loss     : 1.1689	 | 	Valid Accuracy     : 0.6626

Epoch : 30
Train Loss     : 0.0774	 | 	Train Accuracy     : 0.9828
Valid Loss     : 1.1906	 | 	Valid Accuracy     : 0.6597

Evaluate on the Test set:
Test loss      :1.1291	 | Test Accuracy      : 0.6388 | Test AUPRC      : 0.4585
tensor([1., 1., 1., 1., 1., 1., 1., 1., 1., 1., 1., 1., 1., 1., 1., 1., 1., 1.,
        1., 1., 1., 1., 1., 1., 1., 1., 1., 1., 1., 1., 1., 1., 1., 1., 1., 1.,
        1., 1., 1., 1., 1., 1., 1., 1., 1., 1., 1., 1., 1., 1., 1., 1., 1., 1.,
        1., 1., 1., 1., 1., 1., 1., 1.], device='cuda:0',
       grad_fn=<SqueezeBackward1>)

################## Training is Done! #########################
Training time is : 0:01:36.613558
