=============================================
Dataset: SEED
Method:  TS-TCC
Mode:    supervised
=============================================
Data loaded ...
Subjet 7
if scale True
Training started ....

Epoch : 1
Train Loss     : 1.6849	 | 	Train Accuracy     : 0.3787
Valid Loss     : 2.2251	 | 	Valid Accuracy     : 0.3425

Epoch : 2
Train Loss     : 1.0218	 | 	Train Accuracy     : 0.5237
Valid Loss     : 2.3309	 | 	Valid Accuracy     : 0.5590

Epoch : 3
Train Loss     : 0.6717	 | 	Train Accuracy     : 0.7244
Valid Loss     : 1.8963	 | 	Valid Accuracy     : 0.5839

Epoch : 4
Train Loss     : 0.4604	 | 	Train Accuracy     : 0.8453
Valid Loss     : 1.3350	 | 	Valid Accuracy     : 0.5794

Epoch : 5
Train Loss     : 0.3703	 | 	Train Accuracy     : 0.8755
Valid Loss     : 1.1410	 | 	Valid Accuracy     : 0.6159

Epoch : 6
Train Loss     : 0.3139	 | 	Train Accuracy     : 0.8971
Valid Loss     : 0.8310	 | 	Valid Accuracy     : 0.6739

Epoch : 7
Train Loss     : 0.2746	 | 	Train Accuracy     : 0.9063
Valid Loss     : 0.7770	 | 	Valid Accuracy     : 0.6999

Epoch : 8
Train Loss     : 0.2528	 | 	Train Accuracy     : 0.9109
Valid Loss     : 0.7115	 | 	Valid Accuracy     : 0.7547

Epoch : 9
Train Loss     : 0.2443	 | 	Train Accuracy     : 0.9105
Valid Loss     : 0.6192	 | 	Valid Accuracy     : 0.7879

Epoch : 10
Train Loss     : 0.2176	 | 	Train Accuracy     : 0.9242
Valid Loss     : 0.7311	 | 	Valid Accuracy     : 0.7544

Epoch : 11
Train Loss     : 0.2083	 | 	Train Accuracy     : 0.9230
Valid Loss     : 0.6171	 | 	Valid Accuracy     : 0.7774

Epoch : 12
Train Loss     : 0.1999	 | 	Train Accuracy     : 0.9256
Valid Loss     : 0.6600	 | 	Valid Accuracy     : 0.7745

Epoch : 13
Train Loss     : 0.1890	 | 	Train Accuracy     : 0.9277
Valid Loss     : 0.6353	 | 	Valid Accuracy     : 0.7789

Epoch : 14
Train Loss     : 0.1609	 | 	Train Accuracy     : 0.9472
Valid Loss     : 0.6631	 | 	Valid Accuracy     : 0.7785

Epoch : 15
Train Loss     : 0.1561	 | 	Train Accuracy     : 0.9383
Valid Loss     : 0.6038	 | 	Valid Accuracy     : 0.8104

Epoch : 16
Train Loss     : 0.1401	 | 	Train Accuracy     : 0.9572
Valid Loss     : 0.6368	 | 	Valid Accuracy     : 0.8051

Epoch : 17
Train Loss     : 0.1384	 | 	Train Accuracy     : 0.9533
Valid Loss     : 0.7510	 | 	Valid Accuracy     : 0.7994

Epoch : 18
Train Loss     : 0.1377	 | 	Train Accuracy     : 0.9559
Valid Loss     : 0.6790	 | 	Valid Accuracy     : 0.8034

Epoch : 19
Train Loss     : 0.1249	 | 	Train Accuracy     : 0.9632
Valid Loss     : 0.6885	 | 	Valid Accuracy     : 0.7816

Epoch : 20
Train Loss     : 0.1174	 | 	Train Accuracy     : 0.9675
Valid Loss     : 0.6940	 | 	Valid Accuracy     : 0.7986

Epoch : 21
Train Loss     : 0.1090	 | 	Train Accuracy     : 0.9694
Valid Loss     : 0.8581	 | 	Valid Accuracy     : 0.7549

Epoch : 22
Train Loss     : 0.0993	 | 	Train Accuracy     : 0.9747
Valid Loss     : 0.7059	 | 	Valid Accuracy     : 0.7962

Epoch : 23
Train Loss     : 0.1078	 | 	Train Accuracy     : 0.9607
Valid Loss     : 0.6788	 | 	Valid Accuracy     : 0.7894

Epoch : 24
Train Loss     : 0.0918	 | 	Train Accuracy     : 0.9697
Valid Loss     : 0.6649	 | 	Valid Accuracy     : 0.7984

Epoch : 25
Train Loss     : 0.0779	 | 	Train Accuracy     : 0.9800
Valid Loss     : 0.6861	 | 	Valid Accuracy     : 0.8050

Epoch : 26
Train Loss     : 0.0761	 | 	Train Accuracy     : 0.9793
Valid Loss     : 0.6478	 | 	Valid Accuracy     : 0.7990

Epoch : 27
Train Loss     : 0.0640	 | 	Train Accuracy     : 0.9875
Valid Loss     : 0.6760	 | 	Valid Accuracy     : 0.7917

Epoch : 28
Train Loss     : 0.0585	 | 	Train Accuracy     : 0.9904
Valid Loss     : 0.7099	 | 	Valid Accuracy     : 0.7924

Epoch : 29
Train Loss     : 0.0564	 | 	Train Accuracy     : 0.9940
Valid Loss     : 0.6999	 | 	Valid Accuracy     : 0.7934

Epoch : 30
Train Loss     : 0.0539	 | 	Train Accuracy     : 0.9918
Valid Loss     : 0.7001	 | 	Valid Accuracy     : 0.7890

Evaluate on the Test set:
Test loss      :1.0893	 | Test Accuracy      : 0.6628 | Test AUPRC      : 0.6793
tensor([0.8591, 0.8145, 0.9523, 0.8600, 0.9465, 0.9228, 1.0006, 0.8843, 0.8123,
        0.8460, 0.7932, 0.8306, 0.9306, 0.8530, 0.9297, 0.8074, 0.8490, 0.8243,
        0.7871, 0.8171, 0.8362, 0.8419, 0.9093, 1.0859, 0.8422, 0.8170, 0.8338,
        0.8392, 0.7980, 0.8316, 0.8177, 0.8162, 0.7951, 0.8086, 0.8484, 0.8151,
        0.8217, 0.7979, 0.8298, 0.7938, 0.8836, 0.8533, 0.8108, 0.8069, 0.8057,
        0.7736, 0.9063, 0.8055, 0.8448, 0.8070, 0.8148, 0.7781, 0.8709, 0.8057,
        0.7977, 0.7880, 0.8268, 0.8316, 0.8194, 0.7958, 0.8023, 0.8457],
       device='cuda:0', grad_fn=<SqueezeBackward1>)

################## Training is Done! #########################
Training time is : 0:02:20.197087
