=============================================
Dataset: SEED
Method:  TS-TCC
Mode:    supervised
=============================================
Data loaded ...
Subjet 15
if scale False
Training started ....

Epoch : 1
Train Loss     : 0.7055	 | 	Train Accuracy     : 0.6955
Valid Loss     : 0.9058	 | 	Valid Accuracy     : 0.6968

Epoch : 2
Train Loss     : 0.2161	 | 	Train Accuracy     : 0.9304
Valid Loss     : 0.8869	 | 	Valid Accuracy     : 0.8286

Epoch : 3
Train Loss     : 0.1311	 | 	Train Accuracy     : 0.9584
Valid Loss     : 0.9885	 | 	Valid Accuracy     : 0.8701

Epoch : 4
Train Loss     : 0.0818	 | 	Train Accuracy     : 0.9764
Valid Loss     : 0.7123	 | 	Valid Accuracy     : 0.8994

Epoch : 5
Train Loss     : 0.0674	 | 	Train Accuracy     : 0.9786
Valid Loss     : 0.7038	 | 	Valid Accuracy     : 0.8896

Epoch : 6
Train Loss     : 0.0513	 | 	Train Accuracy     : 0.9864
Valid Loss     : 0.9101	 | 	Valid Accuracy     : 0.9277

Epoch : 7
Train Loss     : 0.0478	 | 	Train Accuracy     : 0.9868
Valid Loss     : 2.4406	 | 	Valid Accuracy     : 0.8896

Epoch : 8
Train Loss     : 0.0435	 | 	Train Accuracy     : 0.9876
Valid Loss     : 2.7634	 | 	Valid Accuracy     : 0.9087

Epoch : 9
Train Loss     : 0.0332	 | 	Train Accuracy     : 0.9918
Valid Loss     : 1.5514	 | 	Valid Accuracy     : 0.9136

Epoch : 10
Train Loss     : 0.0249	 | 	Train Accuracy     : 0.9947
Valid Loss     : 3.7788	 | 	Valid Accuracy     : 0.9033

Epoch : 11
Train Loss     : 0.0261	 | 	Train Accuracy     : 0.9941
Valid Loss     : 4.4012	 | 	Valid Accuracy     : 0.9014

Epoch : 12
Train Loss     : 0.0270	 | 	Train Accuracy     : 0.9929
Valid Loss     : 2.0647	 | 	Valid Accuracy     : 0.8716

Epoch : 13
Train Loss     : 0.0339	 | 	Train Accuracy     : 0.9893
Valid Loss     : 2.0468	 | 	Valid Accuracy     : 0.9258

Epoch : 14
Train Loss     : 0.0255	 | 	Train Accuracy     : 0.9932
Valid Loss     : 1.0655	 | 	Valid Accuracy     : 0.9512

Epoch : 15
Train Loss     : 0.0200	 | 	Train Accuracy     : 0.9941
Valid Loss     : 1.9717	 | 	Valid Accuracy     : 0.9014

Epoch : 16
Train Loss     : 0.0188	 | 	Train Accuracy     : 0.9964
Valid Loss     : 0.1303	 | 	Valid Accuracy     : 0.9678

Epoch : 17
Train Loss     : 0.0231	 | 	Train Accuracy     : 0.9935
Valid Loss     : 0.0656	 | 	Valid Accuracy     : 0.9780

Epoch : 18
Train Loss     : 0.0215	 | 	Train Accuracy     : 0.9939
Valid Loss     : 0.5817	 | 	Valid Accuracy     : 0.9419

Epoch : 19
Train Loss     : 0.0245	 | 	Train Accuracy     : 0.9942
Valid Loss     : 3.1274	 | 	Valid Accuracy     : 0.9385

Epoch : 20
Train Loss     : 0.0183	 | 	Train Accuracy     : 0.9949
Valid Loss     : 3.3260	 | 	Valid Accuracy     : 0.9404

Epoch : 21
Train Loss     : 0.0181	 | 	Train Accuracy     : 0.9958
Valid Loss     : 1.5675	 | 	Valid Accuracy     : 0.9351

Epoch : 22
Train Loss     : 0.0228	 | 	Train Accuracy     : 0.9939
Valid Loss     : 0.0991	 | 	Valid Accuracy     : 0.9697

Epoch : 23
Train Loss     : 0.0198	 | 	Train Accuracy     : 0.9946
Valid Loss     : 0.0276	 | 	Valid Accuracy     : 0.9897

Epoch : 24
Train Loss     : 0.0179	 | 	Train Accuracy     : 0.9961
Valid Loss     : 0.0228	 | 	Valid Accuracy     : 0.9927

Epoch : 25
Train Loss     : 0.0138	 | 	Train Accuracy     : 0.9968
Valid Loss     : 0.0283	 | 	Valid Accuracy     : 0.9907

Epoch : 26
Train Loss     : 0.0166	 | 	Train Accuracy     : 0.9958
Valid Loss     : 0.0528	 | 	Valid Accuracy     : 0.9824

Epoch : 27
Train Loss     : 0.0160	 | 	Train Accuracy     : 0.9961
Valid Loss     : 0.0708	 | 	Valid Accuracy     : 0.9785

Epoch : 28
Train Loss     : 0.0168	 | 	Train Accuracy     : 0.9958
Valid Loss     : 0.1107	 | 	Valid Accuracy     : 0.9731

Epoch : 29
Train Loss     : 0.0158	 | 	Train Accuracy     : 0.9968
Valid Loss     : 0.0655	 | 	Valid Accuracy     : 0.9829

Epoch : 30
Train Loss     : 0.0447	 | 	Train Accuracy     : 0.9849
Valid Loss     : 0.0552	 | 	Valid Accuracy     : 0.9795

Evaluate on the Test set:
Test loss      :0.4019	 | Test Accuracy      : 0.8783 | Test AUPRC      : 0.6311
tensor([1., 1., 1., 1., 1., 1., 1., 1., 1., 1., 1., 1., 1., 1., 1., 1., 1., 1.,
        1., 1., 1., 1., 1., 1., 1., 1., 1., 1., 1., 1., 1., 1., 1., 1., 1., 1.,
        1., 1., 1., 1., 1., 1., 1., 1., 1., 1., 1., 1., 1., 1., 1., 1., 1., 1.,
        1., 1., 1., 1., 1., 1., 1., 1.], device='cuda:0',
       grad_fn=<SqueezeBackward1>)

################## Training is Done! #########################
Training time is : 0:01:33.434457
