=============================================
Dataset: SEED
Method:  TS-TCC
Mode:    supervised
=============================================
Data loaded ...
Subjet 4
if scale True
Training started ....

Epoch : 1
Train Loss     : 1.5160	 | 	Train Accuracy     : 0.3837
Valid Loss     : 1.2976	 | 	Valid Accuracy     : 0.3692

Epoch : 2
Train Loss     : 0.9342	 | 	Train Accuracy     : 0.5739
Valid Loss     : 1.1138	 | 	Valid Accuracy     : 0.5244

Epoch : 3
Train Loss     : 0.7265	 | 	Train Accuracy     : 0.7137
Valid Loss     : 1.1968	 | 	Valid Accuracy     : 0.5018

Epoch : 4
Train Loss     : 0.5981	 | 	Train Accuracy     : 0.7602
Valid Loss     : 1.2068	 | 	Valid Accuracy     : 0.4992

Epoch : 5
Train Loss     : 0.5447	 | 	Train Accuracy     : 0.7867
Valid Loss     : 1.2080	 | 	Valid Accuracy     : 0.5097

Epoch : 6
Train Loss     : 0.5084	 | 	Train Accuracy     : 0.7973
Valid Loss     : 1.1834	 | 	Valid Accuracy     : 0.4939

Epoch : 7
Train Loss     : 0.4856	 | 	Train Accuracy     : 0.8003
Valid Loss     : 1.1354	 | 	Valid Accuracy     : 0.5163

Epoch : 8
Train Loss     : 0.4774	 | 	Train Accuracy     : 0.8120
Valid Loss     : 1.1057	 | 	Valid Accuracy     : 0.5182

Epoch : 9
Train Loss     : 0.4380	 | 	Train Accuracy     : 0.8265
Valid Loss     : 0.9907	 | 	Valid Accuracy     : 0.5762

Epoch : 10
Train Loss     : 0.4078	 | 	Train Accuracy     : 0.8493
Valid Loss     : 1.1319	 | 	Valid Accuracy     : 0.5408

Epoch : 11
Train Loss     : 0.3831	 | 	Train Accuracy     : 0.8566
Valid Loss     : 1.1893	 | 	Valid Accuracy     : 0.5342

Epoch : 12
Train Loss     : 0.3381	 | 	Train Accuracy     : 0.8751
Valid Loss     : 1.1385	 | 	Valid Accuracy     : 0.5432

Epoch : 13
Train Loss     : 0.3150	 | 	Train Accuracy     : 0.8875
Valid Loss     : 1.0806	 | 	Valid Accuracy     : 0.5552

Epoch : 14
Train Loss     : 0.2944	 | 	Train Accuracy     : 0.8979
Valid Loss     : 1.2138	 | 	Valid Accuracy     : 0.5538

Epoch : 15
Train Loss     : 0.3035	 | 	Train Accuracy     : 0.8930
Valid Loss     : 1.1992	 | 	Valid Accuracy     : 0.5666

Epoch : 16
Train Loss     : 0.2833	 | 	Train Accuracy     : 0.8897
Valid Loss     : 1.0923	 | 	Valid Accuracy     : 0.5931

Epoch : 17
Train Loss     : 0.2806	 | 	Train Accuracy     : 0.9066
Valid Loss     : 1.2852	 | 	Valid Accuracy     : 0.5669

Epoch : 18
Train Loss     : 0.2611	 | 	Train Accuracy     : 0.9074
Valid Loss     : 1.2936	 | 	Valid Accuracy     : 0.5541

Epoch : 19
Train Loss     : 0.2331	 | 	Train Accuracy     : 0.9215
Valid Loss     : 1.1071	 | 	Valid Accuracy     : 0.6185

Epoch : 20
Train Loss     : 0.2300	 | 	Train Accuracy     : 0.9201
Valid Loss     : 1.0211	 | 	Valid Accuracy     : 0.6087

Epoch : 21
Train Loss     : 0.1797	 | 	Train Accuracy     : 0.9508
Valid Loss     : 0.9784	 | 	Valid Accuracy     : 0.6329

Epoch : 22
Train Loss     : 0.1744	 | 	Train Accuracy     : 0.9525
Valid Loss     : 0.9938	 | 	Valid Accuracy     : 0.6209

Epoch : 23
Train Loss     : 0.1695	 | 	Train Accuracy     : 0.9550
Valid Loss     : 0.9994	 | 	Valid Accuracy     : 0.6261

Epoch : 24
Train Loss     : 0.1678	 | 	Train Accuracy     : 0.9571
Valid Loss     : 1.0151	 | 	Valid Accuracy     : 0.6302

Epoch : 25
Train Loss     : 0.1610	 | 	Train Accuracy     : 0.9608
Valid Loss     : 1.0183	 | 	Valid Accuracy     : 0.6053

Epoch : 26
Train Loss     : 0.1619	 | 	Train Accuracy     : 0.9584
Valid Loss     : 1.0118	 | 	Valid Accuracy     : 0.6282

Epoch : 27
Train Loss     : 0.1571	 | 	Train Accuracy     : 0.9613
Valid Loss     : 1.0273	 | 	Valid Accuracy     : 0.6247

Epoch : 28
Train Loss     : 0.1556	 | 	Train Accuracy     : 0.9635
Valid Loss     : 1.0260	 | 	Valid Accuracy     : 0.6279

Epoch : 29
Train Loss     : 0.1485	 | 	Train Accuracy     : 0.9667
Valid Loss     : 1.0166	 | 	Valid Accuracy     : 0.6354

Epoch : 30
Train Loss     : 0.1514	 | 	Train Accuracy     : 0.9657
Valid Loss     : 1.0078	 | 	Valid Accuracy     : 0.6335

Evaluate on the Test set:
Test loss      :1.0793	 | Test Accuracy      : 0.6334 | Test AUPRC      : 0.6443
tensor([0.9265, 0.8188, 0.8420, 0.7518, 0.8447, 0.8796, 0.9210, 0.7899, 0.7563,
        0.8201, 0.7922, 0.7725, 0.9251, 0.8834, 0.8077, 0.8477, 0.8609, 0.7832,
        0.7436, 0.7817, 0.8387, 0.7626, 0.9779, 1.0299, 0.8900, 0.7740, 0.8325,
        0.8325, 0.8044, 0.8095, 0.7862, 0.9974, 0.8987, 0.8517, 0.7715, 0.7883,
        0.8316, 0.8459, 0.8513, 0.7830, 0.8252, 0.8992, 0.8745, 0.7772, 0.7752,
        0.8037, 0.8216, 0.7668, 0.8697, 0.7539, 0.7415, 0.8281, 0.8063, 0.7621,
        0.9333, 0.8917, 0.9411, 0.7772, 0.7519, 0.8037, 0.7939, 0.7450],
       device='cuda:0', grad_fn=<SqueezeBackward1>)

################## Training is Done! #########################
Training time is : 0:02:54.221812
