=============================================
Dataset: SEED
Method:  TS-TCC
Mode:    supervised
=============================================
Data loaded ...
Subjet 6
if scale True
Training started ....

Epoch : 1
Train Loss     : 1.1750	 | 	Train Accuracy     : 0.4911
Valid Loss     : 0.7187	 | 	Valid Accuracy     : 0.6485

Epoch : 2
Train Loss     : 0.6458	 | 	Train Accuracy     : 0.6827
Valid Loss     : 0.7144	 | 	Valid Accuracy     : 0.7170

Epoch : 3
Train Loss     : 0.5402	 | 	Train Accuracy     : 0.7610
Valid Loss     : 0.6792	 | 	Valid Accuracy     : 0.7289

Epoch : 4
Train Loss     : 0.4386	 | 	Train Accuracy     : 0.8253
Valid Loss     : 0.5839	 | 	Valid Accuracy     : 0.7696

Epoch : 5
Train Loss     : 0.3390	 | 	Train Accuracy     : 0.8738
Valid Loss     : 0.6014	 | 	Valid Accuracy     : 0.8020

Epoch : 6
Train Loss     : 0.2796	 | 	Train Accuracy     : 0.8970
Valid Loss     : 0.5675	 | 	Valid Accuracy     : 0.7912

Epoch : 7
Train Loss     : 0.2603	 | 	Train Accuracy     : 0.9040
Valid Loss     : 0.6130	 | 	Valid Accuracy     : 0.7839

Epoch : 8
Train Loss     : 0.2413	 | 	Train Accuracy     : 0.9129
Valid Loss     : 0.6236	 | 	Valid Accuracy     : 0.8100

Epoch : 9
Train Loss     : 0.2482	 | 	Train Accuracy     : 0.9016
Valid Loss     : 0.7865	 | 	Valid Accuracy     : 0.7773

Epoch : 10
Train Loss     : 0.2391	 | 	Train Accuracy     : 0.9053
Valid Loss     : 0.9851	 | 	Valid Accuracy     : 0.7339

Epoch : 11
Train Loss     : 0.2257	 | 	Train Accuracy     : 0.9164
Valid Loss     : 0.6630	 | 	Valid Accuracy     : 0.7855

Epoch : 12
Train Loss     : 0.1905	 | 	Train Accuracy     : 0.9311
Valid Loss     : 0.8874	 | 	Valid Accuracy     : 0.7343

Epoch : 13
Train Loss     : 0.1825	 | 	Train Accuracy     : 0.9320
Valid Loss     : 0.7929	 | 	Valid Accuracy     : 0.7781

Epoch : 14
Train Loss     : 0.1669	 | 	Train Accuracy     : 0.9421
Valid Loss     : 0.8728	 | 	Valid Accuracy     : 0.7424

Epoch : 15
Train Loss     : 0.1438	 | 	Train Accuracy     : 0.9540
Valid Loss     : 0.9468	 | 	Valid Accuracy     : 0.7464

Epoch : 16
Train Loss     : 0.1415	 | 	Train Accuracy     : 0.9505
Valid Loss     : 0.9227	 | 	Valid Accuracy     : 0.7448

Epoch : 17
Train Loss     : 0.1633	 | 	Train Accuracy     : 0.9388
Valid Loss     : 0.9460	 | 	Valid Accuracy     : 0.7627

Epoch : 18
Train Loss     : 0.1227	 | 	Train Accuracy     : 0.9562
Valid Loss     : 0.8475	 | 	Valid Accuracy     : 0.7671

Epoch : 19
Train Loss     : 0.1117	 | 	Train Accuracy     : 0.9642
Valid Loss     : 0.7935	 | 	Valid Accuracy     : 0.7786

Epoch : 20
Train Loss     : 0.1101	 | 	Train Accuracy     : 0.9647
Valid Loss     : 0.8693	 | 	Valid Accuracy     : 0.7668

Epoch : 21
Train Loss     : 0.1077	 | 	Train Accuracy     : 0.9694
Valid Loss     : 0.8010	 | 	Valid Accuracy     : 0.7728

Epoch : 22
Train Loss     : 0.1032	 | 	Train Accuracy     : 0.9680
Valid Loss     : 0.8391	 | 	Valid Accuracy     : 0.7695

Epoch : 23
Train Loss     : 0.0996	 | 	Train Accuracy     : 0.9710
Valid Loss     : 0.8234	 | 	Valid Accuracy     : 0.7672

Epoch : 24
Train Loss     : 0.0963	 | 	Train Accuracy     : 0.9710
Valid Loss     : 0.8502	 | 	Valid Accuracy     : 0.7669

Epoch : 25
Train Loss     : 0.0893	 | 	Train Accuracy     : 0.9780
Valid Loss     : 0.8277	 | 	Valid Accuracy     : 0.7703

Epoch : 26
Train Loss     : 0.0930	 | 	Train Accuracy     : 0.9725
Valid Loss     : 0.8895	 | 	Valid Accuracy     : 0.7578

Epoch : 27
Train Loss     : 0.0899	 | 	Train Accuracy     : 0.9755
Valid Loss     : 0.8190	 | 	Valid Accuracy     : 0.7708

Epoch : 28
Train Loss     : 0.0954	 | 	Train Accuracy     : 0.9712
Valid Loss     : 0.8701	 | 	Valid Accuracy     : 0.7698

Epoch : 29
Train Loss     : 0.0882	 | 	Train Accuracy     : 0.9760
Valid Loss     : 0.8275	 | 	Valid Accuracy     : 0.7692

Epoch : 30
Train Loss     : 0.0850	 | 	Train Accuracy     : 0.9739
Valid Loss     : 0.8964	 | 	Valid Accuracy     : 0.7649

Evaluate on the Test set:
Test loss      :1.3315	 | Test Accuracy      : 0.7047 | Test AUPRC      : 0.7261
tensor([0.9935, 0.8243, 0.7894, 0.7716, 0.7009, 0.9537, 0.8827, 0.9249, 0.7699,
        0.7369, 0.7345, 0.7936, 0.7593, 0.8839, 0.9191, 0.8406, 0.8061, 0.7580,
        0.7574, 0.7623, 0.7451, 0.8250, 0.9198, 0.8982, 0.7524, 0.7908, 0.7820,
        0.7748, 0.7651, 0.7510, 0.7589, 0.9828, 0.8668, 0.7879, 0.7792, 0.7445,
        0.8101, 0.8358, 0.7450, 0.7450, 0.8258, 0.8599, 0.7701, 0.7324, 0.8968,
        0.7408, 0.7745, 0.8174, 0.7439, 0.7572, 0.8526, 0.7759, 0.7992, 0.7376,
        0.7247, 0.7935, 0.7821, 0.8170, 0.7559, 0.8249, 0.8014, 0.7335],
       device='cuda:0', grad_fn=<SqueezeBackward1>)

################## Training is Done! #########################
Training time is : 0:02:03.253839
