=============================================
Dataset: SEED
Method:  TS-TCC
Mode:    supervised
=============================================
Data loaded ...
Subjet 5
if scale True
Training started ....

Epoch : 1
Train Loss     : 1.3035	 | 	Train Accuracy     : 0.4586
Valid Loss     : 1.4487	 | 	Valid Accuracy     : 0.4169

Epoch : 2
Train Loss     : 0.7756	 | 	Train Accuracy     : 0.6312
Valid Loss     : 1.7007	 | 	Valid Accuracy     : 0.3645

Epoch : 3
Train Loss     : 0.6011	 | 	Train Accuracy     : 0.7485
Valid Loss     : 2.3414	 | 	Valid Accuracy     : 0.3705

Epoch : 4
Train Loss     : 0.5084	 | 	Train Accuracy     : 0.7712
Valid Loss     : 2.6332	 | 	Valid Accuracy     : 0.3885

Epoch : 5
Train Loss     : 0.4527	 | 	Train Accuracy     : 0.7950
Valid Loss     : 2.8816	 | 	Valid Accuracy     : 0.3905

Epoch : 6
Train Loss     : 0.3886	 | 	Train Accuracy     : 0.8322
Valid Loss     : 3.4178	 | 	Valid Accuracy     : 0.4175

Epoch : 7
Train Loss     : 0.3423	 | 	Train Accuracy     : 0.8509
Valid Loss     : 3.9929	 | 	Valid Accuracy     : 0.4500

Epoch : 8
Train Loss     : 0.2955	 | 	Train Accuracy     : 0.8826
Valid Loss     : 4.3052	 | 	Valid Accuracy     : 0.4522

Epoch : 9
Train Loss     : 0.2621	 | 	Train Accuracy     : 0.9085
Valid Loss     : 4.5974	 | 	Valid Accuracy     : 0.4704

Epoch : 10
Train Loss     : 0.2326	 | 	Train Accuracy     : 0.9186
Valid Loss     : 4.9624	 | 	Valid Accuracy     : 0.4480

Epoch : 11
Train Loss     : 0.2160	 | 	Train Accuracy     : 0.9270
Valid Loss     : 5.1900	 | 	Valid Accuracy     : 0.4752

Epoch : 12
Train Loss     : 0.1925	 | 	Train Accuracy     : 0.9239
Valid Loss     : 5.9646	 | 	Valid Accuracy     : 0.4744

Epoch : 13
Train Loss     : 0.1583	 | 	Train Accuracy     : 0.9476
Valid Loss     : 6.1128	 | 	Valid Accuracy     : 0.4610

Epoch : 14
Train Loss     : 0.1277	 | 	Train Accuracy     : 0.9734
Valid Loss     : 5.9522	 | 	Valid Accuracy     : 0.4605

Epoch : 15
Train Loss     : 0.1240	 | 	Train Accuracy     : 0.9710
Valid Loss     : 6.1774	 | 	Valid Accuracy     : 0.4532

Epoch : 16
Train Loss     : 0.1161	 | 	Train Accuracy     : 0.9755
Valid Loss     : 6.1456	 | 	Valid Accuracy     : 0.4702

Epoch : 17
Train Loss     : 0.1128	 | 	Train Accuracy     : 0.9783
Valid Loss     : 6.2992	 | 	Valid Accuracy     : 0.4742

Epoch : 18
Train Loss     : 0.1107	 | 	Train Accuracy     : 0.9761
Valid Loss     : 6.3816	 | 	Valid Accuracy     : 0.4665

Epoch : 19
Train Loss     : 0.1096	 | 	Train Accuracy     : 0.9765
Valid Loss     : 6.3617	 | 	Valid Accuracy     : 0.4670

Epoch : 20
Train Loss     : 0.1084	 | 	Train Accuracy     : 0.9743
Valid Loss     : 6.4883	 | 	Valid Accuracy     : 0.4644

Epoch : 21
Train Loss     : 0.1015	 | 	Train Accuracy     : 0.9840
Valid Loss     : 6.5221	 | 	Valid Accuracy     : 0.4566

Epoch : 22
Train Loss     : 0.1015	 | 	Train Accuracy     : 0.9813
Valid Loss     : 6.5163	 | 	Valid Accuracy     : 0.4653

Epoch : 23
Train Loss     : 0.0992	 | 	Train Accuracy     : 0.9821
Valid Loss     : 6.4967	 | 	Valid Accuracy     : 0.4640

Epoch : 24
Train Loss     : 0.0975	 | 	Train Accuracy     : 0.9835
Valid Loss     : 6.5239	 | 	Valid Accuracy     : 0.4582

Epoch : 25
Train Loss     : 0.0963	 | 	Train Accuracy     : 0.9856
Valid Loss     : 6.5309	 | 	Valid Accuracy     : 0.4611

Epoch : 26
Train Loss     : 0.0955	 | 	Train Accuracy     : 0.9837
Valid Loss     : 6.6817	 | 	Valid Accuracy     : 0.4526

Epoch : 27
Train Loss     : 0.0961	 | 	Train Accuracy     : 0.9814
Valid Loss     : 6.5865	 | 	Valid Accuracy     : 0.4627

Epoch : 28
Train Loss     : 0.0952	 | 	Train Accuracy     : 0.9835
Valid Loss     : 6.5747	 | 	Valid Accuracy     : 0.4635

Epoch : 29
Train Loss     : 0.0963	 | 	Train Accuracy     : 0.9847
Valid Loss     : 6.4951	 | 	Valid Accuracy     : 0.4574

Epoch : 30
Train Loss     : 0.0904	 | 	Train Accuracy     : 0.9880
Valid Loss     : 6.6469	 | 	Valid Accuracy     : 0.4574

Evaluate on the Test set:
Test loss      :5.1782	 | Test Accuracy      : 0.4662 | Test AUPRC      : 0.4386
tensor([0.9443, 0.9286, 0.9328, 0.9169, 0.9148, 0.9869, 0.9580, 0.9202, 0.9387,
        0.9109, 0.9333, 0.9150, 0.9224, 0.9569, 0.9547, 0.9175, 0.9562, 0.9226,
        0.9154, 0.9293, 0.9498, 0.9306, 0.9451, 0.9716, 0.9133, 0.9175, 0.9610,
        0.9412, 0.9286, 0.9388, 0.9575, 1.0117, 0.9336, 0.9379, 0.9456, 0.9349,
        0.9388, 0.9201, 0.9541, 0.9184, 0.9857, 1.0007, 0.9328, 0.9278, 0.9417,
        0.9300, 0.9326, 0.9278, 0.9219, 0.9703, 0.9338, 0.9318, 0.9389, 0.9248,
        0.9311, 0.9474, 0.9556, 0.9421, 0.9425, 0.9374, 0.9380, 0.9375],
       device='cuda:0', grad_fn=<SqueezeBackward1>)

################## Training is Done! #########################
Training time is : 0:01:53.131970
