=============================================
Dataset: SEED
Method:  TS-TCC
Mode:    supervised
=============================================
Data loaded ...
Subjet 7
if scale True
Training started ....

Epoch : 1
Train Loss     : 1.7356	 | 	Train Accuracy     : 0.3595
Valid Loss     : 1.5594	 | 	Valid Accuracy     : 0.3620

Epoch : 2
Train Loss     : 1.1917	 | 	Train Accuracy     : 0.4934
Valid Loss     : 1.6261	 | 	Valid Accuracy     : 0.5229

Epoch : 3
Train Loss     : 0.9634	 | 	Train Accuracy     : 0.5809
Valid Loss     : 1.7664	 | 	Valid Accuracy     : 0.4971

Epoch : 4
Train Loss     : 0.6598	 | 	Train Accuracy     : 0.7318
Valid Loss     : 1.0871	 | 	Valid Accuracy     : 0.5672

Epoch : 5
Train Loss     : 0.5111	 | 	Train Accuracy     : 0.8184
Valid Loss     : 1.0050	 | 	Valid Accuracy     : 0.6324

Epoch : 6
Train Loss     : 0.4134	 | 	Train Accuracy     : 0.8509
Valid Loss     : 0.8284	 | 	Valid Accuracy     : 0.6603

Epoch : 7
Train Loss     : 0.3490	 | 	Train Accuracy     : 0.8853
Valid Loss     : 0.8110	 | 	Valid Accuracy     : 0.6331

Epoch : 8
Train Loss     : 0.3085	 | 	Train Accuracy     : 0.8955
Valid Loss     : 0.8079	 | 	Valid Accuracy     : 0.6574

Epoch : 9
Train Loss     : 0.2763	 | 	Train Accuracy     : 0.9104
Valid Loss     : 0.8374	 | 	Valid Accuracy     : 0.6454

Epoch : 10
Train Loss     : 0.2627	 | 	Train Accuracy     : 0.9110
Valid Loss     : 0.9301	 | 	Valid Accuracy     : 0.6289

Epoch : 11
Train Loss     : 0.2437	 | 	Train Accuracy     : 0.9216
Valid Loss     : 0.8393	 | 	Valid Accuracy     : 0.6602

Epoch : 12
Train Loss     : 0.2258	 | 	Train Accuracy     : 0.9204
Valid Loss     : 0.7976	 | 	Valid Accuracy     : 0.6691

Epoch : 13
Train Loss     : 0.1998	 | 	Train Accuracy     : 0.9362
Valid Loss     : 1.0798	 | 	Valid Accuracy     : 0.6286

Epoch : 14
Train Loss     : 0.1940	 | 	Train Accuracy     : 0.9356
Valid Loss     : 0.8731	 | 	Valid Accuracy     : 0.6733

Epoch : 15
Train Loss     : 0.1760	 | 	Train Accuracy     : 0.9409
Valid Loss     : 0.8601	 | 	Valid Accuracy     : 0.6791

Epoch : 16
Train Loss     : 0.1607	 | 	Train Accuracy     : 0.9524
Valid Loss     : 0.9527	 | 	Valid Accuracy     : 0.6916

Epoch : 17
Train Loss     : 0.1558	 | 	Train Accuracy     : 0.9506
Valid Loss     : 0.7984	 | 	Valid Accuracy     : 0.6979

Epoch : 18
Train Loss     : 0.1432	 | 	Train Accuracy     : 0.9576
Valid Loss     : 0.8834	 | 	Valid Accuracy     : 0.6893

Epoch : 19
Train Loss     : 0.1391	 | 	Train Accuracy     : 0.9572
Valid Loss     : 0.9405	 | 	Valid Accuracy     : 0.6770

Epoch : 20
Train Loss     : 0.1275	 | 	Train Accuracy     : 0.9659
Valid Loss     : 0.8104	 | 	Valid Accuracy     : 0.7202

Epoch : 21
Train Loss     : 0.1157	 | 	Train Accuracy     : 0.9707
Valid Loss     : 1.2166	 | 	Valid Accuracy     : 0.6636

Epoch : 22
Train Loss     : 0.1198	 | 	Train Accuracy     : 0.9701
Valid Loss     : 0.9934	 | 	Valid Accuracy     : 0.6762

Epoch : 23
Train Loss     : 0.1158	 | 	Train Accuracy     : 0.9650
Valid Loss     : 0.8626	 | 	Valid Accuracy     : 0.7065

Epoch : 24
Train Loss     : 0.0920	 | 	Train Accuracy     : 0.9786
Valid Loss     : 0.8810	 | 	Valid Accuracy     : 0.7073

Epoch : 25
Train Loss     : 0.0932	 | 	Train Accuracy     : 0.9792
Valid Loss     : 0.9020	 | 	Valid Accuracy     : 0.7135

Epoch : 26
Train Loss     : 0.0848	 | 	Train Accuracy     : 0.9842
Valid Loss     : 0.8504	 | 	Valid Accuracy     : 0.7170

Epoch : 27
Train Loss     : 0.0866	 | 	Train Accuracy     : 0.9866
Valid Loss     : 0.8358	 | 	Valid Accuracy     : 0.7242

Epoch : 28
Train Loss     : 0.0841	 | 	Train Accuracy     : 0.9843
Valid Loss     : 0.8718	 | 	Valid Accuracy     : 0.7231

Epoch : 29
Train Loss     : 0.0828	 | 	Train Accuracy     : 0.9853
Valid Loss     : 0.8663	 | 	Valid Accuracy     : 0.7193

Epoch : 30
Train Loss     : 0.0801	 | 	Train Accuracy     : 0.9877
Valid Loss     : 0.8701	 | 	Valid Accuracy     : 0.7166

Evaluate on the Test set:
Test loss      :1.0127	 | Test Accuracy      : 0.6507 | Test AUPRC      : 0.6557
tensor([0.9024, 0.8855, 0.9595, 0.8938, 0.9258, 0.9422, 1.0247, 0.8973, 0.8799,
        0.8806, 0.8594, 0.8787, 0.8977, 0.8641, 0.9405, 0.8596, 0.9056, 0.8915,
        0.8624, 0.8915, 0.8629, 0.8806, 0.9229, 1.0796, 0.8687, 0.8813, 0.8855,
        0.8816, 0.8663, 0.8730, 0.8816, 0.8851, 0.8952, 0.9001, 0.8769, 0.8805,
        0.9062, 0.8940, 0.9024, 0.8677, 0.9284, 0.9323, 0.8973, 0.9073, 0.9129,
        0.8743, 0.9452, 0.8947, 0.8854, 0.8732, 0.8852, 0.8732, 0.9258, 0.8715,
        0.8840, 0.8804, 0.8763, 0.8735, 0.8885, 0.9042, 0.8895, 0.8684],
       device='cuda:0', grad_fn=<SqueezeBackward1>)

################## Training is Done! #########################
Training time is : 0:01:55.070743
