=============================================
Dataset: SEED
Method:  TS-TCC
Mode:    supervised
=============================================
Data loaded ...
Subjet 2
if scale True
Training started ....

Epoch : 1
Train Loss     : 1.1855	 | 	Train Accuracy     : 0.4159
Valid Loss     : 1.2572	 | 	Valid Accuracy     : 0.5009

Epoch : 2
Train Loss     : 0.9246	 | 	Train Accuracy     : 0.5629
Valid Loss     : 1.2065	 | 	Valid Accuracy     : 0.5438

Epoch : 3
Train Loss     : 0.7158	 | 	Train Accuracy     : 0.6938
Valid Loss     : 1.2061	 | 	Valid Accuracy     : 0.5938

Epoch : 4
Train Loss     : 0.6401	 | 	Train Accuracy     : 0.7383
Valid Loss     : 1.6238	 | 	Valid Accuracy     : 0.5667

Epoch : 5
Train Loss     : 0.5941	 | 	Train Accuracy     : 0.7643
Valid Loss     : 1.5346	 | 	Valid Accuracy     : 0.6047

Epoch : 6
Train Loss     : 0.6200	 | 	Train Accuracy     : 0.7513
Valid Loss     : 1.5805	 | 	Valid Accuracy     : 0.6118

Epoch : 7
Train Loss     : 0.5150	 | 	Train Accuracy     : 0.8058
Valid Loss     : 1.8172	 | 	Valid Accuracy     : 0.5826

Epoch : 8
Train Loss     : 0.5082	 | 	Train Accuracy     : 0.7974
Valid Loss     : 1.5778	 | 	Valid Accuracy     : 0.6401

Epoch : 9
Train Loss     : 0.4904	 | 	Train Accuracy     : 0.8027
Valid Loss     : 2.0939	 | 	Valid Accuracy     : 0.5958

Epoch : 10
Train Loss     : 0.4651	 | 	Train Accuracy     : 0.8220
Valid Loss     : 1.6422	 | 	Valid Accuracy     : 0.6270

Epoch : 11
Train Loss     : 0.4530	 | 	Train Accuracy     : 0.8206
Valid Loss     : 1.1347	 | 	Valid Accuracy     : 0.5917

Epoch : 12
Train Loss     : 0.4219	 | 	Train Accuracy     : 0.8430
Valid Loss     : 1.0624	 | 	Valid Accuracy     : 0.6215

Epoch : 13
Train Loss     : 0.4115	 | 	Train Accuracy     : 0.8455
Valid Loss     : 1.0848	 | 	Valid Accuracy     : 0.6149

Epoch : 14
Train Loss     : 0.3824	 | 	Train Accuracy     : 0.8565
Valid Loss     : 1.1938	 | 	Valid Accuracy     : 0.5967

Epoch : 15
Train Loss     : 0.3886	 | 	Train Accuracy     : 0.8588
Valid Loss     : 2.1941	 | 	Valid Accuracy     : 0.6306

Epoch : 16
Train Loss     : 0.3756	 | 	Train Accuracy     : 0.8650
Valid Loss     : 2.7493	 | 	Valid Accuracy     : 0.5259

Epoch : 17
Train Loss     : 0.3462	 | 	Train Accuracy     : 0.8777
Valid Loss     : 2.1178	 | 	Valid Accuracy     : 0.5366

Epoch : 18
Train Loss     : 0.3748	 | 	Train Accuracy     : 0.8567
Valid Loss     : 3.5188	 | 	Valid Accuracy     : 0.5557

Epoch : 19
Train Loss     : 0.3493	 | 	Train Accuracy     : 0.8705
Valid Loss     : 2.7966	 | 	Valid Accuracy     : 0.5899

Epoch : 20
Train Loss     : 0.3201	 | 	Train Accuracy     : 0.8864
Valid Loss     : 1.2580	 | 	Valid Accuracy     : 0.6060

Epoch : 21
Train Loss     : 0.3066	 | 	Train Accuracy     : 0.8858
Valid Loss     : 4.1419	 | 	Valid Accuracy     : 0.6046

Epoch : 22
Train Loss     : 0.2878	 | 	Train Accuracy     : 0.8993
Valid Loss     : 1.8511	 | 	Valid Accuracy     : 0.6212

Epoch : 23
Train Loss     : 0.2826	 | 	Train Accuracy     : 0.9063
Valid Loss     : 1.1915	 | 	Valid Accuracy     : 0.6582

Epoch : 24
Train Loss     : 0.2482	 | 	Train Accuracy     : 0.9160
Valid Loss     : 1.2077	 | 	Valid Accuracy     : 0.6331

Epoch : 25
Train Loss     : 0.2294	 | 	Train Accuracy     : 0.9287
Valid Loss     : 1.7858	 | 	Valid Accuracy     : 0.6376

Epoch : 26
Train Loss     : 0.2137	 | 	Train Accuracy     : 0.9314
Valid Loss     : 2.3472	 | 	Valid Accuracy     : 0.6470

Epoch : 27
Train Loss     : 0.2244	 | 	Train Accuracy     : 0.9262
Valid Loss     : 1.9075	 | 	Valid Accuracy     : 0.6143

Epoch : 28
Train Loss     : 0.2108	 | 	Train Accuracy     : 0.9332
Valid Loss     : 3.5835	 | 	Valid Accuracy     : 0.6380

Epoch : 29
Train Loss     : 0.2081	 | 	Train Accuracy     : 0.9308
Valid Loss     : 2.8827	 | 	Valid Accuracy     : 0.6042

Epoch : 30
Train Loss     : 0.2067	 | 	Train Accuracy     : 0.9386
Valid Loss     : 3.7778	 | 	Valid Accuracy     : 0.6184

Evaluate on the Test set:
Test loss      :1.0813	 | Test Accuracy      : 0.5925 | Test AUPRC      : 0.6447
tensor([0.7095, 0.9489, 0.8839, 0.6739, 0.7593, 0.9450, 0.7911, 0.6388, 0.6327,
        0.6659, 0.6987, 0.7030, 0.7822, 0.8271, 0.9257, 0.7213, 0.6248, 0.6867,
        0.6130, 0.7155, 0.7773, 0.9146, 0.7281, 0.9235, 0.9226, 0.7372, 0.6502,
        0.7397, 0.7126, 0.7510, 0.6631, 0.6877, 0.7992, 0.7127, 0.6379, 0.7493,
        0.8380, 0.7012, 0.7480, 0.7009, 0.8807, 0.8705, 0.7759, 0.6910, 0.8110,
        0.7472, 0.8057, 0.6421, 0.7937, 0.8690, 0.6664, 0.9137, 0.6615, 0.7861,
        0.7992, 0.6919, 0.7651, 0.7489, 0.9638, 0.7453, 0.6950, 0.6500],
       device='cuda:0', grad_fn=<SqueezeBackward1>)

################## Training is Done! #########################
Training time is : 0:02:09.885476
