=============================================
Dataset: SEED
Method:  TS-TCC
Mode:    supervised
=============================================
Data loaded ...
Subjet 3
if scale True
Training started ....

Epoch : 1
Train Loss     : 0.8944	 | 	Train Accuracy     : 0.5683
Valid Loss     : 0.8308	 | 	Valid Accuracy     : 0.7002

Epoch : 2
Train Loss     : 0.6417	 | 	Train Accuracy     : 0.7221
Valid Loss     : 0.6887	 | 	Valid Accuracy     : 0.7725

Epoch : 3
Train Loss     : 0.5595	 | 	Train Accuracy     : 0.7704
Valid Loss     : 0.8212	 | 	Valid Accuracy     : 0.6724

Epoch : 4
Train Loss     : 0.5128	 | 	Train Accuracy     : 0.7982
Valid Loss     : 1.0541	 | 	Valid Accuracy     : 0.6514

Epoch : 5
Train Loss     : 0.4442	 | 	Train Accuracy     : 0.8281
Valid Loss     : 0.9097	 | 	Valid Accuracy     : 0.6460

Epoch : 6
Train Loss     : 0.3901	 | 	Train Accuracy     : 0.8536
Valid Loss     : 1.0076	 | 	Valid Accuracy     : 0.6763

Epoch : 7
Train Loss     : 0.3753	 | 	Train Accuracy     : 0.8631
Valid Loss     : 0.9228	 | 	Valid Accuracy     : 0.6680

Epoch : 8
Train Loss     : 0.3695	 | 	Train Accuracy     : 0.8645
Valid Loss     : 0.7380	 | 	Valid Accuracy     : 0.7026

Epoch : 9
Train Loss     : 0.3043	 | 	Train Accuracy     : 0.8940
Valid Loss     : 0.7545	 | 	Valid Accuracy     : 0.7197

Epoch : 10
Train Loss     : 0.2929	 | 	Train Accuracy     : 0.8906
Valid Loss     : 0.8833	 | 	Valid Accuracy     : 0.6865

Epoch : 11
Train Loss     : 0.2806	 | 	Train Accuracy     : 0.8988
Valid Loss     : 0.7634	 | 	Valid Accuracy     : 0.7251

Epoch : 12
Train Loss     : 0.2855	 | 	Train Accuracy     : 0.9005
Valid Loss     : 0.6977	 | 	Valid Accuracy     : 0.7515

Epoch : 13
Train Loss     : 0.2606	 | 	Train Accuracy     : 0.9064
Valid Loss     : 0.9475	 | 	Valid Accuracy     : 0.6831

Epoch : 14
Train Loss     : 0.2315	 | 	Train Accuracy     : 0.9219
Valid Loss     : 0.7524	 | 	Valid Accuracy     : 0.7383

Epoch : 15
Train Loss     : 0.2075	 | 	Train Accuracy     : 0.9300
Valid Loss     : 0.7377	 | 	Valid Accuracy     : 0.7329

Epoch : 16
Train Loss     : 0.2079	 | 	Train Accuracy     : 0.9307
Valid Loss     : 0.7327	 | 	Valid Accuracy     : 0.7334

Epoch : 17
Train Loss     : 0.1985	 | 	Train Accuracy     : 0.9327
Valid Loss     : 0.7113	 | 	Valid Accuracy     : 0.7407

Epoch : 18
Train Loss     : 0.1890	 | 	Train Accuracy     : 0.9353
Valid Loss     : 0.7100	 | 	Valid Accuracy     : 0.7354

Epoch : 19
Train Loss     : 0.1920	 | 	Train Accuracy     : 0.9367
Valid Loss     : 0.8202	 | 	Valid Accuracy     : 0.7085

Epoch : 20
Train Loss     : 0.1835	 | 	Train Accuracy     : 0.9390
Valid Loss     : 0.7489	 | 	Valid Accuracy     : 0.7261

Epoch : 21
Train Loss     : 0.1893	 | 	Train Accuracy     : 0.9367
Valid Loss     : 0.7472	 | 	Valid Accuracy     : 0.7241

Epoch : 22
Train Loss     : 0.1812	 | 	Train Accuracy     : 0.9416
Valid Loss     : 0.7670	 | 	Valid Accuracy     : 0.7192

Epoch : 23
Train Loss     : 0.1822	 | 	Train Accuracy     : 0.9409
Valid Loss     : 0.8028	 | 	Valid Accuracy     : 0.7163

Epoch : 24
Train Loss     : 0.1737	 | 	Train Accuracy     : 0.9440
Valid Loss     : 0.7926	 | 	Valid Accuracy     : 0.7114

Epoch : 25
Train Loss     : 0.1740	 | 	Train Accuracy     : 0.9441
Valid Loss     : 0.8080	 | 	Valid Accuracy     : 0.7095

Epoch : 26
Train Loss     : 0.1711	 | 	Train Accuracy     : 0.9434
Valid Loss     : 0.7755	 | 	Valid Accuracy     : 0.7207

Epoch : 27
Train Loss     : 0.1654	 | 	Train Accuracy     : 0.9475
Valid Loss     : 0.7998	 | 	Valid Accuracy     : 0.7104

Epoch : 28
Train Loss     : 0.1721	 | 	Train Accuracy     : 0.9411
Valid Loss     : 0.7602	 | 	Valid Accuracy     : 0.7236

Epoch : 29
Train Loss     : 0.1649	 | 	Train Accuracy     : 0.9460
Valid Loss     : 0.7961	 | 	Valid Accuracy     : 0.7124

Epoch : 30
Train Loss     : 0.1680	 | 	Train Accuracy     : 0.9446
Valid Loss     : 0.7756	 | 	Valid Accuracy     : 0.7212

Evaluate on the Test set:
Test loss      :0.5314	 | Test Accuracy      : 0.8084 | Test AUPRC      : 0.5875
tensor([0.8283, 0.9853, 0.8294, 0.8770, 0.9256, 0.9423, 0.8574, 0.8497, 0.7545,
        0.7127, 0.7218, 0.7617, 0.9182, 0.8554, 0.9107, 0.8875, 0.7832, 0.7527,
        0.7567, 0.8195, 0.7583, 0.7366, 0.8933, 0.9687, 0.9061, 0.7165, 0.7474,
        0.8625, 0.7464, 0.7950, 0.8813, 0.9206, 0.8346, 0.7118, 0.7235, 0.7503,
        0.8708, 0.7247, 0.8264, 0.7248, 0.9651, 0.8095, 0.7118, 0.7426, 0.7823,
        0.8399, 0.7241, 0.8129, 0.7586, 0.8847, 0.7068, 0.7982, 0.7764, 0.7455,
        0.7357, 0.7405, 0.8323, 0.8286, 0.7188, 0.7859, 0.9290, 0.8077],
       device='cuda:0', grad_fn=<SqueezeBackward1>)

################## Training is Done! #########################
Training time is : 0:01:40.936947
