=============================================
Dataset: SEED
Method:  TS-TCC
Mode:    supervised
=============================================
Data loaded ...
Subjet 3
if scale True
Training started ....

Epoch : 1
Train Loss     : 0.9242	 | 	Train Accuracy     : 0.5424
Valid Loss     : 0.9727	 | 	Valid Accuracy     : 0.5587

Epoch : 2
Train Loss     : 0.6385	 | 	Train Accuracy     : 0.7060
Valid Loss     : 0.9665	 | 	Valid Accuracy     : 0.6491

Epoch : 3
Train Loss     : 0.5316	 | 	Train Accuracy     : 0.7686
Valid Loss     : 0.9644	 | 	Valid Accuracy     : 0.7216

Epoch : 4
Train Loss     : 0.4362	 | 	Train Accuracy     : 0.8223
Valid Loss     : 1.0939	 | 	Valid Accuracy     : 0.6707

Epoch : 5
Train Loss     : 0.3971	 | 	Train Accuracy     : 0.8481
Valid Loss     : 1.3517	 | 	Valid Accuracy     : 0.6283

Epoch : 6
Train Loss     : 0.3537	 | 	Train Accuracy     : 0.8733
Valid Loss     : 1.3894	 | 	Valid Accuracy     : 0.5819

Epoch : 7
Train Loss     : 0.3350	 | 	Train Accuracy     : 0.8744
Valid Loss     : 1.4611	 | 	Valid Accuracy     : 0.6157

Epoch : 8
Train Loss     : 0.3057	 | 	Train Accuracy     : 0.8824
Valid Loss     : 1.4265	 | 	Valid Accuracy     : 0.6340

Epoch : 9
Train Loss     : 0.2752	 | 	Train Accuracy     : 0.9029
Valid Loss     : 1.4821	 | 	Valid Accuracy     : 0.6322

Epoch : 10
Train Loss     : 0.2415	 | 	Train Accuracy     : 0.9131
Valid Loss     : 1.7837	 | 	Valid Accuracy     : 0.5754

Epoch : 11
Train Loss     : 0.2175	 | 	Train Accuracy     : 0.9186
Valid Loss     : 1.8839	 | 	Valid Accuracy     : 0.5942

Epoch : 12
Train Loss     : 0.2142	 | 	Train Accuracy     : 0.9242
Valid Loss     : 1.6326	 | 	Valid Accuracy     : 0.5979

Epoch : 13
Train Loss     : 0.1757	 | 	Train Accuracy     : 0.9392
Valid Loss     : 1.8265	 | 	Valid Accuracy     : 0.5832

Epoch : 14
Train Loss     : 0.1573	 | 	Train Accuracy     : 0.9482
Valid Loss     : 1.7876	 | 	Valid Accuracy     : 0.5785

Epoch : 15
Train Loss     : 0.1462	 | 	Train Accuracy     : 0.9499
Valid Loss     : 1.7083	 | 	Valid Accuracy     : 0.6124

Epoch : 16
Train Loss     : 0.1321	 | 	Train Accuracy     : 0.9582
Valid Loss     : 1.7690	 | 	Valid Accuracy     : 0.5982

Epoch : 17
Train Loss     : 0.1261	 | 	Train Accuracy     : 0.9603
Valid Loss     : 1.7852	 | 	Valid Accuracy     : 0.6018

Epoch : 18
Train Loss     : 0.1209	 | 	Train Accuracy     : 0.9606
Valid Loss     : 1.8495	 | 	Valid Accuracy     : 0.5932

Epoch : 19
Train Loss     : 0.1243	 | 	Train Accuracy     : 0.9616
Valid Loss     : 1.7769	 | 	Valid Accuracy     : 0.6038

Epoch : 20
Train Loss     : 0.1156	 | 	Train Accuracy     : 0.9671
Valid Loss     : 1.8527	 | 	Valid Accuracy     : 0.5855

Epoch : 21
Train Loss     : 0.1149	 | 	Train Accuracy     : 0.9644
Valid Loss     : 1.8581	 | 	Valid Accuracy     : 0.5968

Epoch : 22
Train Loss     : 0.1151	 | 	Train Accuracy     : 0.9692
Valid Loss     : 1.7977	 | 	Valid Accuracy     : 0.6011

Epoch : 23
Train Loss     : 0.1095	 | 	Train Accuracy     : 0.9705
Valid Loss     : 1.7891	 | 	Valid Accuracy     : 0.6049

Epoch : 24
Train Loss     : 0.1056	 | 	Train Accuracy     : 0.9740
Valid Loss     : 1.8353	 | 	Valid Accuracy     : 0.5853

Epoch : 25
Train Loss     : 0.1059	 | 	Train Accuracy     : 0.9740
Valid Loss     : 1.8111	 | 	Valid Accuracy     : 0.5966

Epoch : 26
Train Loss     : 0.1041	 | 	Train Accuracy     : 0.9745
Valid Loss     : 1.8430	 | 	Valid Accuracy     : 0.5909

Epoch : 27
Train Loss     : 0.1018	 | 	Train Accuracy     : 0.9737
Valid Loss     : 1.8544	 | 	Valid Accuracy     : 0.5958

Epoch : 28
Train Loss     : 0.1020	 | 	Train Accuracy     : 0.9744
Valid Loss     : 1.8237	 | 	Valid Accuracy     : 0.5972

Epoch : 29
Train Loss     : 0.0989	 | 	Train Accuracy     : 0.9740
Valid Loss     : 1.8814	 | 	Valid Accuracy     : 0.5950

Epoch : 30
Train Loss     : 0.1031	 | 	Train Accuracy     : 0.9733
Valid Loss     : 1.8465	 | 	Valid Accuracy     : 0.5983

Evaluate on the Test set:
Test loss      :1.5022	 | Test Accuracy      : 0.6650 | Test AUPRC      : 0.7221
tensor([0.9363, 0.9569, 0.8843, 0.9133, 0.8405, 0.9814, 0.9856, 0.8945, 0.8226,
        0.8357, 0.8276, 0.8665, 0.9455, 0.9690, 0.9360, 0.9480, 0.8421, 0.8326,
        0.8421, 0.8723, 0.8570, 0.8543, 0.9193, 0.9705, 0.9444, 0.8589, 0.8639,
        0.8760, 0.8730, 0.8407, 0.8644, 0.9809, 0.8924, 0.8394, 0.8327, 0.8291,
        0.9017, 0.8226, 0.9131, 0.8660, 0.9062, 0.9554, 0.8165, 0.8385, 0.8184,
        0.8494, 0.8369, 0.8351, 0.8316, 0.8811, 0.8224, 0.8664, 0.8449, 0.8280,
        0.8502, 0.8674, 0.9005, 0.8531, 0.8337, 0.9252, 0.9543, 0.8389],
       device='cuda:0', grad_fn=<SqueezeBackward1>)

################## Training is Done! #########################
Training time is : 0:02:36.019948
