=============================================
Dataset: SEED
Method:  TS-TCC
Mode:    supervised
=============================================
Data loaded ...
Subjet 4
if scale True
Training started ....

Epoch : 1
Train Loss     : 1.3542	 | 	Train Accuracy     : 0.3709
Valid Loss     : 1.0463	 | 	Valid Accuracy     : 0.4732

Epoch : 2
Train Loss     : 0.9245	 | 	Train Accuracy     : 0.6003
Valid Loss     : 0.9682	 | 	Valid Accuracy     : 0.5378

Epoch : 3
Train Loss     : 0.7310	 | 	Train Accuracy     : 0.6848
Valid Loss     : 0.9532	 | 	Valid Accuracy     : 0.5358

Epoch : 4
Train Loss     : 0.6618	 | 	Train Accuracy     : 0.7236
Valid Loss     : 0.9091	 | 	Valid Accuracy     : 0.5660

Epoch : 5
Train Loss     : 0.6131	 | 	Train Accuracy     : 0.7503
Valid Loss     : 0.8757	 | 	Valid Accuracy     : 0.5644

Epoch : 6
Train Loss     : 0.5797	 | 	Train Accuracy     : 0.7733
Valid Loss     : 0.9585	 | 	Valid Accuracy     : 0.5453

Epoch : 7
Train Loss     : 0.5278	 | 	Train Accuracy     : 0.7988
Valid Loss     : 0.9145	 | 	Valid Accuracy     : 0.5701

Epoch : 8
Train Loss     : 0.4556	 | 	Train Accuracy     : 0.8208
Valid Loss     : 0.8175	 | 	Valid Accuracy     : 0.6095

Epoch : 9
Train Loss     : 0.4553	 | 	Train Accuracy     : 0.8223
Valid Loss     : 0.8065	 | 	Valid Accuracy     : 0.6284

Epoch : 10
Train Loss     : 0.4204	 | 	Train Accuracy     : 0.8458
Valid Loss     : 0.8732	 | 	Valid Accuracy     : 0.6080

Epoch : 11
Train Loss     : 0.3818	 | 	Train Accuracy     : 0.8553
Valid Loss     : 0.8703	 | 	Valid Accuracy     : 0.6284

Epoch : 12
Train Loss     : 0.3646	 | 	Train Accuracy     : 0.8668
Valid Loss     : 0.9380	 | 	Valid Accuracy     : 0.5994

Epoch : 13
Train Loss     : 0.3560	 | 	Train Accuracy     : 0.8689
Valid Loss     : 1.0205	 | 	Valid Accuracy     : 0.6263

Epoch : 14
Train Loss     : 0.3330	 | 	Train Accuracy     : 0.8790
Valid Loss     : 0.8255	 | 	Valid Accuracy     : 0.6590

Epoch : 15
Train Loss     : 0.3194	 | 	Train Accuracy     : 0.8808
Valid Loss     : 0.8693	 | 	Valid Accuracy     : 0.6451

Epoch : 16
Train Loss     : 0.2907	 | 	Train Accuracy     : 0.8997
Valid Loss     : 0.9141	 | 	Valid Accuracy     : 0.6265

Epoch : 17
Train Loss     : 0.2754	 | 	Train Accuracy     : 0.8999
Valid Loss     : 0.8033	 | 	Valid Accuracy     : 0.6862

Epoch : 18
Train Loss     : 0.2618	 | 	Train Accuracy     : 0.9059
Valid Loss     : 0.8293	 | 	Valid Accuracy     : 0.6623

Epoch : 19
Train Loss     : 0.2765	 | 	Train Accuracy     : 0.9073
Valid Loss     : 0.7791	 | 	Valid Accuracy     : 0.6825

Epoch : 20
Train Loss     : 0.2502	 | 	Train Accuracy     : 0.9102
Valid Loss     : 0.9734	 | 	Valid Accuracy     : 0.6512

Epoch : 21
Train Loss     : 0.2621	 | 	Train Accuracy     : 0.9069
Valid Loss     : 0.8249	 | 	Valid Accuracy     : 0.6820

Epoch : 22
Train Loss     : 0.2122	 | 	Train Accuracy     : 0.9346
Valid Loss     : 0.8016	 | 	Valid Accuracy     : 0.6730

Epoch : 23
Train Loss     : 0.2163	 | 	Train Accuracy     : 0.9287
Valid Loss     : 0.8371	 | 	Valid Accuracy     : 0.6876

Epoch : 24
Train Loss     : 0.2140	 | 	Train Accuracy     : 0.9295
Valid Loss     : 0.8787	 | 	Valid Accuracy     : 0.6831

Epoch : 25
Train Loss     : 0.2143	 | 	Train Accuracy     : 0.9312
Valid Loss     : 0.8632	 | 	Valid Accuracy     : 0.6795

Epoch : 26
Train Loss     : 0.1954	 | 	Train Accuracy     : 0.9384
Valid Loss     : 0.8292	 | 	Valid Accuracy     : 0.7019

Epoch : 27
Train Loss     : 0.2204	 | 	Train Accuracy     : 0.9201
Valid Loss     : 0.8650	 | 	Valid Accuracy     : 0.6779

Epoch : 28
Train Loss     : 0.2035	 | 	Train Accuracy     : 0.9342
Valid Loss     : 1.0617	 | 	Valid Accuracy     : 0.6486

Epoch : 29
Train Loss     : 0.1754	 | 	Train Accuracy     : 0.9490
Valid Loss     : 0.8528	 | 	Valid Accuracy     : 0.6797

Epoch : 30
Train Loss     : 0.1946	 | 	Train Accuracy     : 0.9304
Valid Loss     : 0.9577	 | 	Valid Accuracy     : 0.6583

Evaluate on the Test set:
Test loss      :1.1204	 | Test Accuracy      : 0.6604 | Test AUPRC      : 0.6624
tensor([0.8923, 0.7269, 0.8727, 0.5788, 0.8734, 0.8978, 0.8515, 0.6396, 0.6006,
        0.5915, 0.6628, 0.6996, 0.7499, 0.8879, 0.7133, 0.8090, 0.8993, 0.7172,
        0.7138, 0.6390, 0.7880, 0.5898, 0.9581, 1.0034, 0.8094, 0.6842, 0.7100,
        0.7109, 0.5921, 0.6383, 0.6109, 1.0138, 0.7672, 0.8591, 0.5513, 0.5852,
        0.7985, 0.6141, 0.5856, 0.5946, 0.7885, 0.7827, 0.6069, 0.7257, 0.5233,
        0.5134, 0.7924, 0.5331, 0.6762, 0.5981, 0.5369, 0.6666, 0.6312, 0.6725,
        0.8686, 0.8394, 0.8957, 0.6332, 0.5119, 0.5623, 0.7617, 0.7474],
       device='cuda:0', grad_fn=<SqueezeBackward1>)

################## Training is Done! #########################
Training time is : 0:02:09.617898
