=============================================
Dataset: SEED
Method:  TS-TCC
Mode:    supervised
=============================================
Data loaded ...
Subjet 3
if scale True
Training started ....

Epoch : 1
Train Loss     : 1.2647	 | 	Train Accuracy     : 0.4502
Valid Loss     : 1.2139	 | 	Valid Accuracy     : 0.3776

Epoch : 2
Train Loss     : 0.8998	 | 	Train Accuracy     : 0.6010
Valid Loss     : 1.1130	 | 	Valid Accuracy     : 0.5487

Epoch : 3
Train Loss     : 0.7404	 | 	Train Accuracy     : 0.6273
Valid Loss     : 1.1774	 | 	Valid Accuracy     : 0.5689

Epoch : 4
Train Loss     : 0.6214	 | 	Train Accuracy     : 0.7108
Valid Loss     : 1.2790	 | 	Valid Accuracy     : 0.5703

Epoch : 5
Train Loss     : 0.5728	 | 	Train Accuracy     : 0.7307
Valid Loss     : 1.2654	 | 	Valid Accuracy     : 0.5571

Epoch : 6
Train Loss     : 0.5196	 | 	Train Accuracy     : 0.7670
Valid Loss     : 1.2785	 | 	Valid Accuracy     : 0.5169

Epoch : 7
Train Loss     : 0.4816	 | 	Train Accuracy     : 0.7923
Valid Loss     : 1.3385	 | 	Valid Accuracy     : 0.5018

Epoch : 8
Train Loss     : 0.4481	 | 	Train Accuracy     : 0.8014
Valid Loss     : 1.4006	 | 	Valid Accuracy     : 0.4850

Epoch : 9
Train Loss     : 0.4008	 | 	Train Accuracy     : 0.8322
Valid Loss     : 1.3819	 | 	Valid Accuracy     : 0.5121

Epoch : 10
Train Loss     : 0.3700	 | 	Train Accuracy     : 0.8433
Valid Loss     : 1.4087	 | 	Valid Accuracy     : 0.4885

Epoch : 11
Train Loss     : 0.3647	 | 	Train Accuracy     : 0.8453
Valid Loss     : 1.6282	 | 	Valid Accuracy     : 0.4724

Epoch : 12
Train Loss     : 0.3227	 | 	Train Accuracy     : 0.8743
Valid Loss     : 1.3992	 | 	Valid Accuracy     : 0.5642

Epoch : 13
Train Loss     : 0.2686	 | 	Train Accuracy     : 0.9050
Valid Loss     : 1.4569	 | 	Valid Accuracy     : 0.5411

Epoch : 14
Train Loss     : 0.2467	 | 	Train Accuracy     : 0.9147
Valid Loss     : 1.4393	 | 	Valid Accuracy     : 0.5492

Epoch : 15
Train Loss     : 0.2272	 | 	Train Accuracy     : 0.9233
Valid Loss     : 1.4652	 | 	Valid Accuracy     : 0.5351

Epoch : 16
Train Loss     : 0.2236	 | 	Train Accuracy     : 0.9267
Valid Loss     : 1.4723	 | 	Valid Accuracy     : 0.5331

Epoch : 17
Train Loss     : 0.2122	 | 	Train Accuracy     : 0.9369
Valid Loss     : 1.4793	 | 	Valid Accuracy     : 0.5345

Epoch : 18
Train Loss     : 0.2171	 | 	Train Accuracy     : 0.9267
Valid Loss     : 1.4951	 | 	Valid Accuracy     : 0.5390

Epoch : 19
Train Loss     : 0.2053	 | 	Train Accuracy     : 0.9378
Valid Loss     : 1.5160	 | 	Valid Accuracy     : 0.5305

Epoch : 20
Train Loss     : 0.2048	 | 	Train Accuracy     : 0.9284
Valid Loss     : 1.5442	 | 	Valid Accuracy     : 0.5206

Epoch : 21
Train Loss     : 0.1993	 | 	Train Accuracy     : 0.9343
Valid Loss     : 1.5828	 | 	Valid Accuracy     : 0.5280

Epoch : 22
Train Loss     : 0.1999	 | 	Train Accuracy     : 0.9375
Valid Loss     : 1.5622	 | 	Valid Accuracy     : 0.5254

Epoch : 23
Train Loss     : 0.1945	 | 	Train Accuracy     : 0.9395
Valid Loss     : 1.5220	 | 	Valid Accuracy     : 0.5330

Epoch : 24
Train Loss     : 0.1921	 | 	Train Accuracy     : 0.9405
Valid Loss     : 1.5650	 | 	Valid Accuracy     : 0.5117

Epoch : 25
Train Loss     : 0.1859	 | 	Train Accuracy     : 0.9431
Valid Loss     : 1.5647	 | 	Valid Accuracy     : 0.5249

Epoch : 26
Train Loss     : 0.1814	 | 	Train Accuracy     : 0.9458
Valid Loss     : 1.5814	 | 	Valid Accuracy     : 0.5220

Epoch : 27
Train Loss     : 0.1840	 | 	Train Accuracy     : 0.9427
Valid Loss     : 1.5981	 | 	Valid Accuracy     : 0.5129

Epoch : 28
Train Loss     : 0.1831	 | 	Train Accuracy     : 0.9454
Valid Loss     : 1.5790	 | 	Valid Accuracy     : 0.5238

Epoch : 29
Train Loss     : 0.1838	 | 	Train Accuracy     : 0.9400
Valid Loss     : 1.6177	 | 	Valid Accuracy     : 0.5264

Epoch : 30
Train Loss     : 0.1767	 | 	Train Accuracy     : 0.9500
Valid Loss     : 1.6076	 | 	Valid Accuracy     : 0.5318

Evaluate on the Test set:
Test loss      :1.2273	 | Test Accuracy      : 0.6498 | Test AUPRC      : 0.5903
tensor([0.9315, 0.9167, 0.9258, 0.9225, 0.9335, 0.9428, 1.0146, 0.9077, 0.9211,
        0.9079, 0.8960, 0.9135, 0.9791, 1.0126, 0.9268, 0.9433, 0.9513, 0.9177,
        0.9190, 0.9137, 0.9164, 0.9305, 0.9452, 0.9781, 0.9267, 0.9282, 0.9105,
        0.9323, 0.9122, 0.9187, 0.9378, 0.9401, 0.9231, 0.9288, 0.9165, 0.9150,
        0.9479, 0.9082, 0.9300, 0.9076, 0.9308, 0.9503, 0.9143, 0.9169, 0.9110,
        0.9062, 0.9073, 0.9043, 0.9217, 0.9050, 0.9083, 0.9163, 0.9240, 0.9113,
        0.9127, 0.9346, 0.9230, 0.9130, 0.9132, 0.9254, 0.9254, 0.9512],
       device='cuda:0', grad_fn=<SqueezeBackward1>)

################## Training is Done! #########################
Training time is : 0:01:51.637410
