=============================================
Dataset: SEED
Method:  TS-TCC
Mode:    supervised
=============================================
Data loaded ...
Subjet 1
if scale True
Training started ....

Epoch : 1
Train Loss     : 1.1508	 | 	Train Accuracy     : 0.5242
Valid Loss     : 1.6793	 | 	Valid Accuracy     : 0.3692

Epoch : 2
Train Loss     : 0.8192	 | 	Train Accuracy     : 0.5877
Valid Loss     : 2.0641	 | 	Valid Accuracy     : 0.3501

Epoch : 3
Train Loss     : 0.4998	 | 	Train Accuracy     : 0.7754
Valid Loss     : 2.2418	 | 	Valid Accuracy     : 0.3843

Epoch : 4
Train Loss     : 0.2786	 | 	Train Accuracy     : 0.9018
Valid Loss     : 2.1503	 | 	Valid Accuracy     : 0.4277

Epoch : 5
Train Loss     : 0.2163	 | 	Train Accuracy     : 0.9266
Valid Loss     : 2.1313	 | 	Valid Accuracy     : 0.4650

Epoch : 6
Train Loss     : 0.1651	 | 	Train Accuracy     : 0.9380
Valid Loss     : 2.2393	 | 	Valid Accuracy     : 0.4814

Epoch : 7
Train Loss     : 0.1308	 | 	Train Accuracy     : 0.9598
Valid Loss     : 2.2160	 | 	Valid Accuracy     : 0.4869

Epoch : 8
Train Loss     : 0.1055	 | 	Train Accuracy     : 0.9672
Valid Loss     : 2.4686	 | 	Valid Accuracy     : 0.4690

Epoch : 9
Train Loss     : 0.1037	 | 	Train Accuracy     : 0.9694
Valid Loss     : 2.6775	 | 	Valid Accuracy     : 0.4643

Epoch : 10
Train Loss     : 0.0857	 | 	Train Accuracy     : 0.9715
Valid Loss     : 2.7379	 | 	Valid Accuracy     : 0.4552

Epoch : 11
Train Loss     : 0.0778	 | 	Train Accuracy     : 0.9754
Valid Loss     : 2.8575	 | 	Valid Accuracy     : 0.4664

Epoch : 12
Train Loss     : 0.0570	 | 	Train Accuracy     : 0.9855
Valid Loss     : 3.0868	 | 	Valid Accuracy     : 0.4527

Epoch : 13
Train Loss     : 0.0590	 | 	Train Accuracy     : 0.9855
Valid Loss     : 3.2921	 | 	Valid Accuracy     : 0.4416

Epoch : 14
Train Loss     : 0.0517	 | 	Train Accuracy     : 0.9888
Valid Loss     : 3.3240	 | 	Valid Accuracy     : 0.4469

Epoch : 15
Train Loss     : 0.0514	 | 	Train Accuracy     : 0.9914
Valid Loss     : 3.1431	 | 	Valid Accuracy     : 0.4537

Epoch : 16
Train Loss     : 0.0532	 | 	Train Accuracy     : 0.9853
Valid Loss     : 3.2296	 | 	Valid Accuracy     : 0.4500

Epoch : 17
Train Loss     : 0.0489	 | 	Train Accuracy     : 0.9927
Valid Loss     : 3.1237	 | 	Valid Accuracy     : 0.4558

Epoch : 18
Train Loss     : 0.0501	 | 	Train Accuracy     : 0.9868
Valid Loss     : 3.1651	 | 	Valid Accuracy     : 0.4505

Epoch : 19
Train Loss     : 0.0476	 | 	Train Accuracy     : 0.9920
Valid Loss     : 3.1953	 | 	Valid Accuracy     : 0.4542

Epoch : 20
Train Loss     : 0.0465	 | 	Train Accuracy     : 0.9907
Valid Loss     : 3.3442	 | 	Valid Accuracy     : 0.4523

Epoch : 21
Train Loss     : 0.0416	 | 	Train Accuracy     : 0.9914
Valid Loss     : 3.2527	 | 	Valid Accuracy     : 0.4547

Epoch : 22
Train Loss     : 0.0437	 | 	Train Accuracy     : 0.9927
Valid Loss     : 3.1609	 | 	Valid Accuracy     : 0.4488

Epoch : 23
Train Loss     : 0.0418	 | 	Train Accuracy     : 0.9927
Valid Loss     : 3.3233	 | 	Valid Accuracy     : 0.4542

Epoch : 24
Train Loss     : 0.0402	 | 	Train Accuracy     : 0.9922
Valid Loss     : 3.4332	 | 	Valid Accuracy     : 0.4478

Epoch : 25
Train Loss     : 0.0402	 | 	Train Accuracy     : 0.9940
Valid Loss     : 3.1414	 | 	Valid Accuracy     : 0.4605

Epoch : 26
Train Loss     : 0.0405	 | 	Train Accuracy     : 0.9927
Valid Loss     : 3.2127	 | 	Valid Accuracy     : 0.4544

Epoch : 27
Train Loss     : 0.0380	 | 	Train Accuracy     : 0.9922
Valid Loss     : 3.2606	 | 	Valid Accuracy     : 0.4544

Epoch : 28
Train Loss     : 0.0401	 | 	Train Accuracy     : 0.9948
Valid Loss     : 3.4928	 | 	Valid Accuracy     : 0.4544

Epoch : 29
Train Loss     : 0.0403	 | 	Train Accuracy     : 0.9966
Valid Loss     : 3.2678	 | 	Valid Accuracy     : 0.4618

Epoch : 30
Train Loss     : 0.0389	 | 	Train Accuracy     : 0.9940
Valid Loss     : 3.2608	 | 	Valid Accuracy     : 0.4594

Evaluate on the Test set:
Test loss      :1.8658	 | Test Accuracy      : 0.5402 | Test AUPRC      : 0.5991
tensor([0.9696, 0.9675, 0.9660, 0.9713, 0.9705, 1.0143, 0.9666, 0.9722, 0.9673,
        0.9677, 0.9697, 0.9682, 0.9850, 0.9652, 0.9680, 0.9711, 0.9680, 0.9737,
        0.9680, 0.9694, 0.9702, 0.9742, 0.9963, 0.9865, 0.9686, 0.9691, 0.9778,
        0.9754, 0.9683, 0.9731, 0.9687, 0.9712, 0.9639, 0.9697, 0.9695, 0.9758,
        0.9754, 1.0019, 0.9779, 0.9674, 0.9888, 0.9686, 0.9718, 0.9760, 0.9679,
        0.9691, 0.9815, 0.9734, 0.9680, 0.9748, 0.9709, 0.9894, 0.9763, 0.9676,
        0.9707, 1.0073, 0.9869, 0.9679, 0.9715, 0.9758, 0.9797, 0.9677],
       device='cuda:0', grad_fn=<SqueezeBackward1>)

################## Training is Done! #########################
Training time is : 0:00:43.385951
