=============================================
Dataset: SEED
Method:  TS-TCC
Mode:    supervised
=============================================
Data loaded ...
Subjet 14
if scale True
Training started ....

Epoch : 1
Train Loss     : 0.8965	 | 	Train Accuracy     : 0.5775
Valid Loss     : 0.7313	 | 	Valid Accuracy     : 0.6838

Epoch : 2
Train Loss     : 0.6013	 | 	Train Accuracy     : 0.7759
Valid Loss     : 0.5636	 | 	Valid Accuracy     : 0.7430

Epoch : 3
Train Loss     : 0.4302	 | 	Train Accuracy     : 0.8573
Valid Loss     : 0.6846	 | 	Valid Accuracy     : 0.6105

Epoch : 4
Train Loss     : 0.3346	 | 	Train Accuracy     : 0.8885
Valid Loss     : 0.7882	 | 	Valid Accuracy     : 0.6683

Epoch : 5
Train Loss     : 0.3193	 | 	Train Accuracy     : 0.8921
Valid Loss     : 0.8581	 | 	Valid Accuracy     : 0.6911

Epoch : 6
Train Loss     : 0.3084	 | 	Train Accuracy     : 0.8930
Valid Loss     : 0.8943	 | 	Valid Accuracy     : 0.6863

Epoch : 7
Train Loss     : 0.3104	 | 	Train Accuracy     : 0.8907
Valid Loss     : 0.8484	 | 	Valid Accuracy     : 0.6899

Epoch : 8
Train Loss     : 0.2995	 | 	Train Accuracy     : 0.8920
Valid Loss     : 0.8770	 | 	Valid Accuracy     : 0.6702

Epoch : 9
Train Loss     : 0.2970	 | 	Train Accuracy     : 0.8956
Valid Loss     : 0.9220	 | 	Valid Accuracy     : 0.6537

Epoch : 10
Train Loss     : 0.2791	 | 	Train Accuracy     : 0.8984
Valid Loss     : 0.8932	 | 	Valid Accuracy     : 0.6970

Epoch : 11
Train Loss     : 0.2663	 | 	Train Accuracy     : 0.9073
Valid Loss     : 0.8464	 | 	Valid Accuracy     : 0.7278

Epoch : 12
Train Loss     : 0.2504	 | 	Train Accuracy     : 0.9098
Valid Loss     : 0.9117	 | 	Valid Accuracy     : 0.6885

Epoch : 13
Train Loss     : 0.2818	 | 	Train Accuracy     : 0.9038
Valid Loss     : 0.9425	 | 	Valid Accuracy     : 0.6819

Epoch : 14
Train Loss     : 0.2305	 | 	Train Accuracy     : 0.9226
Valid Loss     : 0.9094	 | 	Valid Accuracy     : 0.7254

Epoch : 15
Train Loss     : 0.2144	 | 	Train Accuracy     : 0.9201
Valid Loss     : 0.8735	 | 	Valid Accuracy     : 0.7394

Epoch : 16
Train Loss     : 0.1911	 | 	Train Accuracy     : 0.9233
Valid Loss     : 0.8684	 | 	Valid Accuracy     : 0.7412

Epoch : 17
Train Loss     : 0.1933	 | 	Train Accuracy     : 0.9305
Valid Loss     : 0.8851	 | 	Valid Accuracy     : 0.7431

Epoch : 18
Train Loss     : 0.1846	 | 	Train Accuracy     : 0.9306
Valid Loss     : 0.9021	 | 	Valid Accuracy     : 0.7385

Epoch : 19
Train Loss     : 0.1856	 | 	Train Accuracy     : 0.9328
Valid Loss     : 0.9324	 | 	Valid Accuracy     : 0.7372

Epoch : 20
Train Loss     : 0.1822	 | 	Train Accuracy     : 0.9338
Valid Loss     : 0.9194	 | 	Valid Accuracy     : 0.7367

Epoch : 21
Train Loss     : 0.1788	 | 	Train Accuracy     : 0.9358
Valid Loss     : 0.8885	 | 	Valid Accuracy     : 0.7481

Epoch : 22
Train Loss     : 0.1788	 | 	Train Accuracy     : 0.9337
Valid Loss     : 0.9056	 | 	Valid Accuracy     : 0.7426

Epoch : 23
Train Loss     : 0.1728	 | 	Train Accuracy     : 0.9356
Valid Loss     : 0.9185	 | 	Valid Accuracy     : 0.7483

Epoch : 24
Train Loss     : 0.1623	 | 	Train Accuracy     : 0.9410
Valid Loss     : 0.8948	 | 	Valid Accuracy     : 0.7511

Epoch : 25
Train Loss     : 0.1642	 | 	Train Accuracy     : 0.9432
Valid Loss     : 0.9217	 | 	Valid Accuracy     : 0.7352

Epoch : 26
Train Loss     : 0.1685	 | 	Train Accuracy     : 0.9419
Valid Loss     : 0.8806	 | 	Valid Accuracy     : 0.7495

Epoch : 27
Train Loss     : 0.1637	 | 	Train Accuracy     : 0.9376
Valid Loss     : 0.9226	 | 	Valid Accuracy     : 0.7496

Epoch : 28
Train Loss     : 0.1675	 | 	Train Accuracy     : 0.9407
Valid Loss     : 0.8968	 | 	Valid Accuracy     : 0.7469

Epoch : 29
Train Loss     : 0.1673	 | 	Train Accuracy     : 0.9398
Valid Loss     : 0.9288	 | 	Valid Accuracy     : 0.7458

Epoch : 30
Train Loss     : 0.1657	 | 	Train Accuracy     : 0.9411
Valid Loss     : 0.9026	 | 	Valid Accuracy     : 0.7486

Evaluate on the Test set:
Test loss      :1.3420	 | Test Accuracy      : 0.5423 | Test AUPRC      : 0.6745
tensor([0.8516, 0.8443, 0.8811, 0.8409, 0.9222, 0.8879, 0.9351, 0.9233, 0.8562,
        0.8479, 0.8578, 0.8459, 0.8708, 0.9216, 0.8646, 0.8463, 0.8320, 0.8546,
        0.8379, 0.8602, 0.8452, 0.8375, 0.9260, 0.9429, 0.8872, 0.8389, 0.8731,
        0.8409, 0.8716, 0.8564, 0.9113, 0.9309, 1.0187, 0.8756, 0.8436, 0.8708,
        0.8998, 0.8484, 0.8605, 0.8292, 0.9970, 0.9166, 0.9006, 0.8509, 0.8521,
        0.8436, 0.8853, 0.8480, 0.8320, 0.9086, 0.8862, 0.8698, 0.8429, 0.8284,
        0.8338, 0.8671, 0.9416, 0.8701, 0.9274, 0.8556, 0.8936, 0.8937],
       device='cuda:0', grad_fn=<SqueezeBackward1>)

################## Training is Done! #########################
Training time is : 0:02:25.294610
