=============================================
Dataset: SEED
Method:  TS-TCC
Mode:    supervised
=============================================
Data loaded ...
Subjet 8
if scale True
Training started ....

Epoch : 1
Train Loss     : 0.8208	 | 	Train Accuracy     : 0.6099
Valid Loss     : 0.7410	 | 	Valid Accuracy     : 0.6654

Epoch : 2
Train Loss     : 0.4592	 | 	Train Accuracy     : 0.7961
Valid Loss     : 0.5571	 | 	Valid Accuracy     : 0.7446

Epoch : 3
Train Loss     : 0.3780	 | 	Train Accuracy     : 0.8366
Valid Loss     : 0.4799	 | 	Valid Accuracy     : 0.7977

Epoch : 4
Train Loss     : 0.3448	 | 	Train Accuracy     : 0.8550
Valid Loss     : 0.4304	 | 	Valid Accuracy     : 0.8270

Epoch : 5
Train Loss     : 0.2947	 | 	Train Accuracy     : 0.8809
Valid Loss     : 0.5839	 | 	Valid Accuracy     : 0.7289

Epoch : 6
Train Loss     : 0.2298	 | 	Train Accuracy     : 0.9164
Valid Loss     : 0.5813	 | 	Valid Accuracy     : 0.7334

Epoch : 7
Train Loss     : 0.2171	 | 	Train Accuracy     : 0.9199
Valid Loss     : 0.4642	 | 	Valid Accuracy     : 0.7949

Epoch : 8
Train Loss     : 0.1902	 | 	Train Accuracy     : 0.9314
Valid Loss     : 0.4524	 | 	Valid Accuracy     : 0.8040

Epoch : 9
Train Loss     : 0.1954	 | 	Train Accuracy     : 0.9273
Valid Loss     : 0.5531	 | 	Valid Accuracy     : 0.7651

Epoch : 10
Train Loss     : 0.1809	 | 	Train Accuracy     : 0.9315
Valid Loss     : 0.5515	 | 	Valid Accuracy     : 0.7815

Epoch : 11
Train Loss     : 0.1768	 | 	Train Accuracy     : 0.9332
Valid Loss     : 0.5676	 | 	Valid Accuracy     : 0.7655

Epoch : 12
Train Loss     : 0.1509	 | 	Train Accuracy     : 0.9441
Valid Loss     : 0.5574	 | 	Valid Accuracy     : 0.7600

Epoch : 13
Train Loss     : 0.1287	 | 	Train Accuracy     : 0.9555
Valid Loss     : 0.5546	 | 	Valid Accuracy     : 0.7770

Epoch : 14
Train Loss     : 0.1270	 | 	Train Accuracy     : 0.9544
Valid Loss     : 0.5681	 | 	Valid Accuracy     : 0.7844

Epoch : 15
Train Loss     : 0.1209	 | 	Train Accuracy     : 0.9580
Valid Loss     : 0.6193	 | 	Valid Accuracy     : 0.7510

Epoch : 16
Train Loss     : 0.1007	 | 	Train Accuracy     : 0.9651
Valid Loss     : 0.5127	 | 	Valid Accuracy     : 0.7985

Epoch : 17
Train Loss     : 0.0879	 | 	Train Accuracy     : 0.9738
Valid Loss     : 0.5660	 | 	Valid Accuracy     : 0.7750

Epoch : 18
Train Loss     : 0.0842	 | 	Train Accuracy     : 0.9775
Valid Loss     : 0.5734	 | 	Valid Accuracy     : 0.7722

Epoch : 19
Train Loss     : 0.0826	 | 	Train Accuracy     : 0.9785
Valid Loss     : 0.5234	 | 	Valid Accuracy     : 0.7935

Epoch : 20
Train Loss     : 0.0833	 | 	Train Accuracy     : 0.9771
Valid Loss     : 0.5465	 | 	Valid Accuracy     : 0.7877

Epoch : 21
Train Loss     : 0.0787	 | 	Train Accuracy     : 0.9816
Valid Loss     : 0.5516	 | 	Valid Accuracy     : 0.7836

Epoch : 22
Train Loss     : 0.0796	 | 	Train Accuracy     : 0.9800
Valid Loss     : 0.5490	 | 	Valid Accuracy     : 0.7871

Epoch : 23
Train Loss     : 0.0752	 | 	Train Accuracy     : 0.9816
Valid Loss     : 0.5709	 | 	Valid Accuracy     : 0.7801

Epoch : 24
Train Loss     : 0.0725	 | 	Train Accuracy     : 0.9831
Valid Loss     : 0.5906	 | 	Valid Accuracy     : 0.7774

Epoch : 25
Train Loss     : 0.0708	 | 	Train Accuracy     : 0.9826
Valid Loss     : 0.5571	 | 	Valid Accuracy     : 0.7864

Epoch : 26
Train Loss     : 0.0712	 | 	Train Accuracy     : 0.9815
Valid Loss     : 0.6051	 | 	Valid Accuracy     : 0.7701

Epoch : 27
Train Loss     : 0.0695	 | 	Train Accuracy     : 0.9836
Valid Loss     : 0.5674	 | 	Valid Accuracy     : 0.7852

Epoch : 28
Train Loss     : 0.0673	 | 	Train Accuracy     : 0.9845
Valid Loss     : 0.5322	 | 	Valid Accuracy     : 0.7976

Epoch : 29
Train Loss     : 0.0680	 | 	Train Accuracy     : 0.9838
Valid Loss     : 0.5477	 | 	Valid Accuracy     : 0.7945

Epoch : 30
Train Loss     : 0.0647	 | 	Train Accuracy     : 0.9872
Valid Loss     : 0.5563	 | 	Valid Accuracy     : 0.7893

Evaluate on the Test set:
Test loss      :0.5906	 | Test Accuracy      : 0.7818 | Test AUPRC      : 0.8392
tensor([0.9291, 0.7652, 0.9671, 0.8113, 0.8465, 0.9194, 0.8961, 0.7667, 0.7406,
        0.7767, 0.8397, 0.7833, 0.8051, 0.8588, 0.8581, 0.8247, 0.7260, 0.7177,
        0.7116, 0.7090, 0.8244, 0.7952, 0.7237, 0.9131, 0.8093, 0.8080, 0.7716,
        0.7504, 0.8398, 0.7934, 0.8162, 0.9456, 0.9079, 0.7191, 0.8180, 0.7341,
        0.8327, 0.7380, 0.7590, 0.7402, 0.9812, 0.8903, 0.7360, 0.7532, 0.7548,
        0.7712, 0.7741, 0.7881, 0.7287, 0.7948, 0.8572, 0.7676, 0.7427, 0.7103,
        0.7641, 0.7660, 0.8359, 0.8056, 0.7341, 0.8382, 0.7578, 0.7394],
       device='cuda:0', grad_fn=<SqueezeBackward1>)

################## Training is Done! #########################
Training time is : 0:02:36.740298
