=============================================
Dataset: SEED
Method:  TS-TCC
Mode:    supervised
=============================================
Data loaded ...
Subjet 9
if scale True
Training started ....

Epoch : 1
Train Loss     : 1.0854	 | 	Train Accuracy     : 0.4633
Valid Loss     : 1.1804	 | 	Valid Accuracy     : 0.4652

Epoch : 2
Train Loss     : 0.7765	 | 	Train Accuracy     : 0.6732
Valid Loss     : 0.9474	 | 	Valid Accuracy     : 0.5907

Epoch : 3
Train Loss     : 0.6021	 | 	Train Accuracy     : 0.7641
Valid Loss     : 0.9310	 | 	Valid Accuracy     : 0.5499

Epoch : 4
Train Loss     : 0.3689	 | 	Train Accuracy     : 0.8448
Valid Loss     : 0.8634	 | 	Valid Accuracy     : 0.6579

Epoch : 5
Train Loss     : 0.4222	 | 	Train Accuracy     : 0.8242
Valid Loss     : 0.8891	 | 	Valid Accuracy     : 0.6367

Epoch : 6
Train Loss     : 0.4016	 | 	Train Accuracy     : 0.7986
Valid Loss     : 0.8108	 | 	Valid Accuracy     : 0.6478

Epoch : 7
Train Loss     : 0.3564	 | 	Train Accuracy     : 0.8717
Valid Loss     : 1.0170	 | 	Valid Accuracy     : 0.6050

Epoch : 8
Train Loss     : 0.3408	 | 	Train Accuracy     : 0.8340
Valid Loss     : 0.8335	 | 	Valid Accuracy     : 0.6512

Epoch : 9
Train Loss     : 0.3423	 | 	Train Accuracy     : 0.8448
Valid Loss     : 0.9896	 | 	Valid Accuracy     : 0.6313

Epoch : 10
Train Loss     : 0.3503	 | 	Train Accuracy     : 0.8273
Valid Loss     : 1.2681	 | 	Valid Accuracy     : 0.6114

Epoch : 11
Train Loss     : 0.3354	 | 	Train Accuracy     : 0.8698
Valid Loss     : 0.9449	 | 	Valid Accuracy     : 0.6422

Epoch : 12
Train Loss     : 0.2712	 | 	Train Accuracy     : 0.8837
Valid Loss     : 1.4556	 | 	Valid Accuracy     : 0.6103

Epoch : 13
Train Loss     : 0.1892	 | 	Train Accuracy     : 0.9160
Valid Loss     : 0.9273	 | 	Valid Accuracy     : 0.6441

Epoch : 14
Train Loss     : 0.2178	 | 	Train Accuracy     : 0.9184
Valid Loss     : 1.1610	 | 	Valid Accuracy     : 0.6360

Epoch : 15
Train Loss     : 0.2360	 | 	Train Accuracy     : 0.8911
Valid Loss     : 1.1159	 | 	Valid Accuracy     : 0.6387

Epoch : 16
Train Loss     : 0.3833	 | 	Train Accuracy     : 0.8800
Valid Loss     : 1.0035	 | 	Valid Accuracy     : 0.6691

Epoch : 17
Train Loss     : 0.3806	 | 	Train Accuracy     : 0.8336
Valid Loss     : 1.1712	 | 	Valid Accuracy     : 0.6459

Epoch : 18
Train Loss     : 0.2102	 | 	Train Accuracy     : 0.9058
Valid Loss     : 1.0349	 | 	Valid Accuracy     : 0.6650

Epoch : 19
Train Loss     : 0.1740	 | 	Train Accuracy     : 0.9269
Valid Loss     : 0.9540	 | 	Valid Accuracy     : 0.6676

Epoch : 20
Train Loss     : 0.1670	 | 	Train Accuracy     : 0.9360
Valid Loss     : 0.9450	 | 	Valid Accuracy     : 0.6605

Epoch : 21
Train Loss     : 0.1689	 | 	Train Accuracy     : 0.9266
Valid Loss     : 1.0055	 | 	Valid Accuracy     : 0.6579

Epoch : 22
Train Loss     : 0.1327	 | 	Train Accuracy     : 0.9525
Valid Loss     : 1.0759	 | 	Valid Accuracy     : 0.6450

Epoch : 23
Train Loss     : 0.1428	 | 	Train Accuracy     : 0.9531
Valid Loss     : 1.0418	 | 	Valid Accuracy     : 0.6550

Epoch : 24
Train Loss     : 0.1942	 | 	Train Accuracy     : 0.9147
Valid Loss     : 1.0417	 | 	Valid Accuracy     : 0.6571

Epoch : 25
Train Loss     : 0.1267	 | 	Train Accuracy     : 0.9583
Valid Loss     : 0.9880	 | 	Valid Accuracy     : 0.6725

Epoch : 26
Train Loss     : 0.1419	 | 	Train Accuracy     : 0.9444
Valid Loss     : 0.9798	 | 	Valid Accuracy     : 0.6687

Epoch : 27
Train Loss     : 0.1549	 | 	Train Accuracy     : 0.9364
Valid Loss     : 0.9208	 | 	Valid Accuracy     : 0.6813

Epoch : 28
Train Loss     : 0.1530	 | 	Train Accuracy     : 0.9358
Valid Loss     : 0.9462	 | 	Valid Accuracy     : 0.6712

Epoch : 29
Train Loss     : 0.1471	 | 	Train Accuracy     : 0.9536
Valid Loss     : 1.0832	 | 	Valid Accuracy     : 0.6495

Epoch : 30
Train Loss     : 0.1153	 | 	Train Accuracy     : 0.9603
Valid Loss     : 1.0440	 | 	Valid Accuracy     : 0.6617

Evaluate on the Test set:
Test loss      :1.1786	 | Test Accuracy      : 0.6711 | Test AUPRC      : 0.7192
tensor([0.9585, 0.9552, 0.9282, 0.9218, 0.9202, 0.9402, 0.9354, 0.9336, 0.9419,
        0.9390, 0.9530, 0.9422, 0.9592, 0.9575, 0.9256, 0.9923, 0.9384, 0.9587,
        0.9699, 0.9652, 0.9296, 0.9408, 1.0060, 1.0052, 0.9894, 0.9358, 0.9717,
        0.9553, 0.9215, 0.9496, 0.9229, 0.9875, 0.9455, 0.9378, 0.9316, 0.9259,
        0.9320, 0.9778, 0.9442, 0.9272, 0.9847, 0.9556, 0.9537, 0.9450, 0.9248,
        0.9268, 0.9767, 0.9614, 0.9375, 0.9446, 0.9301, 0.9462, 0.9318, 0.9312,
        0.9071, 0.9704, 0.9389, 0.9404, 0.9076, 0.9634, 0.9365, 0.9218],
       device='cuda:0', grad_fn=<SqueezeBackward1>)

################## Training is Done! #########################
Training time is : 0:01:00.650674
