=============================================
Dataset: SEED
Method:  TS-TCC
Mode:    supervised
=============================================
Data loaded ...
Subjet 2
if scale True
Training started ....

Epoch : 1
Train Loss     : 1.2579	 | 	Train Accuracy     : 0.3895
Valid Loss     : 1.2516	 | 	Valid Accuracy     : 0.4474

Epoch : 2
Train Loss     : 0.9562	 | 	Train Accuracy     : 0.5423
Valid Loss     : 1.4508	 | 	Valid Accuracy     : 0.5475

Epoch : 3
Train Loss     : 0.7538	 | 	Train Accuracy     : 0.6763
Valid Loss     : 1.8266	 | 	Valid Accuracy     : 0.5252

Epoch : 4
Train Loss     : 0.6486	 | 	Train Accuracy     : 0.7317
Valid Loss     : 2.2029	 | 	Valid Accuracy     : 0.6057

Epoch : 5
Train Loss     : 0.5959	 | 	Train Accuracy     : 0.7573
Valid Loss     : 2.9058	 | 	Valid Accuracy     : 0.5436

Epoch : 6
Train Loss     : 0.5271	 | 	Train Accuracy     : 0.7883
Valid Loss     : 2.0881	 | 	Valid Accuracy     : 0.5996

Epoch : 7
Train Loss     : 0.4836	 | 	Train Accuracy     : 0.8097
Valid Loss     : 2.1886	 | 	Valid Accuracy     : 0.6117

Epoch : 8
Train Loss     : 0.4388	 | 	Train Accuracy     : 0.8296
Valid Loss     : 2.0560	 | 	Valid Accuracy     : 0.5504

Epoch : 9
Train Loss     : 0.4153	 | 	Train Accuracy     : 0.8417
Valid Loss     : 1.9184	 | 	Valid Accuracy     : 0.4710

Epoch : 10
Train Loss     : 0.4066	 | 	Train Accuracy     : 0.8440
Valid Loss     : 1.9214	 | 	Valid Accuracy     : 0.5751

Epoch : 11
Train Loss     : 0.4147	 | 	Train Accuracy     : 0.8378
Valid Loss     : 1.9226	 | 	Valid Accuracy     : 0.5598

Epoch : 12
Train Loss     : 0.3856	 | 	Train Accuracy     : 0.8544
Valid Loss     : 1.4234	 | 	Valid Accuracy     : 0.5822

Epoch : 13
Train Loss     : 0.3279	 | 	Train Accuracy     : 0.8833
Valid Loss     : 1.4567	 | 	Valid Accuracy     : 0.5342

Epoch : 14
Train Loss     : 0.3085	 | 	Train Accuracy     : 0.8881
Valid Loss     : 1.3848	 | 	Valid Accuracy     : 0.5655

Epoch : 15
Train Loss     : 0.3027	 | 	Train Accuracy     : 0.8947
Valid Loss     : 1.4008	 | 	Valid Accuracy     : 0.5695

Epoch : 16
Train Loss     : 0.2905	 | 	Train Accuracy     : 0.9065
Valid Loss     : 1.3766	 | 	Valid Accuracy     : 0.5735

Epoch : 17
Train Loss     : 0.2925	 | 	Train Accuracy     : 0.9001
Valid Loss     : 1.4322	 | 	Valid Accuracy     : 0.5543

Epoch : 18
Train Loss     : 0.2785	 | 	Train Accuracy     : 0.9048
Valid Loss     : 1.5035	 | 	Valid Accuracy     : 0.5594

Epoch : 19
Train Loss     : 0.2719	 | 	Train Accuracy     : 0.9084
Valid Loss     : 1.4337	 | 	Valid Accuracy     : 0.5655

Epoch : 20
Train Loss     : 0.2781	 | 	Train Accuracy     : 0.9059
Valid Loss     : 1.4213	 | 	Valid Accuracy     : 0.5683

Epoch : 21
Train Loss     : 0.2643	 | 	Train Accuracy     : 0.9118
Valid Loss     : 1.5243	 | 	Valid Accuracy     : 0.5607

Epoch : 22
Train Loss     : 0.2665	 | 	Train Accuracy     : 0.9117
Valid Loss     : 1.4193	 | 	Valid Accuracy     : 0.5835

Epoch : 23
Train Loss     : 0.2598	 | 	Train Accuracy     : 0.9130
Valid Loss     : 1.4386	 | 	Valid Accuracy     : 0.5814

Epoch : 24
Train Loss     : 0.2566	 | 	Train Accuracy     : 0.9160
Valid Loss     : 1.4780	 | 	Valid Accuracy     : 0.5914

Epoch : 25
Train Loss     : 0.2493	 | 	Train Accuracy     : 0.9179
Valid Loss     : 1.3874	 | 	Valid Accuracy     : 0.5854

Epoch : 26
Train Loss     : 0.2514	 | 	Train Accuracy     : 0.9165
Valid Loss     : 1.3885	 | 	Valid Accuracy     : 0.5796

Epoch : 27
Train Loss     : 0.2486	 | 	Train Accuracy     : 0.9201
Valid Loss     : 1.4007	 | 	Valid Accuracy     : 0.5787

Epoch : 28
Train Loss     : 0.2496	 | 	Train Accuracy     : 0.9210
Valid Loss     : 1.3721	 | 	Valid Accuracy     : 0.5895

Epoch : 29
Train Loss     : 0.2505	 | 	Train Accuracy     : 0.9181
Valid Loss     : 1.4763	 | 	Valid Accuracy     : 0.5752

Epoch : 30
Train Loss     : 0.2491	 | 	Train Accuracy     : 0.9187
Valid Loss     : 1.4284	 | 	Valid Accuracy     : 0.5840

Evaluate on the Test set:
Test loss      :1.2530	 | Test Accuracy      : 0.6144 | Test AUPRC      : 0.6273
tensor([0.8052, 0.9473, 0.9349, 0.8260, 0.8007, 0.9476, 0.8453, 0.7560, 0.7446,
        0.7496, 0.7582, 0.7631, 0.8353, 0.8292, 0.9411, 0.8023, 0.7516, 0.7605,
        0.7257, 0.7585, 0.8091, 0.8300, 0.8379, 0.9279, 0.8386, 0.7874, 0.7596,
        0.8124, 0.7567, 0.8249, 0.7685, 0.7516, 0.8904, 0.8198, 0.7484, 0.7945,
        0.8026, 0.7740, 0.8337, 0.7788, 0.8893, 0.7493, 0.9270, 0.7622, 0.7578,
        0.8299, 0.8440, 0.7376, 0.7719, 0.9159, 0.7606, 0.8496, 0.9123, 0.7740,
        0.8219, 0.7912, 0.7880, 0.7684, 0.9369, 0.8171, 0.7851, 0.7456],
       device='cuda:0', grad_fn=<SqueezeBackward1>)

################## Training is Done! #########################
Training time is : 0:02:52.170760
