=============================================
Dataset: SEED
Method:  TS-TCC
Mode:    supervised
=============================================
Data loaded ...
Subjet 14
if scale True
Training started ....

Epoch : 1
Train Loss     : 1.1294	 | 	Train Accuracy     : 0.5148
Valid Loss     : 0.7329	 | 	Valid Accuracy     : 0.5898

Epoch : 2
Train Loss     : 0.6428	 | 	Train Accuracy     : 0.7563
Valid Loss     : 0.8978	 | 	Valid Accuracy     : 0.4956

Epoch : 3
Train Loss     : 0.5536	 | 	Train Accuracy     : 0.7981
Valid Loss     : 0.8792	 | 	Valid Accuracy     : 0.5464

Epoch : 4
Train Loss     : 0.5056	 | 	Train Accuracy     : 0.8077
Valid Loss     : 0.9574	 | 	Valid Accuracy     : 0.5630

Epoch : 5
Train Loss     : 0.4842	 | 	Train Accuracy     : 0.8191
Valid Loss     : 1.0032	 | 	Valid Accuracy     : 0.5562

Epoch : 6
Train Loss     : 0.4438	 | 	Train Accuracy     : 0.8308
Valid Loss     : 0.9958	 | 	Valid Accuracy     : 0.5879

Epoch : 7
Train Loss     : 0.4429	 | 	Train Accuracy     : 0.8363
Valid Loss     : 1.0327	 | 	Valid Accuracy     : 0.5908

Epoch : 8
Train Loss     : 0.4088	 | 	Train Accuracy     : 0.8456
Valid Loss     : 0.9841	 | 	Valid Accuracy     : 0.5972

Epoch : 9
Train Loss     : 0.3696	 | 	Train Accuracy     : 0.8590
Valid Loss     : 0.9715	 | 	Valid Accuracy     : 0.5903

Epoch : 10
Train Loss     : 0.3398	 | 	Train Accuracy     : 0.8655
Valid Loss     : 1.0167	 | 	Valid Accuracy     : 0.6201

Epoch : 11
Train Loss     : 0.3623	 | 	Train Accuracy     : 0.8580
Valid Loss     : 1.0802	 | 	Valid Accuracy     : 0.5869

Epoch : 12
Train Loss     : 0.3420	 | 	Train Accuracy     : 0.8660
Valid Loss     : 1.0672	 | 	Valid Accuracy     : 0.6279

Epoch : 13
Train Loss     : 0.3197	 | 	Train Accuracy     : 0.8752
Valid Loss     : 1.0573	 | 	Valid Accuracy     : 0.6553

Epoch : 14
Train Loss     : 0.2963	 | 	Train Accuracy     : 0.8855
Valid Loss     : 1.0334	 | 	Valid Accuracy     : 0.6528

Epoch : 15
Train Loss     : 0.2906	 | 	Train Accuracy     : 0.8893
Valid Loss     : 1.0458	 | 	Valid Accuracy     : 0.6523

Epoch : 16
Train Loss     : 0.2851	 | 	Train Accuracy     : 0.8891
Valid Loss     : 1.0407	 | 	Valid Accuracy     : 0.6562

Epoch : 17
Train Loss     : 0.2855	 | 	Train Accuracy     : 0.8908
Valid Loss     : 1.0356	 | 	Valid Accuracy     : 0.6636

Epoch : 18
Train Loss     : 0.2740	 | 	Train Accuracy     : 0.8976
Valid Loss     : 1.0207	 | 	Valid Accuracy     : 0.6719

Epoch : 19
Train Loss     : 0.2742	 | 	Train Accuracy     : 0.8940
Valid Loss     : 1.0343	 | 	Valid Accuracy     : 0.6704

Epoch : 20
Train Loss     : 0.2634	 | 	Train Accuracy     : 0.9022
Valid Loss     : 1.0441	 | 	Valid Accuracy     : 0.6699

Epoch : 21
Train Loss     : 0.2618	 | 	Train Accuracy     : 0.9062
Valid Loss     : 1.0400	 | 	Valid Accuracy     : 0.6675

Epoch : 22
Train Loss     : 0.2619	 | 	Train Accuracy     : 0.8979
Valid Loss     : 1.0501	 | 	Valid Accuracy     : 0.6670

Epoch : 23
Train Loss     : 0.2566	 | 	Train Accuracy     : 0.8995
Valid Loss     : 1.0101	 | 	Valid Accuracy     : 0.6807

Epoch : 24
Train Loss     : 0.2498	 | 	Train Accuracy     : 0.9040
Valid Loss     : 1.0319	 | 	Valid Accuracy     : 0.6772

Epoch : 25
Train Loss     : 0.2469	 | 	Train Accuracy     : 0.9110
Valid Loss     : 1.0195	 | 	Valid Accuracy     : 0.6777

Epoch : 26
Train Loss     : 0.2517	 | 	Train Accuracy     : 0.9044
Valid Loss     : 1.0595	 | 	Valid Accuracy     : 0.6812

Epoch : 27
Train Loss     : 0.2509	 | 	Train Accuracy     : 0.9052
Valid Loss     : 1.0351	 | 	Valid Accuracy     : 0.6763

Epoch : 28
Train Loss     : 0.2526	 | 	Train Accuracy     : 0.9057
Valid Loss     : 1.0420	 | 	Valid Accuracy     : 0.6768

Epoch : 29
Train Loss     : 0.2494	 | 	Train Accuracy     : 0.9056
Valid Loss     : 1.0504	 | 	Valid Accuracy     : 0.6787

Epoch : 30
Train Loss     : 0.2470	 | 	Train Accuracy     : 0.9078
Valid Loss     : 1.0502	 | 	Valid Accuracy     : 0.6821

Evaluate on the Test set:
Test loss      :0.7371	 | Test Accuracy      : 0.7245 | Test AUPRC      : 0.6011
tensor([0.8148, 0.7757, 0.8033, 0.7610, 0.8465, 0.8842, 0.8950, 0.8407, 0.7632,
        0.7628, 0.8026, 0.7763, 0.7835, 0.7860, 0.7771, 0.8390, 0.7667, 0.7931,
        0.7540, 0.7647, 0.7684, 0.7786, 0.9046, 0.8580, 0.8899, 0.7463, 0.8104,
        0.7804, 0.7781, 0.7913, 0.8816, 0.9098, 1.0287, 0.7941, 0.7693, 0.7679,
        0.8193, 0.7749, 0.7955, 0.7503, 0.9919, 0.8737, 0.8878, 0.7772, 0.7655,
        0.7739, 0.8068, 0.7972, 0.7643, 0.8606, 0.7902, 0.7812, 0.7700, 0.7803,
        0.7712, 0.8489, 0.8645, 0.8060, 0.7604, 0.8355, 0.7801, 0.8316],
       device='cuda:0', grad_fn=<SqueezeBackward1>)

################## Training is Done! #########################
Training time is : 0:01:47.246301
