=============================================
Dataset: SEED
Method:  TS-TCC
Mode:    supervised
=============================================
Data loaded ...
Subjet 2
if scale True
Training started ....

Epoch : 1
Train Loss     : 1.2595	 | 	Train Accuracy     : 0.3494
Valid Loss     : 1.3168	 | 	Valid Accuracy     : 0.3266

Epoch : 2
Train Loss     : 1.0755	 | 	Train Accuracy     : 0.4761
Valid Loss     : 1.3699	 | 	Valid Accuracy     : 0.3315

Epoch : 3
Train Loss     : 1.0320	 | 	Train Accuracy     : 0.5178
Valid Loss     : 1.2882	 | 	Valid Accuracy     : 0.3458

Epoch : 4
Train Loss     : 0.7926	 | 	Train Accuracy     : 0.6378
Valid Loss     : 1.3854	 | 	Valid Accuracy     : 0.3452

Epoch : 5
Train Loss     : 0.8350	 | 	Train Accuracy     : 0.6069
Valid Loss     : 1.3347	 | 	Valid Accuracy     : 0.3776

Epoch : 6
Train Loss     : 0.6687	 | 	Train Accuracy     : 0.7332
Valid Loss     : 1.2195	 | 	Valid Accuracy     : 0.4610

Epoch : 7
Train Loss     : 0.6470	 | 	Train Accuracy     : 0.6861
Valid Loss     : 1.3210	 | 	Valid Accuracy     : 0.4592

Epoch : 8
Train Loss     : 0.5597	 | 	Train Accuracy     : 0.7658
Valid Loss     : 1.3770	 | 	Valid Accuracy     : 0.4537

Epoch : 9
Train Loss     : 0.5040	 | 	Train Accuracy     : 0.7955
Valid Loss     : 1.3247	 | 	Valid Accuracy     : 0.4684

Epoch : 10
Train Loss     : 0.4334	 | 	Train Accuracy     : 0.8514
Valid Loss     : 1.3154	 | 	Valid Accuracy     : 0.4729

Epoch : 11
Train Loss     : 0.4072	 | 	Train Accuracy     : 0.8578
Valid Loss     : 1.3588	 | 	Valid Accuracy     : 0.4811

Epoch : 12
Train Loss     : 0.3346	 | 	Train Accuracy     : 0.8798
Valid Loss     : 1.4444	 | 	Valid Accuracy     : 0.4861

Epoch : 13
Train Loss     : 0.2986	 | 	Train Accuracy     : 0.8979
Valid Loss     : 1.4121	 | 	Valid Accuracy     : 0.4925

Epoch : 14
Train Loss     : 0.2560	 | 	Train Accuracy     : 0.9322
Valid Loss     : 1.3188	 | 	Valid Accuracy     : 0.5073

Epoch : 15
Train Loss     : 0.2350	 | 	Train Accuracy     : 0.9290
Valid Loss     : 1.3735	 | 	Valid Accuracy     : 0.5033

Epoch : 16
Train Loss     : 0.2008	 | 	Train Accuracy     : 0.9312
Valid Loss     : 1.4522	 | 	Valid Accuracy     : 0.5101

Epoch : 17
Train Loss     : 0.1754	 | 	Train Accuracy     : 0.9452
Valid Loss     : 1.4486	 | 	Valid Accuracy     : 0.5156

Epoch : 18
Train Loss     : 0.1681	 | 	Train Accuracy     : 0.9402
Valid Loss     : 1.4110	 | 	Valid Accuracy     : 0.5202

Epoch : 19
Train Loss     : 0.1574	 | 	Train Accuracy     : 0.9491
Valid Loss     : 1.3553	 | 	Valid Accuracy     : 0.5356

Epoch : 20
Train Loss     : 0.1447	 | 	Train Accuracy     : 0.9605
Valid Loss     : 1.3598	 | 	Valid Accuracy     : 0.5440

Epoch : 21
Train Loss     : 0.1407	 | 	Train Accuracy     : 0.9663
Valid Loss     : 1.3342	 | 	Valid Accuracy     : 0.5561

Epoch : 22
Train Loss     : 0.1376	 | 	Train Accuracy     : 0.9717
Valid Loss     : 1.3383	 | 	Valid Accuracy     : 0.5544

Epoch : 23
Train Loss     : 0.1345	 | 	Train Accuracy     : 0.9709
Valid Loss     : 1.3761	 | 	Valid Accuracy     : 0.5541

Epoch : 24
Train Loss     : 0.1351	 | 	Train Accuracy     : 0.9713
Valid Loss     : 1.3901	 | 	Valid Accuracy     : 0.5482

Epoch : 25
Train Loss     : 0.1379	 | 	Train Accuracy     : 0.9655
Valid Loss     : 1.3655	 | 	Valid Accuracy     : 0.5541

Epoch : 26
Train Loss     : 0.1348	 | 	Train Accuracy     : 0.9683
Valid Loss     : 1.3806	 | 	Valid Accuracy     : 0.5595

Epoch : 27
Train Loss     : 0.1272	 | 	Train Accuracy     : 0.9650
Valid Loss     : 1.4013	 | 	Valid Accuracy     : 0.5507

Epoch : 28
Train Loss     : 0.1351	 | 	Train Accuracy     : 0.9670
Valid Loss     : 1.4065	 | 	Valid Accuracy     : 0.5556

Epoch : 29
Train Loss     : 0.1266	 | 	Train Accuracy     : 0.9652
Valid Loss     : 1.4616	 | 	Valid Accuracy     : 0.5436

Epoch : 30
Train Loss     : 0.1219	 | 	Train Accuracy     : 0.9676
Valid Loss     : 1.3927	 | 	Valid Accuracy     : 0.5558

Evaluate on the Test set:
Test loss      :1.9119	 | Test Accuracy      : 0.4564 | Test AUPRC      : 0.5189
tensor([0.9694, 0.9579, 0.9592, 0.9612, 0.9812, 0.9639, 0.9674, 0.9515, 0.9598,
        0.9508, 0.9563, 0.9606, 0.9862, 0.9576, 0.9596, 0.9653, 0.9527, 0.9569,
        0.9691, 0.9510, 0.9663, 0.9731, 1.0027, 1.0036, 0.9974, 0.9625, 0.9661,
        0.9703, 0.9537, 0.9648, 0.9786, 0.9663, 0.9873, 0.9654, 0.9642, 0.9615,
        0.9745, 0.9632, 0.9587, 0.9562, 1.0018, 0.9662, 0.9543, 0.9585, 0.9564,
        0.9591, 0.9756, 0.9629, 0.9670, 0.9547, 0.9565, 0.9644, 0.9593, 0.9645,
        0.9620, 0.9743, 0.9591, 0.9607, 0.9605, 0.9632, 0.9572, 0.9624],
       device='cuda:0', grad_fn=<SqueezeBackward1>)

################## Training is Done! #########################
Training time is : 0:00:45.207688
