=============================================
Dataset: SEED
Method:  TS-TCC
Mode:    supervised
=============================================
Data loaded ...
Subjet 7
if scale True
Training started ....

Epoch : 1
Train Loss     : 2.0021	 | 	Train Accuracy     : 0.3428
Valid Loss     : 1.3903	 | 	Valid Accuracy     : 0.3417

Epoch : 2
Train Loss     : 1.3838	 | 	Train Accuracy     : 0.3388
Valid Loss     : 1.1418	 | 	Valid Accuracy     : 0.3435

Epoch : 3
Train Loss     : 1.1797	 | 	Train Accuracy     : 0.4557
Valid Loss     : 1.3493	 | 	Valid Accuracy     : 0.4544

Epoch : 4
Train Loss     : 1.0587	 | 	Train Accuracy     : 0.5060
Valid Loss     : 1.6895	 | 	Valid Accuracy     : 0.4413

Epoch : 5
Train Loss     : 0.8136	 | 	Train Accuracy     : 0.6219
Valid Loss     : 2.0271	 | 	Valid Accuracy     : 0.3961

Epoch : 6
Train Loss     : 0.7991	 | 	Train Accuracy     : 0.6253
Valid Loss     : 2.3794	 | 	Valid Accuracy     : 0.4171

Epoch : 7
Train Loss     : 0.6074	 | 	Train Accuracy     : 0.7404
Valid Loss     : 3.0534	 | 	Valid Accuracy     : 0.4267

Epoch : 8
Train Loss     : 0.5878	 | 	Train Accuracy     : 0.7919
Valid Loss     : 3.2596	 | 	Valid Accuracy     : 0.4338

Epoch : 9
Train Loss     : 0.4978	 | 	Train Accuracy     : 0.8098
Valid Loss     : 3.4672	 | 	Valid Accuracy     : 0.4223

Epoch : 10
Train Loss     : 0.4399	 | 	Train Accuracy     : 0.8283
Valid Loss     : 3.8082	 | 	Valid Accuracy     : 0.4383

Epoch : 11
Train Loss     : 0.3530	 | 	Train Accuracy     : 0.9226
Valid Loss     : 4.1014	 | 	Valid Accuracy     : 0.4257

Epoch : 12
Train Loss     : 0.3433	 | 	Train Accuracy     : 0.9076
Valid Loss     : 3.9990	 | 	Valid Accuracy     : 0.4379

Epoch : 13
Train Loss     : 0.2920	 | 	Train Accuracy     : 0.9160
Valid Loss     : 4.1709	 | 	Valid Accuracy     : 0.4408

Epoch : 14
Train Loss     : 0.2657	 | 	Train Accuracy     : 0.9182
Valid Loss     : 4.1597	 | 	Valid Accuracy     : 0.4426

Epoch : 15
Train Loss     : 0.2584	 | 	Train Accuracy     : 0.9288
Valid Loss     : 4.2105	 | 	Valid Accuracy     : 0.4467

Epoch : 16
Train Loss     : 0.2465	 | 	Train Accuracy     : 0.9319
Valid Loss     : 4.4294	 | 	Valid Accuracy     : 0.4455

Epoch : 17
Train Loss     : 0.2379	 | 	Train Accuracy     : 0.9559
Valid Loss     : 4.4479	 | 	Valid Accuracy     : 0.4419

Epoch : 18
Train Loss     : 0.2440	 | 	Train Accuracy     : 0.9428
Valid Loss     : 4.4908	 | 	Valid Accuracy     : 0.4448

Epoch : 19
Train Loss     : 0.2453	 | 	Train Accuracy     : 0.9446
Valid Loss     : 4.4655	 | 	Valid Accuracy     : 0.4431

Epoch : 20
Train Loss     : 0.2343	 | 	Train Accuracy     : 0.9540
Valid Loss     : 4.5421	 | 	Valid Accuracy     : 0.4456

Epoch : 21
Train Loss     : 0.2415	 | 	Train Accuracy     : 0.9508
Valid Loss     : 4.5312	 | 	Valid Accuracy     : 0.4467

Epoch : 22
Train Loss     : 0.2244	 | 	Train Accuracy     : 0.9590
Valid Loss     : 4.5565	 | 	Valid Accuracy     : 0.4435

Epoch : 23
Train Loss     : 0.2224	 | 	Train Accuracy     : 0.9562
Valid Loss     : 4.5177	 | 	Valid Accuracy     : 0.4460

Epoch : 24
Train Loss     : 0.2228	 | 	Train Accuracy     : 0.9547
Valid Loss     : 4.4911	 | 	Valid Accuracy     : 0.4562

Epoch : 25
Train Loss     : 0.2130	 | 	Train Accuracy     : 0.9605
Valid Loss     : 4.9547	 | 	Valid Accuracy     : 0.4403

Epoch : 26
Train Loss     : 0.2294	 | 	Train Accuracy     : 0.9591
Valid Loss     : 4.6278	 | 	Valid Accuracy     : 0.4452

Epoch : 27
Train Loss     : 0.2110	 | 	Train Accuracy     : 0.9523
Valid Loss     : 4.6237	 | 	Valid Accuracy     : 0.4463

Epoch : 28
Train Loss     : 0.2150	 | 	Train Accuracy     : 0.9549
Valid Loss     : 4.6544	 | 	Valid Accuracy     : 0.4516

Epoch : 29
Train Loss     : 0.2393	 | 	Train Accuracy     : 0.9362
Valid Loss     : 4.6374	 | 	Valid Accuracy     : 0.4437

Epoch : 30
Train Loss     : 0.2238	 | 	Train Accuracy     : 0.9614
Valid Loss     : 4.5339	 | 	Valid Accuracy     : 0.4518

Evaluate on the Test set:
Test loss      :5.9674	 | Test Accuracy      : 0.3181 | Test AUPRC      : 0.3945
tensor([0.9847, 0.9823, 0.9825, 0.9754, 0.9862, 0.9960, 0.9905, 0.9836, 0.9756,
        0.9720, 0.9708, 0.9750, 0.9778, 0.9676, 0.9818, 0.9736, 0.9841, 0.9740,
        0.9699, 0.9895, 0.9717, 0.9718, 0.9751, 1.0032, 0.9712, 0.9712, 0.9795,
        0.9739, 0.9759, 0.9744, 0.9715, 0.9722, 0.9710, 0.9792, 0.9717, 0.9725,
        0.9776, 0.9712, 0.9813, 0.9709, 1.0042, 0.9868, 0.9756, 0.9758, 0.9746,
        0.9756, 0.9920, 0.9686, 0.9773, 0.9779, 0.9734, 0.9707, 0.9792, 0.9707,
        0.9705, 0.9795, 0.9717, 0.9794, 0.9727, 0.9767, 0.9816, 0.9709],
       device='cuda:0', grad_fn=<SqueezeBackward1>)

################## Training is Done! #########################
Training time is : 0:00:50.646280
