=============================================
Dataset: SEED
Method:  TS-TCC
Mode:    supervised
=============================================
Data loaded ...
Subjet 5
if scale True
Training started ....

Epoch : 1
Train Loss     : 1.2772	 | 	Train Accuracy     : 0.4488
Valid Loss     : 2.2192	 | 	Valid Accuracy     : 0.3240

Epoch : 2
Train Loss     : 0.7875	 | 	Train Accuracy     : 0.6406
Valid Loss     : 2.8865	 | 	Valid Accuracy     : 0.3338

Epoch : 3
Train Loss     : 0.6696	 | 	Train Accuracy     : 0.6810
Valid Loss     : 4.7596	 | 	Valid Accuracy     : 0.3542

Epoch : 4
Train Loss     : 0.5182	 | 	Train Accuracy     : 0.7645
Valid Loss     : 9.2082	 | 	Valid Accuracy     : 0.3604

Epoch : 5
Train Loss     : 0.5573	 | 	Train Accuracy     : 0.7945
Valid Loss     : 12.0246	 | 	Valid Accuracy     : 0.3693

Epoch : 6
Train Loss     : 0.4442	 | 	Train Accuracy     : 0.8099
Valid Loss     : 12.1134	 | 	Valid Accuracy     : 0.3649

Epoch : 7
Train Loss     : 0.4117	 | 	Train Accuracy     : 0.8218
Valid Loss     : 12.5397	 | 	Valid Accuracy     : 0.3388

Epoch : 8
Train Loss     : 0.5005	 | 	Train Accuracy     : 0.8168
Valid Loss     : 13.8715	 | 	Valid Accuracy     : 0.3192

Epoch : 9
Train Loss     : 0.4234	 | 	Train Accuracy     : 0.8212
Valid Loss     : 13.6979	 | 	Valid Accuracy     : 0.3158

Epoch : 10
Train Loss     : 0.4421	 | 	Train Accuracy     : 0.8045
Valid Loss     : 14.8138	 | 	Valid Accuracy     : 0.3317

Epoch : 11
Train Loss     : 0.3760	 | 	Train Accuracy     : 0.8457
Valid Loss     : 13.3543	 | 	Valid Accuracy     : 0.3589

Epoch : 12
Train Loss     : 0.3054	 | 	Train Accuracy     : 0.8863
Valid Loss     : 11.3751	 | 	Valid Accuracy     : 0.3520

Epoch : 13
Train Loss     : 0.2807	 | 	Train Accuracy     : 0.9069
Valid Loss     : 11.2853	 | 	Valid Accuracy     : 0.3446

Epoch : 14
Train Loss     : 0.4261	 | 	Train Accuracy     : 0.8394
Valid Loss     : 11.7469	 | 	Valid Accuracy     : 0.3527

Epoch : 15
Train Loss     : 0.2638	 | 	Train Accuracy     : 0.9193
Valid Loss     : 12.2021	 | 	Valid Accuracy     : 0.3511

Epoch : 16
Train Loss     : 0.3449	 | 	Train Accuracy     : 0.8850
Valid Loss     : 13.7285	 | 	Valid Accuracy     : 0.3490

Epoch : 17
Train Loss     : 0.3078	 | 	Train Accuracy     : 0.8698
Valid Loss     : 13.5854	 | 	Valid Accuracy     : 0.3554

Epoch : 18
Train Loss     : 0.2949	 | 	Train Accuracy     : 0.8889
Valid Loss     : 13.3908	 | 	Valid Accuracy     : 0.3530

Epoch : 19
Train Loss     : 0.2903	 | 	Train Accuracy     : 0.8704
Valid Loss     : 13.5223	 | 	Valid Accuracy     : 0.3521

Epoch : 20
Train Loss     : 0.2631	 | 	Train Accuracy     : 0.8928
Valid Loss     : 11.5755	 | 	Valid Accuracy     : 0.3501

Epoch : 21
Train Loss     : 0.3120	 | 	Train Accuracy     : 0.8631
Valid Loss     : 11.0171	 | 	Valid Accuracy     : 0.3440

Epoch : 22
Train Loss     : 0.3016	 | 	Train Accuracy     : 0.8676
Valid Loss     : 11.8626	 | 	Valid Accuracy     : 0.3539

Epoch : 23
Train Loss     : 0.2225	 | 	Train Accuracy     : 0.9206
Valid Loss     : 11.9253	 | 	Valid Accuracy     : 0.3527

Epoch : 24
Train Loss     : 0.2314	 | 	Train Accuracy     : 0.9106
Valid Loss     : 12.1565	 | 	Valid Accuracy     : 0.3490

Epoch : 25
Train Loss     : 0.2167	 | 	Train Accuracy     : 0.9212
Valid Loss     : 11.8823	 | 	Valid Accuracy     : 0.3482

Epoch : 26
Train Loss     : 0.3007	 | 	Train Accuracy     : 0.9067
Valid Loss     : 11.8108	 | 	Valid Accuracy     : 0.3363

Epoch : 27
Train Loss     : 0.2217	 | 	Train Accuracy     : 0.9164
Valid Loss     : 12.6144	 | 	Valid Accuracy     : 0.3560

Epoch : 28
Train Loss     : 0.2308	 | 	Train Accuracy     : 0.9271
Valid Loss     : 12.2164	 | 	Valid Accuracy     : 0.3531

Epoch : 29
Train Loss     : 0.2334	 | 	Train Accuracy     : 0.9132
Valid Loss     : 12.6890	 | 	Valid Accuracy     : 0.3552

Epoch : 30
Train Loss     : 0.2328	 | 	Train Accuracy     : 0.9145
Valid Loss     : 12.5394	 | 	Valid Accuracy     : 0.3506

Evaluate on the Test set:
Test loss      :10.6825	 | Test Accuracy      : 0.3951 | Test AUPRC      : 0.3628
tensor([0.9509, 0.9583, 0.9420, 0.9544, 0.9435, 0.9851, 0.9888, 0.9541, 0.9458,
        0.9490, 0.9399, 0.9465, 0.9396, 0.9442, 0.9649, 0.9365, 0.9917, 0.9513,
        0.9372, 0.9451, 0.9690, 0.9570, 0.9852, 0.9435, 0.9381, 0.9577, 0.9504,
        0.9391, 0.9513, 0.9655, 0.9888, 0.9505, 0.9569, 0.9758, 0.9395, 0.9625,
        0.9476, 0.9428, 0.9857, 0.9376, 0.9983, 0.9840, 0.9671, 0.9462, 0.9581,
        0.9551, 0.9505, 0.9644, 0.9616, 0.9935, 0.9520, 0.9405, 0.9466, 0.9493,
        0.9612, 0.9639, 0.9790, 0.9552, 0.9541, 0.9534, 0.9549, 0.9425],
       device='cuda:0', grad_fn=<SqueezeBackward1>)

################## Training is Done! #########################
Training time is : 0:00:57.772258
