=============================================
Dataset: SEED
Method:  TS-TCC
Mode:    supervised
=============================================
Data loaded ...
Subjet 8
if scale True
Training started ....

Epoch : 1
Train Loss     : 1.3144	 | 	Train Accuracy     : 0.5399
Valid Loss     : 1.2033	 | 	Valid Accuracy     : 0.3884

Epoch : 2
Train Loss     : 0.7412	 | 	Train Accuracy     : 0.6120
Valid Loss     : 1.1143	 | 	Valid Accuracy     : 0.4512

Epoch : 3
Train Loss     : 0.5149	 | 	Train Accuracy     : 0.7459
Valid Loss     : 1.0872	 | 	Valid Accuracy     : 0.4807

Epoch : 4
Train Loss     : 0.4147	 | 	Train Accuracy     : 0.8228
Valid Loss     : 1.0542	 | 	Valid Accuracy     : 0.5132

Epoch : 5
Train Loss     : 0.3011	 | 	Train Accuracy     : 0.8856
Valid Loss     : 1.0971	 | 	Valid Accuracy     : 0.5150

Epoch : 6
Train Loss     : 0.2662	 | 	Train Accuracy     : 0.8840
Valid Loss     : 1.3843	 | 	Valid Accuracy     : 0.4792

Epoch : 7
Train Loss     : 0.2115	 | 	Train Accuracy     : 0.9318
Valid Loss     : 1.4978	 | 	Valid Accuracy     : 0.4836

Epoch : 8
Train Loss     : 0.1773	 | 	Train Accuracy     : 0.9443
Valid Loss     : 1.4347	 | 	Valid Accuracy     : 0.5299

Epoch : 9
Train Loss     : 0.1559	 | 	Train Accuracy     : 0.9500
Valid Loss     : 1.3878	 | 	Valid Accuracy     : 0.5732

Epoch : 10
Train Loss     : 0.1389	 | 	Train Accuracy     : 0.9583
Valid Loss     : 1.3816	 | 	Valid Accuracy     : 0.5929

Epoch : 11
Train Loss     : 0.1037	 | 	Train Accuracy     : 0.9748
Valid Loss     : 1.4362	 | 	Valid Accuracy     : 0.6028

Epoch : 12
Train Loss     : 0.0916	 | 	Train Accuracy     : 0.9774
Valid Loss     : 1.5547	 | 	Valid Accuracy     : 0.6076

Epoch : 13
Train Loss     : 0.0857	 | 	Train Accuracy     : 0.9793
Valid Loss     : 1.4946	 | 	Valid Accuracy     : 0.6082

Epoch : 14
Train Loss     : 0.0722	 | 	Train Accuracy     : 0.9855
Valid Loss     : 1.5564	 | 	Valid Accuracy     : 0.6011

Epoch : 15
Train Loss     : 0.0607	 | 	Train Accuracy     : 0.9875
Valid Loss     : 1.7062	 | 	Valid Accuracy     : 0.6025

Epoch : 16
Train Loss     : 0.0571	 | 	Train Accuracy     : 0.9888
Valid Loss     : 1.5569	 | 	Valid Accuracy     : 0.6159

Epoch : 17
Train Loss     : 0.0518	 | 	Train Accuracy     : 0.9901
Valid Loss     : 1.6200	 | 	Valid Accuracy     : 0.6250

Epoch : 18
Train Loss     : 0.0568	 | 	Train Accuracy     : 0.9845
Valid Loss     : 1.5334	 | 	Valid Accuracy     : 0.6322

Epoch : 19
Train Loss     : 0.0541	 | 	Train Accuracy     : 0.9901
Valid Loss     : 1.5391	 | 	Valid Accuracy     : 0.6335

Epoch : 20
Train Loss     : 0.0548	 | 	Train Accuracy     : 0.9842
Valid Loss     : 1.5208	 | 	Valid Accuracy     : 0.6357

Epoch : 21
Train Loss     : 0.0498	 | 	Train Accuracy     : 0.9901
Valid Loss     : 1.4882	 | 	Valid Accuracy     : 0.6381

Epoch : 22
Train Loss     : 0.0528	 | 	Train Accuracy     : 0.9855
Valid Loss     : 1.5007	 | 	Valid Accuracy     : 0.6393

Epoch : 23
Train Loss     : 0.0448	 | 	Train Accuracy     : 0.9948
Valid Loss     : 1.4885	 | 	Valid Accuracy     : 0.6361

Epoch : 24
Train Loss     : 0.0501	 | 	Train Accuracy     : 0.9886
Valid Loss     : 1.5575	 | 	Valid Accuracy     : 0.6366

Epoch : 25
Train Loss     : 0.0469	 | 	Train Accuracy     : 0.9912
Valid Loss     : 1.5568	 | 	Valid Accuracy     : 0.6435

Epoch : 26
Train Loss     : 0.0485	 | 	Train Accuracy     : 0.9920
Valid Loss     : 1.4942	 | 	Valid Accuracy     : 0.6440

Epoch : 27
Train Loss     : 0.0466	 | 	Train Accuracy     : 0.9888
Valid Loss     : 1.4927	 | 	Valid Accuracy     : 0.6465

Epoch : 28
Train Loss     : 0.0436	 | 	Train Accuracy     : 0.9927
Valid Loss     : 1.5464	 | 	Valid Accuracy     : 0.6478

Epoch : 29
Train Loss     : 0.0473	 | 	Train Accuracy     : 0.9899
Valid Loss     : 1.5178	 | 	Valid Accuracy     : 0.6384

Epoch : 30
Train Loss     : 0.0446	 | 	Train Accuracy     : 0.9948
Valid Loss     : 1.5282	 | 	Valid Accuracy     : 0.6425

Evaluate on the Test set:
Test loss      :2.2240	 | Test Accuracy      : 0.6381 | Test AUPRC      : 0.6938
tensor([0.9934, 0.9711, 1.0013, 0.9601, 0.9683, 0.9646, 0.9613, 0.9633, 0.9786,
        0.9629, 0.9639, 0.9638, 0.9751, 0.9640, 0.9693, 0.9650, 0.9732, 0.9626,
        0.9647, 0.9728, 0.9650, 0.9768, 0.9602, 0.9622, 0.9644, 0.9619, 0.9762,
        0.9656, 0.9626, 0.9638, 0.9612, 0.9692, 0.9652, 0.9654, 0.9627, 0.9634,
        0.9749, 0.9603, 0.9769, 0.9623, 0.9856, 0.9829, 0.9638, 0.9647, 0.9655,
        0.9602, 0.9738, 0.9592, 0.9614, 0.9667, 0.9644, 0.9625, 0.9709, 0.9673,
        0.9628, 0.9758, 0.9726, 0.9614, 0.9609, 0.9746, 0.9686, 0.9672],
       device='cuda:0', grad_fn=<SqueezeBackward1>)

################## Training is Done! #########################
Training time is : 0:00:47.169239
