=============================================
Dataset: SEED
Method:  TS-TCC
Mode:    supervised
=============================================
Data loaded ...
Subjet 6
if scale True
Training started ....

Epoch : 1
Train Loss     : 1.1774	 | 	Train Accuracy     : 0.4860
Valid Loss     : 0.7568	 | 	Valid Accuracy     : 0.7045

Epoch : 2
Train Loss     : 0.6289	 | 	Train Accuracy     : 0.7201
Valid Loss     : 0.6767	 | 	Valid Accuracy     : 0.7653

Epoch : 3
Train Loss     : 0.4941	 | 	Train Accuracy     : 0.8007
Valid Loss     : 0.6239	 | 	Valid Accuracy     : 0.7649

Epoch : 4
Train Loss     : 0.3974	 | 	Train Accuracy     : 0.8527
Valid Loss     : 0.5897	 | 	Valid Accuracy     : 0.7847

Epoch : 5
Train Loss     : 0.3336	 | 	Train Accuracy     : 0.8780
Valid Loss     : 0.6120	 | 	Valid Accuracy     : 0.7900

Epoch : 6
Train Loss     : 0.2930	 | 	Train Accuracy     : 0.8946
Valid Loss     : 0.6223	 | 	Valid Accuracy     : 0.7871

Epoch : 7
Train Loss     : 0.2871	 | 	Train Accuracy     : 0.8948
Valid Loss     : 0.6782	 | 	Valid Accuracy     : 0.7728

Epoch : 8
Train Loss     : 0.2692	 | 	Train Accuracy     : 0.8981
Valid Loss     : 0.6416	 | 	Valid Accuracy     : 0.7909

Epoch : 9
Train Loss     : 0.2506	 | 	Train Accuracy     : 0.9083
Valid Loss     : 0.7790	 | 	Valid Accuracy     : 0.7665

Epoch : 10
Train Loss     : 0.2475	 | 	Train Accuracy     : 0.9098
Valid Loss     : 0.7001	 | 	Valid Accuracy     : 0.7915

Epoch : 11
Train Loss     : 0.2201	 | 	Train Accuracy     : 0.9191
Valid Loss     : 0.7546	 | 	Valid Accuracy     : 0.7834

Epoch : 12
Train Loss     : 0.1939	 | 	Train Accuracy     : 0.9306
Valid Loss     : 0.7871	 | 	Valid Accuracy     : 0.7840

Epoch : 13
Train Loss     : 0.1957	 | 	Train Accuracy     : 0.9295
Valid Loss     : 0.7212	 | 	Valid Accuracy     : 0.8016

Epoch : 14
Train Loss     : 0.2005	 | 	Train Accuracy     : 0.9204
Valid Loss     : 0.7754	 | 	Valid Accuracy     : 0.7799

Epoch : 15
Train Loss     : 0.1774	 | 	Train Accuracy     : 0.9356
Valid Loss     : 0.7825	 | 	Valid Accuracy     : 0.7821

Epoch : 16
Train Loss     : 0.1603	 | 	Train Accuracy     : 0.9423
Valid Loss     : 0.7403	 | 	Valid Accuracy     : 0.7920

Epoch : 17
Train Loss     : 0.1365	 | 	Train Accuracy     : 0.9573
Valid Loss     : 0.8564	 | 	Valid Accuracy     : 0.7930

Epoch : 18
Train Loss     : 0.1332	 | 	Train Accuracy     : 0.9588
Valid Loss     : 0.8044	 | 	Valid Accuracy     : 0.7969

Epoch : 19
Train Loss     : 0.1338	 | 	Train Accuracy     : 0.9560
Valid Loss     : 0.8452	 | 	Valid Accuracy     : 0.7896

Epoch : 20
Train Loss     : 0.1372	 | 	Train Accuracy     : 0.9575
Valid Loss     : 0.8512	 | 	Valid Accuracy     : 0.7868

Epoch : 21
Train Loss     : 0.1289	 | 	Train Accuracy     : 0.9563
Valid Loss     : 0.8403	 | 	Valid Accuracy     : 0.7915

Epoch : 22
Train Loss     : 0.1269	 | 	Train Accuracy     : 0.9611
Valid Loss     : 0.8533	 | 	Valid Accuracy     : 0.7806

Epoch : 23
Train Loss     : 0.1201	 | 	Train Accuracy     : 0.9633
Valid Loss     : 0.8142	 | 	Valid Accuracy     : 0.7904

Epoch : 24
Train Loss     : 0.1231	 | 	Train Accuracy     : 0.9617
Valid Loss     : 1.3558	 | 	Valid Accuracy     : 0.7932

Epoch : 25
Train Loss     : 0.1213	 | 	Train Accuracy     : 0.9635
Valid Loss     : 0.8765	 | 	Valid Accuracy     : 0.7867

Epoch : 26
Train Loss     : 0.1195	 | 	Train Accuracy     : 0.9621
Valid Loss     : 0.8620	 | 	Valid Accuracy     : 0.7920

Epoch : 27
Train Loss     : 0.1124	 | 	Train Accuracy     : 0.9637
Valid Loss     : 0.8486	 | 	Valid Accuracy     : 0.7942

Epoch : 28
Train Loss     : 0.1120	 | 	Train Accuracy     : 0.9681
Valid Loss     : 1.3796	 | 	Valid Accuracy     : 0.7917

Epoch : 29
Train Loss     : 0.1111	 | 	Train Accuracy     : 0.9663
Valid Loss     : 0.8755	 | 	Valid Accuracy     : 0.7909

Epoch : 30
Train Loss     : 0.1106	 | 	Train Accuracy     : 0.9674
Valid Loss     : 0.8871	 | 	Valid Accuracy     : 0.7902

Evaluate on the Test set:
Test loss      :1.1453	 | Test Accuracy      : 0.6776 | Test AUPRC      : 0.7483
tensor([0.9713, 0.9028, 0.8058, 0.7671, 0.7045, 0.8943, 0.8508, 0.9037, 0.7507,
        0.7287, 0.7374, 0.7606, 0.7762, 0.8204, 0.9044, 0.8865, 0.7801, 0.7945,
        0.7193, 0.7942, 0.7545, 0.7981, 0.9348, 0.9000, 0.7924, 0.7783, 0.7523,
        0.7596, 0.7642, 0.7606, 0.7855, 0.9949, 0.8927, 0.7818, 0.7675, 0.7340,
        0.8005, 0.8188, 0.7804, 0.7327, 0.8540, 0.8554, 0.7556, 0.7441, 0.8678,
        0.7317, 0.7780, 0.8059, 0.7491, 0.7527, 0.8197, 0.7591, 0.8077, 0.7636,
        0.8127, 0.8222, 0.7994, 0.7974, 0.8086, 0.8326, 0.7614, 0.7322],
       device='cuda:0', grad_fn=<SqueezeBackward1>)

################## Training is Done! #########################
Training time is : 0:02:39.359228
