=============================================
Dataset: SEED
Method:  TS-TCC
Mode:    supervised
=============================================
Data loaded ...
Subjet 13
if scale True
Training started ....

Epoch : 1
Train Loss     : 1.3333	 | 	Train Accuracy     : 0.4405
Valid Loss     : 1.1516	 | 	Valid Accuracy     : 0.3434

Epoch : 2
Train Loss     : 0.9122	 | 	Train Accuracy     : 0.6274
Valid Loss     : 0.9540	 | 	Valid Accuracy     : 0.5335

Epoch : 3
Train Loss     : 0.6561	 | 	Train Accuracy     : 0.7023
Valid Loss     : 0.8629	 | 	Valid Accuracy     : 0.5491

Epoch : 4
Train Loss     : 0.5144	 | 	Train Accuracy     : 0.7509
Valid Loss     : 0.8762	 | 	Valid Accuracy     : 0.6007

Epoch : 5
Train Loss     : 0.3023	 | 	Train Accuracy     : 0.8767
Valid Loss     : 0.9420	 | 	Valid Accuracy     : 0.6288

Epoch : 6
Train Loss     : 0.2756	 | 	Train Accuracy     : 0.8778
Valid Loss     : 0.8696	 | 	Valid Accuracy     : 0.6310

Epoch : 7
Train Loss     : 0.3145	 | 	Train Accuracy     : 0.8340
Valid Loss     : 0.9243	 | 	Valid Accuracy     : 0.6185

Epoch : 8
Train Loss     : 0.2698	 | 	Train Accuracy     : 0.8947
Valid Loss     : 1.2056	 | 	Valid Accuracy     : 0.4421

Epoch : 9
Train Loss     : 0.2398	 | 	Train Accuracy     : 0.9047
Valid Loss     : 1.1431	 | 	Valid Accuracy     : 0.5313

Epoch : 10
Train Loss     : 0.1989	 | 	Train Accuracy     : 0.9303
Valid Loss     : 1.1201	 | 	Valid Accuracy     : 0.6263

Epoch : 11
Train Loss     : 0.2496	 | 	Train Accuracy     : 0.8876
Valid Loss     : 1.0820	 | 	Valid Accuracy     : 0.6130

Epoch : 12
Train Loss     : 0.1719	 | 	Train Accuracy     : 0.9408
Valid Loss     : 1.1297	 | 	Valid Accuracy     : 0.6225

Epoch : 13
Train Loss     : 0.1919	 | 	Train Accuracy     : 0.9104
Valid Loss     : 1.2054	 | 	Valid Accuracy     : 0.6463

Epoch : 14
Train Loss     : 0.1512	 | 	Train Accuracy     : 0.9319
Valid Loss     : 1.0941	 | 	Valid Accuracy     : 0.6439

Epoch : 15
Train Loss     : 0.1633	 | 	Train Accuracy     : 0.9412
Valid Loss     : 1.1176	 | 	Valid Accuracy     : 0.6472

Epoch : 16
Train Loss     : 0.1660	 | 	Train Accuracy     : 0.9457
Valid Loss     : 1.1806	 | 	Valid Accuracy     : 0.6570

Epoch : 17
Train Loss     : 0.1546	 | 	Train Accuracy     : 0.9529
Valid Loss     : 1.2048	 | 	Valid Accuracy     : 0.6616

Epoch : 18
Train Loss     : 0.1428	 | 	Train Accuracy     : 0.9280
Valid Loss     : 1.2669	 | 	Valid Accuracy     : 0.6618

Epoch : 19
Train Loss     : 0.1133	 | 	Train Accuracy     : 0.9538
Valid Loss     : 1.2721	 | 	Valid Accuracy     : 0.6544

Epoch : 20
Train Loss     : 0.1571	 | 	Train Accuracy     : 0.9273
Valid Loss     : 1.2324	 | 	Valid Accuracy     : 0.6607

Epoch : 21
Train Loss     : 0.1232	 | 	Train Accuracy     : 0.9674
Valid Loss     : 1.1557	 | 	Valid Accuracy     : 0.6529

Epoch : 22
Train Loss     : 0.1136	 | 	Train Accuracy     : 0.9720
Valid Loss     : 1.1651	 | 	Valid Accuracy     : 0.6557

Epoch : 23
Train Loss     : 0.1227	 | 	Train Accuracy     : 0.9714
Valid Loss     : 1.1776	 | 	Valid Accuracy     : 0.6541

Epoch : 24
Train Loss     : 0.1348	 | 	Train Accuracy     : 0.9542
Valid Loss     : 1.1701	 | 	Valid Accuracy     : 0.6608

Epoch : 25
Train Loss     : 0.1328	 | 	Train Accuracy     : 0.9629
Valid Loss     : 1.1927	 | 	Valid Accuracy     : 0.6581

Epoch : 26
Train Loss     : 0.1778	 | 	Train Accuracy     : 0.9171
Valid Loss     : 1.1195	 | 	Valid Accuracy     : 0.6666

Epoch : 27
Train Loss     : 0.1219	 | 	Train Accuracy     : 0.9529
Valid Loss     : 1.1813	 | 	Valid Accuracy     : 0.6605

Epoch : 28
Train Loss     : 0.1517	 | 	Train Accuracy     : 0.9258
Valid Loss     : 1.1540	 | 	Valid Accuracy     : 0.6632

Epoch : 29
Train Loss     : 0.1166	 | 	Train Accuracy     : 0.9668
Valid Loss     : 1.1659	 | 	Valid Accuracy     : 0.6627

Epoch : 30
Train Loss     : 0.1186	 | 	Train Accuracy     : 0.9648
Valid Loss     : 1.1310	 | 	Valid Accuracy     : 0.6680

Evaluate on the Test set:
Test loss      :2.6343	 | Test Accuracy      : 0.5548 | Test AUPRC      : 0.5548
tensor([0.9680, 0.9656, 0.9407, 0.9713, 0.9492, 0.9732, 0.9980, 0.9353, 0.9567,
        0.9292, 0.9419, 0.9513, 0.9715, 0.9312, 0.9697, 0.9707, 0.9510, 0.9595,
        0.9436, 0.9557, 0.9397, 0.9430, 0.9601, 0.9733, 0.9638, 0.9557, 0.9368,
        0.9401, 0.9368, 0.9606, 0.9462, 0.9747, 1.0098, 0.9671, 0.9353, 0.9361,
        0.9420, 0.9690, 0.9477, 0.9531, 0.9747, 0.9769, 0.9510, 0.9438, 0.9408,
        0.9438, 0.9649, 0.9503, 0.9378, 0.9487, 0.9549, 0.9364, 0.9671, 0.9986,
        0.9590, 0.9512, 0.9396, 0.9469, 0.9376, 0.9445, 0.9612, 0.9468],
       device='cuda:0', grad_fn=<SqueezeBackward1>)

################## Training is Done! #########################
Training time is : 0:01:36.906221
