=============================================
Dataset: SEED
Method:  TS-TCC
Mode:    supervised
=============================================
Data loaded ...
Subjet 5
if scale True
Training started ....

Epoch : 1
Train Loss     : 1.1853	 | 	Train Accuracy     : 0.4790
Valid Loss     : 1.4423	 | 	Valid Accuracy     : 0.4182

Epoch : 2
Train Loss     : 0.7734	 | 	Train Accuracy     : 0.6285
Valid Loss     : 1.4617	 | 	Valid Accuracy     : 0.5613

Epoch : 3
Train Loss     : 0.6189	 | 	Train Accuracy     : 0.7212
Valid Loss     : 1.6107	 | 	Valid Accuracy     : 0.5358

Epoch : 4
Train Loss     : 0.5533	 | 	Train Accuracy     : 0.7564
Valid Loss     : 1.6505	 | 	Valid Accuracy     : 0.5622

Epoch : 5
Train Loss     : 0.5145	 | 	Train Accuracy     : 0.7865
Valid Loss     : 1.7745	 | 	Valid Accuracy     : 0.5761

Epoch : 6
Train Loss     : 0.4727	 | 	Train Accuracy     : 0.8058
Valid Loss     : 1.8547	 | 	Valid Accuracy     : 0.5667

Epoch : 7
Train Loss     : 0.4445	 | 	Train Accuracy     : 0.8194
Valid Loss     : 1.8637	 | 	Valid Accuracy     : 0.5369

Epoch : 8
Train Loss     : 0.4046	 | 	Train Accuracy     : 0.8383
Valid Loss     : 1.9539	 | 	Valid Accuracy     : 0.5517

Epoch : 9
Train Loss     : 0.3591	 | 	Train Accuracy     : 0.8587
Valid Loss     : 2.1385	 | 	Valid Accuracy     : 0.5464

Epoch : 10
Train Loss     : 0.3451	 | 	Train Accuracy     : 0.8685
Valid Loss     : 2.2634	 | 	Valid Accuracy     : 0.5424

Epoch : 11
Train Loss     : 0.3295	 | 	Train Accuracy     : 0.8778
Valid Loss     : 2.1691	 | 	Valid Accuracy     : 0.5373

Epoch : 12
Train Loss     : 0.3260	 | 	Train Accuracy     : 0.8725
Valid Loss     : 2.2923	 | 	Valid Accuracy     : 0.5118

Epoch : 13
Train Loss     : 0.2693	 | 	Train Accuracy     : 0.9010
Valid Loss     : 2.2487	 | 	Valid Accuracy     : 0.5110

Epoch : 14
Train Loss     : 0.2466	 | 	Train Accuracy     : 0.9158
Valid Loss     : 2.3845	 | 	Valid Accuracy     : 0.5168

Epoch : 15
Train Loss     : 0.2358	 | 	Train Accuracy     : 0.9203
Valid Loss     : 2.3319	 | 	Valid Accuracy     : 0.5159

Epoch : 16
Train Loss     : 0.2295	 | 	Train Accuracy     : 0.9186
Valid Loss     : 2.2308	 | 	Valid Accuracy     : 0.5162

Epoch : 17
Train Loss     : 0.2274	 | 	Train Accuracy     : 0.9252
Valid Loss     : 2.3080	 | 	Valid Accuracy     : 0.5213

Epoch : 18
Train Loss     : 0.2188	 | 	Train Accuracy     : 0.9323
Valid Loss     : 2.2835	 | 	Valid Accuracy     : 0.5175

Epoch : 19
Train Loss     : 0.2175	 | 	Train Accuracy     : 0.9341
Valid Loss     : 2.2776	 | 	Valid Accuracy     : 0.5142

Epoch : 20
Train Loss     : 0.2124	 | 	Train Accuracy     : 0.9371
Valid Loss     : 2.4040	 | 	Valid Accuracy     : 0.5196

Epoch : 21
Train Loss     : 0.2142	 | 	Train Accuracy     : 0.9322
Valid Loss     : 2.4045	 | 	Valid Accuracy     : 0.5099

Epoch : 22
Train Loss     : 0.2064	 | 	Train Accuracy     : 0.9343
Valid Loss     : 2.5102	 | 	Valid Accuracy     : 0.5111

Epoch : 23
Train Loss     : 0.2062	 | 	Train Accuracy     : 0.9337
Valid Loss     : 2.3839	 | 	Valid Accuracy     : 0.5152

Epoch : 24
Train Loss     : 0.1921	 | 	Train Accuracy     : 0.9457
Valid Loss     : 2.5183	 | 	Valid Accuracy     : 0.5073

Epoch : 25
Train Loss     : 0.1902	 | 	Train Accuracy     : 0.9424
Valid Loss     : 2.4539	 | 	Valid Accuracy     : 0.5049

Epoch : 26
Train Loss     : 0.1912	 | 	Train Accuracy     : 0.9439
Valid Loss     : 2.4848	 | 	Valid Accuracy     : 0.5042

Epoch : 27
Train Loss     : 0.1932	 | 	Train Accuracy     : 0.9413
Valid Loss     : 2.4334	 | 	Valid Accuracy     : 0.5038

Epoch : 28
Train Loss     : 0.1916	 | 	Train Accuracy     : 0.9404
Valid Loss     : 2.3906	 | 	Valid Accuracy     : 0.5107

Epoch : 29
Train Loss     : 0.1891	 | 	Train Accuracy     : 0.9430
Valid Loss     : 2.4462	 | 	Valid Accuracy     : 0.5043

Epoch : 30
Train Loss     : 0.1928	 | 	Train Accuracy     : 0.9426
Valid Loss     : 2.4426	 | 	Valid Accuracy     : 0.5015

Evaluate on the Test set:
Test loss      :1.4432	 | Test Accuracy      : 0.7209 | Test AUPRC      : 0.7271
tensor([0.8564, 0.8437, 0.8624, 0.8263, 0.8469, 0.7909, 0.9311, 0.7641, 0.7628,
        0.7566, 0.8265, 0.8021, 0.8409, 0.8830, 0.8482, 0.8417, 0.8629, 0.7769,
        0.7760, 0.7524, 0.7645, 0.8117, 0.8793, 0.9925, 0.7423, 0.9198, 0.7982,
        0.7794, 0.7959, 0.9112, 0.9557, 0.9812, 0.9353, 0.7751, 0.8277, 0.7676,
        0.8657, 0.7657, 0.9149, 0.8684, 0.9444, 0.7931, 0.8051, 0.8349, 0.7572,
        0.7766, 0.8474, 0.7767, 0.8760, 0.9118, 0.7706, 0.7644, 0.7641, 0.7434,
        0.7965, 0.7968, 0.8862, 0.7828, 0.8028, 0.9051, 0.8077, 0.8246],
       device='cuda:0', grad_fn=<SqueezeBackward1>)

################## Training is Done! #########################
Training time is : 0:02:38.610826
