=============================================
Dataset: SEED
Method:  TS-TCC
Mode:    supervised
=============================================
Data loaded ...
Subjet 2
if scale True
Training started ....

Epoch : 1
Train Loss     : 1.2595	 | 	Train Accuracy     : 0.3494
Valid Loss     : 1.3168	 | 	Valid Accuracy     : 0.3266

Epoch : 2
Train Loss     : 1.0755	 | 	Train Accuracy     : 0.4761
Valid Loss     : 1.3699	 | 	Valid Accuracy     : 0.3315

Epoch : 3
Train Loss     : 1.0320	 | 	Train Accuracy     : 0.5178
Valid Loss     : 1.2882	 | 	Valid Accuracy     : 0.3458

Epoch : 4
Train Loss     : 0.7926	 | 	Train Accuracy     : 0.6378
Valid Loss     : 1.3854	 | 	Valid Accuracy     : 0.3452

Epoch : 5
Train Loss     : 0.8350	 | 	Train Accuracy     : 0.6069
Valid Loss     : 1.3346	 | 	Valid Accuracy     : 0.3776

Epoch : 6
Train Loss     : 0.6687	 | 	Train Accuracy     : 0.7332
Valid Loss     : 1.2195	 | 	Valid Accuracy     : 0.4610

Epoch : 7
Train Loss     : 0.6470	 | 	Train Accuracy     : 0.6861
Valid Loss     : 1.3211	 | 	Valid Accuracy     : 0.4592

Epoch : 8
Train Loss     : 0.5597	 | 	Train Accuracy     : 0.7658
Valid Loss     : 1.3774	 | 	Valid Accuracy     : 0.4528

Epoch : 9
Train Loss     : 0.5040	 | 	Train Accuracy     : 0.7975
Valid Loss     : 1.3251	 | 	Valid Accuracy     : 0.4679

Epoch : 10
Train Loss     : 0.4334	 | 	Train Accuracy     : 0.8514
Valid Loss     : 1.3154	 | 	Valid Accuracy     : 0.4734

Epoch : 11
Train Loss     : 0.4072	 | 	Train Accuracy     : 0.8578
Valid Loss     : 1.3585	 | 	Valid Accuracy     : 0.4815

Epoch : 12
Train Loss     : 0.3345	 | 	Train Accuracy     : 0.8798
Valid Loss     : 1.4441	 | 	Valid Accuracy     : 0.4856

Epoch : 13
Train Loss     : 0.2986	 | 	Train Accuracy     : 0.8966
Valid Loss     : 1.4124	 | 	Valid Accuracy     : 0.4929

Epoch : 14
Train Loss     : 0.2560	 | 	Train Accuracy     : 0.9309
Valid Loss     : 1.3190	 | 	Valid Accuracy     : 0.5078

Epoch : 15
Train Loss     : 0.2352	 | 	Train Accuracy     : 0.9277
Valid Loss     : 1.3726	 | 	Valid Accuracy     : 0.5037

Epoch : 16
Train Loss     : 0.2009	 | 	Train Accuracy     : 0.9299
Valid Loss     : 1.4507	 | 	Valid Accuracy     : 0.5101

Epoch : 17
Train Loss     : 0.1756	 | 	Train Accuracy     : 0.9465
Valid Loss     : 1.4458	 | 	Valid Accuracy     : 0.5140

Epoch : 18
Train Loss     : 0.1681	 | 	Train Accuracy     : 0.9402
Valid Loss     : 1.4081	 | 	Valid Accuracy     : 0.5206

Epoch : 19
Train Loss     : 0.1574	 | 	Train Accuracy     : 0.9491
Valid Loss     : 1.3529	 | 	Valid Accuracy     : 0.5360

Epoch : 20
Train Loss     : 0.1448	 | 	Train Accuracy     : 0.9605
Valid Loss     : 1.3573	 | 	Valid Accuracy     : 0.5466

Epoch : 21
Train Loss     : 0.1407	 | 	Train Accuracy     : 0.9663
Valid Loss     : 1.3322	 | 	Valid Accuracy     : 0.5574

Epoch : 22
Train Loss     : 0.1376	 | 	Train Accuracy     : 0.9737
Valid Loss     : 1.3368	 | 	Valid Accuracy     : 0.5548

Epoch : 23
Train Loss     : 0.1344	 | 	Train Accuracy     : 0.9709
Valid Loss     : 1.3751	 | 	Valid Accuracy     : 0.5536

Epoch : 24
Train Loss     : 0.1352	 | 	Train Accuracy     : 0.9713
Valid Loss     : 1.3890	 | 	Valid Accuracy     : 0.5500

Epoch : 25
Train Loss     : 0.1379	 | 	Train Accuracy     : 0.9655
Valid Loss     : 1.3648	 | 	Valid Accuracy     : 0.5554

Epoch : 26
Train Loss     : 0.1348	 | 	Train Accuracy     : 0.9691
Valid Loss     : 1.3801	 | 	Valid Accuracy     : 0.5595

Epoch : 27
Train Loss     : 0.1273	 | 	Train Accuracy     : 0.9650
Valid Loss     : 1.4007	 | 	Valid Accuracy     : 0.5502

Epoch : 28
Train Loss     : 0.1352	 | 	Train Accuracy     : 0.9670
Valid Loss     : 1.4064	 | 	Valid Accuracy     : 0.5548

Epoch : 29
Train Loss     : 0.1266	 | 	Train Accuracy     : 0.9652
Valid Loss     : 1.4612	 | 	Valid Accuracy     : 0.5448

Epoch : 30
Train Loss     : 0.1220	 | 	Train Accuracy     : 0.9655
Valid Loss     : 1.3924	 | 	Valid Accuracy     : 0.5529

Evaluate on the Test set:
Test loss      :1.9116	 | Test Accuracy      : 0.4560 | Test AUPRC      : 0.5197
tensor([0.9694, 0.9579, 0.9592, 0.9612, 0.9811, 0.9639, 0.9674, 0.9515, 0.9598,
        0.9507, 0.9563, 0.9606, 0.9862, 0.9576, 0.9596, 0.9654, 0.9527, 0.9569,
        0.9691, 0.9510, 0.9663, 0.9731, 1.0027, 1.0036, 0.9974, 0.9625, 0.9661,
        0.9703, 0.9537, 0.9648, 0.9786, 0.9663, 0.9873, 0.9654, 0.9642, 0.9615,
        0.9745, 0.9632, 0.9587, 0.9562, 1.0018, 0.9662, 0.9543, 0.9585, 0.9564,
        0.9591, 0.9756, 0.9628, 0.9670, 0.9547, 0.9565, 0.9644, 0.9593, 0.9645,
        0.9621, 0.9743, 0.9591, 0.9607, 0.9605, 0.9632, 0.9572, 0.9624],
       device='cuda:0', grad_fn=<SqueezeBackward1>)

################## Training is Done! #########################
Training time is : 0:00:44.935300
