=============================================
Dataset: SEED
Method:  TS-TCC
Mode:    supervised
=============================================
Data loaded ...
Subjet 10
if scale True
Training started ....

Epoch : 1
Train Loss     : 1.0306	 | 	Train Accuracy     : 0.5252
Valid Loss     : 0.8704	 | 	Valid Accuracy     : 0.5477

Epoch : 2
Train Loss     : 0.6106	 | 	Train Accuracy     : 0.7047
Valid Loss     : 1.2201	 | 	Valid Accuracy     : 0.4511

Epoch : 3
Train Loss     : 0.4790	 | 	Train Accuracy     : 0.7982
Valid Loss     : 1.3801	 | 	Valid Accuracy     : 0.4653

Epoch : 4
Train Loss     : 0.4268	 | 	Train Accuracy     : 0.8253
Valid Loss     : 1.2819	 | 	Valid Accuracy     : 0.5206

Epoch : 5
Train Loss     : 0.3760	 | 	Train Accuracy     : 0.8498
Valid Loss     : 1.0504	 | 	Valid Accuracy     : 0.5292

Epoch : 6
Train Loss     : 0.3454	 | 	Train Accuracy     : 0.8551
Valid Loss     : 1.3420	 | 	Valid Accuracy     : 0.5182

Epoch : 7
Train Loss     : 0.3346	 | 	Train Accuracy     : 0.8559
Valid Loss     : 1.1147	 | 	Valid Accuracy     : 0.5491

Epoch : 8
Train Loss     : 0.3100	 | 	Train Accuracy     : 0.8763
Valid Loss     : 1.1791	 | 	Valid Accuracy     : 0.5782

Epoch : 9
Train Loss     : 0.3018	 | 	Train Accuracy     : 0.8800
Valid Loss     : 0.9833	 | 	Valid Accuracy     : 0.5904

Epoch : 10
Train Loss     : 0.3266	 | 	Train Accuracy     : 0.8613
Valid Loss     : 1.4098	 | 	Valid Accuracy     : 0.5737

Epoch : 11
Train Loss     : 0.2824	 | 	Train Accuracy     : 0.8861
Valid Loss     : 1.3904	 | 	Valid Accuracy     : 0.6253

Epoch : 12
Train Loss     : 0.2593	 | 	Train Accuracy     : 0.8937
Valid Loss     : 1.3622	 | 	Valid Accuracy     : 0.5899

Epoch : 13
Train Loss     : 0.2425	 | 	Train Accuracy     : 0.9030
Valid Loss     : 1.4047	 | 	Valid Accuracy     : 0.5580

Epoch : 14
Train Loss     : 0.2151	 | 	Train Accuracy     : 0.9203
Valid Loss     : 1.4096	 | 	Valid Accuracy     : 0.5545

Epoch : 15
Train Loss     : 0.2094	 | 	Train Accuracy     : 0.9232
Valid Loss     : 1.3760	 | 	Valid Accuracy     : 0.5664

Epoch : 16
Train Loss     : 0.1996	 | 	Train Accuracy     : 0.9250
Valid Loss     : 1.2547	 | 	Valid Accuracy     : 0.5927

Epoch : 17
Train Loss     : 0.2045	 | 	Train Accuracy     : 0.9182
Valid Loss     : 1.1881	 | 	Valid Accuracy     : 0.6359

Epoch : 18
Train Loss     : 0.1987	 | 	Train Accuracy     : 0.9223
Valid Loss     : 1.4522	 | 	Valid Accuracy     : 0.5518

Epoch : 19
Train Loss     : 0.1957	 | 	Train Accuracy     : 0.9270
Valid Loss     : 1.2834	 | 	Valid Accuracy     : 0.6095

Epoch : 20
Train Loss     : 0.1858	 | 	Train Accuracy     : 0.9320
Valid Loss     : 1.3553	 | 	Valid Accuracy     : 0.5665

Epoch : 21
Train Loss     : 0.1842	 | 	Train Accuracy     : 0.9379
Valid Loss     : 1.3902	 | 	Valid Accuracy     : 0.5961

Epoch : 22
Train Loss     : 0.1915	 | 	Train Accuracy     : 0.9299
Valid Loss     : 1.1511	 | 	Valid Accuracy     : 0.6398

Epoch : 23
Train Loss     : 0.1927	 | 	Train Accuracy     : 0.9301
Valid Loss     : 1.3079	 | 	Valid Accuracy     : 0.5797

Epoch : 24
Train Loss     : 0.1769	 | 	Train Accuracy     : 0.9441
Valid Loss     : 1.3196	 | 	Valid Accuracy     : 0.5933

Epoch : 25
Train Loss     : 0.1765	 | 	Train Accuracy     : 0.9414
Valid Loss     : 1.2196	 | 	Valid Accuracy     : 0.6227

Epoch : 26
Train Loss     : 0.1819	 | 	Train Accuracy     : 0.9363
Valid Loss     : 1.5049	 | 	Valid Accuracy     : 0.5671

Epoch : 27
Train Loss     : 0.1724	 | 	Train Accuracy     : 0.9464
Valid Loss     : 1.2806	 | 	Valid Accuracy     : 0.5791

Epoch : 28
Train Loss     : 0.1756	 | 	Train Accuracy     : 0.9422
Valid Loss     : 1.1970	 | 	Valid Accuracy     : 0.6292

Epoch : 29
Train Loss     : 0.1793	 | 	Train Accuracy     : 0.9376
Valid Loss     : 1.1567	 | 	Valid Accuracy     : 0.6346

Epoch : 30
Train Loss     : 0.1742	 | 	Train Accuracy     : 0.9387
Valid Loss     : 1.4345	 | 	Valid Accuracy     : 0.5520

Evaluate on the Test set:
Test loss      :2.1804	 | Test Accuracy      : 0.4452 | Test AUPRC      : 0.5566
tensor([0.9196, 0.9819, 0.8294, 0.8079, 0.8546, 0.9374, 0.8569, 0.8680, 0.9083,
        0.7958, 0.8281, 0.7993, 0.8767, 0.9136, 0.9790, 0.8188, 0.7984, 0.8183,
        0.7997, 0.8302, 0.8747, 0.9395, 0.9757, 0.9547, 0.8659, 0.7962, 0.8040,
        0.8343, 0.8019, 0.8591, 0.9241, 0.8956, 0.8036, 0.7949, 0.8322, 0.7998,
        0.8396, 0.7949, 0.8760, 0.8105, 0.8798, 0.8080, 0.8279, 0.8052, 0.8766,
        0.7815, 0.8164, 0.7904, 0.7921, 0.8706, 0.7895, 0.8130, 0.8088, 0.8131,
        0.8278, 0.9525, 0.8419, 0.9049, 0.7950, 0.9295, 0.8164, 0.7970],
       device='cuda:0', grad_fn=<SqueezeBackward1>)

################## Training is Done! #########################
Training time is : 0:02:09.443532
