=============================================
Dataset: SEED
Method:  TS-TCC
Mode:    supervised
=============================================
Data loaded ...
Subjet 2
if scale True
Training started ....

Epoch : 1
Train Loss     : 1.3137	 | 	Train Accuracy     : 0.3718
Valid Loss     : 1.1119	 | 	Valid Accuracy     : 0.4302

Epoch : 2
Train Loss     : 1.0399	 | 	Train Accuracy     : 0.4667
Valid Loss     : 1.0991	 | 	Valid Accuracy     : 0.4392

Epoch : 3
Train Loss     : 0.9199	 | 	Train Accuracy     : 0.5572
Valid Loss     : 1.0222	 | 	Valid Accuracy     : 0.4974

Epoch : 4
Train Loss     : 0.8326	 | 	Train Accuracy     : 0.6000
Valid Loss     : 1.0407	 | 	Valid Accuracy     : 0.5112

Epoch : 5
Train Loss     : 0.7142	 | 	Train Accuracy     : 0.6893
Valid Loss     : 0.9836	 | 	Valid Accuracy     : 0.5624

Epoch : 6
Train Loss     : 0.6356	 | 	Train Accuracy     : 0.7250
Valid Loss     : 1.0448	 | 	Valid Accuracy     : 0.5559

Epoch : 7
Train Loss     : 0.5572	 | 	Train Accuracy     : 0.7901
Valid Loss     : 1.0972	 | 	Valid Accuracy     : 0.5551

Epoch : 8
Train Loss     : 0.4968	 | 	Train Accuracy     : 0.8073
Valid Loss     : 1.1199	 | 	Valid Accuracy     : 0.5442

Epoch : 9
Train Loss     : 0.4511	 | 	Train Accuracy     : 0.8416
Valid Loss     : 1.4568	 | 	Valid Accuracy     : 0.4763

Epoch : 10
Train Loss     : 0.4306	 | 	Train Accuracy     : 0.8326
Valid Loss     : 1.6978	 | 	Valid Accuracy     : 0.4511

Epoch : 11
Train Loss     : 0.4216	 | 	Train Accuracy     : 0.8431
Valid Loss     : 1.2795	 | 	Valid Accuracy     : 0.5614

Epoch : 12
Train Loss     : 0.4242	 | 	Train Accuracy     : 0.8520
Valid Loss     : 1.5779	 | 	Valid Accuracy     : 0.5005

Epoch : 13
Train Loss     : 0.4059	 | 	Train Accuracy     : 0.8546
Valid Loss     : 2.1031	 | 	Valid Accuracy     : 0.4498

Epoch : 14
Train Loss     : 0.3750	 | 	Train Accuracy     : 0.8557
Valid Loss     : 1.6693	 | 	Valid Accuracy     : 0.5385

Epoch : 15
Train Loss     : 0.3812	 | 	Train Accuracy     : 0.8565
Valid Loss     : 1.9378	 | 	Valid Accuracy     : 0.4641

Epoch : 16
Train Loss     : 0.3232	 | 	Train Accuracy     : 0.8851
Valid Loss     : 1.9255	 | 	Valid Accuracy     : 0.5404

Epoch : 17
Train Loss     : 0.3006	 | 	Train Accuracy     : 0.9014
Valid Loss     : 1.8920	 | 	Valid Accuracy     : 0.5240

Epoch : 18
Train Loss     : 0.2789	 | 	Train Accuracy     : 0.9053
Valid Loss     : 1.9631	 | 	Valid Accuracy     : 0.5034

Epoch : 19
Train Loss     : 0.2833	 | 	Train Accuracy     : 0.9122
Valid Loss     : 2.0230	 | 	Valid Accuracy     : 0.4986

Epoch : 20
Train Loss     : 0.2632	 | 	Train Accuracy     : 0.9212
Valid Loss     : 2.0450	 | 	Valid Accuracy     : 0.4988

Epoch : 21
Train Loss     : 0.2650	 | 	Train Accuracy     : 0.9124
Valid Loss     : 2.0453	 | 	Valid Accuracy     : 0.4972

Epoch : 22
Train Loss     : 0.2698	 | 	Train Accuracy     : 0.9129
Valid Loss     : 1.9026	 | 	Valid Accuracy     : 0.5082

Epoch : 23
Train Loss     : 0.2643	 | 	Train Accuracy     : 0.9168
Valid Loss     : 1.7589	 | 	Valid Accuracy     : 0.5173

Epoch : 24
Train Loss     : 0.2541	 | 	Train Accuracy     : 0.9255
Valid Loss     : 1.8777	 | 	Valid Accuracy     : 0.5034

Epoch : 25
Train Loss     : 0.2501	 | 	Train Accuracy     : 0.9223
Valid Loss     : 1.9409	 | 	Valid Accuracy     : 0.4985

Epoch : 26
Train Loss     : 0.2522	 | 	Train Accuracy     : 0.9265
Valid Loss     : 1.9599	 | 	Valid Accuracy     : 0.5090

Epoch : 27
Train Loss     : 0.2553	 | 	Train Accuracy     : 0.9239
Valid Loss     : 1.9759	 | 	Valid Accuracy     : 0.5011

Epoch : 28
Train Loss     : 0.2389	 | 	Train Accuracy     : 0.9239
Valid Loss     : 2.0513	 | 	Valid Accuracy     : 0.5065

Epoch : 29
Train Loss     : 0.2447	 | 	Train Accuracy     : 0.9266
Valid Loss     : 2.0298	 | 	Valid Accuracy     : 0.5062

Epoch : 30
Train Loss     : 0.2323	 | 	Train Accuracy     : 0.9377
Valid Loss     : 1.8478	 | 	Valid Accuracy     : 0.5144

Evaluate on the Test set:
Test loss      :2.2612	 | Test Accuracy      : 0.4511 | Test AUPRC      : 0.4825
tensor([0.9570, 0.9326, 0.9610, 0.9395, 0.9557, 0.9688, 0.8967, 0.8923, 0.9147,
        0.9046, 0.8951, 0.8990, 0.9318, 0.9035, 0.9921, 0.9091, 0.9008, 0.8907,
        0.9134, 0.9082, 0.9154, 0.9818, 0.9417, 0.9385, 0.9849, 0.8950, 0.9022,
        0.9272, 0.9065, 0.9121, 0.9210, 0.9321, 0.9022, 0.9158, 0.9276, 0.9038,
        0.9388, 0.9277, 0.8854, 0.8941, 0.9642, 0.9021, 0.8952, 0.9200, 0.9123,
        0.9013, 0.9244, 0.9161, 0.9133, 0.9164, 0.8949, 0.9363, 0.8962, 0.8939,
        0.8904, 0.9170, 0.9102, 0.9194, 0.8959, 0.9078, 0.8933, 0.8971],
       device='cuda:0', grad_fn=<SqueezeBackward1>)

################## Training is Done! #########################
Training time is : 0:01:53.827080
