=============================================
Dataset: SEED
Method:  TS-TCC
Mode:    supervised
=============================================
Data loaded ...
Subjet 12
if scale True
Training started ....

Epoch : 1
Train Loss     : 1.3853	 | 	Train Accuracy     : 0.4315
Valid Loss     : 1.5503	 | 	Valid Accuracy     : 0.3992

Epoch : 2
Train Loss     : 0.8565	 | 	Train Accuracy     : 0.6309
Valid Loss     : 1.1326	 | 	Valid Accuracy     : 0.4712

Epoch : 3
Train Loss     : 0.6100	 | 	Train Accuracy     : 0.7633
Valid Loss     : 1.0768	 | 	Valid Accuracy     : 0.5566

Epoch : 4
Train Loss     : 0.4740	 | 	Train Accuracy     : 0.8204
Valid Loss     : 1.1670	 | 	Valid Accuracy     : 0.5344

Epoch : 5
Train Loss     : 0.4059	 | 	Train Accuracy     : 0.8486
Valid Loss     : 1.2700	 | 	Valid Accuracy     : 0.5491

Epoch : 6
Train Loss     : 0.3376	 | 	Train Accuracy     : 0.8837
Valid Loss     : 1.4830	 | 	Valid Accuracy     : 0.5615

Epoch : 7
Train Loss     : 0.3050	 | 	Train Accuracy     : 0.8970
Valid Loss     : 1.7382	 | 	Valid Accuracy     : 0.5161

Epoch : 8
Train Loss     : 0.2583	 | 	Train Accuracy     : 0.9112
Valid Loss     : 1.7902	 | 	Valid Accuracy     : 0.5351

Epoch : 9
Train Loss     : 0.2207	 | 	Train Accuracy     : 0.9289
Valid Loss     : 2.3553	 | 	Valid Accuracy     : 0.4884

Epoch : 10
Train Loss     : 0.2013	 | 	Train Accuracy     : 0.9348
Valid Loss     : 2.1683	 | 	Valid Accuracy     : 0.4804

Epoch : 11
Train Loss     : 0.1849	 | 	Train Accuracy     : 0.9424
Valid Loss     : 2.4663	 | 	Valid Accuracy     : 0.5142

Epoch : 12
Train Loss     : 0.1710	 | 	Train Accuracy     : 0.9446
Valid Loss     : 2.5256	 | 	Valid Accuracy     : 0.4917

Epoch : 13
Train Loss     : 0.1527	 | 	Train Accuracy     : 0.9528
Valid Loss     : 2.4871	 | 	Valid Accuracy     : 0.4939

Epoch : 14
Train Loss     : 0.1436	 | 	Train Accuracy     : 0.9579
Valid Loss     : 2.6627	 | 	Valid Accuracy     : 0.5500

Epoch : 15
Train Loss     : 0.1260	 | 	Train Accuracy     : 0.9592
Valid Loss     : 2.7420	 | 	Valid Accuracy     : 0.4921

Epoch : 16
Train Loss     : 0.1052	 | 	Train Accuracy     : 0.9762
Valid Loss     : 2.4150	 | 	Valid Accuracy     : 0.5029

Epoch : 17
Train Loss     : 0.0936	 | 	Train Accuracy     : 0.9809
Valid Loss     : 2.4265	 | 	Valid Accuracy     : 0.5090

Epoch : 18
Train Loss     : 0.0959	 | 	Train Accuracy     : 0.9792
Valid Loss     : 2.4704	 | 	Valid Accuracy     : 0.5012

Epoch : 19
Train Loss     : 0.0943	 | 	Train Accuracy     : 0.9787
Valid Loss     : 2.5280	 | 	Valid Accuracy     : 0.5008

Epoch : 20
Train Loss     : 0.0903	 | 	Train Accuracy     : 0.9809
Valid Loss     : 2.5812	 | 	Valid Accuracy     : 0.4932

Epoch : 21
Train Loss     : 0.0875	 | 	Train Accuracy     : 0.9827
Valid Loss     : 2.5520	 | 	Valid Accuracy     : 0.4993

Epoch : 22
Train Loss     : 0.0865	 | 	Train Accuracy     : 0.9818
Valid Loss     : 2.5372	 | 	Valid Accuracy     : 0.4956

Epoch : 23
Train Loss     : 0.0836	 | 	Train Accuracy     : 0.9836
Valid Loss     : 2.4486	 | 	Valid Accuracy     : 0.5012

Epoch : 24
Train Loss     : 0.0875	 | 	Train Accuracy     : 0.9808
Valid Loss     : 2.5598	 | 	Valid Accuracy     : 0.4990

Epoch : 25
Train Loss     : 0.0855	 | 	Train Accuracy     : 0.9824
Valid Loss     : 2.5815	 | 	Valid Accuracy     : 0.4985

Epoch : 26
Train Loss     : 0.0797	 | 	Train Accuracy     : 0.9841
Valid Loss     : 2.5306	 | 	Valid Accuracy     : 0.5082

Epoch : 27
Train Loss     : 0.0789	 | 	Train Accuracy     : 0.9836
Valid Loss     : 2.5744	 | 	Valid Accuracy     : 0.5016

Epoch : 28
Train Loss     : 0.0784	 | 	Train Accuracy     : 0.9849
Valid Loss     : 2.5815	 | 	Valid Accuracy     : 0.4974

Epoch : 29
Train Loss     : 0.0788	 | 	Train Accuracy     : 0.9853
Valid Loss     : 2.5793	 | 	Valid Accuracy     : 0.5000

Epoch : 30
Train Loss     : 0.0764	 | 	Train Accuracy     : 0.9861
Valid Loss     : 2.5099	 | 	Valid Accuracy     : 0.5068

Evaluate on the Test set:
Test loss      :2.1572	 | Test Accuracy      : 0.5142 | Test AUPRC      : 0.5706
tensor([0.9940, 0.9357, 0.9273, 0.8778, 0.9610, 0.9864, 0.9208, 0.8416, 0.8584,
        0.8513, 0.8844, 0.8689, 0.9530, 0.9298, 0.8657, 0.8410, 0.9071, 0.8938,
        0.8240, 0.8759, 0.8977, 0.8454, 0.9162, 0.9634, 0.8413, 0.8420, 0.8869,
        0.8483, 0.8348, 0.8644, 0.9016, 1.0256, 0.8506, 0.8314, 0.8446, 0.8354,
        0.8583, 0.8352, 0.8581, 0.8389, 0.9266, 0.8531, 0.8678, 0.8449, 0.8251,
        0.8176, 0.8529, 0.8146, 0.8246, 0.8542, 0.8465, 0.8664, 0.8543, 0.8482,
        0.8226, 0.9274, 0.9202, 0.8537, 0.8195, 0.8530, 0.8580, 0.8173],
       device='cuda:0', grad_fn=<SqueezeBackward1>)

################## Training is Done! #########################
Training time is : 0:02:20.277986
