=============================================
Dataset: SEED
Method:  TS-TCC
Mode:    supervised
=============================================
Data loaded ...
Subjet 6
if scale True
Training started ....

Epoch : 1
Train Loss     : 1.6683	 | 	Train Accuracy     : 0.3922
Valid Loss     : 1.0796	 | 	Valid Accuracy     : 0.3551

Epoch : 2
Train Loss     : 1.0472	 | 	Train Accuracy     : 0.4844
Valid Loss     : 0.9493	 | 	Valid Accuracy     : 0.5640

Epoch : 3
Train Loss     : 0.6391	 | 	Train Accuracy     : 0.6422
Valid Loss     : 1.0655	 | 	Valid Accuracy     : 0.4529

Epoch : 4
Train Loss     : 0.5563	 | 	Train Accuracy     : 0.7606
Valid Loss     : 1.1487	 | 	Valid Accuracy     : 0.4839

Epoch : 5
Train Loss     : 0.4055	 | 	Train Accuracy     : 0.8266
Valid Loss     : 1.2130	 | 	Valid Accuracy     : 0.5449

Epoch : 6
Train Loss     : 0.3377	 | 	Train Accuracy     : 0.8463
Valid Loss     : 1.3217	 | 	Valid Accuracy     : 0.5387

Epoch : 7
Train Loss     : 0.2990	 | 	Train Accuracy     : 0.8745
Valid Loss     : 1.6876	 | 	Valid Accuracy     : 0.5154

Epoch : 8
Train Loss     : 0.2573	 | 	Train Accuracy     : 0.8846
Valid Loss     : 2.4248	 | 	Valid Accuracy     : 0.5185

Epoch : 9
Train Loss     : 0.2447	 | 	Train Accuracy     : 0.9040
Valid Loss     : 3.1670	 | 	Valid Accuracy     : 0.5053

Epoch : 10
Train Loss     : 0.2252	 | 	Train Accuracy     : 0.9103
Valid Loss     : 3.3005	 | 	Valid Accuracy     : 0.5073

Epoch : 11
Train Loss     : 0.2035	 | 	Train Accuracy     : 0.9121
Valid Loss     : 3.5732	 | 	Valid Accuracy     : 0.5086

Epoch : 12
Train Loss     : 0.1933	 | 	Train Accuracy     : 0.9295
Valid Loss     : 3.6195	 | 	Valid Accuracy     : 0.5042

Epoch : 13
Train Loss     : 0.1639	 | 	Train Accuracy     : 0.9484
Valid Loss     : 3.5207	 | 	Valid Accuracy     : 0.4953

Epoch : 14
Train Loss     : 0.1544	 | 	Train Accuracy     : 0.9482
Valid Loss     : 3.4757	 | 	Valid Accuracy     : 0.4948

Epoch : 15
Train Loss     : 0.1506	 | 	Train Accuracy     : 0.9535
Valid Loss     : 3.4699	 | 	Valid Accuracy     : 0.4975

Epoch : 16
Train Loss     : 0.1522	 | 	Train Accuracy     : 0.9482
Valid Loss     : 3.4259	 | 	Valid Accuracy     : 0.4946

Epoch : 17
Train Loss     : 0.1565	 | 	Train Accuracy     : 0.9461
Valid Loss     : 3.4219	 | 	Valid Accuracy     : 0.5038

Epoch : 18
Train Loss     : 0.1561	 | 	Train Accuracy     : 0.9486
Valid Loss     : 3.4681	 | 	Valid Accuracy     : 0.4924

Epoch : 19
Train Loss     : 0.1470	 | 	Train Accuracy     : 0.9504
Valid Loss     : 3.4867	 | 	Valid Accuracy     : 0.4956

Epoch : 20
Train Loss     : 0.1530	 | 	Train Accuracy     : 0.9489
Valid Loss     : 3.5551	 | 	Valid Accuracy     : 0.4956

Epoch : 21
Train Loss     : 0.1471	 | 	Train Accuracy     : 0.9585
Valid Loss     : 3.5497	 | 	Valid Accuracy     : 0.4890

Epoch : 22
Train Loss     : 0.1516	 | 	Train Accuracy     : 0.9549
Valid Loss     : 3.5856	 | 	Valid Accuracy     : 0.4865

Epoch : 23
Train Loss     : 0.1453	 | 	Train Accuracy     : 0.9534
Valid Loss     : 3.4454	 | 	Valid Accuracy     : 0.4955

Epoch : 24
Train Loss     : 0.1451	 | 	Train Accuracy     : 0.9588
Valid Loss     : 3.4229	 | 	Valid Accuracy     : 0.4955

Epoch : 25
Train Loss     : 0.1482	 | 	Train Accuracy     : 0.9541
Valid Loss     : 3.5832	 | 	Valid Accuracy     : 0.4881

Epoch : 26
Train Loss     : 0.1526	 | 	Train Accuracy     : 0.9474
Valid Loss     : 3.5413	 | 	Valid Accuracy     : 0.4808

Epoch : 27
Train Loss     : 0.1416	 | 	Train Accuracy     : 0.9525
Valid Loss     : 3.5025	 | 	Valid Accuracy     : 0.4935

Epoch : 28
Train Loss     : 0.1372	 | 	Train Accuracy     : 0.9566
Valid Loss     : 3.4730	 | 	Valid Accuracy     : 0.4971

Epoch : 29
Train Loss     : 0.1436	 | 	Train Accuracy     : 0.9650
Valid Loss     : 3.5444	 | 	Valid Accuracy     : 0.4914

Epoch : 30
Train Loss     : 0.1419	 | 	Train Accuracy     : 0.9533
Valid Loss     : 3.5189	 | 	Valid Accuracy     : 0.4976

Evaluate on the Test set:
Test loss      :3.0370	 | Test Accuracy      : 0.4525 | Test AUPRC      : 0.4250
tensor([0.9714, 0.9979, 0.9746, 0.9685, 1.0052, 1.0062, 1.0125, 0.9822, 0.9690,
        0.9692, 0.9686, 0.9699, 0.9798, 0.9691, 0.9830, 0.9761, 0.9751, 0.9738,
        0.9725, 0.9761, 0.9724, 0.9712, 0.9955, 0.9656, 0.9703, 0.9671, 0.9779,
        0.9717, 0.9718, 0.9815, 0.9801, 0.9691, 0.9693, 0.9743, 0.9840, 0.9687,
        0.9761, 0.9864, 0.9767, 0.9700, 0.9933, 0.9842, 0.9746, 0.9697, 0.9727,
        0.9737, 0.9797, 0.9677, 0.9692, 0.9755, 0.9760, 0.9772, 0.9753, 0.9711,
        0.9717, 0.9878, 0.9716, 0.9712, 0.9729, 0.9748, 0.9824, 0.9689],
       device='cuda:0', grad_fn=<SqueezeBackward1>)

################## Training is Done! #########################
Training time is : 0:00:47.905295
