=============================================
Dataset: SEED
Method:  TS-TCC
Mode:    supervised
=============================================
Data loaded ...
Subjet 7
if scale True
Training started ....

Epoch : 1
Train Loss     : 1.9080	 | 	Train Accuracy     : 0.3314
Valid Loss     : 1.1343	 | 	Valid Accuracy     : 0.3889

Epoch : 2
Train Loss     : 1.3265	 | 	Train Accuracy     : 0.3867
Valid Loss     : 1.9359	 | 	Valid Accuracy     : 0.3624

Epoch : 3
Train Loss     : 1.0410	 | 	Train Accuracy     : 0.4549
Valid Loss     : 2.4478	 | 	Valid Accuracy     : 0.4552

Epoch : 4
Train Loss     : 0.8729	 | 	Train Accuracy     : 0.6337
Valid Loss     : 3.0744	 | 	Valid Accuracy     : 0.4596

Epoch : 5
Train Loss     : 0.6892	 | 	Train Accuracy     : 0.6736
Valid Loss     : 3.3049	 | 	Valid Accuracy     : 0.5129

Epoch : 6
Train Loss     : 0.6189	 | 	Train Accuracy     : 0.7485
Valid Loss     : 3.8189	 | 	Valid Accuracy     : 0.5309

Epoch : 7
Train Loss     : 0.5391	 | 	Train Accuracy     : 0.7572
Valid Loss     : 3.7287	 | 	Valid Accuracy     : 0.5301

Epoch : 8
Train Loss     : 0.5436	 | 	Train Accuracy     : 0.7899
Valid Loss     : 3.4563	 | 	Valid Accuracy     : 0.5949

Epoch : 9
Train Loss     : 0.4664	 | 	Train Accuracy     : 0.8103
Valid Loss     : 2.7677	 | 	Valid Accuracy     : 0.6360

Epoch : 10
Train Loss     : 0.4705	 | 	Train Accuracy     : 0.8071
Valid Loss     : 3.9222	 | 	Valid Accuracy     : 0.5043

Epoch : 11
Train Loss     : 0.3908	 | 	Train Accuracy     : 0.8296
Valid Loss     : 3.2853	 | 	Valid Accuracy     : 0.5889

Epoch : 12
Train Loss     : 0.3222	 | 	Train Accuracy     : 0.8722
Valid Loss     : 3.6105	 | 	Valid Accuracy     : 0.5372

Epoch : 13
Train Loss     : 0.3132	 | 	Train Accuracy     : 0.8752
Valid Loss     : 3.6994	 | 	Valid Accuracy     : 0.5400

Epoch : 14
Train Loss     : 0.2972	 | 	Train Accuracy     : 0.8778
Valid Loss     : 3.5164	 | 	Valid Accuracy     : 0.5402

Epoch : 15
Train Loss     : 0.2770	 | 	Train Accuracy     : 0.8921
Valid Loss     : 3.4534	 | 	Valid Accuracy     : 0.5681

Epoch : 16
Train Loss     : 0.3112	 | 	Train Accuracy     : 0.8843
Valid Loss     : 3.6745	 | 	Valid Accuracy     : 0.5712

Epoch : 17
Train Loss     : 0.3110	 | 	Train Accuracy     : 0.9067
Valid Loss     : 3.2433	 | 	Valid Accuracy     : 0.5640

Epoch : 18
Train Loss     : 0.2598	 | 	Train Accuracy     : 0.9106
Valid Loss     : 3.4487	 | 	Valid Accuracy     : 0.5478

Epoch : 19
Train Loss     : 0.2917	 | 	Train Accuracy     : 0.8921
Valid Loss     : 3.3958	 | 	Valid Accuracy     : 0.5434

Epoch : 20
Train Loss     : 0.2636	 | 	Train Accuracy     : 0.9086
Valid Loss     : 3.4064	 | 	Valid Accuracy     : 0.5483

Epoch : 21
Train Loss     : 0.2908	 | 	Train Accuracy     : 0.9210
Valid Loss     : 3.4883	 | 	Valid Accuracy     : 0.5439

Epoch : 22
Train Loss     : 0.2723	 | 	Train Accuracy     : 0.8941
Valid Loss     : 3.4775	 | 	Valid Accuracy     : 0.5498

Epoch : 23
Train Loss     : 0.2907	 | 	Train Accuracy     : 0.8967
Valid Loss     : 3.6870	 | 	Valid Accuracy     : 0.5350

Epoch : 24
Train Loss     : 0.2414	 | 	Train Accuracy     : 0.9258
Valid Loss     : 3.5930	 | 	Valid Accuracy     : 0.5476

Epoch : 25
Train Loss     : 0.2476	 | 	Train Accuracy     : 0.9173
Valid Loss     : 4.0949	 | 	Valid Accuracy     : 0.5289

Epoch : 26
Train Loss     : 0.2322	 | 	Train Accuracy     : 0.9297
Valid Loss     : 3.7537	 | 	Valid Accuracy     : 0.5385

Epoch : 27
Train Loss     : 0.2551	 | 	Train Accuracy     : 0.9039
Valid Loss     : 3.8182	 | 	Valid Accuracy     : 0.5287

Epoch : 28
Train Loss     : 0.2780	 | 	Train Accuracy     : 0.8874
Valid Loss     : 3.8481	 | 	Valid Accuracy     : 0.5314

Epoch : 29
Train Loss     : 0.2441	 | 	Train Accuracy     : 0.9158
Valid Loss     : 3.7931	 | 	Valid Accuracy     : 0.5239

Epoch : 30
Train Loss     : 0.2351	 | 	Train Accuracy     : 0.9323
Valid Loss     : 3.5959	 | 	Valid Accuracy     : 0.5480

Evaluate on the Test set:
Test loss      :5.3575	 | Test Accuracy      : 0.5071 | Test AUPRC      : 0.4216
tensor([0.9738, 0.9587, 0.9729, 0.9561, 0.9487, 1.0006, 1.0065, 0.9726, 0.9508,
        0.9471, 0.9520, 0.9497, 0.9574, 0.9440, 0.9696, 0.9495, 0.9751, 0.9605,
        0.9562, 0.9498, 0.9481, 0.9482, 0.9723, 1.0355, 0.9491, 0.9451, 0.9546,
        0.9485, 0.9509, 0.9535, 0.9515, 0.9536, 0.9519, 0.9643, 0.9720, 0.9518,
        0.9597, 0.9674, 0.9625, 0.9447, 0.9939, 0.9650, 0.9586, 0.9661, 0.9579,
        0.9509, 0.9808, 0.9566, 0.9570, 0.9508, 0.9527, 0.9474, 0.9737, 0.9538,
        0.9578, 0.9484, 0.9546, 0.9618, 0.9564, 0.9567, 0.9667, 0.9461],
       device='cuda:0', grad_fn=<SqueezeBackward1>)

################## Training is Done! #########################
Training time is : 0:00:59.342550
