=============================================
Dataset: SEED
Method:  TS-TCC
Mode:    supervised
=============================================
Data loaded ...
Subjet 2
if scale True
Training started ....

Epoch : 1
Train Loss     : 1.2514	 | 	Train Accuracy     : 0.3956
Valid Loss     : 1.2681	 | 	Valid Accuracy     : 0.4521

Epoch : 2
Train Loss     : 1.0058	 | 	Train Accuracy     : 0.4944
Valid Loss     : 1.5792	 | 	Valid Accuracy     : 0.5811

Epoch : 3
Train Loss     : 0.8177	 | 	Train Accuracy     : 0.6275
Valid Loss     : 2.0780	 | 	Valid Accuracy     : 0.6074

Epoch : 4
Train Loss     : 0.7041	 | 	Train Accuracy     : 0.6980
Valid Loss     : 2.4421	 | 	Valid Accuracy     : 0.5210

Epoch : 5
Train Loss     : 0.6188	 | 	Train Accuracy     : 0.7378
Valid Loss     : 1.9479	 | 	Valid Accuracy     : 0.5967

Epoch : 6
Train Loss     : 0.5355	 | 	Train Accuracy     : 0.7843
Valid Loss     : 3.0822	 | 	Valid Accuracy     : 0.5117

Epoch : 7
Train Loss     : 0.4915	 | 	Train Accuracy     : 0.8079
Valid Loss     : 2.5020	 | 	Valid Accuracy     : 0.5366

Epoch : 8
Train Loss     : 0.4619	 | 	Train Accuracy     : 0.8224
Valid Loss     : 1.9881	 | 	Valid Accuracy     : 0.6064

Epoch : 9
Train Loss     : 0.4429	 | 	Train Accuracy     : 0.8268
Valid Loss     : 1.3358	 | 	Valid Accuracy     : 0.5981

Epoch : 10
Train Loss     : 0.4055	 | 	Train Accuracy     : 0.8468
Valid Loss     : 1.7781	 | 	Valid Accuracy     : 0.5073

Epoch : 11
Train Loss     : 0.3920	 | 	Train Accuracy     : 0.8516
Valid Loss     : 1.4025	 | 	Valid Accuracy     : 0.6035

Epoch : 12
Train Loss     : 0.3993	 | 	Train Accuracy     : 0.8507
Valid Loss     : 1.5063	 | 	Valid Accuracy     : 0.6250

Epoch : 13
Train Loss     : 0.3556	 | 	Train Accuracy     : 0.8662
Valid Loss     : 1.7109	 | 	Valid Accuracy     : 0.6304

Epoch : 14
Train Loss     : 0.3176	 | 	Train Accuracy     : 0.8855
Valid Loss     : 1.6372	 | 	Valid Accuracy     : 0.6167

Epoch : 15
Train Loss     : 0.3147	 | 	Train Accuracy     : 0.8920
Valid Loss     : 1.6538	 | 	Valid Accuracy     : 0.5894

Epoch : 16
Train Loss     : 0.3076	 | 	Train Accuracy     : 0.8913
Valid Loss     : 1.6472	 | 	Valid Accuracy     : 0.6084

Epoch : 17
Train Loss     : 0.3066	 | 	Train Accuracy     : 0.8903
Valid Loss     : 1.5900	 | 	Valid Accuracy     : 0.6187

Epoch : 18
Train Loss     : 0.2926	 | 	Train Accuracy     : 0.8978
Valid Loss     : 1.6198	 | 	Valid Accuracy     : 0.6138

Epoch : 19
Train Loss     : 0.2982	 | 	Train Accuracy     : 0.8961
Valid Loss     : 1.5552	 | 	Valid Accuracy     : 0.6104

Epoch : 20
Train Loss     : 0.2836	 | 	Train Accuracy     : 0.8991
Valid Loss     : 1.5153	 | 	Valid Accuracy     : 0.6025

Epoch : 21
Train Loss     : 0.2836	 | 	Train Accuracy     : 0.9017
Valid Loss     : 1.4473	 | 	Valid Accuracy     : 0.5957

Epoch : 22
Train Loss     : 0.2786	 | 	Train Accuracy     : 0.9051
Valid Loss     : 1.3706	 | 	Valid Accuracy     : 0.5767

Epoch : 23
Train Loss     : 0.2776	 | 	Train Accuracy     : 0.9037
Valid Loss     : 1.4675	 | 	Valid Accuracy     : 0.6084

Epoch : 24
Train Loss     : 0.2793	 | 	Train Accuracy     : 0.9025
Valid Loss     : 1.4215	 | 	Valid Accuracy     : 0.6157

Epoch : 25
Train Loss     : 0.2650	 | 	Train Accuracy     : 0.9069
Valid Loss     : 1.4034	 | 	Valid Accuracy     : 0.6113

Epoch : 26
Train Loss     : 0.2658	 | 	Train Accuracy     : 0.9061
Valid Loss     : 1.4827	 | 	Valid Accuracy     : 0.5898

Epoch : 27
Train Loss     : 0.2607	 | 	Train Accuracy     : 0.9102
Valid Loss     : 1.4668	 | 	Valid Accuracy     : 0.5996

Epoch : 28
Train Loss     : 0.2661	 | 	Train Accuracy     : 0.9100
Valid Loss     : 1.4701	 | 	Valid Accuracy     : 0.5811

Epoch : 29
Train Loss     : 0.2602	 | 	Train Accuracy     : 0.9100
Valid Loss     : 1.3971	 | 	Valid Accuracy     : 0.6196

Epoch : 30
Train Loss     : 0.2618	 | 	Train Accuracy     : 0.9139
Valid Loss     : 1.4079	 | 	Valid Accuracy     : 0.5977

Evaluate on the Test set:
Test loss      :1.3096	 | Test Accuracy      : 0.5901 | Test AUPRC      : 0.4696
tensor([0.7980, 0.9538, 0.9345, 0.8276, 0.8136, 0.9403, 0.8233, 0.7723, 0.7535,
        0.7552, 0.7660, 0.7561, 0.8516, 0.8341, 0.9399, 0.8069, 0.7680, 0.7693,
        0.7414, 0.7751, 0.8137, 0.8424, 0.8367, 0.9276, 0.8507, 0.7922, 0.7729,
        0.8208, 0.7707, 0.8291, 0.7825, 0.7688, 0.8761, 0.8269, 0.7677, 0.8175,
        0.8375, 0.7857, 0.8434, 0.8249, 0.8930, 0.7555, 0.9050, 0.7867, 0.7923,
        0.8343, 0.8534, 0.7474, 0.7925, 0.9073, 0.7808, 0.8404, 0.9255, 0.7814,
        0.7998, 0.8035, 0.8169, 0.7995, 0.9341, 0.8298, 0.7942, 0.7723],
       device='cuda:0', grad_fn=<SqueezeBackward1>)

################## Training is Done! #########################
Training time is : 0:01:40.544359
