=============================================
Dataset: SEED4
Method:  TS-TCC
Mode:    fine_tune
=============================================
Data loaded ...
Subjet 1
if scale True
Training started ....

Epoch : 1
Train Loss     : 2.2537	 | 	Train Accuracy     : 0.2969
Valid Loss     : 1.5469	 | 	Valid Accuracy     : 0.2267

Epoch : 2
Train Loss     : 1.3632	 | 	Train Accuracy     : 0.3594
Valid Loss     : 1.5296	 | 	Valid Accuracy     : 0.2920

Epoch : 3
Train Loss     : 1.1015	 | 	Train Accuracy     : 0.5938
Valid Loss     : 1.8549	 | 	Valid Accuracy     : 0.2955

Epoch : 4
Train Loss     : 0.8428	 | 	Train Accuracy     : 0.7188
Valid Loss     : 1.9700	 | 	Valid Accuracy     : 0.3375

Epoch : 5
Train Loss     : 0.6107	 | 	Train Accuracy     : 0.7812
Valid Loss     : 2.3522	 | 	Valid Accuracy     : 0.3244

Epoch : 6
Train Loss     : 0.3888	 | 	Train Accuracy     : 0.8594
Valid Loss     : 2.2980	 | 	Valid Accuracy     : 0.3210

Epoch : 7
Train Loss     : 0.3362	 | 	Train Accuracy     : 0.8750
Valid Loss     : 2.7018	 | 	Valid Accuracy     : 0.3364

Epoch : 8
Train Loss     : 0.2006	 | 	Train Accuracy     : 0.9844
Valid Loss     : 3.3264	 | 	Valid Accuracy     : 0.3313

Epoch : 9
Train Loss     : 0.1822	 | 	Train Accuracy     : 0.9688
Valid Loss     : 3.4310	 | 	Valid Accuracy     : 0.3239

Epoch : 10
Train Loss     : 0.1303	 | 	Train Accuracy     : 1.0000
Valid Loss     : 3.4635	 | 	Valid Accuracy     : 0.3528

Epoch : 11
Train Loss     : 0.1256	 | 	Train Accuracy     : 1.0000
Valid Loss     : 3.7533	 | 	Valid Accuracy     : 0.3523

Epoch : 12
Train Loss     : 0.0726	 | 	Train Accuracy     : 1.0000
Valid Loss     : 4.3407	 | 	Valid Accuracy     : 0.3557

Epoch : 13
Train Loss     : 0.0708	 | 	Train Accuracy     : 1.0000
Valid Loss     : 4.7523	 | 	Valid Accuracy     : 0.3722

Epoch : 14
Train Loss     : 0.0692	 | 	Train Accuracy     : 1.0000
Valid Loss     : 5.0876	 | 	Valid Accuracy     : 0.3597

Epoch : 15
Train Loss     : 0.0668	 | 	Train Accuracy     : 1.0000
Valid Loss     : 5.4516	 | 	Valid Accuracy     : 0.3523

Epoch : 16
Train Loss     : 0.0600	 | 	Train Accuracy     : 1.0000
Valid Loss     : 5.9040	 | 	Valid Accuracy     : 0.3415

Epoch : 17
Train Loss     : 0.0579	 | 	Train Accuracy     : 1.0000
Valid Loss     : 6.3082	 | 	Valid Accuracy     : 0.3273

Epoch : 18
Train Loss     : 0.0437	 | 	Train Accuracy     : 1.0000
Valid Loss     : 6.5972	 | 	Valid Accuracy     : 0.3199

Epoch : 19
Train Loss     : 0.0505	 | 	Train Accuracy     : 1.0000
Valid Loss     : 6.9027	 | 	Valid Accuracy     : 0.3108

Epoch : 20
Train Loss     : 0.0482	 | 	Train Accuracy     : 1.0000
Valid Loss     : 7.1194	 | 	Valid Accuracy     : 0.3034

Epoch : 21
Train Loss     : 0.0371	 | 	Train Accuracy     : 1.0000
Valid Loss     : 7.2184	 | 	Valid Accuracy     : 0.3000
