=============================================
Dataset: SEED
Method:  TS-TCC
Mode:    fine_tune
=============================================
Data loaded ...
Subjet 9
if scale True
Training started ....

Epoch : 1
Train Loss     : 0.9930	 | 	Train Accuracy     : 0.5703
Valid Loss     : 0.8000	 | 	Valid Accuracy     : 0.6670

Epoch : 2
Train Loss     : 0.5632	 | 	Train Accuracy     : 0.7796
Valid Loss     : 0.6048	 | 	Valid Accuracy     : 0.7349

Epoch : 3
Train Loss     : 0.4387	 | 	Train Accuracy     : 0.8344
Valid Loss     : 0.6508	 | 	Valid Accuracy     : 0.7261

Epoch : 4
Train Loss     : 0.3754	 | 	Train Accuracy     : 0.8558
Valid Loss     : 0.6081	 | 	Valid Accuracy     : 0.7407

Epoch : 5
Train Loss     : 0.3436	 | 	Train Accuracy     : 0.8645
Valid Loss     : 0.5853	 | 	Valid Accuracy     : 0.7539

Epoch : 6
Train Loss     : 0.3243	 | 	Train Accuracy     : 0.8750
Valid Loss     : 0.5799	 | 	Valid Accuracy     : 0.7646

Epoch : 7
Train Loss     : 0.3190	 | 	Train Accuracy     : 0.8762
Valid Loss     : 0.7073	 | 	Valid Accuracy     : 0.7207

Epoch : 8
Train Loss     : 0.3002	 | 	Train Accuracy     : 0.8869
Valid Loss     : 0.6977	 | 	Valid Accuracy     : 0.7256

Epoch : 9
Train Loss     : 0.2648	 | 	Train Accuracy     : 0.9025
Valid Loss     : 0.6340	 | 	Valid Accuracy     : 0.7437

Epoch : 10
Train Loss     : 0.2474	 | 	Train Accuracy     : 0.9098
Valid Loss     : 0.6087	 | 	Valid Accuracy     : 0.7622

Epoch : 11
Train Loss     : 0.2482	 | 	Train Accuracy     : 0.9079
Valid Loss     : 0.6258	 | 	Valid Accuracy     : 0.7549

Epoch : 12
Train Loss     : 0.2680	 | 	Train Accuracy     : 0.8964
Valid Loss     : 0.6342	 | 	Valid Accuracy     : 0.7559

Epoch : 13
Train Loss     : 0.2498	 | 	Train Accuracy     : 0.9029
Valid Loss     : 0.8205	 | 	Valid Accuracy     : 0.6958

Epoch : 14
Train Loss     : 0.2234	 | 	Train Accuracy     : 0.9156
Valid Loss     : 0.7465	 | 	Valid Accuracy     : 0.7324

Epoch : 15
Train Loss     : 0.2251	 | 	Train Accuracy     : 0.9178
Valid Loss     : 1.0585	 | 	Valid Accuracy     : 0.6230

Epoch : 16
Train Loss     : 0.2264	 | 	Train Accuracy     : 0.9168
Valid Loss     : 0.7731	 | 	Valid Accuracy     : 0.7178

Epoch : 17
Train Loss     : 0.2117	 | 	Train Accuracy     : 0.9212
Valid Loss     : 0.5917	 | 	Valid Accuracy     : 0.7759

Epoch : 18
Train Loss     : 0.1885	 | 	Train Accuracy     : 0.9317
Valid Loss     : 0.6148	 | 	Valid Accuracy     : 0.7749

Epoch : 19
Train Loss     : 0.1764	 | 	Train Accuracy     : 0.9409
Valid Loss     : 0.5950	 | 	Valid Accuracy     : 0.7788

Epoch : 20
Train Loss     : 0.1696	 | 	Train Accuracy     : 0.9446
Valid Loss     : 0.6052	 | 	Valid Accuracy     : 0.7734

Epoch : 21
Train Loss     : 0.1672	 | 	Train Accuracy     : 0.9457
Valid Loss     : 0.6066	 | 	Valid Accuracy     : 0.7764

Epoch : 22
Train Loss     : 0.1641	 | 	Train Accuracy     : 0.9438
Valid Loss     : 0.6047	 | 	Valid Accuracy     : 0.7744

Epoch : 23
Train Loss     : 0.1670	 | 	Train Accuracy     : 0.9474
Valid Loss     : 0.5924	 | 	Valid Accuracy     : 0.7769

Epoch : 24
Train Loss     : 0.1627	 | 	Train Accuracy     : 0.9457
Valid Loss     : 0.6025	 | 	Valid Accuracy     : 0.7734

Epoch : 25
Train Loss     : 0.1612	 | 	Train Accuracy     : 0.9446
Valid Loss     : 0.5930	 | 	Valid Accuracy     : 0.7769

Epoch : 26
Train Loss     : 0.1594	 | 	Train Accuracy     : 0.9457
Valid Loss     : 0.6354	 | 	Valid Accuracy     : 0.7607

Epoch : 27
Train Loss     : 0.1574	 | 	Train Accuracy     : 0.9492
Valid Loss     : 0.5844	 | 	Valid Accuracy     : 0.7808

Epoch : 28
Train Loss     : 0.1531	 | 	Train Accuracy     : 0.9523
Valid Loss     : 0.5939	 | 	Valid Accuracy     : 0.7749

Epoch : 29
Train Loss     : 0.1505	 | 	Train Accuracy     : 0.9555
Valid Loss     : 0.6065	 | 	Valid Accuracy     : 0.7734

Epoch : 30
Train Loss     : 0.1477	 | 	Train Accuracy     : 0.9524
Valid Loss     : 0.5809	 | 	Valid Accuracy     : 0.7837

Evaluate on the Test set:
Test loss      :0.8068	 | Test Accuracy      : 0.7121 | Test AUPRC      : 0.5553
tensor([0.7025, 0.7902, 0.9861, 0.7899, 0.6901, 0.9754, 0.8282, 0.6949, 0.7291,
        0.8747, 0.7127, 0.9051, 0.9491, 0.9042, 0.8995, 0.9513, 0.6800, 0.6699,
        0.7436, 0.6433, 0.7767, 0.9244, 0.8847, 1.0178, 0.8708, 0.6911, 0.7502,
        0.7786, 0.7224, 0.7395, 0.8041, 0.7918, 0.7035, 0.8210, 0.6562, 0.7102,
        0.8185, 0.8436, 0.8408, 0.6607, 0.8347, 0.9245, 0.8359, 0.8031, 0.7400,
        0.6636, 0.6784, 0.9645, 0.7912, 0.8356, 0.6817, 0.6862, 0.8440, 0.6671,
        0.6568, 0.6708, 0.9169, 0.6625, 0.6750, 0.6555, 0.8567, 0.6685],
       device='cuda:0', grad_fn=<SqueezeBackward1>)

################## Training is Done! #########################
Training time is : 0:01:31.637011
