=============================================
Dataset: SEED
Method:  TS-TCC
Mode:    fine_tune
=============================================
Data loaded ...
Subjet 6
if scale False
Training started ....

Epoch : 1
Train Loss     : 0.9419	 | 	Train Accuracy     : 0.5528
Valid Loss     : 1.6259	 | 	Valid Accuracy     : 0.3394

Epoch : 2
Train Loss     : 0.5778	 | 	Train Accuracy     : 0.7510
Valid Loss     : 1.0358	 | 	Valid Accuracy     : 0.4712

Epoch : 3
Train Loss     : 0.4901	 | 	Train Accuracy     : 0.8072
Valid Loss     : 0.7898	 | 	Valid Accuracy     : 0.6826

Epoch : 4
Train Loss     : 0.4122	 | 	Train Accuracy     : 0.8468
Valid Loss     : 0.5698	 | 	Valid Accuracy     : 0.7778

Epoch : 5
Train Loss     : 0.3624	 | 	Train Accuracy     : 0.8684
Valid Loss     : 0.6421	 | 	Valid Accuracy     : 0.7856

Epoch : 6
Train Loss     : 0.3406	 | 	Train Accuracy     : 0.8743
Valid Loss     : 0.7578	 | 	Valid Accuracy     : 0.7656

Epoch : 7
Train Loss     : 0.3319	 | 	Train Accuracy     : 0.8758
Valid Loss     : 0.7722	 | 	Valid Accuracy     : 0.7622

Epoch : 8
Train Loss     : 0.3023	 | 	Train Accuracy     : 0.8879
Valid Loss     : 0.6998	 | 	Valid Accuracy     : 0.7896

Epoch : 9
Train Loss     : 0.3096	 | 	Train Accuracy     : 0.8830
Valid Loss     : 0.8714	 | 	Valid Accuracy     : 0.7710

Epoch : 10
Train Loss     : 0.2731	 | 	Train Accuracy     : 0.8966
Valid Loss     : 0.7131	 | 	Valid Accuracy     : 0.7983

Epoch : 11
Train Loss     : 0.2608	 | 	Train Accuracy     : 0.9051
Valid Loss     : 0.9871	 | 	Valid Accuracy     : 0.7368

Epoch : 12
Train Loss     : 0.2886	 | 	Train Accuracy     : 0.8893
Valid Loss     : 1.0460	 | 	Valid Accuracy     : 0.7510

Epoch : 13
Train Loss     : 0.2728	 | 	Train Accuracy     : 0.8978
Valid Loss     : 0.9402	 | 	Valid Accuracy     : 0.7632

Epoch : 14
Train Loss     : 0.2461	 | 	Train Accuracy     : 0.9100
Valid Loss     : 0.8143	 | 	Valid Accuracy     : 0.7749

Epoch : 15
Train Loss     : 0.2330	 | 	Train Accuracy     : 0.9149
Valid Loss     : 0.9364	 | 	Valid Accuracy     : 0.7578

Epoch : 16
Train Loss     : 0.2011	 | 	Train Accuracy     : 0.9271
Valid Loss     : 0.9454	 | 	Valid Accuracy     : 0.7583

Epoch : 17
Train Loss     : 0.1902	 | 	Train Accuracy     : 0.9355
Valid Loss     : 0.9803	 | 	Valid Accuracy     : 0.7646

Epoch : 18
Train Loss     : 0.1865	 | 	Train Accuracy     : 0.9389
Valid Loss     : 0.8810	 | 	Valid Accuracy     : 0.7798

Epoch : 19
Train Loss     : 0.1837	 | 	Train Accuracy     : 0.9375
Valid Loss     : 0.9190	 | 	Valid Accuracy     : 0.7710

Epoch : 20
Train Loss     : 0.1802	 | 	Train Accuracy     : 0.9377
Valid Loss     : 0.9735	 | 	Valid Accuracy     : 0.7671

Epoch : 21
Train Loss     : 0.1799	 | 	Train Accuracy     : 0.9412
Valid Loss     : 1.0130	 | 	Valid Accuracy     : 0.7593

Epoch : 22
Train Loss     : 0.1768	 | 	Train Accuracy     : 0.9373
Valid Loss     : 0.9608	 | 	Valid Accuracy     : 0.7690

Epoch : 23
Train Loss     : 0.1752	 | 	Train Accuracy     : 0.9372
Valid Loss     : 1.0151	 | 	Valid Accuracy     : 0.7476

Epoch : 24
Train Loss     : 0.1695	 | 	Train Accuracy     : 0.9424
Valid Loss     : 0.8980	 | 	Valid Accuracy     : 0.7720

Epoch : 25
Train Loss     : 0.1685	 | 	Train Accuracy     : 0.9434
Valid Loss     : 1.0343	 | 	Valid Accuracy     : 0.7583

Epoch : 26
Train Loss     : 0.1666	 | 	Train Accuracy     : 0.9426
Valid Loss     : 1.0351	 | 	Valid Accuracy     : 0.7607

Epoch : 27
Train Loss     : 0.1633	 | 	Train Accuracy     : 0.9446
Valid Loss     : 1.0106	 | 	Valid Accuracy     : 0.7573

Epoch : 28
Train Loss     : 0.1592	 | 	Train Accuracy     : 0.9475
Valid Loss     : 0.9372	 | 	Valid Accuracy     : 0.7690

Epoch : 29
Train Loss     : 0.1603	 | 	Train Accuracy     : 0.9470
Valid Loss     : 0.9330	 | 	Valid Accuracy     : 0.7720

Epoch : 30
Train Loss     : 0.1563	 | 	Train Accuracy     : 0.9482
Valid Loss     : 0.9748	 | 	Valid Accuracy     : 0.7681

Evaluate on the Test set:
Test loss      :0.9813	 | Test Accuracy      : 0.7095 | Test AUPRC      : 0.5444
tensor([1., 1., 1., 1., 1., 1., 1., 1., 1., 1., 1., 1., 1., 1., 1., 1., 1., 1.,
        1., 1., 1., 1., 1., 1., 1., 1., 1., 1., 1., 1., 1., 1., 1., 1., 1., 1.,
        1., 1., 1., 1., 1., 1., 1., 1., 1., 1., 1., 1., 1., 1., 1., 1., 1., 1.,
        1., 1., 1., 1., 1., 1., 1., 1.], device='cuda:0',
       grad_fn=<SqueezeBackward1>)

################## Training is Done! #########################
Training time is : 0:01:41.500624
