=============================================
Dataset: SEED
Method:  TS-TCC
Mode:    fine_tune
=============================================
Data loaded ...
Subjet 2
if scale True
Training started ....

Epoch : 1
Train Loss     : 1.2625	 | 	Train Accuracy     : 0.4246
Valid Loss     : 1.2412	 | 	Valid Accuracy     : 0.3472

Epoch : 2
Train Loss     : 0.8201	 | 	Train Accuracy     : 0.6289
Valid Loss     : 1.0922	 | 	Valid Accuracy     : 0.3716

Epoch : 3
Train Loss     : 0.6210	 | 	Train Accuracy     : 0.7507
Valid Loss     : 1.0984	 | 	Valid Accuracy     : 0.5801

Epoch : 4
Train Loss     : 0.4999	 | 	Train Accuracy     : 0.8013
Valid Loss     : 0.9679	 | 	Valid Accuracy     : 0.6211

Epoch : 5
Train Loss     : 0.4245	 | 	Train Accuracy     : 0.8359
Valid Loss     : 1.0028	 | 	Valid Accuracy     : 0.5938

Epoch : 6
Train Loss     : 0.4010	 | 	Train Accuracy     : 0.8466
Valid Loss     : 1.2752	 | 	Valid Accuracy     : 0.5371

Epoch : 7
Train Loss     : 0.3903	 | 	Train Accuracy     : 0.8522
Valid Loss     : 1.3909	 | 	Valid Accuracy     : 0.4731

Epoch : 8
Train Loss     : 0.4271	 | 	Train Accuracy     : 0.8342
Valid Loss     : 1.4813	 | 	Valid Accuracy     : 0.5249

Epoch : 9
Train Loss     : 0.4218	 | 	Train Accuracy     : 0.8331
Valid Loss     : 1.2084	 | 	Valid Accuracy     : 0.6025

Epoch : 10
Train Loss     : 0.3727	 | 	Train Accuracy     : 0.8580
Valid Loss     : 1.5306	 | 	Valid Accuracy     : 0.4819

Epoch : 11
Train Loss     : 0.3527	 | 	Train Accuracy     : 0.8691
Valid Loss     : 1.4439	 | 	Valid Accuracy     : 0.5176

Epoch : 12
Train Loss     : 0.3489	 | 	Train Accuracy     : 0.8679
Valid Loss     : 1.6922	 | 	Valid Accuracy     : 0.5146

Epoch : 13
Train Loss     : 0.3505	 | 	Train Accuracy     : 0.8679
Valid Loss     : 1.5531	 | 	Valid Accuracy     : 0.4995

Epoch : 14
Train Loss     : 0.3247	 | 	Train Accuracy     : 0.8775
Valid Loss     : 1.3870	 | 	Valid Accuracy     : 0.5557

Epoch : 15
Train Loss     : 0.3228	 | 	Train Accuracy     : 0.8779
Valid Loss     : 1.3932	 | 	Valid Accuracy     : 0.5635

Epoch : 16
Train Loss     : 0.2965	 | 	Train Accuracy     : 0.8881
Valid Loss     : 1.4633	 | 	Valid Accuracy     : 0.5488

Epoch : 17
Train Loss     : 0.2831	 | 	Train Accuracy     : 0.8972
Valid Loss     : 1.6346	 | 	Valid Accuracy     : 0.4985

Epoch : 18
Train Loss     : 0.2772	 | 	Train Accuracy     : 0.9013
Valid Loss     : 1.5141	 | 	Valid Accuracy     : 0.5498

Epoch : 19
Train Loss     : 0.2806	 | 	Train Accuracy     : 0.8983
Valid Loss     : 1.4943	 | 	Valid Accuracy     : 0.5469

Epoch : 20
Train Loss     : 0.2730	 | 	Train Accuracy     : 0.9034
Valid Loss     : 1.5523	 | 	Valid Accuracy     : 0.5342

Epoch : 21
Train Loss     : 0.2701	 | 	Train Accuracy     : 0.9054
Valid Loss     : 1.5321	 | 	Valid Accuracy     : 0.5322

Epoch : 22
Train Loss     : 0.2701	 | 	Train Accuracy     : 0.9047
Valid Loss     : 1.5779	 | 	Valid Accuracy     : 0.5264

Epoch : 23
Train Loss     : 0.2680	 | 	Train Accuracy     : 0.9056
Valid Loss     : 1.5297	 | 	Valid Accuracy     : 0.5684

Epoch : 24
Train Loss     : 0.2627	 | 	Train Accuracy     : 0.9090
Valid Loss     : 1.4833	 | 	Valid Accuracy     : 0.5605

Epoch : 25
Train Loss     : 0.2700	 | 	Train Accuracy     : 0.9037
Valid Loss     : 1.4858	 | 	Valid Accuracy     : 0.5601

Epoch : 26
Train Loss     : 0.2615	 | 	Train Accuracy     : 0.9054
Valid Loss     : 1.4772	 | 	Valid Accuracy     : 0.5571

Epoch : 27
Train Loss     : 0.2533	 | 	Train Accuracy     : 0.9137
Valid Loss     : 1.5214	 | 	Valid Accuracy     : 0.5435

Epoch : 28
Train Loss     : 0.2566	 | 	Train Accuracy     : 0.9110
Valid Loss     : 1.4999	 | 	Valid Accuracy     : 0.5537

Epoch : 29
Train Loss     : 0.2517	 | 	Train Accuracy     : 0.9161
Valid Loss     : 1.5215	 | 	Valid Accuracy     : 0.5449

Epoch : 30
Train Loss     : 0.2475	 | 	Train Accuracy     : 0.9129
Valid Loss     : 1.5026	 | 	Valid Accuracy     : 0.5620

Evaluate on the Test set:
Test loss      :1.5632	 | Test Accuracy      : 0.5455 | Test AUPRC      : 0.4754
tensor([0.7887, 0.8653, 0.9767, 0.8916, 0.8346, 0.9317, 0.8441, 0.7357, 0.7482,
        0.7388, 0.7839, 0.7492, 0.7213, 0.8279, 0.8603, 0.8666, 0.7274, 0.7112,
        0.6701, 0.6554, 0.7640, 0.8232, 0.7786, 0.9865, 0.9479, 0.7412, 0.7072,
        0.7012, 0.7810, 0.7393, 0.8392, 0.7460, 0.8055, 0.7524, 0.6852, 0.7789,
        0.7853, 0.7094, 0.8139, 0.7265, 0.7983, 0.8511, 1.0160, 0.7128, 0.7876,
        0.7478, 0.7636, 0.7550, 0.6959, 0.9542, 0.7750, 0.8525, 0.9302, 0.7672,
        0.7739, 0.7982, 0.8081, 0.7281, 0.8197, 0.6911, 0.8050, 0.6810],
       device='cuda:0', grad_fn=<SqueezeBackward1>)

################## Training is Done! #########################
Training time is : 0:01:42.182440
