=============================================
Dataset: SEED
Method:  TS-TCC
Mode:    fine_tune
=============================================
Data loaded ...
Subjet 13
if scale False
Training started ....

Epoch : 1
Train Loss     : 0.8269	 | 	Train Accuracy     : 0.6112
Valid Loss     : 0.8575	 | 	Valid Accuracy     : 0.5962

Epoch : 2
Train Loss     : 0.4916	 | 	Train Accuracy     : 0.7938
Valid Loss     : 0.5292	 | 	Valid Accuracy     : 0.7539

Epoch : 3
Train Loss     : 0.3949	 | 	Train Accuracy     : 0.8429
Valid Loss     : 0.4679	 | 	Valid Accuracy     : 0.7896

Epoch : 4
Train Loss     : 0.3216	 | 	Train Accuracy     : 0.8786
Valid Loss     : 0.4568	 | 	Valid Accuracy     : 0.8062

Epoch : 5
Train Loss     : 0.3072	 | 	Train Accuracy     : 0.8730
Valid Loss     : 0.4850	 | 	Valid Accuracy     : 0.7969

Epoch : 6
Train Loss     : 0.2704	 | 	Train Accuracy     : 0.8927
Valid Loss     : 0.4574	 | 	Valid Accuracy     : 0.8013

Epoch : 7
Train Loss     : 0.2553	 | 	Train Accuracy     : 0.9003
Valid Loss     : 0.6276	 | 	Valid Accuracy     : 0.7544

Epoch : 8
Train Loss     : 0.2546	 | 	Train Accuracy     : 0.8952
Valid Loss     : 0.4916	 | 	Valid Accuracy     : 0.8018

Epoch : 9
Train Loss     : 0.2439	 | 	Train Accuracy     : 0.9047
Valid Loss     : 0.5967	 | 	Valid Accuracy     : 0.7598

Epoch : 10
Train Loss     : 0.2144	 | 	Train Accuracy     : 0.9224
Valid Loss     : 0.5691	 | 	Valid Accuracy     : 0.7808

Epoch : 11
Train Loss     : 0.2152	 | 	Train Accuracy     : 0.9212
Valid Loss     : 0.8059	 | 	Valid Accuracy     : 0.7207

Epoch : 12
Train Loss     : 0.2143	 | 	Train Accuracy     : 0.9198
Valid Loss     : 0.8530	 | 	Valid Accuracy     : 0.7085

Epoch : 13
Train Loss     : 0.1937	 | 	Train Accuracy     : 0.9214
Valid Loss     : 0.6956	 | 	Valid Accuracy     : 0.7490

Epoch : 14
Train Loss     : 0.1848	 | 	Train Accuracy     : 0.9333
Valid Loss     : 0.5826	 | 	Valid Accuracy     : 0.7715

Epoch : 15
Train Loss     : 0.1708	 | 	Train Accuracy     : 0.9385
Valid Loss     : 0.4731	 | 	Valid Accuracy     : 0.8228

Epoch : 16
Train Loss     : 0.1395	 | 	Train Accuracy     : 0.9519
Valid Loss     : 0.5568	 | 	Valid Accuracy     : 0.7886

Epoch : 17
Train Loss     : 0.1261	 | 	Train Accuracy     : 0.9581
Valid Loss     : 0.5857	 | 	Valid Accuracy     : 0.7847

Epoch : 18
Train Loss     : 0.1218	 | 	Train Accuracy     : 0.9638
Valid Loss     : 0.5466	 | 	Valid Accuracy     : 0.7939

Epoch : 19
Train Loss     : 0.1185	 | 	Train Accuracy     : 0.9647
Valid Loss     : 0.5516	 | 	Valid Accuracy     : 0.7949

Epoch : 20
Train Loss     : 0.1140	 | 	Train Accuracy     : 0.9655
Valid Loss     : 0.5772	 | 	Valid Accuracy     : 0.7812

Epoch : 21
Train Loss     : 0.1141	 | 	Train Accuracy     : 0.9667
Valid Loss     : 0.5481	 | 	Valid Accuracy     : 0.7905

Epoch : 22
Train Loss     : 0.1111	 | 	Train Accuracy     : 0.9689
Valid Loss     : 0.5631	 | 	Valid Accuracy     : 0.7866

Epoch : 23
Train Loss     : 0.1127	 | 	Train Accuracy     : 0.9672
Valid Loss     : 0.5225	 | 	Valid Accuracy     : 0.7954

Epoch : 24
Train Loss     : 0.1125	 | 	Train Accuracy     : 0.9665
Valid Loss     : 0.5885	 | 	Valid Accuracy     : 0.7793

Epoch : 25
Train Loss     : 0.1097	 | 	Train Accuracy     : 0.9686
Valid Loss     : 0.5509	 | 	Valid Accuracy     : 0.7886

Epoch : 26
Train Loss     : 0.1046	 | 	Train Accuracy     : 0.9682
Valid Loss     : 0.5171	 | 	Valid Accuracy     : 0.7964

Epoch : 27
Train Loss     : 0.1030	 | 	Train Accuracy     : 0.9728
Valid Loss     : 0.5519	 | 	Valid Accuracy     : 0.7876

Epoch : 28
Train Loss     : 0.1050	 | 	Train Accuracy     : 0.9706
Valid Loss     : 0.5598	 | 	Valid Accuracy     : 0.7852

Epoch : 29
Train Loss     : 0.0992	 | 	Train Accuracy     : 0.9732
Valid Loss     : 0.5631	 | 	Valid Accuracy     : 0.7847

Epoch : 30
Train Loss     : 0.0986	 | 	Train Accuracy     : 0.9757
Valid Loss     : 0.5491	 | 	Valid Accuracy     : 0.7886

Evaluate on the Test set:
Test loss      :1.7149	 | Test Accuracy      : 0.6980 | Test AUPRC      : 0.5394
tensor([1., 1., 1., 1., 1., 1., 1., 1., 1., 1., 1., 1., 1., 1., 1., 1., 1., 1.,
        1., 1., 1., 1., 1., 1., 1., 1., 1., 1., 1., 1., 1., 1., 1., 1., 1., 1.,
        1., 1., 1., 1., 1., 1., 1., 1., 1., 1., 1., 1., 1., 1., 1., 1., 1., 1.,
        1., 1., 1., 1., 1., 1., 1., 1.], device='cuda:0',
       grad_fn=<SqueezeBackward1>)

################## Training is Done! #########################
Training time is : 0:01:41.946315
