=============================================
Dataset: SEED
Method:  TS-TCC
Mode:    fine_tune
=============================================
Data loaded ...
Subjet 4
if scale True
Training started ....

Epoch : 1
Train Loss     : 1.7166	 | 	Train Accuracy     : 0.4402
Valid Loss     : 1.5006	 | 	Valid Accuracy     : 0.3392

Epoch : 2
Train Loss     : 0.8186	 | 	Train Accuracy     : 0.6082
Valid Loss     : 1.8990	 | 	Valid Accuracy     : 0.4333

Epoch : 3
Train Loss     : 0.5619	 | 	Train Accuracy     : 0.7541
Valid Loss     : 1.2696	 | 	Valid Accuracy     : 0.4720

Epoch : 4
Train Loss     : 0.3724	 | 	Train Accuracy     : 0.8663
Valid Loss     : 1.1872	 | 	Valid Accuracy     : 0.4696

Epoch : 5
Train Loss     : 0.2915	 | 	Train Accuracy     : 0.9106
Valid Loss     : 1.1740	 | 	Valid Accuracy     : 0.4916

Epoch : 6
Train Loss     : 0.2247	 | 	Train Accuracy     : 0.9420
Valid Loss     : 1.1479	 | 	Valid Accuracy     : 0.5038

Epoch : 7
Train Loss     : 0.1934	 | 	Train Accuracy     : 0.9466
Valid Loss     : 1.2673	 | 	Valid Accuracy     : 0.4920

Epoch : 8
Train Loss     : 0.1524	 | 	Train Accuracy     : 0.9659
Valid Loss     : 1.2630	 | 	Valid Accuracy     : 0.4975

Epoch : 9
Train Loss     : 0.1375	 | 	Train Accuracy     : 0.9643
Valid Loss     : 1.4229	 | 	Valid Accuracy     : 0.4931

Epoch : 10
Train Loss     : 0.1186	 | 	Train Accuracy     : 0.9741
Valid Loss     : 1.4133	 | 	Valid Accuracy     : 0.5017

Epoch : 11
Train Loss     : 0.1079	 | 	Train Accuracy     : 0.9750
Valid Loss     : 1.4618	 | 	Valid Accuracy     : 0.4930

Epoch : 12
Train Loss     : 0.1031	 | 	Train Accuracy     : 0.9752
Valid Loss     : 1.3873	 | 	Valid Accuracy     : 0.4986

Epoch : 13
Train Loss     : 0.0936	 | 	Train Accuracy     : 0.9756
Valid Loss     : 1.4677	 | 	Valid Accuracy     : 0.5043

Epoch : 14
Train Loss     : 0.0906	 | 	Train Accuracy     : 0.9816
Valid Loss     : 1.5233	 | 	Valid Accuracy     : 0.4997

Epoch : 15
Train Loss     : 0.0776	 | 	Train Accuracy     : 0.9829
Valid Loss     : 1.5636	 | 	Valid Accuracy     : 0.4992

Epoch : 16
Train Loss     : 0.0708	 | 	Train Accuracy     : 0.9849
Valid Loss     : 1.4829	 | 	Valid Accuracy     : 0.5096

Epoch : 17
Train Loss     : 0.0732	 | 	Train Accuracy     : 0.9814
Valid Loss     : 1.5139	 | 	Valid Accuracy     : 0.5111

Epoch : 18
Train Loss     : 0.0619	 | 	Train Accuracy     : 0.9879
Valid Loss     : 1.4638	 | 	Valid Accuracy     : 0.5255

Epoch : 19
Train Loss     : 0.0622	 | 	Train Accuracy     : 0.9866
Valid Loss     : 1.4919	 | 	Valid Accuracy     : 0.5189

Epoch : 20
Train Loss     : 0.0532	 | 	Train Accuracy     : 0.9906
Valid Loss     : 1.5587	 | 	Valid Accuracy     : 0.5105

Epoch : 21
Train Loss     : 0.0542	 | 	Train Accuracy     : 0.9890
Valid Loss     : 1.5616	 | 	Valid Accuracy     : 0.5123

Epoch : 22
Train Loss     : 0.0541	 | 	Train Accuracy     : 0.9890
Valid Loss     : 1.6348	 | 	Valid Accuracy     : 0.5035

Epoch : 23
Train Loss     : 0.0545	 | 	Train Accuracy     : 0.9889
Valid Loss     : 1.6216	 | 	Valid Accuracy     : 0.5039

Epoch : 24
Train Loss     : 0.0528	 | 	Train Accuracy     : 0.9901
Valid Loss     : 1.6193	 | 	Valid Accuracy     : 0.5071

Epoch : 25
Train Loss     : 0.0482	 | 	Train Accuracy     : 0.9919
Valid Loss     : 1.6484	 | 	Valid Accuracy     : 0.5098

Epoch : 26
Train Loss     : 0.0504	 | 	Train Accuracy     : 0.9905
Valid Loss     : 1.5720	 | 	Valid Accuracy     : 0.5193

Epoch : 27
Train Loss     : 0.0534	 | 	Train Accuracy     : 0.9904
Valid Loss     : 1.6169	 | 	Valid Accuracy     : 0.5122

Epoch : 28
Train Loss     : 0.0495	 | 	Train Accuracy     : 0.9895
Valid Loss     : 1.6919	 | 	Valid Accuracy     : 0.5004

Epoch : 29
Train Loss     : 0.0466	 | 	Train Accuracy     : 0.9914
Valid Loss     : 1.6278	 | 	Valid Accuracy     : 0.5052

Epoch : 30
Train Loss     : 0.0472	 | 	Train Accuracy     : 0.9909
Valid Loss     : 1.5994	 | 	Valid Accuracy     : 0.5159

Evaluate on the Test set:
Test loss      :1.4918	 | Test Accuracy      : 0.5699 | Test AUPRC      : 0.7218
tensor([0.9283, 0.9475, 0.9429, 0.9234, 0.9105, 0.9676, 0.9390, 0.9038, 0.9073,
        0.9053, 0.9258, 0.9187, 0.9531, 0.9149, 0.9511, 0.8982, 0.9306, 0.8980,
        0.8736, 0.9360, 0.9063, 0.9015, 0.9445, 1.0382, 0.9274, 0.9286, 0.8978,
        0.8897, 0.8931, 0.9143, 0.8997, 0.9976, 0.9737, 0.9122, 0.9055, 0.9434,
        0.9275, 0.9121, 0.8940, 0.8840, 0.9737, 0.9089, 0.9075, 0.9117, 0.9412,
        0.9365, 0.8952, 0.9258, 0.9023, 0.8737, 0.9065, 0.9064, 0.9051, 0.9148,
        0.9446, 0.9880, 1.0067, 0.9122, 0.9132, 0.9151, 0.9160, 0.9192],
       device='cuda:0', grad_fn=<SqueezeBackward1>)

################## Training is Done! #########################
Training time is : 0:01:55.599747
