=============================================
Dataset: SEED
Method:  TS-TCC
Mode:    fine_tune
=============================================
Data loaded ...
Subjet 15
if scale True
Training started ....

Epoch : 1
Train Loss     : 1.2083	 | 	Train Accuracy     : 0.5960
Valid Loss     : 1.0641	 | 	Valid Accuracy     : 0.7655

Epoch : 2
Train Loss     : 0.3886	 | 	Train Accuracy     : 0.8208
Valid Loss     : 0.8160	 | 	Valid Accuracy     : 0.6968

Epoch : 3
Train Loss     : 0.1699	 | 	Train Accuracy     : 0.9496
Valid Loss     : 0.6525	 | 	Valid Accuracy     : 0.8048

Epoch : 4
Train Loss     : 0.0763	 | 	Train Accuracy     : 0.9840
Valid Loss     : 0.8084	 | 	Valid Accuracy     : 0.8342

Epoch : 5
Train Loss     : 0.0569	 | 	Train Accuracy     : 0.9890
Valid Loss     : 1.0536	 | 	Valid Accuracy     : 0.7893

Epoch : 6
Train Loss     : 0.0453	 | 	Train Accuracy     : 0.9895
Valid Loss     : 1.1087	 | 	Valid Accuracy     : 0.7562

Epoch : 7
Train Loss     : 0.0357	 | 	Train Accuracy     : 0.9917
Valid Loss     : 1.3403	 | 	Valid Accuracy     : 0.7727

Epoch : 8
Train Loss     : 0.0308	 | 	Train Accuracy     : 0.9929
Valid Loss     : 1.7703	 | 	Valid Accuracy     : 0.7704

Epoch : 9
Train Loss     : 0.0225	 | 	Train Accuracy     : 0.9970
Valid Loss     : 1.9450	 | 	Valid Accuracy     : 0.7631

Epoch : 10
Train Loss     : 0.0216	 | 	Train Accuracy     : 0.9985
Valid Loss     : 2.3616	 | 	Valid Accuracy     : 0.7658

Epoch : 11
Train Loss     : 0.0198	 | 	Train Accuracy     : 0.9976
Valid Loss     : 3.3309	 | 	Valid Accuracy     : 0.7590

Epoch : 12
Train Loss     : 0.0187	 | 	Train Accuracy     : 0.9984
Valid Loss     : 5.0627	 | 	Valid Accuracy     : 0.7731

Epoch : 13
Train Loss     : 0.0154	 | 	Train Accuracy     : 0.9989
Valid Loss     : 3.5410	 | 	Valid Accuracy     : 0.7745

Epoch : 14
Train Loss     : 0.0162	 | 	Train Accuracy     : 0.9980
Valid Loss     : 3.8508	 | 	Valid Accuracy     : 0.7859

Epoch : 15
Train Loss     : 0.0124	 | 	Train Accuracy     : 0.9990
Valid Loss     : 3.8626	 | 	Valid Accuracy     : 0.7789

Epoch : 16
Train Loss     : 0.0104	 | 	Train Accuracy     : 1.0000
Valid Loss     : 3.9313	 | 	Valid Accuracy     : 0.7774

Epoch : 17
Train Loss     : 0.0095	 | 	Train Accuracy     : 1.0000
Valid Loss     : 3.9685	 | 	Valid Accuracy     : 0.7761

Epoch : 18
Train Loss     : 0.0094	 | 	Train Accuracy     : 1.0000
Valid Loss     : 4.0912	 | 	Valid Accuracy     : 0.7774

Epoch : 19
Train Loss     : 0.0102	 | 	Train Accuracy     : 0.9995
Valid Loss     : 4.2587	 | 	Valid Accuracy     : 0.7835

Epoch : 20
Train Loss     : 0.0088	 | 	Train Accuracy     : 1.0000
Valid Loss     : 4.4347	 | 	Valid Accuracy     : 0.7709

Epoch : 21
Train Loss     : 0.0081	 | 	Train Accuracy     : 1.0000
Valid Loss     : 4.5635	 | 	Valid Accuracy     : 0.7776

Epoch : 22
Train Loss     : 0.0095	 | 	Train Accuracy     : 1.0000
Valid Loss     : 4.5098	 | 	Valid Accuracy     : 0.7755

Epoch : 23
Train Loss     : 0.0099	 | 	Train Accuracy     : 1.0000
Valid Loss     : 5.6870	 | 	Valid Accuracy     : 0.7707

Epoch : 24
Train Loss     : 0.0090	 | 	Train Accuracy     : 1.0000
Valid Loss     : 4.6429	 | 	Valid Accuracy     : 0.7743

Epoch : 25
Train Loss     : 0.0077	 | 	Train Accuracy     : 1.0000
Valid Loss     : 5.9929	 | 	Valid Accuracy     : 0.7693

Epoch : 26
Train Loss     : 0.0079	 | 	Train Accuracy     : 1.0000
Valid Loss     : 4.6769	 | 	Valid Accuracy     : 0.7763

Epoch : 27
Train Loss     : 0.0084	 | 	Train Accuracy     : 1.0000
Valid Loss     : 6.7789	 | 	Valid Accuracy     : 0.7819

Epoch : 28
Train Loss     : 0.0081	 | 	Train Accuracy     : 1.0000
Valid Loss     : 5.3802	 | 	Valid Accuracy     : 0.7596

Epoch : 29
Train Loss     : 0.0083	 | 	Train Accuracy     : 1.0000
Valid Loss     : 5.4051	 | 	Valid Accuracy     : 0.7750

Epoch : 30
Train Loss     : 0.0089	 | 	Train Accuracy     : 0.9995
Valid Loss     : 4.8754	 | 	Valid Accuracy     : 0.7763

Evaluate on the Test set:
Test loss      :115.6312	 | Test Accuracy      : 0.5520 | Test AUPRC      : 0.5211
tensor([0.9343, 0.9327, 0.9337, 1.0024, 0.9197, 0.9084, 0.9722, 0.9156, 0.9188,
        0.9170, 0.9276, 0.9202, 0.9461, 0.9101, 0.9238, 0.9309, 0.9297, 0.9250,
        0.8911, 0.9448, 0.9144, 0.9366, 0.9322, 0.9974, 0.9306, 0.9087, 0.9241,
        0.8963, 0.9270, 0.9155, 0.9293, 1.0013, 0.9543, 0.9158, 0.9184, 0.9300,
        0.9206, 0.9161, 0.9144, 0.9988, 0.9522, 0.9150, 0.9277, 0.9082, 0.9397,
        0.9413, 0.9050, 0.9210, 0.9367, 0.9121, 0.9188, 0.9186, 0.9073, 0.9368,
        0.9192, 0.8810, 0.9091, 0.9435, 0.9618, 0.9179, 0.9301, 0.9294],
       device='cuda:0', grad_fn=<SqueezeBackward1>)

################## Training is Done! #########################
Training time is : 0:01:49.187846
