=============================================
Dataset: SEED
Method:  TS-TCC
Mode:    fine_tune
=============================================
Data loaded ...
Subjet 12
if scale True
Training started ....

Epoch : 1
Train Loss     : 1.1223	 | 	Train Accuracy     : 0.5033
Valid Loss     : 1.9690	 | 	Valid Accuracy     : 0.4251

Epoch : 2
Train Loss     : 0.5879	 | 	Train Accuracy     : 0.7816
Valid Loss     : 2.3085	 | 	Valid Accuracy     : 0.4431

Epoch : 3
Train Loss     : 0.4063	 | 	Train Accuracy     : 0.8648
Valid Loss     : 2.1772	 | 	Valid Accuracy     : 0.4747

Epoch : 4
Train Loss     : 0.3203	 | 	Train Accuracy     : 0.8983
Valid Loss     : 1.9964	 | 	Valid Accuracy     : 0.5108

Epoch : 5
Train Loss     : 0.2466	 | 	Train Accuracy     : 0.9309
Valid Loss     : 1.8443	 | 	Valid Accuracy     : 0.5161

Epoch : 6
Train Loss     : 0.2079	 | 	Train Accuracy     : 0.9394
Valid Loss     : 1.9253	 | 	Valid Accuracy     : 0.5286

Epoch : 7
Train Loss     : 0.1771	 | 	Train Accuracy     : 0.9540
Valid Loss     : 1.9310	 | 	Valid Accuracy     : 0.5560

Epoch : 8
Train Loss     : 0.1604	 | 	Train Accuracy     : 0.9538
Valid Loss     : 1.8827	 | 	Valid Accuracy     : 0.5634

Epoch : 9
Train Loss     : 0.1526	 | 	Train Accuracy     : 0.9545
Valid Loss     : 2.1665	 | 	Valid Accuracy     : 0.5601

Epoch : 10
Train Loss     : 0.1528	 | 	Train Accuracy     : 0.9544
Valid Loss     : 2.0360	 | 	Valid Accuracy     : 0.5382

Epoch : 11
Train Loss     : 0.1194	 | 	Train Accuracy     : 0.9651
Valid Loss     : 2.1196	 | 	Valid Accuracy     : 0.5305

Epoch : 12
Train Loss     : 0.0998	 | 	Train Accuracy     : 0.9776
Valid Loss     : 2.5405	 | 	Valid Accuracy     : 0.5567

Epoch : 13
Train Loss     : 0.0886	 | 	Train Accuracy     : 0.9800
Valid Loss     : 2.2738	 | 	Valid Accuracy     : 0.5376

Epoch : 14
Train Loss     : 0.0843	 | 	Train Accuracy     : 0.9790
Valid Loss     : 2.2478	 | 	Valid Accuracy     : 0.5238

Epoch : 15
Train Loss     : 0.0765	 | 	Train Accuracy     : 0.9822
Valid Loss     : 2.3409	 | 	Valid Accuracy     : 0.5348

Epoch : 16
Train Loss     : 0.0626	 | 	Train Accuracy     : 0.9879
Valid Loss     : 2.3260	 | 	Valid Accuracy     : 0.5712

Epoch : 17
Train Loss     : 0.0628	 | 	Train Accuracy     : 0.9858
Valid Loss     : 2.3044	 | 	Valid Accuracy     : 0.5455

Epoch : 18
Train Loss     : 0.0506	 | 	Train Accuracy     : 0.9929
Valid Loss     : 2.3778	 | 	Valid Accuracy     : 0.5349

Epoch : 19
Train Loss     : 0.0478	 | 	Train Accuracy     : 0.9947
Valid Loss     : 2.3694	 | 	Valid Accuracy     : 0.5464

Epoch : 20
Train Loss     : 0.0475	 | 	Train Accuracy     : 0.9936
Valid Loss     : 2.4107	 | 	Valid Accuracy     : 0.5464

Epoch : 21
Train Loss     : 0.0469	 | 	Train Accuracy     : 0.9929
Valid Loss     : 2.3780	 | 	Valid Accuracy     : 0.5447

Epoch : 22
Train Loss     : 0.0452	 | 	Train Accuracy     : 0.9950
Valid Loss     : 2.3860	 | 	Valid Accuracy     : 0.5328

Epoch : 23
Train Loss     : 0.0445	 | 	Train Accuracy     : 0.9950
Valid Loss     : 2.3180	 | 	Valid Accuracy     : 0.5487

Epoch : 24
Train Loss     : 0.0436	 | 	Train Accuracy     : 0.9950
Valid Loss     : 2.3968	 | 	Valid Accuracy     : 0.5199

Epoch : 25
Train Loss     : 0.0404	 | 	Train Accuracy     : 0.9954
Valid Loss     : 2.4799	 | 	Valid Accuracy     : 0.5306

Epoch : 26
Train Loss     : 0.0425	 | 	Train Accuracy     : 0.9950
Valid Loss     : 2.4279	 | 	Valid Accuracy     : 0.5380

Epoch : 27
Train Loss     : 0.0368	 | 	Train Accuracy     : 0.9979
Valid Loss     : 2.4105	 | 	Valid Accuracy     : 0.5327

Epoch : 28
Train Loss     : 0.0381	 | 	Train Accuracy     : 0.9968
Valid Loss     : 2.4662	 | 	Valid Accuracy     : 0.5286

Epoch : 29
Train Loss     : 0.0379	 | 	Train Accuracy     : 0.9975
Valid Loss     : 2.4206	 | 	Valid Accuracy     : 0.5286

Epoch : 30
Train Loss     : 0.0369	 | 	Train Accuracy     : 0.9968
Valid Loss     : 2.4655	 | 	Valid Accuracy     : 0.5306

Evaluate on the Test set:
Test loss      :2.2326	 | Test Accuracy      : 0.5212 | Test AUPRC      : 0.6018
tensor([0.9162, 0.9595, 1.0022, 0.9537, 0.9297, 1.0013, 0.9329, 0.8848, 0.9014,
        0.8632, 0.8754, 0.8591, 0.9771, 0.8797, 0.9447, 0.8653, 0.8780, 0.9095,
        0.8508, 0.9741, 0.8612, 0.8800, 0.8726, 1.0109, 0.9338, 0.9166, 0.9452,
        0.8293, 0.8731, 0.8630, 0.8631, 1.0240, 0.9483, 0.8406, 0.8656, 0.9234,
        0.8579, 0.8657, 0.8530, 0.8789, 0.8965, 0.8550, 0.8510, 0.9295, 0.8804,
        0.8850, 0.8424, 0.8655, 0.8469, 0.9243, 0.8682, 0.8458, 0.8519, 0.8483,
        0.8689, 0.8178, 0.8616, 0.9674, 0.8813, 0.9116, 0.8649, 0.8796],
       device='cuda:0', grad_fn=<SqueezeBackward1>)

################## Training is Done! #########################
Training time is : 0:02:16.495105
