=============================================
Dataset: SEED
Method:  TS-TCC
Mode:    fine_tune
=============================================
Data loaded ...
Subjet 13
if scale True
Training started ....

Epoch : 1
Train Loss     : 1.1374	 | 	Train Accuracy     : 0.5854
Valid Loss     : 1.2050	 | 	Valid Accuracy     : 0.5162

Epoch : 2
Train Loss     : 0.5417	 | 	Train Accuracy     : 0.7248
Valid Loss     : 0.5998	 | 	Valid Accuracy     : 0.6956

Epoch : 3
Train Loss     : 0.4231	 | 	Train Accuracy     : 0.7945
Valid Loss     : 0.5186	 | 	Valid Accuracy     : 0.7361

Epoch : 4
Train Loss     : 0.3869	 | 	Train Accuracy     : 0.8197
Valid Loss     : 0.6506	 | 	Valid Accuracy     : 0.7009

Epoch : 5
Train Loss     : 0.3128	 | 	Train Accuracy     : 0.8720
Valid Loss     : 0.4723	 | 	Valid Accuracy     : 0.7922

Epoch : 6
Train Loss     : 0.2765	 | 	Train Accuracy     : 0.8911
Valid Loss     : 0.4422	 | 	Valid Accuracy     : 0.8178

Epoch : 7
Train Loss     : 0.2610	 | 	Train Accuracy     : 0.8929
Valid Loss     : 0.5142	 | 	Valid Accuracy     : 0.7826

Epoch : 8
Train Loss     : 0.2562	 | 	Train Accuracy     : 0.8940
Valid Loss     : 0.7299	 | 	Valid Accuracy     : 0.7217

Epoch : 9
Train Loss     : 0.2548	 | 	Train Accuracy     : 0.8953
Valid Loss     : 0.5921	 | 	Valid Accuracy     : 0.7601

Epoch : 10
Train Loss     : 0.2166	 | 	Train Accuracy     : 0.9163
Valid Loss     : 0.4826	 | 	Valid Accuracy     : 0.7931

Epoch : 11
Train Loss     : 0.1878	 | 	Train Accuracy     : 0.9311
Valid Loss     : 0.4338	 | 	Valid Accuracy     : 0.8222

Epoch : 12
Train Loss     : 0.1665	 | 	Train Accuracy     : 0.9401
Valid Loss     : 0.5196	 | 	Valid Accuracy     : 0.7929

Epoch : 13
Train Loss     : 0.1535	 | 	Train Accuracy     : 0.9458
Valid Loss     : 0.5389	 | 	Valid Accuracy     : 0.7976

Epoch : 14
Train Loss     : 0.1475	 | 	Train Accuracy     : 0.9497
Valid Loss     : 0.5010	 | 	Valid Accuracy     : 0.7939

Epoch : 15
Train Loss     : 0.1490	 | 	Train Accuracy     : 0.9472
Valid Loss     : 0.5848	 | 	Valid Accuracy     : 0.7827

Epoch : 16
Train Loss     : 0.1357	 | 	Train Accuracy     : 0.9530
Valid Loss     : 0.5792	 | 	Valid Accuracy     : 0.7839

Epoch : 17
Train Loss     : 0.1276	 | 	Train Accuracy     : 0.9569
Valid Loss     : 0.5519	 | 	Valid Accuracy     : 0.7791

Epoch : 18
Train Loss     : 0.1167	 | 	Train Accuracy     : 0.9635
Valid Loss     : 0.5541	 | 	Valid Accuracy     : 0.7846

Epoch : 19
Train Loss     : 0.1121	 | 	Train Accuracy     : 0.9658
Valid Loss     : 0.5217	 | 	Valid Accuracy     : 0.8079

Epoch : 20
Train Loss     : 0.1154	 | 	Train Accuracy     : 0.9623
Valid Loss     : 0.6933	 | 	Valid Accuracy     : 0.7571

Epoch : 21
Train Loss     : 0.1223	 | 	Train Accuracy     : 0.9573
Valid Loss     : 0.6397	 | 	Valid Accuracy     : 0.7671

Epoch : 22
Train Loss     : 0.1185	 | 	Train Accuracy     : 0.9598
Valid Loss     : 0.6803	 | 	Valid Accuracy     : 0.7717

Epoch : 23
Train Loss     : 0.0925	 | 	Train Accuracy     : 0.9711
Valid Loss     : 0.6328	 | 	Valid Accuracy     : 0.7799

Epoch : 24
Train Loss     : 0.0841	 | 	Train Accuracy     : 0.9755
Valid Loss     : 0.5795	 | 	Valid Accuracy     : 0.7991

Epoch : 25
Train Loss     : 0.0793	 | 	Train Accuracy     : 0.9821
Valid Loss     : 0.5893	 | 	Valid Accuracy     : 0.7885

Epoch : 26
Train Loss     : 0.0823	 | 	Train Accuracy     : 0.9759
Valid Loss     : 0.5553	 | 	Valid Accuracy     : 0.8031

Epoch : 27
Train Loss     : 0.0733	 | 	Train Accuracy     : 0.9835
Valid Loss     : 0.5640	 | 	Valid Accuracy     : 0.7994

Epoch : 28
Train Loss     : 0.0744	 | 	Train Accuracy     : 0.9826
Valid Loss     : 0.5667	 | 	Valid Accuracy     : 0.8032

Epoch : 29
Train Loss     : 0.0724	 | 	Train Accuracy     : 0.9831
Valid Loss     : 0.5902	 | 	Valid Accuracy     : 0.7949

Epoch : 30
Train Loss     : 0.0722	 | 	Train Accuracy     : 0.9821
Valid Loss     : 0.6116	 | 	Valid Accuracy     : 0.7937

Evaluate on the Test set:
Test loss      :2.0436	 | Test Accuracy      : 0.6495 | Test AUPRC      : 0.6026
tensor([0.8442, 0.8575, 0.9816, 0.9039, 0.8348, 0.9365, 0.9710, 0.7386, 0.8421,
        0.7434, 0.8122, 0.8455, 0.8823, 0.9151, 0.8018, 0.7257, 0.8256, 0.7216,
        0.7687, 0.7687, 0.8146, 0.7688, 0.8056, 0.9758, 0.9072, 0.8179, 0.7740,
        0.7624, 0.7049, 0.7463, 0.7563, 0.9461, 0.8993, 0.8384, 0.7248, 0.8380,
        0.8427, 0.7669, 0.8963, 0.8147, 0.8286, 0.9411, 0.9725, 0.8252, 0.7870,
        0.8039, 0.7741, 0.7432, 0.7364, 0.7187, 0.7560, 0.7733, 0.7865, 0.9314,
        0.7729, 0.7612, 0.7146, 0.7656, 0.8916, 0.7714, 0.8198, 0.7671],
       device='cuda:0', grad_fn=<SqueezeBackward1>)

################## Training is Done! #########################
Training time is : 0:03:02.718221
