=============================================
Dataset: SEED
Method:  TS-TCC
Mode:    fine_tune
=============================================
Data loaded ...
Subjet 14
if scale True
Training started ....

Epoch : 1
Train Loss     : 0.9957	 | 	Train Accuracy     : 0.5513
Valid Loss     : 1.3790	 | 	Valid Accuracy     : 0.3749

Epoch : 2
Train Loss     : 0.5037	 | 	Train Accuracy     : 0.8152
Valid Loss     : 1.8267	 | 	Valid Accuracy     : 0.4191

Epoch : 3
Train Loss     : 0.3836	 | 	Train Accuracy     : 0.8721
Valid Loss     : 1.5316	 | 	Valid Accuracy     : 0.4807

Epoch : 4
Train Loss     : 0.3177	 | 	Train Accuracy     : 0.9017
Valid Loss     : 0.8554	 | 	Valid Accuracy     : 0.5803

Epoch : 5
Train Loss     : 0.2727	 | 	Train Accuracy     : 0.9113
Valid Loss     : 0.7964	 | 	Valid Accuracy     : 0.6228

Epoch : 6
Train Loss     : 0.2669	 | 	Train Accuracy     : 0.9205
Valid Loss     : 0.8035	 | 	Valid Accuracy     : 0.6559

Epoch : 7
Train Loss     : 0.2431	 | 	Train Accuracy     : 0.9221
Valid Loss     : 0.8468	 | 	Valid Accuracy     : 0.6509

Epoch : 8
Train Loss     : 0.2242	 | 	Train Accuracy     : 0.9233
Valid Loss     : 0.8077	 | 	Valid Accuracy     : 0.6871

Epoch : 9
Train Loss     : 0.2169	 | 	Train Accuracy     : 0.9270
Valid Loss     : 0.8812	 | 	Valid Accuracy     : 0.6895

Epoch : 10
Train Loss     : 0.2266	 | 	Train Accuracy     : 0.9252
Valid Loss     : 0.9789	 | 	Valid Accuracy     : 0.6342

Epoch : 11
Train Loss     : 0.2100	 | 	Train Accuracy     : 0.9282
Valid Loss     : 0.9246	 | 	Valid Accuracy     : 0.6780

Epoch : 12
Train Loss     : 0.1885	 | 	Train Accuracy     : 0.9385
Valid Loss     : 0.8753	 | 	Valid Accuracy     : 0.7168

Epoch : 13
Train Loss     : 0.1542	 | 	Train Accuracy     : 0.9495
Valid Loss     : 0.8838	 | 	Valid Accuracy     : 0.7408

Epoch : 14
Train Loss     : 0.1629	 | 	Train Accuracy     : 0.9439
Valid Loss     : 0.8793	 | 	Valid Accuracy     : 0.7364

Epoch : 15
Train Loss     : 0.1405	 | 	Train Accuracy     : 0.9562
Valid Loss     : 0.9679	 | 	Valid Accuracy     : 0.7227

Epoch : 16
Train Loss     : 0.1348	 | 	Train Accuracy     : 0.9562
Valid Loss     : 1.0393	 | 	Valid Accuracy     : 0.7017

Epoch : 17
Train Loss     : 0.1329	 | 	Train Accuracy     : 0.9587
Valid Loss     : 0.9368	 | 	Valid Accuracy     : 0.7343

Epoch : 18
Train Loss     : 0.1116	 | 	Train Accuracy     : 0.9687
Valid Loss     : 0.9090	 | 	Valid Accuracy     : 0.7408

Epoch : 19
Train Loss     : 0.1070	 | 	Train Accuracy     : 0.9680
Valid Loss     : 0.9232	 | 	Valid Accuracy     : 0.7379

Epoch : 20
Train Loss     : 0.1100	 | 	Train Accuracy     : 0.9636
Valid Loss     : 1.0036	 | 	Valid Accuracy     : 0.7170

Epoch : 21
Train Loss     : 0.1025	 | 	Train Accuracy     : 0.9708
Valid Loss     : 0.9680	 | 	Valid Accuracy     : 0.7131

Epoch : 22
Train Loss     : 0.0997	 | 	Train Accuracy     : 0.9722
Valid Loss     : 1.0044	 | 	Valid Accuracy     : 0.7171

Epoch : 23
Train Loss     : 0.1032	 | 	Train Accuracy     : 0.9711
Valid Loss     : 0.9749	 | 	Valid Accuracy     : 0.7163

Epoch : 24
Train Loss     : 0.1029	 | 	Train Accuracy     : 0.9726
Valid Loss     : 0.9548	 | 	Valid Accuracy     : 0.7308

Epoch : 25
Train Loss     : 0.0953	 | 	Train Accuracy     : 0.9740
Valid Loss     : 1.0314	 | 	Valid Accuracy     : 0.7093

Epoch : 26
Train Loss     : 0.1008	 | 	Train Accuracy     : 0.9721
Valid Loss     : 0.9718	 | 	Valid Accuracy     : 0.7138

Epoch : 27
Train Loss     : 0.0891	 | 	Train Accuracy     : 0.9768
Valid Loss     : 0.9979	 | 	Valid Accuracy     : 0.7134

Epoch : 28
Train Loss     : 0.0922	 | 	Train Accuracy     : 0.9769
Valid Loss     : 1.0306	 | 	Valid Accuracy     : 0.7176

Epoch : 29
Train Loss     : 0.0882	 | 	Train Accuracy     : 0.9779
Valid Loss     : 1.0189	 | 	Valid Accuracy     : 0.7093

Epoch : 30
Train Loss     : 0.0897	 | 	Train Accuracy     : 0.9729
Valid Loss     : 0.9985	 | 	Valid Accuracy     : 0.7117

Evaluate on the Test set:
Test loss      :1.2852	 | Test Accuracy      : 0.5602 | Test AUPRC      : 0.7268
tensor([0.8755, 0.9056, 0.9052, 0.8585, 0.9520, 0.8754, 0.9848, 0.9415, 0.8573,
        0.8482, 0.8612, 0.8570, 0.9102, 0.9085, 0.9414, 0.8391, 0.8653, 0.8434,
        0.8284, 0.9297, 0.8457, 0.9038, 0.8832, 0.9995, 0.9411, 0.8416, 0.8558,
        0.8288, 0.8793, 0.8473, 0.8760, 0.9956, 1.0516, 0.8868, 0.8449, 0.9091,
        0.8630, 0.8641, 0.8429, 0.8470, 0.9960, 0.8671, 0.8531, 0.8532, 0.8868,
        0.8653, 0.8848, 0.8778, 0.8588, 0.8400, 0.8702, 0.8477, 0.8665, 0.8373,
        0.8546, 0.8335, 0.9247, 0.8437, 0.9689, 0.8686, 0.9066, 0.8671],
       device='cuda:0', grad_fn=<SqueezeBackward1>)

################## Training is Done! #########################
Training time is : 0:02:20.259637
