=============================================
Dataset: SEED
Method:  TS-TCC
Mode:    fine_tune
=============================================
Data loaded ...
Subjet 4
if scale True
Training started ....

Epoch : 1
Train Loss     : 1.0491	 | 	Train Accuracy     : 0.5253
Valid Loss     : 0.9429	 | 	Valid Accuracy     : 0.4738

Epoch : 2
Train Loss     : 0.6615	 | 	Train Accuracy     : 0.7286
Valid Loss     : 0.8065	 | 	Valid Accuracy     : 0.5877

Epoch : 3
Train Loss     : 0.5483	 | 	Train Accuracy     : 0.7881
Valid Loss     : 0.7745	 | 	Valid Accuracy     : 0.6673

Epoch : 4
Train Loss     : 0.5142	 | 	Train Accuracy     : 0.7999
Valid Loss     : 0.7698	 | 	Valid Accuracy     : 0.6412

Epoch : 5
Train Loss     : 0.4667	 | 	Train Accuracy     : 0.8244
Valid Loss     : 0.7783	 | 	Valid Accuracy     : 0.6740

Epoch : 6
Train Loss     : 0.4405	 | 	Train Accuracy     : 0.8328
Valid Loss     : 0.7319	 | 	Valid Accuracy     : 0.6933

Epoch : 7
Train Loss     : 0.4219	 | 	Train Accuracy     : 0.8375
Valid Loss     : 0.8258	 | 	Valid Accuracy     : 0.6710

Epoch : 8
Train Loss     : 0.4192	 | 	Train Accuracy     : 0.8415
Valid Loss     : 0.8446	 | 	Valid Accuracy     : 0.6779

Epoch : 9
Train Loss     : 0.4025	 | 	Train Accuracy     : 0.8507
Valid Loss     : 1.0150	 | 	Valid Accuracy     : 0.6623

Epoch : 10
Train Loss     : 0.3797	 | 	Train Accuracy     : 0.8626
Valid Loss     : 0.8894	 | 	Valid Accuracy     : 0.6863

Epoch : 11
Train Loss     : 0.3790	 | 	Train Accuracy     : 0.8617
Valid Loss     : 1.0436	 | 	Valid Accuracy     : 0.6668

Epoch : 12
Train Loss     : 0.3808	 | 	Train Accuracy     : 0.8515
Valid Loss     : 0.8430	 | 	Valid Accuracy     : 0.6808

Epoch : 13
Train Loss     : 0.3731	 | 	Train Accuracy     : 0.8545
Valid Loss     : 0.9158	 | 	Valid Accuracy     : 0.6788

Epoch : 14
Train Loss     : 0.3530	 | 	Train Accuracy     : 0.8712
Valid Loss     : 0.8150	 | 	Valid Accuracy     : 0.7019

Epoch : 15
Train Loss     : 0.3495	 | 	Train Accuracy     : 0.8707
Valid Loss     : 0.9251	 | 	Valid Accuracy     : 0.6820

Epoch : 16
Train Loss     : 0.3379	 | 	Train Accuracy     : 0.8806
Valid Loss     : 0.8191	 | 	Valid Accuracy     : 0.6946

Epoch : 17
Train Loss     : 0.3335	 | 	Train Accuracy     : 0.8781
Valid Loss     : 0.7349	 | 	Valid Accuracy     : 0.7080

Epoch : 18
Train Loss     : 0.2926	 | 	Train Accuracy     : 0.8949
Valid Loss     : 0.7970	 | 	Valid Accuracy     : 0.7015

Epoch : 19
Train Loss     : 0.2768	 | 	Train Accuracy     : 0.9071
Valid Loss     : 0.8348	 | 	Valid Accuracy     : 0.6867

Epoch : 20
Train Loss     : 0.2677	 | 	Train Accuracy     : 0.9063
Valid Loss     : 0.8770	 | 	Valid Accuracy     : 0.6950

Epoch : 21
Train Loss     : 0.2684	 | 	Train Accuracy     : 0.9080
Valid Loss     : 0.7846	 | 	Valid Accuracy     : 0.7070

Epoch : 22
Train Loss     : 0.2667	 | 	Train Accuracy     : 0.9108
Valid Loss     : 0.8644	 | 	Valid Accuracy     : 0.6956

Epoch : 23
Train Loss     : 0.2610	 | 	Train Accuracy     : 0.9113
Valid Loss     : 0.8144	 | 	Valid Accuracy     : 0.6980

Epoch : 24
Train Loss     : 0.2629	 | 	Train Accuracy     : 0.9145
Valid Loss     : 0.8798	 | 	Valid Accuracy     : 0.6936

Epoch : 25
Train Loss     : 0.2546	 | 	Train Accuracy     : 0.9163
Valid Loss     : 0.8680	 | 	Valid Accuracy     : 0.7025

Epoch : 26
Train Loss     : 0.2547	 | 	Train Accuracy     : 0.9153
Valid Loss     : 0.8256	 | 	Valid Accuracy     : 0.6988

Epoch : 27
Train Loss     : 0.2527	 | 	Train Accuracy     : 0.9170
Valid Loss     : 0.8251	 | 	Valid Accuracy     : 0.7008

Epoch : 28
Train Loss     : 0.2475	 | 	Train Accuracy     : 0.9164
Valid Loss     : 0.8104	 | 	Valid Accuracy     : 0.7068

Epoch : 29
Train Loss     : 0.2436	 | 	Train Accuracy     : 0.9189
Valid Loss     : 0.8491	 | 	Valid Accuracy     : 0.7035

Epoch : 30
Train Loss     : 0.2464	 | 	Train Accuracy     : 0.9184
Valid Loss     : 0.9278	 | 	Valid Accuracy     : 0.6839

Evaluate on the Test set:
Test loss      :0.7297	 | Test Accuracy      : 0.7069 | Test AUPRC      : 0.7700
tensor([0.8313, 0.8981, 0.9428, 0.7482, 0.6861, 0.9530, 0.7313, 0.6721, 0.6814,
        0.6594, 0.6798, 0.7109, 0.8302, 0.9644, 0.7522, 0.6507, 0.7937, 0.7903,
        0.6745, 0.7859, 0.7012, 0.6492, 0.8121, 1.0160, 0.9302, 0.8610, 0.7965,
        0.7066, 0.6361, 0.6954, 0.7111, 1.0440, 0.9098, 0.7661, 0.6200, 0.6901,
        0.8196, 0.6563, 0.6610, 0.6687, 0.8356, 0.7935, 0.8634, 0.7042, 0.7143,
        0.8200, 0.7675, 0.6553, 0.7430, 0.6293, 0.7121, 0.6904, 0.6629, 0.6063,
        0.7556, 0.9318, 0.7426, 0.6888, 0.6682, 0.6730, 0.7756, 0.7226],
       device='cuda:0', grad_fn=<SqueezeBackward1>)

################## Training is Done! #########################
Training time is : 0:02:58.178712
