=============================================
Dataset: SEED
Method:  TS-TCC
Mode:    fine_tune
=============================================
Data loaded ...
Subjet 13
if scale True
Training started ....

Epoch : 1
Train Loss     : 1.3509	 | 	Train Accuracy     : 0.4792
Valid Loss     : 1.2918	 | 	Valid Accuracy     : 0.4291

Epoch : 2
Train Loss     : 1.0938	 | 	Train Accuracy     : 0.6267
Valid Loss     : 0.9912	 | 	Valid Accuracy     : 0.4914

Epoch : 3
Train Loss     : 0.4870	 | 	Train Accuracy     : 0.7714
Valid Loss     : 2.2878	 | 	Valid Accuracy     : 0.3396

Epoch : 4
Train Loss     : 0.4621	 | 	Train Accuracy     : 0.7840
Valid Loss     : 1.7518	 | 	Valid Accuracy     : 0.3043

Epoch : 5
Train Loss     : 0.2701	 | 	Train Accuracy     : 0.9322
Valid Loss     : 1.5170	 | 	Valid Accuracy     : 0.4561

Epoch : 6
Train Loss     : 0.2406	 | 	Train Accuracy     : 0.9365
Valid Loss     : 1.5116	 | 	Valid Accuracy     : 0.4832

Epoch : 7
Train Loss     : 0.1772	 | 	Train Accuracy     : 0.9676
Valid Loss     : 1.4823	 | 	Valid Accuracy     : 0.3968

Epoch : 8
Train Loss     : 0.1269	 | 	Train Accuracy     : 0.9853
Valid Loss     : 1.6369	 | 	Valid Accuracy     : 0.3694

Epoch : 9
Train Loss     : 0.1019	 | 	Train Accuracy     : 0.9855
Valid Loss     : 1.7882	 | 	Valid Accuracy     : 0.4066

Epoch : 10
Train Loss     : 0.1067	 | 	Train Accuracy     : 0.9847
Valid Loss     : 1.6357	 | 	Valid Accuracy     : 0.4120

Epoch : 11
Train Loss     : 0.0810	 | 	Train Accuracy     : 0.9922
Valid Loss     : 1.4305	 | 	Valid Accuracy     : 0.4381

Epoch : 12
Train Loss     : 0.0610	 | 	Train Accuracy     : 0.9927
Valid Loss     : 1.3958	 | 	Valid Accuracy     : 0.4727

Epoch : 13
Train Loss     : 0.0488	 | 	Train Accuracy     : 0.9935
Valid Loss     : 1.4098	 | 	Valid Accuracy     : 0.4841

Epoch : 14
Train Loss     : 0.0495	 | 	Train Accuracy     : 0.9940
Valid Loss     : 1.3091	 | 	Valid Accuracy     : 0.4947

Epoch : 15
Train Loss     : 0.0479	 | 	Train Accuracy     : 0.9914
Valid Loss     : 1.2586	 | 	Valid Accuracy     : 0.5151

Epoch : 16
Train Loss     : 0.0477	 | 	Train Accuracy     : 0.9940
Valid Loss     : 1.2040	 | 	Valid Accuracy     : 0.5306

Epoch : 17
Train Loss     : 0.0471	 | 	Train Accuracy     : 0.9935
Valid Loss     : 1.2370	 | 	Valid Accuracy     : 0.5334

Epoch : 18
Train Loss     : 0.0458	 | 	Train Accuracy     : 0.9953
Valid Loss     : 1.2006	 | 	Valid Accuracy     : 0.5470

Epoch : 19
Train Loss     : 0.0461	 | 	Train Accuracy     : 0.9940
Valid Loss     : 1.1826	 | 	Valid Accuracy     : 0.5546

Epoch : 20
Train Loss     : 0.0463	 | 	Train Accuracy     : 0.9933
Valid Loss     : 1.1803	 | 	Valid Accuracy     : 0.5622

Epoch : 21
Train Loss     : 0.0425	 | 	Train Accuracy     : 0.9953
Valid Loss     : 1.2096	 | 	Valid Accuracy     : 0.5629

Epoch : 22
Train Loss     : 0.0442	 | 	Train Accuracy     : 0.9925
Valid Loss     : 1.2109	 | 	Valid Accuracy     : 0.5721

Epoch : 23
Train Loss     : 0.0394	 | 	Train Accuracy     : 0.9974
Valid Loss     : 1.2073	 | 	Valid Accuracy     : 0.5842

Epoch : 24
Train Loss     : 0.0420	 | 	Train Accuracy     : 0.9953
Valid Loss     : 1.2553	 | 	Valid Accuracy     : 0.5732

Epoch : 25
Train Loss     : 0.0402	 | 	Train Accuracy     : 0.9953
Valid Loss     : 1.2905	 | 	Valid Accuracy     : 0.5776

Epoch : 26
Train Loss     : 0.0431	 | 	Train Accuracy     : 0.9974
Valid Loss     : 1.2735	 | 	Valid Accuracy     : 0.5817

Epoch : 27
Train Loss     : 0.0400	 | 	Train Accuracy     : 0.9948
Valid Loss     : 1.2896	 | 	Valid Accuracy     : 0.5913

Epoch : 28
Train Loss     : 0.0397	 | 	Train Accuracy     : 0.9961
Valid Loss     : 1.3211	 | 	Valid Accuracy     : 0.5795

Epoch : 29
Train Loss     : 0.0406	 | 	Train Accuracy     : 0.9966
Valid Loss     : 1.3190	 | 	Valid Accuracy     : 0.5824

Epoch : 30
Train Loss     : 0.0385	 | 	Train Accuracy     : 0.9974
Valid Loss     : 1.3080	 | 	Valid Accuracy     : 0.5923

Evaluate on the Test set:
Test loss      :1.8134	 | Test Accuracy      : 0.4891 | Test AUPRC      : 0.5467
tensor([0.9731, 0.9761, 0.9807, 0.9890, 0.9886, 0.9720, 0.9972, 0.9690, 0.9709,
        0.9708, 0.9740, 0.9764, 0.9819, 0.9699, 0.9966, 0.9729, 0.9775, 0.9688,
        0.9638, 0.9762, 0.9749, 0.9736, 0.9766, 1.0121, 0.9841, 0.9820, 0.9793,
        0.9647, 0.9671, 0.9723, 0.9768, 1.0000, 0.9956, 0.9770, 0.9740, 0.9757,
        0.9712, 0.9702, 0.9713, 0.9759, 0.9782, 0.9697, 0.9724, 0.9729, 0.9781,
        0.9776, 0.9723, 0.9769, 0.9730, 0.9634, 0.9738, 0.9707, 0.9729, 1.0285,
        0.9710, 0.9578, 0.9703, 0.9713, 0.9769, 0.9657, 0.9826, 0.9730],
       device='cuda:0', grad_fn=<SqueezeBackward1>)

################## Training is Done! #########################
Training time is : 0:00:52.584034
