=============================================
Dataset: SEED
Method:  TS-TCC
Mode:    fine_tune
=============================================
Data loaded ...
Subjet 5
if scale True
Training started ....

Epoch : 1
Train Loss     : 1.4964	 | 	Train Accuracy     : 0.4973
Valid Loss     : 1.3283	 | 	Valid Accuracy     : 0.3275

Epoch : 2
Train Loss     : 0.8217	 | 	Train Accuracy     : 0.6374
Valid Loss     : 1.6000	 | 	Valid Accuracy     : 0.3608

Epoch : 3
Train Loss     : 0.5803	 | 	Train Accuracy     : 0.7332
Valid Loss     : 1.8981	 | 	Valid Accuracy     : 0.4270

Epoch : 4
Train Loss     : 0.4231	 | 	Train Accuracy     : 0.8354
Valid Loss     : 2.2047	 | 	Valid Accuracy     : 0.4462

Epoch : 5
Train Loss     : 0.3279	 | 	Train Accuracy     : 0.8822
Valid Loss     : 2.5104	 | 	Valid Accuracy     : 0.4472

Epoch : 6
Train Loss     : 0.2770	 | 	Train Accuracy     : 0.9069
Valid Loss     : 2.5742	 | 	Valid Accuracy     : 0.4009

Epoch : 7
Train Loss     : 0.2386	 | 	Train Accuracy     : 0.9298
Valid Loss     : 2.8055	 | 	Valid Accuracy     : 0.3815

Epoch : 8
Train Loss     : 0.2149	 | 	Train Accuracy     : 0.9365
Valid Loss     : 3.3042	 | 	Valid Accuracy     : 0.3849

Epoch : 9
Train Loss     : 0.1844	 | 	Train Accuracy     : 0.9522
Valid Loss     : 3.4862	 | 	Valid Accuracy     : 0.4200

Epoch : 10
Train Loss     : 0.1577	 | 	Train Accuracy     : 0.9637
Valid Loss     : 3.7049	 | 	Valid Accuracy     : 0.4334

Epoch : 11
Train Loss     : 0.1476	 | 	Train Accuracy     : 0.9611
Valid Loss     : 3.8491	 | 	Valid Accuracy     : 0.4203

Epoch : 12
Train Loss     : 0.1345	 | 	Train Accuracy     : 0.9658
Valid Loss     : 4.2375	 | 	Valid Accuracy     : 0.4088

Epoch : 13
Train Loss     : 0.1116	 | 	Train Accuracy     : 0.9768
Valid Loss     : 4.5972	 | 	Valid Accuracy     : 0.4104

Epoch : 14
Train Loss     : 0.1014	 | 	Train Accuracy     : 0.9820
Valid Loss     : 4.6928	 | 	Valid Accuracy     : 0.4106

Epoch : 15
Train Loss     : 0.0972	 | 	Train Accuracy     : 0.9866
Valid Loss     : 4.6703	 | 	Valid Accuracy     : 0.4236

Epoch : 16
Train Loss     : 0.0960	 | 	Train Accuracy     : 0.9837
Valid Loss     : 4.8727	 | 	Valid Accuracy     : 0.4129

Epoch : 17
Train Loss     : 0.0964	 | 	Train Accuracy     : 0.9841
Valid Loss     : 4.8521	 | 	Valid Accuracy     : 0.4125

Epoch : 18
Train Loss     : 0.0955	 | 	Train Accuracy     : 0.9846
Valid Loss     : 4.9591	 | 	Valid Accuracy     : 0.4058

Epoch : 19
Train Loss     : 0.0945	 | 	Train Accuracy     : 0.9864
Valid Loss     : 4.8871	 | 	Valid Accuracy     : 0.4045

Epoch : 20
Train Loss     : 0.0905	 | 	Train Accuracy     : 0.9856
Valid Loss     : 4.8297	 | 	Valid Accuracy     : 0.4184

Epoch : 21
Train Loss     : 0.0874	 | 	Train Accuracy     : 0.9852
Valid Loss     : 4.9550	 | 	Valid Accuracy     : 0.4037

Epoch : 22
Train Loss     : 0.0908	 | 	Train Accuracy     : 0.9844
Valid Loss     : 5.0022	 | 	Valid Accuracy     : 0.4082

Epoch : 23
Train Loss     : 0.0887	 | 	Train Accuracy     : 0.9882
Valid Loss     : 4.8713	 | 	Valid Accuracy     : 0.4156

Epoch : 24
Train Loss     : 0.0821	 | 	Train Accuracy     : 0.9915
Valid Loss     : 5.0450	 | 	Valid Accuracy     : 0.4098

Epoch : 25
Train Loss     : 0.0802	 | 	Train Accuracy     : 0.9901
Valid Loss     : 5.1288	 | 	Valid Accuracy     : 0.4045

Epoch : 26
Train Loss     : 0.0805	 | 	Train Accuracy     : 0.9937
Valid Loss     : 5.0946	 | 	Valid Accuracy     : 0.4098

Epoch : 27
Train Loss     : 0.0840	 | 	Train Accuracy     : 0.9883
Valid Loss     : 5.1955	 | 	Valid Accuracy     : 0.4001

Epoch : 28
Train Loss     : 0.0829	 | 	Train Accuracy     : 0.9897
Valid Loss     : 5.0217	 | 	Valid Accuracy     : 0.4168

Epoch : 29
Train Loss     : 0.0802	 | 	Train Accuracy     : 0.9939
Valid Loss     : 5.0548	 | 	Valid Accuracy     : 0.4147

Epoch : 30
Train Loss     : 0.0838	 | 	Train Accuracy     : 0.9892
Valid Loss     : 5.1160	 | 	Valid Accuracy     : 0.4037

Evaluate on the Test set:
Test loss      :3.3881	 | Test Accuracy      : 0.4499 | Test AUPRC      : 0.4819
tensor([0.9435, 0.9577, 0.9730, 0.9436, 0.9492, 0.9675, 0.9561, 0.9310, 0.9335,
        0.9356, 0.9307, 0.9434, 0.9921, 0.9299, 0.9517, 0.9265, 0.9478, 0.9409,
        0.9201, 0.9535, 0.9582, 0.9562, 0.9454, 0.9798, 0.9638, 0.9267, 0.9495,
        0.9114, 0.9320, 0.9275, 0.9555, 1.0202, 1.0107, 0.9415, 0.9355, 0.9574,
        0.9461, 0.9271, 0.9274, 0.9617, 0.9816, 0.9940, 0.9249, 0.9873, 0.9581,
        0.9543, 0.9406, 0.9521, 0.9326, 0.9333, 0.9375, 0.9346, 0.9259, 0.9266,
        0.9411, 0.9087, 0.9436, 0.9212, 0.9478, 0.9185, 0.9361, 0.9390],
       device='cuda:0', grad_fn=<SqueezeBackward1>)

################## Training is Done! #########################
Training time is : 0:01:56.071466
