=============================================
Dataset: SEED
Method:  TS-TCC
Mode:    fine_tune
=============================================
Data loaded ...
Subjet 8
if scale True
Training started ....

Epoch : 1
Train Loss     : 0.9661	 | 	Train Accuracy     : 0.5677
Valid Loss     : 0.7437	 | 	Valid Accuracy     : 0.6438

Epoch : 2
Train Loss     : 0.4604	 | 	Train Accuracy     : 0.8210
Valid Loss     : 1.0450	 | 	Valid Accuracy     : 0.5896

Epoch : 3
Train Loss     : 0.4149	 | 	Train Accuracy     : 0.8448
Valid Loss     : 0.8724	 | 	Valid Accuracy     : 0.6685

Epoch : 4
Train Loss     : 0.3383	 | 	Train Accuracy     : 0.8509
Valid Loss     : 0.9623	 | 	Valid Accuracy     : 0.6198

Epoch : 5
Train Loss     : 0.2761	 | 	Train Accuracy     : 0.9054
Valid Loss     : 0.8906	 | 	Valid Accuracy     : 0.6538

Epoch : 6
Train Loss     : 0.3173	 | 	Train Accuracy     : 0.8770
Valid Loss     : 1.1770	 | 	Valid Accuracy     : 0.6492

Epoch : 7
Train Loss     : 0.3483	 | 	Train Accuracy     : 0.8676
Valid Loss     : 1.0165	 | 	Valid Accuracy     : 0.6690

Epoch : 8
Train Loss     : 0.3083	 | 	Train Accuracy     : 0.8861
Valid Loss     : 1.0470	 | 	Valid Accuracy     : 0.6709

Epoch : 9
Train Loss     : 0.2840	 | 	Train Accuracy     : 0.8713
Valid Loss     : 1.0513	 | 	Valid Accuracy     : 0.6687

Epoch : 10
Train Loss     : 0.1957	 | 	Train Accuracy     : 0.9282
Valid Loss     : 1.2525	 | 	Valid Accuracy     : 0.6830

Epoch : 11
Train Loss     : 0.1417	 | 	Train Accuracy     : 0.9516
Valid Loss     : 1.2416	 | 	Valid Accuracy     : 0.6678

Epoch : 12
Train Loss     : 0.1347	 | 	Train Accuracy     : 0.9562
Valid Loss     : 1.4737	 | 	Valid Accuracy     : 0.6659

Epoch : 13
Train Loss     : 0.1198	 | 	Train Accuracy     : 0.9688
Valid Loss     : 1.3805	 | 	Valid Accuracy     : 0.6713

Epoch : 14
Train Loss     : 0.1155	 | 	Train Accuracy     : 0.9779
Valid Loss     : 1.2570	 | 	Valid Accuracy     : 0.6734

Epoch : 15
Train Loss     : 0.1134	 | 	Train Accuracy     : 0.9679
Valid Loss     : 1.2018	 | 	Valid Accuracy     : 0.6850

Epoch : 16
Train Loss     : 0.1313	 | 	Train Accuracy     : 0.9514
Valid Loss     : 1.3106	 | 	Valid Accuracy     : 0.6769

Epoch : 17
Train Loss     : 0.1219	 | 	Train Accuracy     : 0.9679
Valid Loss     : 1.2653	 | 	Valid Accuracy     : 0.6809

Epoch : 18
Train Loss     : 0.1072	 | 	Train Accuracy     : 0.9640
Valid Loss     : 1.3212	 | 	Valid Accuracy     : 0.6740

Epoch : 19
Train Loss     : 0.1019	 | 	Train Accuracy     : 0.9705
Valid Loss     : 1.3647	 | 	Valid Accuracy     : 0.6758

Epoch : 20
Train Loss     : 0.0980	 | 	Train Accuracy     : 0.9811
Valid Loss     : 1.3263	 | 	Valid Accuracy     : 0.6866

Epoch : 21
Train Loss     : 0.1002	 | 	Train Accuracy     : 0.9798
Valid Loss     : 1.2758	 | 	Valid Accuracy     : 0.6884

Epoch : 22
Train Loss     : 0.1789	 | 	Train Accuracy     : 0.9368
Valid Loss     : 1.3267	 | 	Valid Accuracy     : 0.6844

Epoch : 23
Train Loss     : 0.0916	 | 	Train Accuracy     : 0.9850
Valid Loss     : 1.2630	 | 	Valid Accuracy     : 0.6871

Epoch : 24
Train Loss     : 0.0903	 | 	Train Accuracy     : 0.9863
Valid Loss     : 1.2651	 | 	Valid Accuracy     : 0.6962

Epoch : 25
Train Loss     : 0.3486	 | 	Train Accuracy     : 0.8865
Valid Loss     : 1.2764	 | 	Valid Accuracy     : 0.6878

Epoch : 26
Train Loss     : 0.1032	 | 	Train Accuracy     : 0.9672
Valid Loss     : 1.2722	 | 	Valid Accuracy     : 0.6952

Epoch : 27
Train Loss     : 0.1190	 | 	Train Accuracy     : 0.9731
Valid Loss     : 1.3449	 | 	Valid Accuracy     : 0.6789

Epoch : 28
Train Loss     : 0.0849	 | 	Train Accuracy     : 0.9844
Valid Loss     : 1.2592	 | 	Valid Accuracy     : 0.6926

Epoch : 29
Train Loss     : 0.0901	 | 	Train Accuracy     : 0.9850
Valid Loss     : 1.3036	 | 	Valid Accuracy     : 0.6890

Epoch : 30
Train Loss     : 0.1061	 | 	Train Accuracy     : 0.9837
Valid Loss     : 1.3441	 | 	Valid Accuracy     : 0.6787

Evaluate on the Test set:
Test loss      :1.1519	 | Test Accuracy      : 0.7005 | Test AUPRC      : 0.7326
tensor([0.9594, 0.9493, 1.0079, 0.9874, 0.9373, 0.9899, 1.0042, 0.9553, 0.9480,
        0.9461, 0.9596, 0.9375, 0.9538, 0.9654, 0.9534, 0.9426, 0.9622, 0.9497,
        0.9292, 0.9623, 0.9606, 0.9702, 0.9505, 1.0030, 0.9809, 0.9626, 0.9445,
        0.9596, 0.9452, 0.9561, 0.9588, 1.0018, 0.9903, 0.9375, 0.9380, 0.9619,
        0.9504, 0.9545, 0.9399, 0.9439, 0.9668, 0.9585, 0.9638, 0.9484, 0.9660,
        0.9564, 0.9473, 0.9498, 0.9438, 0.9643, 0.9440, 0.9324, 0.9489, 0.9570,
        0.9574, 0.9449, 0.9413, 0.9492, 0.9625, 0.9622, 0.9708, 0.9520],
       device='cuda:0', grad_fn=<SqueezeBackward1>)

################## Training is Done! #########################
Training time is : 0:00:54.006913
