=============================================
Dataset: SEED
Method:  TS-TCC
Mode:    fine_tune
=============================================
Data loaded ...
Subjet 14
if scale True
Training started ....

Epoch : 1
Train Loss     : 1.1355	 | 	Train Accuracy     : 0.4141
Valid Loss     : 1.4184	 | 	Valid Accuracy     : 0.3017

Epoch : 2
Train Loss     : 0.5649	 | 	Train Accuracy     : 0.7389
Valid Loss     : 2.4954	 | 	Valid Accuracy     : 0.3483

Epoch : 3
Train Loss     : 0.4277	 | 	Train Accuracy     : 0.8765
Valid Loss     : 2.4340	 | 	Valid Accuracy     : 0.3796

Epoch : 4
Train Loss     : 0.3062	 | 	Train Accuracy     : 0.9178
Valid Loss     : 3.0753	 | 	Valid Accuracy     : 0.3641

Epoch : 5
Train Loss     : 0.2464	 | 	Train Accuracy     : 0.9336
Valid Loss     : 2.9477	 | 	Valid Accuracy     : 0.4120

Epoch : 6
Train Loss     : 0.1876	 | 	Train Accuracy     : 0.9557
Valid Loss     : 2.5178	 | 	Valid Accuracy     : 0.4356

Epoch : 7
Train Loss     : 0.2071	 | 	Train Accuracy     : 0.9516
Valid Loss     : 2.6734	 | 	Valid Accuracy     : 0.4417

Epoch : 8
Train Loss     : 0.1874	 | 	Train Accuracy     : 0.9505
Valid Loss     : 3.0196	 | 	Valid Accuracy     : 0.4244

Epoch : 9
Train Loss     : 0.1932	 | 	Train Accuracy     : 0.9555
Valid Loss     : 2.6290	 | 	Valid Accuracy     : 0.4483

Epoch : 10
Train Loss     : 0.1608	 | 	Train Accuracy     : 0.9442
Valid Loss     : 2.4852	 | 	Valid Accuracy     : 0.4831

Epoch : 11
Train Loss     : 0.1280	 | 	Train Accuracy     : 0.9701
Valid Loss     : 2.5032	 | 	Valid Accuracy     : 0.5035

Epoch : 12
Train Loss     : 0.1209	 | 	Train Accuracy     : 0.9668
Valid Loss     : 2.3567	 | 	Valid Accuracy     : 0.4954

Epoch : 13
Train Loss     : 0.1055	 | 	Train Accuracy     : 0.9785
Valid Loss     : 2.2882	 | 	Valid Accuracy     : 0.5076

Epoch : 14
Train Loss     : 0.1159	 | 	Train Accuracy     : 0.9614
Valid Loss     : 2.2663	 | 	Valid Accuracy     : 0.5131

Epoch : 15
Train Loss     : 0.1062	 | 	Train Accuracy     : 0.9753
Valid Loss     : 2.2264	 | 	Valid Accuracy     : 0.5174

Epoch : 16
Train Loss     : 0.0961	 | 	Train Accuracy     : 0.9779
Valid Loss     : 2.1476	 | 	Valid Accuracy     : 0.5323

Epoch : 17
Train Loss     : 0.0890	 | 	Train Accuracy     : 0.9779
Valid Loss     : 2.0811	 | 	Valid Accuracy     : 0.5399

Epoch : 18
Train Loss     : 0.1045	 | 	Train Accuracy     : 0.9646
Valid Loss     : 2.1534	 | 	Valid Accuracy     : 0.5233

Epoch : 19
Train Loss     : 0.0949	 | 	Train Accuracy     : 0.9785
Valid Loss     : 2.3704	 | 	Valid Accuracy     : 0.5048

Epoch : 20
Train Loss     : 0.1119	 | 	Train Accuracy     : 0.9679
Valid Loss     : 2.3594	 | 	Valid Accuracy     : 0.5073

Epoch : 21
Train Loss     : 0.0968	 | 	Train Accuracy     : 0.9672
Valid Loss     : 2.1541	 | 	Valid Accuracy     : 0.5219

Epoch : 22
Train Loss     : 0.1447	 | 	Train Accuracy     : 0.9566
Valid Loss     : 2.3158	 | 	Valid Accuracy     : 0.5086

Epoch : 23
Train Loss     : 0.0899	 | 	Train Accuracy     : 0.9766
Valid Loss     : 2.0855	 | 	Valid Accuracy     : 0.5287

Epoch : 24
Train Loss     : 0.0851	 | 	Train Accuracy     : 0.9798
Valid Loss     : 2.0671	 | 	Valid Accuracy     : 0.5424

Epoch : 25
Train Loss     : 0.1761	 | 	Train Accuracy     : 0.9249
Valid Loss     : 1.9975	 | 	Valid Accuracy     : 0.5481

Epoch : 26
Train Loss     : 0.0856	 | 	Train Accuracy     : 0.9798
Valid Loss     : 2.0261	 | 	Valid Accuracy     : 0.5435

Epoch : 27
Train Loss     : 0.0930	 | 	Train Accuracy     : 0.9805
Valid Loss     : 2.0714	 | 	Valid Accuracy     : 0.5335

Epoch : 28
Train Loss     : 0.1279	 | 	Train Accuracy     : 0.9685
Valid Loss     : 2.1770	 | 	Valid Accuracy     : 0.5260

Epoch : 29
Train Loss     : 0.1116	 | 	Train Accuracy     : 0.9679
Valid Loss     : 2.2107	 | 	Valid Accuracy     : 0.5283

Epoch : 30
Train Loss     : 0.0961	 | 	Train Accuracy     : 0.9818
Valid Loss     : 2.2659	 | 	Valid Accuracy     : 0.5137

Evaluate on the Test set:
Test loss      :2.6798	 | Test Accuracy      : 0.5226 | Test AUPRC      : 0.6447
tensor([0.9498, 0.9511, 0.9663, 0.9539, 1.0066, 0.9622, 0.9547, 0.9736, 0.9424,
        0.9386, 0.9409, 0.9523, 0.9637, 0.9451, 0.9679, 0.9426, 0.9460, 0.9423,
        0.9308, 0.9548, 0.9422, 0.9696, 0.9499, 1.0017, 0.9706, 0.9387, 0.9633,
        0.9296, 0.9475, 0.9482, 0.9625, 1.0081, 1.0323, 0.9448, 0.9384, 0.9705,
        0.9522, 0.9461, 0.9427, 0.9341, 1.0032, 0.9691, 0.9508, 0.9393, 0.9582,
        0.9576, 0.9478, 0.9531, 0.9388, 0.9382, 0.9645, 0.9525, 0.9415, 0.9408,
        0.9438, 0.9270, 0.9448, 0.9541, 0.9838, 0.9504, 0.9536, 0.9522],
       device='cuda:0', grad_fn=<SqueezeBackward1>)

################## Training is Done! #########################
Training time is : 0:00:58.256626
