=============================================
Dataset: SEED
Method:  TS-TCC
Mode:    fine_tune
=============================================
Data loaded ...
Subjet 7
if scale True
Training started ....

Epoch : 1
Train Loss     : 1.0535	 | 	Train Accuracy     : 0.5633
Valid Loss     : 1.4859	 | 	Valid Accuracy     : 0.4403

Epoch : 2
Train Loss     : 0.4872	 | 	Train Accuracy     : 0.7976
Valid Loss     : 0.5217	 | 	Valid Accuracy     : 0.7695

Epoch : 3
Train Loss     : 0.3333	 | 	Train Accuracy     : 0.8801
Valid Loss     : 0.4822	 | 	Valid Accuracy     : 0.8158

Epoch : 4
Train Loss     : 0.3033	 | 	Train Accuracy     : 0.8976
Valid Loss     : 0.4470	 | 	Valid Accuracy     : 0.8434

Epoch : 5
Train Loss     : 0.2779	 | 	Train Accuracy     : 0.8996
Valid Loss     : 0.4796	 | 	Valid Accuracy     : 0.8272

Epoch : 6
Train Loss     : 0.2500	 | 	Train Accuracy     : 0.9135
Valid Loss     : 0.4827	 | 	Valid Accuracy     : 0.8027

Epoch : 7
Train Loss     : 0.2495	 | 	Train Accuracy     : 0.9124
Valid Loss     : 0.4471	 | 	Valid Accuracy     : 0.8270

Epoch : 8
Train Loss     : 0.2503	 | 	Train Accuracy     : 0.9142
Valid Loss     : 0.4983	 | 	Valid Accuracy     : 0.8304

Epoch : 9
Train Loss     : 0.2221	 | 	Train Accuracy     : 0.9265
Valid Loss     : 0.4135	 | 	Valid Accuracy     : 0.8417

Epoch : 10
Train Loss     : 0.2261	 | 	Train Accuracy     : 0.9216
Valid Loss     : 0.4502	 | 	Valid Accuracy     : 0.8216

Epoch : 11
Train Loss     : 0.2088	 | 	Train Accuracy     : 0.9272
Valid Loss     : 0.4428	 | 	Valid Accuracy     : 0.8395

Epoch : 12
Train Loss     : 0.2082	 | 	Train Accuracy     : 0.9237
Valid Loss     : 0.4303	 | 	Valid Accuracy     : 0.8349

Epoch : 13
Train Loss     : 0.2106	 | 	Train Accuracy     : 0.9250
Valid Loss     : 0.6251	 | 	Valid Accuracy     : 0.8042

Epoch : 14
Train Loss     : 0.2075	 | 	Train Accuracy     : 0.9263
Valid Loss     : 0.4448	 | 	Valid Accuracy     : 0.8285

Epoch : 15
Train Loss     : 0.2109	 | 	Train Accuracy     : 0.9270
Valid Loss     : 0.4421	 | 	Valid Accuracy     : 0.8412

Epoch : 16
Train Loss     : 0.1710	 | 	Train Accuracy     : 0.9419
Valid Loss     : 0.4865	 | 	Valid Accuracy     : 0.8312

Epoch : 17
Train Loss     : 0.1670	 | 	Train Accuracy     : 0.9439
Valid Loss     : 0.5168	 | 	Valid Accuracy     : 0.8364

Epoch : 18
Train Loss     : 0.1700	 | 	Train Accuracy     : 0.9425
Valid Loss     : 0.4656	 | 	Valid Accuracy     : 0.8463

Epoch : 19
Train Loss     : 0.1591	 | 	Train Accuracy     : 0.9466
Valid Loss     : 0.4340	 | 	Valid Accuracy     : 0.8309

Epoch : 20
Train Loss     : 0.1634	 | 	Train Accuracy     : 0.9449
Valid Loss     : 0.4610	 | 	Valid Accuracy     : 0.8465

Epoch : 21
Train Loss     : 0.1465	 | 	Train Accuracy     : 0.9500
Valid Loss     : 0.4779	 | 	Valid Accuracy     : 0.8362

Epoch : 22
Train Loss     : 0.1298	 | 	Train Accuracy     : 0.9595
Valid Loss     : 0.4711	 | 	Valid Accuracy     : 0.8428

Epoch : 23
Train Loss     : 0.1239	 | 	Train Accuracy     : 0.9635
Valid Loss     : 0.4542	 | 	Valid Accuracy     : 0.8456

Epoch : 24
Train Loss     : 0.1223	 | 	Train Accuracy     : 0.9638
Valid Loss     : 0.4668	 | 	Valid Accuracy     : 0.8420

Epoch : 25
Train Loss     : 0.1191	 | 	Train Accuracy     : 0.9623
Valid Loss     : 0.4617	 | 	Valid Accuracy     : 0.8431

Epoch : 26
Train Loss     : 0.1163	 | 	Train Accuracy     : 0.9645
Valid Loss     : 0.4325	 | 	Valid Accuracy     : 0.8480

Epoch : 27
Train Loss     : 0.1185	 | 	Train Accuracy     : 0.9632
Valid Loss     : 0.4335	 | 	Valid Accuracy     : 0.8482

Epoch : 28
Train Loss     : 0.1149	 | 	Train Accuracy     : 0.9634
Valid Loss     : 0.4316	 | 	Valid Accuracy     : 0.8408

Epoch : 29
Train Loss     : 0.1156	 | 	Train Accuracy     : 0.9634
Valid Loss     : 0.4357	 | 	Valid Accuracy     : 0.8471

Epoch : 30
Train Loss     : 0.1130	 | 	Train Accuracy     : 0.9662
Valid Loss     : 0.4349	 | 	Valid Accuracy     : 0.8421

Evaluate on the Test set:
Test loss      :1.0757	 | Test Accuracy      : 0.6079 | Test AUPRC      : 0.6964
tensor([0.7407, 0.8729, 0.9580, 0.8399, 0.9536, 0.7996, 0.9661, 0.8043, 0.7488,
        0.6589, 0.6637, 0.6331, 0.9334, 0.6666, 0.7434, 0.6647, 0.7341, 0.6809,
        0.6129, 0.7449, 0.7451, 0.8953, 0.8581, 1.0399, 0.8330, 0.8205, 0.7095,
        0.6530, 0.6569, 0.6672, 0.7123, 0.9696, 0.8571, 0.8023, 0.6440, 0.7914,
        0.8334, 0.7468, 0.7341, 0.7868, 0.7270, 0.7119, 0.6839, 0.6957, 0.7030,
        0.6982, 0.8099, 0.6906, 0.7233, 0.6194, 0.6613, 0.7068, 0.6303, 0.6516,
        0.6440, 0.5882, 0.6841, 0.9417, 0.9312, 0.7082, 0.7161, 0.8045],
       device='cuda:0', grad_fn=<SqueezeBackward1>)

################## Training is Done! #########################
Training time is : 0:02:27.626099
