=============================================
Dataset: SEED
Method:  TS-TCC
Mode:    fine_tune
=============================================
Data loaded ...
Subjet 4
if scale True
Training started ....

Epoch : 1
Train Loss     : 1.2872	 | 	Train Accuracy     : 0.4353
Valid Loss     : 2.1100	 | 	Valid Accuracy     : 0.3328

Epoch : 2
Train Loss     : 0.7667	 | 	Train Accuracy     : 0.6239
Valid Loss     : 1.9251	 | 	Valid Accuracy     : 0.3664

Epoch : 3
Train Loss     : 0.6100	 | 	Train Accuracy     : 0.7513
Valid Loss     : 2.4030	 | 	Valid Accuracy     : 0.3535

Epoch : 4
Train Loss     : 0.4918	 | 	Train Accuracy     : 0.8082
Valid Loss     : 1.5590	 | 	Valid Accuracy     : 0.4519

Epoch : 5
Train Loss     : 0.4064	 | 	Train Accuracy     : 0.8743
Valid Loss     : 1.8232	 | 	Valid Accuracy     : 0.4409

Epoch : 6
Train Loss     : 0.4022	 | 	Train Accuracy     : 0.8535
Valid Loss     : 1.2654	 | 	Valid Accuracy     : 0.4989

Epoch : 7
Train Loss     : 0.3590	 | 	Train Accuracy     : 0.8963
Valid Loss     : 1.2332	 | 	Valid Accuracy     : 0.4948

Epoch : 8
Train Loss     : 0.3288	 | 	Train Accuracy     : 0.9052
Valid Loss     : 1.2287	 | 	Valid Accuracy     : 0.4928

Epoch : 9
Train Loss     : 0.3821	 | 	Train Accuracy     : 0.8743
Valid Loss     : 1.3979	 | 	Valid Accuracy     : 0.4819

Epoch : 10
Train Loss     : 0.2841	 | 	Train Accuracy     : 0.8952
Valid Loss     : 1.4519	 | 	Valid Accuracy     : 0.4902

Epoch : 11
Train Loss     : 0.2305	 | 	Train Accuracy     : 0.9362
Valid Loss     : 1.7230	 | 	Valid Accuracy     : 0.4633

Epoch : 12
Train Loss     : 0.2245	 | 	Train Accuracy     : 0.9195
Valid Loss     : 1.3954	 | 	Valid Accuracy     : 0.5043

Epoch : 13
Train Loss     : 0.1873	 | 	Train Accuracy     : 0.9538
Valid Loss     : 1.6376	 | 	Valid Accuracy     : 0.4873

Epoch : 14
Train Loss     : 0.2126	 | 	Train Accuracy     : 0.9497
Valid Loss     : 1.4970	 | 	Valid Accuracy     : 0.4972

Epoch : 15
Train Loss     : 0.2061	 | 	Train Accuracy     : 0.9280
Valid Loss     : 1.6217	 | 	Valid Accuracy     : 0.4821

Epoch : 16
Train Loss     : 0.1556	 | 	Train Accuracy     : 0.9622
Valid Loss     : 1.6406	 | 	Valid Accuracy     : 0.4995

Epoch : 17
Train Loss     : 0.1295	 | 	Train Accuracy     : 0.9720
Valid Loss     : 1.6009	 | 	Valid Accuracy     : 0.5120

Epoch : 18
Train Loss     : 0.1346	 | 	Train Accuracy     : 0.9681
Valid Loss     : 1.5062	 | 	Valid Accuracy     : 0.5178

Epoch : 19
Train Loss     : 0.1182	 | 	Train Accuracy     : 0.9575
Valid Loss     : 1.4995	 | 	Valid Accuracy     : 0.5023

Epoch : 20
Train Loss     : 0.1113	 | 	Train Accuracy     : 0.9740
Valid Loss     : 1.5669	 | 	Valid Accuracy     : 0.4997

Epoch : 21
Train Loss     : 0.1210	 | 	Train Accuracy     : 0.9679
Valid Loss     : 1.5097	 | 	Valid Accuracy     : 0.5116

Epoch : 22
Train Loss     : 0.1505	 | 	Train Accuracy     : 0.9427
Valid Loss     : 1.5019	 | 	Valid Accuracy     : 0.5131

Epoch : 23
Train Loss     : 0.0913	 | 	Train Accuracy     : 0.9824
Valid Loss     : 1.5626	 | 	Valid Accuracy     : 0.5112

Epoch : 24
Train Loss     : 0.0978	 | 	Train Accuracy     : 0.9811
Valid Loss     : 1.6153	 | 	Valid Accuracy     : 0.5088

Epoch : 25
Train Loss     : 0.2470	 | 	Train Accuracy     : 0.9104
Valid Loss     : 1.6226	 | 	Valid Accuracy     : 0.5142

Epoch : 26
Train Loss     : 0.1052	 | 	Train Accuracy     : 0.9844
Valid Loss     : 1.4990	 | 	Valid Accuracy     : 0.5269

Epoch : 27
Train Loss     : 0.1181	 | 	Train Accuracy     : 0.9627
Valid Loss     : 1.5282	 | 	Valid Accuracy     : 0.5282

Epoch : 28
Train Loss     : 0.1439	 | 	Train Accuracy     : 0.9640
Valid Loss     : 1.6434	 | 	Valid Accuracy     : 0.5094

Epoch : 29
Train Loss     : 0.1223	 | 	Train Accuracy     : 0.9546
Valid Loss     : 1.5676	 | 	Valid Accuracy     : 0.5134

Epoch : 30
Train Loss     : 0.0951	 | 	Train Accuracy     : 0.9857
Valid Loss     : 1.6046	 | 	Valid Accuracy     : 0.5124

Evaluate on the Test set:
Test loss      :1.4564	 | Test Accuracy      : 0.5773 | Test AUPRC      : 0.7138
tensor([0.9476, 0.9660, 0.9720, 0.9466, 0.9219, 0.9870, 0.9648, 0.9154, 0.9257,
        0.9085, 0.9171, 0.9229, 0.9598, 0.9360, 0.9811, 0.9077, 0.9218, 0.9143,
        0.8939, 0.9496, 0.9369, 0.9273, 0.9528, 1.0257, 0.9421, 0.9604, 0.9319,
        0.9178, 0.9330, 0.9319, 0.9320, 1.0088, 0.9863, 0.9021, 0.9131, 0.9333,
        0.9209, 0.9428, 0.9045, 0.9046, 0.9832, 0.9331, 0.9447, 0.9274, 0.9435,
        0.9192, 0.9127, 0.9211, 0.9202, 0.9042, 0.9287, 0.9043, 0.9184, 0.9164,
        0.9229, 0.9802, 1.0156, 0.9242, 0.9300, 0.9239, 0.9310, 0.9308],
       device='cuda:0', grad_fn=<SqueezeBackward1>)

################## Training is Done! #########################
Training time is : 0:00:55.318617
