=============================================
Dataset: SEED
Method:  TS-TCC
Mode:    fine_tune
=============================================
Data loaded ...
Subjet 5
if scale True
Training started ....

Epoch : 1
Train Loss     : 1.0196	 | 	Train Accuracy     : 0.5336
Valid Loss     : 1.0528	 | 	Valid Accuracy     : 0.5829

Epoch : 2
Train Loss     : 0.6137	 | 	Train Accuracy     : 0.7432
Valid Loss     : 0.9114	 | 	Valid Accuracy     : 0.5958

Epoch : 3
Train Loss     : 0.4948	 | 	Train Accuracy     : 0.8103
Valid Loss     : 1.0096	 | 	Valid Accuracy     : 0.5273

Epoch : 4
Train Loss     : 0.4405	 | 	Train Accuracy     : 0.8349
Valid Loss     : 1.3003	 | 	Valid Accuracy     : 0.5662

Epoch : 5
Train Loss     : 0.3843	 | 	Train Accuracy     : 0.8599
Valid Loss     : 1.4067	 | 	Valid Accuracy     : 0.5752

Epoch : 6
Train Loss     : 0.3658	 | 	Train Accuracy     : 0.8597
Valid Loss     : 1.5657	 | 	Valid Accuracy     : 0.5597

Epoch : 7
Train Loss     : 0.3476	 | 	Train Accuracy     : 0.8740
Valid Loss     : 1.4572	 | 	Valid Accuracy     : 0.5520

Epoch : 8
Train Loss     : 0.3107	 | 	Train Accuracy     : 0.8913
Valid Loss     : 1.5426	 | 	Valid Accuracy     : 0.5399

Epoch : 9
Train Loss     : 0.2960	 | 	Train Accuracy     : 0.8950
Valid Loss     : 1.7207	 | 	Valid Accuracy     : 0.5553

Epoch : 10
Train Loss     : 0.2765	 | 	Train Accuracy     : 0.9037
Valid Loss     : 1.7441	 | 	Valid Accuracy     : 0.5588

Epoch : 11
Train Loss     : 0.2936	 | 	Train Accuracy     : 0.8920
Valid Loss     : 1.5214	 | 	Valid Accuracy     : 0.5693

Epoch : 12
Train Loss     : 0.2995	 | 	Train Accuracy     : 0.8845
Valid Loss     : 1.7750	 | 	Valid Accuracy     : 0.5688

Epoch : 13
Train Loss     : 0.2856	 | 	Train Accuracy     : 0.8919
Valid Loss     : 1.8680	 | 	Valid Accuracy     : 0.5732

Epoch : 14
Train Loss     : 0.2205	 | 	Train Accuracy     : 0.9285
Valid Loss     : 1.7110	 | 	Valid Accuracy     : 0.5728

Epoch : 15
Train Loss     : 0.2011	 | 	Train Accuracy     : 0.9352
Valid Loss     : 1.7272	 | 	Valid Accuracy     : 0.5760

Epoch : 16
Train Loss     : 0.1905	 | 	Train Accuracy     : 0.9431
Valid Loss     : 1.7639	 | 	Valid Accuracy     : 0.5740

Epoch : 17
Train Loss     : 0.1907	 | 	Train Accuracy     : 0.9405
Valid Loss     : 1.8482	 | 	Valid Accuracy     : 0.5514

Epoch : 18
Train Loss     : 0.1823	 | 	Train Accuracy     : 0.9448
Valid Loss     : 1.8265	 | 	Valid Accuracy     : 0.5626

Epoch : 19
Train Loss     : 0.1851	 | 	Train Accuracy     : 0.9445
Valid Loss     : 1.8511	 | 	Valid Accuracy     : 0.5564

Epoch : 20
Train Loss     : 0.1775	 | 	Train Accuracy     : 0.9464
Valid Loss     : 1.8451	 | 	Valid Accuracy     : 0.5564

Epoch : 21
Train Loss     : 0.1696	 | 	Train Accuracy     : 0.9517
Valid Loss     : 1.8982	 | 	Valid Accuracy     : 0.5552

Epoch : 22
Train Loss     : 0.1671	 | 	Train Accuracy     : 0.9519
Valid Loss     : 1.8426	 | 	Valid Accuracy     : 0.5526

Epoch : 23
Train Loss     : 0.1624	 | 	Train Accuracy     : 0.9537
Valid Loss     : 1.8305	 | 	Valid Accuracy     : 0.5622

Epoch : 24
Train Loss     : 0.1656	 | 	Train Accuracy     : 0.9547
Valid Loss     : 1.9998	 | 	Valid Accuracy     : 0.5478

Epoch : 25
Train Loss     : 0.1543	 | 	Train Accuracy     : 0.9572
Valid Loss     : 1.9755	 | 	Valid Accuracy     : 0.5564

Epoch : 26
Train Loss     : 0.1579	 | 	Train Accuracy     : 0.9543
Valid Loss     : 1.9541	 | 	Valid Accuracy     : 0.5643

Epoch : 27
Train Loss     : 0.1550	 | 	Train Accuracy     : 0.9579
Valid Loss     : 1.9473	 | 	Valid Accuracy     : 0.5433

Epoch : 28
Train Loss     : 0.1534	 | 	Train Accuracy     : 0.9578
Valid Loss     : 1.9095	 | 	Valid Accuracy     : 0.5643

Epoch : 29
Train Loss     : 0.1584	 | 	Train Accuracy     : 0.9532
Valid Loss     : 1.9102	 | 	Valid Accuracy     : 0.5598

Epoch : 30
Train Loss     : 0.1551	 | 	Train Accuracy     : 0.9542
Valid Loss     : 1.9648	 | 	Valid Accuracy     : 0.5512

Evaluate on the Test set:
Test loss      :1.3069	 | Test Accuracy      : 0.7008 | Test AUPRC      : 0.7213
tensor([0.8390, 0.9005, 0.8862, 0.9063, 0.8574, 0.8319, 0.9374, 0.7465, 0.8244,
        0.7232, 0.7488, 0.8024, 0.8038, 0.8604, 0.9432, 0.8434, 0.8923, 0.7277,
        0.7161, 0.7588, 0.8573, 0.9044, 0.8334, 1.0253, 0.9585, 0.8603, 0.8531,
        0.7434, 0.8504, 0.8288, 0.9052, 1.0057, 0.9939, 0.8817, 0.7403, 0.8577,
        0.7789, 0.7250, 0.7930, 0.9313, 0.9401, 0.9546, 0.7140, 0.9585, 0.8016,
        0.7876, 0.8573, 0.7752, 0.7529, 0.9272, 0.8076, 0.7556, 0.7128, 0.7552,
        0.7727, 0.7664, 0.8313, 0.8450, 0.9084, 0.8829, 0.8873, 0.7772],
       device='cuda:0', grad_fn=<SqueezeBackward1>)

################## Training is Done! #########################
Training time is : 0:03:01.580836
