=============================================
Dataset: SEED
Method:  TS-TCC
Mode:    fine_tune
=============================================
Data loaded ...
Subjet 1
if scale True
Training started ....

Epoch : 1
Train Loss     : 1.2402	 | 	Train Accuracy     : 0.5135
Valid Loss     : 2.0575	 | 	Valid Accuracy     : 0.3107

Epoch : 2
Train Loss     : 0.7063	 | 	Train Accuracy     : 0.6934
Valid Loss     : 2.8832	 | 	Valid Accuracy     : 0.3349

Epoch : 3
Train Loss     : 0.5481	 | 	Train Accuracy     : 0.7805
Valid Loss     : 1.8864	 | 	Valid Accuracy     : 0.4463

Epoch : 4
Train Loss     : 0.4899	 | 	Train Accuracy     : 0.8141
Valid Loss     : 1.2878	 | 	Valid Accuracy     : 0.5247

Epoch : 5
Train Loss     : 0.4255	 | 	Train Accuracy     : 0.8399
Valid Loss     : 1.3630	 | 	Valid Accuracy     : 0.5535

Epoch : 6
Train Loss     : 0.3934	 | 	Train Accuracy     : 0.8512
Valid Loss     : 1.3472	 | 	Valid Accuracy     : 0.5632

Epoch : 7
Train Loss     : 0.3659	 | 	Train Accuracy     : 0.8603
Valid Loss     : 1.4178	 | 	Valid Accuracy     : 0.6093

Epoch : 8
Train Loss     : 0.3344	 | 	Train Accuracy     : 0.8737
Valid Loss     : 1.4547	 | 	Valid Accuracy     : 0.5857

Epoch : 9
Train Loss     : 0.3094	 | 	Train Accuracy     : 0.8797
Valid Loss     : 1.3393	 | 	Valid Accuracy     : 0.5984

Epoch : 10
Train Loss     : 0.3063	 | 	Train Accuracy     : 0.8915
Valid Loss     : 1.4645	 | 	Valid Accuracy     : 0.5958

Epoch : 11
Train Loss     : 0.3147	 | 	Train Accuracy     : 0.8865
Valid Loss     : 1.6441	 | 	Valid Accuracy     : 0.5883

Epoch : 12
Train Loss     : 0.3077	 | 	Train Accuracy     : 0.8784
Valid Loss     : 1.6842	 | 	Valid Accuracy     : 0.5966

Epoch : 13
Train Loss     : 0.3011	 | 	Train Accuracy     : 0.8871
Valid Loss     : 1.6100	 | 	Valid Accuracy     : 0.5844

Epoch : 14
Train Loss     : 0.2735	 | 	Train Accuracy     : 0.8987
Valid Loss     : 1.7574	 | 	Valid Accuracy     : 0.5939

Epoch : 15
Train Loss     : 0.2431	 | 	Train Accuracy     : 0.9133
Valid Loss     : 1.5072	 | 	Valid Accuracy     : 0.6104

Epoch : 16
Train Loss     : 0.2129	 | 	Train Accuracy     : 0.9298
Valid Loss     : 1.5358	 | 	Valid Accuracy     : 0.6100

Epoch : 17
Train Loss     : 0.2022	 | 	Train Accuracy     : 0.9361
Valid Loss     : 1.5938	 | 	Valid Accuracy     : 0.6001

Epoch : 18
Train Loss     : 0.2008	 | 	Train Accuracy     : 0.9413
Valid Loss     : 1.6014	 | 	Valid Accuracy     : 0.6050

Epoch : 19
Train Loss     : 0.1957	 | 	Train Accuracy     : 0.9410
Valid Loss     : 1.5709	 | 	Valid Accuracy     : 0.6131

Epoch : 20
Train Loss     : 0.1920	 | 	Train Accuracy     : 0.9389
Valid Loss     : 1.6383	 | 	Valid Accuracy     : 0.6014

Epoch : 21
Train Loss     : 0.1911	 | 	Train Accuracy     : 0.9401
Valid Loss     : 1.6388	 | 	Valid Accuracy     : 0.6121

Epoch : 22
Train Loss     : 0.1854	 | 	Train Accuracy     : 0.9463
Valid Loss     : 1.6079	 | 	Valid Accuracy     : 0.6128

Epoch : 23
Train Loss     : 0.1853	 | 	Train Accuracy     : 0.9467
Valid Loss     : 1.5965	 | 	Valid Accuracy     : 0.6156

Epoch : 24
Train Loss     : 0.1806	 | 	Train Accuracy     : 0.9482
Valid Loss     : 1.6207	 | 	Valid Accuracy     : 0.6036

Epoch : 25
Train Loss     : 0.1847	 | 	Train Accuracy     : 0.9407
Valid Loss     : 1.6352	 | 	Valid Accuracy     : 0.6034

Epoch : 26
Train Loss     : 0.1767	 | 	Train Accuracy     : 0.9506
Valid Loss     : 1.6660	 | 	Valid Accuracy     : 0.6052

Epoch : 27
Train Loss     : 0.1737	 | 	Train Accuracy     : 0.9489
Valid Loss     : 1.5855	 | 	Valid Accuracy     : 0.6077

Epoch : 28
Train Loss     : 0.1683	 | 	Train Accuracy     : 0.9534
Valid Loss     : 1.5743	 | 	Valid Accuracy     : 0.6118

Epoch : 29
Train Loss     : 0.1726	 | 	Train Accuracy     : 0.9476
Valid Loss     : 1.6073	 | 	Valid Accuracy     : 0.6151

Epoch : 30
Train Loss     : 0.1727	 | 	Train Accuracy     : 0.9491
Valid Loss     : 1.6547	 | 	Valid Accuracy     : 0.6032

Evaluate on the Test set:
Test loss      :1.3575	 | Test Accuracy      : 0.6213 | Test AUPRC      : 0.6520
tensor([0.8875, 0.9184, 0.9216, 0.9057, 0.8600, 0.9193, 0.9319, 0.8693, 0.8561,
        0.8538, 0.8525, 0.8538, 0.9350, 0.8879, 0.9220, 0.8418, 0.8652, 0.8370,
        0.8281, 0.8980, 0.8666, 0.9486, 0.8775, 0.9922, 0.9366, 0.8529, 0.8630,
        0.9165, 0.8927, 0.8513, 0.8794, 0.9757, 0.9366, 0.8982, 0.9010, 0.8774,
        0.8653, 0.9134, 0.8435, 0.8699, 0.9872, 0.8549, 0.8623, 0.9291, 0.9125,
        0.8906, 0.8926, 0.9136, 0.9027, 0.9462, 0.8512, 0.8814, 0.8377, 0.8498,
        0.8516, 0.8005, 0.9327, 0.8722, 0.9343, 0.8468, 0.9500, 0.8644],
       device='cuda:0', grad_fn=<SqueezeBackward1>)

################## Training is Done! #########################
Training time is : 0:02:39.819484
