=============================================
Dataset: SEED
Method:  TS-TCC
Mode:    fine_tune
=============================================
Data loaded ...
Subjet 10
if scale True
Training started ....

Epoch : 1
Train Loss     : 1.0305	 | 	Train Accuracy     : 0.5535
Valid Loss     : 1.4277	 | 	Valid Accuracy     : 0.3975

Epoch : 2
Train Loss     : 0.5624	 | 	Train Accuracy     : 0.7362
Valid Loss     : 1.6092	 | 	Valid Accuracy     : 0.4985

Epoch : 3
Train Loss     : 0.4733	 | 	Train Accuracy     : 0.7994
Valid Loss     : 1.2746	 | 	Valid Accuracy     : 0.5820

Epoch : 4
Train Loss     : 0.4195	 | 	Train Accuracy     : 0.8224
Valid Loss     : 1.3964	 | 	Valid Accuracy     : 0.6328

Epoch : 5
Train Loss     : 0.3768	 | 	Train Accuracy     : 0.8505
Valid Loss     : 1.3691	 | 	Valid Accuracy     : 0.6187

Epoch : 6
Train Loss     : 0.3691	 | 	Train Accuracy     : 0.8502
Valid Loss     : 1.4338	 | 	Valid Accuracy     : 0.6191

Epoch : 7
Train Loss     : 0.3402	 | 	Train Accuracy     : 0.8638
Valid Loss     : 1.1414	 | 	Valid Accuracy     : 0.6118

Epoch : 8
Train Loss     : 0.3498	 | 	Train Accuracy     : 0.8543
Valid Loss     : 1.6317	 | 	Valid Accuracy     : 0.6172

Epoch : 9
Train Loss     : 0.3370	 | 	Train Accuracy     : 0.8716
Valid Loss     : 1.3693	 | 	Valid Accuracy     : 0.6309

Epoch : 10
Train Loss     : 0.2977	 | 	Train Accuracy     : 0.8806
Valid Loss     : 1.9005	 | 	Valid Accuracy     : 0.5845

Epoch : 11
Train Loss     : 0.3059	 | 	Train Accuracy     : 0.8808
Valid Loss     : 2.3121	 | 	Valid Accuracy     : 0.6001

Epoch : 12
Train Loss     : 0.2886	 | 	Train Accuracy     : 0.8876
Valid Loss     : 2.5434	 | 	Valid Accuracy     : 0.6113

Epoch : 13
Train Loss     : 0.2977	 | 	Train Accuracy     : 0.8815
Valid Loss     : 2.0616	 | 	Valid Accuracy     : 0.6313

Epoch : 14
Train Loss     : 0.2717	 | 	Train Accuracy     : 0.8993
Valid Loss     : 2.3159	 | 	Valid Accuracy     : 0.6250

Epoch : 15
Train Loss     : 0.2663	 | 	Train Accuracy     : 0.8986
Valid Loss     : 2.4771	 | 	Valid Accuracy     : 0.6265

Epoch : 16
Train Loss     : 0.2701	 | 	Train Accuracy     : 0.8947
Valid Loss     : 2.2903	 | 	Valid Accuracy     : 0.6167

Epoch : 17
Train Loss     : 0.2546	 | 	Train Accuracy     : 0.8996
Valid Loss     : 2.5483	 | 	Valid Accuracy     : 0.6123

Epoch : 18
Train Loss     : 0.2583	 | 	Train Accuracy     : 0.8966
Valid Loss     : 2.6136	 | 	Valid Accuracy     : 0.5835

Epoch : 19
Train Loss     : 0.2158	 | 	Train Accuracy     : 0.9186
Valid Loss     : 2.5588	 | 	Valid Accuracy     : 0.6299

Epoch : 20
Train Loss     : 0.2007	 | 	Train Accuracy     : 0.9251
Valid Loss     : 2.5539	 | 	Valid Accuracy     : 0.6260

Epoch : 21
Train Loss     : 0.1917	 | 	Train Accuracy     : 0.9336
Valid Loss     : 2.4002	 | 	Valid Accuracy     : 0.6201

Epoch : 22
Train Loss     : 0.1876	 | 	Train Accuracy     : 0.9367
Valid Loss     : 2.4351	 | 	Valid Accuracy     : 0.6050

Epoch : 23
Train Loss     : 0.1913	 | 	Train Accuracy     : 0.9312
Valid Loss     : 2.3425	 | 	Valid Accuracy     : 0.6069

Epoch : 24
Train Loss     : 0.1874	 | 	Train Accuracy     : 0.9331
Valid Loss     : 2.4296	 | 	Valid Accuracy     : 0.6201

Epoch : 25
Train Loss     : 0.1837	 | 	Train Accuracy     : 0.9346
Valid Loss     : 2.5466	 | 	Valid Accuracy     : 0.6094

Epoch : 26
Train Loss     : 0.1842	 | 	Train Accuracy     : 0.9326
Valid Loss     : 2.4017	 | 	Valid Accuracy     : 0.6157

Epoch : 27
Train Loss     : 0.1751	 | 	Train Accuracy     : 0.9392
Valid Loss     : 2.3788	 | 	Valid Accuracy     : 0.6216

Epoch : 28
Train Loss     : 0.1755	 | 	Train Accuracy     : 0.9387
Valid Loss     : 2.3606	 | 	Valid Accuracy     : 0.6064

Epoch : 29
Train Loss     : 0.1770	 | 	Train Accuracy     : 0.9353
Valid Loss     : 2.4158	 | 	Valid Accuracy     : 0.6064

Epoch : 30
Train Loss     : 0.1674	 | 	Train Accuracy     : 0.9409
Valid Loss     : 2.3608	 | 	Valid Accuracy     : 0.6196

Evaluate on the Test set:
Test loss      :2.3510	 | Test Accuracy      : 0.5877 | Test AUPRC      : 0.4716
tensor([0.7500, 0.9646, 0.8932, 0.7082, 0.8668, 0.9311, 0.9330, 0.7054, 0.8867,
        0.7082, 0.7822, 0.7286, 0.8630, 0.8336, 0.9406, 0.8065, 0.7043, 0.7235,
        0.6262, 0.6848, 0.6839, 0.8915, 0.8124, 0.9985, 0.7611, 0.8181, 0.6887,
        0.8081, 0.7327, 0.6847, 0.7528, 0.8841, 0.9284, 0.6735, 0.6710, 0.7769,
        0.7601, 0.7297, 0.7072, 0.6340, 0.7295, 0.7730, 0.7101, 0.7269, 0.8661,
        0.8102, 0.6315, 0.6970, 0.7259, 0.6432, 0.7079, 0.6934, 0.6538, 0.8525,
        0.6738, 0.5882, 0.6275, 0.8892, 0.7349, 0.9368, 0.8221, 0.7319],
       device='cuda:0', grad_fn=<SqueezeBackward1>)

################## Training is Done! #########################
Training time is : 0:01:34.080207
