=============================================
Dataset: SEED
Method:  TS-TCC
Mode:    fine_tune
=============================================
Data loaded ...
Subjet 3
if scale True
Training started ....

Epoch : 1
Train Loss     : 1.4075	 | 	Train Accuracy     : 0.4117
Valid Loss     : 1.9771	 | 	Valid Accuracy     : 0.3421

Epoch : 2
Train Loss     : 0.8788	 | 	Train Accuracy     : 0.5865
Valid Loss     : 1.3049	 | 	Valid Accuracy     : 0.6024

Epoch : 3
Train Loss     : 0.6314	 | 	Train Accuracy     : 0.7396
Valid Loss     : 1.5959	 | 	Valid Accuracy     : 0.6374

Epoch : 4
Train Loss     : 0.5364	 | 	Train Accuracy     : 0.7892
Valid Loss     : 1.2587	 | 	Valid Accuracy     : 0.6620

Epoch : 5
Train Loss     : 0.4626	 | 	Train Accuracy     : 0.8345
Valid Loss     : 1.2510	 | 	Valid Accuracy     : 0.6621

Epoch : 6
Train Loss     : 0.4157	 | 	Train Accuracy     : 0.8554
Valid Loss     : 1.3565	 | 	Valid Accuracy     : 0.6387

Epoch : 7
Train Loss     : 0.3820	 | 	Train Accuracy     : 0.8682
Valid Loss     : 1.2539	 | 	Valid Accuracy     : 0.6260

Epoch : 8
Train Loss     : 0.3621	 | 	Train Accuracy     : 0.8723
Valid Loss     : 1.2918	 | 	Valid Accuracy     : 0.6457

Epoch : 9
Train Loss     : 0.3449	 | 	Train Accuracy     : 0.8716
Valid Loss     : 1.3426	 | 	Valid Accuracy     : 0.6504

Epoch : 10
Train Loss     : 0.3178	 | 	Train Accuracy     : 0.8950
Valid Loss     : 1.2561	 | 	Valid Accuracy     : 0.6611

Epoch : 11
Train Loss     : 0.2876	 | 	Train Accuracy     : 0.9045
Valid Loss     : 1.3159	 | 	Valid Accuracy     : 0.6439

Epoch : 12
Train Loss     : 0.2658	 | 	Train Accuracy     : 0.9185
Valid Loss     : 1.4195	 | 	Valid Accuracy     : 0.6297

Epoch : 13
Train Loss     : 0.2555	 | 	Train Accuracy     : 0.9145
Valid Loss     : 1.3865	 | 	Valid Accuracy     : 0.6013

Epoch : 14
Train Loss     : 0.2362	 | 	Train Accuracy     : 0.9232
Valid Loss     : 1.4427	 | 	Valid Accuracy     : 0.5261

Epoch : 15
Train Loss     : 0.2031	 | 	Train Accuracy     : 0.9355
Valid Loss     : 1.4657	 | 	Valid Accuracy     : 0.5675

Epoch : 16
Train Loss     : 0.1850	 | 	Train Accuracy     : 0.9462
Valid Loss     : 1.5136	 | 	Valid Accuracy     : 0.5729

Epoch : 17
Train Loss     : 0.1720	 | 	Train Accuracy     : 0.9462
Valid Loss     : 1.4579	 | 	Valid Accuracy     : 0.5423

Epoch : 18
Train Loss     : 0.1557	 | 	Train Accuracy     : 0.9577
Valid Loss     : 1.4459	 | 	Valid Accuracy     : 0.5142

Epoch : 19
Train Loss     : 0.1521	 | 	Train Accuracy     : 0.9587
Valid Loss     : 1.4539	 | 	Valid Accuracy     : 0.5025

Epoch : 20
Train Loss     : 0.1504	 | 	Train Accuracy     : 0.9572
Valid Loss     : 1.4663	 | 	Valid Accuracy     : 0.5234

Epoch : 21
Train Loss     : 0.1403	 | 	Train Accuracy     : 0.9652
Valid Loss     : 1.4928	 | 	Valid Accuracy     : 0.5079

Epoch : 22
Train Loss     : 0.1474	 | 	Train Accuracy     : 0.9605
Valid Loss     : 1.4696	 | 	Valid Accuracy     : 0.5139

Epoch : 23
Train Loss     : 0.1434	 | 	Train Accuracy     : 0.9615
Valid Loss     : 1.5017	 | 	Valid Accuracy     : 0.4977

Epoch : 24
Train Loss     : 0.1424	 | 	Train Accuracy     : 0.9609
Valid Loss     : 1.5400	 | 	Valid Accuracy     : 0.5038

Epoch : 25
Train Loss     : 0.1342	 | 	Train Accuracy     : 0.9641
Valid Loss     : 1.5074	 | 	Valid Accuracy     : 0.5130

Epoch : 26
Train Loss     : 0.1342	 | 	Train Accuracy     : 0.9683
Valid Loss     : 1.4864	 | 	Valid Accuracy     : 0.5081

Epoch : 27
Train Loss     : 0.1349	 | 	Train Accuracy     : 0.9650
Valid Loss     : 1.5162	 | 	Valid Accuracy     : 0.5118

Epoch : 28
Train Loss     : 0.1320	 | 	Train Accuracy     : 0.9733
Valid Loss     : 1.5077	 | 	Valid Accuracy     : 0.5176

Epoch : 29
Train Loss     : 0.1310	 | 	Train Accuracy     : 0.9686
Valid Loss     : 1.4724	 | 	Valid Accuracy     : 0.5158

Epoch : 30
Train Loss     : 0.1288	 | 	Train Accuracy     : 0.9702
Valid Loss     : 1.5593	 | 	Valid Accuracy     : 0.4983

Evaluate on the Test set:
Test loss      :1.3767	 | Test Accuracy      : 0.5852 | Test AUPRC      : 0.6079
tensor([0.9227, 0.9415, 0.9846, 0.9240, 0.9111, 0.9697, 1.0134, 0.9257, 0.9088,
        0.9063, 0.9138, 0.9212, 0.9305, 0.9864, 0.9007, 0.8924, 0.9187, 0.9109,
        0.8803, 0.9718, 0.9026, 0.9182, 0.9360, 0.9848, 0.9384, 0.9006, 0.9307,
        0.8972, 0.8899, 0.9067, 0.9216, 1.0026, 0.9935, 0.9185, 0.8983, 0.9399,
        0.9151, 0.9087, 0.9268, 0.8811, 0.9153, 0.9258, 0.8896, 0.9073, 0.9343,
        0.9341, 0.8885, 0.9121, 0.8795, 0.9373, 0.9158, 0.9044, 0.8940, 0.8847,
        0.9166, 0.8691, 0.8969, 0.8896, 0.9247, 0.9139, 1.0104, 0.9196],
       device='cuda:0', grad_fn=<SqueezeBackward1>)

################## Training is Done! #########################
Training time is : 0:00:55.485728
