=============================================
Dataset: SEED
Method:  TS-TCC
Mode:    fine_tune
=============================================
Data loaded ...
Subjet 9
if scale True
Training started ....

Epoch : 1
Train Loss     : 0.9259	 | 	Train Accuracy     : 0.5938
Valid Loss     : 0.7791	 | 	Valid Accuracy     : 0.6089

Epoch : 2
Train Loss     : 0.5056	 | 	Train Accuracy     : 0.8066
Valid Loss     : 0.5764	 | 	Valid Accuracy     : 0.7129

Epoch : 3
Train Loss     : 0.3940	 | 	Train Accuracy     : 0.8539
Valid Loss     : 0.5570	 | 	Valid Accuracy     : 0.7539

Epoch : 4
Train Loss     : 0.3518	 | 	Train Accuracy     : 0.8648
Valid Loss     : 0.5270	 | 	Valid Accuracy     : 0.7764

Epoch : 5
Train Loss     : 0.3061	 | 	Train Accuracy     : 0.8849
Valid Loss     : 0.5355	 | 	Valid Accuracy     : 0.7754

Epoch : 6
Train Loss     : 0.2894	 | 	Train Accuracy     : 0.8942
Valid Loss     : 0.5144	 | 	Valid Accuracy     : 0.7896

Epoch : 7
Train Loss     : 0.2808	 | 	Train Accuracy     : 0.8971
Valid Loss     : 0.5612	 | 	Valid Accuracy     : 0.7812

Epoch : 8
Train Loss     : 0.2767	 | 	Train Accuracy     : 0.9003
Valid Loss     : 0.5507	 | 	Valid Accuracy     : 0.7852

Epoch : 9
Train Loss     : 0.2560	 | 	Train Accuracy     : 0.9064
Valid Loss     : 0.5107	 | 	Valid Accuracy     : 0.8071

Epoch : 10
Train Loss     : 0.2313	 | 	Train Accuracy     : 0.9185
Valid Loss     : 0.5833	 | 	Valid Accuracy     : 0.7710

Epoch : 11
Train Loss     : 0.2328	 | 	Train Accuracy     : 0.9147
Valid Loss     : 0.5429	 | 	Valid Accuracy     : 0.7935

Epoch : 12
Train Loss     : 0.2553	 | 	Train Accuracy     : 0.9025
Valid Loss     : 0.5702	 | 	Valid Accuracy     : 0.7866

Epoch : 13
Train Loss     : 0.2308	 | 	Train Accuracy     : 0.9156
Valid Loss     : 0.7448	 | 	Valid Accuracy     : 0.7290

Epoch : 14
Train Loss     : 0.2112	 | 	Train Accuracy     : 0.9232
Valid Loss     : 0.6748	 | 	Valid Accuracy     : 0.7520

Epoch : 15
Train Loss     : 0.2120	 | 	Train Accuracy     : 0.9239
Valid Loss     : 0.6224	 | 	Valid Accuracy     : 0.7705

Epoch : 16
Train Loss     : 0.2000	 | 	Train Accuracy     : 0.9293
Valid Loss     : 0.5636	 | 	Valid Accuracy     : 0.7949

Epoch : 17
Train Loss     : 0.2013	 | 	Train Accuracy     : 0.9268
Valid Loss     : 0.5173	 | 	Valid Accuracy     : 0.8140

Epoch : 18
Train Loss     : 0.2051	 | 	Train Accuracy     : 0.9236
Valid Loss     : 0.5874	 | 	Valid Accuracy     : 0.7920

Epoch : 19
Train Loss     : 0.1907	 | 	Train Accuracy     : 0.9276
Valid Loss     : 0.5528	 | 	Valid Accuracy     : 0.8003

Epoch : 20
Train Loss     : 0.2040	 | 	Train Accuracy     : 0.9227
Valid Loss     : 0.7074	 | 	Valid Accuracy     : 0.7583

Epoch : 21
Train Loss     : 0.1622	 | 	Train Accuracy     : 0.9441
Valid Loss     : 0.5157	 | 	Valid Accuracy     : 0.8159

Epoch : 22
Train Loss     : 0.1485	 | 	Train Accuracy     : 0.9526
Valid Loss     : 0.5076	 | 	Valid Accuracy     : 0.8179

Epoch : 23
Train Loss     : 0.1423	 | 	Train Accuracy     : 0.9543
Valid Loss     : 0.5096	 | 	Valid Accuracy     : 0.8213

Epoch : 24
Train Loss     : 0.1411	 | 	Train Accuracy     : 0.9541
Valid Loss     : 0.5135	 | 	Valid Accuracy     : 0.8198

Epoch : 25
Train Loss     : 0.1372	 | 	Train Accuracy     : 0.9575
Valid Loss     : 0.5114	 | 	Valid Accuracy     : 0.8208

Epoch : 26
Train Loss     : 0.1346	 | 	Train Accuracy     : 0.9574
Valid Loss     : 0.5255	 | 	Valid Accuracy     : 0.8145

Epoch : 27
Train Loss     : 0.1311	 | 	Train Accuracy     : 0.9581
Valid Loss     : 0.5071	 | 	Valid Accuracy     : 0.8193

Epoch : 28
Train Loss     : 0.1272	 | 	Train Accuracy     : 0.9626
Valid Loss     : 0.5110	 | 	Valid Accuracy     : 0.8203

Epoch : 29
Train Loss     : 0.1289	 | 	Train Accuracy     : 0.9597
Valid Loss     : 0.5227	 | 	Valid Accuracy     : 0.8179

Epoch : 30
Train Loss     : 0.1224	 | 	Train Accuracy     : 0.9633
Valid Loss     : 0.5126	 | 	Valid Accuracy     : 0.8213

Evaluate on the Test set:
Test loss      :0.7519	 | Test Accuracy      : 0.7605 | Test AUPRC      : 0.5602
tensor([0.6790, 0.8078, 0.9820, 0.6142, 0.7483, 0.8495, 0.8549, 0.6200, 0.6360,
        0.8587, 0.8125, 0.8491, 0.9343, 0.7885, 0.8382, 0.6497, 0.6820, 0.6681,
        0.6160, 0.7598, 0.7328, 0.8674, 0.9726, 1.0300, 0.8154, 0.7536, 0.8118,
        0.6302, 0.6273, 0.7363, 0.7258, 0.8350, 0.9131, 0.6816, 0.5867, 0.6554,
        0.6306, 0.8202, 0.7588, 0.6067, 0.8769, 0.8494, 0.7328, 0.7409, 0.6224,
        0.7227, 0.6644, 0.9599, 0.7191, 0.6928, 0.8688, 0.7091, 0.6604, 0.5891,
        0.6434, 0.5510, 0.8575, 0.7266, 0.7294, 0.6189, 0.8305, 0.6814],
       device='cuda:0', grad_fn=<SqueezeBackward1>)

################## Training is Done! #########################
Training time is : 0:01:39.172235
