=============================================
Dataset: SEED
Method:  TS-TCC
Mode:    fine_tune
=============================================
Data loaded ...
Subjet 5
if scale True
Training started ....

Epoch : 1
Train Loss     : 1.1710	 | 	Train Accuracy     : 0.4770
Valid Loss     : 1.2762	 | 	Valid Accuracy     : 0.4280

Epoch : 2
Train Loss     : 0.7457	 | 	Train Accuracy     : 0.6957
Valid Loss     : 1.5758	 | 	Valid Accuracy     : 0.4769

Epoch : 3
Train Loss     : 0.5335	 | 	Train Accuracy     : 0.7967
Valid Loss     : 1.7643	 | 	Valid Accuracy     : 0.4501

Epoch : 4
Train Loss     : 0.4279	 | 	Train Accuracy     : 0.8462
Valid Loss     : 1.8570	 | 	Valid Accuracy     : 0.4218

Epoch : 5
Train Loss     : 0.3343	 | 	Train Accuracy     : 0.8920
Valid Loss     : 2.2709	 | 	Valid Accuracy     : 0.4537

Epoch : 6
Train Loss     : 0.2886	 | 	Train Accuracy     : 0.9152
Valid Loss     : 2.7428	 | 	Valid Accuracy     : 0.4688

Epoch : 7
Train Loss     : 0.2528	 | 	Train Accuracy     : 0.9277
Valid Loss     : 2.8007	 | 	Valid Accuracy     : 0.4802

Epoch : 8
Train Loss     : 0.2287	 | 	Train Accuracy     : 0.9265
Valid Loss     : 3.2356	 | 	Valid Accuracy     : 0.4558

Epoch : 9
Train Loss     : 0.1874	 | 	Train Accuracy     : 0.9426
Valid Loss     : 3.8136	 | 	Valid Accuracy     : 0.4997

Epoch : 10
Train Loss     : 0.2081	 | 	Train Accuracy     : 0.9246
Valid Loss     : 3.6069	 | 	Valid Accuracy     : 0.4843

Epoch : 11
Train Loss     : 0.1610	 | 	Train Accuracy     : 0.9498
Valid Loss     : 3.8414	 | 	Valid Accuracy     : 0.4586

Epoch : 12
Train Loss     : 0.1378	 | 	Train Accuracy     : 0.9640
Valid Loss     : 4.2258	 | 	Valid Accuracy     : 0.4637

Epoch : 13
Train Loss     : 0.1190	 | 	Train Accuracy     : 0.9726
Valid Loss     : 4.3691	 | 	Valid Accuracy     : 0.4794

Epoch : 14
Train Loss     : 0.1075	 | 	Train Accuracy     : 0.9768
Valid Loss     : 4.4672	 | 	Valid Accuracy     : 0.4844

Epoch : 15
Train Loss     : 0.0996	 | 	Train Accuracy     : 0.9815
Valid Loss     : 4.4494	 | 	Valid Accuracy     : 0.4876

Epoch : 16
Train Loss     : 0.0933	 | 	Train Accuracy     : 0.9825
Valid Loss     : 4.5806	 | 	Valid Accuracy     : 0.4753

Epoch : 17
Train Loss     : 0.0939	 | 	Train Accuracy     : 0.9793
Valid Loss     : 4.5598	 | 	Valid Accuracy     : 0.4766

Epoch : 18
Train Loss     : 0.0920	 | 	Train Accuracy     : 0.9818
Valid Loss     : 4.6560	 | 	Valid Accuracy     : 0.4756

Epoch : 19
Train Loss     : 0.0876	 | 	Train Accuracy     : 0.9839
Valid Loss     : 4.6575	 | 	Valid Accuracy     : 0.4781

Epoch : 20
Train Loss     : 0.0906	 | 	Train Accuracy     : 0.9857
Valid Loss     : 4.5095	 | 	Valid Accuracy     : 0.4860

Epoch : 21
Train Loss     : 0.0832	 | 	Train Accuracy     : 0.9865
Valid Loss     : 4.6620	 | 	Valid Accuracy     : 0.4779

Epoch : 22
Train Loss     : 0.0837	 | 	Train Accuracy     : 0.9861
Valid Loss     : 4.7675	 | 	Valid Accuracy     : 0.4861

Epoch : 23
Train Loss     : 0.0821	 | 	Train Accuracy     : 0.9872
Valid Loss     : 4.7392	 | 	Valid Accuracy     : 0.4827

Epoch : 24
Train Loss     : 0.0831	 | 	Train Accuracy     : 0.9861
Valid Loss     : 4.9146	 | 	Valid Accuracy     : 0.4859

Epoch : 25
Train Loss     : 0.0751	 | 	Train Accuracy     : 0.9900
Valid Loss     : 4.9178	 | 	Valid Accuracy     : 0.4765

Epoch : 26
Train Loss     : 0.0799	 | 	Train Accuracy     : 0.9879
Valid Loss     : 4.9826	 | 	Valid Accuracy     : 0.4765

Epoch : 27
Train Loss     : 0.0729	 | 	Train Accuracy     : 0.9893
Valid Loss     : 4.9373	 | 	Valid Accuracy     : 0.4766

Epoch : 28
Train Loss     : 0.0766	 | 	Train Accuracy     : 0.9876
Valid Loss     : 4.7838	 | 	Valid Accuracy     : 0.4879

Epoch : 29
Train Loss     : 0.0735	 | 	Train Accuracy     : 0.9886
Valid Loss     : 4.8338	 | 	Valid Accuracy     : 0.4835

Epoch : 30
Train Loss     : 0.0795	 | 	Train Accuracy     : 0.9868
Valid Loss     : 4.9639	 | 	Valid Accuracy     : 0.4757

Evaluate on the Test set:
Test loss      :3.9223	 | Test Accuracy      : 0.5448 | Test AUPRC      : 0.5282
tensor([0.9076, 0.9226, 0.9787, 0.9399, 0.9203, 0.9664, 0.9237, 0.8908, 0.9230,
        0.8992, 0.8838, 0.9252, 0.9803, 0.9350, 0.9241, 0.8853, 0.9037, 0.8957,
        0.8787, 0.9211, 0.9703, 0.9430, 0.9123, 0.9679, 0.9241, 0.8984, 0.9420,
        0.8755, 0.9253, 0.8910, 0.9535, 1.0236, 1.0099, 0.9216, 0.8920, 0.9273,
        0.9301, 0.8988, 0.9099, 0.9573, 0.9747, 0.9897, 0.8877, 0.9383, 0.9311,
        0.9127, 0.9611, 0.9437, 0.9147, 0.9565, 0.9005, 0.8888, 0.8878, 0.8840,
        0.8877, 0.8897, 0.9234, 0.8872, 0.9158, 0.9559, 0.9492, 0.9043],
       device='cuda:0', grad_fn=<SqueezeBackward1>)

################## Training is Done! #########################
Training time is : 0:02:19.781477
