=============================================
Dataset: SEED
Method:  TS-TCC
Mode:    fine_tune
=============================================
Data loaded ...
Subjet 2
if scale True
Training started ....

Epoch : 1
Train Loss     : 1.0629	 | 	Train Accuracy     : 0.5143
Valid Loss     : 1.7992	 | 	Valid Accuracy     : 0.4692

Epoch : 2
Train Loss     : 0.5985	 | 	Train Accuracy     : 0.7568
Valid Loss     : 1.7043	 | 	Valid Accuracy     : 0.5479

Epoch : 3
Train Loss     : 0.4794	 | 	Train Accuracy     : 0.8130
Valid Loss     : 1.6933	 | 	Valid Accuracy     : 0.4185

Epoch : 4
Train Loss     : 0.4481	 | 	Train Accuracy     : 0.8224
Valid Loss     : 1.7028	 | 	Valid Accuracy     : 0.6016

Epoch : 5
Train Loss     : 0.3934	 | 	Train Accuracy     : 0.8516
Valid Loss     : 1.6357	 | 	Valid Accuracy     : 0.5723

Epoch : 6
Train Loss     : 0.3699	 | 	Train Accuracy     : 0.8601
Valid Loss     : 1.4559	 | 	Valid Accuracy     : 0.5430

Epoch : 7
Train Loss     : 0.3612	 | 	Train Accuracy     : 0.8711
Valid Loss     : 2.0491	 | 	Valid Accuracy     : 0.4546

Epoch : 8
Train Loss     : 0.3713	 | 	Train Accuracy     : 0.8611
Valid Loss     : 1.6602	 | 	Valid Accuracy     : 0.5669

Epoch : 9
Train Loss     : 0.3539	 | 	Train Accuracy     : 0.8619
Valid Loss     : 1.5019	 | 	Valid Accuracy     : 0.6274

Epoch : 10
Train Loss     : 0.3269	 | 	Train Accuracy     : 0.8774
Valid Loss     : 2.0640	 | 	Valid Accuracy     : 0.5073

Epoch : 11
Train Loss     : 0.3220	 | 	Train Accuracy     : 0.8833
Valid Loss     : 2.1416	 | 	Valid Accuracy     : 0.5898

Epoch : 12
Train Loss     : 0.3095	 | 	Train Accuracy     : 0.8888
Valid Loss     : 1.9792	 | 	Valid Accuracy     : 0.5830

Epoch : 13
Train Loss     : 0.2879	 | 	Train Accuracy     : 0.8945
Valid Loss     : 1.9466	 | 	Valid Accuracy     : 0.5718

Epoch : 14
Train Loss     : 0.2876	 | 	Train Accuracy     : 0.8911
Valid Loss     : 2.3937	 | 	Valid Accuracy     : 0.6001

Epoch : 15
Train Loss     : 0.2794	 | 	Train Accuracy     : 0.8978
Valid Loss     : 2.7958	 | 	Valid Accuracy     : 0.5308

Epoch : 16
Train Loss     : 0.2775	 | 	Train Accuracy     : 0.9008
Valid Loss     : 2.3824	 | 	Valid Accuracy     : 0.6040

Epoch : 17
Train Loss     : 0.2823	 | 	Train Accuracy     : 0.8991
Valid Loss     : 2.3994	 | 	Valid Accuracy     : 0.5537

Epoch : 18
Train Loss     : 0.2508	 | 	Train Accuracy     : 0.9098
Valid Loss     : 2.7637	 | 	Valid Accuracy     : 0.5654

Epoch : 19
Train Loss     : 0.2370	 | 	Train Accuracy     : 0.9186
Valid Loss     : 2.4871	 | 	Valid Accuracy     : 0.5894

Epoch : 20
Train Loss     : 0.2312	 | 	Train Accuracy     : 0.9210
Valid Loss     : 2.4840	 | 	Valid Accuracy     : 0.5796

Epoch : 21
Train Loss     : 0.2333	 | 	Train Accuracy     : 0.9214
Valid Loss     : 2.6698	 | 	Valid Accuracy     : 0.5684

Epoch : 22
Train Loss     : 0.2283	 | 	Train Accuracy     : 0.9249
Valid Loss     : 2.6414	 | 	Valid Accuracy     : 0.5840

Epoch : 23
Train Loss     : 0.2309	 | 	Train Accuracy     : 0.9181
Valid Loss     : 2.9270	 | 	Valid Accuracy     : 0.6006

Epoch : 24
Train Loss     : 0.2267	 | 	Train Accuracy     : 0.9220
Valid Loss     : 2.6634	 | 	Valid Accuracy     : 0.5942

Epoch : 25
Train Loss     : 0.2311	 | 	Train Accuracy     : 0.9212
Valid Loss     : 2.5384	 | 	Valid Accuracy     : 0.5908

Epoch : 26
Train Loss     : 0.2205	 | 	Train Accuracy     : 0.9293
Valid Loss     : 2.7244	 | 	Valid Accuracy     : 0.5894

Epoch : 27
Train Loss     : 0.2187	 | 	Train Accuracy     : 0.9263
Valid Loss     : 2.7529	 | 	Valid Accuracy     : 0.5918

Epoch : 28
Train Loss     : 0.2176	 | 	Train Accuracy     : 0.9258
Valid Loss     : 2.8369	 | 	Valid Accuracy     : 0.5898

Epoch : 29
Train Loss     : 0.2166	 | 	Train Accuracy     : 0.9275
Valid Loss     : 2.8874	 | 	Valid Accuracy     : 0.5811

Epoch : 30
Train Loss     : 0.2106	 | 	Train Accuracy     : 0.9312
Valid Loss     : 2.8629	 | 	Valid Accuracy     : 0.5889

Evaluate on the Test set:
Test loss      :1.4957	 | Test Accuracy      : 0.5914 | Test AUPRC      : 0.5024
tensor([0.7904, 0.8206, 0.9781, 0.8393, 0.8780, 0.9070, 0.9271, 0.7311, 0.7108,
        0.7089, 0.6803, 0.6695, 0.6652, 0.8507, 0.9225, 0.7883, 0.7154, 0.7341,
        0.7049, 0.8185, 0.7333, 0.7815, 0.7887, 0.9560, 0.8644, 0.7019, 0.7513,
        0.7614, 0.8126, 0.6562, 0.7275, 0.6907, 0.8842, 0.7144, 0.6607, 0.8293,
        0.7325, 0.6795, 0.7991, 0.6869, 0.8677, 0.8737, 0.9595, 0.9588, 0.8929,
        0.8548, 0.7813, 0.7111, 0.7706, 0.8678, 0.7406, 0.7347, 0.6917, 0.7686,
        0.6899, 0.6091, 0.6695, 0.8835, 0.8938, 0.7316, 0.7600, 0.7052],
       device='cuda:0', grad_fn=<SqueezeBackward1>)

################## Training is Done! #########################
Training time is : 0:01:31.615349
