=============================================
Dataset: SEED
Method:  TS-TCC
Mode:    fine_tune
=============================================
Data loaded ...
Subjet 12
if scale True
Training started ....

Epoch : 1
Train Loss     : 0.9483	 | 	Train Accuracy     : 0.5443
Valid Loss     : 1.0340	 | 	Valid Accuracy     : 0.5010

Epoch : 2
Train Loss     : 0.7410	 | 	Train Accuracy     : 0.6950
Valid Loss     : 0.9339	 | 	Valid Accuracy     : 0.5791

Epoch : 3
Train Loss     : 0.6243	 | 	Train Accuracy     : 0.7541
Valid Loss     : 0.9020	 | 	Valid Accuracy     : 0.6035

Epoch : 4
Train Loss     : 0.5416	 | 	Train Accuracy     : 0.8025
Valid Loss     : 0.8161	 | 	Valid Accuracy     : 0.6567

Epoch : 5
Train Loss     : 0.4744	 | 	Train Accuracy     : 0.8334
Valid Loss     : 0.7699	 | 	Valid Accuracy     : 0.6646

Epoch : 6
Train Loss     : 0.4315	 | 	Train Accuracy     : 0.8454
Valid Loss     : 0.7391	 | 	Valid Accuracy     : 0.6968

Epoch : 7
Train Loss     : 0.3854	 | 	Train Accuracy     : 0.8713
Valid Loss     : 0.7323	 | 	Valid Accuracy     : 0.7046

Epoch : 8
Train Loss     : 0.3469	 | 	Train Accuracy     : 0.8847
Valid Loss     : 0.7358	 | 	Valid Accuracy     : 0.6943

Epoch : 9
Train Loss     : 0.3367	 | 	Train Accuracy     : 0.8850
Valid Loss     : 0.7479	 | 	Valid Accuracy     : 0.6880

Epoch : 10
Train Loss     : 0.2987	 | 	Train Accuracy     : 0.9047
Valid Loss     : 0.7959	 | 	Valid Accuracy     : 0.7051

Epoch : 11
Train Loss     : 0.2780	 | 	Train Accuracy     : 0.9122
Valid Loss     : 0.7848	 | 	Valid Accuracy     : 0.6992

Epoch : 12
Train Loss     : 0.2617	 | 	Train Accuracy     : 0.9175
Valid Loss     : 0.8088	 | 	Valid Accuracy     : 0.7188

Epoch : 13
Train Loss     : 0.2418	 | 	Train Accuracy     : 0.9243
Valid Loss     : 0.7388	 | 	Valid Accuracy     : 0.7290

Epoch : 14
Train Loss     : 0.2249	 | 	Train Accuracy     : 0.9288
Valid Loss     : 0.7421	 | 	Valid Accuracy     : 0.7261

Epoch : 15
Train Loss     : 0.2135	 | 	Train Accuracy     : 0.9339
Valid Loss     : 0.7772	 | 	Valid Accuracy     : 0.7144

Epoch : 16
Train Loss     : 0.2145	 | 	Train Accuracy     : 0.9314
Valid Loss     : 0.7833	 | 	Valid Accuracy     : 0.7163

Epoch : 17
Train Loss     : 0.1949	 | 	Train Accuracy     : 0.9390
Valid Loss     : 0.8311	 | 	Valid Accuracy     : 0.7061

Epoch : 18
Train Loss     : 0.1889	 | 	Train Accuracy     : 0.9383
Valid Loss     : 0.8236	 | 	Valid Accuracy     : 0.7114

Epoch : 19
Train Loss     : 0.1640	 | 	Train Accuracy     : 0.9518
Valid Loss     : 0.8044	 | 	Valid Accuracy     : 0.7168

Epoch : 20
Train Loss     : 0.1662	 | 	Train Accuracy     : 0.9492
Valid Loss     : 0.8115	 | 	Valid Accuracy     : 0.7124

Epoch : 21
Train Loss     : 0.1578	 | 	Train Accuracy     : 0.9540
Valid Loss     : 0.8208	 | 	Valid Accuracy     : 0.7090

Epoch : 22
Train Loss     : 0.1581	 | 	Train Accuracy     : 0.9540
Valid Loss     : 0.8069	 | 	Valid Accuracy     : 0.7139

Epoch : 23
Train Loss     : 0.1607	 | 	Train Accuracy     : 0.9516
Valid Loss     : 0.8006	 | 	Valid Accuracy     : 0.7124

Epoch : 24
Train Loss     : 0.1543	 | 	Train Accuracy     : 0.9548
Valid Loss     : 0.8024	 | 	Valid Accuracy     : 0.7148

Epoch : 25
Train Loss     : 0.1548	 | 	Train Accuracy     : 0.9550
Valid Loss     : 0.8072	 | 	Valid Accuracy     : 0.7178

Epoch : 26
Train Loss     : 0.1481	 | 	Train Accuracy     : 0.9587
Valid Loss     : 0.8233	 | 	Valid Accuracy     : 0.7139

Epoch : 27
Train Loss     : 0.1519	 | 	Train Accuracy     : 0.9574
Valid Loss     : 0.8045	 | 	Valid Accuracy     : 0.7139

Epoch : 28
Train Loss     : 0.1513	 | 	Train Accuracy     : 0.9553
Valid Loss     : 0.8037	 | 	Valid Accuracy     : 0.7124

Epoch : 29
Train Loss     : 0.1496	 | 	Train Accuracy     : 0.9597
Valid Loss     : 0.7975	 | 	Valid Accuracy     : 0.7148

Epoch : 30
Train Loss     : 0.1470	 | 	Train Accuracy     : 0.9577
Valid Loss     : 0.8208	 | 	Valid Accuracy     : 0.7104

Evaluate on the Test set:
Test loss      :0.9966	 | Test Accuracy      : 0.6576 | Test AUPRC      : 0.4949
tensor([0.9926, 1.0305, 1.0206, 1.0054, 1.0159, 1.0175, 1.0002, 1.0060, 0.9982,
        1.0074, 0.9949, 1.0113, 1.0260, 1.0031, 1.0061, 1.0013, 1.0054, 0.9982,
        1.0069, 0.9955, 1.0098, 1.0053, 1.0001, 1.0344, 0.9997, 0.9953, 1.0187,
        1.0265, 0.9824, 0.9920, 1.0158, 1.0427, 1.0027, 0.9921, 0.9934, 0.9883,
        0.9983, 0.9937, 0.9982, 1.0118, 1.0085, 0.9795, 0.9924, 1.0192, 0.9903,
        0.9904, 1.0084, 0.9978, 1.0025, 1.0215, 1.0255, 0.9956, 0.9940, 0.9986,
        0.9802, 1.0065, 0.9930, 1.0091, 1.0188, 1.0129, 0.9953, 0.9886],
       device='cuda:0', grad_fn=<SqueezeBackward1>)

################## Training is Done! #########################
Training time is : 0:01:30.379654
