=============================================
Dataset: SEED
Method:  TS-TCC
Mode:    fine_tune
=============================================
Data loaded ...
Subjet 7
if scale False
Training started ....

Epoch : 1
Train Loss     : 1.1577	 | 	Train Accuracy     : 0.5350
Valid Loss     : 1.1009	 | 	Valid Accuracy     : 0.5293

Epoch : 2
Train Loss     : 0.5078	 | 	Train Accuracy     : 0.7928
Valid Loss     : 0.5554	 | 	Valid Accuracy     : 0.7075

Epoch : 3
Train Loss     : 0.4039	 | 	Train Accuracy     : 0.8434
Valid Loss     : 0.4617	 | 	Valid Accuracy     : 0.7969

Epoch : 4
Train Loss     : 0.3704	 | 	Train Accuracy     : 0.8517
Valid Loss     : 0.4167	 | 	Valid Accuracy     : 0.8374

Epoch : 5
Train Loss     : 0.3440	 | 	Train Accuracy     : 0.8736
Valid Loss     : 0.4199	 | 	Valid Accuracy     : 0.8384

Epoch : 6
Train Loss     : 0.3233	 | 	Train Accuracy     : 0.8794
Valid Loss     : 0.4871	 | 	Valid Accuracy     : 0.8135

Epoch : 7
Train Loss     : 0.3090	 | 	Train Accuracy     : 0.8845
Valid Loss     : 0.4207	 | 	Valid Accuracy     : 0.8193

Epoch : 8
Train Loss     : 0.2903	 | 	Train Accuracy     : 0.8905
Valid Loss     : 0.4061	 | 	Valid Accuracy     : 0.8442

Epoch : 9
Train Loss     : 0.2965	 | 	Train Accuracy     : 0.8855
Valid Loss     : 0.3883	 | 	Valid Accuracy     : 0.8511

Epoch : 10
Train Loss     : 0.2729	 | 	Train Accuracy     : 0.8996
Valid Loss     : 0.3918	 | 	Valid Accuracy     : 0.8550

Epoch : 11
Train Loss     : 0.2510	 | 	Train Accuracy     : 0.9056
Valid Loss     : 0.5414	 | 	Valid Accuracy     : 0.8022

Epoch : 12
Train Loss     : 0.2747	 | 	Train Accuracy     : 0.8942
Valid Loss     : 0.4201	 | 	Valid Accuracy     : 0.8486

Epoch : 13
Train Loss     : 0.2672	 | 	Train Accuracy     : 0.8949
Valid Loss     : 0.5179	 | 	Valid Accuracy     : 0.8203

Epoch : 14
Train Loss     : 0.2333	 | 	Train Accuracy     : 0.9146
Valid Loss     : 0.3962	 | 	Valid Accuracy     : 0.8389

Epoch : 15
Train Loss     : 0.2309	 | 	Train Accuracy     : 0.9132
Valid Loss     : 0.3574	 | 	Valid Accuracy     : 0.8569

Epoch : 16
Train Loss     : 0.2386	 | 	Train Accuracy     : 0.9096
Valid Loss     : 0.4459	 | 	Valid Accuracy     : 0.8325

Epoch : 17
Train Loss     : 0.1973	 | 	Train Accuracy     : 0.9273
Valid Loss     : 0.4088	 | 	Valid Accuracy     : 0.8481

Epoch : 18
Train Loss     : 0.1989	 | 	Train Accuracy     : 0.9275
Valid Loss     : 0.4842	 | 	Valid Accuracy     : 0.8257

Epoch : 19
Train Loss     : 0.2044	 | 	Train Accuracy     : 0.9241
Valid Loss     : 0.3463	 | 	Valid Accuracy     : 0.8657

Epoch : 20
Train Loss     : 0.2014	 | 	Train Accuracy     : 0.9280
Valid Loss     : 0.3749	 | 	Valid Accuracy     : 0.8662

Epoch : 21
Train Loss     : 0.1847	 | 	Train Accuracy     : 0.9287
Valid Loss     : 0.4806	 | 	Valid Accuracy     : 0.8223

Epoch : 22
Train Loss     : 0.1920	 | 	Train Accuracy     : 0.9293
Valid Loss     : 0.4465	 | 	Valid Accuracy     : 0.8350

Epoch : 23
Train Loss     : 0.1845	 | 	Train Accuracy     : 0.9309
Valid Loss     : 0.4670	 | 	Valid Accuracy     : 0.8423

Epoch : 24
Train Loss     : 0.1877	 | 	Train Accuracy     : 0.9309
Valid Loss     : 0.3949	 | 	Valid Accuracy     : 0.8613

Epoch : 25
Train Loss     : 0.1872	 | 	Train Accuracy     : 0.9312
Valid Loss     : 0.6127	 | 	Valid Accuracy     : 0.7886

Epoch : 26
Train Loss     : 0.1812	 | 	Train Accuracy     : 0.9341
Valid Loss     : 0.4136	 | 	Valid Accuracy     : 0.8472

Epoch : 27
Train Loss     : 0.1672	 | 	Train Accuracy     : 0.9370
Valid Loss     : 0.3819	 | 	Valid Accuracy     : 0.8516

Epoch : 28
Train Loss     : 0.1738	 | 	Train Accuracy     : 0.9344
Valid Loss     : 0.3586	 | 	Valid Accuracy     : 0.8657

Epoch : 29
Train Loss     : 0.1679	 | 	Train Accuracy     : 0.9363
Valid Loss     : 0.6095	 | 	Valid Accuracy     : 0.7983

Epoch : 30
Train Loss     : 0.1602	 | 	Train Accuracy     : 0.9423
Valid Loss     : 0.4027	 | 	Valid Accuracy     : 0.8486

Evaluate on the Test set:
Test loss      :0.7915	 | Test Accuracy      : 0.6836 | Test AUPRC      : 0.5749
tensor([1., 1., 1., 1., 1., 1., 1., 1., 1., 1., 1., 1., 1., 1., 1., 1., 1., 1.,
        1., 1., 1., 1., 1., 1., 1., 1., 1., 1., 1., 1., 1., 1., 1., 1., 1., 1.,
        1., 1., 1., 1., 1., 1., 1., 1., 1., 1., 1., 1., 1., 1., 1., 1., 1., 1.,
        1., 1., 1., 1., 1., 1., 1., 1.], device='cuda:0',
       grad_fn=<SqueezeBackward1>)

################## Training is Done! #########################
Training time is : 0:01:34.005618
