=============================================
Dataset: SEED
Method:  TS-TCC
Mode:    fine_tune
=============================================
Data loaded ...
Subjet 14
if scale False
Training started ....

Epoch : 1
Train Loss     : 0.9073	 | 	Train Accuracy     : 0.6128
Valid Loss     : 1.1601	 | 	Valid Accuracy     : 0.4897

Epoch : 2
Train Loss     : 0.5631	 | 	Train Accuracy     : 0.7906
Valid Loss     : 0.9019	 | 	Valid Accuracy     : 0.5049

Epoch : 3
Train Loss     : 0.4735	 | 	Train Accuracy     : 0.8188
Valid Loss     : 0.8985	 | 	Valid Accuracy     : 0.5732

Epoch : 4
Train Loss     : 0.4590	 | 	Train Accuracy     : 0.8268
Valid Loss     : 0.9176	 | 	Valid Accuracy     : 0.5649

Epoch : 5
Train Loss     : 0.4243	 | 	Train Accuracy     : 0.8432
Valid Loss     : 1.1217	 | 	Valid Accuracy     : 0.6123

Epoch : 6
Train Loss     : 0.4205	 | 	Train Accuracy     : 0.8446
Valid Loss     : 0.8310	 | 	Valid Accuracy     : 0.6509

Epoch : 7
Train Loss     : 0.3954	 | 	Train Accuracy     : 0.8490
Valid Loss     : 0.9454	 | 	Valid Accuracy     : 0.6191

Epoch : 8
Train Loss     : 0.3971	 | 	Train Accuracy     : 0.8466
Valid Loss     : 1.0238	 | 	Valid Accuracy     : 0.6318

Epoch : 9
Train Loss     : 0.3810	 | 	Train Accuracy     : 0.8556
Valid Loss     : 1.0581	 | 	Valid Accuracy     : 0.5957

Epoch : 10
Train Loss     : 0.3833	 | 	Train Accuracy     : 0.8553
Valid Loss     : 0.9018	 | 	Valid Accuracy     : 0.6631

Epoch : 11
Train Loss     : 0.3741	 | 	Train Accuracy     : 0.8607
Valid Loss     : 1.1224	 | 	Valid Accuracy     : 0.6089

Epoch : 12
Train Loss     : 0.3911	 | 	Train Accuracy     : 0.8490
Valid Loss     : 0.9167	 | 	Valid Accuracy     : 0.6484

Epoch : 13
Train Loss     : 0.3642	 | 	Train Accuracy     : 0.8609
Valid Loss     : 1.0449	 | 	Valid Accuracy     : 0.6289

Epoch : 14
Train Loss     : 0.3572	 | 	Train Accuracy     : 0.8670
Valid Loss     : 1.0488	 | 	Valid Accuracy     : 0.6289

Epoch : 15
Train Loss     : 0.3356	 | 	Train Accuracy     : 0.8742
Valid Loss     : 0.9562	 | 	Valid Accuracy     : 0.6523

Epoch : 16
Train Loss     : 0.3189	 | 	Train Accuracy     : 0.8767
Valid Loss     : 0.9663	 | 	Valid Accuracy     : 0.6201

Epoch : 17
Train Loss     : 0.3194	 | 	Train Accuracy     : 0.8770
Valid Loss     : 1.1553	 | 	Valid Accuracy     : 0.6631

Epoch : 18
Train Loss     : 0.2864	 | 	Train Accuracy     : 0.8944
Valid Loss     : 1.0507	 | 	Valid Accuracy     : 0.6704

Epoch : 19
Train Loss     : 0.2657	 | 	Train Accuracy     : 0.8981
Valid Loss     : 1.0210	 | 	Valid Accuracy     : 0.6753

Epoch : 20
Train Loss     : 0.2649	 | 	Train Accuracy     : 0.8959
Valid Loss     : 1.0468	 | 	Valid Accuracy     : 0.6729

Epoch : 21
Train Loss     : 0.2636	 | 	Train Accuracy     : 0.9027
Valid Loss     : 1.0519	 | 	Valid Accuracy     : 0.6729

Epoch : 22
Train Loss     : 0.2534	 | 	Train Accuracy     : 0.9020
Valid Loss     : 1.0425	 | 	Valid Accuracy     : 0.6675

Epoch : 23
Train Loss     : 0.2568	 | 	Train Accuracy     : 0.8969
Valid Loss     : 1.0428	 | 	Valid Accuracy     : 0.6714

Epoch : 24
Train Loss     : 0.2561	 | 	Train Accuracy     : 0.9012
Valid Loss     : 1.0654	 | 	Valid Accuracy     : 0.6694

Epoch : 25
Train Loss     : 0.2479	 | 	Train Accuracy     : 0.9079
Valid Loss     : 1.0967	 | 	Valid Accuracy     : 0.6611

Epoch : 26
Train Loss     : 0.2427	 | 	Train Accuracy     : 0.9049
Valid Loss     : 1.0738	 | 	Valid Accuracy     : 0.6719

Epoch : 27
Train Loss     : 0.2355	 | 	Train Accuracy     : 0.9093
Valid Loss     : 1.0785	 | 	Valid Accuracy     : 0.6738

Epoch : 28
Train Loss     : 0.2389	 | 	Train Accuracy     : 0.9047
Valid Loss     : 1.0637	 | 	Valid Accuracy     : 0.6714

Epoch : 29
Train Loss     : 0.2275	 | 	Train Accuracy     : 0.9137
Valid Loss     : 1.0772	 | 	Valid Accuracy     : 0.6758

Epoch : 30
Train Loss     : 0.2300	 | 	Train Accuracy     : 0.9130
Valid Loss     : 1.0914	 | 	Valid Accuracy     : 0.6689

Evaluate on the Test set:
Test loss      :0.7337	 | Test Accuracy      : 0.7361 | Test AUPRC      : 0.6056
tensor([1., 1., 1., 1., 1., 1., 1., 1., 1., 1., 1., 1., 1., 1., 1., 1., 1., 1.,
        1., 1., 1., 1., 1., 1., 1., 1., 1., 1., 1., 1., 1., 1., 1., 1., 1., 1.,
        1., 1., 1., 1., 1., 1., 1., 1., 1., 1., 1., 1., 1., 1., 1., 1., 1., 1.,
        1., 1., 1., 1., 1., 1., 1., 1.], device='cuda:0',
       grad_fn=<SqueezeBackward1>)

################## Training is Done! #########################
Training time is : 0:01:31.584624
