=============================================
Dataset: SEED
Method:  TS-TCC
Mode:    fine_tune
=============================================
Data loaded ...
Subjet 4
if scale True
Training started ....

Epoch : 1
Train Loss     : 1.0654	 | 	Train Accuracy     : 0.5161
Valid Loss     : 0.9258	 | 	Valid Accuracy     : 0.4868

Epoch : 2
Train Loss     : 0.6579	 | 	Train Accuracy     : 0.7390
Valid Loss     : 0.8210	 | 	Valid Accuracy     : 0.5742

Epoch : 3
Train Loss     : 0.5565	 | 	Train Accuracy     : 0.7823
Valid Loss     : 0.7498	 | 	Valid Accuracy     : 0.6787

Epoch : 4
Train Loss     : 0.5282	 | 	Train Accuracy     : 0.7930
Valid Loss     : 0.8127	 | 	Valid Accuracy     : 0.6450

Epoch : 5
Train Loss     : 0.4844	 | 	Train Accuracy     : 0.8096
Valid Loss     : 0.7218	 | 	Valid Accuracy     : 0.6919

Epoch : 6
Train Loss     : 0.4652	 | 	Train Accuracy     : 0.8179
Valid Loss     : 0.8576	 | 	Valid Accuracy     : 0.6807

Epoch : 7
Train Loss     : 0.4346	 | 	Train Accuracy     : 0.8381
Valid Loss     : 0.7484	 | 	Valid Accuracy     : 0.7021

Epoch : 8
Train Loss     : 0.4297	 | 	Train Accuracy     : 0.8387
Valid Loss     : 0.8479	 | 	Valid Accuracy     : 0.6826

Epoch : 9
Train Loss     : 0.4232	 | 	Train Accuracy     : 0.8393
Valid Loss     : 0.9209	 | 	Valid Accuracy     : 0.6719

Epoch : 10
Train Loss     : 0.3755	 | 	Train Accuracy     : 0.8599
Valid Loss     : 0.8698	 | 	Valid Accuracy     : 0.6899

Epoch : 11
Train Loss     : 0.3800	 | 	Train Accuracy     : 0.8595
Valid Loss     : 0.9001	 | 	Valid Accuracy     : 0.6851

Epoch : 12
Train Loss     : 0.3754	 | 	Train Accuracy     : 0.8587
Valid Loss     : 0.8892	 | 	Valid Accuracy     : 0.6943

Epoch : 13
Train Loss     : 0.3810	 | 	Train Accuracy     : 0.8560
Valid Loss     : 0.7971	 | 	Valid Accuracy     : 0.6929

Epoch : 14
Train Loss     : 0.3522	 | 	Train Accuracy     : 0.8740
Valid Loss     : 1.0074	 | 	Valid Accuracy     : 0.6899

Epoch : 15
Train Loss     : 0.3460	 | 	Train Accuracy     : 0.8745
Valid Loss     : 0.7966	 | 	Valid Accuracy     : 0.7065

Epoch : 16
Train Loss     : 0.3429	 | 	Train Accuracy     : 0.8709
Valid Loss     : 0.8692	 | 	Valid Accuracy     : 0.6953

Epoch : 17
Train Loss     : 0.2975	 | 	Train Accuracy     : 0.8949
Valid Loss     : 0.8008	 | 	Valid Accuracy     : 0.7012

Epoch : 18
Train Loss     : 0.2816	 | 	Train Accuracy     : 0.9035
Valid Loss     : 0.8454	 | 	Valid Accuracy     : 0.7017

Epoch : 19
Train Loss     : 0.2787	 | 	Train Accuracy     : 0.9010
Valid Loss     : 0.8655	 | 	Valid Accuracy     : 0.6943

Epoch : 20
Train Loss     : 0.2770	 | 	Train Accuracy     : 0.9005
Valid Loss     : 0.8656	 | 	Valid Accuracy     : 0.6992

Epoch : 21
Train Loss     : 0.2749	 | 	Train Accuracy     : 0.9113
Valid Loss     : 0.8453	 | 	Valid Accuracy     : 0.7012

Epoch : 22
Train Loss     : 0.2698	 | 	Train Accuracy     : 0.9076
Valid Loss     : 0.8597	 | 	Valid Accuracy     : 0.6997

Epoch : 23
Train Loss     : 0.2743	 | 	Train Accuracy     : 0.9066
Valid Loss     : 0.8813	 | 	Valid Accuracy     : 0.6953

Epoch : 24
Train Loss     : 0.2639	 | 	Train Accuracy     : 0.9112
Valid Loss     : 0.8725	 | 	Valid Accuracy     : 0.7002

Epoch : 25
Train Loss     : 0.2637	 | 	Train Accuracy     : 0.9115
Valid Loss     : 0.8531	 | 	Valid Accuracy     : 0.7007

Epoch : 26
Train Loss     : 0.2592	 | 	Train Accuracy     : 0.9093
Valid Loss     : 0.8658	 | 	Valid Accuracy     : 0.7017

Epoch : 27
Train Loss     : 0.2574	 | 	Train Accuracy     : 0.9129
Valid Loss     : 0.8372	 | 	Valid Accuracy     : 0.7134

Epoch : 28
Train Loss     : 0.2571	 | 	Train Accuracy     : 0.9136
Valid Loss     : 0.8423	 | 	Valid Accuracy     : 0.7124

Epoch : 29
Train Loss     : 0.2549	 | 	Train Accuracy     : 0.9112
Valid Loss     : 0.8395	 | 	Valid Accuracy     : 0.7085

Epoch : 30
Train Loss     : 0.2466	 | 	Train Accuracy     : 0.9207
Valid Loss     : 0.8374	 | 	Valid Accuracy     : 0.7109

Evaluate on the Test set:
Test loss      :0.7553	 | Test Accuracy      : 0.7128 | Test AUPRC      : 0.5734
tensor([0.8288, 0.9042, 0.9462, 0.7647, 0.7058, 0.9575, 0.8040, 0.7092, 0.7207,
        0.6904, 0.7260, 0.7086, 0.8668, 0.9623, 0.7668, 0.6858, 0.8193, 0.8104,
        0.7010, 0.8020, 0.7387, 0.6770, 0.8339, 1.0158, 0.9344, 0.8751, 0.8109,
        0.7258, 0.6728, 0.7283, 0.7291, 1.0416, 0.9221, 0.7444, 0.6536, 0.7244,
        0.8316, 0.6838, 0.6858, 0.7118, 0.8383, 0.8189, 0.8730, 0.7189, 0.7107,
        0.8259, 0.8003, 0.6952, 0.7898, 0.6583, 0.7012, 0.7544, 0.6714, 0.6431,
        0.7561, 0.9384, 0.7595, 0.7177, 0.7123, 0.7149, 0.8107, 0.7612],
       device='cuda:0', grad_fn=<SqueezeBackward1>)

################## Training is Done! #########################
Training time is : 0:01:37.185555
