=============================================
Dataset: SEED
Method:  TS-TCC
Mode:    fine_tune
=============================================
Data loaded ...
Subjet 5
if scale True
Training started ....

Epoch : 1
Train Loss     : 1.0878	 | 	Train Accuracy     : 0.5642
Valid Loss     : 1.5049	 | 	Valid Accuracy     : 0.3170

Epoch : 2
Train Loss     : 0.6116	 | 	Train Accuracy     : 0.6979
Valid Loss     : 2.0326	 | 	Valid Accuracy     : 0.3346

Epoch : 3
Train Loss     : 0.4639	 | 	Train Accuracy     : 0.8197
Valid Loss     : 2.1803	 | 	Valid Accuracy     : 0.3258

Epoch : 4
Train Loss     : 0.4292	 | 	Train Accuracy     : 0.8151
Valid Loss     : 2.6896	 | 	Valid Accuracy     : 0.3654

Epoch : 5
Train Loss     : 0.3184	 | 	Train Accuracy     : 0.8713
Valid Loss     : 2.5251	 | 	Valid Accuracy     : 0.3662

Epoch : 6
Train Loss     : 0.3730	 | 	Train Accuracy     : 0.8739
Valid Loss     : 3.0910	 | 	Valid Accuracy     : 0.4011

Epoch : 7
Train Loss     : 0.3102	 | 	Train Accuracy     : 0.8882
Valid Loss     : 3.5871	 | 	Valid Accuracy     : 0.4036

Epoch : 8
Train Loss     : 0.2229	 | 	Train Accuracy     : 0.9355
Valid Loss     : 3.8988	 | 	Valid Accuracy     : 0.3703

Epoch : 9
Train Loss     : 0.2228	 | 	Train Accuracy     : 0.9275
Valid Loss     : 3.9017	 | 	Valid Accuracy     : 0.3691

Epoch : 10
Train Loss     : 0.2592	 | 	Train Accuracy     : 0.9076
Valid Loss     : 4.2905	 | 	Valid Accuracy     : 0.3595

Epoch : 11
Train Loss     : 0.1649	 | 	Train Accuracy     : 0.9492
Valid Loss     : 5.2352	 | 	Valid Accuracy     : 0.3690

Epoch : 12
Train Loss     : 0.1640	 | 	Train Accuracy     : 0.9577
Valid Loss     : 5.5338	 | 	Valid Accuracy     : 0.3916

Epoch : 13
Train Loss     : 0.1533	 | 	Train Accuracy     : 0.9616
Valid Loss     : 5.0901	 | 	Valid Accuracy     : 0.3873

Epoch : 14
Train Loss     : 0.1735	 | 	Train Accuracy     : 0.9646
Valid Loss     : 4.7355	 | 	Valid Accuracy     : 0.3790

Epoch : 15
Train Loss     : 0.1394	 | 	Train Accuracy     : 0.9601
Valid Loss     : 4.5861	 | 	Valid Accuracy     : 0.3795

Epoch : 16
Train Loss     : 0.1308	 | 	Train Accuracy     : 0.9746
Valid Loss     : 4.7759	 | 	Valid Accuracy     : 0.3801

Epoch : 17
Train Loss     : 0.1332	 | 	Train Accuracy     : 0.9805
Valid Loss     : 4.5983	 | 	Valid Accuracy     : 0.3702

Epoch : 18
Train Loss     : 0.1225	 | 	Train Accuracy     : 0.9785
Valid Loss     : 4.5516	 | 	Valid Accuracy     : 0.3737

Epoch : 19
Train Loss     : 0.1078	 | 	Train Accuracy     : 0.9831
Valid Loss     : 4.4457	 | 	Valid Accuracy     : 0.3829

Epoch : 20
Train Loss     : 0.0996	 | 	Train Accuracy     : 0.9837
Valid Loss     : 4.3836	 | 	Valid Accuracy     : 0.3869

Epoch : 21
Train Loss     : 0.1032	 | 	Train Accuracy     : 0.9850
Valid Loss     : 4.4910	 | 	Valid Accuracy     : 0.3718

Epoch : 22
Train Loss     : 0.1639	 | 	Train Accuracy     : 0.9579
Valid Loss     : 4.4683	 | 	Valid Accuracy     : 0.3768

Epoch : 23
Train Loss     : 0.1196	 | 	Train Accuracy     : 0.9705
Valid Loss     : 4.3847	 | 	Valid Accuracy     : 0.3768

Epoch : 24
Train Loss     : 0.1242	 | 	Train Accuracy     : 0.9737
Valid Loss     : 4.4767	 | 	Valid Accuracy     : 0.3846

Epoch : 25
Train Loss     : 0.1590	 | 	Train Accuracy     : 0.9572
Valid Loss     : 4.6075	 | 	Valid Accuracy     : 0.3837

Epoch : 26
Train Loss     : 0.1024	 | 	Train Accuracy     : 0.9876
Valid Loss     : 4.9578	 | 	Valid Accuracy     : 0.3841

Epoch : 27
Train Loss     : 0.1224	 | 	Train Accuracy     : 0.9857
Valid Loss     : 4.7978	 | 	Valid Accuracy     : 0.3776

Epoch : 28
Train Loss     : 0.1519	 | 	Train Accuracy     : 0.9612
Valid Loss     : 4.7499	 | 	Valid Accuracy     : 0.3967

Epoch : 29
Train Loss     : 0.1187	 | 	Train Accuracy     : 0.9857
Valid Loss     : 4.7383	 | 	Valid Accuracy     : 0.3939

Epoch : 30
Train Loss     : 0.1432	 | 	Train Accuracy     : 0.9559
Valid Loss     : 4.6959	 | 	Valid Accuracy     : 0.3817

Evaluate on the Test set:
Test loss      :3.2202	 | Test Accuracy      : 0.4127 | Test AUPRC      : 0.4508
tensor([0.9490, 0.9646, 0.9529, 0.9456, 0.9531, 0.9973, 0.9773, 0.9433, 0.9399,
        0.9401, 0.9414, 0.9449, 0.9972, 0.9393, 0.9694, 0.9330, 0.9432, 0.9497,
        0.9389, 0.9508, 0.9756, 0.9819, 0.9679, 0.9743, 0.9782, 0.9486, 0.9415,
        0.9352, 0.9517, 0.9364, 0.9832, 1.0289, 0.9896, 0.9443, 0.9433, 0.9678,
        0.9435, 0.9542, 0.9505, 0.9500, 0.9881, 0.9495, 0.9390, 0.9565, 0.9648,
        0.9519, 0.9398, 0.9831, 0.9883, 0.9582, 0.9494, 0.9366, 0.9510, 0.9374,
        0.9452, 0.9430, 0.9522, 0.9516, 0.9414, 0.9611, 0.9544, 0.9449],
       device='cuda:0', grad_fn=<SqueezeBackward1>)

################## Training is Done! #########################
Training time is : 0:00:52.893051
