=============================================
Dataset: SEED
Method:  TS-TCC
Mode:    fine_tune
=============================================
Data loaded ...
Subjet 9
if scale True
Training started ....

Epoch : 1
Train Loss     : 0.9132	 | 	Train Accuracy     : 0.6003
Valid Loss     : 0.7068	 | 	Valid Accuracy     : 0.6247

Epoch : 2
Train Loss     : 0.5208	 | 	Train Accuracy     : 0.7971
Valid Loss     : 0.6157	 | 	Valid Accuracy     : 0.6901

Epoch : 3
Train Loss     : 0.3958	 | 	Train Accuracy     : 0.8506
Valid Loss     : 0.5872	 | 	Valid Accuracy     : 0.7247

Epoch : 4
Train Loss     : 0.3432	 | 	Train Accuracy     : 0.8728
Valid Loss     : 0.5587	 | 	Valid Accuracy     : 0.7696

Epoch : 5
Train Loss     : 0.3153	 | 	Train Accuracy     : 0.8804
Valid Loss     : 0.5952	 | 	Valid Accuracy     : 0.7544

Epoch : 6
Train Loss     : 0.2934	 | 	Train Accuracy     : 0.8922
Valid Loss     : 0.5886	 | 	Valid Accuracy     : 0.7870

Epoch : 7
Train Loss     : 0.2927	 | 	Train Accuracy     : 0.8898
Valid Loss     : 0.5517	 | 	Valid Accuracy     : 0.7699

Epoch : 8
Train Loss     : 0.2611	 | 	Train Accuracy     : 0.9014
Valid Loss     : 0.5772	 | 	Valid Accuracy     : 0.7769

Epoch : 9
Train Loss     : 0.2491	 | 	Train Accuracy     : 0.9072
Valid Loss     : 0.6000	 | 	Valid Accuracy     : 0.7743

Epoch : 10
Train Loss     : 0.2509	 | 	Train Accuracy     : 0.9088
Valid Loss     : 0.6557	 | 	Valid Accuracy     : 0.7533

Epoch : 11
Train Loss     : 0.2325	 | 	Train Accuracy     : 0.9135
Valid Loss     : 0.5062	 | 	Valid Accuracy     : 0.8085

Epoch : 12
Train Loss     : 0.2224	 | 	Train Accuracy     : 0.9164
Valid Loss     : 0.6139	 | 	Valid Accuracy     : 0.7719

Epoch : 13
Train Loss     : 0.2378	 | 	Train Accuracy     : 0.9151
Valid Loss     : 0.5147	 | 	Valid Accuracy     : 0.8048

Epoch : 14
Train Loss     : 0.2225	 | 	Train Accuracy     : 0.9188
Valid Loss     : 0.4968	 | 	Valid Accuracy     : 0.8241

Epoch : 15
Train Loss     : 0.2040	 | 	Train Accuracy     : 0.9293
Valid Loss     : 0.5344	 | 	Valid Accuracy     : 0.7959

Epoch : 16
Train Loss     : 0.1991	 | 	Train Accuracy     : 0.9273
Valid Loss     : 0.5506	 | 	Valid Accuracy     : 0.7978

Epoch : 17
Train Loss     : 0.1948	 | 	Train Accuracy     : 0.9292
Valid Loss     : 0.5494	 | 	Valid Accuracy     : 0.7967

Epoch : 18
Train Loss     : 0.1969	 | 	Train Accuracy     : 0.9333
Valid Loss     : 0.5320	 | 	Valid Accuracy     : 0.8081

Epoch : 19
Train Loss     : 0.2071	 | 	Train Accuracy     : 0.9249
Valid Loss     : 0.6773	 | 	Valid Accuracy     : 0.7634

Epoch : 20
Train Loss     : 0.1878	 | 	Train Accuracy     : 0.9345
Valid Loss     : 0.6496	 | 	Valid Accuracy     : 0.7668

Epoch : 21
Train Loss     : 0.1804	 | 	Train Accuracy     : 0.9370
Valid Loss     : 0.5484	 | 	Valid Accuracy     : 0.7954

Epoch : 22
Train Loss     : 0.1883	 | 	Train Accuracy     : 0.9326
Valid Loss     : 0.5655	 | 	Valid Accuracy     : 0.7974

Epoch : 23
Train Loss     : 0.1745	 | 	Train Accuracy     : 0.9380
Valid Loss     : 0.5558	 | 	Valid Accuracy     : 0.8093

Epoch : 24
Train Loss     : 0.1735	 | 	Train Accuracy     : 0.9343
Valid Loss     : 0.5861	 | 	Valid Accuracy     : 0.7915

Epoch : 25
Train Loss     : 0.1643	 | 	Train Accuracy     : 0.9424
Valid Loss     : 0.5670	 | 	Valid Accuracy     : 0.8066

Epoch : 26
Train Loss     : 0.1454	 | 	Train Accuracy     : 0.9532
Valid Loss     : 0.5538	 | 	Valid Accuracy     : 0.8115

Epoch : 27
Train Loss     : 0.1335	 | 	Train Accuracy     : 0.9579
Valid Loss     : 0.5496	 | 	Valid Accuracy     : 0.8088

Epoch : 28
Train Loss     : 0.1260	 | 	Train Accuracy     : 0.9601
Valid Loss     : 0.5550	 | 	Valid Accuracy     : 0.8139

Epoch : 29
Train Loss     : 0.1265	 | 	Train Accuracy     : 0.9597
Valid Loss     : 0.5889	 | 	Valid Accuracy     : 0.8070

Epoch : 30
Train Loss     : 0.1259	 | 	Train Accuracy     : 0.9614
Valid Loss     : 0.5844	 | 	Valid Accuracy     : 0.8048

Evaluate on the Test set:
Test loss      :0.8189	 | Test Accuracy      : 0.7426 | Test AUPRC      : 0.7556
tensor([0.5583, 0.7264, 0.9660, 0.5667, 0.6851, 0.8270, 0.8275, 0.5353, 0.5351,
        0.8373, 0.7369, 0.8434, 0.9105, 0.7451, 0.8097, 0.4758, 0.5978, 0.6333,
        0.4990, 0.6923, 0.6358, 0.8475, 0.9577, 1.0227, 0.7718, 0.7149, 0.7531,
        0.5089, 0.5192, 0.6759, 0.6653, 0.8313, 0.8872, 0.6309, 0.4743, 0.5792,
        0.5557, 0.7647, 0.6839, 0.5233, 0.8698, 0.8316, 0.6719, 0.6796, 0.5352,
        0.6874, 0.5889, 0.9394, 0.5883, 0.5973, 0.8532, 0.6862, 0.6095, 0.5071,
        0.5664, 0.4411, 0.8212, 0.6507, 0.6631, 0.5538, 0.8091, 0.5919],
       device='cuda:0', grad_fn=<SqueezeBackward1>)

################## Training is Done! #########################
Training time is : 0:02:54.297234
