=============================================
Dataset: SEED
Method:  TS-TCC
Mode:    fine_tune
=============================================
Data loaded ...
Subjet 6
if scale False
Training started ....

Epoch : 1
Train Loss     : 0.9474	 | 	Train Accuracy     : 0.5628
Valid Loss     : 1.0407	 | 	Valid Accuracy     : 0.5190

Epoch : 2
Train Loss     : 0.5484	 | 	Train Accuracy     : 0.7486
Valid Loss     : 0.5666	 | 	Valid Accuracy     : 0.7310

Epoch : 3
Train Loss     : 0.4334	 | 	Train Accuracy     : 0.8354
Valid Loss     : 0.6004	 | 	Valid Accuracy     : 0.7373

Epoch : 4
Train Loss     : 0.3711	 | 	Train Accuracy     : 0.8663
Valid Loss     : 0.6589	 | 	Valid Accuracy     : 0.7520

Epoch : 5
Train Loss     : 0.3299	 | 	Train Accuracy     : 0.8794
Valid Loss     : 0.5872	 | 	Valid Accuracy     : 0.7944

Epoch : 6
Train Loss     : 0.3253	 | 	Train Accuracy     : 0.8753
Valid Loss     : 0.6420	 | 	Valid Accuracy     : 0.7881

Epoch : 7
Train Loss     : 0.3257	 | 	Train Accuracy     : 0.8772
Valid Loss     : 0.6571	 | 	Valid Accuracy     : 0.7842

Epoch : 8
Train Loss     : 0.3393	 | 	Train Accuracy     : 0.8674
Valid Loss     : 0.6293	 | 	Valid Accuracy     : 0.7925

Epoch : 9
Train Loss     : 0.3059	 | 	Train Accuracy     : 0.8872
Valid Loss     : 0.6588	 | 	Valid Accuracy     : 0.7944

Epoch : 10
Train Loss     : 0.2714	 | 	Train Accuracy     : 0.9029
Valid Loss     : 0.6862	 | 	Valid Accuracy     : 0.8008

Epoch : 11
Train Loss     : 0.2667	 | 	Train Accuracy     : 0.9020
Valid Loss     : 0.7775	 | 	Valid Accuracy     : 0.7705

Epoch : 12
Train Loss     : 0.2660	 | 	Train Accuracy     : 0.9025
Valid Loss     : 0.7666	 | 	Valid Accuracy     : 0.7632

Epoch : 13
Train Loss     : 0.2717	 | 	Train Accuracy     : 0.8981
Valid Loss     : 0.8994	 | 	Valid Accuracy     : 0.7715

Epoch : 14
Train Loss     : 0.2162	 | 	Train Accuracy     : 0.9222
Valid Loss     : 0.7499	 | 	Valid Accuracy     : 0.7979

Epoch : 15
Train Loss     : 0.2011	 | 	Train Accuracy     : 0.9283
Valid Loss     : 0.7248	 | 	Valid Accuracy     : 0.8008

Epoch : 16
Train Loss     : 0.1973	 | 	Train Accuracy     : 0.9343
Valid Loss     : 0.7198	 | 	Valid Accuracy     : 0.7993

Epoch : 17
Train Loss     : 0.1894	 | 	Train Accuracy     : 0.9346
Valid Loss     : 0.7415	 | 	Valid Accuracy     : 0.8062

Epoch : 18
Train Loss     : 0.1910	 | 	Train Accuracy     : 0.9350
Valid Loss     : 0.7135	 | 	Valid Accuracy     : 0.8105

Epoch : 19
Train Loss     : 0.1902	 | 	Train Accuracy     : 0.9368
Valid Loss     : 0.7065	 | 	Valid Accuracy     : 0.8066

Epoch : 20
Train Loss     : 0.1847	 | 	Train Accuracy     : 0.9375
Valid Loss     : 0.7498	 | 	Valid Accuracy     : 0.8110

Epoch : 21
Train Loss     : 0.1850	 | 	Train Accuracy     : 0.9363
Valid Loss     : 0.7499	 | 	Valid Accuracy     : 0.8042

Epoch : 22
Train Loss     : 0.1804	 | 	Train Accuracy     : 0.9407
Valid Loss     : 0.7842	 | 	Valid Accuracy     : 0.8047

Epoch : 23
Train Loss     : 0.1787	 | 	Train Accuracy     : 0.9385
Valid Loss     : 0.8181	 | 	Valid Accuracy     : 0.7861

Epoch : 24
Train Loss     : 0.1726	 | 	Train Accuracy     : 0.9409
Valid Loss     : 0.7640	 | 	Valid Accuracy     : 0.8027

Epoch : 25
Train Loss     : 0.1643	 | 	Train Accuracy     : 0.9455
Valid Loss     : 0.7639	 | 	Valid Accuracy     : 0.8071

Epoch : 26
Train Loss     : 0.1648	 | 	Train Accuracy     : 0.9474
Valid Loss     : 0.7842	 | 	Valid Accuracy     : 0.8042

Epoch : 27
Train Loss     : 0.1637	 | 	Train Accuracy     : 0.9477
Valid Loss     : 0.7726	 | 	Valid Accuracy     : 0.8057

Epoch : 28
Train Loss     : 0.1639	 | 	Train Accuracy     : 0.9472
Valid Loss     : 0.7646	 | 	Valid Accuracy     : 0.8032

Epoch : 29
Train Loss     : 0.1650	 | 	Train Accuracy     : 0.9462
Valid Loss     : 0.7482	 | 	Valid Accuracy     : 0.8105

Epoch : 30
Train Loss     : 0.1602	 | 	Train Accuracy     : 0.9480
Valid Loss     : 0.7753	 | 	Valid Accuracy     : 0.8081

Evaluate on the Test set:
Test loss      :0.9962	 | Test Accuracy      : 0.7170 | Test AUPRC      : 0.5450
tensor([1., 1., 1., 1., 1., 1., 1., 1., 1., 1., 1., 1., 1., 1., 1., 1., 1., 1.,
        1., 1., 1., 1., 1., 1., 1., 1., 1., 1., 1., 1., 1., 1., 1., 1., 1., 1.,
        1., 1., 1., 1., 1., 1., 1., 1., 1., 1., 1., 1., 1., 1., 1., 1., 1., 1.,
        1., 1., 1., 1., 1., 1., 1., 1.], device='cuda:0',
       grad_fn=<SqueezeBackward1>)

################## Training is Done! #########################
Training time is : 0:01:31.970396
