=============================================
Dataset: SEED
Method:  TS-TCC
Mode:    supervised
=============================================
Data loaded ...
Subjet 6
if scale False
Training started ....

Epoch : 1
Train Loss     : 0.9355	 | 	Train Accuracy     : 0.5664
Valid Loss     : 0.7400	 | 	Valid Accuracy     : 0.6709

Epoch : 2
Train Loss     : 0.5622	 | 	Train Accuracy     : 0.7425
Valid Loss     : 0.6877	 | 	Valid Accuracy     : 0.7188

Epoch : 3
Train Loss     : 0.4905	 | 	Train Accuracy     : 0.7804
Valid Loss     : 0.6246	 | 	Valid Accuracy     : 0.7451

Epoch : 4
Train Loss     : 0.4175	 | 	Train Accuracy     : 0.8344
Valid Loss     : 0.5730	 | 	Valid Accuracy     : 0.8057

Epoch : 5
Train Loss     : 0.3730	 | 	Train Accuracy     : 0.8512
Valid Loss     : 0.5895	 | 	Valid Accuracy     : 0.7876

Epoch : 6
Train Loss     : 0.3438	 | 	Train Accuracy     : 0.8624
Valid Loss     : 0.5865	 | 	Valid Accuracy     : 0.8018

Epoch : 7
Train Loss     : 0.3167	 | 	Train Accuracy     : 0.8791
Valid Loss     : 0.6335	 | 	Valid Accuracy     : 0.7993

Epoch : 8
Train Loss     : 0.3024	 | 	Train Accuracy     : 0.8799
Valid Loss     : 0.6244	 | 	Valid Accuracy     : 0.7993

Epoch : 9
Train Loss     : 0.2746	 | 	Train Accuracy     : 0.8942
Valid Loss     : 0.6589	 | 	Valid Accuracy     : 0.8315

Epoch : 10
Train Loss     : 0.2742	 | 	Train Accuracy     : 0.8957
Valid Loss     : 0.5830	 | 	Valid Accuracy     : 0.8174

Epoch : 11
Train Loss     : 0.2396	 | 	Train Accuracy     : 0.9081
Valid Loss     : 0.5755	 | 	Valid Accuracy     : 0.8413

Epoch : 12
Train Loss     : 0.2319	 | 	Train Accuracy     : 0.9108
Valid Loss     : 0.7955	 | 	Valid Accuracy     : 0.7798

Epoch : 13
Train Loss     : 0.2429	 | 	Train Accuracy     : 0.9057
Valid Loss     : 0.8614	 | 	Valid Accuracy     : 0.7642

Epoch : 14
Train Loss     : 0.2262	 | 	Train Accuracy     : 0.9180
Valid Loss     : 0.7114	 | 	Valid Accuracy     : 0.8042

Epoch : 15
Train Loss     : 0.2100	 | 	Train Accuracy     : 0.9214
Valid Loss     : 0.7239	 | 	Valid Accuracy     : 0.8169

Epoch : 16
Train Loss     : 0.1694	 | 	Train Accuracy     : 0.9409
Valid Loss     : 0.8834	 | 	Valid Accuracy     : 0.7832

Epoch : 17
Train Loss     : 0.1615	 | 	Train Accuracy     : 0.9470
Valid Loss     : 0.8591	 | 	Valid Accuracy     : 0.7915

Epoch : 18
Train Loss     : 0.1600	 | 	Train Accuracy     : 0.9458
Valid Loss     : 0.8658	 | 	Valid Accuracy     : 0.7905

Epoch : 19
Train Loss     : 0.1536	 | 	Train Accuracy     : 0.9501
Valid Loss     : 0.8988	 | 	Valid Accuracy     : 0.7886

Epoch : 20
Train Loss     : 0.1549	 | 	Train Accuracy     : 0.9477
Valid Loss     : 0.8879	 | 	Valid Accuracy     : 0.8003

Epoch : 21
Train Loss     : 0.1520	 | 	Train Accuracy     : 0.9501
Valid Loss     : 0.9066	 | 	Valid Accuracy     : 0.7915

Epoch : 22
Train Loss     : 0.1470	 | 	Train Accuracy     : 0.9511
Valid Loss     : 0.9634	 | 	Valid Accuracy     : 0.7842

Epoch : 23
Train Loss     : 0.1453	 | 	Train Accuracy     : 0.9514
Valid Loss     : 0.9435	 | 	Valid Accuracy     : 0.7866

Epoch : 24
Train Loss     : 0.1457	 | 	Train Accuracy     : 0.9524
Valid Loss     : 0.9013	 | 	Valid Accuracy     : 0.7944

Epoch : 25
Train Loss     : 0.1397	 | 	Train Accuracy     : 0.9526
Valid Loss     : 0.9386	 | 	Valid Accuracy     : 0.7925

Epoch : 26
Train Loss     : 0.1404	 | 	Train Accuracy     : 0.9555
Valid Loss     : 0.9280	 | 	Valid Accuracy     : 0.7852

Epoch : 27
Train Loss     : 0.1317	 | 	Train Accuracy     : 0.9589
Valid Loss     : 0.9652	 | 	Valid Accuracy     : 0.7910

Epoch : 28
Train Loss     : 0.1345	 | 	Train Accuracy     : 0.9567
Valid Loss     : 0.9380	 | 	Valid Accuracy     : 0.7954

Epoch : 29
Train Loss     : 0.1302	 | 	Train Accuracy     : 0.9569
Valid Loss     : 0.9557	 | 	Valid Accuracy     : 0.7944

Epoch : 30
Train Loss     : 0.1335	 | 	Train Accuracy     : 0.9569
Valid Loss     : 0.8934	 | 	Valid Accuracy     : 0.7925

Evaluate on the Test set:
Test loss      :0.9683	 | Test Accuracy      : 0.7526 | Test AUPRC      : 0.5638
tensor([1., 1., 1., 1., 1., 1., 1., 1., 1., 1., 1., 1., 1., 1., 1., 1., 1., 1.,
        1., 1., 1., 1., 1., 1., 1., 1., 1., 1., 1., 1., 1., 1., 1., 1., 1., 1.,
        1., 1., 1., 1., 1., 1., 1., 1., 1., 1., 1., 1., 1., 1., 1., 1., 1., 1.,
        1., 1., 1., 1., 1., 1., 1., 1.], device='cuda:0',
       grad_fn=<SqueezeBackward1>)

################## Training is Done! #########################
Training time is : 0:01:38.004724
