=============================================
Dataset: SEED
Method:  TS-TCC
Mode:    fine_tune
=============================================
Data loaded ...
Subjet 3
if scale False
Training started ....

Epoch : 1
Train Loss     : 1.1685	 | 	Train Accuracy     : 0.4655
Valid Loss     : 1.2581	 | 	Valid Accuracy     : 0.3608

Epoch : 2
Train Loss     : 0.7781	 | 	Train Accuracy     : 0.6439
Valid Loss     : 1.1066	 | 	Valid Accuracy     : 0.4893

Epoch : 3
Train Loss     : 0.6488	 | 	Train Accuracy     : 0.7140
Valid Loss     : 0.7669	 | 	Valid Accuracy     : 0.6514

Epoch : 4
Train Loss     : 0.5576	 | 	Train Accuracy     : 0.7768
Valid Loss     : 0.7115	 | 	Valid Accuracy     : 0.6836

Epoch : 5
Train Loss     : 0.5179	 | 	Train Accuracy     : 0.7987
Valid Loss     : 0.6731	 | 	Valid Accuracy     : 0.6982

Epoch : 6
Train Loss     : 0.4442	 | 	Train Accuracy     : 0.8302
Valid Loss     : 0.8123	 | 	Valid Accuracy     : 0.6436

Epoch : 7
Train Loss     : 0.4131	 | 	Train Accuracy     : 0.8434
Valid Loss     : 0.8362	 | 	Valid Accuracy     : 0.6675

Epoch : 8
Train Loss     : 0.3905	 | 	Train Accuracy     : 0.8475
Valid Loss     : 0.6441	 | 	Valid Accuracy     : 0.7231

Epoch : 9
Train Loss     : 0.3723	 | 	Train Accuracy     : 0.8624
Valid Loss     : 0.6692	 | 	Valid Accuracy     : 0.7310

Epoch : 10
Train Loss     : 0.3785	 | 	Train Accuracy     : 0.8590
Valid Loss     : 0.7178	 | 	Valid Accuracy     : 0.7168

Epoch : 11
Train Loss     : 0.3574	 | 	Train Accuracy     : 0.8670
Valid Loss     : 0.8070	 | 	Valid Accuracy     : 0.6924

Epoch : 12
Train Loss     : 0.3236	 | 	Train Accuracy     : 0.8765
Valid Loss     : 0.7382	 | 	Valid Accuracy     : 0.7178

Epoch : 13
Train Loss     : 0.2986	 | 	Train Accuracy     : 0.8886
Valid Loss     : 0.8214	 | 	Valid Accuracy     : 0.7129

Epoch : 14
Train Loss     : 0.2890	 | 	Train Accuracy     : 0.8933
Valid Loss     : 0.6834	 | 	Valid Accuracy     : 0.7397

Epoch : 15
Train Loss     : 0.2636	 | 	Train Accuracy     : 0.9046
Valid Loss     : 0.7773	 | 	Valid Accuracy     : 0.7212

Epoch : 16
Train Loss     : 0.2753	 | 	Train Accuracy     : 0.8984
Valid Loss     : 0.6521	 | 	Valid Accuracy     : 0.7656

Epoch : 17
Train Loss     : 0.2556	 | 	Train Accuracy     : 0.9056
Valid Loss     : 0.6706	 | 	Valid Accuracy     : 0.7632

Epoch : 18
Train Loss     : 0.2722	 | 	Train Accuracy     : 0.8947
Valid Loss     : 0.7714	 | 	Valid Accuracy     : 0.7310

Epoch : 19
Train Loss     : 0.2578	 | 	Train Accuracy     : 0.9042
Valid Loss     : 0.9428	 | 	Valid Accuracy     : 0.6738

Epoch : 20
Train Loss     : 0.2305	 | 	Train Accuracy     : 0.9122
Valid Loss     : 0.6613	 | 	Valid Accuracy     : 0.7607

Epoch : 21
Train Loss     : 0.2001	 | 	Train Accuracy     : 0.9297
Valid Loss     : 0.6950	 | 	Valid Accuracy     : 0.7446

Epoch : 22
Train Loss     : 0.1846	 | 	Train Accuracy     : 0.9378
Valid Loss     : 0.7049	 | 	Valid Accuracy     : 0.7466

Epoch : 23
Train Loss     : 0.1916	 | 	Train Accuracy     : 0.9321
Valid Loss     : 0.6706	 | 	Valid Accuracy     : 0.7544

Epoch : 24
Train Loss     : 0.1824	 | 	Train Accuracy     : 0.9387
Valid Loss     : 0.7026	 | 	Valid Accuracy     : 0.7456

Epoch : 25
Train Loss     : 0.1780	 | 	Train Accuracy     : 0.9407
Valid Loss     : 0.6621	 | 	Valid Accuracy     : 0.7598

Epoch : 26
Train Loss     : 0.1751	 | 	Train Accuracy     : 0.9404
Valid Loss     : 0.7335	 | 	Valid Accuracy     : 0.7393

Epoch : 27
Train Loss     : 0.1730	 | 	Train Accuracy     : 0.9433
Valid Loss     : 0.7030	 | 	Valid Accuracy     : 0.7471

Epoch : 28
Train Loss     : 0.1718	 | 	Train Accuracy     : 0.9406
Valid Loss     : 0.7208	 | 	Valid Accuracy     : 0.7363

Epoch : 29
Train Loss     : 0.1707	 | 	Train Accuracy     : 0.9424
Valid Loss     : 0.6850	 | 	Valid Accuracy     : 0.7529

Epoch : 30
Train Loss     : 0.1614	 | 	Train Accuracy     : 0.9480
Valid Loss     : 0.7449	 | 	Valid Accuracy     : 0.7427

Evaluate on the Test set:
Test loss      :0.7167	 | Test Accuracy      : 0.7600 | Test AUPRC      : 0.5739
tensor([1., 1., 1., 1., 1., 1., 1., 1., 1., 1., 1., 1., 1., 1., 1., 1., 1., 1.,
        1., 1., 1., 1., 1., 1., 1., 1., 1., 1., 1., 1., 1., 1., 1., 1., 1., 1.,
        1., 1., 1., 1., 1., 1., 1., 1., 1., 1., 1., 1., 1., 1., 1., 1., 1., 1.,
        1., 1., 1., 1., 1., 1., 1., 1.], device='cuda:0',
       grad_fn=<SqueezeBackward1>)

################## Training is Done! #########################
Training time is : 0:01:40.116014
