=============================================
Dataset: SEED
Method:  TS-TCC
Mode:    fine_tune
=============================================
Data loaded ...
Subjet 2
if scale True
Training started ....

Epoch : 1
Train Loss     : 1.2196	 | 	Train Accuracy     : 0.4533
Valid Loss     : 1.1310	 | 	Valid Accuracy     : 0.3804

Epoch : 2
Train Loss     : 0.7851	 | 	Train Accuracy     : 0.6461
Valid Loss     : 1.0679	 | 	Valid Accuracy     : 0.5039

Epoch : 3
Train Loss     : 0.6341	 | 	Train Accuracy     : 0.7381
Valid Loss     : 1.1187	 | 	Valid Accuracy     : 0.5420

Epoch : 4
Train Loss     : 0.5078	 | 	Train Accuracy     : 0.8083
Valid Loss     : 1.6664	 | 	Valid Accuracy     : 0.4121

Epoch : 5
Train Loss     : 0.4654	 | 	Train Accuracy     : 0.8283
Valid Loss     : 2.1678	 | 	Valid Accuracy     : 0.4141

Epoch : 6
Train Loss     : 0.4366	 | 	Train Accuracy     : 0.8269
Valid Loss     : 1.3990	 | 	Valid Accuracy     : 0.4824

Epoch : 7
Train Loss     : 0.4131	 | 	Train Accuracy     : 0.8422
Valid Loss     : 1.5953	 | 	Valid Accuracy     : 0.4409

Epoch : 8
Train Loss     : 0.4168	 | 	Train Accuracy     : 0.8364
Valid Loss     : 3.6822	 | 	Valid Accuracy     : 0.5137

Epoch : 9
Train Loss     : 0.4095	 | 	Train Accuracy     : 0.8368
Valid Loss     : 1.7725	 | 	Valid Accuracy     : 0.4150

Epoch : 10
Train Loss     : 0.4067	 | 	Train Accuracy     : 0.8404
Valid Loss     : 4.9513	 | 	Valid Accuracy     : 0.4746

Epoch : 11
Train Loss     : 0.3925	 | 	Train Accuracy     : 0.8453
Valid Loss     : 2.4402	 | 	Valid Accuracy     : 0.4136

Epoch : 12
Train Loss     : 0.3859	 | 	Train Accuracy     : 0.8482
Valid Loss     : 1.6198	 | 	Valid Accuracy     : 0.4810

Epoch : 13
Train Loss     : 0.3783	 | 	Train Accuracy     : 0.8544
Valid Loss     : 1.7457	 | 	Valid Accuracy     : 0.4653

Epoch : 14
Train Loss     : 0.3348	 | 	Train Accuracy     : 0.8694
Valid Loss     : 1.8146	 | 	Valid Accuracy     : 0.4707

Epoch : 15
Train Loss     : 0.3255	 | 	Train Accuracy     : 0.8760
Valid Loss     : 1.8394	 | 	Valid Accuracy     : 0.4697

Epoch : 16
Train Loss     : 0.3222	 | 	Train Accuracy     : 0.8777
Valid Loss     : 2.9270	 | 	Valid Accuracy     : 0.4619

Epoch : 17
Train Loss     : 0.3199	 | 	Train Accuracy     : 0.8791
Valid Loss     : 2.9107	 | 	Valid Accuracy     : 0.4717

Epoch : 18
Train Loss     : 0.3103	 | 	Train Accuracy     : 0.8843
Valid Loss     : 3.0572	 | 	Valid Accuracy     : 0.4717

Epoch : 19
Train Loss     : 0.2937	 | 	Train Accuracy     : 0.8925
Valid Loss     : 3.3368	 | 	Valid Accuracy     : 0.4800

Epoch : 20
Train Loss     : 0.3203	 | 	Train Accuracy     : 0.8777
Valid Loss     : 3.8586	 | 	Valid Accuracy     : 0.4214

Epoch : 21
Train Loss     : 0.3038	 | 	Train Accuracy     : 0.8877
Valid Loss     : 3.3159	 | 	Valid Accuracy     : 0.4678

Epoch : 22
Train Loss     : 0.3133	 | 	Train Accuracy     : 0.8833
Valid Loss     : 3.7824	 | 	Valid Accuracy     : 0.4790

Epoch : 23
Train Loss     : 0.3081	 | 	Train Accuracy     : 0.8882
Valid Loss     : 3.3855	 | 	Valid Accuracy     : 0.4858

Epoch : 24
Train Loss     : 0.3131	 | 	Train Accuracy     : 0.8769
Valid Loss     : 3.2786	 | 	Valid Accuracy     : 0.4595

Epoch : 25
Train Loss     : 0.2993	 | 	Train Accuracy     : 0.8884
Valid Loss     : 3.1910	 | 	Valid Accuracy     : 0.4595

Epoch : 26
Train Loss     : 0.3016	 | 	Train Accuracy     : 0.8879
Valid Loss     : 3.3453	 | 	Valid Accuracy     : 0.4692

Epoch : 27
Train Loss     : 0.2995	 | 	Train Accuracy     : 0.8865
Valid Loss     : 3.0815	 | 	Valid Accuracy     : 0.4683

Epoch : 28
Train Loss     : 0.2960	 | 	Train Accuracy     : 0.8920
Valid Loss     : 3.4616	 | 	Valid Accuracy     : 0.4292

Epoch : 29
Train Loss     : 0.2976	 | 	Train Accuracy     : 0.8898
Valid Loss     : 3.4108	 | 	Valid Accuracy     : 0.4761

Epoch : 30
Train Loss     : 0.3036	 | 	Train Accuracy     : 0.8903
Valid Loss     : 3.2931	 | 	Valid Accuracy     : 0.4717

Evaluate on the Test set:
Test loss      :1.9910	 | Test Accuracy      : 0.4817 | Test AUPRC      : 0.4762
tensor([0.7904, 0.8734, 0.9865, 0.9401, 0.7966, 0.9559, 0.8807, 0.7660, 0.7706,
        0.7512, 0.8100, 0.7887, 0.7780, 0.8138, 0.8856, 0.8334, 0.7396, 0.7504,
        0.7011, 0.7223, 0.7844, 0.8680, 0.8168, 0.9952, 0.8753, 0.7857, 0.7337,
        0.7379, 0.7791, 0.7376, 0.8483, 0.7889, 0.8703, 0.8247, 0.7260, 0.8043,
        0.8276, 0.7309, 0.8026, 0.7841, 0.8266, 0.8727, 1.0083, 0.8119, 0.8268,
        0.7903, 0.7880, 0.7768, 0.7489, 0.9438, 0.7657, 0.8533, 0.9052, 0.8254,
        0.8037, 0.8362, 0.7917, 0.7511, 0.9282, 0.7995, 0.8361, 0.7200],
       device='cuda:0', grad_fn=<SqueezeBackward1>)

################## Training is Done! #########################
Training time is : 0:01:26.222539
