=============================================
Dataset: SEED
Method:  TS-TCC
Mode:    fine_tune
=============================================
Data loaded ...
Subjet 14
if scale False
Training started ....

Epoch : 1
Train Loss     : 1.1746	 | 	Train Accuracy     : 0.4941
Valid Loss     : 1.1774	 | 	Valid Accuracy     : 0.4287

Epoch : 2
Train Loss     : 0.7399	 | 	Train Accuracy     : 0.6892
Valid Loss     : 0.6568	 | 	Valid Accuracy     : 0.6348

Epoch : 3
Train Loss     : 0.6581	 | 	Train Accuracy     : 0.7227
Valid Loss     : 0.6650	 | 	Valid Accuracy     : 0.6655

Epoch : 4
Train Loss     : 0.5069	 | 	Train Accuracy     : 0.8152
Valid Loss     : 0.8368	 | 	Valid Accuracy     : 0.6523

Epoch : 5
Train Loss     : 0.4706	 | 	Train Accuracy     : 0.8285
Valid Loss     : 0.9033	 | 	Valid Accuracy     : 0.6318

Epoch : 6
Train Loss     : 0.4263	 | 	Train Accuracy     : 0.8385
Valid Loss     : 0.9005	 | 	Valid Accuracy     : 0.6445

Epoch : 7
Train Loss     : 0.4181	 | 	Train Accuracy     : 0.8385
Valid Loss     : 1.0310	 | 	Valid Accuracy     : 0.6113

Epoch : 8
Train Loss     : 0.4205	 | 	Train Accuracy     : 0.8444
Valid Loss     : 0.9369	 | 	Valid Accuracy     : 0.6475

Epoch : 9
Train Loss     : 0.4305	 | 	Train Accuracy     : 0.8390
Valid Loss     : 0.9731	 | 	Valid Accuracy     : 0.6562

Epoch : 10
Train Loss     : 0.4406	 | 	Train Accuracy     : 0.8331
Valid Loss     : 0.9910	 | 	Valid Accuracy     : 0.6450

Epoch : 11
Train Loss     : 0.4110	 | 	Train Accuracy     : 0.8477
Valid Loss     : 1.1999	 | 	Valid Accuracy     : 0.6685

Epoch : 12
Train Loss     : 0.3923	 | 	Train Accuracy     : 0.8546
Valid Loss     : 1.0786	 | 	Valid Accuracy     : 0.6162

Epoch : 13
Train Loss     : 0.3742	 | 	Train Accuracy     : 0.8619
Valid Loss     : 1.0076	 | 	Valid Accuracy     : 0.6587

Epoch : 14
Train Loss     : 0.3405	 | 	Train Accuracy     : 0.8755
Valid Loss     : 1.0461	 | 	Valid Accuracy     : 0.6592

Epoch : 15
Train Loss     : 0.3242	 | 	Train Accuracy     : 0.8767
Valid Loss     : 1.0418	 | 	Valid Accuracy     : 0.6504

Epoch : 16
Train Loss     : 0.3147	 | 	Train Accuracy     : 0.8828
Valid Loss     : 1.0450	 | 	Valid Accuracy     : 0.6587

Epoch : 17
Train Loss     : 0.3075	 | 	Train Accuracy     : 0.8828
Valid Loss     : 1.0567	 | 	Valid Accuracy     : 0.6602

Epoch : 18
Train Loss     : 0.3049	 | 	Train Accuracy     : 0.8852
Valid Loss     : 1.0542	 | 	Valid Accuracy     : 0.6528

Epoch : 19
Train Loss     : 0.3028	 | 	Train Accuracy     : 0.8847
Valid Loss     : 1.0172	 | 	Valid Accuracy     : 0.6597

Epoch : 20
Train Loss     : 0.3058	 | 	Train Accuracy     : 0.8835
Valid Loss     : 1.0641	 | 	Valid Accuracy     : 0.6489

Epoch : 21
Train Loss     : 0.2915	 | 	Train Accuracy     : 0.8908
Valid Loss     : 1.0077	 | 	Valid Accuracy     : 0.6733

Epoch : 22
Train Loss     : 0.2915	 | 	Train Accuracy     : 0.8886
Valid Loss     : 1.0152	 | 	Valid Accuracy     : 0.6587

Epoch : 23
Train Loss     : 0.2881	 | 	Train Accuracy     : 0.8903
Valid Loss     : 1.0418	 | 	Valid Accuracy     : 0.6655

Epoch : 24
Train Loss     : 0.2853	 | 	Train Accuracy     : 0.8915
Valid Loss     : 1.0431	 | 	Valid Accuracy     : 0.6484

Epoch : 25
Train Loss     : 0.2809	 | 	Train Accuracy     : 0.8945
Valid Loss     : 1.0429	 | 	Valid Accuracy     : 0.6572

Epoch : 26
Train Loss     : 0.2808	 | 	Train Accuracy     : 0.8923
Valid Loss     : 1.0543	 | 	Valid Accuracy     : 0.6631

Epoch : 27
Train Loss     : 0.2692	 | 	Train Accuracy     : 0.8988
Valid Loss     : 1.0619	 | 	Valid Accuracy     : 0.6538

Epoch : 28
Train Loss     : 0.2736	 | 	Train Accuracy     : 0.8974
Valid Loss     : 1.0730	 | 	Valid Accuracy     : 0.6519

Epoch : 29
Train Loss     : 0.2721	 | 	Train Accuracy     : 0.9000
Valid Loss     : 1.0538	 | 	Valid Accuracy     : 0.6670

Epoch : 30
Train Loss     : 0.2713	 | 	Train Accuracy     : 0.8988
Valid Loss     : 1.0498	 | 	Valid Accuracy     : 0.6577

Evaluate on the Test set:
Test loss      :0.8186	 | Test Accuracy      : 0.6763 | Test AUPRC      : 0.5845
tensor([1., 1., 1., 1., 1., 1., 1., 1., 1., 1., 1., 1., 1., 1., 1., 1., 1., 1.,
        1., 1., 1., 1., 1., 1., 1., 1., 1., 1., 1., 1., 1., 1., 1., 1., 1., 1.,
        1., 1., 1., 1., 1., 1., 1., 1., 1., 1., 1., 1., 1., 1., 1., 1., 1., 1.,
        1., 1., 1., 1., 1., 1., 1., 1.], device='cuda:0',
       grad_fn=<SqueezeBackward1>)

################## Training is Done! #########################
Training time is : 0:01:39.697840
