=============================================
Dataset: SEED
Method:  TS-TCC
Mode:    fine_tune
=============================================
Data loaded ...
Subjet 6
if scale True
Training started ....

Epoch : 1
Train Loss     : 1.0890	 | 	Train Accuracy     : 0.5297
Valid Loss     : 1.5749	 | 	Valid Accuracy     : 0.3496

Epoch : 2
Train Loss     : 0.6053	 | 	Train Accuracy     : 0.7352
Valid Loss     : 1.0770	 | 	Valid Accuracy     : 0.4771

Epoch : 3
Train Loss     : 0.5268	 | 	Train Accuracy     : 0.7666
Valid Loss     : 0.7904	 | 	Valid Accuracy     : 0.6860

Epoch : 4
Train Loss     : 0.4132	 | 	Train Accuracy     : 0.8517
Valid Loss     : 0.5937	 | 	Valid Accuracy     : 0.7520

Epoch : 5
Train Loss     : 0.3661	 | 	Train Accuracy     : 0.8679
Valid Loss     : 0.8258	 | 	Valid Accuracy     : 0.7197

Epoch : 6
Train Loss     : 0.3444	 | 	Train Accuracy     : 0.8770
Valid Loss     : 0.6509	 | 	Valid Accuracy     : 0.7588

Epoch : 7
Train Loss     : 0.3314	 | 	Train Accuracy     : 0.8791
Valid Loss     : 0.7561	 | 	Valid Accuracy     : 0.7261

Epoch : 8
Train Loss     : 0.2951	 | 	Train Accuracy     : 0.8933
Valid Loss     : 0.8768	 | 	Valid Accuracy     : 0.7363

Epoch : 9
Train Loss     : 0.3011	 | 	Train Accuracy     : 0.8905
Valid Loss     : 0.7902	 | 	Valid Accuracy     : 0.7515

Epoch : 10
Train Loss     : 0.2785	 | 	Train Accuracy     : 0.8984
Valid Loss     : 0.7089	 | 	Valid Accuracy     : 0.7900

Epoch : 11
Train Loss     : 0.2578	 | 	Train Accuracy     : 0.9098
Valid Loss     : 0.7882	 | 	Valid Accuracy     : 0.7544

Epoch : 12
Train Loss     : 0.2474	 | 	Train Accuracy     : 0.9066
Valid Loss     : 0.8780	 | 	Valid Accuracy     : 0.7407

Epoch : 13
Train Loss     : 0.2472	 | 	Train Accuracy     : 0.9105
Valid Loss     : 0.9704	 | 	Valid Accuracy     : 0.7310

Epoch : 14
Train Loss     : 0.2339	 | 	Train Accuracy     : 0.9186
Valid Loss     : 0.7435	 | 	Valid Accuracy     : 0.7817

Epoch : 15
Train Loss     : 0.2306	 | 	Train Accuracy     : 0.9173
Valid Loss     : 0.7825	 | 	Valid Accuracy     : 0.7705

Epoch : 16
Train Loss     : 0.2039	 | 	Train Accuracy     : 0.9282
Valid Loss     : 0.9099	 | 	Valid Accuracy     : 0.7495

Epoch : 17
Train Loss     : 0.1917	 | 	Train Accuracy     : 0.9341
Valid Loss     : 0.8274	 | 	Valid Accuracy     : 0.7612

Epoch : 18
Train Loss     : 0.1843	 | 	Train Accuracy     : 0.9385
Valid Loss     : 0.7785	 | 	Valid Accuracy     : 0.7739

Epoch : 19
Train Loss     : 0.1786	 | 	Train Accuracy     : 0.9387
Valid Loss     : 0.8555	 | 	Valid Accuracy     : 0.7637

Epoch : 20
Train Loss     : 0.1769	 | 	Train Accuracy     : 0.9372
Valid Loss     : 0.8111	 | 	Valid Accuracy     : 0.7715

Epoch : 21
Train Loss     : 0.1727	 | 	Train Accuracy     : 0.9416
Valid Loss     : 0.8214	 | 	Valid Accuracy     : 0.7676

Epoch : 22
Train Loss     : 0.1728	 | 	Train Accuracy     : 0.9440
Valid Loss     : 0.8760	 | 	Valid Accuracy     : 0.7598

Epoch : 23
Train Loss     : 0.1714	 | 	Train Accuracy     : 0.9431
Valid Loss     : 0.8267	 | 	Valid Accuracy     : 0.7656

Epoch : 24
Train Loss     : 0.1682	 | 	Train Accuracy     : 0.9465
Valid Loss     : 0.9087	 | 	Valid Accuracy     : 0.7510

Epoch : 25
Train Loss     : 0.1701	 | 	Train Accuracy     : 0.9446
Valid Loss     : 0.8135	 | 	Valid Accuracy     : 0.7666

Epoch : 26
Train Loss     : 0.1670	 | 	Train Accuracy     : 0.9448
Valid Loss     : 0.8200	 | 	Valid Accuracy     : 0.7661

Epoch : 27
Train Loss     : 0.1581	 | 	Train Accuracy     : 0.9489
Valid Loss     : 0.8750	 | 	Valid Accuracy     : 0.7617

Epoch : 28
Train Loss     : 0.1611	 | 	Train Accuracy     : 0.9448
Valid Loss     : 0.8256	 | 	Valid Accuracy     : 0.7651

Epoch : 29
Train Loss     : 0.1594	 | 	Train Accuracy     : 0.9453
Valid Loss     : 0.8837	 | 	Valid Accuracy     : 0.7642

Epoch : 30
Train Loss     : 0.1580	 | 	Train Accuracy     : 0.9477
Valid Loss     : 0.8049	 | 	Valid Accuracy     : 0.7656

Evaluate on the Test set:
Test loss      :0.8352	 | Test Accuracy      : 0.7331 | Test AUPRC      : 0.5353
tensor([0.9038, 0.9055, 0.9323, 0.9131, 0.7642, 0.9360, 0.8919, 0.9327, 0.7787,
        0.7295, 0.7543, 0.7088, 0.8086, 0.9464, 0.9361, 0.9195, 0.7257, 0.7018,
        0.6769, 0.7660, 0.7522, 0.8153, 0.8455, 0.9868, 0.8562, 0.7498, 0.7176,
        0.7620, 0.7202, 0.7238, 0.7878, 0.9647, 0.8945, 0.8043, 0.6987, 0.7437,
        0.8718, 0.7171, 0.7849, 0.7416, 0.7452, 0.8254, 0.8169, 0.7379, 0.9201,
        0.7889, 0.7221, 0.7422, 0.7098, 0.7160, 0.6967, 0.7173, 0.8073, 0.7381,
        0.8114, 0.7308, 0.7310, 0.7153, 0.7276, 0.7685, 0.7301, 0.7194],
       device='cuda:0', grad_fn=<SqueezeBackward1>)

################## Training is Done! #########################
Training time is : 0:01:41.248511
