=============================================
Dataset: SEED
Method:  TS-TCC
Mode:    fine_tune
=============================================
Data loaded ...
Subjet 5
if scale True
Training started ....

Epoch : 1
Train Loss     : 1.3089	 | 	Train Accuracy     : 0.4565
Valid Loss     : 1.1339	 | 	Valid Accuracy     : 0.4585

Epoch : 2
Train Loss     : 0.8027	 | 	Train Accuracy     : 0.6313
Valid Loss     : 1.0391	 | 	Valid Accuracy     : 0.5742

Epoch : 3
Train Loss     : 0.6512	 | 	Train Accuracy     : 0.7116
Valid Loss     : 1.1320	 | 	Valid Accuracy     : 0.5425

Epoch : 4
Train Loss     : 0.5462	 | 	Train Accuracy     : 0.7777
Valid Loss     : 1.1560	 | 	Valid Accuracy     : 0.5483

Epoch : 5
Train Loss     : 0.4987	 | 	Train Accuracy     : 0.8015
Valid Loss     : 1.1495	 | 	Valid Accuracy     : 0.5835

Epoch : 6
Train Loss     : 0.4509	 | 	Train Accuracy     : 0.8312
Valid Loss     : 1.1991	 | 	Valid Accuracy     : 0.5552

Epoch : 7
Train Loss     : 0.4156	 | 	Train Accuracy     : 0.8422
Valid Loss     : 1.4723	 | 	Valid Accuracy     : 0.5830

Epoch : 8
Train Loss     : 0.3853	 | 	Train Accuracy     : 0.8567
Valid Loss     : 1.2837	 | 	Valid Accuracy     : 0.5601

Epoch : 9
Train Loss     : 0.3838	 | 	Train Accuracy     : 0.8546
Valid Loss     : 1.1042	 | 	Valid Accuracy     : 0.5684

Epoch : 10
Train Loss     : 0.3721	 | 	Train Accuracy     : 0.8582
Valid Loss     : 1.3124	 | 	Valid Accuracy     : 0.5723

Epoch : 11
Train Loss     : 0.3455	 | 	Train Accuracy     : 0.8743
Valid Loss     : 1.3704	 | 	Valid Accuracy     : 0.5474

Epoch : 12
Train Loss     : 0.3249	 | 	Train Accuracy     : 0.8842
Valid Loss     : 1.5159	 | 	Valid Accuracy     : 0.5449

Epoch : 13
Train Loss     : 0.3057	 | 	Train Accuracy     : 0.8942
Valid Loss     : 1.3677	 | 	Valid Accuracy     : 0.5439

Epoch : 14
Train Loss     : 0.2757	 | 	Train Accuracy     : 0.9073
Valid Loss     : 1.3966	 | 	Valid Accuracy     : 0.5610

Epoch : 15
Train Loss     : 0.2594	 | 	Train Accuracy     : 0.9130
Valid Loss     : 1.3713	 | 	Valid Accuracy     : 0.5605

Epoch : 16
Train Loss     : 0.2446	 | 	Train Accuracy     : 0.9212
Valid Loss     : 1.4164	 | 	Valid Accuracy     : 0.5508

Epoch : 17
Train Loss     : 0.2361	 | 	Train Accuracy     : 0.9263
Valid Loss     : 1.4057	 | 	Valid Accuracy     : 0.5552

Epoch : 18
Train Loss     : 0.2317	 | 	Train Accuracy     : 0.9276
Valid Loss     : 1.3644	 | 	Valid Accuracy     : 0.5483

Epoch : 19
Train Loss     : 0.2286	 | 	Train Accuracy     : 0.9287
Valid Loss     : 1.4521	 | 	Valid Accuracy     : 0.5405

Epoch : 20
Train Loss     : 0.2330	 | 	Train Accuracy     : 0.9261
Valid Loss     : 1.5215	 | 	Valid Accuracy     : 0.5376

Epoch : 21
Train Loss     : 0.2184	 | 	Train Accuracy     : 0.9321
Valid Loss     : 1.4031	 | 	Valid Accuracy     : 0.5425

Epoch : 22
Train Loss     : 0.2194	 | 	Train Accuracy     : 0.9302
Valid Loss     : 1.4346	 | 	Valid Accuracy     : 0.5396

Epoch : 23
Train Loss     : 0.2146	 | 	Train Accuracy     : 0.9351
Valid Loss     : 1.5038	 | 	Valid Accuracy     : 0.5400

Epoch : 24
Train Loss     : 0.2116	 | 	Train Accuracy     : 0.9351
Valid Loss     : 1.4945	 | 	Valid Accuracy     : 0.5400

Epoch : 25
Train Loss     : 0.2101	 | 	Train Accuracy     : 0.9288
Valid Loss     : 1.5145	 | 	Valid Accuracy     : 0.5405

Epoch : 26
Train Loss     : 0.2041	 | 	Train Accuracy     : 0.9350
Valid Loss     : 1.4674	 | 	Valid Accuracy     : 0.5405

Epoch : 27
Train Loss     : 0.1971	 | 	Train Accuracy     : 0.9414
Valid Loss     : 1.4836	 | 	Valid Accuracy     : 0.5356

Epoch : 28
Train Loss     : 0.2024	 | 	Train Accuracy     : 0.9394
Valid Loss     : 1.4787	 | 	Valid Accuracy     : 0.5405

Epoch : 29
Train Loss     : 0.1979	 | 	Train Accuracy     : 0.9421
Valid Loss     : 1.4994	 | 	Valid Accuracy     : 0.5396

Epoch : 30
Train Loss     : 0.2000	 | 	Train Accuracy     : 0.9387
Valid Loss     : 1.4816	 | 	Valid Accuracy     : 0.5410

Evaluate on the Test set:
Test loss      :0.8874	 | Test Accuracy      : 0.7531 | Test AUPRC      : 0.5831
tensor([0.8810, 0.9133, 0.9632, 0.8314, 0.8382, 0.8968, 0.8853, 0.8023, 0.8051,
        0.8037, 0.8297, 0.7995, 0.7977, 0.8944, 0.8917, 0.9871, 0.9314, 0.7343,
        0.7016, 0.8030, 0.8072, 0.8842, 0.8276, 1.0090, 0.9148, 0.7822, 0.8289,
        0.7588, 0.8502, 0.7668, 0.9851, 0.9798, 0.7896, 0.8228, 0.7966, 0.7694,
        0.8619, 0.7638, 0.8855, 0.8243, 0.9313, 0.9182, 0.8367, 0.8801, 0.8019,
        0.7879, 0.7738, 0.8288, 0.7755, 0.7887, 0.7470, 0.8013, 0.7645, 0.7626,
        0.7760, 0.7786, 0.9689, 0.7954, 0.8075, 0.9144, 0.8258, 0.8142],
       device='cuda:0', grad_fn=<SqueezeBackward1>)

################## Training is Done! #########################
Training time is : 0:01:42.617544
