=============================================
Dataset: SEED
Method:  TS-TCC
Mode:    fine_tune
=============================================
Data loaded ...
Subjet 6
if scale False
Training started ....

Epoch : 1
Train Loss     : 1.0906	 | 	Train Accuracy     : 0.5294
Valid Loss     : 1.5793	 | 	Valid Accuracy     : 0.3501

Epoch : 2
Train Loss     : 0.6061	 | 	Train Accuracy     : 0.7359
Valid Loss     : 1.0685	 | 	Valid Accuracy     : 0.4810

Epoch : 3
Train Loss     : 0.5276	 | 	Train Accuracy     : 0.7670
Valid Loss     : 0.7858	 | 	Valid Accuracy     : 0.6860

Epoch : 4
Train Loss     : 0.4136	 | 	Train Accuracy     : 0.8528
Valid Loss     : 0.6078	 | 	Valid Accuracy     : 0.7422

Epoch : 5
Train Loss     : 0.3678	 | 	Train Accuracy     : 0.8646
Valid Loss     : 0.8068	 | 	Valid Accuracy     : 0.7168

Epoch : 6
Train Loss     : 0.3400	 | 	Train Accuracy     : 0.8796
Valid Loss     : 0.6804	 | 	Valid Accuracy     : 0.7461

Epoch : 7
Train Loss     : 0.3280	 | 	Train Accuracy     : 0.8760
Valid Loss     : 0.7899	 | 	Valid Accuracy     : 0.7319

Epoch : 8
Train Loss     : 0.3002	 | 	Train Accuracy     : 0.8877
Valid Loss     : 0.9065	 | 	Valid Accuracy     : 0.7271

Epoch : 9
Train Loss     : 0.3028	 | 	Train Accuracy     : 0.8903
Valid Loss     : 0.8654	 | 	Valid Accuracy     : 0.7349

Epoch : 10
Train Loss     : 0.2722	 | 	Train Accuracy     : 0.8995
Valid Loss     : 0.7240	 | 	Valid Accuracy     : 0.7798

Epoch : 11
Train Loss     : 0.2570	 | 	Train Accuracy     : 0.9093
Valid Loss     : 0.7605	 | 	Valid Accuracy     : 0.7578

Epoch : 12
Train Loss     : 0.2470	 | 	Train Accuracy     : 0.9081
Valid Loss     : 0.9032	 | 	Valid Accuracy     : 0.7354

Epoch : 13
Train Loss     : 0.2441	 | 	Train Accuracy     : 0.9141
Valid Loss     : 0.9445	 | 	Valid Accuracy     : 0.7451

Epoch : 14
Train Loss     : 0.2308	 | 	Train Accuracy     : 0.9192
Valid Loss     : 0.8353	 | 	Valid Accuracy     : 0.7676

Epoch : 15
Train Loss     : 0.2206	 | 	Train Accuracy     : 0.9202
Valid Loss     : 0.7422	 | 	Valid Accuracy     : 0.7847

Epoch : 16
Train Loss     : 0.1888	 | 	Train Accuracy     : 0.9356
Valid Loss     : 0.9634	 | 	Valid Accuracy     : 0.7466

Epoch : 17
Train Loss     : 0.1801	 | 	Train Accuracy     : 0.9380
Valid Loss     : 0.8958	 | 	Valid Accuracy     : 0.7520

Epoch : 18
Train Loss     : 0.1753	 | 	Train Accuracy     : 0.9423
Valid Loss     : 0.8150	 | 	Valid Accuracy     : 0.7661

Epoch : 19
Train Loss     : 0.1673	 | 	Train Accuracy     : 0.9440
Valid Loss     : 0.9198	 | 	Valid Accuracy     : 0.7544

Epoch : 20
Train Loss     : 0.1659	 | 	Train Accuracy     : 0.9443
Valid Loss     : 0.8806	 | 	Valid Accuracy     : 0.7573

Epoch : 21
Train Loss     : 0.1617	 | 	Train Accuracy     : 0.9468
Valid Loss     : 0.8838	 | 	Valid Accuracy     : 0.7544

Epoch : 22
Train Loss     : 0.1617	 | 	Train Accuracy     : 0.9490
Valid Loss     : 0.9341	 | 	Valid Accuracy     : 0.7520

Epoch : 23
Train Loss     : 0.1599	 | 	Train Accuracy     : 0.9457
Valid Loss     : 0.8758	 | 	Valid Accuracy     : 0.7578

Epoch : 24
Train Loss     : 0.1580	 | 	Train Accuracy     : 0.9474
Valid Loss     : 0.9386	 | 	Valid Accuracy     : 0.7480

Epoch : 25
Train Loss     : 0.1580	 | 	Train Accuracy     : 0.9502
Valid Loss     : 0.8697	 | 	Valid Accuracy     : 0.7593

Epoch : 26
Train Loss     : 0.1570	 | 	Train Accuracy     : 0.9467
Valid Loss     : 0.8573	 | 	Valid Accuracy     : 0.7622

Epoch : 27
Train Loss     : 0.1458	 | 	Train Accuracy     : 0.9509
Valid Loss     : 0.9273	 | 	Valid Accuracy     : 0.7563

Epoch : 28
Train Loss     : 0.1489	 | 	Train Accuracy     : 0.9497
Valid Loss     : 0.8693	 | 	Valid Accuracy     : 0.7632

Epoch : 29
Train Loss     : 0.1463	 | 	Train Accuracy     : 0.9531
Valid Loss     : 0.9288	 | 	Valid Accuracy     : 0.7593

Epoch : 30
Train Loss     : 0.1464	 | 	Train Accuracy     : 0.9528
Valid Loss     : 0.8574	 | 	Valid Accuracy     : 0.7593

Evaluate on the Test set:
Test loss      :0.8582	 | Test Accuracy      : 0.7301 | Test AUPRC      : 0.5392
tensor([1., 1., 1., 1., 1., 1., 1., 1., 1., 1., 1., 1., 1., 1., 1., 1., 1., 1.,
        1., 1., 1., 1., 1., 1., 1., 1., 1., 1., 1., 1., 1., 1., 1., 1., 1., 1.,
        1., 1., 1., 1., 1., 1., 1., 1., 1., 1., 1., 1., 1., 1., 1., 1., 1., 1.,
        1., 1., 1., 1., 1., 1., 1., 1.], device='cuda:0',
       grad_fn=<SqueezeBackward1>)

################## Training is Done! #########################
Training time is : 0:01:36.347715
