=============================================
Dataset: SEED
Method:  TS-TCC
Mode:    fine_tune
=============================================
Data loaded ...
Subjet 9
if scale True
Training started ....

Epoch : 1
Train Loss     : 1.1926	 | 	Train Accuracy     : 0.5312
Valid Loss     : 0.7905	 | 	Valid Accuracy     : 0.6763

Epoch : 2
Train Loss     : 0.6070	 | 	Train Accuracy     : 0.7609
Valid Loss     : 0.6474	 | 	Valid Accuracy     : 0.6924

Epoch : 3
Train Loss     : 0.4831	 | 	Train Accuracy     : 0.8018
Valid Loss     : 0.6609	 | 	Valid Accuracy     : 0.7109

Epoch : 4
Train Loss     : 0.4171	 | 	Train Accuracy     : 0.8331
Valid Loss     : 0.7136	 | 	Valid Accuracy     : 0.7090

Epoch : 5
Train Loss     : 0.3573	 | 	Train Accuracy     : 0.8626
Valid Loss     : 0.6100	 | 	Valid Accuracy     : 0.7368

Epoch : 6
Train Loss     : 0.3273	 | 	Train Accuracy     : 0.8748
Valid Loss     : 0.5587	 | 	Valid Accuracy     : 0.7681

Epoch : 7
Train Loss     : 0.3112	 | 	Train Accuracy     : 0.8772
Valid Loss     : 0.6043	 | 	Valid Accuracy     : 0.7417

Epoch : 8
Train Loss     : 0.3026	 | 	Train Accuracy     : 0.8808
Valid Loss     : 0.7116	 | 	Valid Accuracy     : 0.7100

Epoch : 9
Train Loss     : 0.2809	 | 	Train Accuracy     : 0.8916
Valid Loss     : 0.5655	 | 	Valid Accuracy     : 0.7793

Epoch : 10
Train Loss     : 0.2630	 | 	Train Accuracy     : 0.9018
Valid Loss     : 0.6744	 | 	Valid Accuracy     : 0.7349

Epoch : 11
Train Loss     : 0.2615	 | 	Train Accuracy     : 0.8996
Valid Loss     : 0.6099	 | 	Valid Accuracy     : 0.7505

Epoch : 12
Train Loss     : 0.2411	 | 	Train Accuracy     : 0.9122
Valid Loss     : 0.5899	 | 	Valid Accuracy     : 0.7646

Epoch : 13
Train Loss     : 0.2292	 | 	Train Accuracy     : 0.9180
Valid Loss     : 0.6633	 | 	Valid Accuracy     : 0.7314

Epoch : 14
Train Loss     : 0.2464	 | 	Train Accuracy     : 0.9078
Valid Loss     : 0.6267	 | 	Valid Accuracy     : 0.7603

Epoch : 15
Train Loss     : 0.2197	 | 	Train Accuracy     : 0.9180
Valid Loss     : 1.1184	 | 	Valid Accuracy     : 0.6436

Epoch : 16
Train Loss     : 0.2283	 | 	Train Accuracy     : 0.9209
Valid Loss     : 0.6360	 | 	Valid Accuracy     : 0.7559

Epoch : 17
Train Loss     : 0.1977	 | 	Train Accuracy     : 0.9297
Valid Loss     : 0.6663	 | 	Valid Accuracy     : 0.7544

Epoch : 18
Train Loss     : 0.1801	 | 	Train Accuracy     : 0.9389
Valid Loss     : 0.5884	 | 	Valid Accuracy     : 0.7764

Epoch : 19
Train Loss     : 0.1684	 | 	Train Accuracy     : 0.9431
Valid Loss     : 0.5850	 | 	Valid Accuracy     : 0.7808

Epoch : 20
Train Loss     : 0.1663	 | 	Train Accuracy     : 0.9482
Valid Loss     : 0.5788	 | 	Valid Accuracy     : 0.7798

Epoch : 21
Train Loss     : 0.1649	 | 	Train Accuracy     : 0.9467
Valid Loss     : 0.5963	 | 	Valid Accuracy     : 0.7734

Epoch : 22
Train Loss     : 0.1636	 | 	Train Accuracy     : 0.9470
Valid Loss     : 0.6016	 | 	Valid Accuracy     : 0.7720

Epoch : 23
Train Loss     : 0.1623	 | 	Train Accuracy     : 0.9472
Valid Loss     : 0.5741	 | 	Valid Accuracy     : 0.7837

Epoch : 24
Train Loss     : 0.1632	 | 	Train Accuracy     : 0.9468
Valid Loss     : 0.5916	 | 	Valid Accuracy     : 0.7764

Epoch : 25
Train Loss     : 0.1581	 | 	Train Accuracy     : 0.9499
Valid Loss     : 0.5490	 | 	Valid Accuracy     : 0.7925

Epoch : 26
Train Loss     : 0.1609	 | 	Train Accuracy     : 0.9490
Valid Loss     : 0.6344	 | 	Valid Accuracy     : 0.7651

Epoch : 27
Train Loss     : 0.1523	 | 	Train Accuracy     : 0.9521
Valid Loss     : 0.5994	 | 	Valid Accuracy     : 0.7700

Epoch : 28
Train Loss     : 0.1541	 | 	Train Accuracy     : 0.9497
Valid Loss     : 0.5934	 | 	Valid Accuracy     : 0.7788

Epoch : 29
Train Loss     : 0.1522	 | 	Train Accuracy     : 0.9507
Valid Loss     : 0.5986	 | 	Valid Accuracy     : 0.7773

Epoch : 30
Train Loss     : 0.1528	 | 	Train Accuracy     : 0.9514
Valid Loss     : 0.5652	 | 	Valid Accuracy     : 0.7886

Evaluate on the Test set:
Test loss      :0.8393	 | Test Accuracy      : 0.7151 | Test AUPRC      : 0.5552
tensor([0.7152, 0.7249, 0.9793, 0.8441, 0.6999, 0.9601, 0.8317, 0.7296, 0.6975,
        0.8804, 0.7211, 0.9252, 0.9473, 0.9213, 0.8818, 0.9498, 0.7161, 0.7010,
        0.6338, 0.6427, 0.7807, 0.8969, 0.8672, 1.0141, 0.8698, 0.7130, 0.7804,
        0.7702, 0.7230, 0.7341, 0.8020, 0.7712, 0.8237, 0.8112, 0.7169, 0.6966,
        0.7768, 0.8371, 0.7818, 0.6805, 0.8250, 0.8979, 0.7711, 0.7417, 0.7317,
        0.6787, 0.7107, 0.9579, 0.7666, 0.8063, 0.6739, 0.6765, 0.8051, 0.6780,
        0.6770, 0.7199, 0.9048, 0.6735, 0.6988, 0.7050, 0.8355, 0.6903],
       device='cuda:0', grad_fn=<SqueezeBackward1>)

################## Training is Done! #########################
Training time is : 0:01:35.765126
