=============================================
Dataset: SEED
Method:  TS-TCC
Mode:    train_linear
=============================================
Data loaded ...
Subjet 2
if scale True
Training started ....

Epoch : 1
Train Loss     : 1.3072	 | 	Train Accuracy     : 0.4088
Valid Loss     : 1.1249	 | 	Valid Accuracy     : 0.4697

Epoch : 2
Train Loss     : 0.9187	 | 	Train Accuracy     : 0.5596
Valid Loss     : 0.9027	 | 	Valid Accuracy     : 0.6035

Epoch : 3
Train Loss     : 0.8410	 | 	Train Accuracy     : 0.6179
Valid Loss     : 0.9863	 | 	Valid Accuracy     : 0.4873

Epoch : 4
Train Loss     : 0.8304	 | 	Train Accuracy     : 0.6238
Valid Loss     : 0.8741	 | 	Valid Accuracy     : 0.6157

Epoch : 5
Train Loss     : 0.7879	 | 	Train Accuracy     : 0.6506
Valid Loss     : 0.9212	 | 	Valid Accuracy     : 0.5894

Epoch : 6
Train Loss     : 0.7740	 | 	Train Accuracy     : 0.6530
Valid Loss     : 0.8803	 | 	Valid Accuracy     : 0.6045

Epoch : 7
Train Loss     : 0.7674	 | 	Train Accuracy     : 0.6593
Valid Loss     : 0.9486	 | 	Valid Accuracy     : 0.5386

Epoch : 8
Train Loss     : 0.7732	 | 	Train Accuracy     : 0.6525
Valid Loss     : 0.9193	 | 	Valid Accuracy     : 0.5723

Epoch : 9
Train Loss     : 0.7828	 | 	Train Accuracy     : 0.6522
Valid Loss     : 0.9901	 | 	Valid Accuracy     : 0.5649

Epoch : 10
Train Loss     : 0.8033	 | 	Train Accuracy     : 0.6413
Valid Loss     : 0.8799	 | 	Valid Accuracy     : 0.6001

Epoch : 11
Train Loss     : 0.7647	 | 	Train Accuracy     : 0.6602
Valid Loss     : 0.9629	 | 	Valid Accuracy     : 0.5513

Epoch : 12
Train Loss     : 0.7410	 | 	Train Accuracy     : 0.6637
Valid Loss     : 0.9022	 | 	Valid Accuracy     : 0.6030

Epoch : 13
Train Loss     : 0.7598	 | 	Train Accuracy     : 0.6683
Valid Loss     : 0.9842	 | 	Valid Accuracy     : 0.5483

Epoch : 14
Train Loss     : 0.7452	 | 	Train Accuracy     : 0.6668
Valid Loss     : 0.9507	 | 	Valid Accuracy     : 0.5576

Epoch : 15
Train Loss     : 0.7395	 | 	Train Accuracy     : 0.6717
Valid Loss     : 0.9844	 | 	Valid Accuracy     : 0.5444

Epoch : 16
Train Loss     : 0.7075	 | 	Train Accuracy     : 0.6945
Valid Loss     : 0.9120	 | 	Valid Accuracy     : 0.5962

Epoch : 17
Train Loss     : 0.7048	 | 	Train Accuracy     : 0.6919
Valid Loss     : 0.9359	 | 	Valid Accuracy     : 0.5664

Epoch : 18
Train Loss     : 0.7053	 | 	Train Accuracy     : 0.6962
Valid Loss     : 0.9140	 | 	Valid Accuracy     : 0.5796

Epoch : 19
Train Loss     : 0.7050	 | 	Train Accuracy     : 0.6968
Valid Loss     : 0.9232	 | 	Valid Accuracy     : 0.5781

Epoch : 20
Train Loss     : 0.6982	 | 	Train Accuracy     : 0.6974
Valid Loss     : 0.9510	 | 	Valid Accuracy     : 0.5557

Epoch : 21
Train Loss     : 0.7007	 | 	Train Accuracy     : 0.6946
Valid Loss     : 0.9398	 | 	Valid Accuracy     : 0.5576

Epoch : 22
Train Loss     : 0.7056	 | 	Train Accuracy     : 0.6943
Valid Loss     : 0.9242	 | 	Valid Accuracy     : 0.5820

Epoch : 23
Train Loss     : 0.7002	 | 	Train Accuracy     : 0.6982
Valid Loss     : 0.9105	 | 	Valid Accuracy     : 0.5869

Epoch : 24
Train Loss     : 0.7049	 | 	Train Accuracy     : 0.6980
Valid Loss     : 0.9246	 | 	Valid Accuracy     : 0.5645

Epoch : 25
Train Loss     : 0.6976	 | 	Train Accuracy     : 0.7001
Valid Loss     : 0.9309	 | 	Valid Accuracy     : 0.5781

Epoch : 26
Train Loss     : 0.7009	 | 	Train Accuracy     : 0.6980
Valid Loss     : 0.9253	 | 	Valid Accuracy     : 0.5781

Epoch : 27
Train Loss     : 0.6951	 | 	Train Accuracy     : 0.7058
Valid Loss     : 0.9320	 | 	Valid Accuracy     : 0.5703

Epoch : 28
Train Loss     : 0.6967	 | 	Train Accuracy     : 0.6951
Valid Loss     : 0.9218	 | 	Valid Accuracy     : 0.5708

Epoch : 29
Train Loss     : 0.6945	 | 	Train Accuracy     : 0.7024
Valid Loss     : 0.9180	 | 	Valid Accuracy     : 0.5815

Epoch : 30
Train Loss     : 0.6973	 | 	Train Accuracy     : 0.7014
Valid Loss     : 0.9258	 | 	Valid Accuracy     : 0.5830

Evaluate on the Test set:
Test loss      :2.1182	 | Test Accuracy      : 0.4732 | Test AUPRC      : 0.4092
tensor([0.8363, 0.8263, 0.9889, 0.9143, 0.8796, 0.8083, 0.8676, 0.7484, 0.8283,
        0.8066, 0.7562, 0.7353, 0.7972, 0.8544, 0.7876, 0.8827, 0.7467, 0.7514,
        0.7340, 0.7263, 0.8006, 0.9036, 0.7200, 0.9858, 0.9341, 0.7700, 0.7395,
        0.8051, 0.7767, 0.7839, 0.8343, 0.7665, 0.7620, 0.8889, 0.7366, 0.7245,
        0.8004, 0.7124, 0.8545, 0.7595, 0.7892, 0.9145, 0.9207, 0.7673, 0.8685,
        0.6999, 0.8835, 0.7876, 0.7067, 0.9088, 0.8079, 0.8963, 0.8493, 0.7127,
        0.7898, 0.8220, 0.9027, 0.7661, 0.9452, 0.6966, 0.8998, 0.7913],
       device='cuda:0', grad_fn=<SqueezeBackward1>)

################## Training is Done! #########################
Training time is : 0:00:53.198843
