=============================================
Dataset: SEED
Method:  TS-TCC
Mode:    train_linear
=============================================
Data loaded ...
Subjet 4
if scale True
Training started ....

Epoch : 1
Train Loss     : 1.4872	 | 	Train Accuracy     : 0.3677
Valid Loss     : 1.2771	 | 	Valid Accuracy     : 0.3989

Epoch : 2
Train Loss     : 0.9753	 | 	Train Accuracy     : 0.5477
Valid Loss     : 0.9480	 | 	Valid Accuracy     : 0.5210

Epoch : 3
Train Loss     : 0.8913	 | 	Train Accuracy     : 0.6153
Valid Loss     : 0.9387	 | 	Valid Accuracy     : 0.5151

Epoch : 4
Train Loss     : 0.8859	 | 	Train Accuracy     : 0.6080
Valid Loss     : 0.9189	 | 	Valid Accuracy     : 0.5391

Epoch : 5
Train Loss     : 0.8633	 | 	Train Accuracy     : 0.6179
Valid Loss     : 0.9218	 | 	Valid Accuracy     : 0.5254

Epoch : 6
Train Loss     : 0.8477	 | 	Train Accuracy     : 0.6277
Valid Loss     : 0.8818	 | 	Valid Accuracy     : 0.5693

Epoch : 7
Train Loss     : 0.8266	 | 	Train Accuracy     : 0.6382
Valid Loss     : 0.8858	 | 	Valid Accuracy     : 0.5693

Epoch : 8
Train Loss     : 0.8369	 | 	Train Accuracy     : 0.6230
Valid Loss     : 0.8716	 | 	Valid Accuracy     : 0.5635

Epoch : 9
Train Loss     : 0.8109	 | 	Train Accuracy     : 0.6408
Valid Loss     : 0.8585	 | 	Valid Accuracy     : 0.5874

Epoch : 10
Train Loss     : 0.8069	 | 	Train Accuracy     : 0.6456
Valid Loss     : 0.8786	 | 	Valid Accuracy     : 0.5645

Epoch : 11
Train Loss     : 0.8021	 | 	Train Accuracy     : 0.6491
Valid Loss     : 0.9140	 | 	Valid Accuracy     : 0.5830

Epoch : 12
Train Loss     : 0.8367	 | 	Train Accuracy     : 0.6265
Valid Loss     : 0.8497	 | 	Valid Accuracy     : 0.5820

Epoch : 13
Train Loss     : 0.8760	 | 	Train Accuracy     : 0.6078
Valid Loss     : 0.8956	 | 	Valid Accuracy     : 0.5776

Epoch : 14
Train Loss     : 0.7985	 | 	Train Accuracy     : 0.6590
Valid Loss     : 0.8695	 | 	Valid Accuracy     : 0.5815

Epoch : 15
Train Loss     : 0.7828	 | 	Train Accuracy     : 0.6593
Valid Loss     : 0.8873	 | 	Valid Accuracy     : 0.5835

Epoch : 16
Train Loss     : 0.7729	 | 	Train Accuracy     : 0.6649
Valid Loss     : 0.8571	 | 	Valid Accuracy     : 0.5879

Epoch : 17
Train Loss     : 0.7648	 | 	Train Accuracy     : 0.6709
Valid Loss     : 0.8617	 | 	Valid Accuracy     : 0.5688

Epoch : 18
Train Loss     : 0.7870	 | 	Train Accuracy     : 0.6556
Valid Loss     : 0.9037	 | 	Valid Accuracy     : 0.5786

Epoch : 19
Train Loss     : 0.7870	 | 	Train Accuracy     : 0.6568
Valid Loss     : 0.8599	 | 	Valid Accuracy     : 0.5928

Epoch : 20
Train Loss     : 0.7608	 | 	Train Accuracy     : 0.6743
Valid Loss     : 0.8573	 | 	Valid Accuracy     : 0.5913

Epoch : 21
Train Loss     : 0.7656	 | 	Train Accuracy     : 0.6698
Valid Loss     : 0.8590	 | 	Valid Accuracy     : 0.5908

Epoch : 22
Train Loss     : 0.7609	 | 	Train Accuracy     : 0.6758
Valid Loss     : 0.8496	 | 	Valid Accuracy     : 0.5903

Epoch : 23
Train Loss     : 0.7766	 | 	Train Accuracy     : 0.6639
Valid Loss     : 0.8837	 | 	Valid Accuracy     : 0.5811

Epoch : 24
Train Loss     : 0.7648	 | 	Train Accuracy     : 0.6698
Valid Loss     : 0.9205	 | 	Valid Accuracy     : 0.5723

Epoch : 25
Train Loss     : 0.7729	 | 	Train Accuracy     : 0.6591
Valid Loss     : 0.8897	 | 	Valid Accuracy     : 0.5898

Epoch : 26
Train Loss     : 0.7494	 | 	Train Accuracy     : 0.6758
Valid Loss     : 0.9222	 | 	Valid Accuracy     : 0.5771

Epoch : 27
Train Loss     : 0.7514	 | 	Train Accuracy     : 0.6697
Valid Loss     : 0.8457	 | 	Valid Accuracy     : 0.6050

Epoch : 28
Train Loss     : 0.7770	 | 	Train Accuracy     : 0.6615
Valid Loss     : 0.8560	 | 	Valid Accuracy     : 0.6030

Epoch : 29
Train Loss     : 0.7664	 | 	Train Accuracy     : 0.6693
Valid Loss     : 0.8504	 | 	Valid Accuracy     : 0.6011

Epoch : 30
Train Loss     : 0.7422	 | 	Train Accuracy     : 0.6826
Valid Loss     : 0.8761	 | 	Valid Accuracy     : 0.5903

Evaluate on the Test set:
Test loss      :0.9982	 | Test Accuracy      : 0.5573 | Test AUPRC      : 0.4858
tensor([0.8444, 0.8984, 0.8955, 0.8336, 0.8487, 0.8578, 0.8219, 0.7198, 0.6870,
        0.8270, 0.5348, 0.5565, 0.8922, 0.8415, 0.8639, 0.8325, 0.6887, 0.7788,
        0.6469, 0.6383, 0.5897, 0.9150, 0.7976, 1.0110, 0.7116, 0.6238, 0.4856,
        0.8048, 0.5680, 0.6669, 0.7577, 0.9132, 0.7958, 0.6806, 0.5740, 0.6455,
        0.7093, 0.5860, 0.6381, 0.6521, 0.7219, 0.7489, 0.6429, 0.5882, 0.6625,
        0.5077, 0.5730, 0.6237, 0.4598, 0.8034, 0.6906, 0.7319, 0.5522, 0.7164,
        0.6204, 0.6198, 0.9242, 0.5870, 0.6371, 0.6676, 0.7586, 0.7967],
       device='cuda:0', grad_fn=<SqueezeBackward1>)

################## Training is Done! #########################
Training time is : 0:00:56.513644
