=============================================
Dataset: SEED
Method:  TS-TCC
Mode:    fine_tune
=============================================
Data loaded ...
Subjet 1
if scale True
Training started ....

Epoch : 1
Train Loss     : 1.1366	 | 	Train Accuracy     : 0.5309
Valid Loss     : 1.8680	 | 	Valid Accuracy     : 0.3457

Epoch : 2
Train Loss     : 0.6639	 | 	Train Accuracy     : 0.7271
Valid Loss     : 1.0094	 | 	Valid Accuracy     : 0.5415

Epoch : 3
Train Loss     : 0.5827	 | 	Train Accuracy     : 0.7656
Valid Loss     : 0.9844	 | 	Valid Accuracy     : 0.5679

Epoch : 4
Train Loss     : 0.5283	 | 	Train Accuracy     : 0.7918
Valid Loss     : 0.8552	 | 	Valid Accuracy     : 0.6445

Epoch : 5
Train Loss     : 0.4945	 | 	Train Accuracy     : 0.8132
Valid Loss     : 0.9698	 | 	Valid Accuracy     : 0.6143

Epoch : 6
Train Loss     : 0.4727	 | 	Train Accuracy     : 0.8162
Valid Loss     : 0.8358	 | 	Valid Accuracy     : 0.6523

Epoch : 7
Train Loss     : 0.4586	 | 	Train Accuracy     : 0.8218
Valid Loss     : 0.9074	 | 	Valid Accuracy     : 0.6128

Epoch : 8
Train Loss     : 0.4264	 | 	Train Accuracy     : 0.8370
Valid Loss     : 0.9628	 | 	Valid Accuracy     : 0.6147

Epoch : 9
Train Loss     : 0.4253	 | 	Train Accuracy     : 0.8370
Valid Loss     : 0.8752	 | 	Valid Accuracy     : 0.6357

Epoch : 10
Train Loss     : 0.4090	 | 	Train Accuracy     : 0.8471
Valid Loss     : 0.9204	 | 	Valid Accuracy     : 0.6147

Epoch : 11
Train Loss     : 0.4136	 | 	Train Accuracy     : 0.8380
Valid Loss     : 0.9138	 | 	Valid Accuracy     : 0.6396

Epoch : 12
Train Loss     : 0.3978	 | 	Train Accuracy     : 0.8482
Valid Loss     : 0.8881	 | 	Valid Accuracy     : 0.6362

Epoch : 13
Train Loss     : 0.3974	 | 	Train Accuracy     : 0.8471
Valid Loss     : 0.9541	 | 	Valid Accuracy     : 0.6060

Epoch : 14
Train Loss     : 0.3946	 | 	Train Accuracy     : 0.8412
Valid Loss     : 0.9824	 | 	Valid Accuracy     : 0.6348

Epoch : 15
Train Loss     : 0.3670	 | 	Train Accuracy     : 0.8606
Valid Loss     : 1.2556	 | 	Valid Accuracy     : 0.6162

Epoch : 16
Train Loss     : 0.3679	 | 	Train Accuracy     : 0.8587
Valid Loss     : 1.1199	 | 	Valid Accuracy     : 0.6221

Epoch : 17
Train Loss     : 0.3611	 | 	Train Accuracy     : 0.8602
Valid Loss     : 0.9031	 | 	Valid Accuracy     : 0.6191

Epoch : 18
Train Loss     : 0.3135	 | 	Train Accuracy     : 0.8859
Valid Loss     : 0.9481	 | 	Valid Accuracy     : 0.6396

Epoch : 19
Train Loss     : 0.2979	 | 	Train Accuracy     : 0.8896
Valid Loss     : 1.0574	 | 	Valid Accuracy     : 0.6289

Epoch : 20
Train Loss     : 0.2880	 | 	Train Accuracy     : 0.8978
Valid Loss     : 0.9540	 | 	Valid Accuracy     : 0.6392

Epoch : 21
Train Loss     : 0.2871	 | 	Train Accuracy     : 0.8903
Valid Loss     : 0.9670	 | 	Valid Accuracy     : 0.6348

Epoch : 22
Train Loss     : 0.2790	 | 	Train Accuracy     : 0.8998
Valid Loss     : 0.9621	 | 	Valid Accuracy     : 0.6377

Epoch : 23
Train Loss     : 0.2777	 | 	Train Accuracy     : 0.9066
Valid Loss     : 0.9341	 | 	Valid Accuracy     : 0.6426

Epoch : 24
Train Loss     : 0.2708	 | 	Train Accuracy     : 0.9044
Valid Loss     : 1.0109	 | 	Valid Accuracy     : 0.6284

Epoch : 25
Train Loss     : 0.2749	 | 	Train Accuracy     : 0.9008
Valid Loss     : 1.0088	 | 	Valid Accuracy     : 0.6289

Epoch : 26
Train Loss     : 0.2729	 | 	Train Accuracy     : 0.9029
Valid Loss     : 0.9656	 | 	Valid Accuracy     : 0.6362

Epoch : 27
Train Loss     : 0.2678	 | 	Train Accuracy     : 0.9061
Valid Loss     : 0.9444	 | 	Valid Accuracy     : 0.6411

Epoch : 28
Train Loss     : 0.2719	 | 	Train Accuracy     : 0.9056
Valid Loss     : 0.9891	 | 	Valid Accuracy     : 0.6367

Epoch : 29
Train Loss     : 0.2602	 | 	Train Accuracy     : 0.9057
Valid Loss     : 1.0488	 | 	Valid Accuracy     : 0.6343

Epoch : 30
Train Loss     : 0.2571	 | 	Train Accuracy     : 0.9096
Valid Loss     : 1.1094	 | 	Valid Accuracy     : 0.6235

Evaluate on the Test set:
Test loss      :0.8990	 | Test Accuracy      : 0.7037 | Test AUPRC      : 0.5754
tensor([0.8471, 0.8946, 0.8161, 0.8909, 0.7277, 0.9007, 0.8412, 0.7633, 0.7170,
        0.7078, 0.7787, 0.6759, 0.8478, 0.8064, 0.8733, 0.7763, 0.6666, 0.7518,
        0.6882, 0.9365, 0.7563, 0.8380, 0.8365, 0.9859, 0.8508, 0.7800, 0.7076,
        0.6947, 0.6909, 0.6870, 0.7966, 0.9311, 0.9009, 0.6472, 0.6574, 0.7321,
        0.7396, 0.8069, 0.7830, 0.8204, 0.9580, 0.8226, 0.7939, 0.8582, 0.7967,
        0.8109, 0.6968, 0.7575, 0.7541, 0.9337, 0.7157, 0.8458, 0.6568, 0.6379,
        0.6935, 0.9226, 0.8626, 0.8919, 0.8191, 0.7018, 0.8217, 0.7234],
       device='cuda:0', grad_fn=<SqueezeBackward1>)

################## Training is Done! #########################
Training time is : 0:01:47.911591
