=============================================
Dataset: SEED
Method:  TS-TCC
Mode:    fine_tune
=============================================
Data loaded ...
Subjet 3
if scale True
Training started ....

Epoch : 1
Train Loss     : 0.9734	 | 	Train Accuracy     : 0.5666
Valid Loss     : 1.0125	 | 	Valid Accuracy     : 0.5918

Epoch : 2
Train Loss     : 0.6044	 | 	Train Accuracy     : 0.7510
Valid Loss     : 0.7980	 | 	Valid Accuracy     : 0.6831

Epoch : 3
Train Loss     : 0.5203	 | 	Train Accuracy     : 0.7979
Valid Loss     : 0.9025	 | 	Valid Accuracy     : 0.6738

Epoch : 4
Train Loss     : 0.4350	 | 	Train Accuracy     : 0.8380
Valid Loss     : 0.7346	 | 	Valid Accuracy     : 0.7134

Epoch : 5
Train Loss     : 0.4070	 | 	Train Accuracy     : 0.8456
Valid Loss     : 0.7398	 | 	Valid Accuracy     : 0.7075

Epoch : 6
Train Loss     : 0.3728	 | 	Train Accuracy     : 0.8621
Valid Loss     : 0.6547	 | 	Valid Accuracy     : 0.7236

Epoch : 7
Train Loss     : 0.3457	 | 	Train Accuracy     : 0.8694
Valid Loss     : 0.7530	 | 	Valid Accuracy     : 0.7241

Epoch : 8
Train Loss     : 0.3461	 | 	Train Accuracy     : 0.8721
Valid Loss     : 0.6835	 | 	Valid Accuracy     : 0.7188

Epoch : 9
Train Loss     : 0.3203	 | 	Train Accuracy     : 0.8818
Valid Loss     : 0.7236	 | 	Valid Accuracy     : 0.7397

Epoch : 10
Train Loss     : 0.2983	 | 	Train Accuracy     : 0.8893
Valid Loss     : 0.8662	 | 	Valid Accuracy     : 0.6636

Epoch : 11
Train Loss     : 0.2945	 | 	Train Accuracy     : 0.8886
Valid Loss     : 0.6477	 | 	Valid Accuracy     : 0.7432

Epoch : 12
Train Loss     : 0.2718	 | 	Train Accuracy     : 0.9023
Valid Loss     : 0.6842	 | 	Valid Accuracy     : 0.7505

Epoch : 13
Train Loss     : 0.2757	 | 	Train Accuracy     : 0.9018
Valid Loss     : 0.8267	 | 	Valid Accuracy     : 0.7393

Epoch : 14
Train Loss     : 0.2587	 | 	Train Accuracy     : 0.9015
Valid Loss     : 0.7119	 | 	Valid Accuracy     : 0.7412

Epoch : 15
Train Loss     : 0.2540	 | 	Train Accuracy     : 0.9105
Valid Loss     : 0.7508	 | 	Valid Accuracy     : 0.7358

Epoch : 16
Train Loss     : 0.2615	 | 	Train Accuracy     : 0.9042
Valid Loss     : 0.7586	 | 	Valid Accuracy     : 0.7207

Epoch : 17
Train Loss     : 0.2548	 | 	Train Accuracy     : 0.9015
Valid Loss     : 0.7343	 | 	Valid Accuracy     : 0.7222

Epoch : 18
Train Loss     : 0.2278	 | 	Train Accuracy     : 0.9195
Valid Loss     : 0.7099	 | 	Valid Accuracy     : 0.7451

Epoch : 19
Train Loss     : 0.2550	 | 	Train Accuracy     : 0.9056
Valid Loss     : 0.9735	 | 	Valid Accuracy     : 0.6924

Epoch : 20
Train Loss     : 0.2455	 | 	Train Accuracy     : 0.9130
Valid Loss     : 1.1055	 | 	Valid Accuracy     : 0.6787

Epoch : 21
Train Loss     : 0.2274	 | 	Train Accuracy     : 0.9171
Valid Loss     : 0.6926	 | 	Valid Accuracy     : 0.7397

Epoch : 22
Train Loss     : 0.2280	 | 	Train Accuracy     : 0.9113
Valid Loss     : 0.7058	 | 	Valid Accuracy     : 0.7354

Epoch : 23
Train Loss     : 0.1925	 | 	Train Accuracy     : 0.9322
Valid Loss     : 0.8064	 | 	Valid Accuracy     : 0.7271

Epoch : 24
Train Loss     : 0.1833	 | 	Train Accuracy     : 0.9380
Valid Loss     : 0.7949	 | 	Valid Accuracy     : 0.7285

Epoch : 25
Train Loss     : 0.1851	 | 	Train Accuracy     : 0.9343
Valid Loss     : 0.8060	 | 	Valid Accuracy     : 0.7207

Epoch : 26
Train Loss     : 0.1746	 | 	Train Accuracy     : 0.9409
Valid Loss     : 0.8141	 | 	Valid Accuracy     : 0.7241

Epoch : 27
Train Loss     : 0.1727	 | 	Train Accuracy     : 0.9365
Valid Loss     : 0.7874	 | 	Valid Accuracy     : 0.7261

Epoch : 28
Train Loss     : 0.1740	 | 	Train Accuracy     : 0.9414
Valid Loss     : 0.7710	 | 	Valid Accuracy     : 0.7212

Epoch : 29
Train Loss     : 0.1687	 | 	Train Accuracy     : 0.9458
Valid Loss     : 0.7853	 | 	Valid Accuracy     : 0.7212

Epoch : 30
Train Loss     : 0.1731	 | 	Train Accuracy     : 0.9402
Valid Loss     : 0.8180	 | 	Valid Accuracy     : 0.7158

Evaluate on the Test set:
Test loss      :0.5855	 | Test Accuracy      : 0.7889 | Test AUPRC      : 0.5719
tensor([0.8400, 0.9260, 0.8956, 0.8935, 0.8149, 0.9303, 0.9138, 0.8509, 0.6816,
        0.5866, 0.6558, 0.8173, 0.7473, 0.9478, 0.8881, 0.5517, 0.6097, 0.7645,
        0.5632, 0.8793, 0.5858, 0.5537, 0.7564, 0.9944, 0.9495, 0.6893, 0.7538,
        0.7258, 0.6926, 0.7628, 0.8156, 0.9807, 0.8759, 0.5304, 0.5298, 0.7307,
        0.8525, 0.6087, 0.6088, 0.6664, 0.9129, 0.7070, 0.5537, 0.5866, 0.7052,
        0.8565, 0.5845, 0.7383, 0.5386, 0.6027, 0.6673, 0.7761, 0.5664, 0.5949,
        0.6125, 0.5205, 0.5786, 0.8635, 0.8547, 0.6552, 0.8976, 0.7672],
       device='cuda:0', grad_fn=<SqueezeBackward1>)

################## Training is Done! #########################
Training time is : 0:01:52.756073
