=============================================
Dataset: SEED
Method:  TS-TCC
Mode:    fine_tune
=============================================
Data loaded ...
Subjet 1
if scale True
Training started ....

Epoch : 1
Train Loss     : 1.0913	 | 	Train Accuracy     : 0.5085
Valid Loss     : 2.0060	 | 	Valid Accuracy     : 0.3379

Epoch : 2
Train Loss     : 0.6619	 | 	Train Accuracy     : 0.7337
Valid Loss     : 1.1538	 | 	Valid Accuracy     : 0.5225

Epoch : 3
Train Loss     : 0.5715	 | 	Train Accuracy     : 0.7741
Valid Loss     : 0.9841	 | 	Valid Accuracy     : 0.5459

Epoch : 4
Train Loss     : 0.5176	 | 	Train Accuracy     : 0.7981
Valid Loss     : 0.8991	 | 	Valid Accuracy     : 0.6230

Epoch : 5
Train Loss     : 0.4916	 | 	Train Accuracy     : 0.8120
Valid Loss     : 0.8990	 | 	Valid Accuracy     : 0.5918

Epoch : 6
Train Loss     : 0.4669	 | 	Train Accuracy     : 0.8190
Valid Loss     : 0.9086	 | 	Valid Accuracy     : 0.6211

Epoch : 7
Train Loss     : 0.4472	 | 	Train Accuracy     : 0.8268
Valid Loss     : 0.9731	 | 	Valid Accuracy     : 0.6157

Epoch : 8
Train Loss     : 0.4291	 | 	Train Accuracy     : 0.8325
Valid Loss     : 0.9679	 | 	Valid Accuracy     : 0.6182

Epoch : 9
Train Loss     : 0.4019	 | 	Train Accuracy     : 0.8485
Valid Loss     : 0.9593	 | 	Valid Accuracy     : 0.6094

Epoch : 10
Train Loss     : 0.4070	 | 	Train Accuracy     : 0.8400
Valid Loss     : 0.9683	 | 	Valid Accuracy     : 0.6108

Epoch : 11
Train Loss     : 0.4041	 | 	Train Accuracy     : 0.8438
Valid Loss     : 1.0226	 | 	Valid Accuracy     : 0.6108

Epoch : 12
Train Loss     : 0.3856	 | 	Train Accuracy     : 0.8465
Valid Loss     : 0.9996	 | 	Valid Accuracy     : 0.6226

Epoch : 13
Train Loss     : 0.3779	 | 	Train Accuracy     : 0.8526
Valid Loss     : 1.2307	 | 	Valid Accuracy     : 0.6191

Epoch : 14
Train Loss     : 0.3826	 | 	Train Accuracy     : 0.8531
Valid Loss     : 0.9663	 | 	Valid Accuracy     : 0.6172

Epoch : 15
Train Loss     : 0.3700	 | 	Train Accuracy     : 0.8643
Valid Loss     : 0.9829	 | 	Valid Accuracy     : 0.6245

Epoch : 16
Train Loss     : 0.3131	 | 	Train Accuracy     : 0.8798
Valid Loss     : 1.0122	 | 	Valid Accuracy     : 0.6206

Epoch : 17
Train Loss     : 0.2975	 | 	Train Accuracy     : 0.8915
Valid Loss     : 1.0961	 | 	Valid Accuracy     : 0.6211

Epoch : 18
Train Loss     : 0.2892	 | 	Train Accuracy     : 0.8978
Valid Loss     : 1.1982	 | 	Valid Accuracy     : 0.6167

Epoch : 19
Train Loss     : 0.2851	 | 	Train Accuracy     : 0.8993
Valid Loss     : 1.0955	 | 	Valid Accuracy     : 0.6211

Epoch : 20
Train Loss     : 0.2897	 | 	Train Accuracy     : 0.8976
Valid Loss     : 1.0645	 | 	Valid Accuracy     : 0.6147

Epoch : 21
Train Loss     : 0.2792	 | 	Train Accuracy     : 0.8996
Valid Loss     : 1.0561	 | 	Valid Accuracy     : 0.6196

Epoch : 22
Train Loss     : 0.2785	 | 	Train Accuracy     : 0.9000
Valid Loss     : 1.1569	 | 	Valid Accuracy     : 0.6230

Epoch : 23
Train Loss     : 0.2734	 | 	Train Accuracy     : 0.9046
Valid Loss     : 1.0727	 | 	Valid Accuracy     : 0.6143

Epoch : 24
Train Loss     : 0.2697	 | 	Train Accuracy     : 0.9076
Valid Loss     : 1.0918	 | 	Valid Accuracy     : 0.6196

Epoch : 25
Train Loss     : 0.2661	 | 	Train Accuracy     : 0.9081
Valid Loss     : 1.0784	 | 	Valid Accuracy     : 0.6216

Epoch : 26
Train Loss     : 0.2632	 | 	Train Accuracy     : 0.9107
Valid Loss     : 1.1237	 | 	Valid Accuracy     : 0.6191

Epoch : 27
Train Loss     : 0.2649	 | 	Train Accuracy     : 0.9054
Valid Loss     : 1.0739	 | 	Valid Accuracy     : 0.6230

Epoch : 28
Train Loss     : 0.2612	 | 	Train Accuracy     : 0.9044
Valid Loss     : 1.0805	 | 	Valid Accuracy     : 0.6157

Epoch : 29
Train Loss     : 0.2550	 | 	Train Accuracy     : 0.9137
Valid Loss     : 1.1146	 | 	Valid Accuracy     : 0.6201

Epoch : 30
Train Loss     : 0.2568	 | 	Train Accuracy     : 0.9141
Valid Loss     : 1.0701	 | 	Valid Accuracy     : 0.6226

Evaluate on the Test set:
Test loss      :0.8215	 | Test Accuracy      : 0.7037 | Test AUPRC      : 0.5842
tensor([0.8140, 0.9012, 0.8636, 0.9058, 0.7585, 0.9071, 0.8256, 0.7935, 0.7746,
        0.7964, 0.8312, 0.6952, 0.8768, 0.8533, 0.8443, 0.7820, 0.7465, 0.7422,
        0.6864, 0.9302, 0.7519, 0.8043, 0.8640, 0.9886, 0.8910, 0.8109, 0.7220,
        0.6972, 0.7553, 0.7608, 0.8113, 0.9289, 0.9210, 0.6950, 0.6757, 0.7548,
        0.7984, 0.8183, 0.8053, 0.7802, 0.9849, 0.7746, 0.8396, 0.8213, 0.8188,
        0.8488, 0.7181, 0.7863, 0.8236, 0.9415, 0.7199, 0.8998, 0.6894, 0.6961,
        0.7006, 0.9402, 0.8790, 0.9039, 0.7839, 0.7297, 0.8190, 0.8152],
       device='cuda:0', grad_fn=<SqueezeBackward1>)

################## Training is Done! #########################
Training time is : 0:01:44.821536
