=============================================
Dataset: SEED
Method:  TS-TCC
Mode:    fine_tune
=============================================
Data loaded ...
Subjet 3
if scale True
Training started ....

Epoch : 1
Train Loss     : 0.9869	 | 	Train Accuracy     : 0.5426
Valid Loss     : 0.9200	 | 	Valid Accuracy     : 0.5869

Epoch : 2
Train Loss     : 0.6370	 | 	Train Accuracy     : 0.7274
Valid Loss     : 1.0344	 | 	Valid Accuracy     : 0.6763

Epoch : 3
Train Loss     : 0.5348	 | 	Train Accuracy     : 0.7886
Valid Loss     : 0.9156	 | 	Valid Accuracy     : 0.6953

Epoch : 4
Train Loss     : 0.4539	 | 	Train Accuracy     : 0.8302
Valid Loss     : 0.6988	 | 	Valid Accuracy     : 0.7163

Epoch : 5
Train Loss     : 0.4186	 | 	Train Accuracy     : 0.8421
Valid Loss     : 0.6102	 | 	Valid Accuracy     : 0.7456

Epoch : 6
Train Loss     : 0.3821	 | 	Train Accuracy     : 0.8580
Valid Loss     : 0.7220	 | 	Valid Accuracy     : 0.7109

Epoch : 7
Train Loss     : 0.3613	 | 	Train Accuracy     : 0.8685
Valid Loss     : 0.6282	 | 	Valid Accuracy     : 0.7534

Epoch : 8
Train Loss     : 0.3570	 | 	Train Accuracy     : 0.8636
Valid Loss     : 0.6448	 | 	Valid Accuracy     : 0.7383

Epoch : 9
Train Loss     : 0.3123	 | 	Train Accuracy     : 0.8847
Valid Loss     : 0.7324	 | 	Valid Accuracy     : 0.7295

Epoch : 10
Train Loss     : 0.3063	 | 	Train Accuracy     : 0.8940
Valid Loss     : 0.6810	 | 	Valid Accuracy     : 0.7534

Epoch : 11
Train Loss     : 0.3126	 | 	Train Accuracy     : 0.8823
Valid Loss     : 0.7605	 | 	Valid Accuracy     : 0.7119

Epoch : 12
Train Loss     : 0.2982	 | 	Train Accuracy     : 0.8894
Valid Loss     : 0.7328	 | 	Valid Accuracy     : 0.7163

Epoch : 13
Train Loss     : 0.2857	 | 	Train Accuracy     : 0.8950
Valid Loss     : 0.8408	 | 	Valid Accuracy     : 0.7002

Epoch : 14
Train Loss     : 0.2875	 | 	Train Accuracy     : 0.8947
Valid Loss     : 0.8572	 | 	Valid Accuracy     : 0.6958

Epoch : 15
Train Loss     : 0.3013	 | 	Train Accuracy     : 0.8865
Valid Loss     : 0.6559	 | 	Valid Accuracy     : 0.7539

Epoch : 16
Train Loss     : 0.2792	 | 	Train Accuracy     : 0.8959
Valid Loss     : 0.7992	 | 	Valid Accuracy     : 0.7007

Epoch : 17
Train Loss     : 0.2431	 | 	Train Accuracy     : 0.9107
Valid Loss     : 0.7668	 | 	Valid Accuracy     : 0.7207

Epoch : 18
Train Loss     : 0.2228	 | 	Train Accuracy     : 0.9229
Valid Loss     : 0.7837	 | 	Valid Accuracy     : 0.7148

Epoch : 19
Train Loss     : 0.2109	 | 	Train Accuracy     : 0.9248
Valid Loss     : 0.7639	 | 	Valid Accuracy     : 0.7217

Epoch : 20
Train Loss     : 0.2079	 | 	Train Accuracy     : 0.9280
Valid Loss     : 0.7600	 | 	Valid Accuracy     : 0.7197

Epoch : 21
Train Loss     : 0.2055	 | 	Train Accuracy     : 0.9310
Valid Loss     : 0.7388	 | 	Valid Accuracy     : 0.7227

Epoch : 22
Train Loss     : 0.2031	 | 	Train Accuracy     : 0.9324
Valid Loss     : 0.7638	 | 	Valid Accuracy     : 0.7163

Epoch : 23
Train Loss     : 0.1945	 | 	Train Accuracy     : 0.9310
Valid Loss     : 0.7667	 | 	Valid Accuracy     : 0.7119

Epoch : 24
Train Loss     : 0.1977	 | 	Train Accuracy     : 0.9321
Valid Loss     : 0.7976	 | 	Valid Accuracy     : 0.7036

Epoch : 25
Train Loss     : 0.1984	 | 	Train Accuracy     : 0.9312
Valid Loss     : 0.8094	 | 	Valid Accuracy     : 0.7036

Epoch : 26
Train Loss     : 0.1972	 | 	Train Accuracy     : 0.9309
Valid Loss     : 0.8500	 | 	Valid Accuracy     : 0.6934

Epoch : 27
Train Loss     : 0.1934	 | 	Train Accuracy     : 0.9295
Valid Loss     : 0.8636	 | 	Valid Accuracy     : 0.6958

Epoch : 28
Train Loss     : 0.1844	 | 	Train Accuracy     : 0.9387
Valid Loss     : 0.7926	 | 	Valid Accuracy     : 0.7109

Epoch : 29
Train Loss     : 0.1843	 | 	Train Accuracy     : 0.9365
Valid Loss     : 0.7717	 | 	Valid Accuracy     : 0.7153

Epoch : 30
Train Loss     : 0.1861	 | 	Train Accuracy     : 0.9385
Valid Loss     : 0.7794	 | 	Valid Accuracy     : 0.7104

Evaluate on the Test set:
Test loss      :0.6859	 | Test Accuracy      : 0.7504 | Test AUPRC      : 0.5665
tensor([0.8507, 0.9485, 0.9549, 0.9186, 0.8288, 0.9580, 0.9515, 0.8728, 0.7411,
        0.6965, 0.7606, 0.8454, 0.8485, 0.7798, 0.8814, 0.6544, 0.6816, 0.7729,
        0.6625, 0.9465, 0.7538, 0.7084, 0.8591, 1.0051, 0.9571, 0.7928, 0.8077,
        0.7873, 0.7894, 0.7339, 0.8497, 0.9819, 0.8914, 0.7158, 0.6367, 0.8245,
        0.7929, 0.7176, 0.7152, 0.6867, 0.9247, 0.8779, 0.7106, 0.8004, 0.8251,
        0.8407, 0.6980, 0.7426, 0.6543, 0.6822, 0.7055, 0.7881, 0.6555, 0.6941,
        0.7233, 0.6313, 0.6949, 0.7362, 0.9406, 0.7117, 0.9497, 0.7934],
       device='cuda:0', grad_fn=<SqueezeBackward1>)

################## Training is Done! #########################
Training time is : 0:01:41.696491
