=============================================
Dataset: SEED
Method:  TS-TCC
Mode:    fine_tune
=============================================
Data loaded ...
Subjet 5
if scale True
Training started ....

Epoch : 1
Train Loss     : 1.0928	 | 	Train Accuracy     : 0.5121
Valid Loss     : 0.9557	 | 	Valid Accuracy     : 0.5186

Epoch : 2
Train Loss     : 0.6737	 | 	Train Accuracy     : 0.7023
Valid Loss     : 0.8849	 | 	Valid Accuracy     : 0.5552

Epoch : 3
Train Loss     : 0.5275	 | 	Train Accuracy     : 0.7965
Valid Loss     : 0.9432	 | 	Valid Accuracy     : 0.5713

Epoch : 4
Train Loss     : 0.4537	 | 	Train Accuracy     : 0.8242
Valid Loss     : 1.0367	 | 	Valid Accuracy     : 0.5923

Epoch : 5
Train Loss     : 0.4216	 | 	Train Accuracy     : 0.8432
Valid Loss     : 1.2058	 | 	Valid Accuracy     : 0.5947

Epoch : 6
Train Loss     : 0.4123	 | 	Train Accuracy     : 0.8415
Valid Loss     : 1.3150	 | 	Valid Accuracy     : 0.5835

Epoch : 7
Train Loss     : 0.3528	 | 	Train Accuracy     : 0.8731
Valid Loss     : 1.4220	 | 	Valid Accuracy     : 0.5850

Epoch : 8
Train Loss     : 0.3763	 | 	Train Accuracy     : 0.8526
Valid Loss     : 1.3370	 | 	Valid Accuracy     : 0.6045

Epoch : 9
Train Loss     : 0.3271	 | 	Train Accuracy     : 0.8760
Valid Loss     : 1.3901	 | 	Valid Accuracy     : 0.5801

Epoch : 10
Train Loss     : 0.2824	 | 	Train Accuracy     : 0.9044
Valid Loss     : 1.6900	 | 	Valid Accuracy     : 0.5879

Epoch : 11
Train Loss     : 0.2877	 | 	Train Accuracy     : 0.8979
Valid Loss     : 1.7015	 | 	Valid Accuracy     : 0.5835

Epoch : 12
Train Loss     : 0.2745	 | 	Train Accuracy     : 0.9027
Valid Loss     : 1.5496	 | 	Valid Accuracy     : 0.5977

Epoch : 13
Train Loss     : 0.2721	 | 	Train Accuracy     : 0.9022
Valid Loss     : 1.7482	 | 	Valid Accuracy     : 0.5889

Epoch : 14
Train Loss     : 0.2363	 | 	Train Accuracy     : 0.9212
Valid Loss     : 1.5837	 | 	Valid Accuracy     : 0.6016

Epoch : 15
Train Loss     : 0.2052	 | 	Train Accuracy     : 0.9375
Valid Loss     : 1.5268	 | 	Valid Accuracy     : 0.6030

Epoch : 16
Train Loss     : 0.2014	 | 	Train Accuracy     : 0.9409
Valid Loss     : 1.6175	 | 	Valid Accuracy     : 0.5933

Epoch : 17
Train Loss     : 0.1985	 | 	Train Accuracy     : 0.9414
Valid Loss     : 1.5634	 | 	Valid Accuracy     : 0.6001

Epoch : 18
Train Loss     : 0.1945	 | 	Train Accuracy     : 0.9383
Valid Loss     : 1.6262	 | 	Valid Accuracy     : 0.5898

Epoch : 19
Train Loss     : 0.1859	 | 	Train Accuracy     : 0.9457
Valid Loss     : 1.6337	 | 	Valid Accuracy     : 0.5933

Epoch : 20
Train Loss     : 0.1774	 | 	Train Accuracy     : 0.9472
Valid Loss     : 1.6277	 | 	Valid Accuracy     : 0.5957

Epoch : 21
Train Loss     : 0.1788	 | 	Train Accuracy     : 0.9470
Valid Loss     : 1.5916	 | 	Valid Accuracy     : 0.5942

Epoch : 22
Train Loss     : 0.1763	 | 	Train Accuracy     : 0.9494
Valid Loss     : 1.6349	 | 	Valid Accuracy     : 0.5923

Epoch : 23
Train Loss     : 0.1732	 | 	Train Accuracy     : 0.9458
Valid Loss     : 1.6617	 | 	Valid Accuracy     : 0.5947

Epoch : 24
Train Loss     : 0.1648	 | 	Train Accuracy     : 0.9530
Valid Loss     : 1.7475	 | 	Valid Accuracy     : 0.5854

Epoch : 25
Train Loss     : 0.1634	 | 	Train Accuracy     : 0.9526
Valid Loss     : 1.7266	 | 	Valid Accuracy     : 0.5845

Epoch : 26
Train Loss     : 0.1611	 | 	Train Accuracy     : 0.9553
Valid Loss     : 1.6803	 | 	Valid Accuracy     : 0.5898

Epoch : 27
Train Loss     : 0.1543	 | 	Train Accuracy     : 0.9570
Valid Loss     : 1.7145	 | 	Valid Accuracy     : 0.5884

Epoch : 28
Train Loss     : 0.1601	 | 	Train Accuracy     : 0.9550
Valid Loss     : 1.6976	 | 	Valid Accuracy     : 0.5879

Epoch : 29
Train Loss     : 0.1604	 | 	Train Accuracy     : 0.9528
Valid Loss     : 1.6954	 | 	Valid Accuracy     : 0.5894

Epoch : 30
Train Loss     : 0.1566	 | 	Train Accuracy     : 0.9550
Valid Loss     : 1.7246	 | 	Valid Accuracy     : 0.5879

Evaluate on the Test set:
Test loss      :1.2776	 | Test Accuracy      : 0.7037 | Test AUPRC      : 0.5412
tensor([0.8748, 0.9126, 0.8895, 0.8782, 0.7951, 0.8338, 0.9382, 0.7993, 0.8142,
        0.7511, 0.7705, 0.8027, 0.8549, 0.8748, 0.9410, 0.8476, 0.8819, 0.7739,
        0.7300, 0.8252, 0.7954, 0.8396, 0.8503, 1.0236, 0.9684, 0.8647, 0.8217,
        0.8177, 0.8887, 0.8470, 0.9116, 1.0000, 0.9939, 0.7271, 0.7068, 0.8592,
        0.8323, 0.7355, 0.8148, 0.9350, 0.9393, 0.9576, 0.8019, 0.9603, 0.7938,
        0.8234, 0.8752, 0.8022, 0.7754, 0.9382, 0.7552, 0.7725, 0.7251, 0.7669,
        0.8119, 0.7162, 0.7431, 0.8824, 0.8921, 0.8072, 0.8877, 0.8291],
       device='cuda:0', grad_fn=<SqueezeBackward1>)

################## Training is Done! #########################
Training time is : 0:01:41.699360
