=============================================
Dataset: SEED
Method:  TS-TCC
Mode:    fine_tune
=============================================
Data loaded ...
Subjet 2
if scale False
Training started ....

Epoch : 1
Train Loss     : 0.9644	 | 	Train Accuracy     : 0.5550
Valid Loss     : 1.2488	 | 	Valid Accuracy     : 0.5098

Epoch : 2
Train Loss     : 0.6003	 | 	Train Accuracy     : 0.7544
Valid Loss     : 1.5179	 | 	Valid Accuracy     : 0.5752

Epoch : 3
Train Loss     : 0.4640	 | 	Train Accuracy     : 0.8222
Valid Loss     : 1.6705	 | 	Valid Accuracy     : 0.5688

Epoch : 4
Train Loss     : 0.4119	 | 	Train Accuracy     : 0.8439
Valid Loss     : 1.2603	 | 	Valid Accuracy     : 0.5278

Epoch : 5
Train Loss     : 0.3973	 | 	Train Accuracy     : 0.8505
Valid Loss     : 1.4443	 | 	Valid Accuracy     : 0.5142

Epoch : 6
Train Loss     : 0.3923	 | 	Train Accuracy     : 0.8548
Valid Loss     : 1.6192	 | 	Valid Accuracy     : 0.5068

Epoch : 7
Train Loss     : 0.3899	 | 	Train Accuracy     : 0.8526
Valid Loss     : 1.2513	 | 	Valid Accuracy     : 0.5649

Epoch : 8
Train Loss     : 0.3772	 | 	Train Accuracy     : 0.8534
Valid Loss     : 1.5978	 | 	Valid Accuracy     : 0.5288

Epoch : 9
Train Loss     : 0.3481	 | 	Train Accuracy     : 0.8708
Valid Loss     : 1.7654	 | 	Valid Accuracy     : 0.5635

Epoch : 10
Train Loss     : 0.3404	 | 	Train Accuracy     : 0.8711
Valid Loss     : 1.5532	 | 	Valid Accuracy     : 0.5215

Epoch : 11
Train Loss     : 0.3464	 | 	Train Accuracy     : 0.8674
Valid Loss     : 1.5051	 | 	Valid Accuracy     : 0.5254

Epoch : 12
Train Loss     : 0.3378	 | 	Train Accuracy     : 0.8733
Valid Loss     : 1.3983	 | 	Valid Accuracy     : 0.5630

Epoch : 13
Train Loss     : 0.2870	 | 	Train Accuracy     : 0.8959
Valid Loss     : 1.4730	 | 	Valid Accuracy     : 0.5850

Epoch : 14
Train Loss     : 0.2683	 | 	Train Accuracy     : 0.9039
Valid Loss     : 1.4967	 | 	Valid Accuracy     : 0.5767

Epoch : 15
Train Loss     : 0.2745	 | 	Train Accuracy     : 0.9039
Valid Loss     : 1.3929	 | 	Valid Accuracy     : 0.5903

Epoch : 16
Train Loss     : 0.2655	 | 	Train Accuracy     : 0.9057
Valid Loss     : 1.4618	 | 	Valid Accuracy     : 0.5957

Epoch : 17
Train Loss     : 0.2636	 | 	Train Accuracy     : 0.9078
Valid Loss     : 1.6981	 | 	Valid Accuracy     : 0.5669

Epoch : 18
Train Loss     : 0.2602	 | 	Train Accuracy     : 0.9113
Valid Loss     : 1.6027	 | 	Valid Accuracy     : 0.5962

Epoch : 19
Train Loss     : 0.2526	 | 	Train Accuracy     : 0.9132
Valid Loss     : 1.7114	 | 	Valid Accuracy     : 0.5869

Epoch : 20
Train Loss     : 0.2522	 | 	Train Accuracy     : 0.9115
Valid Loss     : 1.5080	 | 	Valid Accuracy     : 0.6177

Epoch : 21
Train Loss     : 0.2436	 | 	Train Accuracy     : 0.9164
Valid Loss     : 1.6604	 | 	Valid Accuracy     : 0.5996

Epoch : 22
Train Loss     : 0.2437	 | 	Train Accuracy     : 0.9149
Valid Loss     : 1.5812	 | 	Valid Accuracy     : 0.6045

Epoch : 23
Train Loss     : 0.2419	 | 	Train Accuracy     : 0.9149
Valid Loss     : 1.6636	 | 	Valid Accuracy     : 0.5918

Epoch : 24
Train Loss     : 0.2391	 | 	Train Accuracy     : 0.9220
Valid Loss     : 1.6064	 | 	Valid Accuracy     : 0.6055

Epoch : 25
Train Loss     : 0.2335	 | 	Train Accuracy     : 0.9207
Valid Loss     : 1.5758	 | 	Valid Accuracy     : 0.6035

Epoch : 26
Train Loss     : 0.2376	 | 	Train Accuracy     : 0.9200
Valid Loss     : 1.7885	 | 	Valid Accuracy     : 0.6089

Epoch : 27
Train Loss     : 0.2362	 | 	Train Accuracy     : 0.9210
Valid Loss     : 1.6418	 | 	Valid Accuracy     : 0.6079

Epoch : 28
Train Loss     : 0.2329	 | 	Train Accuracy     : 0.9202
Valid Loss     : 1.5391	 | 	Valid Accuracy     : 0.6147

Epoch : 29
Train Loss     : 0.2317	 | 	Train Accuracy     : 0.9248
Valid Loss     : 1.5435	 | 	Valid Accuracy     : 0.6113

Epoch : 30
Train Loss     : 0.2330	 | 	Train Accuracy     : 0.9231
Valid Loss     : 1.7395	 | 	Valid Accuracy     : 0.5840

Evaluate on the Test set:
Test loss      :1.6150	 | Test Accuracy      : 0.5553 | Test AUPRC      : 0.4972
tensor([1., 1., 1., 1., 1., 1., 1., 1., 1., 1., 1., 1., 1., 1., 1., 1., 1., 1.,
        1., 1., 1., 1., 1., 1., 1., 1., 1., 1., 1., 1., 1., 1., 1., 1., 1., 1.,
        1., 1., 1., 1., 1., 1., 1., 1., 1., 1., 1., 1., 1., 1., 1., 1., 1., 1.,
        1., 1., 1., 1., 1., 1., 1., 1.], device='cuda:0',
       grad_fn=<SqueezeBackward1>)

################## Training is Done! #########################
Training time is : 0:01:37.896729
