=============================================
Dataset: SEED
Method:  TS-TCC
Mode:    fine_tune
=============================================
Data loaded ...
Subjet 8
if scale True
Training started ....

Epoch : 1
Train Loss     : 0.7499	 | 	Train Accuracy     : 0.6529
Valid Loss     : 0.4806	 | 	Valid Accuracy     : 0.8188

Epoch : 2
Train Loss     : 0.3596	 | 	Train Accuracy     : 0.8582
Valid Loss     : 0.3803	 | 	Valid Accuracy     : 0.8423

Epoch : 3
Train Loss     : 0.2713	 | 	Train Accuracy     : 0.9023
Valid Loss     : 0.3745	 | 	Valid Accuracy     : 0.8506

Epoch : 4
Train Loss     : 0.2366	 | 	Train Accuracy     : 0.9139
Valid Loss     : 0.4000	 | 	Valid Accuracy     : 0.8423

Epoch : 5
Train Loss     : 0.2222	 | 	Train Accuracy     : 0.9198
Valid Loss     : 0.3794	 | 	Valid Accuracy     : 0.8540

Epoch : 6
Train Loss     : 0.1915	 | 	Train Accuracy     : 0.9317
Valid Loss     : 0.5945	 | 	Valid Accuracy     : 0.7764

Epoch : 7
Train Loss     : 0.1866	 | 	Train Accuracy     : 0.9310
Valid Loss     : 0.4452	 | 	Valid Accuracy     : 0.8145

Epoch : 8
Train Loss     : 0.1900	 | 	Train Accuracy     : 0.9290
Valid Loss     : 0.4087	 | 	Valid Accuracy     : 0.8477

Epoch : 9
Train Loss     : 0.1622	 | 	Train Accuracy     : 0.9412
Valid Loss     : 0.4071	 | 	Valid Accuracy     : 0.8311

Epoch : 10
Train Loss     : 0.1688	 | 	Train Accuracy     : 0.9383
Valid Loss     : 0.4084	 | 	Valid Accuracy     : 0.8379

Epoch : 11
Train Loss     : 0.1557	 | 	Train Accuracy     : 0.9440
Valid Loss     : 0.4500	 | 	Valid Accuracy     : 0.8076

Epoch : 12
Train Loss     : 0.1437	 | 	Train Accuracy     : 0.9463
Valid Loss     : 0.5355	 | 	Valid Accuracy     : 0.7925

Epoch : 13
Train Loss     : 0.1294	 | 	Train Accuracy     : 0.9519
Valid Loss     : 0.4121	 | 	Valid Accuracy     : 0.8408

Epoch : 14
Train Loss     : 0.1407	 | 	Train Accuracy     : 0.9479
Valid Loss     : 0.4905	 | 	Valid Accuracy     : 0.8125

Epoch : 15
Train Loss     : 0.1239	 | 	Train Accuracy     : 0.9557
Valid Loss     : 0.4171	 | 	Valid Accuracy     : 0.8286

Epoch : 16
Train Loss     : 0.1037	 | 	Train Accuracy     : 0.9686
Valid Loss     : 0.5113	 | 	Valid Accuracy     : 0.7993

Epoch : 17
Train Loss     : 0.0976	 | 	Train Accuracy     : 0.9672
Valid Loss     : 0.4842	 | 	Valid Accuracy     : 0.8096

Epoch : 18
Train Loss     : 0.0983	 | 	Train Accuracy     : 0.9693
Valid Loss     : 0.5103	 | 	Valid Accuracy     : 0.8047

Epoch : 19
Train Loss     : 0.0951	 | 	Train Accuracy     : 0.9688
Valid Loss     : 0.5132	 | 	Valid Accuracy     : 0.8018

Epoch : 20
Train Loss     : 0.0939	 | 	Train Accuracy     : 0.9723
Valid Loss     : 0.5202	 | 	Valid Accuracy     : 0.8037

Epoch : 21
Train Loss     : 0.0903	 | 	Train Accuracy     : 0.9737
Valid Loss     : 0.4934	 | 	Valid Accuracy     : 0.8032

Epoch : 22
Train Loss     : 0.0892	 | 	Train Accuracy     : 0.9745
Valid Loss     : 0.5331	 | 	Valid Accuracy     : 0.7983

Epoch : 23
Train Loss     : 0.0911	 | 	Train Accuracy     : 0.9723
Valid Loss     : 0.4989	 | 	Valid Accuracy     : 0.8071

Epoch : 24
Train Loss     : 0.0897	 | 	Train Accuracy     : 0.9721
Valid Loss     : 0.5231	 | 	Valid Accuracy     : 0.8027

Epoch : 25
Train Loss     : 0.0880	 | 	Train Accuracy     : 0.9740
Valid Loss     : 0.5393	 | 	Valid Accuracy     : 0.7988

Epoch : 26
Train Loss     : 0.0835	 | 	Train Accuracy     : 0.9754
Valid Loss     : 0.5044	 | 	Valid Accuracy     : 0.8091

Epoch : 27
Train Loss     : 0.0834	 | 	Train Accuracy     : 0.9745
Valid Loss     : 0.4951	 | 	Valid Accuracy     : 0.8096

Epoch : 28
Train Loss     : 0.0830	 | 	Train Accuracy     : 0.9762
Valid Loss     : 0.5030	 | 	Valid Accuracy     : 0.8086

Epoch : 29
Train Loss     : 0.0786	 | 	Train Accuracy     : 0.9788
Valid Loss     : 0.5066	 | 	Valid Accuracy     : 0.8091

Epoch : 30
Train Loss     : 0.0807	 | 	Train Accuracy     : 0.9764
Valid Loss     : 0.5157	 | 	Valid Accuracy     : 0.8052

Evaluate on the Test set:
Test loss      :0.6835	 | Test Accuracy      : 0.7608 | Test AUPRC      : 0.6188
tensor([0.8293, 0.7964, 1.0017, 0.8615, 0.8567, 0.8967, 0.9042, 0.7683, 0.7481,
        0.7357, 0.7865, 0.7432, 0.8536, 0.8471, 0.7949, 0.6796, 0.7747, 0.7258,
        0.6816, 0.7416, 0.8619, 0.7788, 0.7666, 0.9614, 0.8770, 0.7763, 0.7431,
        0.7057, 0.7317, 0.8417, 0.7376, 0.9386, 0.9026, 0.8275, 0.7151, 0.7446,
        0.7878, 0.7567, 0.8169, 0.7235, 1.0007, 0.7560, 0.7560, 0.7333, 0.7711,
        0.8230, 0.7444, 0.7194, 0.7287, 0.7815, 0.7034, 0.7180, 0.7265, 0.7415,
        0.7702, 0.6764, 0.7211, 0.7247, 0.7628, 0.7512, 0.7785, 0.7581],
       device='cuda:0', grad_fn=<SqueezeBackward1>)

################## Training is Done! #########################
Training time is : 0:01:43.955287
