=============================================
Dataset: SEED
Method:  TS-TCC
Mode:    fine_tune
=============================================
Data loaded ...
Subjet 7
if scale False
Training started ....

Epoch : 1
Train Loss     : 0.9395	 | 	Train Accuracy     : 0.5897
Valid Loss     : 0.7806	 | 	Valid Accuracy     : 0.6455

Epoch : 2
Train Loss     : 0.4425	 | 	Train Accuracy     : 0.8327
Valid Loss     : 0.4809	 | 	Valid Accuracy     : 0.7866

Epoch : 3
Train Loss     : 0.3801	 | 	Train Accuracy     : 0.8524
Valid Loss     : 0.4843	 | 	Valid Accuracy     : 0.8228

Epoch : 4
Train Loss     : 0.3577	 | 	Train Accuracy     : 0.8567
Valid Loss     : 0.4357	 | 	Valid Accuracy     : 0.8232

Epoch : 5
Train Loss     : 0.3226	 | 	Train Accuracy     : 0.8736
Valid Loss     : 0.4217	 | 	Valid Accuracy     : 0.8359

Epoch : 6
Train Loss     : 0.3018	 | 	Train Accuracy     : 0.8847
Valid Loss     : 0.4111	 | 	Valid Accuracy     : 0.8423

Epoch : 7
Train Loss     : 0.2933	 | 	Train Accuracy     : 0.8905
Valid Loss     : 0.3955	 | 	Valid Accuracy     : 0.8511

Epoch : 8
Train Loss     : 0.3008	 | 	Train Accuracy     : 0.8828
Valid Loss     : 0.4203	 | 	Valid Accuracy     : 0.8491

Epoch : 9
Train Loss     : 0.2614	 | 	Train Accuracy     : 0.9023
Valid Loss     : 0.4039	 | 	Valid Accuracy     : 0.8491

Epoch : 10
Train Loss     : 0.2553	 | 	Train Accuracy     : 0.9032
Valid Loss     : 0.3765	 | 	Valid Accuracy     : 0.8574

Epoch : 11
Train Loss     : 0.2672	 | 	Train Accuracy     : 0.8988
Valid Loss     : 0.4334	 | 	Valid Accuracy     : 0.8511

Epoch : 12
Train Loss     : 0.2430	 | 	Train Accuracy     : 0.9117
Valid Loss     : 0.3715	 | 	Valid Accuracy     : 0.8599

Epoch : 13
Train Loss     : 0.2271	 | 	Train Accuracy     : 0.9166
Valid Loss     : 0.3557	 | 	Valid Accuracy     : 0.8623

Epoch : 14
Train Loss     : 0.2135	 | 	Train Accuracy     : 0.9241
Valid Loss     : 0.5608	 | 	Valid Accuracy     : 0.8042

Epoch : 15
Train Loss     : 0.2251	 | 	Train Accuracy     : 0.9168
Valid Loss     : 0.5505	 | 	Valid Accuracy     : 0.8081

Epoch : 16
Train Loss     : 0.1986	 | 	Train Accuracy     : 0.9275
Valid Loss     : 0.3684	 | 	Valid Accuracy     : 0.8628

Epoch : 17
Train Loss     : 0.2098	 | 	Train Accuracy     : 0.9209
Valid Loss     : 0.4366	 | 	Valid Accuracy     : 0.8574

Epoch : 18
Train Loss     : 0.2068	 | 	Train Accuracy     : 0.9214
Valid Loss     : 0.3892	 | 	Valid Accuracy     : 0.8535

Epoch : 19
Train Loss     : 0.2273	 | 	Train Accuracy     : 0.9147
Valid Loss     : 0.4525	 | 	Valid Accuracy     : 0.8589

Epoch : 20
Train Loss     : 0.1994	 | 	Train Accuracy     : 0.9302
Valid Loss     : 0.4674	 | 	Valid Accuracy     : 0.8442

Epoch : 21
Train Loss     : 0.2033	 | 	Train Accuracy     : 0.9241
Valid Loss     : 0.5923	 | 	Valid Accuracy     : 0.7891

Epoch : 22
Train Loss     : 0.1923	 | 	Train Accuracy     : 0.9287
Valid Loss     : 0.4689	 | 	Valid Accuracy     : 0.8506

Epoch : 23
Train Loss     : 0.1884	 | 	Train Accuracy     : 0.9305
Valid Loss     : 0.4207	 | 	Valid Accuracy     : 0.8564

Epoch : 24
Train Loss     : 0.1721	 | 	Train Accuracy     : 0.9343
Valid Loss     : 0.5009	 | 	Valid Accuracy     : 0.8306

Epoch : 25
Train Loss     : 0.1644	 | 	Train Accuracy     : 0.9421
Valid Loss     : 0.4765	 | 	Valid Accuracy     : 0.8350

Epoch : 26
Train Loss     : 0.1414	 | 	Train Accuracy     : 0.9528
Valid Loss     : 0.5177	 | 	Valid Accuracy     : 0.8267

Epoch : 27
Train Loss     : 0.1354	 | 	Train Accuracy     : 0.9547
Valid Loss     : 0.4896	 | 	Valid Accuracy     : 0.8301

Epoch : 28
Train Loss     : 0.1319	 | 	Train Accuracy     : 0.9560
Valid Loss     : 0.4507	 | 	Valid Accuracy     : 0.8423

Epoch : 29
Train Loss     : 0.1263	 | 	Train Accuracy     : 0.9581
Valid Loss     : 0.5018	 | 	Valid Accuracy     : 0.8242

Epoch : 30
Train Loss     : 0.1286	 | 	Train Accuracy     : 0.9567
Valid Loss     : 0.4342	 | 	Valid Accuracy     : 0.8486

Evaluate on the Test set:
Test loss      :0.8993	 | Test Accuracy      : 0.6509 | Test AUPRC      : 0.5678
tensor([1., 1., 1., 1., 1., 1., 1., 1., 1., 1., 1., 1., 1., 1., 1., 1., 1., 1.,
        1., 1., 1., 1., 1., 1., 1., 1., 1., 1., 1., 1., 1., 1., 1., 1., 1., 1.,
        1., 1., 1., 1., 1., 1., 1., 1., 1., 1., 1., 1., 1., 1., 1., 1., 1., 1.,
        1., 1., 1., 1., 1., 1., 1., 1.], device='cuda:0',
       grad_fn=<SqueezeBackward1>)

################## Training is Done! #########################
Training time is : 0:01:39.877295
