=============================================
Dataset: SEED
Method:  TS-TCC
Mode:    fine_tune
=============================================
Data loaded ...
Subjet 13
if scale False
Training started ....

Epoch : 1
Train Loss     : 0.7588	 | 	Train Accuracy     : 0.6308
Valid Loss     : 1.2595	 | 	Valid Accuracy     : 0.5312

Epoch : 2
Train Loss     : 0.4593	 | 	Train Accuracy     : 0.7909
Valid Loss     : 0.7440	 | 	Valid Accuracy     : 0.6714

Epoch : 3
Train Loss     : 0.3922	 | 	Train Accuracy     : 0.8242
Valid Loss     : 0.7567	 | 	Valid Accuracy     : 0.7036

Epoch : 4
Train Loss     : 0.3352	 | 	Train Accuracy     : 0.8658
Valid Loss     : 0.5456	 | 	Valid Accuracy     : 0.7769

Epoch : 5
Train Loss     : 0.2977	 | 	Train Accuracy     : 0.8835
Valid Loss     : 0.5774	 | 	Valid Accuracy     : 0.7563

Epoch : 6
Train Loss     : 0.2642	 | 	Train Accuracy     : 0.8978
Valid Loss     : 0.5658	 | 	Valid Accuracy     : 0.7637

Epoch : 7
Train Loss     : 0.2564	 | 	Train Accuracy     : 0.8957
Valid Loss     : 0.5322	 | 	Valid Accuracy     : 0.7690

Epoch : 8
Train Loss     : 0.2602	 | 	Train Accuracy     : 0.8928
Valid Loss     : 0.5743	 | 	Valid Accuracy     : 0.7749

Epoch : 9
Train Loss     : 0.2381	 | 	Train Accuracy     : 0.9030
Valid Loss     : 0.6018	 | 	Valid Accuracy     : 0.7622

Epoch : 10
Train Loss     : 0.2049	 | 	Train Accuracy     : 0.9239
Valid Loss     : 0.6346	 | 	Valid Accuracy     : 0.7495

Epoch : 11
Train Loss     : 0.2264	 | 	Train Accuracy     : 0.9098
Valid Loss     : 0.6089	 | 	Valid Accuracy     : 0.7578

Epoch : 12
Train Loss     : 0.2009	 | 	Train Accuracy     : 0.9273
Valid Loss     : 0.6351	 | 	Valid Accuracy     : 0.7510

Epoch : 13
Train Loss     : 0.1844	 | 	Train Accuracy     : 0.9288
Valid Loss     : 0.5998	 | 	Valid Accuracy     : 0.7661

Epoch : 14
Train Loss     : 0.1877	 | 	Train Accuracy     : 0.9299
Valid Loss     : 0.8289	 | 	Valid Accuracy     : 0.7256

Epoch : 15
Train Loss     : 0.1686	 | 	Train Accuracy     : 0.9377
Valid Loss     : 0.6400	 | 	Valid Accuracy     : 0.7559

Epoch : 16
Train Loss     : 0.1586	 | 	Train Accuracy     : 0.9419
Valid Loss     : 0.6999	 | 	Valid Accuracy     : 0.7456

Epoch : 17
Train Loss     : 0.1631	 | 	Train Accuracy     : 0.9411
Valid Loss     : 0.6907	 | 	Valid Accuracy     : 0.7583

Epoch : 18
Train Loss     : 0.1505	 | 	Train Accuracy     : 0.9443
Valid Loss     : 0.7125	 | 	Valid Accuracy     : 0.7432

Epoch : 19
Train Loss     : 0.1326	 | 	Train Accuracy     : 0.9494
Valid Loss     : 0.7115	 | 	Valid Accuracy     : 0.7412

Epoch : 20
Train Loss     : 0.1084	 | 	Train Accuracy     : 0.9650
Valid Loss     : 0.7692	 | 	Valid Accuracy     : 0.7354

Epoch : 21
Train Loss     : 0.1052	 | 	Train Accuracy     : 0.9674
Valid Loss     : 0.7574	 | 	Valid Accuracy     : 0.7349

Epoch : 22
Train Loss     : 0.1019	 | 	Train Accuracy     : 0.9699
Valid Loss     : 0.7228	 | 	Valid Accuracy     : 0.7432

Epoch : 23
Train Loss     : 0.1044	 | 	Train Accuracy     : 0.9665
Valid Loss     : 0.7277	 | 	Valid Accuracy     : 0.7422

Epoch : 24
Train Loss     : 0.1022	 | 	Train Accuracy     : 0.9720
Valid Loss     : 0.7136	 | 	Valid Accuracy     : 0.7471

Epoch : 25
Train Loss     : 0.0965	 | 	Train Accuracy     : 0.9723
Valid Loss     : 0.7120	 | 	Valid Accuracy     : 0.7471

Epoch : 26
Train Loss     : 0.0984	 | 	Train Accuracy     : 0.9723
Valid Loss     : 0.7643	 | 	Valid Accuracy     : 0.7402

Epoch : 27
Train Loss     : 0.0981	 | 	Train Accuracy     : 0.9715
Valid Loss     : 0.7130	 | 	Valid Accuracy     : 0.7441

Epoch : 28
Train Loss     : 0.0974	 | 	Train Accuracy     : 0.9718
Valid Loss     : 0.6883	 | 	Valid Accuracy     : 0.7520

Epoch : 29
Train Loss     : 0.0943	 | 	Train Accuracy     : 0.9723
Valid Loss     : 0.6930	 | 	Valid Accuracy     : 0.7432

Epoch : 30
Train Loss     : 0.0880	 | 	Train Accuracy     : 0.9740
Valid Loss     : 0.7315	 | 	Valid Accuracy     : 0.7446

Evaluate on the Test set:
Test loss      :1.6256	 | Test Accuracy      : 0.6778 | Test AUPRC      : 0.5302
tensor([1., 1., 1., 1., 1., 1., 1., 1., 1., 1., 1., 1., 1., 1., 1., 1., 1., 1.,
        1., 1., 1., 1., 1., 1., 1., 1., 1., 1., 1., 1., 1., 1., 1., 1., 1., 1.,
        1., 1., 1., 1., 1., 1., 1., 1., 1., 1., 1., 1., 1., 1., 1., 1., 1., 1.,
        1., 1., 1., 1., 1., 1., 1., 1.], device='cuda:0',
       grad_fn=<SqueezeBackward1>)

################## Training is Done! #########################
Training time is : 0:01:38.807957
