=============================================
Dataset: SEED
Method:  TS-TCC
Mode:    fine_tune
=============================================
Data loaded ...
Subjet 7
if scale True
Training started ....

Epoch : 1
Train Loss     : 0.9380	 | 	Train Accuracy     : 0.5909
Valid Loss     : 0.7888	 | 	Valid Accuracy     : 0.6382

Epoch : 2
Train Loss     : 0.4428	 | 	Train Accuracy     : 0.8300
Valid Loss     : 0.4754	 | 	Valid Accuracy     : 0.7891

Epoch : 3
Train Loss     : 0.3797	 | 	Train Accuracy     : 0.8536
Valid Loss     : 0.4764	 | 	Valid Accuracy     : 0.8247

Epoch : 4
Train Loss     : 0.3569	 | 	Train Accuracy     : 0.8568
Valid Loss     : 0.4508	 | 	Valid Accuracy     : 0.8115

Epoch : 5
Train Loss     : 0.3286	 | 	Train Accuracy     : 0.8735
Valid Loss     : 0.4343	 | 	Valid Accuracy     : 0.8301

Epoch : 6
Train Loss     : 0.3052	 | 	Train Accuracy     : 0.8845
Valid Loss     : 0.3988	 | 	Valid Accuracy     : 0.8447

Epoch : 7
Train Loss     : 0.2898	 | 	Train Accuracy     : 0.8916
Valid Loss     : 0.4328	 | 	Valid Accuracy     : 0.8359

Epoch : 8
Train Loss     : 0.2915	 | 	Train Accuracy     : 0.8871
Valid Loss     : 0.3934	 | 	Valid Accuracy     : 0.8618

Epoch : 9
Train Loss     : 0.2564	 | 	Train Accuracy     : 0.9042
Valid Loss     : 0.3837	 | 	Valid Accuracy     : 0.8521

Epoch : 10
Train Loss     : 0.2608	 | 	Train Accuracy     : 0.9023
Valid Loss     : 0.4879	 | 	Valid Accuracy     : 0.8315

Epoch : 11
Train Loss     : 0.2700	 | 	Train Accuracy     : 0.8962
Valid Loss     : 0.3914	 | 	Valid Accuracy     : 0.8525

Epoch : 12
Train Loss     : 0.2496	 | 	Train Accuracy     : 0.9059
Valid Loss     : 0.3593	 | 	Valid Accuracy     : 0.8643

Epoch : 13
Train Loss     : 0.2335	 | 	Train Accuracy     : 0.9164
Valid Loss     : 0.3733	 | 	Valid Accuracy     : 0.8442

Epoch : 14
Train Loss     : 0.2339	 | 	Train Accuracy     : 0.9110
Valid Loss     : 0.4780	 | 	Valid Accuracy     : 0.8340

Epoch : 15
Train Loss     : 0.2407	 | 	Train Accuracy     : 0.9146
Valid Loss     : 0.4334	 | 	Valid Accuracy     : 0.8320

Epoch : 16
Train Loss     : 0.2197	 | 	Train Accuracy     : 0.9161
Valid Loss     : 0.3689	 | 	Valid Accuracy     : 0.8618

Epoch : 17
Train Loss     : 0.2193	 | 	Train Accuracy     : 0.9180
Valid Loss     : 0.4377	 | 	Valid Accuracy     : 0.8345

Epoch : 18
Train Loss     : 0.2165	 | 	Train Accuracy     : 0.9212
Valid Loss     : 0.3472	 | 	Valid Accuracy     : 0.8682

Epoch : 19
Train Loss     : 0.2216	 | 	Train Accuracy     : 0.9193
Valid Loss     : 0.4840	 | 	Valid Accuracy     : 0.8237

Epoch : 20
Train Loss     : 0.2096	 | 	Train Accuracy     : 0.9241
Valid Loss     : 0.4277	 | 	Valid Accuracy     : 0.8560

Epoch : 21
Train Loss     : 0.2109	 | 	Train Accuracy     : 0.9237
Valid Loss     : 0.4323	 | 	Valid Accuracy     : 0.8364

Epoch : 22
Train Loss     : 0.1933	 | 	Train Accuracy     : 0.9297
Valid Loss     : 0.4414	 | 	Valid Accuracy     : 0.8345

Epoch : 23
Train Loss     : 0.2013	 | 	Train Accuracy     : 0.9256
Valid Loss     : 0.4652	 | 	Valid Accuracy     : 0.8218

Epoch : 24
Train Loss     : 0.1992	 | 	Train Accuracy     : 0.9271
Valid Loss     : 0.4940	 | 	Valid Accuracy     : 0.8154

Epoch : 25
Train Loss     : 0.1992	 | 	Train Accuracy     : 0.9243
Valid Loss     : 0.4298	 | 	Valid Accuracy     : 0.8525

Epoch : 26
Train Loss     : 0.1797	 | 	Train Accuracy     : 0.9360
Valid Loss     : 0.4082	 | 	Valid Accuracy     : 0.8423

Epoch : 27
Train Loss     : 0.1800	 | 	Train Accuracy     : 0.9353
Valid Loss     : 0.5968	 | 	Valid Accuracy     : 0.7944

Epoch : 28
Train Loss     : 0.1763	 | 	Train Accuracy     : 0.9351
Valid Loss     : 0.3697	 | 	Valid Accuracy     : 0.8662

Epoch : 29
Train Loss     : 0.1603	 | 	Train Accuracy     : 0.9436
Valid Loss     : 0.5427	 | 	Valid Accuracy     : 0.8140

Epoch : 30
Train Loss     : 0.1529	 | 	Train Accuracy     : 0.9475
Valid Loss     : 0.4119	 | 	Valid Accuracy     : 0.8457

Evaluate on the Test set:
Test loss      :0.9140	 | Test Accuracy      : 0.6554 | Test AUPRC      : 0.5739
tensor([0.6670, 0.8382, 0.9522, 0.6455, 0.9184, 0.8603, 0.8958, 0.6985, 0.5297,
        0.6285, 0.5095, 0.4570, 0.8710, 0.8360, 0.5579, 0.4732, 0.5916, 0.4886,
        0.4642, 0.6887, 0.4944, 0.8609, 0.7325, 1.0224, 0.7246, 0.7881, 0.5164,
        0.6448, 0.5378, 0.4527, 0.4999, 0.9397, 0.7709, 0.7283, 0.4671, 0.6818,
        0.6269, 0.6210, 0.4999, 0.7177, 0.6852, 0.4987, 0.6577, 0.5738, 0.5104,
        0.6152, 0.7038, 0.4772, 0.4703, 0.5535, 0.5786, 0.5043, 0.4863, 0.5910,
        0.4741, 0.4001, 0.4679, 0.8801, 0.8515, 0.4673, 0.6764, 0.5531],
       device='cuda:0', grad_fn=<SqueezeBackward1>)

################## Training is Done! #########################
Training time is : 0:01:41.788670
