=============================================
Dataset: SEED
Method:  TS-TCC
Mode:    fine_tune
=============================================
Data loaded ...
Subjet 3
if scale False
Training started ....

Epoch : 1
Train Loss     : 0.9881	 | 	Train Accuracy     : 0.5428
Valid Loss     : 0.9213	 | 	Valid Accuracy     : 0.5928

Epoch : 2
Train Loss     : 0.6355	 | 	Train Accuracy     : 0.7293
Valid Loss     : 1.0523	 | 	Valid Accuracy     : 0.6777

Epoch : 3
Train Loss     : 0.5321	 | 	Train Accuracy     : 0.7886
Valid Loss     : 0.9291	 | 	Valid Accuracy     : 0.6948

Epoch : 4
Train Loss     : 0.4512	 | 	Train Accuracy     : 0.8342
Valid Loss     : 0.6969	 | 	Valid Accuracy     : 0.7178

Epoch : 5
Train Loss     : 0.4212	 | 	Train Accuracy     : 0.8429
Valid Loss     : 0.6167	 | 	Valid Accuracy     : 0.7563

Epoch : 6
Train Loss     : 0.3833	 | 	Train Accuracy     : 0.8580
Valid Loss     : 0.6251	 | 	Valid Accuracy     : 0.7568

Epoch : 7
Train Loss     : 0.3669	 | 	Train Accuracy     : 0.8667
Valid Loss     : 0.6868	 | 	Valid Accuracy     : 0.7314

Epoch : 8
Train Loss     : 0.3904	 | 	Train Accuracy     : 0.8475
Valid Loss     : 0.5828	 | 	Valid Accuracy     : 0.7686

Epoch : 9
Train Loss     : 0.3337	 | 	Train Accuracy     : 0.8767
Valid Loss     : 0.6964	 | 	Valid Accuracy     : 0.7441

Epoch : 10
Train Loss     : 0.2983	 | 	Train Accuracy     : 0.8916
Valid Loss     : 0.7460	 | 	Valid Accuracy     : 0.7256

Epoch : 11
Train Loss     : 0.3146	 | 	Train Accuracy     : 0.8818
Valid Loss     : 0.7203	 | 	Valid Accuracy     : 0.7266

Epoch : 12
Train Loss     : 0.2985	 | 	Train Accuracy     : 0.8942
Valid Loss     : 0.7607	 | 	Valid Accuracy     : 0.7021

Epoch : 13
Train Loss     : 0.2792	 | 	Train Accuracy     : 0.8986
Valid Loss     : 0.7876	 | 	Valid Accuracy     : 0.7080

Epoch : 14
Train Loss     : 0.2764	 | 	Train Accuracy     : 0.9012
Valid Loss     : 0.8220	 | 	Valid Accuracy     : 0.6880

Epoch : 15
Train Loss     : 0.2714	 | 	Train Accuracy     : 0.8986
Valid Loss     : 0.7985	 | 	Valid Accuracy     : 0.7100

Epoch : 16
Train Loss     : 0.2628	 | 	Train Accuracy     : 0.9032
Valid Loss     : 0.7695	 | 	Valid Accuracy     : 0.7275

Epoch : 17
Train Loss     : 0.2899	 | 	Train Accuracy     : 0.8884
Valid Loss     : 0.7679	 | 	Valid Accuracy     : 0.7407

Epoch : 18
Train Loss     : 0.2731	 | 	Train Accuracy     : 0.8972
Valid Loss     : 0.7340	 | 	Valid Accuracy     : 0.7402

Epoch : 19
Train Loss     : 0.2766	 | 	Train Accuracy     : 0.8978
Valid Loss     : 0.6812	 | 	Valid Accuracy     : 0.7544

Epoch : 20
Train Loss     : 0.2250	 | 	Train Accuracy     : 0.9173
Valid Loss     : 0.7937	 | 	Valid Accuracy     : 0.7192

Epoch : 21
Train Loss     : 0.2024	 | 	Train Accuracy     : 0.9302
Valid Loss     : 0.7925	 | 	Valid Accuracy     : 0.7188

Epoch : 22
Train Loss     : 0.1946	 | 	Train Accuracy     : 0.9322
Valid Loss     : 0.7801	 | 	Valid Accuracy     : 0.7217

Epoch : 23
Train Loss     : 0.1892	 | 	Train Accuracy     : 0.9341
Valid Loss     : 0.7913	 | 	Valid Accuracy     : 0.7197

Epoch : 24
Train Loss     : 0.1898	 | 	Train Accuracy     : 0.9331
Valid Loss     : 0.8188	 | 	Valid Accuracy     : 0.7104

Epoch : 25
Train Loss     : 0.1887	 | 	Train Accuracy     : 0.9373
Valid Loss     : 0.8092	 | 	Valid Accuracy     : 0.7085

Epoch : 26
Train Loss     : 0.1863	 | 	Train Accuracy     : 0.9361
Valid Loss     : 0.8638	 | 	Valid Accuracy     : 0.6997

Epoch : 27
Train Loss     : 0.1831	 | 	Train Accuracy     : 0.9368
Valid Loss     : 0.8410	 | 	Valid Accuracy     : 0.7041

Epoch : 28
Train Loss     : 0.1810	 | 	Train Accuracy     : 0.9356
Valid Loss     : 0.8446	 | 	Valid Accuracy     : 0.7036

Epoch : 29
Train Loss     : 0.1779	 | 	Train Accuracy     : 0.9426
Valid Loss     : 0.8281	 | 	Valid Accuracy     : 0.7119

Epoch : 30
Train Loss     : 0.1787	 | 	Train Accuracy     : 0.9363
Valid Loss     : 0.7791	 | 	Valid Accuracy     : 0.7256

Evaluate on the Test set:
Test loss      :0.7557	 | Test Accuracy      : 0.7290 | Test AUPRC      : 0.5640
tensor([1., 1., 1., 1., 1., 1., 1., 1., 1., 1., 1., 1., 1., 1., 1., 1., 1., 1.,
        1., 1., 1., 1., 1., 1., 1., 1., 1., 1., 1., 1., 1., 1., 1., 1., 1., 1.,
        1., 1., 1., 1., 1., 1., 1., 1., 1., 1., 1., 1., 1., 1., 1., 1., 1., 1.,
        1., 1., 1., 1., 1., 1., 1., 1.], device='cuda:0',
       grad_fn=<SqueezeBackward1>)

################## Training is Done! #########################
Training time is : 0:01:41.613311
