=============================================
Dataset: SEED
Method:  TS-TCC
Mode:    fine_tune
=============================================
Data loaded ...
Subjet 11
if scale False
Training started ....

Epoch : 1
Train Loss     : 0.7262	 | 	Train Accuracy     : 0.6751
Valid Loss     : 1.1860	 | 	Valid Accuracy     : 0.5825

Epoch : 2
Train Loss     : 0.3763	 | 	Train Accuracy     : 0.8607
Valid Loss     : 0.6176	 | 	Valid Accuracy     : 0.7368

Epoch : 3
Train Loss     : 0.3271	 | 	Train Accuracy     : 0.8804
Valid Loss     : 0.4272	 | 	Valid Accuracy     : 0.8267

Epoch : 4
Train Loss     : 0.2729	 | 	Train Accuracy     : 0.9059
Valid Loss     : 0.3926	 | 	Valid Accuracy     : 0.8311

Epoch : 5
Train Loss     : 0.2512	 | 	Train Accuracy     : 0.9134
Valid Loss     : 0.3457	 | 	Valid Accuracy     : 0.8525

Epoch : 6
Train Loss     : 0.2247	 | 	Train Accuracy     : 0.9258
Valid Loss     : 0.4074	 | 	Valid Accuracy     : 0.8408

Epoch : 7
Train Loss     : 0.2097	 | 	Train Accuracy     : 0.9266
Valid Loss     : 0.3923	 | 	Valid Accuracy     : 0.8276

Epoch : 8
Train Loss     : 0.2121	 | 	Train Accuracy     : 0.9237
Valid Loss     : 0.4018	 | 	Valid Accuracy     : 0.8325

Epoch : 9
Train Loss     : 0.2058	 | 	Train Accuracy     : 0.9287
Valid Loss     : 0.3910	 | 	Valid Accuracy     : 0.8447

Epoch : 10
Train Loss     : 0.1908	 | 	Train Accuracy     : 0.9353
Valid Loss     : 0.3811	 | 	Valid Accuracy     : 0.8408

Epoch : 11
Train Loss     : 0.1973	 | 	Train Accuracy     : 0.9288
Valid Loss     : 0.3620	 | 	Valid Accuracy     : 0.8550

Epoch : 12
Train Loss     : 0.1802	 | 	Train Accuracy     : 0.9377
Valid Loss     : 0.3332	 | 	Valid Accuracy     : 0.8623

Epoch : 13
Train Loss     : 0.1968	 | 	Train Accuracy     : 0.9309
Valid Loss     : 0.4220	 | 	Valid Accuracy     : 0.8364

Epoch : 14
Train Loss     : 0.1853	 | 	Train Accuracy     : 0.9358
Valid Loss     : 0.3916	 | 	Valid Accuracy     : 0.8452

Epoch : 15
Train Loss     : 0.1842	 | 	Train Accuracy     : 0.9302
Valid Loss     : 0.4259	 | 	Valid Accuracy     : 0.8320

Epoch : 16
Train Loss     : 0.1630	 | 	Train Accuracy     : 0.9451
Valid Loss     : 0.3368	 | 	Valid Accuracy     : 0.8623

Epoch : 17
Train Loss     : 0.1545	 | 	Train Accuracy     : 0.9465
Valid Loss     : 0.3893	 | 	Valid Accuracy     : 0.8462

Epoch : 18
Train Loss     : 0.1575	 | 	Train Accuracy     : 0.9446
Valid Loss     : 0.4352	 | 	Valid Accuracy     : 0.8267

Epoch : 19
Train Loss     : 0.1646	 | 	Train Accuracy     : 0.9377
Valid Loss     : 0.3498	 | 	Valid Accuracy     : 0.8525

Epoch : 20
Train Loss     : 0.1555	 | 	Train Accuracy     : 0.9438
Valid Loss     : 0.6455	 | 	Valid Accuracy     : 0.7886

Epoch : 21
Train Loss     : 0.1745	 | 	Train Accuracy     : 0.9378
Valid Loss     : 0.4460	 | 	Valid Accuracy     : 0.8237

Epoch : 22
Train Loss     : 0.1477	 | 	Train Accuracy     : 0.9462
Valid Loss     : 0.3758	 | 	Valid Accuracy     : 0.8477

Epoch : 23
Train Loss     : 0.1562	 | 	Train Accuracy     : 0.9400
Valid Loss     : 0.5467	 | 	Valid Accuracy     : 0.8027

Epoch : 24
Train Loss     : 0.1170	 | 	Train Accuracy     : 0.9603
Valid Loss     : 0.3792	 | 	Valid Accuracy     : 0.8530

Epoch : 25
Train Loss     : 0.1067	 | 	Train Accuracy     : 0.9667
Valid Loss     : 0.3869	 | 	Valid Accuracy     : 0.8501

Epoch : 26
Train Loss     : 0.1049	 | 	Train Accuracy     : 0.9660
Valid Loss     : 0.3772	 | 	Valid Accuracy     : 0.8530

Epoch : 27
Train Loss     : 0.0982	 | 	Train Accuracy     : 0.9688
Valid Loss     : 0.3693	 | 	Valid Accuracy     : 0.8569

Epoch : 28
Train Loss     : 0.1005	 | 	Train Accuracy     : 0.9672
Valid Loss     : 0.3529	 | 	Valid Accuracy     : 0.8574

Epoch : 29
Train Loss     : 0.0927	 | 	Train Accuracy     : 0.9727
Valid Loss     : 0.4121	 | 	Valid Accuracy     : 0.8433

Epoch : 30
Train Loss     : 0.0967	 | 	Train Accuracy     : 0.9704
Valid Loss     : 0.3203	 | 	Valid Accuracy     : 0.8750

Evaluate on the Test set:
Test loss      :0.6266	 | Test Accuracy      : 0.8147 | Test AUPRC      : 0.5930
tensor([1., 1., 1., 1., 1., 1., 1., 1., 1., 1., 1., 1., 1., 1., 1., 1., 1., 1.,
        1., 1., 1., 1., 1., 1., 1., 1., 1., 1., 1., 1., 1., 1., 1., 1., 1., 1.,
        1., 1., 1., 1., 1., 1., 1., 1., 1., 1., 1., 1., 1., 1., 1., 1., 1., 1.,
        1., 1., 1., 1., 1., 1., 1., 1.], device='cuda:0',
       grad_fn=<SqueezeBackward1>)

################## Training is Done! #########################
Training time is : 0:01:47.450465
