=============================================
Dataset: SEED
Method:  TS-TCC
Mode:    supervised
=============================================
Data loaded ...
Subjet 2
if scale True
Training started ....

Epoch : 1
Train Loss     : 1.4826	 | 	Train Accuracy     : 0.3756
Valid Loss     : 1.3405	 | 	Valid Accuracy     : 0.3519

Epoch : 2
Train Loss     : 1.1225	 | 	Train Accuracy     : 0.4542
Valid Loss     : 1.6415	 | 	Valid Accuracy     : 0.3381

Epoch : 3
Train Loss     : 0.8285	 | 	Train Accuracy     : 0.6332
Valid Loss     : 2.0386	 | 	Valid Accuracy     : 0.3654

Epoch : 4
Train Loss     : 0.7393	 | 	Train Accuracy     : 0.6176
Valid Loss     : 1.7973	 | 	Valid Accuracy     : 0.4592

Epoch : 5
Train Loss     : 0.5157	 | 	Train Accuracy     : 0.8277
Valid Loss     : 1.5631	 | 	Valid Accuracy     : 0.4942

Epoch : 6
Train Loss     : 0.5565	 | 	Train Accuracy     : 0.7782
Valid Loss     : 1.6773	 | 	Valid Accuracy     : 0.5358

Epoch : 7
Train Loss     : 0.4334	 | 	Train Accuracy     : 0.8483
Valid Loss     : 1.8647	 | 	Valid Accuracy     : 0.5734

Epoch : 8
Train Loss     : 0.3781	 | 	Train Accuracy     : 0.8727
Valid Loss     : 1.9507	 | 	Valid Accuracy     : 0.5546

Epoch : 9
Train Loss     : 0.3526	 | 	Train Accuracy     : 0.8815
Valid Loss     : 1.8476	 | 	Valid Accuracy     : 0.5628

Epoch : 10
Train Loss     : 0.3189	 | 	Train Accuracy     : 0.9053
Valid Loss     : 1.5757	 | 	Valid Accuracy     : 0.5648

Epoch : 11
Train Loss     : 0.2866	 | 	Train Accuracy     : 0.9105
Valid Loss     : 1.6248	 | 	Valid Accuracy     : 0.5502

Epoch : 12
Train Loss     : 0.2682	 | 	Train Accuracy     : 0.9124
Valid Loss     : 1.7851	 | 	Valid Accuracy     : 0.5366

Epoch : 13
Train Loss     : 0.2314	 | 	Train Accuracy     : 0.9339
Valid Loss     : 1.7984	 | 	Valid Accuracy     : 0.5371

Epoch : 14
Train Loss     : 0.2331	 | 	Train Accuracy     : 0.9256
Valid Loss     : 1.8237	 | 	Valid Accuracy     : 0.5420

Epoch : 15
Train Loss     : 0.2226	 | 	Train Accuracy     : 0.9331
Valid Loss     : 1.8607	 | 	Valid Accuracy     : 0.5363

Epoch : 16
Train Loss     : 0.2353	 | 	Train Accuracy     : 0.9355
Valid Loss     : 2.0126	 | 	Valid Accuracy     : 0.5256

Epoch : 17
Train Loss     : 0.2185	 | 	Train Accuracy     : 0.9348
Valid Loss     : 1.8367	 | 	Valid Accuracy     : 0.5305

Epoch : 18
Train Loss     : 0.2248	 | 	Train Accuracy     : 0.9262
Valid Loss     : 1.8319	 | 	Valid Accuracy     : 0.5345

Epoch : 19
Train Loss     : 0.2126	 | 	Train Accuracy     : 0.9419
Valid Loss     : 1.8655	 | 	Valid Accuracy     : 0.5391

Epoch : 20
Train Loss     : 0.2090	 | 	Train Accuracy     : 0.9375
Valid Loss     : 1.8858	 | 	Valid Accuracy     : 0.5401

Epoch : 21
Train Loss     : 0.2081	 | 	Train Accuracy     : 0.9408
Valid Loss     : 1.8107	 | 	Valid Accuracy     : 0.5430

Epoch : 22
Train Loss     : 0.2149	 | 	Train Accuracy     : 0.9269
Valid Loss     : 1.8358	 | 	Valid Accuracy     : 0.5393

Epoch : 23
Train Loss     : 0.2154	 | 	Train Accuracy     : 0.9352
Valid Loss     : 1.8800	 | 	Valid Accuracy     : 0.5399

Epoch : 24
Train Loss     : 0.2094	 | 	Train Accuracy     : 0.9463
Valid Loss     : 1.8138	 | 	Valid Accuracy     : 0.5389

Epoch : 25
Train Loss     : 0.2100	 | 	Train Accuracy     : 0.9411
Valid Loss     : 1.8121	 | 	Valid Accuracy     : 0.5372

Epoch : 26
Train Loss     : 0.2071	 | 	Train Accuracy     : 0.9426
Valid Loss     : 1.7999	 | 	Valid Accuracy     : 0.5428

Epoch : 27
Train Loss     : 0.2097	 | 	Train Accuracy     : 0.9306
Valid Loss     : 1.8326	 | 	Valid Accuracy     : 0.5309

Epoch : 28
Train Loss     : 0.2007	 | 	Train Accuracy     : 0.9393
Valid Loss     : 1.8106	 | 	Valid Accuracy     : 0.5377

Epoch : 29
Train Loss     : 0.2020	 | 	Train Accuracy     : 0.9419
Valid Loss     : 1.8046	 | 	Valid Accuracy     : 0.5460

Epoch : 30
Train Loss     : 0.2081	 | 	Train Accuracy     : 0.9310
Valid Loss     : 1.8243	 | 	Valid Accuracy     : 0.5427

Evaluate on the Test set:
Test loss      :1.9685	 | Test Accuracy      : 0.4770 | Test AUPRC      : 0.4981
tensor([0.9712, 0.9722, 0.9696, 0.9734, 1.0133, 0.9736, 0.9739, 0.9675, 0.9714,
        0.9683, 0.9712, 0.9752, 0.9723, 0.9815, 0.9733, 0.9777, 0.9737, 0.9722,
        0.9744, 0.9673, 0.9775, 0.9916, 0.9981, 1.0191, 0.9716, 0.9711, 0.9830,
        0.9723, 0.9690, 0.9714, 0.9782, 0.9753, 0.9772, 0.9787, 0.9737, 0.9687,
        0.9719, 0.9699, 0.9724, 0.9677, 0.9715, 0.9673, 0.9739, 0.9700, 0.9726,
        0.9737, 0.9786, 0.9716, 0.9699, 0.9729, 0.9776, 0.9707, 0.9705, 0.9691,
        0.9714, 0.9679, 0.9809, 0.9695, 0.9675, 0.9752, 0.9714, 0.9735],
       device='cuda:0', grad_fn=<SqueezeBackward1>)

################## Training is Done! #########################
Training time is : 0:00:41.618840
