=============================================
Dataset: SEED
Method:  TS-TCC
Mode:    supervised
=============================================
Data loaded ...
Subjet 4
if scale True
Training started ....

Epoch : 1
Train Loss     : 1.5825	 | 	Train Accuracy     : 0.3609
Valid Loss     : 1.3985	 | 	Valid Accuracy     : 0.4238

Epoch : 2
Train Loss     : 1.1392	 | 	Train Accuracy     : 0.5434
Valid Loss     : 1.2153	 | 	Valid Accuracy     : 0.4836

Epoch : 3
Train Loss     : 0.8780	 | 	Train Accuracy     : 0.6615
Valid Loss     : 1.5928	 | 	Valid Accuracy     : 0.5032

Epoch : 4
Train Loss     : 0.6386	 | 	Train Accuracy     : 0.7248
Valid Loss     : 1.6102	 | 	Valid Accuracy     : 0.4965

Epoch : 5
Train Loss     : 0.5725	 | 	Train Accuracy     : 0.7695
Valid Loss     : 1.6870	 | 	Valid Accuracy     : 0.5010

Epoch : 6
Train Loss     : 0.5249	 | 	Train Accuracy     : 0.7923
Valid Loss     : 1.8527	 | 	Valid Accuracy     : 0.4906

Epoch : 7
Train Loss     : 0.4422	 | 	Train Accuracy     : 0.8592
Valid Loss     : 1.5827	 | 	Valid Accuracy     : 0.5025

Epoch : 8
Train Loss     : 0.4521	 | 	Train Accuracy     : 0.8772
Valid Loss     : 1.8919	 | 	Valid Accuracy     : 0.4273

Epoch : 9
Train Loss     : 0.3803	 | 	Train Accuracy     : 0.8691
Valid Loss     : 1.7260	 | 	Valid Accuracy     : 0.4780

Epoch : 10
Train Loss     : 0.3272	 | 	Train Accuracy     : 0.8993
Valid Loss     : 1.8983	 | 	Valid Accuracy     : 0.4840

Epoch : 11
Train Loss     : 0.2683	 | 	Train Accuracy     : 0.9112
Valid Loss     : 1.6206	 | 	Valid Accuracy     : 0.5034

Epoch : 12
Train Loss     : 0.2756	 | 	Train Accuracy     : 0.9178
Valid Loss     : 1.6762	 | 	Valid Accuracy     : 0.5094

Epoch : 13
Train Loss     : 0.2266	 | 	Train Accuracy     : 0.9308
Valid Loss     : 1.6594	 | 	Valid Accuracy     : 0.5177

Epoch : 14
Train Loss     : 0.2533	 | 	Train Accuracy     : 0.9412
Valid Loss     : 1.7985	 | 	Valid Accuracy     : 0.4984

Epoch : 15
Train Loss     : 0.2453	 | 	Train Accuracy     : 0.9121
Valid Loss     : 1.7757	 | 	Valid Accuracy     : 0.4958

Epoch : 16
Train Loss     : 0.1817	 | 	Train Accuracy     : 0.9544
Valid Loss     : 1.7953	 | 	Valid Accuracy     : 0.4929

Epoch : 17
Train Loss     : 0.1774	 | 	Train Accuracy     : 0.9557
Valid Loss     : 1.8711	 | 	Valid Accuracy     : 0.4928

Epoch : 18
Train Loss     : 0.1873	 | 	Train Accuracy     : 0.9629
Valid Loss     : 1.7912	 | 	Valid Accuracy     : 0.4961

Epoch : 19
Train Loss     : 0.1604	 | 	Train Accuracy     : 0.9655
Valid Loss     : 1.7557	 | 	Valid Accuracy     : 0.4991

Epoch : 20
Train Loss     : 0.1853	 | 	Train Accuracy     : 0.9451
Valid Loss     : 1.8121	 | 	Valid Accuracy     : 0.4945

Epoch : 21
Train Loss     : 0.1987	 | 	Train Accuracy     : 0.9464
Valid Loss     : 1.7248	 | 	Valid Accuracy     : 0.4960

Epoch : 22
Train Loss     : 0.2154	 | 	Train Accuracy     : 0.9364
Valid Loss     : 1.7339	 | 	Valid Accuracy     : 0.5026

Epoch : 23
Train Loss     : 0.1591	 | 	Train Accuracy     : 0.9603
Valid Loss     : 1.8133	 | 	Valid Accuracy     : 0.4851

Epoch : 24
Train Loss     : 0.1744	 | 	Train Accuracy     : 0.9431
Valid Loss     : 1.8611	 | 	Valid Accuracy     : 0.4915

Epoch : 25
Train Loss     : 0.3173	 | 	Train Accuracy     : 0.9093
Valid Loss     : 1.9059	 | 	Valid Accuracy     : 0.4855

Epoch : 26
Train Loss     : 0.1747	 | 	Train Accuracy     : 0.9616
Valid Loss     : 1.8485	 | 	Valid Accuracy     : 0.4969

Epoch : 27
Train Loss     : 0.2008	 | 	Train Accuracy     : 0.9490
Valid Loss     : 1.8334	 | 	Valid Accuracy     : 0.5056

Epoch : 28
Train Loss     : 0.2112	 | 	Train Accuracy     : 0.9325
Valid Loss     : 1.9332	 | 	Valid Accuracy     : 0.4846

Epoch : 29
Train Loss     : 0.2102	 | 	Train Accuracy     : 0.9351
Valid Loss     : 1.7728	 | 	Valid Accuracy     : 0.4985

Epoch : 30
Train Loss     : 0.1493	 | 	Train Accuracy     : 0.9674
Valid Loss     : 1.7629	 | 	Valid Accuracy     : 0.5043

Evaluate on the Test set:
Test loss      :1.3195	 | Test Accuracy      : 0.5685 | Test AUPRC      : 0.6567
tensor([0.9787, 0.9587, 0.9467, 0.9491, 0.9583, 0.9589, 0.9555, 0.9583, 0.9424,
        0.9414, 0.9507, 0.9635, 0.9429, 0.9467, 0.9927, 0.9610, 0.9606, 0.9473,
        0.9471, 0.9461, 0.9761, 0.9787, 0.9777, 1.0221, 0.9408, 0.9543, 0.9494,
        0.9443, 0.9400, 0.9453, 0.9559, 1.0003, 0.9500, 0.9552, 0.9548, 0.9413,
        0.9513, 0.9660, 0.9512, 0.9428, 0.9556, 0.9721, 0.9698, 0.9633, 0.9450,
        0.9412, 0.9561, 0.9447, 0.9464, 0.9577, 0.9706, 0.9597, 0.9496, 0.9499,
        0.9992, 0.9737, 1.0106, 0.9509, 0.9515, 0.9516, 0.9453, 0.9494],
       device='cuda:0', grad_fn=<SqueezeBackward1>)

################## Training is Done! #########################
Training time is : 0:01:00.425530
