=============================================
Dataset: SEED
Method:  TS-TCC
Mode:    supervised
=============================================
Data loaded ...
Subjet 3
if scale True
Training started ....

Epoch : 1
Train Loss     : 1.1380	 | 	Train Accuracy     : 0.4635
Valid Loss     : 1.1995	 | 	Valid Accuracy     : 0.3690

Epoch : 2
Train Loss     : 0.7848	 | 	Train Accuracy     : 0.6235
Valid Loss     : 1.0649	 | 	Valid Accuracy     : 0.5792

Epoch : 3
Train Loss     : 0.6563	 | 	Train Accuracy     : 0.7045
Valid Loss     : 1.0709	 | 	Valid Accuracy     : 0.6329

Epoch : 4
Train Loss     : 0.5812	 | 	Train Accuracy     : 0.7497
Valid Loss     : 1.0707	 | 	Valid Accuracy     : 0.6776

Epoch : 5
Train Loss     : 0.5252	 | 	Train Accuracy     : 0.7986
Valid Loss     : 1.1508	 | 	Valid Accuracy     : 0.6326

Epoch : 6
Train Loss     : 0.4809	 | 	Train Accuracy     : 0.8161
Valid Loss     : 1.2158	 | 	Valid Accuracy     : 0.6010

Epoch : 7
Train Loss     : 0.4233	 | 	Train Accuracy     : 0.8392
Valid Loss     : 1.2294	 | 	Valid Accuracy     : 0.5728

Epoch : 8
Train Loss     : 0.4011	 | 	Train Accuracy     : 0.8462
Valid Loss     : 1.3342	 | 	Valid Accuracy     : 0.5451

Epoch : 9
Train Loss     : 0.3717	 | 	Train Accuracy     : 0.8682
Valid Loss     : 1.3837	 | 	Valid Accuracy     : 0.5583

Epoch : 10
Train Loss     : 0.3261	 | 	Train Accuracy     : 0.8835
Valid Loss     : 1.2502	 | 	Valid Accuracy     : 0.5861

Epoch : 11
Train Loss     : 0.3013	 | 	Train Accuracy     : 0.8892
Valid Loss     : 1.3422	 | 	Valid Accuracy     : 0.5700

Epoch : 12
Train Loss     : 0.2802	 | 	Train Accuracy     : 0.9002
Valid Loss     : 1.3553	 | 	Valid Accuracy     : 0.5963

Epoch : 13
Train Loss     : 0.2611	 | 	Train Accuracy     : 0.9048
Valid Loss     : 1.4699	 | 	Valid Accuracy     : 0.5703

Epoch : 14
Train Loss     : 0.2252	 | 	Train Accuracy     : 0.9195
Valid Loss     : 1.4206	 | 	Valid Accuracy     : 0.5825

Epoch : 15
Train Loss     : 0.2192	 | 	Train Accuracy     : 0.9300
Valid Loss     : 1.4482	 | 	Valid Accuracy     : 0.5795

Epoch : 16
Train Loss     : 0.2193	 | 	Train Accuracy     : 0.9346
Valid Loss     : 1.4134	 | 	Valid Accuracy     : 0.5768

Epoch : 17
Train Loss     : 0.2103	 | 	Train Accuracy     : 0.9362
Valid Loss     : 1.4090	 | 	Valid Accuracy     : 0.5859

Epoch : 18
Train Loss     : 0.2188	 | 	Train Accuracy     : 0.9275
Valid Loss     : 1.4027	 | 	Valid Accuracy     : 0.5832

Epoch : 19
Train Loss     : 0.2055	 | 	Train Accuracy     : 0.9391
Valid Loss     : 1.4168	 | 	Valid Accuracy     : 0.5737

Epoch : 20
Train Loss     : 0.1990	 | 	Train Accuracy     : 0.9397
Valid Loss     : 1.3989	 | 	Valid Accuracy     : 0.5658

Epoch : 21
Train Loss     : 0.2015	 | 	Train Accuracy     : 0.9382
Valid Loss     : 1.4254	 | 	Valid Accuracy     : 0.5768

Epoch : 22
Train Loss     : 0.2002	 | 	Train Accuracy     : 0.9380
Valid Loss     : 1.4375	 | 	Valid Accuracy     : 0.5531

Epoch : 23
Train Loss     : 0.1991	 | 	Train Accuracy     : 0.9360
Valid Loss     : 1.4504	 | 	Valid Accuracy     : 0.5647

Epoch : 24
Train Loss     : 0.1979	 | 	Train Accuracy     : 0.9365
Valid Loss     : 1.4857	 | 	Valid Accuracy     : 0.5562

Epoch : 25
Train Loss     : 0.1913	 | 	Train Accuracy     : 0.9387
Valid Loss     : 1.4489	 | 	Valid Accuracy     : 0.5643

Epoch : 26
Train Loss     : 0.1912	 | 	Train Accuracy     : 0.9399
Valid Loss     : 1.4419	 | 	Valid Accuracy     : 0.5657

Epoch : 27
Train Loss     : 0.1936	 | 	Train Accuracy     : 0.9429
Valid Loss     : 1.4876	 | 	Valid Accuracy     : 0.5573

Epoch : 28
Train Loss     : 0.1845	 | 	Train Accuracy     : 0.9430
Valid Loss     : 1.4824	 | 	Valid Accuracy     : 0.5564

Epoch : 29
Train Loss     : 0.1867	 | 	Train Accuracy     : 0.9420
Valid Loss     : 1.4289	 | 	Valid Accuracy     : 0.5666

Epoch : 30
Train Loss     : 0.1974	 | 	Train Accuracy     : 0.9419
Valid Loss     : 1.4711	 | 	Valid Accuracy     : 0.5612

Evaluate on the Test set:
Test loss      :1.1226	 | Test Accuracy      : 0.6420 | Test AUPRC      : 0.6520
tensor([0.9270, 0.9057, 0.9172, 0.9458, 0.9455, 0.9702, 0.9870, 0.9006, 0.9149,
        0.9045, 0.9040, 0.9365, 0.9844, 1.0038, 0.9164, 0.9399, 0.9590, 0.9160,
        0.9277, 0.8995, 0.9354, 0.9154, 0.9494, 0.9699, 0.9075, 0.9080, 0.9408,
        0.9220, 0.9060, 0.9135, 0.9773, 1.0048, 0.9531, 0.9223, 0.9176, 0.9045,
        0.9195, 0.9077, 0.9215, 0.9053, 0.9113, 0.9314, 0.9185, 0.9095, 0.9083,
        0.9142, 0.9090, 0.9061, 0.9049, 0.9209, 0.9136, 0.9111, 0.9087, 0.9396,
        0.9265, 0.9212, 0.9594, 0.9077, 0.9054, 0.9222, 0.9087, 0.9743],
       device='cuda:0', grad_fn=<SqueezeBackward1>)

################## Training is Done! #########################
Training time is : 0:01:51.962993
