=============================================
Dataset: SEED
Method:  TS-TCC
Mode:    supervised
=============================================
Data loaded ...
Subjet 3
if scale True
Training started ....

Epoch : 1
Train Loss     : 1.1587	 | 	Train Accuracy     : 0.4833
Valid Loss     : 1.0758	 | 	Valid Accuracy     : 0.5068

Epoch : 2
Train Loss     : 0.7372	 | 	Train Accuracy     : 0.6696
Valid Loss     : 1.0412	 | 	Valid Accuracy     : 0.5891

Epoch : 3
Train Loss     : 0.5966	 | 	Train Accuracy     : 0.7355
Valid Loss     : 1.0646	 | 	Valid Accuracy     : 0.6181

Epoch : 4
Train Loss     : 0.5266	 | 	Train Accuracy     : 0.7806
Valid Loss     : 1.0872	 | 	Valid Accuracy     : 0.6502

Epoch : 5
Train Loss     : 0.4607	 | 	Train Accuracy     : 0.8306
Valid Loss     : 1.2142	 | 	Valid Accuracy     : 0.4991

Epoch : 6
Train Loss     : 0.4113	 | 	Train Accuracy     : 0.8590
Valid Loss     : 1.2540	 | 	Valid Accuracy     : 0.5602

Epoch : 7
Train Loss     : 0.4029	 | 	Train Accuracy     : 0.8350
Valid Loss     : 1.0400	 | 	Valid Accuracy     : 0.6829

Epoch : 8
Train Loss     : 0.3510	 | 	Train Accuracy     : 0.8651
Valid Loss     : 1.1949	 | 	Valid Accuracy     : 0.6227

Epoch : 9
Train Loss     : 0.3272	 | 	Train Accuracy     : 0.8730
Valid Loss     : 1.3382	 | 	Valid Accuracy     : 0.5487

Epoch : 10
Train Loss     : 0.2909	 | 	Train Accuracy     : 0.8992
Valid Loss     : 1.3805	 | 	Valid Accuracy     : 0.5549

Epoch : 11
Train Loss     : 0.2490	 | 	Train Accuracy     : 0.9163
Valid Loss     : 1.3158	 | 	Valid Accuracy     : 0.5777

Epoch : 12
Train Loss     : 0.2314	 | 	Train Accuracy     : 0.9208
Valid Loss     : 1.4175	 | 	Valid Accuracy     : 0.5377

Epoch : 13
Train Loss     : 0.2113	 | 	Train Accuracy     : 0.9324
Valid Loss     : 1.4590	 | 	Valid Accuracy     : 0.5327

Epoch : 14
Train Loss     : 0.2059	 | 	Train Accuracy     : 0.9328
Valid Loss     : 1.4398	 | 	Valid Accuracy     : 0.5503

Epoch : 15
Train Loss     : 0.1899	 | 	Train Accuracy     : 0.9375
Valid Loss     : 1.7379	 | 	Valid Accuracy     : 0.5150

Epoch : 16
Train Loss     : 0.1787	 | 	Train Accuracy     : 0.9409
Valid Loss     : 1.7032	 | 	Valid Accuracy     : 0.5226

Epoch : 17
Train Loss     : 0.1641	 | 	Train Accuracy     : 0.9477
Valid Loss     : 1.8038	 | 	Valid Accuracy     : 0.5391

Epoch : 18
Train Loss     : 0.1523	 | 	Train Accuracy     : 0.9515
Valid Loss     : 1.8050	 | 	Valid Accuracy     : 0.5318

Epoch : 19
Train Loss     : 0.1463	 | 	Train Accuracy     : 0.9562
Valid Loss     : 1.8421	 | 	Valid Accuracy     : 0.5278

Epoch : 20
Train Loss     : 0.1380	 | 	Train Accuracy     : 0.9565
Valid Loss     : 1.8293	 | 	Valid Accuracy     : 0.5258

Epoch : 21
Train Loss     : 0.1351	 | 	Train Accuracy     : 0.9597
Valid Loss     : 1.8780	 | 	Valid Accuracy     : 0.5167

Epoch : 22
Train Loss     : 0.1270	 | 	Train Accuracy     : 0.9636
Valid Loss     : 1.8849	 | 	Valid Accuracy     : 0.5178

Epoch : 23
Train Loss     : 0.1256	 | 	Train Accuracy     : 0.9643
Valid Loss     : 1.8855	 | 	Valid Accuracy     : 0.5081

Epoch : 24
Train Loss     : 0.1225	 | 	Train Accuracy     : 0.9666
Valid Loss     : 1.9337	 | 	Valid Accuracy     : 0.5105

Epoch : 25
Train Loss     : 0.1219	 | 	Train Accuracy     : 0.9644
Valid Loss     : 1.9405	 | 	Valid Accuracy     : 0.5190

Epoch : 26
Train Loss     : 0.1158	 | 	Train Accuracy     : 0.9669
Valid Loss     : 1.8796	 | 	Valid Accuracy     : 0.5223

Epoch : 27
Train Loss     : 0.1126	 | 	Train Accuracy     : 0.9705
Valid Loss     : 2.0098	 | 	Valid Accuracy     : 0.5083

Epoch : 28
Train Loss     : 0.1236	 | 	Train Accuracy     : 0.9669
Valid Loss     : 1.9573	 | 	Valid Accuracy     : 0.5085

Epoch : 29
Train Loss     : 0.1158	 | 	Train Accuracy     : 0.9683
Valid Loss     : 1.9998	 | 	Valid Accuracy     : 0.5100

Epoch : 30
Train Loss     : 0.1093	 | 	Train Accuracy     : 0.9712
Valid Loss     : 2.0482	 | 	Valid Accuracy     : 0.5112

Evaluate on the Test set:
Test loss      :1.5874	 | Test Accuracy      : 0.6194 | Test AUPRC      : 0.6406
tensor([0.9320, 0.8414, 0.8717, 0.8525, 0.8809, 0.9849, 0.9983, 0.8565, 0.8330,
        0.8368, 0.8400, 0.8605, 0.9491, 0.9816, 0.9024, 0.9917, 0.8749, 0.8203,
        0.8266, 0.8499, 0.8710, 0.8535, 0.8975, 0.9907, 0.8263, 0.8399, 0.8604,
        0.8595, 0.8182, 0.8214, 0.9469, 0.9972, 0.8523, 0.8788, 0.8599, 0.8164,
        0.8799, 0.8309, 0.8428, 0.8195, 0.8365, 0.8439, 0.8355, 0.8373, 0.8285,
        0.8475, 0.8292, 0.8230, 0.8174, 0.8497, 0.8574, 0.8276, 0.8357, 0.8762,
        0.8654, 0.8585, 0.8928, 0.8401, 0.8477, 0.8683, 0.8333, 0.8632],
       device='cuda:0', grad_fn=<SqueezeBackward1>)

################## Training is Done! #########################
Training time is : 0:02:20.193812
