=============================================
Dataset: SEED
Method:  TS-TCC
Mode:    supervised
=============================================
Data loaded ...
Subjet 11
if scale True
Training started ....

Epoch : 1
Train Loss     : 1.0446	 | 	Train Accuracy     : 0.5727
Valid Loss     : 0.6221	 | 	Valid Accuracy     : 0.7031

Epoch : 2
Train Loss     : 0.5301	 | 	Train Accuracy     : 0.7795
Valid Loss     : 0.5230	 | 	Valid Accuracy     : 0.7582

Epoch : 3
Train Loss     : 0.4652	 | 	Train Accuracy     : 0.8200
Valid Loss     : 0.6849	 | 	Valid Accuracy     : 0.6924

Epoch : 4
Train Loss     : 0.3773	 | 	Train Accuracy     : 0.8578
Valid Loss     : 0.8790	 | 	Valid Accuracy     : 0.6491

Epoch : 5
Train Loss     : 0.3422	 | 	Train Accuracy     : 0.8658
Valid Loss     : 0.6394	 | 	Valid Accuracy     : 0.7161

Epoch : 6
Train Loss     : 0.3227	 | 	Train Accuracy     : 0.8773
Valid Loss     : 0.5177	 | 	Valid Accuracy     : 0.7705

Epoch : 7
Train Loss     : 0.2955	 | 	Train Accuracy     : 0.8954
Valid Loss     : 0.6101	 | 	Valid Accuracy     : 0.7539

Epoch : 8
Train Loss     : 0.2722	 | 	Train Accuracy     : 0.8995
Valid Loss     : 0.5679	 | 	Valid Accuracy     : 0.7568

Epoch : 9
Train Loss     : 0.2646	 | 	Train Accuracy     : 0.8993
Valid Loss     : 0.4347	 | 	Valid Accuracy     : 0.8092

Epoch : 10
Train Loss     : 0.2494	 | 	Train Accuracy     : 0.9104
Valid Loss     : 0.5070	 | 	Valid Accuracy     : 0.7792

Epoch : 11
Train Loss     : 0.2232	 | 	Train Accuracy     : 0.9192
Valid Loss     : 0.7779	 | 	Valid Accuracy     : 0.7020

Epoch : 12
Train Loss     : 0.2342	 | 	Train Accuracy     : 0.9135
Valid Loss     : 0.7451	 | 	Valid Accuracy     : 0.7296

Epoch : 13
Train Loss     : 0.2118	 | 	Train Accuracy     : 0.9277
Valid Loss     : 0.4075	 | 	Valid Accuracy     : 0.8294

Epoch : 14
Train Loss     : 0.1881	 | 	Train Accuracy     : 0.9328
Valid Loss     : 0.5278	 | 	Valid Accuracy     : 0.7789

Epoch : 15
Train Loss     : 0.1729	 | 	Train Accuracy     : 0.9439
Valid Loss     : 0.5168	 | 	Valid Accuracy     : 0.7926

Epoch : 16
Train Loss     : 0.1785	 | 	Train Accuracy     : 0.9359
Valid Loss     : 0.7490	 | 	Valid Accuracy     : 0.7409

Epoch : 17
Train Loss     : 0.1649	 | 	Train Accuracy     : 0.9410
Valid Loss     : 0.5384	 | 	Valid Accuracy     : 0.8053

Epoch : 18
Train Loss     : 0.1516	 | 	Train Accuracy     : 0.9486
Valid Loss     : 0.6100	 | 	Valid Accuracy     : 0.7644

Epoch : 19
Train Loss     : 0.1585	 | 	Train Accuracy     : 0.9386
Valid Loss     : 0.4598	 | 	Valid Accuracy     : 0.8173

Epoch : 20
Train Loss     : 0.1553	 | 	Train Accuracy     : 0.9420
Valid Loss     : 0.5764	 | 	Valid Accuracy     : 0.7904

Epoch : 21
Train Loss     : 0.1302	 | 	Train Accuracy     : 0.9598
Valid Loss     : 0.5899	 | 	Valid Accuracy     : 0.7773

Epoch : 22
Train Loss     : 0.1482	 | 	Train Accuracy     : 0.9474
Valid Loss     : 0.4896	 | 	Valid Accuracy     : 0.8099

Epoch : 23
Train Loss     : 0.1227	 | 	Train Accuracy     : 0.9616
Valid Loss     : 0.4663	 | 	Valid Accuracy     : 0.8185

Epoch : 24
Train Loss     : 0.1079	 | 	Train Accuracy     : 0.9667
Valid Loss     : 0.4393	 | 	Valid Accuracy     : 0.8277

Epoch : 25
Train Loss     : 0.0959	 | 	Train Accuracy     : 0.9756
Valid Loss     : 0.4491	 | 	Valid Accuracy     : 0.8258

Epoch : 26
Train Loss     : 0.0865	 | 	Train Accuracy     : 0.9772
Valid Loss     : 0.4633	 | 	Valid Accuracy     : 0.8210

Epoch : 27
Train Loss     : 0.0855	 | 	Train Accuracy     : 0.9813
Valid Loss     : 0.4686	 | 	Valid Accuracy     : 0.8093

Epoch : 28
Train Loss     : 0.0825	 | 	Train Accuracy     : 0.9832
Valid Loss     : 0.4589	 | 	Valid Accuracy     : 0.8207

Epoch : 29
Train Loss     : 0.0780	 | 	Train Accuracy     : 0.9842
Valid Loss     : 0.4384	 | 	Valid Accuracy     : 0.8272

Epoch : 30
Train Loss     : 0.0761	 | 	Train Accuracy     : 0.9856
Valid Loss     : 0.4496	 | 	Valid Accuracy     : 0.8156

Evaluate on the Test set:
Test loss      :0.7160	 | Test Accuracy      : 0.8037 | Test AUPRC      : 0.8522
tensor([0.8028, 0.8855, 0.8458, 0.7083, 0.6973, 0.8366, 0.8508, 0.6109, 0.6749,
        0.6632, 0.7266, 0.6665, 0.6757, 0.6953, 0.7211, 0.7738, 0.7099, 0.6596,
        0.6534, 0.6806, 0.6294, 0.6922, 1.0160, 0.8588, 0.6978, 0.7629, 0.6925,
        0.6892, 0.8001, 0.6851, 0.7849, 0.8451, 0.8563, 0.8488, 0.7691, 0.6759,
        0.6435, 0.7163, 0.7543, 0.7335, 0.6758, 0.6576, 0.7035, 0.6918, 0.7056,
        0.7909, 0.6743, 0.6535, 0.6820, 0.7462, 0.9047, 0.9492, 0.6973, 0.8152,
        0.9376, 0.6316, 0.7999, 0.8680, 0.7101, 0.6845, 0.7321, 0.6769],
       device='cuda:0', grad_fn=<SqueezeBackward1>)

################## Training is Done! #########################
Training time is : 0:02:46.340187
