=============================================
Dataset: SEED
Method:  TS-TCC
Mode:    supervised
=============================================
Data loaded ...
Subjet 7
if scale True
Training started ....

Epoch : 1
Train Loss     : 1.6106	 | 	Train Accuracy     : 0.4192
Valid Loss     : 0.9104	 | 	Valid Accuracy     : 0.6335

Epoch : 2
Train Loss     : 0.8712	 | 	Train Accuracy     : 0.5845
Valid Loss     : 0.9445	 | 	Valid Accuracy     : 0.6196

Epoch : 3
Train Loss     : 0.6673	 | 	Train Accuracy     : 0.7154
Valid Loss     : 0.8711	 | 	Valid Accuracy     : 0.6960

Epoch : 4
Train Loss     : 0.5017	 | 	Train Accuracy     : 0.8088
Valid Loss     : 1.0250	 | 	Valid Accuracy     : 0.7472

Epoch : 5
Train Loss     : 0.4397	 | 	Train Accuracy     : 0.8225
Valid Loss     : 0.8073	 | 	Valid Accuracy     : 0.7036

Epoch : 6
Train Loss     : 0.3750	 | 	Train Accuracy     : 0.8586
Valid Loss     : 0.7887	 | 	Valid Accuracy     : 0.7253

Epoch : 7
Train Loss     : 0.3338	 | 	Train Accuracy     : 0.8592
Valid Loss     : 0.7558	 | 	Valid Accuracy     : 0.7201

Epoch : 8
Train Loss     : 0.2961	 | 	Train Accuracy     : 0.8788
Valid Loss     : 0.7525	 | 	Valid Accuracy     : 0.7310

Epoch : 9
Train Loss     : 0.2628	 | 	Train Accuracy     : 0.8982
Valid Loss     : 0.6916	 | 	Valid Accuracy     : 0.7303

Epoch : 10
Train Loss     : 0.2372	 | 	Train Accuracy     : 0.9111
Valid Loss     : 0.6392	 | 	Valid Accuracy     : 0.7627

Epoch : 11
Train Loss     : 0.2154	 | 	Train Accuracy     : 0.9138
Valid Loss     : 0.6082	 | 	Valid Accuracy     : 0.7635

Epoch : 12
Train Loss     : 0.2136	 | 	Train Accuracy     : 0.9192
Valid Loss     : 0.5940	 | 	Valid Accuracy     : 0.7751

Epoch : 13
Train Loss     : 0.1803	 | 	Train Accuracy     : 0.9356
Valid Loss     : 0.6292	 | 	Valid Accuracy     : 0.7593

Epoch : 14
Train Loss     : 0.1630	 | 	Train Accuracy     : 0.9466
Valid Loss     : 0.6463	 | 	Valid Accuracy     : 0.7546

Epoch : 15
Train Loss     : 0.1471	 | 	Train Accuracy     : 0.9568
Valid Loss     : 0.6909	 | 	Valid Accuracy     : 0.7311

Epoch : 16
Train Loss     : 0.1287	 | 	Train Accuracy     : 0.9680
Valid Loss     : 0.7101	 | 	Valid Accuracy     : 0.7404

Epoch : 17
Train Loss     : 0.1324	 | 	Train Accuracy     : 0.9599
Valid Loss     : 0.6974	 | 	Valid Accuracy     : 0.7399

Epoch : 18
Train Loss     : 0.1134	 | 	Train Accuracy     : 0.9741
Valid Loss     : 0.7333	 | 	Valid Accuracy     : 0.7474

Epoch : 19
Train Loss     : 0.1128	 | 	Train Accuracy     : 0.9661
Valid Loss     : 0.7027	 | 	Valid Accuracy     : 0.7562

Epoch : 20
Train Loss     : 0.0974	 | 	Train Accuracy     : 0.9755
Valid Loss     : 0.7215	 | 	Valid Accuracy     : 0.7617

Epoch : 21
Train Loss     : 0.0934	 | 	Train Accuracy     : 0.9787
Valid Loss     : 0.7871	 | 	Valid Accuracy     : 0.7416

Epoch : 22
Train Loss     : 0.0903	 | 	Train Accuracy     : 0.9741
Valid Loss     : 0.7768	 | 	Valid Accuracy     : 0.7434

Epoch : 23
Train Loss     : 0.0894	 | 	Train Accuracy     : 0.9769
Valid Loss     : 0.8471	 | 	Valid Accuracy     : 0.7463

Epoch : 24
Train Loss     : 0.0750	 | 	Train Accuracy     : 0.9823
Valid Loss     : 0.8660	 | 	Valid Accuracy     : 0.7393

Epoch : 25
Train Loss     : 0.0657	 | 	Train Accuracy     : 0.9899
Valid Loss     : 0.8222	 | 	Valid Accuracy     : 0.7471

Epoch : 26
Train Loss     : 0.0649	 | 	Train Accuracy     : 0.9916
Valid Loss     : 0.8175	 | 	Valid Accuracy     : 0.7538

Epoch : 27
Train Loss     : 0.0643	 | 	Train Accuracy     : 0.9915
Valid Loss     : 0.8697	 | 	Valid Accuracy     : 0.7423

Epoch : 28
Train Loss     : 0.0629	 | 	Train Accuracy     : 0.9909
Valid Loss     : 0.8281	 | 	Valid Accuracy     : 0.7533

Epoch : 29
Train Loss     : 0.0580	 | 	Train Accuracy     : 0.9912
Valid Loss     : 0.8172	 | 	Valid Accuracy     : 0.7602

Epoch : 30
Train Loss     : 0.0551	 | 	Train Accuracy     : 0.9955
Valid Loss     : 0.8490	 | 	Valid Accuracy     : 0.7546

Evaluate on the Test set:
Test loss      :0.9924	 | Test Accuracy      : 0.6706 | Test AUPRC      : 0.6855
tensor([0.9187, 0.9020, 0.9159, 0.8778, 0.9367, 0.9026, 0.9734, 0.8946, 0.8927,
        0.8866, 0.8744, 0.9143, 0.8693, 0.9061, 0.9133, 0.9136, 0.8894, 0.8689,
        0.8543, 0.8662, 0.8616, 0.8750, 0.9308, 1.0588, 0.9077, 0.8685, 0.8815,
        0.8753, 0.8660, 0.8723, 0.8708, 0.9489, 0.8891, 0.9273, 0.8843, 0.8829,
        0.8761, 0.8718, 0.8694, 0.8795, 0.9017, 0.8594, 0.8733, 0.8739, 0.8741,
        0.8651, 0.9223, 0.8846, 0.8731, 0.9022, 0.8833, 0.8658, 0.9081, 0.8695,
        0.8796, 0.8705, 0.8839, 0.8634, 0.8711, 0.8627, 0.8852, 0.9136],
       device='cuda:0', grad_fn=<SqueezeBackward1>)

################## Training is Done! #########################
Training time is : 0:01:49.185029
