=============================================
Dataset: SEED
Method:  TS-TCC
Mode:    supervised
=============================================
Data loaded ...
Subjet 4
if scale True
Training started ....

Epoch : 1
Train Loss     : 1.2397	 | 	Train Accuracy     : 0.4619
Valid Loss     : 1.0087	 | 	Valid Accuracy     : 0.4869

Epoch : 2
Train Loss     : 0.8358	 | 	Train Accuracy     : 0.6501
Valid Loss     : 0.8780	 | 	Valid Accuracy     : 0.5259

Epoch : 3
Train Loss     : 0.6839	 | 	Train Accuracy     : 0.7089
Valid Loss     : 0.9154	 | 	Valid Accuracy     : 0.5152

Epoch : 4
Train Loss     : 0.6233	 | 	Train Accuracy     : 0.7491
Valid Loss     : 0.8739	 | 	Valid Accuracy     : 0.5318

Epoch : 5
Train Loss     : 0.5715	 | 	Train Accuracy     : 0.7623
Valid Loss     : 0.9306	 | 	Valid Accuracy     : 0.5517

Epoch : 6
Train Loss     : 0.5761	 | 	Train Accuracy     : 0.7627
Valid Loss     : 0.8653	 | 	Valid Accuracy     : 0.5613

Epoch : 7
Train Loss     : 0.4935	 | 	Train Accuracy     : 0.8111
Valid Loss     : 0.8299	 | 	Valid Accuracy     : 0.5999

Epoch : 8
Train Loss     : 0.4760	 | 	Train Accuracy     : 0.8145
Valid Loss     : 1.0761	 | 	Valid Accuracy     : 0.5711

Epoch : 9
Train Loss     : 0.4468	 | 	Train Accuracy     : 0.8206
Valid Loss     : 1.0164	 | 	Valid Accuracy     : 0.5897

Epoch : 10
Train Loss     : 0.4051	 | 	Train Accuracy     : 0.8451
Valid Loss     : 0.9261	 | 	Valid Accuracy     : 0.6124

Epoch : 11
Train Loss     : 0.3870	 | 	Train Accuracy     : 0.8544
Valid Loss     : 0.8961	 | 	Valid Accuracy     : 0.6177

Epoch : 12
Train Loss     : 0.3677	 | 	Train Accuracy     : 0.8581
Valid Loss     : 1.0765	 | 	Valid Accuracy     : 0.5780

Epoch : 13
Train Loss     : 0.3628	 | 	Train Accuracy     : 0.8592
Valid Loss     : 0.9388	 | 	Valid Accuracy     : 0.6000

Epoch : 14
Train Loss     : 0.3311	 | 	Train Accuracy     : 0.8761
Valid Loss     : 0.8457	 | 	Valid Accuracy     : 0.6538

Epoch : 15
Train Loss     : 0.3134	 | 	Train Accuracy     : 0.8816
Valid Loss     : 0.8014	 | 	Valid Accuracy     : 0.6540

Epoch : 16
Train Loss     : 0.3082	 | 	Train Accuracy     : 0.8885
Valid Loss     : 0.9083	 | 	Valid Accuracy     : 0.6253

Epoch : 17
Train Loss     : 0.3055	 | 	Train Accuracy     : 0.8802
Valid Loss     : 0.9971	 | 	Valid Accuracy     : 0.6335

Epoch : 18
Train Loss     : 0.2805	 | 	Train Accuracy     : 0.8998
Valid Loss     : 0.7791	 | 	Valid Accuracy     : 0.6907

Epoch : 19
Train Loss     : 0.2711	 | 	Train Accuracy     : 0.9002
Valid Loss     : 0.9116	 | 	Valid Accuracy     : 0.6360

Epoch : 20
Train Loss     : 0.2895	 | 	Train Accuracy     : 0.8855
Valid Loss     : 0.8511	 | 	Valid Accuracy     : 0.6720

Epoch : 21
Train Loss     : 0.2532	 | 	Train Accuracy     : 0.9084
Valid Loss     : 0.9287	 | 	Valid Accuracy     : 0.6372

Epoch : 22
Train Loss     : 0.2553	 | 	Train Accuracy     : 0.9049
Valid Loss     : 1.0005	 | 	Valid Accuracy     : 0.6428

Epoch : 23
Train Loss     : 0.2299	 | 	Train Accuracy     : 0.9234
Valid Loss     : 0.9926	 | 	Valid Accuracy     : 0.6774

Epoch : 24
Train Loss     : 0.2444	 | 	Train Accuracy     : 0.9122
Valid Loss     : 0.8869	 | 	Valid Accuracy     : 0.6732

Epoch : 25
Train Loss     : 0.2232	 | 	Train Accuracy     : 0.9225
Valid Loss     : 0.8555	 | 	Valid Accuracy     : 0.6454

Epoch : 26
Train Loss     : 0.2335	 | 	Train Accuracy     : 0.9154
Valid Loss     : 0.9420	 | 	Valid Accuracy     : 0.6728

Epoch : 27
Train Loss     : 0.2347	 | 	Train Accuracy     : 0.9146
Valid Loss     : 0.9020	 | 	Valid Accuracy     : 0.6597

Epoch : 28
Train Loss     : 0.2191	 | 	Train Accuracy     : 0.9232
Valid Loss     : 0.8351	 | 	Valid Accuracy     : 0.6607

Epoch : 29
Train Loss     : 0.2106	 | 	Train Accuracy     : 0.9253
Valid Loss     : 0.8671	 | 	Valid Accuracy     : 0.6665

Epoch : 30
Train Loss     : 0.1830	 | 	Train Accuracy     : 0.9390
Valid Loss     : 0.8426	 | 	Valid Accuracy     : 0.6762

Evaluate on the Test set:
Test loss      :1.1049	 | Test Accuracy      : 0.6510 | Test AUPRC      : 0.7463
tensor([0.8908, 0.7762, 0.8265, 0.6638, 0.8327, 0.9429, 0.6291, 0.7411, 0.5704,
        0.6837, 0.6151, 0.7252, 0.5580, 0.9449, 0.8569, 0.6872, 0.7588, 0.6803,
        0.6037, 0.6462, 0.7413, 0.7112, 0.8914, 0.9803, 0.5351, 0.8239, 0.5908,
        0.7137, 0.6999, 0.5995, 0.7139, 1.0034, 0.8717, 0.8068, 0.7840, 0.5481,
        0.6279, 0.5524, 0.7287, 0.5355, 0.6884, 0.5681, 0.5965, 0.7826, 0.5344,
        0.7290, 0.6557, 0.5033, 0.4849, 0.5930, 0.6737, 0.4832, 0.4783, 0.5469,
        0.9241, 0.6434, 0.8822, 0.5612, 0.5412, 0.5396, 0.8837, 0.7518],
       device='cuda:0', grad_fn=<SqueezeBackward1>)

################## Training is Done! #########################
Training time is : 0:02:29.762255
