=============================================
Dataset: SEED
Method:  TS-TCC
Mode:    supervised
=============================================
Data loaded ...
Subjet 1
if scale True
Training started ....

Epoch : 1
Train Loss     : 1.2930	 | 	Train Accuracy     : 0.4898
Valid Loss     : 1.2395	 | 	Valid Accuracy     : 0.5023

Epoch : 2
Train Loss     : 0.8132	 | 	Train Accuracy     : 0.6174
Valid Loss     : 1.0286	 | 	Valid Accuracy     : 0.5278

Epoch : 3
Train Loss     : 0.6464	 | 	Train Accuracy     : 0.7020
Valid Loss     : 1.0829	 | 	Valid Accuracy     : 0.4854

Epoch : 4
Train Loss     : 0.5510	 | 	Train Accuracy     : 0.7794
Valid Loss     : 1.1019	 | 	Valid Accuracy     : 0.5238

Epoch : 5
Train Loss     : 0.4540	 | 	Train Accuracy     : 0.8283
Valid Loss     : 1.1582	 | 	Valid Accuracy     : 0.5279

Epoch : 6
Train Loss     : 0.3967	 | 	Train Accuracy     : 0.8499
Valid Loss     : 1.6896	 | 	Valid Accuracy     : 0.5423

Epoch : 7
Train Loss     : 0.3754	 | 	Train Accuracy     : 0.8576
Valid Loss     : 1.4174	 | 	Valid Accuracy     : 0.5571

Epoch : 8
Train Loss     : 0.3321	 | 	Train Accuracy     : 0.8754
Valid Loss     : 1.6389	 | 	Valid Accuracy     : 0.5455

Epoch : 9
Train Loss     : 0.3299	 | 	Train Accuracy     : 0.8772
Valid Loss     : 1.5743	 | 	Valid Accuracy     : 0.5620

Epoch : 10
Train Loss     : 0.3055	 | 	Train Accuracy     : 0.8865
Valid Loss     : 1.7983	 | 	Valid Accuracy     : 0.5689

Epoch : 11
Train Loss     : 0.3028	 | 	Train Accuracy     : 0.8887
Valid Loss     : 1.9622	 | 	Valid Accuracy     : 0.5369

Epoch : 12
Train Loss     : 0.2930	 | 	Train Accuracy     : 0.8892
Valid Loss     : 1.7953	 | 	Valid Accuracy     : 0.5678

Epoch : 13
Train Loss     : 0.2594	 | 	Train Accuracy     : 0.9063
Valid Loss     : 1.9792	 | 	Valid Accuracy     : 0.5647

Epoch : 14
Train Loss     : 0.2103	 | 	Train Accuracy     : 0.9299
Valid Loss     : 1.7924	 | 	Valid Accuracy     : 0.5663

Epoch : 15
Train Loss     : 0.2008	 | 	Train Accuracy     : 0.9312
Valid Loss     : 1.8801	 | 	Valid Accuracy     : 0.5741

Epoch : 16
Train Loss     : 0.1953	 | 	Train Accuracy     : 0.9353
Valid Loss     : 1.8148	 | 	Valid Accuracy     : 0.5760

Epoch : 17
Train Loss     : 0.1866	 | 	Train Accuracy     : 0.9399
Valid Loss     : 1.8602	 | 	Valid Accuracy     : 0.5635

Epoch : 18
Train Loss     : 0.1838	 | 	Train Accuracy     : 0.9392
Valid Loss     : 1.8471	 | 	Valid Accuracy     : 0.5684

Epoch : 19
Train Loss     : 0.1866	 | 	Train Accuracy     : 0.9398
Valid Loss     : 1.9566	 | 	Valid Accuracy     : 0.5723

Epoch : 20
Train Loss     : 0.1788	 | 	Train Accuracy     : 0.9435
Valid Loss     : 1.7702	 | 	Valid Accuracy     : 0.5690

Epoch : 21
Train Loss     : 0.1780	 | 	Train Accuracy     : 0.9432
Valid Loss     : 1.8335	 | 	Valid Accuracy     : 0.5686

Epoch : 22
Train Loss     : 0.1738	 | 	Train Accuracy     : 0.9420
Valid Loss     : 1.7654	 | 	Valid Accuracy     : 0.5700

Epoch : 23
Train Loss     : 0.1677	 | 	Train Accuracy     : 0.9482
Valid Loss     : 1.8605	 | 	Valid Accuracy     : 0.5785

Epoch : 24
Train Loss     : 0.1694	 | 	Train Accuracy     : 0.9470
Valid Loss     : 1.8620	 | 	Valid Accuracy     : 0.5661

Epoch : 25
Train Loss     : 0.1595	 | 	Train Accuracy     : 0.9506
Valid Loss     : 1.8691	 | 	Valid Accuracy     : 0.5692

Epoch : 26
Train Loss     : 0.1618	 | 	Train Accuracy     : 0.9497
Valid Loss     : 1.8618	 | 	Valid Accuracy     : 0.5670

Epoch : 27
Train Loss     : 0.1611	 | 	Train Accuracy     : 0.9524
Valid Loss     : 1.8490	 | 	Valid Accuracy     : 0.5687

Epoch : 28
Train Loss     : 0.1636	 | 	Train Accuracy     : 0.9506
Valid Loss     : 1.8045	 | 	Valid Accuracy     : 0.5712

Epoch : 29
Train Loss     : 0.1595	 | 	Train Accuracy     : 0.9526
Valid Loss     : 1.8062	 | 	Valid Accuracy     : 0.5736

Epoch : 30
Train Loss     : 0.1591	 | 	Train Accuracy     : 0.9528
Valid Loss     : 1.8972	 | 	Valid Accuracy     : 0.5617

Evaluate on the Test set:
Test loss      :1.6551	 | Test Accuracy      : 0.5968 | Test AUPRC      : 0.6250
tensor([0.8744, 0.9441, 0.8534, 0.8766, 0.8729, 0.9575, 0.8403, 0.8098, 0.8362,
        0.8584, 0.8392, 0.9180, 0.8976, 0.8913, 0.8478, 0.8851, 0.8570, 0.8318,
        0.8135, 0.9024, 0.8656, 0.8698, 0.9467, 0.9891, 0.8518, 0.8373, 0.8739,
        0.8860, 0.8318, 0.8283, 0.8578, 0.9504, 0.9059, 0.8584, 0.8988, 0.8446,
        0.8250, 0.8521, 0.8990, 0.8435, 0.9106, 0.8419, 0.8535, 0.8562, 0.8956,
        0.8728, 0.8619, 0.8452, 0.8372, 0.8714, 0.8370, 0.9695, 0.8634, 0.9014,
        0.8373, 0.9406, 0.9233, 0.8573, 0.8306, 0.8453, 0.8533, 0.8739],
       device='cuda:0', grad_fn=<SqueezeBackward1>)

################## Training is Done! #########################
Training time is : 0:02:53.259580
