=============================================
Dataset: SEED
Method:  TS-TCC
Mode:    supervised
=============================================
Data loaded ...
Subjet 6
if scale True
Training started ....

Epoch : 1
Train Loss     : 1.1077	 | 	Train Accuracy     : 0.5027
Valid Loss     : 0.7789	 | 	Valid Accuracy     : 0.6346

Epoch : 2
Train Loss     : 0.6610	 | 	Train Accuracy     : 0.6803
Valid Loss     : 0.6491	 | 	Valid Accuracy     : 0.7153

Epoch : 3
Train Loss     : 0.5187	 | 	Train Accuracy     : 0.7777
Valid Loss     : 0.6944	 | 	Valid Accuracy     : 0.7502

Epoch : 4
Train Loss     : 0.4502	 | 	Train Accuracy     : 0.8244
Valid Loss     : 0.7701	 | 	Valid Accuracy     : 0.7087

Epoch : 5
Train Loss     : 0.3809	 | 	Train Accuracy     : 0.8537
Valid Loss     : 0.7307	 | 	Valid Accuracy     : 0.7218

Epoch : 6
Train Loss     : 0.3781	 | 	Train Accuracy     : 0.8554
Valid Loss     : 0.7694	 | 	Valid Accuracy     : 0.7696

Epoch : 7
Train Loss     : 0.3187	 | 	Train Accuracy     : 0.8880
Valid Loss     : 0.7615	 | 	Valid Accuracy     : 0.7585

Epoch : 8
Train Loss     : 0.2747	 | 	Train Accuracy     : 0.8997
Valid Loss     : 0.7784	 | 	Valid Accuracy     : 0.7287

Epoch : 9
Train Loss     : 0.2552	 | 	Train Accuracy     : 0.9054
Valid Loss     : 0.9157	 | 	Valid Accuracy     : 0.7397

Epoch : 10
Train Loss     : 0.2473	 | 	Train Accuracy     : 0.9116
Valid Loss     : 1.0100	 | 	Valid Accuracy     : 0.7092

Epoch : 11
Train Loss     : 0.2166	 | 	Train Accuracy     : 0.9234
Valid Loss     : 1.1676	 | 	Valid Accuracy     : 0.6896

Epoch : 12
Train Loss     : 0.2021	 | 	Train Accuracy     : 0.9299
Valid Loss     : 1.4123	 | 	Valid Accuracy     : 0.6830

Epoch : 13
Train Loss     : 0.1869	 | 	Train Accuracy     : 0.9361
Valid Loss     : 1.3929	 | 	Valid Accuracy     : 0.6949

Epoch : 14
Train Loss     : 0.1724	 | 	Train Accuracy     : 0.9402
Valid Loss     : 1.3755	 | 	Valid Accuracy     : 0.7024

Epoch : 15
Train Loss     : 0.1587	 | 	Train Accuracy     : 0.9462
Valid Loss     : 1.4024	 | 	Valid Accuracy     : 0.7081

Epoch : 16
Train Loss     : 0.1457	 | 	Train Accuracy     : 0.9555
Valid Loss     : 1.3781	 | 	Valid Accuracy     : 0.7033

Epoch : 17
Train Loss     : 0.1496	 | 	Train Accuracy     : 0.9548
Valid Loss     : 1.4027	 | 	Valid Accuracy     : 0.6981

Epoch : 18
Train Loss     : 0.1451	 | 	Train Accuracy     : 0.9552
Valid Loss     : 1.5012	 | 	Valid Accuracy     : 0.6972

Epoch : 19
Train Loss     : 0.1434	 | 	Train Accuracy     : 0.9558
Valid Loss     : 1.4155	 | 	Valid Accuracy     : 0.7004

Epoch : 20
Train Loss     : 0.1456	 | 	Train Accuracy     : 0.9544
Valid Loss     : 1.5240	 | 	Valid Accuracy     : 0.7013

Epoch : 21
Train Loss     : 0.1386	 | 	Train Accuracy     : 0.9585
Valid Loss     : 1.5046	 | 	Valid Accuracy     : 0.7020

Epoch : 22
Train Loss     : 0.1377	 | 	Train Accuracy     : 0.9589
Valid Loss     : 1.4797	 | 	Valid Accuracy     : 0.7032

Epoch : 23
Train Loss     : 0.1367	 | 	Train Accuracy     : 0.9619
Valid Loss     : 1.5060	 | 	Valid Accuracy     : 0.7065

Epoch : 24
Train Loss     : 0.1300	 | 	Train Accuracy     : 0.9640
Valid Loss     : 1.5674	 | 	Valid Accuracy     : 0.6985

Epoch : 25
Train Loss     : 0.1253	 | 	Train Accuracy     : 0.9662
Valid Loss     : 1.5940	 | 	Valid Accuracy     : 0.7018

Epoch : 26
Train Loss     : 0.1274	 | 	Train Accuracy     : 0.9623
Valid Loss     : 1.5769	 | 	Valid Accuracy     : 0.6952

Epoch : 27
Train Loss     : 0.1261	 | 	Train Accuracy     : 0.9634
Valid Loss     : 1.5437	 | 	Valid Accuracy     : 0.7058

Epoch : 28
Train Loss     : 0.1242	 | 	Train Accuracy     : 0.9630
Valid Loss     : 1.5522	 | 	Valid Accuracy     : 0.7029

Epoch : 29
Train Loss     : 0.1308	 | 	Train Accuracy     : 0.9622
Valid Loss     : 1.5410	 | 	Valid Accuracy     : 0.7009

Epoch : 30
Train Loss     : 0.1255	 | 	Train Accuracy     : 0.9694
Valid Loss     : 1.5404	 | 	Valid Accuracy     : 0.6952

Evaluate on the Test set:
Test loss      :1.3470	 | Test Accuracy      : 0.6153 | Test AUPRC      : 0.6196
tensor([0.8777, 0.9554, 0.8936, 0.8689, 0.8650, 0.9362, 0.8961, 0.9422, 0.8797,
        0.8545, 0.8605, 0.8839, 0.8684, 0.8717, 0.9923, 0.8637, 0.9291, 0.8602,
        0.8634, 0.8686, 0.8697, 0.8814, 0.9242, 0.9684, 0.8832, 0.8872, 0.9050,
        0.8591, 0.8654, 0.8599, 0.8836, 1.0547, 0.8966, 0.9078, 0.8700, 0.8830,
        0.8488, 0.8831, 0.8618, 0.8605, 0.8752, 0.8507, 0.8657, 0.8610, 0.9570,
        0.8549, 0.8592, 0.8875, 0.8617, 0.9034, 0.8771, 0.8997, 0.8677, 0.8757,
        0.8647, 0.8573, 0.9133, 0.8634, 0.8618, 0.8778, 0.8852, 0.8738],
       device='cuda:0', grad_fn=<SqueezeBackward1>)

################## Training is Done! #########################
Training time is : 0:02:33.982525
