=============================================
Dataset: SEED
Method:  TS-TCC
Mode:    supervised
=============================================
Data loaded ...
Subjet 4
if scale True
Training started ....

Epoch : 1
Train Loss     : 1.5825	 | 	Train Accuracy     : 0.3609
Valid Loss     : 1.3985	 | 	Valid Accuracy     : 0.4238

Epoch : 2
Train Loss     : 1.1392	 | 	Train Accuracy     : 0.5434
Valid Loss     : 1.2153	 | 	Valid Accuracy     : 0.4836

Epoch : 3
Train Loss     : 0.8781	 | 	Train Accuracy     : 0.6615
Valid Loss     : 1.5925	 | 	Valid Accuracy     : 0.5032

Epoch : 4
Train Loss     : 0.6387	 | 	Train Accuracy     : 0.7242
Valid Loss     : 1.6099	 | 	Valid Accuracy     : 0.4965

Epoch : 5
Train Loss     : 0.5724	 | 	Train Accuracy     : 0.7702
Valid Loss     : 1.6868	 | 	Valid Accuracy     : 0.5014

Epoch : 6
Train Loss     : 0.5250	 | 	Train Accuracy     : 0.7923
Valid Loss     : 1.8526	 | 	Valid Accuracy     : 0.4906

Epoch : 7
Train Loss     : 0.4422	 | 	Train Accuracy     : 0.8598
Valid Loss     : 1.5826	 | 	Valid Accuracy     : 0.5016

Epoch : 8
Train Loss     : 0.4526	 | 	Train Accuracy     : 0.8778
Valid Loss     : 1.8883	 | 	Valid Accuracy     : 0.4286

Epoch : 9
Train Loss     : 0.3791	 | 	Train Accuracy     : 0.8856
Valid Loss     : 1.7161	 | 	Valid Accuracy     : 0.4776

Epoch : 10
Train Loss     : 0.3272	 | 	Train Accuracy     : 0.8961
Valid Loss     : 1.8848	 | 	Valid Accuracy     : 0.4848

Epoch : 11
Train Loss     : 0.2685	 | 	Train Accuracy     : 0.9125
Valid Loss     : 1.6095	 | 	Valid Accuracy     : 0.5047

Epoch : 12
Train Loss     : 0.2764	 | 	Train Accuracy     : 0.9045
Valid Loss     : 1.6676	 | 	Valid Accuracy     : 0.5094

Epoch : 13
Train Loss     : 0.2263	 | 	Train Accuracy     : 0.9321
Valid Loss     : 1.6596	 | 	Valid Accuracy     : 0.5186

Epoch : 14
Train Loss     : 0.2533	 | 	Train Accuracy     : 0.9260
Valid Loss     : 1.7979	 | 	Valid Accuracy     : 0.4984

Epoch : 15
Train Loss     : 0.2430	 | 	Train Accuracy     : 0.8989
Valid Loss     : 1.7719	 | 	Valid Accuracy     : 0.4945

Epoch : 16
Train Loss     : 0.1815	 | 	Train Accuracy     : 0.9544
Valid Loss     : 1.7910	 | 	Valid Accuracy     : 0.4946

Epoch : 17
Train Loss     : 0.1770	 | 	Train Accuracy     : 0.9551
Valid Loss     : 1.8696	 | 	Valid Accuracy     : 0.4932

Epoch : 18
Train Loss     : 0.1872	 | 	Train Accuracy     : 0.9635
Valid Loss     : 1.7882	 | 	Valid Accuracy     : 0.4965

Epoch : 19
Train Loss     : 0.1605	 | 	Train Accuracy     : 0.9655
Valid Loss     : 1.7531	 | 	Valid Accuracy     : 0.5004

Epoch : 20
Train Loss     : 0.1854	 | 	Train Accuracy     : 0.9451
Valid Loss     : 1.8094	 | 	Valid Accuracy     : 0.4949

Epoch : 21
Train Loss     : 0.1992	 | 	Train Accuracy     : 0.9477
Valid Loss     : 1.7210	 | 	Valid Accuracy     : 0.4956

Epoch : 22
Train Loss     : 0.2151	 | 	Train Accuracy     : 0.9351
Valid Loss     : 1.7272	 | 	Valid Accuracy     : 0.5034

Epoch : 23
Train Loss     : 0.1588	 | 	Train Accuracy     : 0.9616
Valid Loss     : 1.8050	 | 	Valid Accuracy     : 0.4864

Epoch : 24
Train Loss     : 0.1752	 | 	Train Accuracy     : 0.9438
Valid Loss     : 1.8554	 | 	Valid Accuracy     : 0.4919

Epoch : 25
Train Loss     : 0.3199	 | 	Train Accuracy     : 0.9080
Valid Loss     : 1.8984	 | 	Valid Accuracy     : 0.4863

Epoch : 26
Train Loss     : 0.1747	 | 	Train Accuracy     : 0.9635
Valid Loss     : 1.8423	 | 	Valid Accuracy     : 0.4965

Epoch : 27
Train Loss     : 0.2005	 | 	Train Accuracy     : 0.9503
Valid Loss     : 1.8280	 | 	Valid Accuracy     : 0.5060

Epoch : 28
Train Loss     : 0.2125	 | 	Train Accuracy     : 0.9319
Valid Loss     : 1.9323	 | 	Valid Accuracy     : 0.4833

Epoch : 29
Train Loss     : 0.2101	 | 	Train Accuracy     : 0.9345
Valid Loss     : 1.7681	 | 	Valid Accuracy     : 0.4977

Epoch : 30
Train Loss     : 0.1495	 | 	Train Accuracy     : 0.9661
Valid Loss     : 1.7613	 | 	Valid Accuracy     : 0.5039

Evaluate on the Test set:
Test loss      :1.3253	 | Test Accuracy      : 0.5681 | Test AUPRC      : 0.6575
tensor([0.9786, 0.9587, 0.9467, 0.9492, 0.9583, 0.9588, 0.9555, 0.9583, 0.9425,
        0.9414, 0.9507, 0.9635, 0.9428, 0.9467, 0.9926, 0.9611, 0.9606, 0.9472,
        0.9471, 0.9462, 0.9761, 0.9785, 0.9775, 1.0221, 0.9408, 0.9544, 0.9495,
        0.9443, 0.9400, 0.9453, 0.9559, 1.0004, 0.9500, 0.9552, 0.9548, 0.9413,
        0.9513, 0.9660, 0.9512, 0.9428, 0.9554, 0.9720, 0.9698, 0.9633, 0.9450,
        0.9411, 0.9561, 0.9447, 0.9465, 0.9577, 0.9706, 0.9597, 0.9496, 0.9500,
        0.9992, 0.9737, 1.0106, 0.9509, 0.9515, 0.9516, 0.9453, 0.9494],
       device='cuda:0', grad_fn=<SqueezeBackward1>)

################## Training is Done! #########################
Training time is : 0:01:05.594077
