=============================================
Dataset: SEED
Method:  TS-TCC
Mode:    supervised
=============================================
Data loaded ...
Subjet 9
if scale True
Training started ....

Epoch : 1
Train Loss     : 1.2520	 | 	Train Accuracy     : 0.4954
Valid Loss     : 1.0430	 | 	Valid Accuracy     : 0.5815

Epoch : 2
Train Loss     : 0.6997	 | 	Train Accuracy     : 0.7452
Valid Loss     : 0.9833	 | 	Valid Accuracy     : 0.5082

Epoch : 3
Train Loss     : 0.5295	 | 	Train Accuracy     : 0.7763
Valid Loss     : 0.9213	 | 	Valid Accuracy     : 0.6201

Epoch : 4
Train Loss     : 0.3927	 | 	Train Accuracy     : 0.8485
Valid Loss     : 0.8737	 | 	Valid Accuracy     : 0.6303

Epoch : 5
Train Loss     : 0.3080	 | 	Train Accuracy     : 0.8696
Valid Loss     : 1.0155	 | 	Valid Accuracy     : 0.6124

Epoch : 6
Train Loss     : 0.3031	 | 	Train Accuracy     : 0.8314
Valid Loss     : 1.0229	 | 	Valid Accuracy     : 0.5674

Epoch : 7
Train Loss     : 0.3603	 | 	Train Accuracy     : 0.8383
Valid Loss     : 1.1148	 | 	Valid Accuracy     : 0.5512

Epoch : 8
Train Loss     : 0.2252	 | 	Train Accuracy     : 0.9089
Valid Loss     : 1.1301	 | 	Valid Accuracy     : 0.5539

Epoch : 9
Train Loss     : 0.2465	 | 	Train Accuracy     : 0.8930
Valid Loss     : 1.0297	 | 	Valid Accuracy     : 0.5673

Epoch : 10
Train Loss     : 0.2810	 | 	Train Accuracy     : 0.8902
Valid Loss     : 1.0487	 | 	Valid Accuracy     : 0.5549

Epoch : 11
Train Loss     : 0.2162	 | 	Train Accuracy     : 0.8961
Valid Loss     : 1.1471	 | 	Valid Accuracy     : 0.5207

Epoch : 12
Train Loss     : 0.2030	 | 	Train Accuracy     : 0.9303
Valid Loss     : 1.0319	 | 	Valid Accuracy     : 0.5484

Epoch : 13
Train Loss     : 0.2401	 | 	Train Accuracy     : 0.9145
Valid Loss     : 0.9384	 | 	Valid Accuracy     : 0.6010

Epoch : 14
Train Loss     : 0.2272	 | 	Train Accuracy     : 0.8974
Valid Loss     : 0.9519	 | 	Valid Accuracy     : 0.6143

Epoch : 15
Train Loss     : 0.2218	 | 	Train Accuracy     : 0.8958
Valid Loss     : 0.9541	 | 	Valid Accuracy     : 0.6287

Epoch : 16
Train Loss     : 0.2143	 | 	Train Accuracy     : 0.9097
Valid Loss     : 0.8905	 | 	Valid Accuracy     : 0.6512

Epoch : 17
Train Loss     : 0.2130	 | 	Train Accuracy     : 0.9230
Valid Loss     : 0.8810	 | 	Valid Accuracy     : 0.6528

Epoch : 18
Train Loss     : 0.1863	 | 	Train Accuracy     : 0.9386
Valid Loss     : 0.8234	 | 	Valid Accuracy     : 0.6690

Epoch : 19
Train Loss     : 0.1482	 | 	Train Accuracy     : 0.9512
Valid Loss     : 0.8094	 | 	Valid Accuracy     : 0.6644

Epoch : 20
Train Loss     : 0.1897	 | 	Train Accuracy     : 0.9260
Valid Loss     : 0.8136	 | 	Valid Accuracy     : 0.6704

Epoch : 21
Train Loss     : 0.1337	 | 	Train Accuracy     : 0.9596
Valid Loss     : 0.8063	 | 	Valid Accuracy     : 0.6782

Epoch : 22
Train Loss     : 0.2155	 | 	Train Accuracy     : 0.9332
Valid Loss     : 0.8232	 | 	Valid Accuracy     : 0.6685

Epoch : 23
Train Loss     : 0.1397	 | 	Train Accuracy     : 0.9577
Valid Loss     : 0.7925	 | 	Valid Accuracy     : 0.6788

Epoch : 24
Train Loss     : 0.1514	 | 	Train Accuracy     : 0.9451
Valid Loss     : 0.7695	 | 	Valid Accuracy     : 0.6748

Epoch : 25
Train Loss     : 0.2849	 | 	Train Accuracy     : 0.8783
Valid Loss     : 0.7708	 | 	Valid Accuracy     : 0.6798

Epoch : 26
Train Loss     : 0.1372	 | 	Train Accuracy     : 0.9622
Valid Loss     : 0.8087	 | 	Valid Accuracy     : 0.6750

Epoch : 27
Train Loss     : 0.1725	 | 	Train Accuracy     : 0.9273
Valid Loss     : 0.8594	 | 	Valid Accuracy     : 0.6709

Epoch : 28
Train Loss     : 0.1662	 | 	Train Accuracy     : 0.9360
Valid Loss     : 0.8987	 | 	Valid Accuracy     : 0.6633

Epoch : 29
Train Loss     : 0.1599	 | 	Train Accuracy     : 0.9425
Valid Loss     : 0.9057	 | 	Valid Accuracy     : 0.6632

Epoch : 30
Train Loss     : 0.1513	 | 	Train Accuracy     : 0.9484
Valid Loss     : 0.8979	 | 	Valid Accuracy     : 0.6578

Evaluate on the Test set:
Test loss      :1.0563	 | Test Accuracy      : 0.6479 | Test AUPRC      : 0.6809
tensor([0.9457, 0.9395, 0.9396, 0.9472, 0.9416, 0.9395, 0.9377, 0.9382, 0.9383,
        0.9464, 0.9644, 0.9620, 0.9384, 0.9638, 0.9275, 0.9477, 0.9615, 0.9465,
        0.9673, 0.9472, 0.9547, 0.9440, 0.9997, 1.0214, 0.9836, 0.9525, 0.9756,
        0.9294, 0.9372, 0.9365, 0.9413, 0.9854, 0.9447, 0.9742, 0.9298, 0.9385,
        0.9327, 0.9428, 0.9724, 0.9301, 0.9683, 0.9409, 0.9437, 0.9456, 0.9274,
        0.9388, 0.9642, 0.9604, 0.9374, 0.9644, 0.9511, 0.9351, 0.9413, 0.9237,
        0.9258, 0.9230, 0.9470, 0.9385, 0.9295, 0.9550, 0.9346, 0.9415],
       device='cuda:0', grad_fn=<SqueezeBackward1>)

################## Training is Done! #########################
Training time is : 0:01:01.322595
