=============================================
Dataset: SEED
Method:  TS-TCC
Mode:    supervised
=============================================
Data loaded ...
Subjet 15
if scale True
Training started ....

Epoch : 1
Train Loss     : 1.3080	 | 	Train Accuracy     : 0.4414
Valid Loss     : 1.7327	 | 	Valid Accuracy     : 0.3712

Epoch : 2
Train Loss     : 0.7492	 | 	Train Accuracy     : 0.7324
Valid Loss     : 1.4815	 | 	Valid Accuracy     : 0.4665

Epoch : 3
Train Loss     : 0.4496	 | 	Train Accuracy     : 0.7836
Valid Loss     : 1.2020	 | 	Valid Accuracy     : 0.5338

Epoch : 4
Train Loss     : 0.3904	 | 	Train Accuracy     : 0.8318
Valid Loss     : 1.4582	 | 	Valid Accuracy     : 0.5700

Epoch : 5
Train Loss     : 0.2732	 | 	Train Accuracy     : 0.8698
Valid Loss     : 1.8198	 | 	Valid Accuracy     : 0.5893

Epoch : 6
Train Loss     : 0.1996	 | 	Train Accuracy     : 0.9236
Valid Loss     : 1.6149	 | 	Valid Accuracy     : 0.5508

Epoch : 7
Train Loss     : 0.1968	 | 	Train Accuracy     : 0.9418
Valid Loss     : 2.1684	 | 	Valid Accuracy     : 0.6460

Epoch : 8
Train Loss     : 0.1124	 | 	Train Accuracy     : 0.9542
Valid Loss     : 1.7324	 | 	Valid Accuracy     : 0.6347

Epoch : 9
Train Loss     : 0.0761	 | 	Train Accuracy     : 0.9759
Valid Loss     : 1.3641	 | 	Valid Accuracy     : 0.6740

Epoch : 10
Train Loss     : 0.0697	 | 	Train Accuracy     : 0.9692
Valid Loss     : 1.5219	 | 	Valid Accuracy     : 0.6876

Epoch : 11
Train Loss     : 0.0576	 | 	Train Accuracy     : 0.9915
Valid Loss     : 1.5792	 | 	Valid Accuracy     : 0.6704

Epoch : 12
Train Loss     : 0.0452	 | 	Train Accuracy     : 0.9909
Valid Loss     : 1.5427	 | 	Valid Accuracy     : 0.6521

Epoch : 13
Train Loss     : 0.0406	 | 	Train Accuracy     : 0.9902
Valid Loss     : 1.5551	 | 	Valid Accuracy     : 0.6462

Epoch : 14
Train Loss     : 0.0775	 | 	Train Accuracy     : 0.9683
Valid Loss     : 1.5664	 | 	Valid Accuracy     : 0.6220

Epoch : 15
Train Loss     : 0.0297	 | 	Train Accuracy     : 0.9974
Valid Loss     : 1.6107	 | 	Valid Accuracy     : 0.6045

Epoch : 16
Train Loss     : 0.0934	 | 	Train Accuracy     : 0.9829
Valid Loss     : 1.6682	 | 	Valid Accuracy     : 0.6066

Epoch : 17
Train Loss     : 0.0550	 | 	Train Accuracy     : 0.9816
Valid Loss     : 1.8838	 | 	Valid Accuracy     : 0.5818

Epoch : 18
Train Loss     : 0.0430	 | 	Train Accuracy     : 0.9829
Valid Loss     : 1.9267	 | 	Valid Accuracy     : 0.5770

Epoch : 19
Train Loss     : 0.0276	 | 	Train Accuracy     : 0.9974
Valid Loss     : 1.9566	 | 	Valid Accuracy     : 0.5842

Epoch : 20
Train Loss     : 0.0273	 | 	Train Accuracy     : 0.9961
Valid Loss     : 1.8749	 | 	Valid Accuracy     : 0.5878

Epoch : 21
Train Loss     : 0.0278	 | 	Train Accuracy     : 0.9961
Valid Loss     : 1.8591	 | 	Valid Accuracy     : 0.5895

Epoch : 22
Train Loss     : 0.0374	 | 	Train Accuracy     : 0.9967
Valid Loss     : 1.8066	 | 	Valid Accuracy     : 0.6013

Epoch : 23
Train Loss     : 0.0249	 | 	Train Accuracy     : 0.9967
Valid Loss     : 1.7795	 | 	Valid Accuracy     : 0.6056

Epoch : 24
Train Loss     : 0.0224	 | 	Train Accuracy     : 0.9967
Valid Loss     : 1.7367	 | 	Valid Accuracy     : 0.5881

Epoch : 25
Train Loss     : 0.1775	 | 	Train Accuracy     : 0.9703
Valid Loss     : 1.7894	 | 	Valid Accuracy     : 0.5997

Epoch : 26
Train Loss     : 0.0504	 | 	Train Accuracy     : 0.9848
Valid Loss     : 1.6600	 | 	Valid Accuracy     : 0.6189

Epoch : 27
Train Loss     : 0.0262	 | 	Train Accuracy     : 0.9961
Valid Loss     : 1.7518	 | 	Valid Accuracy     : 0.6019

Epoch : 28
Train Loss     : 0.0865	 | 	Train Accuracy     : 0.9829
Valid Loss     : 1.6769	 | 	Valid Accuracy     : 0.6230

Epoch : 29
Train Loss     : 0.0359	 | 	Train Accuracy     : 0.9974
Valid Loss     : 1.5981	 | 	Valid Accuracy     : 0.6289

Epoch : 30
Train Loss     : 0.0255	 | 	Train Accuracy     : 0.9974
Valid Loss     : 1.6703	 | 	Valid Accuracy     : 0.6127

Evaluate on the Test set:
Test loss      :2.8644	 | Test Accuracy      : 0.6515 | Test AUPRC      : 0.5832
tensor([0.9450, 0.9419, 0.9407, 0.9853, 0.9462, 0.9477, 0.9648, 0.9421, 0.9384,
        0.9484, 0.9453, 0.9399, 0.9443, 0.9423, 0.9453, 0.9662, 0.9519, 0.9403,
        0.9880, 0.9392, 0.9409, 0.9445, 0.9501, 1.0243, 0.9636, 0.9685, 0.9781,
        0.9387, 0.9351, 0.9330, 0.9510, 1.0197, 0.9490, 0.9667, 0.9471, 0.9435,
        0.9720, 0.9517, 0.9442, 0.9892, 0.9356, 0.9394, 0.9811, 0.9361, 0.9388,
        0.9355, 0.9516, 0.9406, 0.9376, 0.9468, 0.9404, 0.9632, 0.9467, 0.9499,
        0.9339, 0.9342, 0.9369, 0.9772, 0.9331, 0.9476, 0.9467, 0.9729],
       device='cuda:0', grad_fn=<SqueezeBackward1>)

################## Training is Done! #########################
Training time is : 0:00:54.962832
