=============================================
Dataset: SEED
Method:  TS-TCC
Mode:    supervised
=============================================
Data loaded ...
Subjet 13
if scale True
Training started ....

Epoch : 1
Train Loss     : 1.3099	 | 	Train Accuracy     : 0.4206
Valid Loss     : 1.0690	 | 	Valid Accuracy     : 0.4326

Epoch : 2
Train Loss     : 0.9054	 | 	Train Accuracy     : 0.5635
Valid Loss     : 0.8328	 | 	Valid Accuracy     : 0.6313

Epoch : 3
Train Loss     : 0.5354	 | 	Train Accuracy     : 0.7336
Valid Loss     : 0.7502	 | 	Valid Accuracy     : 0.5934

Epoch : 4
Train Loss     : 0.3700	 | 	Train Accuracy     : 0.8866
Valid Loss     : 0.7882	 | 	Valid Accuracy     : 0.5778

Epoch : 5
Train Loss     : 0.1892	 | 	Train Accuracy     : 0.9782
Valid Loss     : 0.9427	 | 	Valid Accuracy     : 0.5700

Epoch : 6
Train Loss     : 0.1568	 | 	Train Accuracy     : 0.9720
Valid Loss     : 1.0707	 | 	Valid Accuracy     : 0.5363

Epoch : 7
Train Loss     : 0.1186	 | 	Train Accuracy     : 0.9780
Valid Loss     : 1.1683	 | 	Valid Accuracy     : 0.5598

Epoch : 8
Train Loss     : 0.0712	 | 	Train Accuracy     : 0.9875
Valid Loss     : 1.2111	 | 	Valid Accuracy     : 0.5642

Epoch : 9
Train Loss     : 0.0526	 | 	Train Accuracy     : 0.9927
Valid Loss     : 1.2883	 | 	Valid Accuracy     : 0.5662

Epoch : 10
Train Loss     : 0.0444	 | 	Train Accuracy     : 0.9873
Valid Loss     : 1.3182	 | 	Valid Accuracy     : 0.5754

Epoch : 11
Train Loss     : 0.0363	 | 	Train Accuracy     : 0.9888
Valid Loss     : 1.2824	 | 	Valid Accuracy     : 0.5887

Epoch : 12
Train Loss     : 0.0305	 | 	Train Accuracy     : 0.9966
Valid Loss     : 1.2943	 | 	Valid Accuracy     : 0.5937

Epoch : 13
Train Loss     : 0.0237	 | 	Train Accuracy     : 0.9953
Valid Loss     : 1.2968	 | 	Valid Accuracy     : 0.5823

Epoch : 14
Train Loss     : 0.0229	 | 	Train Accuracy     : 0.9940
Valid Loss     : 1.2862	 | 	Valid Accuracy     : 0.5835

Epoch : 15
Train Loss     : 0.0188	 | 	Train Accuracy     : 0.9987
Valid Loss     : 1.3175	 | 	Valid Accuracy     : 0.5817

Epoch : 16
Train Loss     : 0.0193	 | 	Train Accuracy     : 0.9974
Valid Loss     : 1.3115	 | 	Valid Accuracy     : 0.5874

Epoch : 17
Train Loss     : 0.0187	 | 	Train Accuracy     : 0.9974
Valid Loss     : 1.3750	 | 	Valid Accuracy     : 0.5721

Epoch : 18
Train Loss     : 0.0187	 | 	Train Accuracy     : 0.9966
Valid Loss     : 1.4034	 | 	Valid Accuracy     : 0.5778

Epoch : 19
Train Loss     : 0.0179	 | 	Train Accuracy     : 0.9987
Valid Loss     : 1.3850	 | 	Valid Accuracy     : 0.5847

Epoch : 20
Train Loss     : 0.0180	 | 	Train Accuracy     : 0.9974
Valid Loss     : 1.3984	 | 	Valid Accuracy     : 0.5749

Epoch : 21
Train Loss     : 0.0191	 | 	Train Accuracy     : 0.9966
Valid Loss     : 1.4368	 | 	Valid Accuracy     : 0.5774

Epoch : 22
Train Loss     : 0.0195	 | 	Train Accuracy     : 0.9979
Valid Loss     : 1.4331	 | 	Valid Accuracy     : 0.5773

Epoch : 23
Train Loss     : 0.0155	 | 	Train Accuracy     : 0.9987
Valid Loss     : 1.4235	 | 	Valid Accuracy     : 0.5837

Epoch : 24
Train Loss     : 0.0180	 | 	Train Accuracy     : 0.9987
Valid Loss     : 1.4096	 | 	Valid Accuracy     : 0.5739

Epoch : 25
Train Loss     : 0.0193	 | 	Train Accuracy     : 0.9966
Valid Loss     : 1.4571	 | 	Valid Accuracy     : 0.5726

Epoch : 26
Train Loss     : 0.0191	 | 	Train Accuracy     : 0.9987
Valid Loss     : 1.4498	 | 	Valid Accuracy     : 0.5743

Epoch : 27
Train Loss     : 0.0144	 | 	Train Accuracy     : 1.0000
Valid Loss     : 1.4893	 | 	Valid Accuracy     : 0.5747

Epoch : 28
Train Loss     : 0.0167	 | 	Train Accuracy     : 0.9974
Valid Loss     : 1.4455	 | 	Valid Accuracy     : 0.5657

Epoch : 29
Train Loss     : 0.0169	 | 	Train Accuracy     : 0.9987
Valid Loss     : 1.4673	 | 	Valid Accuracy     : 0.5686

Epoch : 30
Train Loss     : 0.0159	 | 	Train Accuracy     : 0.9974
Valid Loss     : 1.4474	 | 	Valid Accuracy     : 0.5814

Evaluate on the Test set:
Test loss      :2.8685	 | Test Accuracy      : 0.4832 | Test AUPRC      : 0.5563
tensor([0.9685, 0.9715, 0.9695, 1.0004, 1.0023, 0.9740, 0.9849, 0.9623, 0.9633,
        0.9680, 0.9697, 0.9736, 0.9770, 0.9722, 0.9965, 0.9666, 0.9764, 0.9636,
        0.9621, 0.9686, 0.9659, 0.9620, 0.9705, 1.0121, 0.9934, 0.9652, 0.9786,
        0.9639, 0.9655, 0.9661, 0.9710, 0.9894, 0.9782, 0.9889, 0.9683, 0.9672,
        0.9632, 0.9664, 0.9628, 0.9645, 0.9668, 0.9634, 0.9691, 0.9633, 0.9640,
        0.9571, 0.9704, 0.9705, 0.9695, 0.9738, 0.9705, 0.9686, 0.9684, 1.0267,
        0.9692, 0.9636, 0.9637, 0.9640, 0.9633, 0.9649, 0.9743, 0.9661],
       device='cuda:0', grad_fn=<SqueezeBackward1>)

################## Training is Done! #########################
Training time is : 0:00:48.168154
