=============================================
Dataset: SEED
Method:  TS-TCC
Mode:    supervised
=============================================
Data loaded ...
Subjet 4
if scale True
Training started ....

Epoch : 1
Train Loss     : 1.5006	 | 	Train Accuracy     : 0.4227
Valid Loss     : 1.1179	 | 	Valid Accuracy     : 0.4757

Epoch : 2
Train Loss     : 0.8027	 | 	Train Accuracy     : 0.6717
Valid Loss     : 1.3854	 | 	Valid Accuracy     : 0.4831

Epoch : 3
Train Loss     : 0.5610	 | 	Train Accuracy     : 0.7852
Valid Loss     : 1.3226	 | 	Valid Accuracy     : 0.4966

Epoch : 4
Train Loss     : 0.4385	 | 	Train Accuracy     : 0.8383
Valid Loss     : 1.2749	 | 	Valid Accuracy     : 0.4900

Epoch : 5
Train Loss     : 0.3740	 | 	Train Accuracy     : 0.8668
Valid Loss     : 1.3157	 | 	Valid Accuracy     : 0.4890

Epoch : 6
Train Loss     : 0.3166	 | 	Train Accuracy     : 0.8942
Valid Loss     : 1.2235	 | 	Valid Accuracy     : 0.4984

Epoch : 7
Train Loss     : 0.2903	 | 	Train Accuracy     : 0.9010
Valid Loss     : 1.3312	 | 	Valid Accuracy     : 0.5093

Epoch : 8
Train Loss     : 0.2826	 | 	Train Accuracy     : 0.8964
Valid Loss     : 1.4816	 | 	Valid Accuracy     : 0.4742

Epoch : 9
Train Loss     : 0.2794	 | 	Train Accuracy     : 0.8957
Valid Loss     : 1.4416	 | 	Valid Accuracy     : 0.5026

Epoch : 10
Train Loss     : 0.2735	 | 	Train Accuracy     : 0.8970
Valid Loss     : 1.6003	 | 	Valid Accuracy     : 0.4658

Epoch : 11
Train Loss     : 0.2116	 | 	Train Accuracy     : 0.9374
Valid Loss     : 1.7715	 | 	Valid Accuracy     : 0.4861

Epoch : 12
Train Loss     : 0.1874	 | 	Train Accuracy     : 0.9400
Valid Loss     : 1.5633	 | 	Valid Accuracy     : 0.4686

Epoch : 13
Train Loss     : 0.1624	 | 	Train Accuracy     : 0.9512
Valid Loss     : 1.5051	 | 	Valid Accuracy     : 0.4984

Epoch : 14
Train Loss     : 0.1584	 | 	Train Accuracy     : 0.9573
Valid Loss     : 1.5144	 | 	Valid Accuracy     : 0.4917

Epoch : 15
Train Loss     : 0.1579	 | 	Train Accuracy     : 0.9520
Valid Loss     : 1.5196	 | 	Valid Accuracy     : 0.4912

Epoch : 16
Train Loss     : 0.1561	 | 	Train Accuracy     : 0.9570
Valid Loss     : 1.5552	 | 	Valid Accuracy     : 0.5016

Epoch : 17
Train Loss     : 0.1459	 | 	Train Accuracy     : 0.9640
Valid Loss     : 1.5562	 | 	Valid Accuracy     : 0.4991

Epoch : 18
Train Loss     : 0.1488	 | 	Train Accuracy     : 0.9616
Valid Loss     : 1.4529	 | 	Valid Accuracy     : 0.5062

Epoch : 19
Train Loss     : 0.1495	 | 	Train Accuracy     : 0.9598
Valid Loss     : 1.4405	 | 	Valid Accuracy     : 0.5096

Epoch : 20
Train Loss     : 0.1469	 | 	Train Accuracy     : 0.9604
Valid Loss     : 1.4749	 | 	Valid Accuracy     : 0.4996

Epoch : 21
Train Loss     : 0.1403	 | 	Train Accuracy     : 0.9614
Valid Loss     : 1.4636	 | 	Valid Accuracy     : 0.4868

Epoch : 22
Train Loss     : 0.1437	 | 	Train Accuracy     : 0.9585
Valid Loss     : 1.4872	 | 	Valid Accuracy     : 0.4765

Epoch : 23
Train Loss     : 0.1401	 | 	Train Accuracy     : 0.9605
Valid Loss     : 1.4876	 | 	Valid Accuracy     : 0.4829

Epoch : 24
Train Loss     : 0.1339	 | 	Train Accuracy     : 0.9658
Valid Loss     : 1.4823	 | 	Valid Accuracy     : 0.5019

Epoch : 25
Train Loss     : 0.1332	 | 	Train Accuracy     : 0.9676
Valid Loss     : 1.5424	 | 	Valid Accuracy     : 0.4994

Epoch : 26
Train Loss     : 0.1360	 | 	Train Accuracy     : 0.9683
Valid Loss     : 1.5019	 | 	Valid Accuracy     : 0.5013

Epoch : 27
Train Loss     : 0.1273	 | 	Train Accuracy     : 0.9726
Valid Loss     : 1.4556	 | 	Valid Accuracy     : 0.5101

Epoch : 28
Train Loss     : 0.1331	 | 	Train Accuracy     : 0.9633
Valid Loss     : 1.5624	 | 	Valid Accuracy     : 0.4966

Epoch : 29
Train Loss     : 0.1327	 | 	Train Accuracy     : 0.9622
Valid Loss     : 1.4916	 | 	Valid Accuracy     : 0.5048

Epoch : 30
Train Loss     : 0.1261	 | 	Train Accuracy     : 0.9684
Valid Loss     : 1.4780	 | 	Valid Accuracy     : 0.5054

Evaluate on the Test set:
Test loss      :1.1828	 | Test Accuracy      : 0.5767 | Test AUPRC      : 0.6311
tensor([0.9127, 0.9239, 0.9091, 0.9106, 0.9089, 0.9070, 0.9211, 0.9145, 0.8953,
        0.8995, 0.9078, 0.9315, 0.9048, 0.9036, 0.9360, 0.9151, 0.9348, 0.9126,
        0.9035, 0.9096, 0.9190, 0.9202, 0.9554, 1.0453, 0.9336, 0.9052, 0.9277,
        0.8955, 0.9016, 0.9035, 0.9112, 1.0173, 0.9057, 0.9333, 0.9201, 0.9071,
        0.8971, 0.9071, 0.9208, 0.9112, 0.9278, 0.9436, 0.9450, 0.9117, 0.9051,
        0.9021, 0.9320, 0.9160, 0.9031, 0.9052, 0.9296, 0.9102, 0.9117, 0.9112,
        0.9882, 0.9321, 0.9976, 0.9013, 0.9208, 0.9048, 0.9135, 0.9089],
       device='cuda:0', grad_fn=<SqueezeBackward1>)

################## Training is Done! #########################
Training time is : 0:02:20.905384
