=============================================
Dataset: SEED
Method:  TS-TCC
Mode:    supervised
=============================================
Data loaded ...
Subjet 15
if scale True
Training started ....

Epoch : 1
Train Loss     : 0.5999	 | 	Train Accuracy     : 0.7186
Valid Loss     : 0.8658	 | 	Valid Accuracy     : 0.8311

Epoch : 2
Train Loss     : 0.2171	 | 	Train Accuracy     : 0.9253
Valid Loss     : 0.8948	 | 	Valid Accuracy     : 0.8521

Epoch : 3
Train Loss     : 0.1185	 | 	Train Accuracy     : 0.9669
Valid Loss     : 0.4940	 | 	Valid Accuracy     : 0.8970

Epoch : 4
Train Loss     : 0.0771	 | 	Train Accuracy     : 0.9784
Valid Loss     : 0.5292	 | 	Valid Accuracy     : 0.9004

Epoch : 5
Train Loss     : 0.0494	 | 	Train Accuracy     : 0.9868
Valid Loss     : 0.4471	 | 	Valid Accuracy     : 0.8975

Epoch : 6
Train Loss     : 0.0410	 | 	Train Accuracy     : 0.9903
Valid Loss     : 0.5299	 | 	Valid Accuracy     : 0.8843

Epoch : 7
Train Loss     : 0.0398	 | 	Train Accuracy     : 0.9883
Valid Loss     : 0.4277	 | 	Valid Accuracy     : 0.9111

Epoch : 8
Train Loss     : 0.0330	 | 	Train Accuracy     : 0.9922
Valid Loss     : 0.3162	 | 	Valid Accuracy     : 0.9077

Epoch : 9
Train Loss     : 0.0286	 | 	Train Accuracy     : 0.9930
Valid Loss     : 0.3796	 | 	Valid Accuracy     : 0.8931

Epoch : 10
Train Loss     : 0.0256	 | 	Train Accuracy     : 0.9947
Valid Loss     : 0.2213	 | 	Valid Accuracy     : 0.9443

Epoch : 11
Train Loss     : 0.0274	 | 	Train Accuracy     : 0.9925
Valid Loss     : 0.2259	 | 	Valid Accuracy     : 0.9243

Epoch : 12
Train Loss     : 0.0230	 | 	Train Accuracy     : 0.9947
Valid Loss     : 0.1655	 | 	Valid Accuracy     : 0.9414

Epoch : 13
Train Loss     : 0.0221	 | 	Train Accuracy     : 0.9959
Valid Loss     : 0.0626	 | 	Valid Accuracy     : 0.9854

Epoch : 14
Train Loss     : 0.0201	 | 	Train Accuracy     : 0.9961
Valid Loss     : 0.1516	 | 	Valid Accuracy     : 0.9497

Epoch : 15
Train Loss     : 0.0196	 | 	Train Accuracy     : 0.9954
Valid Loss     : 0.0947	 | 	Valid Accuracy     : 0.9624

Epoch : 16
Train Loss     : 0.0239	 | 	Train Accuracy     : 0.9952
Valid Loss     : 0.0652	 | 	Valid Accuracy     : 0.9814

Epoch : 17
Train Loss     : 0.0271	 | 	Train Accuracy     : 0.9930
Valid Loss     : 0.0607	 | 	Valid Accuracy     : 0.9824

Epoch : 18
Train Loss     : 0.0242	 | 	Train Accuracy     : 0.9949
Valid Loss     : 0.0990	 | 	Valid Accuracy     : 0.9688

Epoch : 19
Train Loss     : 0.0227	 | 	Train Accuracy     : 0.9959
Valid Loss     : 0.0704	 | 	Valid Accuracy     : 0.9756

Epoch : 20
Train Loss     : 0.0167	 | 	Train Accuracy     : 0.9973
Valid Loss     : 0.0583	 | 	Valid Accuracy     : 0.9814

Epoch : 21
Train Loss     : 0.0206	 | 	Train Accuracy     : 0.9959
Valid Loss     : 0.0494	 | 	Valid Accuracy     : 0.9829

Epoch : 22
Train Loss     : 0.0240	 | 	Train Accuracy     : 0.9951
Valid Loss     : 0.1182	 | 	Valid Accuracy     : 0.9521

Epoch : 23
Train Loss     : 0.0261	 | 	Train Accuracy     : 0.9942
Valid Loss     : 0.2640	 | 	Valid Accuracy     : 0.9287

Epoch : 24
Train Loss     : 0.0221	 | 	Train Accuracy     : 0.9966
Valid Loss     : 0.1216	 | 	Valid Accuracy     : 0.9570

Epoch : 25
Train Loss     : 0.0187	 | 	Train Accuracy     : 0.9968
Valid Loss     : 0.0691	 | 	Valid Accuracy     : 0.9824

Epoch : 26
Train Loss     : 0.0250	 | 	Train Accuracy     : 0.9935
Valid Loss     : 0.0296	 | 	Valid Accuracy     : 0.9937

Epoch : 27
Train Loss     : 0.0275	 | 	Train Accuracy     : 0.9934
Valid Loss     : 0.0874	 | 	Valid Accuracy     : 0.9653

Epoch : 28
Train Loss     : 0.0244	 | 	Train Accuracy     : 0.9956
Valid Loss     : 0.0395	 | 	Valid Accuracy     : 0.9907

Epoch : 29
Train Loss     : 0.0195	 | 	Train Accuracy     : 0.9968
Valid Loss     : 0.0931	 | 	Valid Accuracy     : 0.9580

Epoch : 30
Train Loss     : 0.0201	 | 	Train Accuracy     : 0.9959
Valid Loss     : 0.0511	 | 	Valid Accuracy     : 0.9878

Evaluate on the Test set:
Test loss      :0.3841	 | Test Accuracy      : 0.8966 | Test AUPRC      : 0.6356
tensor([0.5404, 0.7936, 0.4460, 0.5806, 0.4996, 0.6623, 0.6022, 0.5633, 0.4107,
        0.5013, 0.4456, 0.4299, 0.4115, 0.5675, 0.8778, 0.6251, 0.5040, 0.4479,
        0.5028, 0.4135, 0.4498, 0.4931, 0.6189, 0.8441, 0.5004, 0.4267, 0.5339,
        0.3973, 0.3954, 0.4101, 0.5045, 0.8050, 0.4739, 0.5887, 0.4401, 0.4898,
        0.4865, 0.4357, 0.4136, 0.4755, 0.4298, 0.4058, 0.4671, 0.3911, 0.7781,
        0.4899, 0.4749, 0.3966, 0.4112, 0.4123, 0.4047, 0.4589, 0.4457, 0.4052,
        0.5024, 0.4003, 0.4631, 0.6671, 0.6257, 0.4494, 0.5793, 0.4596],
       device='cuda:0', grad_fn=<SqueezeBackward1>)

################## Training is Done! #########################
Training time is : 0:01:37.934862
