=============================================
Dataset: SEED
Method:  TS-TCC
Mode:    supervised
=============================================
Data loaded ...
Subjet 14
if scale True
Training started ....

Epoch : 1
Train Loss     : 1.1020	 | 	Train Accuracy     : 0.5049
Valid Loss     : 0.8236	 | 	Valid Accuracy     : 0.5458

Epoch : 2
Train Loss     : 0.6217	 | 	Train Accuracy     : 0.7771
Valid Loss     : 0.7038	 | 	Valid Accuracy     : 0.6047

Epoch : 3
Train Loss     : 0.5016	 | 	Train Accuracy     : 0.8194
Valid Loss     : 0.6892	 | 	Valid Accuracy     : 0.6460

Epoch : 4
Train Loss     : 0.4033	 | 	Train Accuracy     : 0.8828
Valid Loss     : 0.7947	 | 	Valid Accuracy     : 0.6458

Epoch : 5
Train Loss     : 0.3633	 | 	Train Accuracy     : 0.8868
Valid Loss     : 0.8290	 | 	Valid Accuracy     : 0.6572

Epoch : 6
Train Loss     : 0.3507	 | 	Train Accuracy     : 0.8845
Valid Loss     : 0.8483	 | 	Valid Accuracy     : 0.6417

Epoch : 7
Train Loss     : 0.3181	 | 	Train Accuracy     : 0.8997
Valid Loss     : 0.9402	 | 	Valid Accuracy     : 0.6490

Epoch : 8
Train Loss     : 0.2782	 | 	Train Accuracy     : 0.9059
Valid Loss     : 1.0170	 | 	Valid Accuracy     : 0.6506

Epoch : 9
Train Loss     : 0.2668	 | 	Train Accuracy     : 0.9118
Valid Loss     : 1.0157	 | 	Valid Accuracy     : 0.6735

Epoch : 10
Train Loss     : 0.2684	 | 	Train Accuracy     : 0.9216
Valid Loss     : 1.0682	 | 	Valid Accuracy     : 0.6521

Epoch : 11
Train Loss     : 0.2470	 | 	Train Accuracy     : 0.9259
Valid Loss     : 0.9688	 | 	Valid Accuracy     : 0.6828

Epoch : 12
Train Loss     : 0.2049	 | 	Train Accuracy     : 0.9328
Valid Loss     : 1.0587	 | 	Valid Accuracy     : 0.6789

Epoch : 13
Train Loss     : 0.1897	 | 	Train Accuracy     : 0.9416
Valid Loss     : 1.0980	 | 	Valid Accuracy     : 0.6944

Epoch : 14
Train Loss     : 0.2090	 | 	Train Accuracy     : 0.9340
Valid Loss     : 1.1372	 | 	Valid Accuracy     : 0.7103

Epoch : 15
Train Loss     : 0.1729	 | 	Train Accuracy     : 0.9455
Valid Loss     : 1.1255	 | 	Valid Accuracy     : 0.6951

Epoch : 16
Train Loss     : 0.1670	 | 	Train Accuracy     : 0.9498
Valid Loss     : 1.1194	 | 	Valid Accuracy     : 0.6907

Epoch : 17
Train Loss     : 0.1610	 | 	Train Accuracy     : 0.9456
Valid Loss     : 1.1283	 | 	Valid Accuracy     : 0.6918

Epoch : 18
Train Loss     : 0.1551	 | 	Train Accuracy     : 0.9486
Valid Loss     : 1.1344	 | 	Valid Accuracy     : 0.6909

Epoch : 19
Train Loss     : 0.1494	 | 	Train Accuracy     : 0.9559
Valid Loss     : 1.0945	 | 	Valid Accuracy     : 0.6932

Epoch : 20
Train Loss     : 0.1558	 | 	Train Accuracy     : 0.9459
Valid Loss     : 1.1490	 | 	Valid Accuracy     : 0.6924

Epoch : 21
Train Loss     : 0.1461	 | 	Train Accuracy     : 0.9555
Valid Loss     : 1.1376	 | 	Valid Accuracy     : 0.6881

Epoch : 22
Train Loss     : 0.1478	 | 	Train Accuracy     : 0.9504
Valid Loss     : 1.1498	 | 	Valid Accuracy     : 0.6873

Epoch : 23
Train Loss     : 0.1534	 | 	Train Accuracy     : 0.9572
Valid Loss     : 1.1360	 | 	Valid Accuracy     : 0.6824

Epoch : 24
Train Loss     : 0.1371	 | 	Train Accuracy     : 0.9559
Valid Loss     : 1.1516	 | 	Valid Accuracy     : 0.6920

Epoch : 25
Train Loss     : 0.1365	 | 	Train Accuracy     : 0.9587
Valid Loss     : 1.1653	 | 	Valid Accuracy     : 0.7005

Epoch : 26
Train Loss     : 0.1386	 | 	Train Accuracy     : 0.9531
Valid Loss     : 1.0938	 | 	Valid Accuracy     : 0.7078

Epoch : 27
Train Loss     : 0.1263	 | 	Train Accuracy     : 0.9601
Valid Loss     : 1.1711	 | 	Valid Accuracy     : 0.7030

Epoch : 28
Train Loss     : 0.1390	 | 	Train Accuracy     : 0.9573
Valid Loss     : 1.2151	 | 	Valid Accuracy     : 0.6982

Epoch : 29
Train Loss     : 0.1345	 | 	Train Accuracy     : 0.9555
Valid Loss     : 1.1670	 | 	Valid Accuracy     : 0.6988

Epoch : 30
Train Loss     : 0.1322	 | 	Train Accuracy     : 0.9580
Valid Loss     : 1.1390	 | 	Valid Accuracy     : 0.7051

Evaluate on the Test set:
Test loss      :2.0562	 | Test Accuracy      : 0.4633 | Test AUPRC      : 0.5244
tensor([0.8957, 0.8734, 0.8872, 0.8683, 0.9597, 0.9208, 0.9566, 0.8760, 0.8662,
        0.8658, 0.8668, 0.8702, 0.8578, 0.8883, 0.8970, 0.8990, 0.8781, 0.8772,
        0.8561, 0.8676, 0.8705, 0.9154, 0.9283, 1.0057, 0.9396, 0.8686, 0.9291,
        0.8526, 0.8557, 0.8598, 0.9033, 0.9993, 1.0289, 0.9234, 0.8659, 0.8741,
        0.8594, 0.8682, 0.8643, 0.8546, 0.9329, 0.8671, 0.8971, 0.8728, 0.8625,
        0.8600, 0.9135, 0.8672, 0.8644, 0.8786, 0.8824, 0.9370, 0.8648, 0.8627,
        0.8634, 0.8590, 0.9818, 0.8689, 0.8723, 0.8748, 0.8796, 0.9146],
       device='cuda:0', grad_fn=<SqueezeBackward1>)

################## Training is Done! #########################
Training time is : 0:02:20.446402
