=============================================
Dataset: SEED
Method:  TS-TCC
Mode:    supervised
=============================================
Data loaded ...
Subjet 4
if scale True
Training started ....

Epoch : 1
Train Loss     : 1.2098	 | 	Train Accuracy     : 0.4895
Valid Loss     : 0.9229	 | 	Valid Accuracy     : 0.5401

Epoch : 2
Train Loss     : 0.7668	 | 	Train Accuracy     : 0.6775
Valid Loss     : 1.0659	 | 	Valid Accuracy     : 0.4553

Epoch : 3
Train Loss     : 0.6682	 | 	Train Accuracy     : 0.7336
Valid Loss     : 0.8892	 | 	Valid Accuracy     : 0.5351

Epoch : 4
Train Loss     : 0.5839	 | 	Train Accuracy     : 0.7651
Valid Loss     : 0.8833	 | 	Valid Accuracy     : 0.5808

Epoch : 5
Train Loss     : 0.4998	 | 	Train Accuracy     : 0.8048
Valid Loss     : 0.8529	 | 	Valid Accuracy     : 0.5513

Epoch : 6
Train Loss     : 0.5215	 | 	Train Accuracy     : 0.7824
Valid Loss     : 0.8560	 | 	Valid Accuracy     : 0.5990

Epoch : 7
Train Loss     : 0.4626	 | 	Train Accuracy     : 0.8155
Valid Loss     : 0.7996	 | 	Valid Accuracy     : 0.6234

Epoch : 8
Train Loss     : 0.4162	 | 	Train Accuracy     : 0.8403
Valid Loss     : 0.7669	 | 	Valid Accuracy     : 0.6315

Epoch : 9
Train Loss     : 0.4210	 | 	Train Accuracy     : 0.8307
Valid Loss     : 0.7774	 | 	Valid Accuracy     : 0.6475

Epoch : 10
Train Loss     : 0.3940	 | 	Train Accuracy     : 0.8510
Valid Loss     : 0.8610	 | 	Valid Accuracy     : 0.6448

Epoch : 11
Train Loss     : 0.3804	 | 	Train Accuracy     : 0.8535
Valid Loss     : 0.9128	 | 	Valid Accuracy     : 0.6140

Epoch : 12
Train Loss     : 0.3386	 | 	Train Accuracy     : 0.8740
Valid Loss     : 0.8189	 | 	Valid Accuracy     : 0.6431

Epoch : 13
Train Loss     : 0.3061	 | 	Train Accuracy     : 0.8884
Valid Loss     : 0.8029	 | 	Valid Accuracy     : 0.6474

Epoch : 14
Train Loss     : 0.2872	 | 	Train Accuracy     : 0.8894
Valid Loss     : 0.8470	 | 	Valid Accuracy     : 0.6240

Epoch : 15
Train Loss     : 0.2886	 | 	Train Accuracy     : 0.8970
Valid Loss     : 0.9228	 | 	Valid Accuracy     : 0.6288

Epoch : 16
Train Loss     : 0.2566	 | 	Train Accuracy     : 0.9132
Valid Loss     : 0.8827	 | 	Valid Accuracy     : 0.6330

Epoch : 17
Train Loss     : 0.2633	 | 	Train Accuracy     : 0.9038
Valid Loss     : 0.8521	 | 	Valid Accuracy     : 0.6501

Epoch : 18
Train Loss     : 0.2303	 | 	Train Accuracy     : 0.9244
Valid Loss     : 0.8915	 | 	Valid Accuracy     : 0.6820

Epoch : 19
Train Loss     : 0.2450	 | 	Train Accuracy     : 0.9092
Valid Loss     : 0.7717	 | 	Valid Accuracy     : 0.6969

Epoch : 20
Train Loss     : 0.2079	 | 	Train Accuracy     : 0.9314
Valid Loss     : 0.8256	 | 	Valid Accuracy     : 0.6646

Epoch : 21
Train Loss     : 0.1889	 | 	Train Accuracy     : 0.9412
Valid Loss     : 0.7699	 | 	Valid Accuracy     : 0.6928

Epoch : 22
Train Loss     : 0.1786	 | 	Train Accuracy     : 0.9527
Valid Loss     : 0.7955	 | 	Valid Accuracy     : 0.6878

Epoch : 23
Train Loss     : 0.1699	 | 	Train Accuracy     : 0.9507
Valid Loss     : 0.8119	 | 	Valid Accuracy     : 0.6722

Epoch : 24
Train Loss     : 0.1744	 | 	Train Accuracy     : 0.9484
Valid Loss     : 0.7856	 | 	Valid Accuracy     : 0.6885

Epoch : 25
Train Loss     : 0.1693	 | 	Train Accuracy     : 0.9554
Valid Loss     : 0.7805	 | 	Valid Accuracy     : 0.6885

Epoch : 26
Train Loss     : 0.1685	 | 	Train Accuracy     : 0.9531
Valid Loss     : 0.8073	 | 	Valid Accuracy     : 0.6807

Epoch : 27
Train Loss     : 0.1603	 | 	Train Accuracy     : 0.9575
Valid Loss     : 0.8165	 | 	Valid Accuracy     : 0.6743

Epoch : 28
Train Loss     : 0.1655	 | 	Train Accuracy     : 0.9540
Valid Loss     : 0.7644	 | 	Valid Accuracy     : 0.6917

Epoch : 29
Train Loss     : 0.1555	 | 	Train Accuracy     : 0.9579
Valid Loss     : 0.8178	 | 	Valid Accuracy     : 0.6738

Epoch : 30
Train Loss     : 0.1583	 | 	Train Accuracy     : 0.9544
Valid Loss     : 0.8111	 | 	Valid Accuracy     : 0.6752

Evaluate on the Test set:
Test loss      :0.9334	 | Test Accuracy      : 0.6693 | Test AUPRC      : 0.7274
tensor([0.9021, 0.8391, 0.8629, 0.7916, 0.8886, 0.9513, 0.8284, 0.8265, 0.7461,
        0.7857, 0.7696, 0.8428, 0.8294, 0.8852, 0.8668, 0.7898, 0.8277, 0.7480,
        0.7722, 0.7664, 0.7856, 0.8629, 0.9311, 1.0058, 0.7490, 0.7499, 0.7314,
        0.7905, 0.7520, 0.7656, 0.7460, 1.0070, 0.9010, 0.9107, 0.7755, 0.7295,
        0.8190, 0.7306, 0.6987, 0.6954, 0.8218, 0.7828, 0.7863, 0.7725, 0.6960,
        0.7875, 0.7819, 0.7015, 0.6802, 0.7317, 0.7430, 0.6967, 0.7340, 0.7047,
        0.9363, 0.8717, 0.8914, 0.7047, 0.6795, 0.6987, 0.8802, 0.8217],
       device='cuda:0', grad_fn=<SqueezeBackward1>)

################## Training is Done! #########################
Training time is : 0:02:41.532218
