=============================================
Dataset: SEED
Method:  TS-TCC
Mode:    supervised
=============================================
Data loaded ...
Subjet 3
if scale False
Training started ....

Epoch : 1
Train Loss     : 1.0256	 | 	Train Accuracy     : 0.5306
Valid Loss     : 0.8182	 | 	Valid Accuracy     : 0.6880

Epoch : 2
Train Loss     : 0.6960	 | 	Train Accuracy     : 0.6957
Valid Loss     : 0.6481	 | 	Valid Accuracy     : 0.7627

Epoch : 3
Train Loss     : 0.5876	 | 	Train Accuracy     : 0.7583
Valid Loss     : 0.6694	 | 	Valid Accuracy     : 0.7363

Epoch : 4
Train Loss     : 0.5044	 | 	Train Accuracy     : 0.8096
Valid Loss     : 0.7923	 | 	Valid Accuracy     : 0.6968

Epoch : 5
Train Loss     : 0.4596	 | 	Train Accuracy     : 0.8246
Valid Loss     : 0.6881	 | 	Valid Accuracy     : 0.7656

Epoch : 6
Train Loss     : 0.4573	 | 	Train Accuracy     : 0.8230
Valid Loss     : 0.7037	 | 	Valid Accuracy     : 0.7559

Epoch : 7
Train Loss     : 0.3896	 | 	Train Accuracy     : 0.8578
Valid Loss     : 0.7165	 | 	Valid Accuracy     : 0.7485

Epoch : 8
Train Loss     : 0.3825	 | 	Train Accuracy     : 0.8604
Valid Loss     : 0.6787	 | 	Valid Accuracy     : 0.7593

Epoch : 9
Train Loss     : 0.3556	 | 	Train Accuracy     : 0.8685
Valid Loss     : 0.7637	 | 	Valid Accuracy     : 0.7339

Epoch : 10
Train Loss     : 0.3242	 | 	Train Accuracy     : 0.8825
Valid Loss     : 0.7174	 | 	Valid Accuracy     : 0.7563

Epoch : 11
Train Loss     : 0.3337	 | 	Train Accuracy     : 0.8809
Valid Loss     : 0.7370	 | 	Valid Accuracy     : 0.7539

Epoch : 12
Train Loss     : 0.2998	 | 	Train Accuracy     : 0.8884
Valid Loss     : 0.6631	 | 	Valid Accuracy     : 0.7729

Epoch : 13
Train Loss     : 0.2683	 | 	Train Accuracy     : 0.9049
Valid Loss     : 0.7035	 | 	Valid Accuracy     : 0.7422

Epoch : 14
Train Loss     : 0.2500	 | 	Train Accuracy     : 0.9100
Valid Loss     : 0.6757	 | 	Valid Accuracy     : 0.7700

Epoch : 15
Train Loss     : 0.2273	 | 	Train Accuracy     : 0.9229
Valid Loss     : 0.6660	 | 	Valid Accuracy     : 0.7705

Epoch : 16
Train Loss     : 0.2204	 | 	Train Accuracy     : 0.9258
Valid Loss     : 0.7179	 | 	Valid Accuracy     : 0.7520

Epoch : 17
Train Loss     : 0.2187	 | 	Train Accuracy     : 0.9253
Valid Loss     : 0.7415	 | 	Valid Accuracy     : 0.7520

Epoch : 18
Train Loss     : 0.2195	 | 	Train Accuracy     : 0.9266
Valid Loss     : 0.7232	 | 	Valid Accuracy     : 0.7520

Epoch : 19
Train Loss     : 0.2026	 | 	Train Accuracy     : 0.9283
Valid Loss     : 0.6818	 | 	Valid Accuracy     : 0.7568

Epoch : 20
Train Loss     : 0.2016	 | 	Train Accuracy     : 0.9336
Valid Loss     : 0.7099	 | 	Valid Accuracy     : 0.7554

Epoch : 21
Train Loss     : 0.2027	 | 	Train Accuracy     : 0.9334
Valid Loss     : 0.7055	 | 	Valid Accuracy     : 0.7529

Epoch : 22
Train Loss     : 0.1958	 | 	Train Accuracy     : 0.9329
Valid Loss     : 0.7729	 | 	Valid Accuracy     : 0.7407

Epoch : 23
Train Loss     : 0.1986	 | 	Train Accuracy     : 0.9336
Valid Loss     : 0.7116	 | 	Valid Accuracy     : 0.7500

Epoch : 24
Train Loss     : 0.1962	 | 	Train Accuracy     : 0.9334
Valid Loss     : 0.7625	 | 	Valid Accuracy     : 0.7373

Epoch : 25
Train Loss     : 0.1892	 | 	Train Accuracy     : 0.9355
Valid Loss     : 0.7510	 | 	Valid Accuracy     : 0.7393

Epoch : 26
Train Loss     : 0.1799	 | 	Train Accuracy     : 0.9419
Valid Loss     : 0.7528	 | 	Valid Accuracy     : 0.7451

Epoch : 27
Train Loss     : 0.1805	 | 	Train Accuracy     : 0.9433
Valid Loss     : 0.7365	 | 	Valid Accuracy     : 0.7407

Epoch : 28
Train Loss     : 0.1814	 | 	Train Accuracy     : 0.9421
Valid Loss     : 0.7381	 | 	Valid Accuracy     : 0.7417

Epoch : 29
Train Loss     : 0.1810	 | 	Train Accuracy     : 0.9409
Valid Loss     : 0.7385	 | 	Valid Accuracy     : 0.7437

Epoch : 30
Train Loss     : 0.1810	 | 	Train Accuracy     : 0.9397
Valid Loss     : 0.7260	 | 	Valid Accuracy     : 0.7495

Evaluate on the Test set:
Test loss      :0.5619	 | Test Accuracy      : 0.7985 | Test AUPRC      : 0.5789
tensor([1., 1., 1., 1., 1., 1., 1., 1., 1., 1., 1., 1., 1., 1., 1., 1., 1., 1.,
        1., 1., 1., 1., 1., 1., 1., 1., 1., 1., 1., 1., 1., 1., 1., 1., 1., 1.,
        1., 1., 1., 1., 1., 1., 1., 1., 1., 1., 1., 1., 1., 1., 1., 1., 1., 1.,
        1., 1., 1., 1., 1., 1., 1., 1.], device='cuda:0',
       grad_fn=<SqueezeBackward1>)

################## Training is Done! #########################
Training time is : 0:01:49.611210
