=============================================
Dataset: SEED
Method:  TS-TCC
Mode:    supervised
=============================================
Data loaded ...
Subjet 6
if scale True
Training started ....

Epoch : 1
Train Loss     : 1.2631	 | 	Train Accuracy     : 0.4644
Valid Loss     : 0.6881	 | 	Valid Accuracy     : 0.6516

Epoch : 2
Train Loss     : 0.6532	 | 	Train Accuracy     : 0.6889
Valid Loss     : 0.7476	 | 	Valid Accuracy     : 0.6745

Epoch : 3
Train Loss     : 0.5093	 | 	Train Accuracy     : 0.7805
Valid Loss     : 0.7348	 | 	Valid Accuracy     : 0.6834

Epoch : 4
Train Loss     : 0.4286	 | 	Train Accuracy     : 0.8248
Valid Loss     : 0.6547	 | 	Valid Accuracy     : 0.7469

Epoch : 5
Train Loss     : 0.3590	 | 	Train Accuracy     : 0.8689
Valid Loss     : 0.6264	 | 	Valid Accuracy     : 0.7366

Epoch : 6
Train Loss     : 0.3180	 | 	Train Accuracy     : 0.8897
Valid Loss     : 0.6791	 | 	Valid Accuracy     : 0.7275

Epoch : 7
Train Loss     : 0.2795	 | 	Train Accuracy     : 0.9003
Valid Loss     : 0.7310	 | 	Valid Accuracy     : 0.7192

Epoch : 8
Train Loss     : 0.2714	 | 	Train Accuracy     : 0.8978
Valid Loss     : 0.7940	 | 	Valid Accuracy     : 0.7442

Epoch : 9
Train Loss     : 0.2622	 | 	Train Accuracy     : 0.9095
Valid Loss     : 0.8401	 | 	Valid Accuracy     : 0.7408

Epoch : 10
Train Loss     : 0.2433	 | 	Train Accuracy     : 0.9103
Valid Loss     : 0.7752	 | 	Valid Accuracy     : 0.7531

Epoch : 11
Train Loss     : 0.2191	 | 	Train Accuracy     : 0.9188
Valid Loss     : 0.7790	 | 	Valid Accuracy     : 0.7364

Epoch : 12
Train Loss     : 0.1950	 | 	Train Accuracy     : 0.9312
Valid Loss     : 0.7794	 | 	Valid Accuracy     : 0.7668

Epoch : 13
Train Loss     : 0.1673	 | 	Train Accuracy     : 0.9373
Valid Loss     : 0.8576	 | 	Valid Accuracy     : 0.7341

Epoch : 14
Train Loss     : 0.1528	 | 	Train Accuracy     : 0.9461
Valid Loss     : 0.9999	 | 	Valid Accuracy     : 0.7405

Epoch : 15
Train Loss     : 0.1429	 | 	Train Accuracy     : 0.9483
Valid Loss     : 0.9889	 | 	Valid Accuracy     : 0.7452

Epoch : 16
Train Loss     : 0.1421	 | 	Train Accuracy     : 0.9479
Valid Loss     : 0.9753	 | 	Valid Accuracy     : 0.7565

Epoch : 17
Train Loss     : 0.1127	 | 	Train Accuracy     : 0.9741
Valid Loss     : 0.9823	 | 	Valid Accuracy     : 0.7576

Epoch : 18
Train Loss     : 0.1083	 | 	Train Accuracy     : 0.9668
Valid Loss     : 0.9909	 | 	Valid Accuracy     : 0.7574

Epoch : 19
Train Loss     : 0.1068	 | 	Train Accuracy     : 0.9643
Valid Loss     : 0.9621	 | 	Valid Accuracy     : 0.7658

Epoch : 20
Train Loss     : 0.1039	 | 	Train Accuracy     : 0.9715
Valid Loss     : 0.9648	 | 	Valid Accuracy     : 0.7670

Epoch : 21
Train Loss     : 0.0992	 | 	Train Accuracy     : 0.9758
Valid Loss     : 0.9693	 | 	Valid Accuracy     : 0.7675

Epoch : 22
Train Loss     : 0.1002	 | 	Train Accuracy     : 0.9707
Valid Loss     : 0.9719	 | 	Valid Accuracy     : 0.7650

Epoch : 23
Train Loss     : 0.0958	 | 	Train Accuracy     : 0.9747
Valid Loss     : 0.9752	 | 	Valid Accuracy     : 0.7679

Epoch : 24
Train Loss     : 0.0947	 | 	Train Accuracy     : 0.9765
Valid Loss     : 1.0118	 | 	Valid Accuracy     : 0.7534

Epoch : 25
Train Loss     : 0.0949	 | 	Train Accuracy     : 0.9780
Valid Loss     : 1.0115	 | 	Valid Accuracy     : 0.7553

Epoch : 26
Train Loss     : 0.0982	 | 	Train Accuracy     : 0.9715
Valid Loss     : 1.0055	 | 	Valid Accuracy     : 0.7618

Epoch : 27
Train Loss     : 0.0873	 | 	Train Accuracy     : 0.9815
Valid Loss     : 0.9929	 | 	Valid Accuracy     : 0.7609

Epoch : 28
Train Loss     : 0.0908	 | 	Train Accuracy     : 0.9765
Valid Loss     : 1.0082	 | 	Valid Accuracy     : 0.7626

Epoch : 29
Train Loss     : 0.0890	 | 	Train Accuracy     : 0.9804
Valid Loss     : 1.0037	 | 	Valid Accuracy     : 0.7617

Epoch : 30
Train Loss     : 0.0860	 | 	Train Accuracy     : 0.9808
Valid Loss     : 1.0061	 | 	Valid Accuracy     : 0.7584

Evaluate on the Test set:
Test loss      :1.1408	 | Test Accuracy      : 0.6656 | Test AUPRC      : 0.7097
tensor([0.9338, 0.9345, 0.8702, 0.8601, 0.8774, 0.9416, 0.9342, 0.9371, 0.8551,
        0.8577, 0.8664, 0.8801, 0.8698, 0.8741, 0.9920, 0.8795, 0.9115, 0.8607,
        0.8501, 0.8863, 0.8851, 0.8657, 0.9219, 0.9774, 0.8745, 0.8661, 0.8883,
        0.8633, 0.8696, 0.8941, 0.8867, 1.0702, 0.9047, 0.9045, 0.8734, 0.8827,
        0.8568, 0.9079, 0.8684, 0.8586, 0.8866, 0.8486, 0.8790, 0.8586, 0.9626,
        0.8562, 0.8598, 0.8767, 0.8610, 0.8930, 0.8770, 0.8877, 0.8709, 0.8882,
        0.8725, 0.8540, 0.9056, 0.8700, 0.8557, 0.8888, 0.8816, 0.8629],
       device='cuda:0', grad_fn=<SqueezeBackward1>)

################## Training is Done! #########################
Training time is : 0:02:24.885349
