=============================================
Dataset: SEED
Method:  TS-TCC
Mode:    supervised
=============================================
Data loaded ...
Subjet 12
if scale True
Training started ....

Epoch : 1
Train Loss     : 1.1801	 | 	Train Accuracy     : 0.4672
Valid Loss     : 1.0361	 | 	Valid Accuracy     : 0.5209

Epoch : 2
Train Loss     : 0.7435	 | 	Train Accuracy     : 0.6805
Valid Loss     : 0.9374	 | 	Valid Accuracy     : 0.5453

Epoch : 3
Train Loss     : 0.6058	 | 	Train Accuracy     : 0.7548
Valid Loss     : 0.9444	 | 	Valid Accuracy     : 0.5569

Epoch : 4
Train Loss     : 0.5067	 | 	Train Accuracy     : 0.8041
Valid Loss     : 0.9310	 | 	Valid Accuracy     : 0.5992

Epoch : 5
Train Loss     : 0.4363	 | 	Train Accuracy     : 0.8413
Valid Loss     : 1.2299	 | 	Valid Accuracy     : 0.5762

Epoch : 6
Train Loss     : 0.4031	 | 	Train Accuracy     : 0.8484
Valid Loss     : 0.9408	 | 	Valid Accuracy     : 0.6221

Epoch : 7
Train Loss     : 0.3869	 | 	Train Accuracy     : 0.8628
Valid Loss     : 1.0638	 | 	Valid Accuracy     : 0.6270

Epoch : 8
Train Loss     : 0.3333	 | 	Train Accuracy     : 0.8774
Valid Loss     : 0.9610	 | 	Valid Accuracy     : 0.6280

Epoch : 9
Train Loss     : 0.2910	 | 	Train Accuracy     : 0.8957
Valid Loss     : 0.9626	 | 	Valid Accuracy     : 0.6474

Epoch : 10
Train Loss     : 0.2560	 | 	Train Accuracy     : 0.9141
Valid Loss     : 0.9382	 | 	Valid Accuracy     : 0.6695

Epoch : 11
Train Loss     : 0.2586	 | 	Train Accuracy     : 0.9060
Valid Loss     : 1.1038	 | 	Valid Accuracy     : 0.6385

Epoch : 12
Train Loss     : 0.2632	 | 	Train Accuracy     : 0.9056
Valid Loss     : 1.2377	 | 	Valid Accuracy     : 0.6517

Epoch : 13
Train Loss     : 0.2421	 | 	Train Accuracy     : 0.9183
Valid Loss     : 1.0940	 | 	Valid Accuracy     : 0.6244

Epoch : 14
Train Loss     : 0.2031	 | 	Train Accuracy     : 0.9310
Valid Loss     : 1.0097	 | 	Valid Accuracy     : 0.6594

Epoch : 15
Train Loss     : 0.1907	 | 	Train Accuracy     : 0.9370
Valid Loss     : 1.2545	 | 	Valid Accuracy     : 0.6426

Epoch : 16
Train Loss     : 0.1555	 | 	Train Accuracy     : 0.9490
Valid Loss     : 0.9390	 | 	Valid Accuracy     : 0.6810

Epoch : 17
Train Loss     : 0.1349	 | 	Train Accuracy     : 0.9625
Valid Loss     : 0.9937	 | 	Valid Accuracy     : 0.6754

Epoch : 18
Train Loss     : 0.1333	 | 	Train Accuracy     : 0.9602
Valid Loss     : 0.9424	 | 	Valid Accuracy     : 0.6901

Epoch : 19
Train Loss     : 0.1272	 | 	Train Accuracy     : 0.9655
Valid Loss     : 0.9375	 | 	Valid Accuracy     : 0.6802

Epoch : 20
Train Loss     : 0.1225	 | 	Train Accuracy     : 0.9666
Valid Loss     : 0.9952	 | 	Valid Accuracy     : 0.6787

Epoch : 21
Train Loss     : 0.1254	 | 	Train Accuracy     : 0.9691
Valid Loss     : 0.9571	 | 	Valid Accuracy     : 0.6792

Epoch : 22
Train Loss     : 0.1213	 | 	Train Accuracy     : 0.9665
Valid Loss     : 0.9717	 | 	Valid Accuracy     : 0.6772

Epoch : 23
Train Loss     : 0.1186	 | 	Train Accuracy     : 0.9694
Valid Loss     : 0.9243	 | 	Valid Accuracy     : 0.6786

Epoch : 24
Train Loss     : 0.1162	 | 	Train Accuracy     : 0.9723
Valid Loss     : 1.0311	 | 	Valid Accuracy     : 0.6652

Epoch : 25
Train Loss     : 0.1132	 | 	Train Accuracy     : 0.9705
Valid Loss     : 0.9511	 | 	Valid Accuracy     : 0.6915

Epoch : 26
Train Loss     : 0.1099	 | 	Train Accuracy     : 0.9728
Valid Loss     : 0.9812	 | 	Valid Accuracy     : 0.6967

Epoch : 27
Train Loss     : 0.1106	 | 	Train Accuracy     : 0.9698
Valid Loss     : 0.9794	 | 	Valid Accuracy     : 0.6844

Epoch : 28
Train Loss     : 0.1044	 | 	Train Accuracy     : 0.9740
Valid Loss     : 0.9872	 | 	Valid Accuracy     : 0.6702

Epoch : 29
Train Loss     : 0.1058	 | 	Train Accuracy     : 0.9744
Valid Loss     : 0.9833	 | 	Valid Accuracy     : 0.6753

Epoch : 30
Train Loss     : 0.1038	 | 	Train Accuracy     : 0.9745
Valid Loss     : 1.0053	 | 	Valid Accuracy     : 0.6676

Evaluate on the Test set:
Test loss      :1.1800	 | Test Accuracy      : 0.6342 | Test AUPRC      : 0.6918
tensor([0.9684, 1.0001, 0.9449, 0.8681, 0.9443, 0.8660, 0.7522, 0.7221, 0.8404,
        0.7303, 0.6959, 0.8269, 0.8856, 0.7694, 0.7581, 0.7479, 0.7497, 0.8698,
        0.9026, 0.6947, 0.8839, 0.7486, 0.8646, 0.9694, 0.7106, 0.8058, 0.8747,
        0.9211, 0.6994, 0.8548, 0.8496, 1.0052, 0.8878, 0.7429, 0.7891, 0.7579,
        0.8142, 0.7844, 0.8373, 0.7972, 0.8552, 0.6863, 0.7465, 0.8098, 0.7047,
        0.7115, 0.7077, 0.6867, 0.7990, 0.7620, 0.7276, 0.8599, 0.6867, 0.6731,
        0.6909, 0.7174, 0.9462, 0.7232, 0.7974, 0.7225, 0.7481, 0.6871],
       device='cuda:0', grad_fn=<SqueezeBackward1>)

################## Training is Done! #########################
Training time is : 0:02:58.307485
