=============================================
Dataset: SEED
Method:  TS-TCC
Mode:    supervised
=============================================
Data loaded ...
Subjet 8
if scale True
Training started ....

Epoch : 1
Train Loss     : 0.8243	 | 	Train Accuracy     : 0.6158
Valid Loss     : 0.6658	 | 	Valid Accuracy     : 0.6559

Epoch : 2
Train Loss     : 0.4700	 | 	Train Accuracy     : 0.7706
Valid Loss     : 0.6651	 | 	Valid Accuracy     : 0.6916

Epoch : 3
Train Loss     : 0.3819	 | 	Train Accuracy     : 0.8318
Valid Loss     : 0.5338	 | 	Valid Accuracy     : 0.7164

Epoch : 4
Train Loss     : 0.3286	 | 	Train Accuracy     : 0.8569
Valid Loss     : 0.5411	 | 	Valid Accuracy     : 0.7198

Epoch : 5
Train Loss     : 0.2750	 | 	Train Accuracy     : 0.8888
Valid Loss     : 0.5075	 | 	Valid Accuracy     : 0.7463

Epoch : 6
Train Loss     : 0.2467	 | 	Train Accuracy     : 0.8987
Valid Loss     : 0.5389	 | 	Valid Accuracy     : 0.7539

Epoch : 7
Train Loss     : 0.2411	 | 	Train Accuracy     : 0.8975
Valid Loss     : 0.5171	 | 	Valid Accuracy     : 0.7422

Epoch : 8
Train Loss     : 0.2216	 | 	Train Accuracy     : 0.9049
Valid Loss     : 0.5223	 | 	Valid Accuracy     : 0.7641

Epoch : 9
Train Loss     : 0.2211	 | 	Train Accuracy     : 0.9110
Valid Loss     : 0.6299	 | 	Valid Accuracy     : 0.7428

Epoch : 10
Train Loss     : 0.1919	 | 	Train Accuracy     : 0.9232
Valid Loss     : 0.6728	 | 	Valid Accuracy     : 0.7442

Epoch : 11
Train Loss     : 0.1789	 | 	Train Accuracy     : 0.9283
Valid Loss     : 0.5350	 | 	Valid Accuracy     : 0.7815

Epoch : 12
Train Loss     : 0.1460	 | 	Train Accuracy     : 0.9439
Valid Loss     : 0.5488	 | 	Valid Accuracy     : 0.7816

Epoch : 13
Train Loss     : 0.1472	 | 	Train Accuracy     : 0.9438
Valid Loss     : 0.6377	 | 	Valid Accuracy     : 0.7573

Epoch : 14
Train Loss     : 0.1121	 | 	Train Accuracy     : 0.9635
Valid Loss     : 0.5597	 | 	Valid Accuracy     : 0.7853

Epoch : 15
Train Loss     : 0.1067	 | 	Train Accuracy     : 0.9634
Valid Loss     : 0.6149	 | 	Valid Accuracy     : 0.7743

Epoch : 16
Train Loss     : 0.1001	 | 	Train Accuracy     : 0.9658
Valid Loss     : 0.6434	 | 	Valid Accuracy     : 0.7511

Epoch : 17
Train Loss     : 0.0838	 | 	Train Accuracy     : 0.9762
Valid Loss     : 0.6145	 | 	Valid Accuracy     : 0.7788

Epoch : 18
Train Loss     : 0.0795	 | 	Train Accuracy     : 0.9799
Valid Loss     : 0.5875	 | 	Valid Accuracy     : 0.7950

Epoch : 19
Train Loss     : 0.0772	 | 	Train Accuracy     : 0.9803
Valid Loss     : 0.5988	 | 	Valid Accuracy     : 0.7870

Epoch : 20
Train Loss     : 0.0701	 | 	Train Accuracy     : 0.9834
Valid Loss     : 0.6274	 | 	Valid Accuracy     : 0.7816

Epoch : 21
Train Loss     : 0.0721	 | 	Train Accuracy     : 0.9829
Valid Loss     : 0.6013	 | 	Valid Accuracy     : 0.7845

Epoch : 22
Train Loss     : 0.0751	 | 	Train Accuracy     : 0.9805
Valid Loss     : 0.5985	 | 	Valid Accuracy     : 0.7843

Epoch : 23
Train Loss     : 0.0691	 | 	Train Accuracy     : 0.9836
Valid Loss     : 0.5708	 | 	Valid Accuracy     : 0.7919

Epoch : 24
Train Loss     : 0.0713	 | 	Train Accuracy     : 0.9810
Valid Loss     : 0.5990	 | 	Valid Accuracy     : 0.7868

Epoch : 25
Train Loss     : 0.0698	 | 	Train Accuracy     : 0.9829
Valid Loss     : 0.6169	 | 	Valid Accuracy     : 0.7774

Epoch : 26
Train Loss     : 0.0678	 | 	Train Accuracy     : 0.9854
Valid Loss     : 0.6166	 | 	Valid Accuracy     : 0.7778

Epoch : 27
Train Loss     : 0.0672	 | 	Train Accuracy     : 0.9829
Valid Loss     : 0.6130	 | 	Valid Accuracy     : 0.7783

Epoch : 28
Train Loss     : 0.0634	 | 	Train Accuracy     : 0.9873
Valid Loss     : 0.5992	 | 	Valid Accuracy     : 0.7851

Epoch : 29
Train Loss     : 0.0653	 | 	Train Accuracy     : 0.9848
Valid Loss     : 0.5868	 | 	Valid Accuracy     : 0.7915

Epoch : 30
Train Loss     : 0.0636	 | 	Train Accuracy     : 0.9862
Valid Loss     : 0.6076	 | 	Valid Accuracy     : 0.7859

Evaluate on the Test set:
Test loss      :1.1047	 | Test Accuracy      : 0.6782 | Test AUPRC      : 0.7360
tensor([0.9293, 0.8470, 0.9318, 0.8395, 0.9054, 0.9885, 0.8627, 0.8048, 0.7960,
        0.8614, 0.8122, 0.7862, 0.8133, 0.8309, 0.8482, 0.7779, 0.8828, 0.7972,
        0.8308, 0.8021, 0.8010, 0.8574, 0.8018, 0.9606, 0.8474, 0.7796, 0.8037,
        0.7871, 0.8034, 0.8667, 0.7729, 0.9429, 0.8623, 0.8794, 0.8854, 0.7958,
        0.8585, 0.7934, 0.8656, 0.7771, 0.9188, 0.7736, 0.7739, 0.8164, 0.7708,
        0.8300, 0.8008, 0.8077, 0.8038, 0.7861, 0.8122, 0.7734, 0.7883, 0.7821,
        0.8533, 0.7623, 0.8581, 0.7827, 0.7810, 0.7960, 0.8299, 0.8051],
       device='cuda:0', grad_fn=<SqueezeBackward1>)

################## Training is Done! #########################
Training time is : 0:02:58.414641
