=============================================
Dataset: SEED
Method:  TS-TCC
Mode:    supervised
=============================================
Data loaded ...
Subjet 6
if scale True
Training started ....

Epoch : 1
Train Loss     : 0.9279	 | 	Train Accuracy     : 0.5607
Valid Loss     : 0.6511	 | 	Valid Accuracy     : 0.7029

Epoch : 2
Train Loss     : 0.6181	 | 	Train Accuracy     : 0.6984
Valid Loss     : 0.6674	 | 	Valid Accuracy     : 0.7118

Epoch : 3
Train Loss     : 0.4820	 | 	Train Accuracy     : 0.7941
Valid Loss     : 0.6393	 | 	Valid Accuracy     : 0.7415

Epoch : 4
Train Loss     : 0.4014	 | 	Train Accuracy     : 0.8426
Valid Loss     : 0.5734	 | 	Valid Accuracy     : 0.7583

Epoch : 5
Train Loss     : 0.3570	 | 	Train Accuracy     : 0.8640
Valid Loss     : 0.5499	 | 	Valid Accuracy     : 0.7996

Epoch : 6
Train Loss     : 0.3246	 | 	Train Accuracy     : 0.8770
Valid Loss     : 0.5191	 | 	Valid Accuracy     : 0.8089

Epoch : 7
Train Loss     : 0.2957	 | 	Train Accuracy     : 0.8877
Valid Loss     : 0.5256	 | 	Valid Accuracy     : 0.8052

Epoch : 8
Train Loss     : 0.2772	 | 	Train Accuracy     : 0.8941
Valid Loss     : 0.5094	 | 	Valid Accuracy     : 0.8210

Epoch : 9
Train Loss     : 0.2626	 | 	Train Accuracy     : 0.9023
Valid Loss     : 0.4979	 | 	Valid Accuracy     : 0.8293

Epoch : 10
Train Loss     : 0.2498	 | 	Train Accuracy     : 0.9082
Valid Loss     : 0.5692	 | 	Valid Accuracy     : 0.7892

Epoch : 11
Train Loss     : 0.2512	 | 	Train Accuracy     : 0.9033
Valid Loss     : 0.4869	 | 	Valid Accuracy     : 0.8284

Epoch : 12
Train Loss     : 0.2344	 | 	Train Accuracy     : 0.9105
Valid Loss     : 0.4885	 | 	Valid Accuracy     : 0.8178

Epoch : 13
Train Loss     : 0.2323	 | 	Train Accuracy     : 0.9109
Valid Loss     : 0.5259	 | 	Valid Accuracy     : 0.8055

Epoch : 14
Train Loss     : 0.2056	 | 	Train Accuracy     : 0.9227
Valid Loss     : 0.4747	 | 	Valid Accuracy     : 0.8318

Epoch : 15
Train Loss     : 0.1938	 | 	Train Accuracy     : 0.9283
Valid Loss     : 0.5139	 | 	Valid Accuracy     : 0.8263

Epoch : 16
Train Loss     : 0.1898	 | 	Train Accuracy     : 0.9254
Valid Loss     : 0.5349	 | 	Valid Accuracy     : 0.8231

Epoch : 17
Train Loss     : 0.1806	 | 	Train Accuracy     : 0.9351
Valid Loss     : 0.5898	 | 	Valid Accuracy     : 0.8153

Epoch : 18
Train Loss     : 0.1802	 | 	Train Accuracy     : 0.9349
Valid Loss     : 0.6717	 | 	Valid Accuracy     : 0.7964

Epoch : 19
Train Loss     : 0.1629	 | 	Train Accuracy     : 0.9433
Valid Loss     : 0.5452	 | 	Valid Accuracy     : 0.8369

Epoch : 20
Train Loss     : 0.1536	 | 	Train Accuracy     : 0.9479
Valid Loss     : 0.4854	 | 	Valid Accuracy     : 0.8450

Epoch : 21
Train Loss     : 0.1396	 | 	Train Accuracy     : 0.9525
Valid Loss     : 0.5748	 | 	Valid Accuracy     : 0.8291

Epoch : 22
Train Loss     : 0.1491	 | 	Train Accuracy     : 0.9457
Valid Loss     : 0.6835	 | 	Valid Accuracy     : 0.7905

Epoch : 23
Train Loss     : 0.1456	 | 	Train Accuracy     : 0.9493
Valid Loss     : 0.6058	 | 	Valid Accuracy     : 0.8233

Epoch : 24
Train Loss     : 0.1397	 | 	Train Accuracy     : 0.9518
Valid Loss     : 0.6534	 | 	Valid Accuracy     : 0.8061

Epoch : 25
Train Loss     : 0.1474	 | 	Train Accuracy     : 0.9470
Valid Loss     : 0.6244	 | 	Valid Accuracy     : 0.8257

Epoch : 26
Train Loss     : 0.1226	 | 	Train Accuracy     : 0.9591
Valid Loss     : 0.6298	 | 	Valid Accuracy     : 0.8242

Epoch : 27
Train Loss     : 0.1046	 | 	Train Accuracy     : 0.9680
Valid Loss     : 0.6372	 | 	Valid Accuracy     : 0.8206

Epoch : 28
Train Loss     : 0.1018	 | 	Train Accuracy     : 0.9701
Valid Loss     : 0.6307	 | 	Valid Accuracy     : 0.8273

Epoch : 29
Train Loss     : 0.1027	 | 	Train Accuracy     : 0.9699
Valid Loss     : 0.6108	 | 	Valid Accuracy     : 0.8304

Epoch : 30
Train Loss     : 0.0976	 | 	Train Accuracy     : 0.9727
Valid Loss     : 0.6427	 | 	Valid Accuracy     : 0.8315

Evaluate on the Test set:
Test loss      :1.8052	 | Test Accuracy      : 0.6125 | Test AUPRC      : 0.6458
tensor([0.8445, 0.9227, 0.8266, 0.6030, 0.5512, 0.8336, 0.8353, 0.8352, 0.6742,
        0.5885, 0.6125, 0.6919, 0.6031, 0.5791, 0.8560, 0.5712, 0.7458, 0.6355,
        0.5457, 0.7403, 0.6637, 0.6525, 0.8753, 0.9003, 0.8045, 0.7539, 0.5850,
        0.6237, 0.6694, 0.5541, 0.6562, 1.0055, 0.8707, 0.6707, 0.5882, 0.6521,
        0.6965, 0.6423, 0.5891, 0.5632, 0.6445, 0.5754, 0.6117, 0.5666, 0.8883,
        0.6626, 0.6459, 0.6808, 0.6295, 0.6632, 0.5732, 0.6856, 0.6161, 0.5617,
        0.6882, 0.5633, 0.6522, 0.6513, 0.6644, 0.7229, 0.6750, 0.6103],
       device='cuda:0', grad_fn=<SqueezeBackward1>)

################## Training is Done! #########################
Training time is : 0:02:26.628496
