=============================================
Dataset: SEED
Method:  TS-TCC
Mode:    supervised
=============================================
Data loaded ...
Subjet 6
if scale False
Training started ....

Epoch : 1
Train Loss     : 0.8959	 | 	Train Accuracy     : 0.5995
Valid Loss     : 0.7305	 | 	Valid Accuracy     : 0.6958

Epoch : 2
Train Loss     : 0.5781	 | 	Train Accuracy     : 0.7261
Valid Loss     : 0.7047	 | 	Valid Accuracy     : 0.7207

Epoch : 3
Train Loss     : 0.4919	 | 	Train Accuracy     : 0.7889
Valid Loss     : 0.6315	 | 	Valid Accuracy     : 0.7441

Epoch : 4
Train Loss     : 0.4477	 | 	Train Accuracy     : 0.8076
Valid Loss     : 0.6480	 | 	Valid Accuracy     : 0.7388

Epoch : 5
Train Loss     : 0.3730	 | 	Train Accuracy     : 0.8577
Valid Loss     : 0.5008	 | 	Valid Accuracy     : 0.8223

Epoch : 6
Train Loss     : 0.3494	 | 	Train Accuracy     : 0.8696
Valid Loss     : 0.5596	 | 	Valid Accuracy     : 0.8350

Epoch : 7
Train Loss     : 0.3310	 | 	Train Accuracy     : 0.8716
Valid Loss     : 0.6357	 | 	Valid Accuracy     : 0.7827

Epoch : 8
Train Loss     : 0.3071	 | 	Train Accuracy     : 0.8777
Valid Loss     : 0.6065	 | 	Valid Accuracy     : 0.8438

Epoch : 9
Train Loss     : 0.2997	 | 	Train Accuracy     : 0.8862
Valid Loss     : 0.6043	 | 	Valid Accuracy     : 0.8188

Epoch : 10
Train Loss     : 0.2847	 | 	Train Accuracy     : 0.8922
Valid Loss     : 0.6379	 | 	Valid Accuracy     : 0.8125

Epoch : 11
Train Loss     : 0.2749	 | 	Train Accuracy     : 0.9027
Valid Loss     : 0.7112	 | 	Valid Accuracy     : 0.7686

Epoch : 12
Train Loss     : 0.2874	 | 	Train Accuracy     : 0.8886
Valid Loss     : 0.8357	 | 	Valid Accuracy     : 0.7520

Epoch : 13
Train Loss     : 0.2417	 | 	Train Accuracy     : 0.9112
Valid Loss     : 0.7066	 | 	Valid Accuracy     : 0.7847

Epoch : 14
Train Loss     : 0.2120	 | 	Train Accuracy     : 0.9215
Valid Loss     : 0.7225	 | 	Valid Accuracy     : 0.8105

Epoch : 15
Train Loss     : 0.1995	 | 	Train Accuracy     : 0.9243
Valid Loss     : 0.9425	 | 	Valid Accuracy     : 0.7285

Epoch : 16
Train Loss     : 0.1859	 | 	Train Accuracy     : 0.9339
Valid Loss     : 1.0001	 | 	Valid Accuracy     : 0.7495

Epoch : 17
Train Loss     : 0.1630	 | 	Train Accuracy     : 0.9429
Valid Loss     : 0.7526	 | 	Valid Accuracy     : 0.8018

Epoch : 18
Train Loss     : 0.1521	 | 	Train Accuracy     : 0.9518
Valid Loss     : 0.7550	 | 	Valid Accuracy     : 0.7983

Epoch : 19
Train Loss     : 0.1452	 | 	Train Accuracy     : 0.9524
Valid Loss     : 0.7561	 | 	Valid Accuracy     : 0.8052

Epoch : 20
Train Loss     : 0.1416	 | 	Train Accuracy     : 0.9531
Valid Loss     : 0.8541	 | 	Valid Accuracy     : 0.7764

Epoch : 21
Train Loss     : 0.1453	 | 	Train Accuracy     : 0.9507
Valid Loss     : 0.8412	 | 	Valid Accuracy     : 0.7764

Epoch : 22
Train Loss     : 0.1401	 | 	Train Accuracy     : 0.9535
Valid Loss     : 0.8679	 | 	Valid Accuracy     : 0.7788

Epoch : 23
Train Loss     : 0.1409	 | 	Train Accuracy     : 0.9533
Valid Loss     : 0.8373	 | 	Valid Accuracy     : 0.7715

Epoch : 24
Train Loss     : 0.1311	 | 	Train Accuracy     : 0.9574
Valid Loss     : 0.7860	 | 	Valid Accuracy     : 0.7866

Epoch : 25
Train Loss     : 0.1333	 | 	Train Accuracy     : 0.9575
Valid Loss     : 0.8104	 | 	Valid Accuracy     : 0.7891

Epoch : 26
Train Loss     : 0.1295	 | 	Train Accuracy     : 0.9604
Valid Loss     : 0.8484	 | 	Valid Accuracy     : 0.7837

Epoch : 27
Train Loss     : 0.1247	 | 	Train Accuracy     : 0.9604
Valid Loss     : 0.9114	 | 	Valid Accuracy     : 0.7744

Epoch : 28
Train Loss     : 0.1246	 | 	Train Accuracy     : 0.9614
Valid Loss     : 0.8341	 | 	Valid Accuracy     : 0.7881

Epoch : 29
Train Loss     : 0.1191	 | 	Train Accuracy     : 0.9640
Valid Loss     : 0.8403	 | 	Valid Accuracy     : 0.7900

Epoch : 30
Train Loss     : 0.1178	 | 	Train Accuracy     : 0.9650
Valid Loss     : 0.8747	 | 	Valid Accuracy     : 0.7866

Evaluate on the Test set:
Test loss      :1.3105	 | Test Accuracy      : 0.6936 | Test AUPRC      : 0.5384
tensor([1., 1., 1., 1., 1., 1., 1., 1., 1., 1., 1., 1., 1., 1., 1., 1., 1., 1.,
        1., 1., 1., 1., 1., 1., 1., 1., 1., 1., 1., 1., 1., 1., 1., 1., 1., 1.,
        1., 1., 1., 1., 1., 1., 1., 1., 1., 1., 1., 1., 1., 1., 1., 1., 1., 1.,
        1., 1., 1., 1., 1., 1., 1., 1.], device='cuda:0',
       grad_fn=<SqueezeBackward1>)

################## Training is Done! #########################
Training time is : 0:01:49.649621
