=============================================
Dataset: SEED
Method:  TS-TCC
Mode:    supervised
=============================================
Data loaded ...
Subjet 3
if scale True
Training started ....

Epoch : 1
Train Loss     : 0.9822	 | 	Train Accuracy     : 0.5213
Valid Loss     : 0.9648	 | 	Valid Accuracy     : 0.6419

Epoch : 2
Train Loss     : 0.6776	 | 	Train Accuracy     : 0.7026
Valid Loss     : 0.9051	 | 	Valid Accuracy     : 0.6849

Epoch : 3
Train Loss     : 0.5651	 | 	Train Accuracy     : 0.7652
Valid Loss     : 0.8859	 | 	Valid Accuracy     : 0.6680

Epoch : 4
Train Loss     : 0.5041	 | 	Train Accuracy     : 0.7996
Valid Loss     : 0.9348	 | 	Valid Accuracy     : 0.6690

Epoch : 5
Train Loss     : 0.4385	 | 	Train Accuracy     : 0.8372
Valid Loss     : 0.8844	 | 	Valid Accuracy     : 0.7002

Epoch : 6
Train Loss     : 0.4028	 | 	Train Accuracy     : 0.8471
Valid Loss     : 0.8376	 | 	Valid Accuracy     : 0.7305

Epoch : 7
Train Loss     : 0.3858	 | 	Train Accuracy     : 0.8592
Valid Loss     : 0.9412	 | 	Valid Accuracy     : 0.6801

Epoch : 8
Train Loss     : 0.3377	 | 	Train Accuracy     : 0.8826
Valid Loss     : 1.0884	 | 	Valid Accuracy     : 0.6849

Epoch : 9
Train Loss     : 0.3078	 | 	Train Accuracy     : 0.8921
Valid Loss     : 1.0615	 | 	Valid Accuracy     : 0.6889

Epoch : 10
Train Loss     : 0.2786	 | 	Train Accuracy     : 0.9028
Valid Loss     : 1.2432	 | 	Valid Accuracy     : 0.6702

Epoch : 11
Train Loss     : 0.2723	 | 	Train Accuracy     : 0.9043
Valid Loss     : 1.3507	 | 	Valid Accuracy     : 0.6554

Epoch : 12
Train Loss     : 0.2372	 | 	Train Accuracy     : 0.9193
Valid Loss     : 1.2668	 | 	Valid Accuracy     : 0.6725

Epoch : 13
Train Loss     : 0.2426	 | 	Train Accuracy     : 0.9109
Valid Loss     : 1.4018	 | 	Valid Accuracy     : 0.6474

Epoch : 14
Train Loss     : 0.2359	 | 	Train Accuracy     : 0.9222
Valid Loss     : 1.4212	 | 	Valid Accuracy     : 0.6415

Epoch : 15
Train Loss     : 0.2205	 | 	Train Accuracy     : 0.9225
Valid Loss     : 1.5861	 | 	Valid Accuracy     : 0.6266

Epoch : 16
Train Loss     : 0.1975	 | 	Train Accuracy     : 0.9358
Valid Loss     : 1.6288	 | 	Valid Accuracy     : 0.6237

Epoch : 17
Train Loss     : 0.1855	 | 	Train Accuracy     : 0.9358
Valid Loss     : 1.5751	 | 	Valid Accuracy     : 0.6083

Epoch : 18
Train Loss     : 0.1643	 | 	Train Accuracy     : 0.9489
Valid Loss     : 1.5566	 | 	Valid Accuracy     : 0.6160

Epoch : 19
Train Loss     : 0.1454	 | 	Train Accuracy     : 0.9536
Valid Loss     : 1.6374	 | 	Valid Accuracy     : 0.5888

Epoch : 20
Train Loss     : 0.1464	 | 	Train Accuracy     : 0.9552
Valid Loss     : 1.5502	 | 	Valid Accuracy     : 0.5949

Epoch : 21
Train Loss     : 0.1357	 | 	Train Accuracy     : 0.9560
Valid Loss     : 1.6348	 | 	Valid Accuracy     : 0.5893

Epoch : 22
Train Loss     : 0.1336	 | 	Train Accuracy     : 0.9576
Valid Loss     : 1.6237	 | 	Valid Accuracy     : 0.5910

Epoch : 23
Train Loss     : 0.1341	 | 	Train Accuracy     : 0.9577
Valid Loss     : 1.5926	 | 	Valid Accuracy     : 0.5925

Epoch : 24
Train Loss     : 0.1300	 | 	Train Accuracy     : 0.9601
Valid Loss     : 1.6602	 | 	Valid Accuracy     : 0.5865

Epoch : 25
Train Loss     : 0.1251	 | 	Train Accuracy     : 0.9618
Valid Loss     : 1.6229	 | 	Valid Accuracy     : 0.6115

Epoch : 26
Train Loss     : 0.1191	 | 	Train Accuracy     : 0.9668
Valid Loss     : 1.6096	 | 	Valid Accuracy     : 0.5987

Epoch : 27
Train Loss     : 0.1228	 | 	Train Accuracy     : 0.9645
Valid Loss     : 1.6992	 | 	Valid Accuracy     : 0.5854

Epoch : 28
Train Loss     : 0.1178	 | 	Train Accuracy     : 0.9654
Valid Loss     : 1.6295	 | 	Valid Accuracy     : 0.5959

Epoch : 29
Train Loss     : 0.1160	 | 	Train Accuracy     : 0.9667
Valid Loss     : 1.6188	 | 	Valid Accuracy     : 0.5880

Epoch : 30
Train Loss     : 0.1187	 | 	Train Accuracy     : 0.9649
Valid Loss     : 1.6727	 | 	Valid Accuracy     : 0.5805

Evaluate on the Test set:
Test loss      :1.3247	 | Test Accuracy      : 0.6493 | Test AUPRC      : 0.6951
tensor([0.9226, 0.9246, 0.8220, 0.8311, 0.8653, 0.9397, 0.9904, 0.8561, 0.8170,
        0.8120, 0.7942, 0.8622, 0.9326, 0.9639, 0.9426, 0.9562, 0.8394, 0.7964,
        0.8049, 0.8003, 0.7927, 0.8332, 0.9124, 0.9915, 0.8449, 0.8147, 0.8591,
        0.8139, 0.7920, 0.8063, 0.9381, 0.9918, 0.8585, 0.8328, 0.8272, 0.7951,
        0.8398, 0.8028, 0.7967, 0.7846, 0.8063, 0.8360, 0.7966, 0.8093, 0.7984,
        0.8512, 0.8006, 0.7899, 0.7887, 0.8226, 0.8399, 0.7962, 0.8319, 0.8409,
        0.8193, 0.8086, 0.8979, 0.8695, 0.8118, 0.8726, 0.7971, 0.8548],
       device='cuda:0', grad_fn=<SqueezeBackward1>)

################## Training is Done! #########################
Training time is : 0:02:35.331772
