=============================================
Dataset: SEED
Method:  TS-TCC
Mode:    supervised
=============================================
Data loaded ...
Subjet 8
if scale True
Training started ....

Epoch : 1
Train Loss     : 0.8040	 | 	Train Accuracy     : 0.6196
Valid Loss     : 0.5966	 | 	Valid Accuracy     : 0.6781

Epoch : 2
Train Loss     : 0.4928	 | 	Train Accuracy     : 0.7577
Valid Loss     : 0.5915	 | 	Valid Accuracy     : 0.7691

Epoch : 3
Train Loss     : 0.4039	 | 	Train Accuracy     : 0.8070
Valid Loss     : 0.5649	 | 	Valid Accuracy     : 0.7313

Epoch : 4
Train Loss     : 0.3580	 | 	Train Accuracy     : 0.8498
Valid Loss     : 0.5738	 | 	Valid Accuracy     : 0.6944

Epoch : 5
Train Loss     : 0.3076	 | 	Train Accuracy     : 0.8705
Valid Loss     : 0.4563	 | 	Valid Accuracy     : 0.7935

Epoch : 6
Train Loss     : 0.2851	 | 	Train Accuracy     : 0.8775
Valid Loss     : 0.4672	 | 	Valid Accuracy     : 0.7888

Epoch : 7
Train Loss     : 0.2491	 | 	Train Accuracy     : 0.8997
Valid Loss     : 0.5740	 | 	Valid Accuracy     : 0.7328

Epoch : 8
Train Loss     : 0.2125	 | 	Train Accuracy     : 0.9149
Valid Loss     : 0.5492	 | 	Valid Accuracy     : 0.7442

Epoch : 9
Train Loss     : 0.1816	 | 	Train Accuracy     : 0.9355
Valid Loss     : 0.4531	 | 	Valid Accuracy     : 0.7912

Epoch : 10
Train Loss     : 0.1683	 | 	Train Accuracy     : 0.9347
Valid Loss     : 0.6780	 | 	Valid Accuracy     : 0.7243

Epoch : 11
Train Loss     : 0.1604	 | 	Train Accuracy     : 0.9396
Valid Loss     : 0.5386	 | 	Valid Accuracy     : 0.7735

Epoch : 12
Train Loss     : 0.1547	 | 	Train Accuracy     : 0.9459
Valid Loss     : 0.5087	 | 	Valid Accuracy     : 0.7885

Epoch : 13
Train Loss     : 0.1340	 | 	Train Accuracy     : 0.9513
Valid Loss     : 0.5026	 | 	Valid Accuracy     : 0.7779

Epoch : 14
Train Loss     : 0.1372	 | 	Train Accuracy     : 0.9493
Valid Loss     : 0.9596	 | 	Valid Accuracy     : 0.7004

Epoch : 15
Train Loss     : 0.1174	 | 	Train Accuracy     : 0.9591
Valid Loss     : 0.7562	 | 	Valid Accuracy     : 0.7387

Epoch : 16
Train Loss     : 0.1082	 | 	Train Accuracy     : 0.9628
Valid Loss     : 0.6072	 | 	Valid Accuracy     : 0.7661

Epoch : 17
Train Loss     : 0.1084	 | 	Train Accuracy     : 0.9614
Valid Loss     : 0.4959	 | 	Valid Accuracy     : 0.8040

Epoch : 18
Train Loss     : 0.1049	 | 	Train Accuracy     : 0.9630
Valid Loss     : 0.4487	 | 	Valid Accuracy     : 0.8278

Epoch : 19
Train Loss     : 0.1070	 | 	Train Accuracy     : 0.9612
Valid Loss     : 0.5930	 | 	Valid Accuracy     : 0.7772

Epoch : 20
Train Loss     : 0.1149	 | 	Train Accuracy     : 0.9573
Valid Loss     : 0.7736	 | 	Valid Accuracy     : 0.7348

Epoch : 21
Train Loss     : 0.0956	 | 	Train Accuracy     : 0.9661
Valid Loss     : 0.4870	 | 	Valid Accuracy     : 0.8027

Epoch : 22
Train Loss     : 0.0865	 | 	Train Accuracy     : 0.9706
Valid Loss     : 0.6112	 | 	Valid Accuracy     : 0.7766

Epoch : 23
Train Loss     : 0.0865	 | 	Train Accuracy     : 0.9717
Valid Loss     : 0.6555	 | 	Valid Accuracy     : 0.7580

Epoch : 24
Train Loss     : 0.1006	 | 	Train Accuracy     : 0.9649
Valid Loss     : 0.5927	 | 	Valid Accuracy     : 0.8044

Epoch : 25
Train Loss     : 0.0745	 | 	Train Accuracy     : 0.9784
Valid Loss     : 0.5792	 | 	Valid Accuracy     : 0.7842

Epoch : 26
Train Loss     : 0.0742	 | 	Train Accuracy     : 0.9760
Valid Loss     : 0.5237	 | 	Valid Accuracy     : 0.8061

Epoch : 27
Train Loss     : 0.0612	 | 	Train Accuracy     : 0.9850
Valid Loss     : 0.5497	 | 	Valid Accuracy     : 0.7880

Epoch : 28
Train Loss     : 0.0629	 | 	Train Accuracy     : 0.9838
Valid Loss     : 0.6569	 | 	Valid Accuracy     : 0.7574

Epoch : 29
Train Loss     : 0.0677	 | 	Train Accuracy     : 0.9809
Valid Loss     : 0.7866	 | 	Valid Accuracy     : 0.7375

Epoch : 30
Train Loss     : 0.0556	 | 	Train Accuracy     : 0.9869
Valid Loss     : 0.6032	 | 	Valid Accuracy     : 0.7907

Evaluate on the Test set:
Test loss      :0.8240	 | Test Accuracy      : 0.7305 | Test AUPRC      : 0.7905
tensor([0.8801, 0.6921, 0.8870, 0.6812, 0.8469, 0.9373, 0.8451, 0.6400, 0.6445,
        0.6999, 0.6178, 0.7439, 0.7326, 0.7739, 0.7161, 0.6081, 0.7459, 0.6987,
        0.6590, 0.6024, 0.5383, 0.6609, 0.5861, 0.8860, 0.7247, 0.5616, 0.6253,
        0.6549, 0.7570, 0.7130, 0.5552, 0.8800, 0.7674, 0.7417, 0.8023, 0.6316,
        0.6851, 0.6176, 0.7423, 0.6719, 0.9221, 0.5071, 0.6190, 0.5811, 0.5778,
        0.7044, 0.6042, 0.5886, 0.6603, 0.5538, 0.6077, 0.5743, 0.5961, 0.6483,
        0.7090, 0.5666, 0.7154, 0.5725, 0.5562, 0.6482, 0.6776, 0.5504],
       device='cuda:0', grad_fn=<SqueezeBackward1>)

################## Training is Done! #########################
Training time is : 0:02:48.297817
