=============================================
Dataset: SEED
Method:  TS-TCC
Mode:    supervised
=============================================
Data loaded ...
Subjet 10
if scale False
Training started ....

Epoch : 1
Train Loss     : 1.0601	 | 	Train Accuracy     : 0.5290
Valid Loss     : 1.0887	 | 	Valid Accuracy     : 0.6021

Epoch : 2
Train Loss     : 0.6952	 | 	Train Accuracy     : 0.6994
Valid Loss     : 1.0585	 | 	Valid Accuracy     : 0.4692

Epoch : 3
Train Loss     : 0.5759	 | 	Train Accuracy     : 0.7626
Valid Loss     : 1.0419	 | 	Valid Accuracy     : 0.4907

Epoch : 4
Train Loss     : 0.4822	 | 	Train Accuracy     : 0.7993
Valid Loss     : 1.1077	 | 	Valid Accuracy     : 0.6050

Epoch : 5
Train Loss     : 0.4198	 | 	Train Accuracy     : 0.8332
Valid Loss     : 0.9186	 | 	Valid Accuracy     : 0.5933

Epoch : 6
Train Loss     : 0.4054	 | 	Train Accuracy     : 0.8334
Valid Loss     : 1.0419	 | 	Valid Accuracy     : 0.6030

Epoch : 7
Train Loss     : 0.3466	 | 	Train Accuracy     : 0.8646
Valid Loss     : 1.0534	 | 	Valid Accuracy     : 0.6060

Epoch : 8
Train Loss     : 0.3203	 | 	Train Accuracy     : 0.8745
Valid Loss     : 1.1192	 | 	Valid Accuracy     : 0.6128

Epoch : 9
Train Loss     : 0.3468	 | 	Train Accuracy     : 0.8616
Valid Loss     : 1.3974	 | 	Valid Accuracy     : 0.6040

Epoch : 10
Train Loss     : 0.2959	 | 	Train Accuracy     : 0.8842
Valid Loss     : 1.3324	 | 	Valid Accuracy     : 0.5894

Epoch : 11
Train Loss     : 0.3107	 | 	Train Accuracy     : 0.8779
Valid Loss     : 1.6304	 | 	Valid Accuracy     : 0.6201

Epoch : 12
Train Loss     : 0.2896	 | 	Train Accuracy     : 0.8804
Valid Loss     : 2.0087	 | 	Valid Accuracy     : 0.6201

Epoch : 13
Train Loss     : 0.2683	 | 	Train Accuracy     : 0.8927
Valid Loss     : 1.3677	 | 	Valid Accuracy     : 0.6211

Epoch : 14
Train Loss     : 0.2249	 | 	Train Accuracy     : 0.9136
Valid Loss     : 1.3729	 | 	Valid Accuracy     : 0.6260

Epoch : 15
Train Loss     : 0.2213	 | 	Train Accuracy     : 0.9181
Valid Loss     : 1.6243	 | 	Valid Accuracy     : 0.6147

Epoch : 16
Train Loss     : 0.2114	 | 	Train Accuracy     : 0.9229
Valid Loss     : 2.0107	 | 	Valid Accuracy     : 0.6343

Epoch : 17
Train Loss     : 0.1785	 | 	Train Accuracy     : 0.9333
Valid Loss     : 1.7136	 | 	Valid Accuracy     : 0.6216

Epoch : 18
Train Loss     : 0.1681	 | 	Train Accuracy     : 0.9406
Valid Loss     : 1.6842	 | 	Valid Accuracy     : 0.6118

Epoch : 19
Train Loss     : 0.1658	 | 	Train Accuracy     : 0.9428
Valid Loss     : 1.7016	 | 	Valid Accuracy     : 0.6460

Epoch : 20
Train Loss     : 0.1569	 | 	Train Accuracy     : 0.9480
Valid Loss     : 1.6829	 | 	Valid Accuracy     : 0.6455

Epoch : 21
Train Loss     : 0.1549	 | 	Train Accuracy     : 0.9472
Valid Loss     : 1.7521	 | 	Valid Accuracy     : 0.6470

Epoch : 22
Train Loss     : 0.1473	 | 	Train Accuracy     : 0.9560
Valid Loss     : 1.7029	 | 	Valid Accuracy     : 0.6138

Epoch : 23
Train Loss     : 0.1519	 | 	Train Accuracy     : 0.9521
Valid Loss     : 1.6908	 | 	Valid Accuracy     : 0.6094

Epoch : 24
Train Loss     : 0.1467	 | 	Train Accuracy     : 0.9528
Valid Loss     : 1.7909	 | 	Valid Accuracy     : 0.6362

Epoch : 25
Train Loss     : 0.1417	 | 	Train Accuracy     : 0.9564
Valid Loss     : 1.9235	 | 	Valid Accuracy     : 0.6460

Epoch : 26
Train Loss     : 0.1432	 | 	Train Accuracy     : 0.9540
Valid Loss     : 1.8665	 | 	Valid Accuracy     : 0.6440

Epoch : 27
Train Loss     : 0.1342	 | 	Train Accuracy     : 0.9581
Valid Loss     : 1.8270	 | 	Valid Accuracy     : 0.6460

Epoch : 28
Train Loss     : 0.1337	 | 	Train Accuracy     : 0.9584
Valid Loss     : 1.7964	 | 	Valid Accuracy     : 0.6265

Epoch : 29
Train Loss     : 0.1297	 | 	Train Accuracy     : 0.9614
Valid Loss     : 1.7215	 | 	Valid Accuracy     : 0.6235

Epoch : 30
Train Loss     : 0.1302	 | 	Train Accuracy     : 0.9591
Valid Loss     : 1.8368	 | 	Valid Accuracy     : 0.6421

Evaluate on the Test set:
Test loss      :1.9970	 | Test Accuracy      : 0.5569 | Test AUPRC      : 0.4568
tensor([1., 1., 1., 1., 1., 1., 1., 1., 1., 1., 1., 1., 1., 1., 1., 1., 1., 1.,
        1., 1., 1., 1., 1., 1., 1., 1., 1., 1., 1., 1., 1., 1., 1., 1., 1., 1.,
        1., 1., 1., 1., 1., 1., 1., 1., 1., 1., 1., 1., 1., 1., 1., 1., 1., 1.,
        1., 1., 1., 1., 1., 1., 1., 1.], device='cuda:0',
       grad_fn=<SqueezeBackward1>)

################## Training is Done! #########################
Training time is : 0:01:50.358854
