=============================================
Dataset: SEED
Method:  TS-TCC
Mode:    supervised
=============================================
Data loaded ...
Subjet 2
if scale True
Training started ....

Epoch : 1
Train Loss     : 1.0315	 | 	Train Accuracy     : 0.5019
Valid Loss     : 1.3139	 | 	Valid Accuracy     : 0.4889

Epoch : 2
Train Loss     : 0.8494	 | 	Train Accuracy     : 0.6243
Valid Loss     : 1.3574	 | 	Valid Accuracy     : 0.5102

Epoch : 3
Train Loss     : 0.7336	 | 	Train Accuracy     : 0.6823
Valid Loss     : 1.3726	 | 	Valid Accuracy     : 0.5721

Epoch : 4
Train Loss     : 0.6288	 | 	Train Accuracy     : 0.7389
Valid Loss     : 1.8044	 | 	Valid Accuracy     : 0.5610

Epoch : 5
Train Loss     : 0.5280	 | 	Train Accuracy     : 0.7978
Valid Loss     : 2.0968	 | 	Valid Accuracy     : 0.5647

Epoch : 6
Train Loss     : 0.4732	 | 	Train Accuracy     : 0.8204
Valid Loss     : 2.3763	 | 	Valid Accuracy     : 0.5626

Epoch : 7
Train Loss     : 0.4587	 | 	Train Accuracy     : 0.8331
Valid Loss     : 2.0679	 | 	Valid Accuracy     : 0.5397

Epoch : 8
Train Loss     : 0.4334	 | 	Train Accuracy     : 0.8451
Valid Loss     : 2.1764	 | 	Valid Accuracy     : 0.4811

Epoch : 9
Train Loss     : 0.3678	 | 	Train Accuracy     : 0.8691
Valid Loss     : 2.9626	 | 	Valid Accuracy     : 0.5375

Epoch : 10
Train Loss     : 0.3396	 | 	Train Accuracy     : 0.8849
Valid Loss     : 3.1261	 | 	Valid Accuracy     : 0.4887

Epoch : 11
Train Loss     : 0.3625	 | 	Train Accuracy     : 0.8738
Valid Loss     : 3.3037	 | 	Valid Accuracy     : 0.5552

Epoch : 12
Train Loss     : 0.3454	 | 	Train Accuracy     : 0.8784
Valid Loss     : 3.2603	 | 	Valid Accuracy     : 0.5086

Epoch : 13
Train Loss     : 0.2968	 | 	Train Accuracy     : 0.9008
Valid Loss     : 3.2366	 | 	Valid Accuracy     : 0.4812

Epoch : 14
Train Loss     : 0.2776	 | 	Train Accuracy     : 0.9117
Valid Loss     : 3.1448	 | 	Valid Accuracy     : 0.4804

Epoch : 15
Train Loss     : 0.2815	 | 	Train Accuracy     : 0.9070
Valid Loss     : 3.0195	 | 	Valid Accuracy     : 0.5139

Epoch : 16
Train Loss     : 0.2736	 | 	Train Accuracy     : 0.9111
Valid Loss     : 3.8415	 | 	Valid Accuracy     : 0.5090

Epoch : 17
Train Loss     : 0.2586	 | 	Train Accuracy     : 0.9192
Valid Loss     : 2.6893	 | 	Valid Accuracy     : 0.4979

Epoch : 18
Train Loss     : 0.2670	 | 	Train Accuracy     : 0.9125
Valid Loss     : 2.5969	 | 	Valid Accuracy     : 0.5155

Epoch : 19
Train Loss     : 0.2667	 | 	Train Accuracy     : 0.9103
Valid Loss     : 2.4457	 | 	Valid Accuracy     : 0.5112

Epoch : 20
Train Loss     : 0.2577	 | 	Train Accuracy     : 0.9208
Valid Loss     : 2.5062	 | 	Valid Accuracy     : 0.5195

Epoch : 21
Train Loss     : 0.2594	 | 	Train Accuracy     : 0.9236
Valid Loss     : 2.4870	 | 	Valid Accuracy     : 0.5334

Epoch : 22
Train Loss     : 0.2515	 | 	Train Accuracy     : 0.9231
Valid Loss     : 2.4386	 | 	Valid Accuracy     : 0.5213

Epoch : 23
Train Loss     : 0.2389	 | 	Train Accuracy     : 0.9222
Valid Loss     : 2.5776	 | 	Valid Accuracy     : 0.5337

Epoch : 24
Train Loss     : 0.2431	 | 	Train Accuracy     : 0.9202
Valid Loss     : 2.4807	 | 	Valid Accuracy     : 0.5430

Epoch : 25
Train Loss     : 0.2395	 | 	Train Accuracy     : 0.9259
Valid Loss     : 2.3189	 | 	Valid Accuracy     : 0.5273

Epoch : 26
Train Loss     : 0.2313	 | 	Train Accuracy     : 0.9297
Valid Loss     : 2.4177	 | 	Valid Accuracy     : 0.5251

Epoch : 27
Train Loss     : 0.2384	 | 	Train Accuracy     : 0.9229
Valid Loss     : 2.4423	 | 	Valid Accuracy     : 0.5268

Epoch : 28
Train Loss     : 0.2423	 | 	Train Accuracy     : 0.9241
Valid Loss     : 2.4462	 | 	Valid Accuracy     : 0.5193

Epoch : 29
Train Loss     : 0.2315	 | 	Train Accuracy     : 0.9324
Valid Loss     : 2.4070	 | 	Valid Accuracy     : 0.5298

Epoch : 30
Train Loss     : 0.2404	 | 	Train Accuracy     : 0.9214
Valid Loss     : 2.4194	 | 	Valid Accuracy     : 0.5265

Evaluate on the Test set:
Test loss      :2.0164	 | Test Accuracy      : 0.5268 | Test AUPRC      : 0.5364
tensor([0.8753, 0.9262, 0.9072, 0.8317, 0.9308, 0.9872, 0.8701, 0.8138, 0.8604,
        0.8340, 0.8121, 0.8225, 0.8768, 0.8378, 0.9589, 0.9423, 0.8349, 0.8439,
        0.8235, 0.8339, 0.8272, 0.9503, 0.9219, 0.9996, 0.8490, 0.8338, 0.8404,
        0.8397, 0.8510, 0.8128, 0.9059, 0.8693, 0.8411, 0.8711, 0.8857, 0.8601,
        0.8181, 0.8603, 0.8450, 0.8308, 0.8396, 0.9002, 0.9735, 0.8383, 0.9060,
        0.8593, 0.8965, 0.8353, 0.8383, 0.8519, 0.8898, 0.9133, 0.8808, 0.8663,
        0.8529, 0.8196, 0.8730, 0.8631, 0.8588, 0.8246, 0.8366, 0.8369],
       device='cuda:0', grad_fn=<SqueezeBackward1>)

################## Training is Done! #########################
Training time is : 0:03:01.887495
