=============================================
Dataset: SEED
Method:  TS-TCC
Mode:    supervised
=============================================
Data loaded ...
Subjet 1
if scale False
Training started ....

Epoch : 1
Train Loss     : 0.9997	 | 	Train Accuracy     : 0.5299
Valid Loss     : 1.1590	 | 	Valid Accuracy     : 0.3828

Epoch : 2
Train Loss     : 0.7564	 | 	Train Accuracy     : 0.6686
Valid Loss     : 1.0296	 | 	Valid Accuracy     : 0.4849

Epoch : 3
Train Loss     : 0.6521	 | 	Train Accuracy     : 0.7344
Valid Loss     : 0.9205	 | 	Valid Accuracy     : 0.6108

Epoch : 4
Train Loss     : 0.5748	 | 	Train Accuracy     : 0.7714
Valid Loss     : 1.0955	 | 	Valid Accuracy     : 0.4922

Epoch : 5
Train Loss     : 0.5042	 | 	Train Accuracy     : 0.8003
Valid Loss     : 0.9457	 | 	Valid Accuracy     : 0.6104

Epoch : 6
Train Loss     : 0.4772	 | 	Train Accuracy     : 0.8154
Valid Loss     : 0.8926	 | 	Valid Accuracy     : 0.6245

Epoch : 7
Train Loss     : 0.4493	 | 	Train Accuracy     : 0.8286
Valid Loss     : 0.9127	 | 	Valid Accuracy     : 0.6274

Epoch : 8
Train Loss     : 0.4663	 | 	Train Accuracy     : 0.8173
Valid Loss     : 0.8977	 | 	Valid Accuracy     : 0.6274

Epoch : 9
Train Loss     : 0.4791	 | 	Train Accuracy     : 0.8224
Valid Loss     : 0.9217	 | 	Valid Accuracy     : 0.6440

Epoch : 10
Train Loss     : 0.4057	 | 	Train Accuracy     : 0.8422
Valid Loss     : 1.1679	 | 	Valid Accuracy     : 0.6499

Epoch : 11
Train Loss     : 0.3965	 | 	Train Accuracy     : 0.8448
Valid Loss     : 1.1873	 | 	Valid Accuracy     : 0.6445

Epoch : 12
Train Loss     : 0.3717	 | 	Train Accuracy     : 0.8585
Valid Loss     : 1.3139	 | 	Valid Accuracy     : 0.6436

Epoch : 13
Train Loss     : 0.3455	 | 	Train Accuracy     : 0.8677
Valid Loss     : 1.1509	 | 	Valid Accuracy     : 0.6338

Epoch : 14
Train Loss     : 0.3474	 | 	Train Accuracy     : 0.8679
Valid Loss     : 1.1610	 | 	Valid Accuracy     : 0.6157

Epoch : 15
Train Loss     : 0.3557	 | 	Train Accuracy     : 0.8607
Valid Loss     : 1.1342	 | 	Valid Accuracy     : 0.6147

Epoch : 16
Train Loss     : 0.3087	 | 	Train Accuracy     : 0.8859
Valid Loss     : 1.0774	 | 	Valid Accuracy     : 0.6274

Epoch : 17
Train Loss     : 0.2958	 | 	Train Accuracy     : 0.8843
Valid Loss     : 1.1171	 | 	Valid Accuracy     : 0.6289

Epoch : 18
Train Loss     : 0.2575	 | 	Train Accuracy     : 0.9139
Valid Loss     : 1.1087	 | 	Valid Accuracy     : 0.6328

Epoch : 19
Train Loss     : 0.2303	 | 	Train Accuracy     : 0.9236
Valid Loss     : 1.0629	 | 	Valid Accuracy     : 0.6416

Epoch : 20
Train Loss     : 0.2280	 | 	Train Accuracy     : 0.9231
Valid Loss     : 1.1477	 | 	Valid Accuracy     : 0.6343

Epoch : 21
Train Loss     : 0.2261	 | 	Train Accuracy     : 0.9254
Valid Loss     : 1.0824	 | 	Valid Accuracy     : 0.6514

Epoch : 22
Train Loss     : 0.2200	 | 	Train Accuracy     : 0.9288
Valid Loss     : 1.1153	 | 	Valid Accuracy     : 0.6436

Epoch : 23
Train Loss     : 0.2171	 | 	Train Accuracy     : 0.9278
Valid Loss     : 1.1019	 | 	Valid Accuracy     : 0.6440

Epoch : 24
Train Loss     : 0.2165	 | 	Train Accuracy     : 0.9292
Valid Loss     : 1.0835	 | 	Valid Accuracy     : 0.6504

Epoch : 25
Train Loss     : 0.2115	 | 	Train Accuracy     : 0.9293
Valid Loss     : 1.0838	 | 	Valid Accuracy     : 0.6479

Epoch : 26
Train Loss     : 0.2050	 | 	Train Accuracy     : 0.9343
Valid Loss     : 1.0828	 | 	Valid Accuracy     : 0.6436

Epoch : 27
Train Loss     : 0.2034	 | 	Train Accuracy     : 0.9348
Valid Loss     : 1.1193	 | 	Valid Accuracy     : 0.6440

Epoch : 28
Train Loss     : 0.2027	 | 	Train Accuracy     : 0.9327
Valid Loss     : 1.1412	 | 	Valid Accuracy     : 0.6514

Epoch : 29
Train Loss     : 0.1939	 | 	Train Accuracy     : 0.9380
Valid Loss     : 1.1277	 | 	Valid Accuracy     : 0.6455

Epoch : 30
Train Loss     : 0.1908	 | 	Train Accuracy     : 0.9397
Valid Loss     : 1.1003	 | 	Valid Accuracy     : 0.6479

Evaluate on the Test set:
Test loss      :0.9035	 | Test Accuracy      : 0.6802 | Test AUPRC      : 0.5470
tensor([1., 1., 1., 1., 1., 1., 1., 1., 1., 1., 1., 1., 1., 1., 1., 1., 1., 1.,
        1., 1., 1., 1., 1., 1., 1., 1., 1., 1., 1., 1., 1., 1., 1., 1., 1., 1.,
        1., 1., 1., 1., 1., 1., 1., 1., 1., 1., 1., 1., 1., 1., 1., 1., 1., 1.,
        1., 1., 1., 1., 1., 1., 1., 1.], device='cuda:0',
       grad_fn=<SqueezeBackward1>)

################## Training is Done! #########################
Training time is : 0:01:44.747216
