=============================================
Dataset: SEED
Method:  TS-TCC
Mode:    supervised
=============================================
Data loaded ...
Subjet 14
if scale True
Training started ....

Epoch : 1
Train Loss     : 1.4017	 | 	Train Accuracy     : 0.3449
Valid Loss     : 1.1692	 | 	Valid Accuracy     : 0.4815

Epoch : 2
Train Loss     : 0.8860	 | 	Train Accuracy     : 0.5532
Valid Loss     : 1.2142	 | 	Valid Accuracy     : 0.4595

Epoch : 3
Train Loss     : 0.5214	 | 	Train Accuracy     : 0.8205
Valid Loss     : 1.1802	 | 	Valid Accuracy     : 0.4881

Epoch : 4
Train Loss     : 0.4757	 | 	Train Accuracy     : 0.8215
Valid Loss     : 1.1873	 | 	Valid Accuracy     : 0.5031

Epoch : 5
Train Loss     : 0.3112	 | 	Train Accuracy     : 0.8880
Valid Loss     : 1.3449	 | 	Valid Accuracy     : 0.4881

Epoch : 6
Train Loss     : 0.2947	 | 	Train Accuracy     : 0.9081
Valid Loss     : 1.4897	 | 	Valid Accuracy     : 0.4884

Epoch : 7
Train Loss     : 0.2456	 | 	Train Accuracy     : 0.9318
Valid Loss     : 1.6193	 | 	Valid Accuracy     : 0.4709

Epoch : 8
Train Loss     : 0.1944	 | 	Train Accuracy     : 0.9312
Valid Loss     : 1.7649	 | 	Valid Accuracy     : 0.4564

Epoch : 9
Train Loss     : 0.1572	 | 	Train Accuracy     : 0.9601
Valid Loss     : 1.8619	 | 	Valid Accuracy     : 0.4427

Epoch : 10
Train Loss     : 0.1537	 | 	Train Accuracy     : 0.9597
Valid Loss     : 1.8476	 | 	Valid Accuracy     : 0.4443

Epoch : 11
Train Loss     : 0.1193	 | 	Train Accuracy     : 0.9803
Valid Loss     : 2.1270	 | 	Valid Accuracy     : 0.4294

Epoch : 12
Train Loss     : 0.1046	 | 	Train Accuracy     : 0.9756
Valid Loss     : 2.4293	 | 	Valid Accuracy     : 0.4243

Epoch : 13
Train Loss     : 0.0956	 | 	Train Accuracy     : 0.9806
Valid Loss     : 2.3135	 | 	Valid Accuracy     : 0.4336

Epoch : 14
Train Loss     : 0.1001	 | 	Train Accuracy     : 0.9801
Valid Loss     : 2.3984	 | 	Valid Accuracy     : 0.4453

Epoch : 15
Train Loss     : 0.0866	 | 	Train Accuracy     : 0.9803
Valid Loss     : 2.3151	 | 	Valid Accuracy     : 0.4496

Epoch : 16
Train Loss     : 0.0859	 | 	Train Accuracy     : 0.9855
Valid Loss     : 2.3037	 | 	Valid Accuracy     : 0.4573

Epoch : 17
Train Loss     : 0.0949	 | 	Train Accuracy     : 0.9806
Valid Loss     : 2.2804	 | 	Valid Accuracy     : 0.4518

Epoch : 18
Train Loss     : 0.0878	 | 	Train Accuracy     : 0.9793
Valid Loss     : 2.2911	 | 	Valid Accuracy     : 0.4598

Epoch : 19
Train Loss     : 0.0869	 | 	Train Accuracy     : 0.9748
Valid Loss     : 2.4327	 | 	Valid Accuracy     : 0.4574

Epoch : 20
Train Loss     : 0.0774	 | 	Train Accuracy     : 0.9862
Valid Loss     : 2.3394	 | 	Valid Accuracy     : 0.4557

Epoch : 21
Train Loss     : 0.0781	 | 	Train Accuracy     : 0.9814
Valid Loss     : 2.3181	 | 	Valid Accuracy     : 0.4598

Epoch : 22
Train Loss     : 0.0818	 | 	Train Accuracy     : 0.9827
Valid Loss     : 2.3882	 | 	Valid Accuracy     : 0.4577

Epoch : 23
Train Loss     : 0.0789	 | 	Train Accuracy     : 0.9862
Valid Loss     : 2.3599	 | 	Valid Accuracy     : 0.4687

Epoch : 24
Train Loss     : 0.0830	 | 	Train Accuracy     : 0.9834
Valid Loss     : 2.3711	 | 	Valid Accuracy     : 0.4588

Epoch : 25
Train Loss     : 0.0729	 | 	Train Accuracy     : 0.9883
Valid Loss     : 2.3924	 | 	Valid Accuracy     : 0.4564

Epoch : 26
Train Loss     : 0.0766	 | 	Train Accuracy     : 0.9879
Valid Loss     : 2.3808	 | 	Valid Accuracy     : 0.4540

Epoch : 27
Train Loss     : 0.0833	 | 	Train Accuracy     : 0.9840
Valid Loss     : 2.4360	 | 	Valid Accuracy     : 0.4491

Epoch : 28
Train Loss     : 0.0718	 | 	Train Accuracy     : 0.9868
Valid Loss     : 2.3714	 | 	Valid Accuracy     : 0.4601

Epoch : 29
Train Loss     : 0.0761	 | 	Train Accuracy     : 0.9907
Valid Loss     : 2.4523	 | 	Valid Accuracy     : 0.4577

Epoch : 30
Train Loss     : 0.0746	 | 	Train Accuracy     : 0.9847
Valid Loss     : 2.4312	 | 	Valid Accuracy     : 0.4465

Evaluate on the Test set:
Test loss      :3.4388	 | Test Accuracy      : 0.4731 | Test AUPRC      : 0.5087
tensor([0.9699, 0.9688, 0.9755, 0.9721, 0.9743, 1.0088, 0.9754, 1.0048, 0.9684,
        0.9738, 0.9741, 0.9703, 0.9705, 0.9821, 0.9710, 0.9788, 0.9755, 0.9717,
        0.9687, 0.9692, 0.9736, 0.9681, 0.9865, 0.9950, 0.9691, 0.9775, 0.9854,
        0.9676, 0.9697, 0.9685, 0.9793, 1.0100, 1.0116, 0.9803, 0.9745, 0.9696,
        0.9718, 0.9691, 0.9714, 0.9689, 0.9709, 0.9686, 0.9671, 0.9717, 0.9690,
        0.9740, 0.9704, 0.9700, 0.9692, 0.9756, 0.9883, 0.9883, 0.9738, 0.9706,
        0.9684, 0.9673, 0.9763, 0.9698, 0.9726, 0.9736, 0.9719, 0.9736],
       device='cuda:0', grad_fn=<SqueezeBackward1>)

################## Training is Done! #########################
Training time is : 0:00:50.360266
