=============================================
Dataset: SEED
Method:  TS-TCC
Mode:    supervised
=============================================
Data loaded ...
Subjet 2
if scale True
Training started ....

Epoch : 1
Train Loss     : 1.1285	 | 	Train Accuracy     : 0.4578
Valid Loss     : 1.4911	 | 	Valid Accuracy     : 0.5548

Epoch : 2
Train Loss     : 0.8651	 | 	Train Accuracy     : 0.6011
Valid Loss     : 1.1488	 | 	Valid Accuracy     : 0.5938

Epoch : 3
Train Loss     : 0.7000	 | 	Train Accuracy     : 0.7058
Valid Loss     : 1.3750	 | 	Valid Accuracy     : 0.6502

Epoch : 4
Train Loss     : 0.5635	 | 	Train Accuracy     : 0.7852
Valid Loss     : 1.0573	 | 	Valid Accuracy     : 0.6128

Epoch : 5
Train Loss     : 0.4889	 | 	Train Accuracy     : 0.8093
Valid Loss     : 1.1327	 | 	Valid Accuracy     : 0.6052

Epoch : 6
Train Loss     : 0.4720	 | 	Train Accuracy     : 0.8162
Valid Loss     : 2.0344	 | 	Valid Accuracy     : 0.6254

Epoch : 7
Train Loss     : 0.4351	 | 	Train Accuracy     : 0.8344
Valid Loss     : 1.9382	 | 	Valid Accuracy     : 0.5189

Epoch : 8
Train Loss     : 0.4234	 | 	Train Accuracy     : 0.8436
Valid Loss     : 1.5899	 | 	Valid Accuracy     : 0.4539

Epoch : 9
Train Loss     : 0.3924	 | 	Train Accuracy     : 0.8553
Valid Loss     : 1.5430	 | 	Valid Accuracy     : 0.5101

Epoch : 10
Train Loss     : 0.3858	 | 	Train Accuracy     : 0.8556
Valid Loss     : 1.5403	 | 	Valid Accuracy     : 0.5441

Epoch : 11
Train Loss     : 0.3625	 | 	Train Accuracy     : 0.8638
Valid Loss     : 1.5601	 | 	Valid Accuracy     : 0.4792

Epoch : 12
Train Loss     : 0.3567	 | 	Train Accuracy     : 0.8698
Valid Loss     : 2.0390	 | 	Valid Accuracy     : 0.5491

Epoch : 13
Train Loss     : 0.3337	 | 	Train Accuracy     : 0.8785
Valid Loss     : 1.6776	 | 	Valid Accuracy     : 0.5172

Epoch : 14
Train Loss     : 0.3194	 | 	Train Accuracy     : 0.8800
Valid Loss     : 1.4723	 | 	Valid Accuracy     : 0.4873

Epoch : 15
Train Loss     : 0.3356	 | 	Train Accuracy     : 0.8739
Valid Loss     : 1.7557	 | 	Valid Accuracy     : 0.5606

Epoch : 16
Train Loss     : 0.2962	 | 	Train Accuracy     : 0.8958
Valid Loss     : 1.8886	 | 	Valid Accuracy     : 0.5356

Epoch : 17
Train Loss     : 0.2738	 | 	Train Accuracy     : 0.9078
Valid Loss     : 1.6282	 | 	Valid Accuracy     : 0.5529

Epoch : 18
Train Loss     : 0.2643	 | 	Train Accuracy     : 0.9101
Valid Loss     : 1.6661	 | 	Valid Accuracy     : 0.5633

Epoch : 19
Train Loss     : 0.2620	 | 	Train Accuracy     : 0.9132
Valid Loss     : 1.4338	 | 	Valid Accuracy     : 0.5626

Epoch : 20
Train Loss     : 0.2502	 | 	Train Accuracy     : 0.9164
Valid Loss     : 1.4239	 | 	Valid Accuracy     : 0.5548

Epoch : 21
Train Loss     : 0.2496	 | 	Train Accuracy     : 0.9154
Valid Loss     : 1.4830	 | 	Valid Accuracy     : 0.5347

Epoch : 22
Train Loss     : 0.2453	 | 	Train Accuracy     : 0.9203
Valid Loss     : 1.6146	 | 	Valid Accuracy     : 0.5735

Epoch : 23
Train Loss     : 0.2428	 | 	Train Accuracy     : 0.9207
Valid Loss     : 1.4572	 | 	Valid Accuracy     : 0.5418

Epoch : 24
Train Loss     : 0.2391	 | 	Train Accuracy     : 0.9213
Valid Loss     : 1.5393	 | 	Valid Accuracy     : 0.5828

Epoch : 25
Train Loss     : 0.2365	 | 	Train Accuracy     : 0.9213
Valid Loss     : 1.4553	 | 	Valid Accuracy     : 0.5487

Epoch : 26
Train Loss     : 0.2349	 | 	Train Accuracy     : 0.9234
Valid Loss     : 1.3713	 | 	Valid Accuracy     : 0.5730

Epoch : 27
Train Loss     : 0.2296	 | 	Train Accuracy     : 0.9264
Valid Loss     : 1.4659	 | 	Valid Accuracy     : 0.5511

Epoch : 28
Train Loss     : 0.2217	 | 	Train Accuracy     : 0.9335
Valid Loss     : 1.4207	 | 	Valid Accuracy     : 0.5494

Epoch : 29
Train Loss     : 0.2262	 | 	Train Accuracy     : 0.9283
Valid Loss     : 1.4603	 | 	Valid Accuracy     : 0.5684

Epoch : 30
Train Loss     : 0.2313	 | 	Train Accuracy     : 0.9231
Valid Loss     : 1.4424	 | 	Valid Accuracy     : 0.5533

Evaluate on the Test set:
Test loss      :1.9555	 | Test Accuracy      : 0.6039 | Test AUPRC      : 0.5430
tensor([0.7237, 0.9076, 0.8327, 0.7770, 0.8636, 0.9307, 0.7988, 0.7430, 0.6996,
        0.6817, 0.6842, 0.7130, 0.7421, 0.8631, 0.7860, 0.8689, 0.7137, 0.7062,
        0.6682, 0.6725, 0.7183, 0.7565, 0.8655, 1.0089, 0.8002, 0.6756, 0.7005,
        0.7153, 0.7196, 0.6903, 0.7098, 0.7134, 0.8232, 0.7472, 0.7924, 0.7236,
        0.6839, 0.6910, 0.7605, 0.7082, 0.7430, 0.8802, 0.9317, 0.7183, 0.7956,
        0.7707, 0.7907, 0.6889, 0.7045, 0.9531, 0.7808, 0.7319, 0.9510, 0.7401,
        0.7993, 0.7487, 0.7908, 0.7020, 0.7007, 0.7669, 0.7289, 0.7263],
       device='cuda:0', grad_fn=<SqueezeBackward1>)

################## Training is Done! #########################
Training time is : 0:02:58.159820
