=============================================
Dataset: SEED
Method:  TS-TCC
Mode:    supervised
=============================================
Data loaded ...
Subjet 12
if scale True
Training started ....

Epoch : 1
Train Loss     : 1.1510	 | 	Train Accuracy     : 0.4512
Valid Loss     : 1.9311	 | 	Valid Accuracy     : 0.3458

Epoch : 2
Train Loss     : 0.8170	 | 	Train Accuracy     : 0.6916
Valid Loss     : 2.1609	 | 	Valid Accuracy     : 0.3896

Epoch : 3
Train Loss     : 0.5633	 | 	Train Accuracy     : 0.7682
Valid Loss     : 2.5435	 | 	Valid Accuracy     : 0.4409

Epoch : 4
Train Loss     : 0.3974	 | 	Train Accuracy     : 0.8679
Valid Loss     : 2.9093	 | 	Valid Accuracy     : 0.4550

Epoch : 5
Train Loss     : 0.3395	 | 	Train Accuracy     : 0.8935
Valid Loss     : 3.3040	 | 	Valid Accuracy     : 0.4648

Epoch : 6
Train Loss     : 0.2380	 | 	Train Accuracy     : 0.9354
Valid Loss     : 3.4181	 | 	Valid Accuracy     : 0.4666

Epoch : 7
Train Loss     : 0.1882	 | 	Train Accuracy     : 0.9333
Valid Loss     : 3.3583	 | 	Valid Accuracy     : 0.4376

Epoch : 8
Train Loss     : 0.1496	 | 	Train Accuracy     : 0.9445
Valid Loss     : 2.9760	 | 	Valid Accuracy     : 0.4442

Epoch : 9
Train Loss     : 0.1052	 | 	Train Accuracy     : 0.9709
Valid Loss     : 2.9938	 | 	Valid Accuracy     : 0.4529

Epoch : 10
Train Loss     : 0.1196	 | 	Train Accuracy     : 0.9666
Valid Loss     : 3.2000	 | 	Valid Accuracy     : 0.4430

Epoch : 11
Train Loss     : 0.0757	 | 	Train Accuracy     : 0.9836
Valid Loss     : 3.6252	 | 	Valid Accuracy     : 0.4349

Epoch : 12
Train Loss     : 0.0787	 | 	Train Accuracy     : 0.9741
Valid Loss     : 4.0429	 | 	Valid Accuracy     : 0.4216

Epoch : 13
Train Loss     : 0.0742	 | 	Train Accuracy     : 0.9759
Valid Loss     : 4.1821	 | 	Valid Accuracy     : 0.4257

Epoch : 14
Train Loss     : 0.0708	 | 	Train Accuracy     : 0.9808
Valid Loss     : 4.2021	 | 	Valid Accuracy     : 0.4305

Epoch : 15
Train Loss     : 0.0600	 | 	Train Accuracy     : 0.9832
Valid Loss     : 4.2597	 | 	Valid Accuracy     : 0.4332

Epoch : 16
Train Loss     : 0.0538	 | 	Train Accuracy     : 0.9886
Valid Loss     : 4.2215	 | 	Valid Accuracy     : 0.4420

Epoch : 17
Train Loss     : 0.0631	 | 	Train Accuracy     : 0.9845
Valid Loss     : 4.3683	 | 	Valid Accuracy     : 0.4278

Epoch : 18
Train Loss     : 0.0535	 | 	Train Accuracy     : 0.9909
Valid Loss     : 4.2664	 | 	Valid Accuracy     : 0.4420

Epoch : 19
Train Loss     : 0.0542	 | 	Train Accuracy     : 0.9853
Valid Loss     : 4.3872	 | 	Valid Accuracy     : 0.4405

Epoch : 20
Train Loss     : 0.0517	 | 	Train Accuracy     : 0.9888
Valid Loss     : 4.6245	 | 	Valid Accuracy     : 0.4389

Epoch : 21
Train Loss     : 0.0500	 | 	Train Accuracy     : 0.9901
Valid Loss     : 4.4064	 | 	Valid Accuracy     : 0.4456

Epoch : 22
Train Loss     : 0.0512	 | 	Train Accuracy     : 0.9940
Valid Loss     : 4.4356	 | 	Valid Accuracy     : 0.4376

Epoch : 23
Train Loss     : 0.0474	 | 	Train Accuracy     : 0.9927
Valid Loss     : 4.3591	 | 	Valid Accuracy     : 0.4546

Epoch : 24
Train Loss     : 0.0537	 | 	Train Accuracy     : 0.9879
Valid Loss     : 4.6312	 | 	Valid Accuracy     : 0.4346

Epoch : 25
Train Loss     : 0.0462	 | 	Train Accuracy     : 0.9899
Valid Loss     : 4.6534	 | 	Valid Accuracy     : 0.4317

Epoch : 26
Train Loss     : 0.0539	 | 	Train Accuracy     : 0.9894
Valid Loss     : 4.5713	 | 	Valid Accuracy     : 0.4415

Epoch : 27
Train Loss     : 0.0527	 | 	Train Accuracy     : 0.9920
Valid Loss     : 4.5375	 | 	Valid Accuracy     : 0.4325

Epoch : 28
Train Loss     : 0.0463	 | 	Train Accuracy     : 0.9927
Valid Loss     : 4.6576	 | 	Valid Accuracy     : 0.4387

Epoch : 29
Train Loss     : 0.0499	 | 	Train Accuracy     : 0.9920
Valid Loss     : 4.5686	 | 	Valid Accuracy     : 0.4375

Epoch : 30
Train Loss     : 0.0488	 | 	Train Accuracy     : 0.9881
Valid Loss     : 4.5943	 | 	Valid Accuracy     : 0.4361

Evaluate on the Test set:
Test loss      :5.9905	 | Test Accuracy      : 0.4586 | Test AUPRC      : 0.4718
tensor([0.9762, 0.9863, 0.9831, 0.9713, 1.0023, 0.9826, 0.9699, 0.9668, 0.9697,
        0.9703, 0.9679, 0.9780, 0.9950, 0.9798, 0.9887, 0.9822, 0.9896, 0.9703,
        0.9809, 0.9809, 0.9781, 0.9690, 0.9767, 1.0083, 0.9702, 0.9885, 0.9821,
        0.9676, 0.9665, 0.9696, 0.9713, 0.9883, 0.9746, 0.9962, 0.9979, 0.9771,
        0.9662, 0.9680, 0.9700, 0.9696, 0.9744, 0.9654, 0.9714, 0.9807, 0.9706,
        0.9710, 0.9693, 0.9693, 0.9744, 0.9715, 0.9764, 0.9877, 0.9686, 0.9685,
        0.9697, 0.9676, 0.9766, 0.9803, 0.9717, 0.9682, 0.9753, 0.9724],
       device='cuda:0', grad_fn=<SqueezeBackward1>)

################## Training is Done! #########################
Training time is : 0:00:48.692349
