=============================================
Dataset: SEED
Method:  TS-TCC
Mode:    supervised
=============================================
Data loaded ...
Subjet 5
if scale True
Training started ....

Epoch : 1
Train Loss     : 1.1959	 | 	Train Accuracy     : 0.3848
Valid Loss     : 1.4004	 | 	Valid Accuracy     : 0.3455

Epoch : 2
Train Loss     : 0.9149	 | 	Train Accuracy     : 0.6427
Valid Loss     : 1.6370	 | 	Valid Accuracy     : 0.3622

Epoch : 3
Train Loss     : 0.5753	 | 	Train Accuracy     : 0.7898
Valid Loss     : 1.7394	 | 	Valid Accuracy     : 0.2781

Epoch : 4
Train Loss     : 0.5192	 | 	Train Accuracy     : 0.7883
Valid Loss     : 2.0473	 | 	Valid Accuracy     : 0.2930

Epoch : 5
Train Loss     : 0.4643	 | 	Train Accuracy     : 0.8137
Valid Loss     : 2.2699	 | 	Valid Accuracy     : 0.2872

Epoch : 6
Train Loss     : 0.4056	 | 	Train Accuracy     : 0.8304
Valid Loss     : 2.3466	 | 	Valid Accuracy     : 0.3115

Epoch : 7
Train Loss     : 0.3499	 | 	Train Accuracy     : 0.8521
Valid Loss     : 2.3394	 | 	Valid Accuracy     : 0.3196

Epoch : 8
Train Loss     : 0.3288	 | 	Train Accuracy     : 0.8584
Valid Loss     : 2.3921	 | 	Valid Accuracy     : 0.3338

Epoch : 9
Train Loss     : 0.2821	 | 	Train Accuracy     : 0.8953
Valid Loss     : 2.6486	 | 	Valid Accuracy     : 0.3109

Epoch : 10
Train Loss     : 0.2934	 | 	Train Accuracy     : 0.9012
Valid Loss     : 3.3451	 | 	Valid Accuracy     : 0.3040

Epoch : 11
Train Loss     : 0.2468	 | 	Train Accuracy     : 0.9064
Valid Loss     : 3.9405	 | 	Valid Accuracy     : 0.3260

Epoch : 12
Train Loss     : 0.2289	 | 	Train Accuracy     : 0.9018
Valid Loss     : 4.3214	 | 	Valid Accuracy     : 0.3172

Epoch : 13
Train Loss     : 0.2273	 | 	Train Accuracy     : 0.9007
Valid Loss     : 4.0336	 | 	Valid Accuracy     : 0.3168

Epoch : 14
Train Loss     : 0.2282	 | 	Train Accuracy     : 0.8990
Valid Loss     : 3.9515	 | 	Valid Accuracy     : 0.3228

Epoch : 15
Train Loss     : 0.2109	 | 	Train Accuracy     : 0.9135
Valid Loss     : 3.7612	 | 	Valid Accuracy     : 0.3317

Epoch : 16
Train Loss     : 0.2054	 | 	Train Accuracy     : 0.9074
Valid Loss     : 3.6490	 | 	Valid Accuracy     : 0.3323

Epoch : 17
Train Loss     : 0.2016	 | 	Train Accuracy     : 0.9299
Valid Loss     : 3.5968	 | 	Valid Accuracy     : 0.3239

Epoch : 18
Train Loss     : 0.2036	 | 	Train Accuracy     : 0.9422
Valid Loss     : 3.5081	 | 	Valid Accuracy     : 0.3211

Epoch : 19
Train Loss     : 0.1962	 | 	Train Accuracy     : 0.9480
Valid Loss     : 3.4437	 | 	Valid Accuracy     : 0.3251

Epoch : 20
Train Loss     : 0.1955	 | 	Train Accuracy     : 0.9472
Valid Loss     : 3.3978	 | 	Valid Accuracy     : 0.3264

Epoch : 21
Train Loss     : 0.1877	 | 	Train Accuracy     : 0.9441
Valid Loss     : 3.3486	 | 	Valid Accuracy     : 0.3204

Epoch : 22
Train Loss     : 0.1744	 | 	Train Accuracy     : 0.9469
Valid Loss     : 3.3251	 | 	Valid Accuracy     : 0.3131

Epoch : 23
Train Loss     : 0.1805	 | 	Train Accuracy     : 0.9367
Valid Loss     : 3.2640	 | 	Valid Accuracy     : 0.3277

Epoch : 24
Train Loss     : 0.1844	 | 	Train Accuracy     : 0.9432
Valid Loss     : 3.3015	 | 	Valid Accuracy     : 0.3289

Epoch : 25
Train Loss     : 0.1844	 | 	Train Accuracy     : 0.9323
Valid Loss     : 3.3316	 | 	Valid Accuracy     : 0.3338

Epoch : 26
Train Loss     : 0.1791	 | 	Train Accuracy     : 0.9370
Valid Loss     : 3.2976	 | 	Valid Accuracy     : 0.3276

Epoch : 27
Train Loss     : 0.1815	 | 	Train Accuracy     : 0.9353
Valid Loss     : 3.2688	 | 	Valid Accuracy     : 0.3366

Epoch : 28
Train Loss     : 0.1839	 | 	Train Accuracy     : 0.9383
Valid Loss     : 3.3368	 | 	Valid Accuracy     : 0.3255

Epoch : 29
Train Loss     : 0.1734	 | 	Train Accuracy     : 0.9362
Valid Loss     : 3.3739	 | 	Valid Accuracy     : 0.3251

Epoch : 30
Train Loss     : 0.1759	 | 	Train Accuracy     : 0.9331
Valid Loss     : 3.3500	 | 	Valid Accuracy     : 0.3223

Evaluate on the Test set:
Test loss      :3.4794	 | Test Accuracy      : 0.3534 | Test AUPRC      : 0.4603
tensor([0.9724, 0.9747, 0.9737, 0.9664, 0.9795, 0.9950, 0.9808, 0.9647, 0.9715,
        0.9748, 0.9698, 0.9713, 0.9674, 0.9782, 0.9881, 0.9791, 0.9862, 0.9691,
        0.9705, 0.9772, 0.9706, 0.9721, 0.9853, 0.9769, 0.9754, 0.9710, 0.9691,
        0.9704, 0.9690, 0.9710, 0.9720, 1.0171, 0.9707, 0.9840, 0.9740, 0.9739,
        0.9731, 0.9783, 0.9908, 0.9798, 0.9717, 0.9647, 0.9815, 0.9676, 0.9745,
        0.9719, 0.9741, 0.9763, 0.9757, 0.9793, 0.9752, 0.9674, 0.9712, 0.9684,
        0.9784, 0.9668, 0.9971, 0.9687, 0.9681, 0.9755, 0.9768, 0.9705],
       device='cuda:0', grad_fn=<SqueezeBackward1>)

################## Training is Done! #########################
Training time is : 0:00:40.501610
