=============================================
Dataset: SEED
Method:  TS-TCC
Mode:    supervised
=============================================
Data loaded ...
Subjet 10
if scale True
Training started ....

Epoch : 1
Train Loss     : 1.0386	 | 	Train Accuracy     : 0.5003
Valid Loss     : 1.1143	 | 	Valid Accuracy     : 0.4557

Epoch : 2
Train Loss     : 0.6447	 | 	Train Accuracy     : 0.7091
Valid Loss     : 1.1034	 | 	Valid Accuracy     : 0.4803

Epoch : 3
Train Loss     : 0.5547	 | 	Train Accuracy     : 0.7421
Valid Loss     : 1.4321	 | 	Valid Accuracy     : 0.4492

Epoch : 4
Train Loss     : 0.4534	 | 	Train Accuracy     : 0.8124
Valid Loss     : 1.5293	 | 	Valid Accuracy     : 0.4453

Epoch : 5
Train Loss     : 0.3883	 | 	Train Accuracy     : 0.8414
Valid Loss     : 1.7911	 | 	Valid Accuracy     : 0.4605

Epoch : 6
Train Loss     : 0.3460	 | 	Train Accuracy     : 0.8689
Valid Loss     : 2.1745	 | 	Valid Accuracy     : 0.4246

Epoch : 7
Train Loss     : 0.3076	 | 	Train Accuracy     : 0.8876
Valid Loss     : 2.3763	 | 	Valid Accuracy     : 0.4198

Epoch : 8
Train Loss     : 0.2781	 | 	Train Accuracy     : 0.9023
Valid Loss     : 2.5531	 | 	Valid Accuracy     : 0.4293

Epoch : 9
Train Loss     : 0.2916	 | 	Train Accuracy     : 0.8737
Valid Loss     : 2.5873	 | 	Valid Accuracy     : 0.4365

Epoch : 10
Train Loss     : 0.2552	 | 	Train Accuracy     : 0.9039
Valid Loss     : 2.9916	 | 	Valid Accuracy     : 0.4378

Epoch : 11
Train Loss     : 0.2216	 | 	Train Accuracy     : 0.9222
Valid Loss     : 3.0813	 | 	Valid Accuracy     : 0.4546

Epoch : 12
Train Loss     : 0.2226	 | 	Train Accuracy     : 0.9184
Valid Loss     : 3.2414	 | 	Valid Accuracy     : 0.4386

Epoch : 13
Train Loss     : 0.2042	 | 	Train Accuracy     : 0.9214
Valid Loss     : 2.9770	 | 	Valid Accuracy     : 0.4469

Epoch : 14
Train Loss     : 0.1682	 | 	Train Accuracy     : 0.9496
Valid Loss     : 3.1165	 | 	Valid Accuracy     : 0.4749

Epoch : 15
Train Loss     : 0.1682	 | 	Train Accuracy     : 0.9411
Valid Loss     : 3.1594	 | 	Valid Accuracy     : 0.4793

Epoch : 16
Train Loss     : 0.1537	 | 	Train Accuracy     : 0.9515
Valid Loss     : 3.0933	 | 	Valid Accuracy     : 0.4684

Epoch : 17
Train Loss     : 0.1563	 | 	Train Accuracy     : 0.9503
Valid Loss     : 3.1236	 | 	Valid Accuracy     : 0.4604

Epoch : 18
Train Loss     : 0.1468	 | 	Train Accuracy     : 0.9550
Valid Loss     : 3.1352	 | 	Valid Accuracy     : 0.4631

Epoch : 19
Train Loss     : 0.1466	 | 	Train Accuracy     : 0.9554
Valid Loss     : 3.1521	 | 	Valid Accuracy     : 0.4721

Epoch : 20
Train Loss     : 0.1437	 | 	Train Accuracy     : 0.9567
Valid Loss     : 3.2648	 | 	Valid Accuracy     : 0.4890

Epoch : 21
Train Loss     : 0.1468	 | 	Train Accuracy     : 0.9519
Valid Loss     : 3.4464	 | 	Valid Accuracy     : 0.4755

Epoch : 22
Train Loss     : 0.1423	 | 	Train Accuracy     : 0.9591
Valid Loss     : 3.5151	 | 	Valid Accuracy     : 0.4770

Epoch : 23
Train Loss     : 0.1447	 | 	Train Accuracy     : 0.9558
Valid Loss     : 3.3525	 | 	Valid Accuracy     : 0.4811

Epoch : 24
Train Loss     : 0.1371	 | 	Train Accuracy     : 0.9591
Valid Loss     : 3.4723	 | 	Valid Accuracy     : 0.4799

Epoch : 25
Train Loss     : 0.1365	 | 	Train Accuracy     : 0.9615
Valid Loss     : 3.3387	 | 	Valid Accuracy     : 0.4729

Epoch : 26
Train Loss     : 0.1328	 | 	Train Accuracy     : 0.9613
Valid Loss     : 3.2946	 | 	Valid Accuracy     : 0.4638

Epoch : 27
Train Loss     : 0.1364	 | 	Train Accuracy     : 0.9583
Valid Loss     : 3.2688	 | 	Valid Accuracy     : 0.4748

Epoch : 28
Train Loss     : 0.1372	 | 	Train Accuracy     : 0.9644
Valid Loss     : 3.3585	 | 	Valid Accuracy     : 0.4856

Epoch : 29
Train Loss     : 0.1282	 | 	Train Accuracy     : 0.9638
Valid Loss     : 3.4836	 | 	Valid Accuracy     : 0.4708

Epoch : 30
Train Loss     : 0.1367	 | 	Train Accuracy     : 0.9594
Valid Loss     : 3.4116	 | 	Valid Accuracy     : 0.4636

Evaluate on the Test set:
Test loss      :3.7488	 | Test Accuracy      : 0.4059 | Test AUPRC      : 0.4587
tensor([0.9564, 0.9757, 0.8699, 0.8857, 0.9069, 0.9587, 0.9393, 0.8761, 0.8920,
        0.8497, 0.8542, 0.9133, 0.9026, 0.9038, 0.9813, 0.8669, 0.8982, 0.8971,
        0.9006, 0.8684, 0.8663, 0.9402, 1.0162, 0.9560, 0.8893, 0.8899, 0.8428,
        0.8373, 0.8459, 0.8626, 0.9036, 0.9569, 0.8988, 0.8935, 0.8968, 0.8918,
        0.8507, 0.8647, 0.8884, 0.8659, 0.8563, 0.8674, 0.8578, 0.8838, 0.9072,
        0.9043, 0.8499, 0.8589, 0.8659, 0.8703, 0.8660, 0.9169, 0.8618, 0.8548,
        0.9294, 0.8607, 0.8957, 0.8932, 0.8475, 0.9877, 0.8801, 0.8702],
       device='cuda:0', grad_fn=<SqueezeBackward1>)

################## Training is Done! #########################
Training time is : 0:02:37.102919
