=============================================
Dataset: SEED
Method:  TS-TCC
Mode:    supervised
=============================================
Data loaded ...
Subjet 14
if scale True
Training started ....

Epoch : 1
Train Loss     : 0.9933	 | 	Train Accuracy     : 0.5727
Valid Loss     : 0.6832	 | 	Valid Accuracy     : 0.6106

Epoch : 2
Train Loss     : 0.6321	 | 	Train Accuracy     : 0.7628
Valid Loss     : 0.8448	 | 	Valid Accuracy     : 0.5712

Epoch : 3
Train Loss     : 0.5202	 | 	Train Accuracy     : 0.8098
Valid Loss     : 0.9111	 | 	Valid Accuracy     : 0.5734

Epoch : 4
Train Loss     : 0.5282	 | 	Train Accuracy     : 0.8186
Valid Loss     : 0.9472	 | 	Valid Accuracy     : 0.5477

Epoch : 5
Train Loss     : 0.4650	 | 	Train Accuracy     : 0.8296
Valid Loss     : 0.9472	 | 	Valid Accuracy     : 0.5490

Epoch : 6
Train Loss     : 0.4421	 | 	Train Accuracy     : 0.8359
Valid Loss     : 0.9696	 | 	Valid Accuracy     : 0.5439

Epoch : 7
Train Loss     : 0.3991	 | 	Train Accuracy     : 0.8548
Valid Loss     : 0.8943	 | 	Valid Accuracy     : 0.5806

Epoch : 8
Train Loss     : 0.3953	 | 	Train Accuracy     : 0.8516
Valid Loss     : 0.9876	 | 	Valid Accuracy     : 0.5956

Epoch : 9
Train Loss     : 0.4086	 | 	Train Accuracy     : 0.8481
Valid Loss     : 1.0173	 | 	Valid Accuracy     : 0.5535

Epoch : 10
Train Loss     : 0.4014	 | 	Train Accuracy     : 0.8520
Valid Loss     : 1.0092	 | 	Valid Accuracy     : 0.6030

Epoch : 11
Train Loss     : 0.3829	 | 	Train Accuracy     : 0.8500
Valid Loss     : 1.0301	 | 	Valid Accuracy     : 0.5977

Epoch : 12
Train Loss     : 0.3502	 | 	Train Accuracy     : 0.8690
Valid Loss     : 1.0790	 | 	Valid Accuracy     : 0.5540

Epoch : 13
Train Loss     : 0.3087	 | 	Train Accuracy     : 0.8849
Valid Loss     : 0.9533	 | 	Valid Accuracy     : 0.6235

Epoch : 14
Train Loss     : 0.2934	 | 	Train Accuracy     : 0.8878
Valid Loss     : 0.9809	 | 	Valid Accuracy     : 0.6475

Epoch : 15
Train Loss     : 0.2785	 | 	Train Accuracy     : 0.8991
Valid Loss     : 0.9750	 | 	Valid Accuracy     : 0.6419

Epoch : 16
Train Loss     : 0.2737	 | 	Train Accuracy     : 0.8967
Valid Loss     : 0.9616	 | 	Valid Accuracy     : 0.6466

Epoch : 17
Train Loss     : 0.2789	 | 	Train Accuracy     : 0.8957
Valid Loss     : 0.9472	 | 	Valid Accuracy     : 0.6364

Epoch : 18
Train Loss     : 0.2658	 | 	Train Accuracy     : 0.9031
Valid Loss     : 0.9573	 | 	Valid Accuracy     : 0.6471

Epoch : 19
Train Loss     : 0.2613	 | 	Train Accuracy     : 0.8997
Valid Loss     : 0.9358	 | 	Valid Accuracy     : 0.6487

Epoch : 20
Train Loss     : 0.2625	 | 	Train Accuracy     : 0.9030
Valid Loss     : 0.9491	 | 	Valid Accuracy     : 0.6400

Epoch : 21
Train Loss     : 0.2551	 | 	Train Accuracy     : 0.9031
Valid Loss     : 0.9585	 | 	Valid Accuracy     : 0.6395

Epoch : 22
Train Loss     : 0.2576	 | 	Train Accuracy     : 0.9051
Valid Loss     : 0.9807	 | 	Valid Accuracy     : 0.6308

Epoch : 23
Train Loss     : 0.2458	 | 	Train Accuracy     : 0.9121
Valid Loss     : 1.0127	 | 	Valid Accuracy     : 0.6319

Epoch : 24
Train Loss     : 0.2438	 | 	Train Accuracy     : 0.9115
Valid Loss     : 0.9895	 | 	Valid Accuracy     : 0.6422

Epoch : 25
Train Loss     : 0.2449	 | 	Train Accuracy     : 0.9112
Valid Loss     : 0.9772	 | 	Valid Accuracy     : 0.6421

Epoch : 26
Train Loss     : 0.2405	 | 	Train Accuracy     : 0.9115
Valid Loss     : 0.9532	 | 	Valid Accuracy     : 0.6438

Epoch : 27
Train Loss     : 0.2368	 | 	Train Accuracy     : 0.9141
Valid Loss     : 0.9623	 | 	Valid Accuracy     : 0.6221

Epoch : 28
Train Loss     : 0.2392	 | 	Train Accuracy     : 0.9110
Valid Loss     : 1.0239	 | 	Valid Accuracy     : 0.6332

Epoch : 29
Train Loss     : 0.2344	 | 	Train Accuracy     : 0.9186
Valid Loss     : 0.9681	 | 	Valid Accuracy     : 0.6355

Epoch : 30
Train Loss     : 0.2371	 | 	Train Accuracy     : 0.9125
Valid Loss     : 0.9511	 | 	Valid Accuracy     : 0.6343

Evaluate on the Test set:
Test loss      :0.8762	 | Test Accuracy      : 0.6957 | Test AUPRC      : 0.7462
tensor([0.8088, 0.8188, 0.8452, 0.8232, 0.8496, 0.9054, 0.8959, 0.9045, 0.7880,
        0.7779, 0.8019, 0.7836, 0.8010, 0.8202, 0.8160, 0.8231, 0.8234, 0.8075,
        0.7751, 0.7775, 0.8065, 0.9416, 0.9282, 0.8750, 0.8537, 0.7929, 0.8560,
        0.8140, 0.7605, 0.7734, 0.8122, 0.9746, 1.0235, 0.8852, 0.8042, 0.8274,
        0.7830, 0.8076, 0.8085, 0.7611, 0.8648, 0.9144, 0.9506, 0.8039, 0.8037,
        0.7905, 0.8144, 0.8363, 0.7720, 0.8185, 0.8589, 0.8719, 0.7867, 0.7886,
        0.8636, 0.8050, 0.9411, 0.8297, 0.8608, 0.7987, 0.8487, 0.8536],
       device='cuda:0', grad_fn=<SqueezeBackward1>)

################## Training is Done! #########################
Training time is : 0:02:28.690866
