=============================================
Dataset: SEED
Method:  TS-TCC
Mode:    supervised
=============================================
Data loaded ...
Subjet 15
if scale False
Training started ....

Epoch : 1
Train Loss     : 0.6010	 | 	Train Accuracy     : 0.7172
Valid Loss     : 0.8774	 | 	Valid Accuracy     : 0.8301

Epoch : 2
Train Loss     : 0.2173	 | 	Train Accuracy     : 0.9248
Valid Loss     : 0.9383	 | 	Valid Accuracy     : 0.8491

Epoch : 3
Train Loss     : 0.1176	 | 	Train Accuracy     : 0.9654
Valid Loss     : 0.5251	 | 	Valid Accuracy     : 0.8984

Epoch : 4
Train Loss     : 0.0759	 | 	Train Accuracy     : 0.9793
Valid Loss     : 0.5493	 | 	Valid Accuracy     : 0.9033

Epoch : 5
Train Loss     : 0.0474	 | 	Train Accuracy     : 0.9879
Valid Loss     : 0.4965	 | 	Valid Accuracy     : 0.8926

Epoch : 6
Train Loss     : 0.0402	 | 	Train Accuracy     : 0.9907
Valid Loss     : 0.5390	 | 	Valid Accuracy     : 0.8896

Epoch : 7
Train Loss     : 0.0386	 | 	Train Accuracy     : 0.9886
Valid Loss     : 0.3400	 | 	Valid Accuracy     : 0.9155

Epoch : 8
Train Loss     : 0.0299	 | 	Train Accuracy     : 0.9927
Valid Loss     : 0.4395	 | 	Valid Accuracy     : 0.9004

Epoch : 9
Train Loss     : 0.0261	 | 	Train Accuracy     : 0.9941
Valid Loss     : 0.4299	 | 	Valid Accuracy     : 0.8921

Epoch : 10
Train Loss     : 0.0242	 | 	Train Accuracy     : 0.9942
Valid Loss     : 0.2074	 | 	Valid Accuracy     : 0.9409

Epoch : 11
Train Loss     : 0.0288	 | 	Train Accuracy     : 0.9898
Valid Loss     : 0.3729	 | 	Valid Accuracy     : 0.9004

Epoch : 12
Train Loss     : 0.0256	 | 	Train Accuracy     : 0.9934
Valid Loss     : 0.3948	 | 	Valid Accuracy     : 0.8828

Epoch : 13
Train Loss     : 0.0201	 | 	Train Accuracy     : 0.9968
Valid Loss     : 0.1343	 | 	Valid Accuracy     : 0.9614

Epoch : 14
Train Loss     : 0.0155	 | 	Train Accuracy     : 0.9973
Valid Loss     : 0.3240	 | 	Valid Accuracy     : 0.9146

Epoch : 15
Train Loss     : 0.0176	 | 	Train Accuracy     : 0.9949
Valid Loss     : 0.1925	 | 	Valid Accuracy     : 0.9380

Epoch : 16
Train Loss     : 0.0174	 | 	Train Accuracy     : 0.9959
Valid Loss     : 0.4382	 | 	Valid Accuracy     : 0.9336

Epoch : 17
Train Loss     : 0.0194	 | 	Train Accuracy     : 0.9959
Valid Loss     : 0.1223	 | 	Valid Accuracy     : 0.9556

Epoch : 18
Train Loss     : 0.0187	 | 	Train Accuracy     : 0.9956
Valid Loss     : 0.1274	 | 	Valid Accuracy     : 0.9463

Epoch : 19
Train Loss     : 0.0178	 | 	Train Accuracy     : 0.9959
Valid Loss     : 0.0704	 | 	Valid Accuracy     : 0.9785

Epoch : 20
Train Loss     : 0.0136	 | 	Train Accuracy     : 0.9968
Valid Loss     : 0.0642	 | 	Valid Accuracy     : 0.9795

Epoch : 21
Train Loss     : 0.0167	 | 	Train Accuracy     : 0.9961
Valid Loss     : 0.1800	 | 	Valid Accuracy     : 0.9390

Epoch : 22
Train Loss     : 0.0241	 | 	Train Accuracy     : 0.9930
Valid Loss     : 0.1117	 | 	Valid Accuracy     : 0.9570

Epoch : 23
Train Loss     : 0.0231	 | 	Train Accuracy     : 0.9944
Valid Loss     : 0.0534	 | 	Valid Accuracy     : 0.9824

Epoch : 24
Train Loss     : 0.0193	 | 	Train Accuracy     : 0.9944
Valid Loss     : 0.0739	 | 	Valid Accuracy     : 0.9756

Epoch : 25
Train Loss     : 0.0253	 | 	Train Accuracy     : 0.9939
Valid Loss     : 0.1648	 | 	Valid Accuracy     : 0.9478

Epoch : 26
Train Loss     : 0.0230	 | 	Train Accuracy     : 0.9937
Valid Loss     : 0.1194	 | 	Valid Accuracy     : 0.9546

Epoch : 27
Train Loss     : 0.0151	 | 	Train Accuracy     : 0.9964
Valid Loss     : 0.0706	 | 	Valid Accuracy     : 0.9741

Epoch : 28
Train Loss     : 0.0132	 | 	Train Accuracy     : 0.9990
Valid Loss     : 0.0621	 | 	Valid Accuracy     : 0.9785

Epoch : 29
Train Loss     : 0.0136	 | 	Train Accuracy     : 0.9980
Valid Loss     : 0.1653	 | 	Valid Accuracy     : 0.9434

Epoch : 30
Train Loss     : 0.0213	 | 	Train Accuracy     : 0.9946
Valid Loss     : 0.0707	 | 	Valid Accuracy     : 0.9771

Evaluate on the Test set:
Test loss      :0.5151	 | Test Accuracy      : 0.8747 | Test AUPRC      : 0.6275
tensor([1., 1., 1., 1., 1., 1., 1., 1., 1., 1., 1., 1., 1., 1., 1., 1., 1., 1.,
        1., 1., 1., 1., 1., 1., 1., 1., 1., 1., 1., 1., 1., 1., 1., 1., 1., 1.,
        1., 1., 1., 1., 1., 1., 1., 1., 1., 1., 1., 1., 1., 1., 1., 1., 1., 1.,
        1., 1., 1., 1., 1., 1., 1., 1.], device='cuda:0',
       grad_fn=<SqueezeBackward1>)

################## Training is Done! #########################
Training time is : 0:01:59.250175
