=============================================
Dataset: SEED
Method:  TS-TCC
Mode:    supervised
=============================================
Data loaded ...
Subjet 1
if scale True
Training started ....

Epoch : 1
Train Loss     : 1.2049	 | 	Train Accuracy     : 0.4982
Valid Loss     : 1.0637	 | 	Valid Accuracy     : 0.5384

Epoch : 2
Train Loss     : 0.7500	 | 	Train Accuracy     : 0.6664
Valid Loss     : 1.2993	 | 	Valid Accuracy     : 0.5015

Epoch : 3
Train Loss     : 0.5595	 | 	Train Accuracy     : 0.7946
Valid Loss     : 1.2607	 | 	Valid Accuracy     : 0.4915

Epoch : 4
Train Loss     : 0.4612	 | 	Train Accuracy     : 0.8401
Valid Loss     : 1.3806	 | 	Valid Accuracy     : 0.4743

Epoch : 5
Train Loss     : 0.3760	 | 	Train Accuracy     : 0.8709
Valid Loss     : 1.6072	 | 	Valid Accuracy     : 0.4444

Epoch : 6
Train Loss     : 0.2905	 | 	Train Accuracy     : 0.9099
Valid Loss     : 1.8696	 | 	Valid Accuracy     : 0.4641

Epoch : 7
Train Loss     : 0.2337	 | 	Train Accuracy     : 0.9235
Valid Loss     : 1.9826	 | 	Valid Accuracy     : 0.4817

Epoch : 8
Train Loss     : 0.1780	 | 	Train Accuracy     : 0.9474
Valid Loss     : 2.1595	 | 	Valid Accuracy     : 0.5020

Epoch : 9
Train Loss     : 0.1430	 | 	Train Accuracy     : 0.9587
Valid Loss     : 2.3672	 | 	Valid Accuracy     : 0.5122

Epoch : 10
Train Loss     : 0.1201	 | 	Train Accuracy     : 0.9656
Valid Loss     : 2.7072	 | 	Valid Accuracy     : 0.4974

Epoch : 11
Train Loss     : 0.1090	 | 	Train Accuracy     : 0.9693
Valid Loss     : 2.9707	 | 	Valid Accuracy     : 0.4863

Epoch : 12
Train Loss     : 0.0905	 | 	Train Accuracy     : 0.9763
Valid Loss     : 2.7291	 | 	Valid Accuracy     : 0.5005

Epoch : 13
Train Loss     : 0.0820	 | 	Train Accuracy     : 0.9796
Valid Loss     : 2.7506	 | 	Valid Accuracy     : 0.5221

Epoch : 14
Train Loss     : 0.0773	 | 	Train Accuracy     : 0.9796
Valid Loss     : 2.7142	 | 	Valid Accuracy     : 0.5304

Epoch : 15
Train Loss     : 0.0793	 | 	Train Accuracy     : 0.9796
Valid Loss     : 2.7533	 | 	Valid Accuracy     : 0.5434

Epoch : 16
Train Loss     : 0.0805	 | 	Train Accuracy     : 0.9756
Valid Loss     : 2.6494	 | 	Valid Accuracy     : 0.5416

Epoch : 17
Train Loss     : 0.0792	 | 	Train Accuracy     : 0.9752
Valid Loss     : 2.7194	 | 	Valid Accuracy     : 0.5327

Epoch : 18
Train Loss     : 0.0752	 | 	Train Accuracy     : 0.9819
Valid Loss     : 2.6985	 | 	Valid Accuracy     : 0.5334

Epoch : 19
Train Loss     : 0.0783	 | 	Train Accuracy     : 0.9796
Valid Loss     : 2.7581	 | 	Valid Accuracy     : 0.5383

Epoch : 20
Train Loss     : 0.0728	 | 	Train Accuracy     : 0.9816
Valid Loss     : 2.7089	 | 	Valid Accuracy     : 0.5407

Epoch : 21
Train Loss     : 0.0735	 | 	Train Accuracy     : 0.9794
Valid Loss     : 2.6804	 | 	Valid Accuracy     : 0.5438

Epoch : 22
Train Loss     : 0.0764	 | 	Train Accuracy     : 0.9780
Valid Loss     : 2.7835	 | 	Valid Accuracy     : 0.5245

Epoch : 23
Train Loss     : 0.0692	 | 	Train Accuracy     : 0.9833
Valid Loss     : 2.7328	 | 	Valid Accuracy     : 0.5409

Epoch : 24
Train Loss     : 0.0717	 | 	Train Accuracy     : 0.9801
Valid Loss     : 2.7287	 | 	Valid Accuracy     : 0.5419

Epoch : 25
Train Loss     : 0.0669	 | 	Train Accuracy     : 0.9855
Valid Loss     : 2.7859	 | 	Valid Accuracy     : 0.5407

Epoch : 26
Train Loss     : 0.0657	 | 	Train Accuracy     : 0.9892
Valid Loss     : 2.7490	 | 	Valid Accuracy     : 0.5485

Epoch : 27
Train Loss     : 0.0678	 | 	Train Accuracy     : 0.9847
Valid Loss     : 2.7310	 | 	Valid Accuracy     : 0.5424

Epoch : 28
Train Loss     : 0.0708	 | 	Train Accuracy     : 0.9817
Valid Loss     : 2.7073	 | 	Valid Accuracy     : 0.5480

Epoch : 29
Train Loss     : 0.0668	 | 	Train Accuracy     : 0.9855
Valid Loss     : 2.6923	 | 	Valid Accuracy     : 0.5448

Epoch : 30
Train Loss     : 0.0701	 | 	Train Accuracy     : 0.9827
Valid Loss     : 2.8259	 | 	Valid Accuracy     : 0.5351

Evaluate on the Test set:
Test loss      :2.2592	 | Test Accuracy      : 0.6262 | Test AUPRC      : 0.6090
tensor([0.9244, 0.9333, 0.9480, 0.9220, 0.9502, 0.9336, 0.9176, 0.9217, 0.9206,
        0.9239, 0.9335, 0.9476, 0.9300, 0.9259, 0.9300, 0.9412, 0.9451, 0.9241,
        0.9236, 0.9607, 0.9284, 0.9274, 0.9715, 1.0048, 0.9418, 0.9244, 0.9328,
        0.9541, 0.9229, 0.9195, 0.9380, 0.9777, 0.9736, 0.9696, 0.9228, 0.9355,
        0.9323, 0.9361, 0.9241, 0.9431, 0.9479, 0.9161, 0.9482, 0.9318, 0.9598,
        0.9390, 0.9191, 0.9239, 0.9249, 0.9332, 0.9188, 1.0181, 0.9485, 0.9234,
        0.9176, 0.9594, 0.9939, 0.9297, 0.9193, 0.9195, 0.9347, 0.9520],
       device='cuda:0', grad_fn=<SqueezeBackward1>)

################## Training is Done! #########################
Training time is : 0:01:54.750776
