=============================================
Dataset: SEED
Method:  TS-TCC
Mode:    supervised
=============================================
Data loaded ...
Subjet 13
if scale True
Training started ....

Epoch : 1
Train Loss     : 1.4655	 | 	Train Accuracy     : 0.4546
Valid Loss     : 0.7568	 | 	Valid Accuracy     : 0.6593

Epoch : 2
Train Loss     : 0.7120	 | 	Train Accuracy     : 0.6707
Valid Loss     : 0.7174	 | 	Valid Accuracy     : 0.6446

Epoch : 3
Train Loss     : 0.4758	 | 	Train Accuracy     : 0.7961
Valid Loss     : 0.6700	 | 	Valid Accuracy     : 0.6794

Epoch : 4
Train Loss     : 0.3902	 | 	Train Accuracy     : 0.8311
Valid Loss     : 0.7330	 | 	Valid Accuracy     : 0.6621

Epoch : 5
Train Loss     : 0.3105	 | 	Train Accuracy     : 0.8793
Valid Loss     : 0.7345	 | 	Valid Accuracy     : 0.6628

Epoch : 6
Train Loss     : 0.2795	 | 	Train Accuracy     : 0.8924
Valid Loss     : 0.8422	 | 	Valid Accuracy     : 0.6603

Epoch : 7
Train Loss     : 0.2331	 | 	Train Accuracy     : 0.9077
Valid Loss     : 1.1211	 | 	Valid Accuracy     : 0.6392

Epoch : 8
Train Loss     : 0.2057	 | 	Train Accuracy     : 0.9270
Valid Loss     : 1.1652	 | 	Valid Accuracy     : 0.6582

Epoch : 9
Train Loss     : 0.1818	 | 	Train Accuracy     : 0.9395
Valid Loss     : 1.3263	 | 	Valid Accuracy     : 0.6554

Epoch : 10
Train Loss     : 0.1657	 | 	Train Accuracy     : 0.9454
Valid Loss     : 1.2906	 | 	Valid Accuracy     : 0.6588

Epoch : 11
Train Loss     : 0.1518	 | 	Train Accuracy     : 0.9460
Valid Loss     : 1.4425	 | 	Valid Accuracy     : 0.6715

Epoch : 12
Train Loss     : 0.1508	 | 	Train Accuracy     : 0.9455
Valid Loss     : 1.4392	 | 	Valid Accuracy     : 0.6633

Epoch : 13
Train Loss     : 0.1407	 | 	Train Accuracy     : 0.9510
Valid Loss     : 1.5218	 | 	Valid Accuracy     : 0.6583

Epoch : 14
Train Loss     : 0.1297	 | 	Train Accuracy     : 0.9604
Valid Loss     : 1.5817	 | 	Valid Accuracy     : 0.6621

Epoch : 15
Train Loss     : 0.1048	 | 	Train Accuracy     : 0.9767
Valid Loss     : 1.5198	 | 	Valid Accuracy     : 0.6654

Epoch : 16
Train Loss     : 0.1028	 | 	Train Accuracy     : 0.9738
Valid Loss     : 1.4762	 | 	Valid Accuracy     : 0.6728

Epoch : 17
Train Loss     : 0.0983	 | 	Train Accuracy     : 0.9761
Valid Loss     : 1.5537	 | 	Valid Accuracy     : 0.6651

Epoch : 18
Train Loss     : 0.1045	 | 	Train Accuracy     : 0.9736
Valid Loss     : 1.5738	 | 	Valid Accuracy     : 0.6729

Epoch : 19
Train Loss     : 0.0990	 | 	Train Accuracy     : 0.9812
Valid Loss     : 1.4899	 | 	Valid Accuracy     : 0.6770

Epoch : 20
Train Loss     : 0.0959	 | 	Train Accuracy     : 0.9773
Valid Loss     : 1.5601	 | 	Valid Accuracy     : 0.6707

Epoch : 21
Train Loss     : 0.0919	 | 	Train Accuracy     : 0.9788
Valid Loss     : 1.6028	 | 	Valid Accuracy     : 0.6669

Epoch : 22
Train Loss     : 0.0977	 | 	Train Accuracy     : 0.9796
Valid Loss     : 1.5506	 | 	Valid Accuracy     : 0.6718

Epoch : 23
Train Loss     : 0.0944	 | 	Train Accuracy     : 0.9803
Valid Loss     : 1.5949	 | 	Valid Accuracy     : 0.6735

Epoch : 24
Train Loss     : 0.0864	 | 	Train Accuracy     : 0.9847
Valid Loss     : 1.6342	 | 	Valid Accuracy     : 0.6612

Epoch : 25
Train Loss     : 0.0903	 | 	Train Accuracy     : 0.9807
Valid Loss     : 1.6161	 | 	Valid Accuracy     : 0.6707

Epoch : 26
Train Loss     : 0.0862	 | 	Train Accuracy     : 0.9831
Valid Loss     : 1.5813	 | 	Valid Accuracy     : 0.6768

Epoch : 27
Train Loss     : 0.0908	 | 	Train Accuracy     : 0.9804
Valid Loss     : 1.5716	 | 	Valid Accuracy     : 0.6761

Epoch : 28
Train Loss     : 0.0861	 | 	Train Accuracy     : 0.9846
Valid Loss     : 1.6738	 | 	Valid Accuracy     : 0.6630

Epoch : 29
Train Loss     : 0.0900	 | 	Train Accuracy     : 0.9827
Valid Loss     : 1.6465	 | 	Valid Accuracy     : 0.6683

Epoch : 30
Train Loss     : 0.0894	 | 	Train Accuracy     : 0.9804
Valid Loss     : 1.6444	 | 	Valid Accuracy     : 0.6740

Evaluate on the Test set:
Test loss      :2.4042	 | Test Accuracy      : 0.5120 | Test AUPRC      : 0.5946
tensor([0.9227, 0.9401, 0.9434, 0.9987, 0.9614, 0.9331, 0.9898, 0.9352, 0.9259,
        0.9206, 0.9346, 0.9743, 0.9375, 0.9270, 0.9582, 0.9350, 0.9313, 0.9170,
        0.9075, 0.9108, 0.9316, 0.9150, 0.9385, 1.0154, 0.9530, 0.9209, 0.9301,
        0.9213, 0.9078, 0.9181, 0.9231, 0.9944, 0.9570, 0.9767, 0.9260, 0.9226,
        0.9083, 0.9106, 0.9245, 0.9251, 0.9283, 0.9120, 0.9266, 0.9258, 0.9266,
        0.8938, 0.9231, 0.9244, 0.9238, 0.9422, 0.9425, 0.9155, 0.9303, 0.9770,
        0.9304, 0.9077, 0.9332, 0.9116, 0.9175, 0.9185, 0.9313, 0.9113],
       device='cuda:0', grad_fn=<SqueezeBackward1>)

################## Training is Done! #########################
Training time is : 0:01:55.085940
