=============================================
Dataset: SEED
Method:  TS-TCC
Mode:    supervised
=============================================
Data loaded ...
Subjet 6
if scale True
Training started ....

Epoch : 1
Train Loss     : 0.8541	 | 	Train Accuracy     : 0.5863
Valid Loss     : 0.6628	 | 	Valid Accuracy     : 0.6761

Epoch : 2
Train Loss     : 0.5634	 | 	Train Accuracy     : 0.7306
Valid Loss     : 0.6522	 | 	Valid Accuracy     : 0.7012

Epoch : 3
Train Loss     : 0.4887	 | 	Train Accuracy     : 0.7783
Valid Loss     : 0.6691	 | 	Valid Accuracy     : 0.6947

Epoch : 4
Train Loss     : 0.3902	 | 	Train Accuracy     : 0.8486
Valid Loss     : 0.6102	 | 	Valid Accuracy     : 0.7269

Epoch : 5
Train Loss     : 0.3342	 | 	Train Accuracy     : 0.8798
Valid Loss     : 0.5665	 | 	Valid Accuracy     : 0.7771

Epoch : 6
Train Loss     : 0.3022	 | 	Train Accuracy     : 0.8878
Valid Loss     : 0.5716	 | 	Valid Accuracy     : 0.7854

Epoch : 7
Train Loss     : 0.2697	 | 	Train Accuracy     : 0.8999
Valid Loss     : 0.5969	 | 	Valid Accuracy     : 0.7813

Epoch : 8
Train Loss     : 0.2425	 | 	Train Accuracy     : 0.9170
Valid Loss     : 0.7333	 | 	Valid Accuracy     : 0.7548

Epoch : 9
Train Loss     : 0.2378	 | 	Train Accuracy     : 0.9141
Valid Loss     : 0.7738	 | 	Valid Accuracy     : 0.7421

Epoch : 10
Train Loss     : 0.2126	 | 	Train Accuracy     : 0.9260
Valid Loss     : 0.7786	 | 	Valid Accuracy     : 0.7408

Epoch : 11
Train Loss     : 0.1780	 | 	Train Accuracy     : 0.9414
Valid Loss     : 0.6526	 | 	Valid Accuracy     : 0.7829

Epoch : 12
Train Loss     : 0.1872	 | 	Train Accuracy     : 0.9293
Valid Loss     : 0.7472	 | 	Valid Accuracy     : 0.7525

Epoch : 13
Train Loss     : 0.1627	 | 	Train Accuracy     : 0.9462
Valid Loss     : 0.6545	 | 	Valid Accuracy     : 0.7709

Epoch : 14
Train Loss     : 0.1451	 | 	Train Accuracy     : 0.9517
Valid Loss     : 0.8210	 | 	Valid Accuracy     : 0.7274

Epoch : 15
Train Loss     : 0.1568	 | 	Train Accuracy     : 0.9441
Valid Loss     : 0.7688	 | 	Valid Accuracy     : 0.7505

Epoch : 16
Train Loss     : 0.1403	 | 	Train Accuracy     : 0.9536
Valid Loss     : 0.7736	 | 	Valid Accuracy     : 0.7494

Epoch : 17
Train Loss     : 0.1092	 | 	Train Accuracy     : 0.9680
Valid Loss     : 0.7806	 | 	Valid Accuracy     : 0.7483

Epoch : 18
Train Loss     : 0.0986	 | 	Train Accuracy     : 0.9731
Valid Loss     : 0.7869	 | 	Valid Accuracy     : 0.7447

Epoch : 19
Train Loss     : 0.0983	 | 	Train Accuracy     : 0.9723
Valid Loss     : 0.7608	 | 	Valid Accuracy     : 0.7500

Epoch : 20
Train Loss     : 0.0946	 | 	Train Accuracy     : 0.9753
Valid Loss     : 0.7364	 | 	Valid Accuracy     : 0.7533

Epoch : 21
Train Loss     : 0.0936	 | 	Train Accuracy     : 0.9745
Valid Loss     : 0.7636	 | 	Valid Accuracy     : 0.7458

Epoch : 22
Train Loss     : 0.0920	 | 	Train Accuracy     : 0.9762
Valid Loss     : 0.7469	 | 	Valid Accuracy     : 0.7484

Epoch : 23
Train Loss     : 0.0916	 | 	Train Accuracy     : 0.9735
Valid Loss     : 0.7443	 | 	Valid Accuracy     : 0.7511

Epoch : 24
Train Loss     : 0.0892	 | 	Train Accuracy     : 0.9760
Valid Loss     : 0.7651	 | 	Valid Accuracy     : 0.7446

Epoch : 25
Train Loss     : 0.0877	 | 	Train Accuracy     : 0.9799
Valid Loss     : 0.7757	 | 	Valid Accuracy     : 0.7492

Epoch : 26
Train Loss     : 0.0850	 | 	Train Accuracy     : 0.9762
Valid Loss     : 0.7238	 | 	Valid Accuracy     : 0.7567

Epoch : 27
Train Loss     : 0.0811	 | 	Train Accuracy     : 0.9797
Valid Loss     : 0.7407	 | 	Valid Accuracy     : 0.7505

Epoch : 28
Train Loss     : 0.0855	 | 	Train Accuracy     : 0.9788
Valid Loss     : 0.7477	 | 	Valid Accuracy     : 0.7580

Epoch : 29
Train Loss     : 0.0786	 | 	Train Accuracy     : 0.9803
Valid Loss     : 0.7446	 | 	Valid Accuracy     : 0.7496

Epoch : 30
Train Loss     : 0.0786	 | 	Train Accuracy     : 0.9832
Valid Loss     : 0.7572	 | 	Valid Accuracy     : 0.7479

Evaluate on the Test set:
Test loss      :1.4462	 | Test Accuracy      : 0.6607 | Test AUPRC      : 0.6808
tensor([0.9516, 0.9036, 0.7455, 0.7988, 0.7175, 0.9110, 0.8750, 0.9807, 0.7637,
        0.7362, 0.7245, 0.7755, 0.7633, 0.7473, 0.9451, 0.7385, 0.7977, 0.7250,
        0.7291, 0.7987, 0.7744, 0.8121, 0.9244, 0.9399, 0.8997, 0.8523, 0.7394,
        0.7552, 0.7076, 0.7385, 0.7388, 1.0182, 0.8495, 0.7810, 0.7300, 0.7810,
        0.7832, 0.8216, 0.7172, 0.7178, 0.7356, 0.7779, 0.7444, 0.7259, 0.9242,
        0.7182, 0.7677, 0.8000, 0.7561, 0.8065, 0.7424, 0.7573, 0.7281, 0.7544,
        0.8170, 0.7742, 0.7480, 0.7229, 0.7185, 0.8623, 0.7711, 0.7304],
       device='cuda:0', grad_fn=<SqueezeBackward1>)

################## Training is Done! #########################
Training time is : 0:02:36.897959
