=============================================
Dataset: SEED
Method:  TS-TCC
Mode:    supervised
=============================================
Data loaded ...
Subjet 1
if scale True
Training started ....

Epoch : 1
Train Loss     : 1.5882	 | 	Train Accuracy     : 0.4078
Valid Loss     : 1.2576	 | 	Valid Accuracy     : 0.4198

Epoch : 2
Train Loss     : 0.7058	 | 	Train Accuracy     : 0.7164
Valid Loss     : 2.0255	 | 	Valid Accuracy     : 0.3701

Epoch : 3
Train Loss     : 0.5872	 | 	Train Accuracy     : 0.7522
Valid Loss     : 2.1579	 | 	Valid Accuracy     : 0.4877

Epoch : 4
Train Loss     : 0.4616	 | 	Train Accuracy     : 0.7923
Valid Loss     : 2.4147	 | 	Valid Accuracy     : 0.4757

Epoch : 5
Train Loss     : 0.4554	 | 	Train Accuracy     : 0.8748
Valid Loss     : 2.5484	 | 	Valid Accuracy     : 0.4585

Epoch : 6
Train Loss     : 0.3734	 | 	Train Accuracy     : 0.8160
Valid Loss     : 2.8703	 | 	Valid Accuracy     : 0.4315

Epoch : 7
Train Loss     : 0.2398	 | 	Train Accuracy     : 0.9167
Valid Loss     : 2.6466	 | 	Valid Accuracy     : 0.4530

Epoch : 8
Train Loss     : 0.2191	 | 	Train Accuracy     : 0.9347
Valid Loss     : 3.2085	 | 	Valid Accuracy     : 0.4251

Epoch : 9
Train Loss     : 0.1931	 | 	Train Accuracy     : 0.9342
Valid Loss     : 3.1281	 | 	Valid Accuracy     : 0.4457

Epoch : 10
Train Loss     : 0.1864	 | 	Train Accuracy     : 0.9386
Valid Loss     : 3.2968	 | 	Valid Accuracy     : 0.4320

Epoch : 11
Train Loss     : 0.1586	 | 	Train Accuracy     : 0.9525
Valid Loss     : 3.4582	 | 	Valid Accuracy     : 0.4262

Epoch : 12
Train Loss     : 0.1559	 | 	Train Accuracy     : 0.9661
Valid Loss     : 3.6201	 | 	Valid Accuracy     : 0.4500

Epoch : 13
Train Loss     : 0.1431	 | 	Train Accuracy     : 0.9583
Valid Loss     : 3.7037	 | 	Valid Accuracy     : 0.4427

Epoch : 14
Train Loss     : 0.1331	 | 	Train Accuracy     : 0.9516
Valid Loss     : 3.8429	 | 	Valid Accuracy     : 0.4369

Epoch : 15
Train Loss     : 0.1226	 | 	Train Accuracy     : 0.9720
Valid Loss     : 4.0570	 | 	Valid Accuracy     : 0.4311

Epoch : 16
Train Loss     : 0.1216	 | 	Train Accuracy     : 0.9733
Valid Loss     : 3.8206	 | 	Valid Accuracy     : 0.4419

Epoch : 17
Train Loss     : 0.1134	 | 	Train Accuracy     : 0.9688
Valid Loss     : 3.7176	 | 	Valid Accuracy     : 0.4521

Epoch : 18
Train Loss     : 0.1065	 | 	Train Accuracy     : 0.9714
Valid Loss     : 3.7340	 | 	Valid Accuracy     : 0.4416

Epoch : 19
Train Loss     : 0.1384	 | 	Train Accuracy     : 0.9614
Valid Loss     : 3.7525	 | 	Valid Accuracy     : 0.4409

Epoch : 20
Train Loss     : 0.1114	 | 	Train Accuracy     : 0.9627
Valid Loss     : 3.9009	 | 	Valid Accuracy     : 0.4408

Epoch : 21
Train Loss     : 0.1456	 | 	Train Accuracy     : 0.9475
Valid Loss     : 3.7460	 | 	Valid Accuracy     : 0.4453

Epoch : 22
Train Loss     : 0.1502	 | 	Train Accuracy     : 0.9607
Valid Loss     : 3.7729	 | 	Valid Accuracy     : 0.4398

Epoch : 23
Train Loss     : 0.1051	 | 	Train Accuracy     : 0.9759
Valid Loss     : 3.8849	 | 	Valid Accuracy     : 0.4523

Epoch : 24
Train Loss     : 0.0960	 | 	Train Accuracy     : 0.9779
Valid Loss     : 3.7797	 | 	Valid Accuracy     : 0.4443

Epoch : 25
Train Loss     : 0.1249	 | 	Train Accuracy     : 0.9620
Valid Loss     : 3.7483	 | 	Valid Accuracy     : 0.4370

Epoch : 26
Train Loss     : 0.1060	 | 	Train Accuracy     : 0.9785
Valid Loss     : 3.8242	 | 	Valid Accuracy     : 0.4431

Epoch : 27
Train Loss     : 0.1685	 | 	Train Accuracy     : 0.9382
Valid Loss     : 3.6818	 | 	Valid Accuracy     : 0.4492

Epoch : 28
Train Loss     : 0.1465	 | 	Train Accuracy     : 0.9436
Valid Loss     : 3.6885	 | 	Valid Accuracy     : 0.4441

Epoch : 29
Train Loss     : 0.1209	 | 	Train Accuracy     : 0.9640
Valid Loss     : 3.9168	 | 	Valid Accuracy     : 0.4377

Epoch : 30
Train Loss     : 0.0995	 | 	Train Accuracy     : 0.9798
Valid Loss     : 3.6990	 | 	Valid Accuracy     : 0.4418

Evaluate on the Test set:
Test loss      :2.8338	 | Test Accuracy      : 0.5653 | Test AUPRC      : 0.5035
tensor([0.9462, 0.9437, 0.9518, 0.9584, 0.9823, 0.9711, 0.9495, 0.9504, 0.9451,
        0.9512, 0.9521, 0.9481, 0.9566, 0.9933, 0.9669, 0.9522, 0.9549, 0.9607,
        0.9482, 0.9545, 0.9780, 0.9484, 0.9941, 1.0083, 0.9504, 0.9542, 0.9540,
        0.9707, 0.9524, 0.9650, 0.9511, 0.9808, 0.9763, 0.9526, 0.9521, 0.9761,
        0.9543, 0.9780, 0.9633, 0.9574, 0.9415, 0.9474, 0.9484, 0.9501, 0.9999,
        0.9541, 0.9481, 0.9601, 0.9507, 0.9549, 0.9501, 0.9966, 0.9574, 0.9566,
        0.9792, 0.9738, 0.9778, 0.9814, 0.9697, 0.9464, 0.9477, 0.9505],
       device='cuda:0', grad_fn=<SqueezeBackward1>)

################## Training is Done! #########################
Training time is : 0:00:52.071824
