=============================================
Dataset: SEED
Method:  TS-TCC
Mode:    fine_tune
=============================================
Data loaded ...
Training started ....

Epoch : 1
Train Loss     : 0.9048	 | 	Train Accuracy     : 0.6104
Valid Loss     : 1.2006	 | 	Valid Accuracy     : 0.4180

Epoch : 2
Train Loss     : 0.5313	 | 	Train Accuracy     : 0.7891
Valid Loss     : 0.5598	 | 	Valid Accuracy     : 0.7490

Epoch : 3
Train Loss     : 0.4145	 | 	Train Accuracy     : 0.8468
Valid Loss     : 0.5115	 | 	Valid Accuracy     : 0.7988

Epoch : 4
Train Loss     : 0.3656	 | 	Train Accuracy     : 0.8631
Valid Loss     : 0.5134	 | 	Valid Accuracy     : 0.8120

Epoch : 5
Train Loss     : 0.3168	 | 	Train Accuracy     : 0.8803
Valid Loss     : 0.5553	 | 	Valid Accuracy     : 0.8135

Epoch : 6
Train Loss     : 0.3125	 | 	Train Accuracy     : 0.8874
Valid Loss     : 0.6094	 | 	Valid Accuracy     : 0.8110

Epoch : 7
Train Loss     : 0.2755	 | 	Train Accuracy     : 0.9003
Valid Loss     : 0.5981	 | 	Valid Accuracy     : 0.8105

Epoch : 8
Train Loss     : 0.2749	 | 	Train Accuracy     : 0.9029
Valid Loss     : 0.6250	 | 	Valid Accuracy     : 0.8057

Epoch : 9
Train Loss     : 0.2627	 | 	Train Accuracy     : 0.9025
Valid Loss     : 0.8905	 | 	Valid Accuracy     : 0.7642

Epoch : 10
Train Loss     : 0.2758	 | 	Train Accuracy     : 0.8979
Valid Loss     : 0.7842	 | 	Valid Accuracy     : 0.7754

Epoch : 11
Train Loss     : 0.2433	 | 	Train Accuracy     : 0.9108
Valid Loss     : 0.8666	 | 	Valid Accuracy     : 0.7671

Epoch : 12
Train Loss     : 0.2341	 | 	Train Accuracy     : 0.9120
Valid Loss     : 0.8659	 | 	Valid Accuracy     : 0.7891

Epoch : 13
Train Loss     : 0.2311	 | 	Train Accuracy     : 0.9147
Valid Loss     : 1.0169	 | 	Valid Accuracy     : 0.7427

Epoch : 14
Train Loss     : 0.2205	 | 	Train Accuracy     : 0.9198
Valid Loss     : 0.9148	 | 	Valid Accuracy     : 0.7666

Epoch : 15
Train Loss     : 0.1959	 | 	Train Accuracy     : 0.9275
Valid Loss     : 0.8729	 | 	Valid Accuracy     : 0.7944

Epoch : 16
Train Loss     : 0.1739	 | 	Train Accuracy     : 0.9383
Valid Loss     : 0.9026	 | 	Valid Accuracy     : 0.7964

Epoch : 17
Train Loss     : 0.1676	 | 	Train Accuracy     : 0.9436
Valid Loss     : 0.8996	 | 	Valid Accuracy     : 0.7935

Epoch : 18
Train Loss     : 0.1688	 | 	Train Accuracy     : 0.9423
Valid Loss     : 0.9293	 | 	Valid Accuracy     : 0.7876

Epoch : 19
Train Loss     : 0.1658	 | 	Train Accuracy     : 0.9412
Valid Loss     : 0.8230	 | 	Valid Accuracy     : 0.8149

Epoch : 20
Train Loss     : 0.1606	 | 	Train Accuracy     : 0.9431
Valid Loss     : 0.8138	 | 	Valid Accuracy     : 0.8135

Epoch : 21
Train Loss     : 0.1600	 | 	Train Accuracy     : 0.9458
Valid Loss     : 0.8555	 | 	Valid Accuracy     : 0.8047

Epoch : 22
Train Loss     : 0.1598	 | 	Train Accuracy     : 0.9445
Valid Loss     : 0.8669	 | 	Valid Accuracy     : 0.7935

Epoch : 23
Train Loss     : 0.1536	 | 	Train Accuracy     : 0.9455
Valid Loss     : 0.8972	 | 	Valid Accuracy     : 0.7959

Epoch : 24
Train Loss     : 0.1533	 | 	Train Accuracy     : 0.9479
Valid Loss     : 0.8832	 | 	Valid Accuracy     : 0.7920

Epoch : 25
Train Loss     : 0.1527	 | 	Train Accuracy     : 0.9479
Valid Loss     : 0.8908	 | 	Valid Accuracy     : 0.7983

Epoch : 26
Train Loss     : 0.1477	 | 	Train Accuracy     : 0.9518
Valid Loss     : 0.8665	 | 	Valid Accuracy     : 0.8042

Epoch : 27
Train Loss     : 0.1489	 | 	Train Accuracy     : 0.9492
Valid Loss     : 0.8592	 | 	Valid Accuracy     : 0.8013

Epoch : 28
Train Loss     : 0.1473	 | 	Train Accuracy     : 0.9480
Valid Loss     : 0.9114	 | 	Valid Accuracy     : 0.7974

Epoch : 29
Train Loss     : 0.1426	 | 	Train Accuracy     : 0.9518
Valid Loss     : 0.8653	 | 	Valid Accuracy     : 0.7964

Epoch : 30
Train Loss     : 0.1495	 | 	Train Accuracy     : 0.9474
Valid Loss     : 0.9094	 | 	Valid Accuracy     : 0.8003

Evaluate on the Test set:
Test loss      :0.6792	 | Test Accuracy      : 0.7722 | Test AUPRC      : 0.5694

################## Training is Done! #########################
Training time is : 0:01:55.444149
