=============================================
Dataset: SEED
Method:  TS-TCC
Mode:    fine_tune
=============================================
Data loaded ...
Training started ....

Epoch : 1
Train Loss     : 1.1432	 | 	Train Accuracy     : 0.5131
Valid Loss     : 1.1437	 | 	Valid Accuracy     : 0.4946

Epoch : 2
Train Loss     : 0.7132	 | 	Train Accuracy     : 0.6894
Valid Loss     : 0.9908	 | 	Valid Accuracy     : 0.5273

Epoch : 3
Train Loss     : 0.5609	 | 	Train Accuracy     : 0.7763
Valid Loss     : 0.9100	 | 	Valid Accuracy     : 0.5928

Epoch : 4
Train Loss     : 0.4445	 | 	Train Accuracy     : 0.8395
Valid Loss     : 0.8684	 | 	Valid Accuracy     : 0.6255

Epoch : 5
Train Loss     : 0.3633	 | 	Train Accuracy     : 0.8764
Valid Loss     : 0.8002	 | 	Valid Accuracy     : 0.6895

Epoch : 6
Train Loss     : 0.3245	 | 	Train Accuracy     : 0.8806
Valid Loss     : 0.8177	 | 	Valid Accuracy     : 0.6958

Epoch : 7
Train Loss     : 0.2824	 | 	Train Accuracy     : 0.8959
Valid Loss     : 0.8571	 | 	Valid Accuracy     : 0.6743

Epoch : 8
Train Loss     : 0.2512	 | 	Train Accuracy     : 0.9124
Valid Loss     : 0.9534	 | 	Valid Accuracy     : 0.6646

Epoch : 9
Train Loss     : 0.2360	 | 	Train Accuracy     : 0.9163
Valid Loss     : 1.0577	 | 	Valid Accuracy     : 0.6709

Epoch : 10
Train Loss     : 0.2295	 | 	Train Accuracy     : 0.9164
Valid Loss     : 1.1220	 | 	Valid Accuracy     : 0.6582

Epoch : 11
Train Loss     : 0.1990	 | 	Train Accuracy     : 0.9265
Valid Loss     : 0.8442	 | 	Valid Accuracy     : 0.6934

Epoch : 12
Train Loss     : 0.1917	 | 	Train Accuracy     : 0.9331
Valid Loss     : 1.0694	 | 	Valid Accuracy     : 0.6636

Epoch : 13
Train Loss     : 0.1890	 | 	Train Accuracy     : 0.9358
Valid Loss     : 1.1318	 | 	Valid Accuracy     : 0.6719

Epoch : 14
Train Loss     : 0.1836	 | 	Train Accuracy     : 0.9351
Valid Loss     : 0.9940	 | 	Valid Accuracy     : 0.6675

Epoch : 15
Train Loss     : 0.1936	 | 	Train Accuracy     : 0.9282
Valid Loss     : 1.0533	 | 	Valid Accuracy     : 0.6646

Epoch : 16
Train Loss     : 0.1628	 | 	Train Accuracy     : 0.9423
Valid Loss     : 0.7995	 | 	Valid Accuracy     : 0.7285

Epoch : 17
Train Loss     : 0.1613	 | 	Train Accuracy     : 0.9423
Valid Loss     : 1.2287	 | 	Valid Accuracy     : 0.6567

Epoch : 18
Train Loss     : 0.1518	 | 	Train Accuracy     : 0.9465
Valid Loss     : 1.1624	 | 	Valid Accuracy     : 0.6748

Epoch : 19
Train Loss     : 0.1456	 | 	Train Accuracy     : 0.9477
Valid Loss     : 1.0882	 | 	Valid Accuracy     : 0.6899

Epoch : 20
Train Loss     : 0.1336	 | 	Train Accuracy     : 0.9575
Valid Loss     : 1.2058	 | 	Valid Accuracy     : 0.6772

Epoch : 21
Train Loss     : 0.1296	 | 	Train Accuracy     : 0.9569
Valid Loss     : 1.0864	 | 	Valid Accuracy     : 0.6763

Epoch : 22
Train Loss     : 0.1406	 | 	Train Accuracy     : 0.9496
Valid Loss     : 1.2208	 | 	Valid Accuracy     : 0.6587

Epoch : 23
Train Loss     : 0.1289	 | 	Train Accuracy     : 0.9543
Valid Loss     : 1.1952	 | 	Valid Accuracy     : 0.6582

Epoch : 24
Train Loss     : 0.1362	 | 	Train Accuracy     : 0.9502
Valid Loss     : 1.1626	 | 	Valid Accuracy     : 0.6914

Epoch : 25
Train Loss     : 0.1483	 | 	Train Accuracy     : 0.9450
Valid Loss     : 1.1761	 | 	Valid Accuracy     : 0.6533

Epoch : 26
Train Loss     : 0.1326	 | 	Train Accuracy     : 0.9543
Valid Loss     : 1.4354	 | 	Valid Accuracy     : 0.6431

Epoch : 27
Train Loss     : 0.1298	 | 	Train Accuracy     : 0.9555
Valid Loss     : 1.1528	 | 	Valid Accuracy     : 0.6675

Epoch : 28
Train Loss     : 0.0958	 | 	Train Accuracy     : 0.9716
Valid Loss     : 1.1266	 | 	Valid Accuracy     : 0.6890

Epoch : 29
Train Loss     : 0.0797	 | 	Train Accuracy     : 0.9776
Valid Loss     : 1.1055	 | 	Valid Accuracy     : 0.6904

Epoch : 30
Train Loss     : 0.0771	 | 	Train Accuracy     : 0.9806
Valid Loss     : 1.1011	 | 	Valid Accuracy     : 0.6826

Evaluate on the Test set:
Test loss      :1.0530	 | Test Accuracy      : 0.6602 | Test AUPRC      : 0.4912

################## Training is Done! #########################
Training time is : 0:01:48.940930
