=============================================
Dataset: SEED
Method:  TS-TCC
Mode:    fine_tune
=============================================
Data loaded ...
Subjet 7
Training started ....

Epoch : 1
Train Loss     : 1.0132	 | 	Train Accuracy     : 0.6206
Valid Loss     : 2.0080	 | 	Valid Accuracy     : 0.3740

Epoch : 2
Train Loss     : 0.4795	 | 	Train Accuracy     : 0.7979
Valid Loss     : 0.8060	 | 	Valid Accuracy     : 0.6499

Epoch : 3
Train Loss     : 0.3908	 | 	Train Accuracy     : 0.8468
Valid Loss     : 0.5025	 | 	Valid Accuracy     : 0.7842

Epoch : 4
Train Loss     : 0.3526	 | 	Train Accuracy     : 0.8609
Valid Loss     : 0.4476	 | 	Valid Accuracy     : 0.8154

Epoch : 5
Train Loss     : 0.3250	 | 	Train Accuracy     : 0.8696
Valid Loss     : 0.4716	 | 	Valid Accuracy     : 0.8047

Epoch : 6
Train Loss     : 0.3151	 | 	Train Accuracy     : 0.8789
Valid Loss     : 0.4413	 | 	Valid Accuracy     : 0.8262

Epoch : 7
Train Loss     : 0.2881	 | 	Train Accuracy     : 0.8903
Valid Loss     : 0.4921	 | 	Valid Accuracy     : 0.8101

Epoch : 8
Train Loss     : 0.2970	 | 	Train Accuracy     : 0.8786
Valid Loss     : 0.4575	 | 	Valid Accuracy     : 0.8062

Epoch : 9
Train Loss     : 0.2677	 | 	Train Accuracy     : 0.8978
Valid Loss     : 0.4385	 | 	Valid Accuracy     : 0.8320

Epoch : 10
Train Loss     : 0.2566	 | 	Train Accuracy     : 0.9042
Valid Loss     : 0.3991	 | 	Valid Accuracy     : 0.8525

Epoch : 11
Train Loss     : 0.2658	 | 	Train Accuracy     : 0.8991
Valid Loss     : 0.4320	 | 	Valid Accuracy     : 0.8447

Epoch : 12
Train Loss     : 0.2542	 | 	Train Accuracy     : 0.9005
Valid Loss     : 0.4373	 | 	Valid Accuracy     : 0.8359

Epoch : 13
Train Loss     : 0.2311	 | 	Train Accuracy     : 0.9112
Valid Loss     : 0.3618	 | 	Valid Accuracy     : 0.8516

Epoch : 14
Train Loss     : 0.2197	 | 	Train Accuracy     : 0.9207
Valid Loss     : 0.5284	 | 	Valid Accuracy     : 0.8066

Epoch : 15
Train Loss     : 0.2202	 | 	Train Accuracy     : 0.9156
Valid Loss     : 0.4452	 | 	Valid Accuracy     : 0.8164

Epoch : 16
Train Loss     : 0.2168	 | 	Train Accuracy     : 0.9168
Valid Loss     : 0.4233	 | 	Valid Accuracy     : 0.8398

Epoch : 17
Train Loss     : 0.2262	 | 	Train Accuracy     : 0.9117
Valid Loss     : 0.4374	 | 	Valid Accuracy     : 0.8267

Epoch : 18
Train Loss     : 0.2373	 | 	Train Accuracy     : 0.9139
Valid Loss     : 0.4857	 | 	Valid Accuracy     : 0.8130

Epoch : 19
Train Loss     : 0.2233	 | 	Train Accuracy     : 0.9137
Valid Loss     : 0.5201	 | 	Valid Accuracy     : 0.7959

Epoch : 20
Train Loss     : 0.1997	 | 	Train Accuracy     : 0.9239
Valid Loss     : 0.4993	 | 	Valid Accuracy     : 0.8027

Epoch : 21
Train Loss     : 0.1883	 | 	Train Accuracy     : 0.9321
Valid Loss     : 0.3766	 | 	Valid Accuracy     : 0.8462

Epoch : 22
Train Loss     : 0.1993	 | 	Train Accuracy     : 0.9256
Valid Loss     : 0.4470	 | 	Valid Accuracy     : 0.8311

Epoch : 23
Train Loss     : 0.1881	 | 	Train Accuracy     : 0.9278
Valid Loss     : 0.3906	 | 	Valid Accuracy     : 0.8472

Epoch : 24
Train Loss     : 0.1789	 | 	Train Accuracy     : 0.9338
Valid Loss     : 0.5568	 | 	Valid Accuracy     : 0.8018

Epoch : 25
Train Loss     : 0.1674	 | 	Train Accuracy     : 0.9375
Valid Loss     : 0.4251	 | 	Valid Accuracy     : 0.8267

Epoch : 26
Train Loss     : 0.1503	 | 	Train Accuracy     : 0.9484
Valid Loss     : 0.4590	 | 	Valid Accuracy     : 0.8164

Epoch : 27
Train Loss     : 0.1427	 | 	Train Accuracy     : 0.9511
Valid Loss     : 0.4473	 | 	Valid Accuracy     : 0.8228

Epoch : 28
Train Loss     : 0.1382	 | 	Train Accuracy     : 0.9526
Valid Loss     : 0.4461	 | 	Valid Accuracy     : 0.8179

Epoch : 29
Train Loss     : 0.1334	 | 	Train Accuracy     : 0.9565
Valid Loss     : 0.4550	 | 	Valid Accuracy     : 0.8198

Epoch : 30
Train Loss     : 0.1355	 | 	Train Accuracy     : 0.9526
Valid Loss     : 0.4010	 | 	Valid Accuracy     : 0.8384

Evaluate on the Test set:
Test loss      :0.8179	 | Test Accuracy      : 0.6634 | Test AUPRC      : 0.5808
tensor([0.7789, 0.8061, 0.9375, 0.8148, 0.8485, 0.9403, 0.8279, 0.7462, 0.7116,
        0.8444, 0.5940, 0.6746, 0.8471, 0.8736, 0.5711, 0.8027, 0.7729, 0.5548,
        0.6341, 0.6115, 0.6645, 0.6266, 0.7656, 1.0513, 0.8220, 0.6634, 0.6079,
        0.6755, 0.5912, 0.4999, 0.6643, 0.9676, 0.8066, 0.5974, 0.5551, 0.6936,
        0.7771, 0.5962, 0.5654, 0.6190, 0.5762, 0.6204, 0.5699, 0.5274, 0.6207,
        0.5989, 0.7741, 0.5905, 0.5664, 0.4893, 0.5803, 0.6403, 0.6315, 0.6525,
        0.6787, 0.6087, 0.5465, 0.8251, 0.8137, 0.5531, 0.6342, 0.6770],
       device='cuda:0', grad_fn=<SqueezeBackward1>)

################## Training is Done! #########################
Training time is : 0:01:49.558394
