=============================================
Dataset: SEED
Method:  TS-TCC
Mode:    fine_tune
=============================================
Data loaded ...
Training started ....

Epoch : 1
Train Loss     : 0.9771	 | 	Train Accuracy     : 0.6201
Valid Loss     : 2.7110	 | 	Valid Accuracy     : 0.3701

Epoch : 2
Train Loss     : 0.5762	 | 	Train Accuracy     : 0.7955
Valid Loss     : 1.1740	 | 	Valid Accuracy     : 0.3540

Epoch : 3
Train Loss     : 0.4846	 | 	Train Accuracy     : 0.8142
Valid Loss     : 1.0582	 | 	Valid Accuracy     : 0.4468

Epoch : 4
Train Loss     : 0.4427	 | 	Train Accuracy     : 0.8271
Valid Loss     : 1.0087	 | 	Valid Accuracy     : 0.6108

Epoch : 5
Train Loss     : 0.4397	 | 	Train Accuracy     : 0.8291
Valid Loss     : 1.0817	 | 	Valid Accuracy     : 0.6274

Epoch : 6
Train Loss     : 0.4163	 | 	Train Accuracy     : 0.8392
Valid Loss     : 0.9572	 | 	Valid Accuracy     : 0.6094

Epoch : 7
Train Loss     : 0.4274	 | 	Train Accuracy     : 0.8361
Valid Loss     : 0.9974	 | 	Valid Accuracy     : 0.5913

Epoch : 8
Train Loss     : 0.3945	 | 	Train Accuracy     : 0.8453
Valid Loss     : 0.9467	 | 	Valid Accuracy     : 0.6401

Epoch : 9
Train Loss     : 0.3853	 | 	Train Accuracy     : 0.8528
Valid Loss     : 0.9302	 | 	Valid Accuracy     : 0.6772

Epoch : 10
Train Loss     : 0.3919	 | 	Train Accuracy     : 0.8448
Valid Loss     : 0.9479	 | 	Valid Accuracy     : 0.6475

Epoch : 11
Train Loss     : 0.3609	 | 	Train Accuracy     : 0.8604
Valid Loss     : 1.1158	 | 	Valid Accuracy     : 0.6348

Epoch : 12
Train Loss     : 0.3659	 | 	Train Accuracy     : 0.8611
Valid Loss     : 1.0364	 | 	Valid Accuracy     : 0.6372

Epoch : 13
Train Loss     : 0.3593	 | 	Train Accuracy     : 0.8584
Valid Loss     : 1.0056	 | 	Valid Accuracy     : 0.6387

Epoch : 14
Train Loss     : 0.3304	 | 	Train Accuracy     : 0.8742
Valid Loss     : 1.0987	 | 	Valid Accuracy     : 0.6587

Epoch : 15
Train Loss     : 0.3278	 | 	Train Accuracy     : 0.8738
Valid Loss     : 0.9707	 | 	Valid Accuracy     : 0.6343

Epoch : 16
Train Loss     : 0.3306	 | 	Train Accuracy     : 0.8684
Valid Loss     : 1.1669	 | 	Valid Accuracy     : 0.6377

Epoch : 17
Train Loss     : 0.3252	 | 	Train Accuracy     : 0.8731
Valid Loss     : 1.1923	 | 	Valid Accuracy     : 0.6226

Epoch : 18
Train Loss     : 0.3219	 | 	Train Accuracy     : 0.8791
Valid Loss     : 1.0667	 | 	Valid Accuracy     : 0.6426

Epoch : 19
Train Loss     : 0.3049	 | 	Train Accuracy     : 0.8806
Valid Loss     : 0.9456	 | 	Valid Accuracy     : 0.6396

Epoch : 20
Train Loss     : 0.3520	 | 	Train Accuracy     : 0.8697
Valid Loss     : 1.1550	 | 	Valid Accuracy     : 0.6177

Epoch : 21
Train Loss     : 0.3051	 | 	Train Accuracy     : 0.8815
Valid Loss     : 1.0367	 | 	Valid Accuracy     : 0.6318

Epoch : 22
Train Loss     : 0.2807	 | 	Train Accuracy     : 0.8906
Valid Loss     : 1.0346	 | 	Valid Accuracy     : 0.6406

Epoch : 23
Train Loss     : 0.2716	 | 	Train Accuracy     : 0.8988
Valid Loss     : 0.9873	 | 	Valid Accuracy     : 0.6650

Epoch : 24
Train Loss     : 0.2671	 | 	Train Accuracy     : 0.8956
Valid Loss     : 1.0133	 | 	Valid Accuracy     : 0.6660

Epoch : 25
Train Loss     : 0.2660	 | 	Train Accuracy     : 0.8945
Valid Loss     : 1.0015	 | 	Valid Accuracy     : 0.6689

Epoch : 26
Train Loss     : 0.2663	 | 	Train Accuracy     : 0.8940
Valid Loss     : 1.0296	 | 	Valid Accuracy     : 0.6704

Epoch : 27
Train Loss     : 0.2537	 | 	Train Accuracy     : 0.9073
Valid Loss     : 1.0041	 | 	Valid Accuracy     : 0.6655

Epoch : 28
Train Loss     : 0.2503	 | 	Train Accuracy     : 0.9022
Valid Loss     : 0.9515	 | 	Valid Accuracy     : 0.6724

Epoch : 29
Train Loss     : 0.2513	 | 	Train Accuracy     : 0.9027
Valid Loss     : 1.0160	 | 	Valid Accuracy     : 0.6738

Epoch : 30
Train Loss     : 0.2483	 | 	Train Accuracy     : 0.9044
Valid Loss     : 1.0435	 | 	Valid Accuracy     : 0.6748

Evaluate on the Test set:
Test loss      :0.7921	 | Test Accuracy      : 0.7152 | Test AUPRC      : 0.6012

################## Training is Done! #########################
Training time is : 0:01:50.254234
