=============================================
Dataset: SEED
Method:  TS-TCC
Mode:    fine_tune
=============================================
Data loaded ...
Training started ....

Epoch : 1
Train Loss     : 1.0013	 | 	Train Accuracy     : 0.5487
Valid Loss     : 2.2786	 | 	Valid Accuracy     : 0.3472

Epoch : 2
Train Loss     : 0.6061	 | 	Train Accuracy     : 0.7164
Valid Loss     : 2.2392	 | 	Valid Accuracy     : 0.3623

Epoch : 3
Train Loss     : 0.4907	 | 	Train Accuracy     : 0.7790
Valid Loss     : 1.3758	 | 	Valid Accuracy     : 0.5420

Epoch : 4
Train Loss     : 0.4273	 | 	Train Accuracy     : 0.8171
Valid Loss     : 1.3338	 | 	Valid Accuracy     : 0.5391

Epoch : 5
Train Loss     : 0.3938	 | 	Train Accuracy     : 0.8307
Valid Loss     : 1.0373	 | 	Valid Accuracy     : 0.6230

Epoch : 6
Train Loss     : 0.3724	 | 	Train Accuracy     : 0.8471
Valid Loss     : 1.3265	 | 	Valid Accuracy     : 0.6270

Epoch : 7
Train Loss     : 0.3340	 | 	Train Accuracy     : 0.8614
Valid Loss     : 1.4662	 | 	Valid Accuracy     : 0.5747

Epoch : 8
Train Loss     : 0.3087	 | 	Train Accuracy     : 0.8767
Valid Loss     : 1.4443	 | 	Valid Accuracy     : 0.6211

Epoch : 9
Train Loss     : 0.3024	 | 	Train Accuracy     : 0.8757
Valid Loss     : 1.9763	 | 	Valid Accuracy     : 0.5688

Epoch : 10
Train Loss     : 0.3206	 | 	Train Accuracy     : 0.8651
Valid Loss     : 1.7046	 | 	Valid Accuracy     : 0.5762

Epoch : 11
Train Loss     : 0.2705	 | 	Train Accuracy     : 0.8905
Valid Loss     : 1.1946	 | 	Valid Accuracy     : 0.6187

Epoch : 12
Train Loss     : 0.2629	 | 	Train Accuracy     : 0.8956
Valid Loss     : 1.5491	 | 	Valid Accuracy     : 0.6021

Epoch : 13
Train Loss     : 0.2793	 | 	Train Accuracy     : 0.8859
Valid Loss     : 1.4284	 | 	Valid Accuracy     : 0.6104

Epoch : 14
Train Loss     : 0.2613	 | 	Train Accuracy     : 0.8942
Valid Loss     : 1.8057	 | 	Valid Accuracy     : 0.6030

Epoch : 15
Train Loss     : 0.2720	 | 	Train Accuracy     : 0.8983
Valid Loss     : 2.3097	 | 	Valid Accuracy     : 0.5894

Epoch : 16
Train Loss     : 0.2575	 | 	Train Accuracy     : 0.9001
Valid Loss     : 1.4301	 | 	Valid Accuracy     : 0.6191

Epoch : 17
Train Loss     : 0.2308	 | 	Train Accuracy     : 0.9142
Valid Loss     : 1.5379	 | 	Valid Accuracy     : 0.6123

Epoch : 18
Train Loss     : 0.1848	 | 	Train Accuracy     : 0.9326
Valid Loss     : 1.7696	 | 	Valid Accuracy     : 0.6079

Epoch : 19
Train Loss     : 0.1878	 | 	Train Accuracy     : 0.9305
Valid Loss     : 2.0221	 | 	Valid Accuracy     : 0.5718

Epoch : 20
Train Loss     : 0.1761	 | 	Train Accuracy     : 0.9348
Valid Loss     : 1.7731	 | 	Valid Accuracy     : 0.6064

Epoch : 21
Train Loss     : 0.1766	 | 	Train Accuracy     : 0.9394
Valid Loss     : 1.8547	 | 	Valid Accuracy     : 0.6021

Epoch : 22
Train Loss     : 0.1694	 | 	Train Accuracy     : 0.9426
Valid Loss     : 1.9611	 | 	Valid Accuracy     : 0.5781

Epoch : 23
Train Loss     : 0.1609	 | 	Train Accuracy     : 0.9453
Valid Loss     : 1.9805	 | 	Valid Accuracy     : 0.5952

Epoch : 24
Train Loss     : 0.1681	 | 	Train Accuracy     : 0.9417
Valid Loss     : 1.9590	 | 	Valid Accuracy     : 0.5640

Epoch : 25
Train Loss     : 0.1661	 | 	Train Accuracy     : 0.9414
Valid Loss     : 1.9573	 | 	Valid Accuracy     : 0.6021

Epoch : 26
Train Loss     : 0.1629	 | 	Train Accuracy     : 0.9453
Valid Loss     : 1.8994	 | 	Valid Accuracy     : 0.5996

Epoch : 27
Train Loss     : 0.1624	 | 	Train Accuracy     : 0.9467
Valid Loss     : 1.9506	 | 	Valid Accuracy     : 0.5981

Epoch : 28
Train Loss     : 0.1565	 | 	Train Accuracy     : 0.9482
Valid Loss     : 1.9141	 | 	Valid Accuracy     : 0.6064

Epoch : 29
Train Loss     : 0.1497	 | 	Train Accuracy     : 0.9535
Valid Loss     : 1.8659	 | 	Valid Accuracy     : 0.6084

Epoch : 30
Train Loss     : 0.1513	 | 	Train Accuracy     : 0.9499
Valid Loss     : 1.7708	 | 	Valid Accuracy     : 0.6074

Evaluate on the Test set:
Test loss      :1.7401	 | Test Accuracy      : 0.5935 | Test AUPRC      : 0.4887

################## Training is Done! #########################
Training time is : 0:01:55.500379
