=============================================
Dataset: SEED
Method:  TS-TCC
Mode:    fine_tune
=============================================
Data loaded ...
Training started ....

Epoch : 1
Train Loss     : 0.9517	 | 	Train Accuracy     : 0.5914
Valid Loss     : 2.5692	 | 	Valid Accuracy     : 0.3096

Epoch : 2
Train Loss     : 0.4561	 | 	Train Accuracy     : 0.8003
Valid Loss     : 0.8894	 | 	Valid Accuracy     : 0.6079

Epoch : 3
Train Loss     : 0.3613	 | 	Train Accuracy     : 0.8485
Valid Loss     : 0.6343	 | 	Valid Accuracy     : 0.7012

Epoch : 4
Train Loss     : 0.3139	 | 	Train Accuracy     : 0.8742
Valid Loss     : 0.4602	 | 	Valid Accuracy     : 0.7891

Epoch : 5
Train Loss     : 0.2742	 | 	Train Accuracy     : 0.8957
Valid Loss     : 0.4672	 | 	Valid Accuracy     : 0.7896

Epoch : 6
Train Loss     : 0.2824	 | 	Train Accuracy     : 0.8886
Valid Loss     : 0.5151	 | 	Valid Accuracy     : 0.7739

Epoch : 7
Train Loss     : 0.2506	 | 	Train Accuracy     : 0.9056
Valid Loss     : 0.5070	 | 	Valid Accuracy     : 0.7754

Epoch : 8
Train Loss     : 0.2446	 | 	Train Accuracy     : 0.9037
Valid Loss     : 0.5601	 | 	Valid Accuracy     : 0.7744

Epoch : 9
Train Loss     : 0.2267	 | 	Train Accuracy     : 0.9120
Valid Loss     : 0.6966	 | 	Valid Accuracy     : 0.7432

Epoch : 10
Train Loss     : 0.2025	 | 	Train Accuracy     : 0.9253
Valid Loss     : 0.8209	 | 	Valid Accuracy     : 0.7144

Epoch : 11
Train Loss     : 0.2003	 | 	Train Accuracy     : 0.9231
Valid Loss     : 0.5071	 | 	Valid Accuracy     : 0.7837

Epoch : 12
Train Loss     : 0.1947	 | 	Train Accuracy     : 0.9270
Valid Loss     : 0.7307	 | 	Valid Accuracy     : 0.7285

Epoch : 13
Train Loss     : 0.1751	 | 	Train Accuracy     : 0.9355
Valid Loss     : 0.7957	 | 	Valid Accuracy     : 0.7402

Epoch : 14
Train Loss     : 0.1710	 | 	Train Accuracy     : 0.9346
Valid Loss     : 0.6154	 | 	Valid Accuracy     : 0.7539

Epoch : 15
Train Loss     : 0.1591	 | 	Train Accuracy     : 0.9414
Valid Loss     : 0.7980	 | 	Valid Accuracy     : 0.7324

Epoch : 16
Train Loss     : 0.1300	 | 	Train Accuracy     : 0.9545
Valid Loss     : 0.7117	 | 	Valid Accuracy     : 0.7539

Epoch : 17
Train Loss     : 0.1254	 | 	Train Accuracy     : 0.9592
Valid Loss     : 0.6709	 | 	Valid Accuracy     : 0.7588

Epoch : 18
Train Loss     : 0.1141	 | 	Train Accuracy     : 0.9654
Valid Loss     : 0.6930	 | 	Valid Accuracy     : 0.7598

Epoch : 19
Train Loss     : 0.1179	 | 	Train Accuracy     : 0.9631
Valid Loss     : 0.6505	 | 	Valid Accuracy     : 0.7666

Epoch : 20
Train Loss     : 0.1110	 | 	Train Accuracy     : 0.9660
Valid Loss     : 0.6380	 | 	Valid Accuracy     : 0.7710

Epoch : 21
Train Loss     : 0.1100	 | 	Train Accuracy     : 0.9669
Valid Loss     : 0.6594	 | 	Valid Accuracy     : 0.7656

Epoch : 22
Train Loss     : 0.1079	 | 	Train Accuracy     : 0.9667
Valid Loss     : 0.6587	 | 	Valid Accuracy     : 0.7642

Epoch : 23
Train Loss     : 0.1030	 | 	Train Accuracy     : 0.9708
Valid Loss     : 0.7536	 | 	Valid Accuracy     : 0.7471

Epoch : 24
Train Loss     : 0.1020	 | 	Train Accuracy     : 0.9716
Valid Loss     : 0.7203	 | 	Valid Accuracy     : 0.7515

Epoch : 25
Train Loss     : 0.1018	 | 	Train Accuracy     : 0.9711
Valid Loss     : 0.7061	 | 	Valid Accuracy     : 0.7573

Epoch : 26
Train Loss     : 0.1039	 | 	Train Accuracy     : 0.9723
Valid Loss     : 0.6209	 | 	Valid Accuracy     : 0.7720

Epoch : 27
Train Loss     : 0.0960	 | 	Train Accuracy     : 0.9745
Valid Loss     : 0.6825	 | 	Valid Accuracy     : 0.7637

Epoch : 28
Train Loss     : 0.0941	 | 	Train Accuracy     : 0.9737
Valid Loss     : 0.7021	 | 	Valid Accuracy     : 0.7568

Epoch : 29
Train Loss     : 0.0930	 | 	Train Accuracy     : 0.9752
Valid Loss     : 0.6976	 | 	Valid Accuracy     : 0.7622

Epoch : 30
Train Loss     : 0.0950	 | 	Train Accuracy     : 0.9745
Valid Loss     : 0.6742	 | 	Valid Accuracy     : 0.7637

Evaluate on the Test set:
Test loss      :1.2029	 | Test Accuracy      : 0.7022 | Test AUPRC      : 0.5612

################## Training is Done! #########################
Training time is : 0:01:52.120457
