=============================================
Dataset: SEED
Method:  TS-TCC
Mode:    supervised
=============================================
Data loaded ...
Subjet 5
if scale True
Training started ....

Epoch : 1
Train Loss     : 1.1978	 | 	Train Accuracy     : 0.4766
Valid Loss     : 1.3650	 | 	Valid Accuracy     : 0.3418

Epoch : 2
Train Loss     : 0.7764	 | 	Train Accuracy     : 0.6342
Valid Loss     : 1.2037	 | 	Valid Accuracy     : 0.5776

Epoch : 3
Train Loss     : 0.6275	 | 	Train Accuracy     : 0.7181
Valid Loss     : 1.4312	 | 	Valid Accuracy     : 0.5625

Epoch : 4
Train Loss     : 0.5555	 | 	Train Accuracy     : 0.7553
Valid Loss     : 1.5729	 | 	Valid Accuracy     : 0.5601

Epoch : 5
Train Loss     : 0.5016	 | 	Train Accuracy     : 0.7918
Valid Loss     : 1.8956	 | 	Valid Accuracy     : 0.5854

Epoch : 6
Train Loss     : 0.4830	 | 	Train Accuracy     : 0.8003
Valid Loss     : 1.7742	 | 	Valid Accuracy     : 0.5410

Epoch : 7
Train Loss     : 0.4417	 | 	Train Accuracy     : 0.8186
Valid Loss     : 2.1173	 | 	Valid Accuracy     : 0.5928

Epoch : 8
Train Loss     : 0.4344	 | 	Train Accuracy     : 0.8213
Valid Loss     : 1.9393	 | 	Valid Accuracy     : 0.5601

Epoch : 9
Train Loss     : 0.3869	 | 	Train Accuracy     : 0.8451
Valid Loss     : 1.8489	 | 	Valid Accuracy     : 0.5488

Epoch : 10
Train Loss     : 0.3409	 | 	Train Accuracy     : 0.8725
Valid Loss     : 1.7492	 | 	Valid Accuracy     : 0.5420

Epoch : 11
Train Loss     : 0.3204	 | 	Train Accuracy     : 0.8820
Valid Loss     : 1.9551	 | 	Valid Accuracy     : 0.5537

Epoch : 12
Train Loss     : 0.3144	 | 	Train Accuracy     : 0.8799
Valid Loss     : 2.2551	 | 	Valid Accuracy     : 0.5137

Epoch : 13
Train Loss     : 0.2998	 | 	Train Accuracy     : 0.8918
Valid Loss     : 2.1583	 | 	Valid Accuracy     : 0.5518

Epoch : 14
Train Loss     : 0.2381	 | 	Train Accuracy     : 0.9210
Valid Loss     : 2.2274	 | 	Valid Accuracy     : 0.5454

Epoch : 15
Train Loss     : 0.2316	 | 	Train Accuracy     : 0.9220
Valid Loss     : 2.3780	 | 	Valid Accuracy     : 0.5264

Epoch : 16
Train Loss     : 0.2229	 | 	Train Accuracy     : 0.9254
Valid Loss     : 2.2072	 | 	Valid Accuracy     : 0.5400

Epoch : 17
Train Loss     : 0.2168	 | 	Train Accuracy     : 0.9280
Valid Loss     : 2.2570	 | 	Valid Accuracy     : 0.5322

Epoch : 18
Train Loss     : 0.2137	 | 	Train Accuracy     : 0.9341
Valid Loss     : 2.2879	 | 	Valid Accuracy     : 0.5298

Epoch : 19
Train Loss     : 0.2083	 | 	Train Accuracy     : 0.9363
Valid Loss     : 2.2638	 | 	Valid Accuracy     : 0.5366

Epoch : 20
Train Loss     : 0.2040	 | 	Train Accuracy     : 0.9355
Valid Loss     : 2.2853	 | 	Valid Accuracy     : 0.5352

Epoch : 21
Train Loss     : 0.2018	 | 	Train Accuracy     : 0.9363
Valid Loss     : 2.2706	 | 	Valid Accuracy     : 0.5322

Epoch : 22
Train Loss     : 0.1943	 | 	Train Accuracy     : 0.9399
Valid Loss     : 2.3491	 | 	Valid Accuracy     : 0.5264

Epoch : 23
Train Loss     : 0.1945	 | 	Train Accuracy     : 0.9416
Valid Loss     : 2.3226	 | 	Valid Accuracy     : 0.5381

Epoch : 24
Train Loss     : 0.1904	 | 	Train Accuracy     : 0.9399
Valid Loss     : 2.3720	 | 	Valid Accuracy     : 0.5327

Epoch : 25
Train Loss     : 0.1816	 | 	Train Accuracy     : 0.9472
Valid Loss     : 2.3371	 | 	Valid Accuracy     : 0.5273

Epoch : 26
Train Loss     : 0.1867	 | 	Train Accuracy     : 0.9455
Valid Loss     : 2.3386	 | 	Valid Accuracy     : 0.5273

Epoch : 27
Train Loss     : 0.1808	 | 	Train Accuracy     : 0.9465
Valid Loss     : 2.3425	 | 	Valid Accuracy     : 0.5200

Epoch : 28
Train Loss     : 0.1856	 | 	Train Accuracy     : 0.9480
Valid Loss     : 2.3577	 | 	Valid Accuracy     : 0.5249

Epoch : 29
Train Loss     : 0.1771	 | 	Train Accuracy     : 0.9511
Valid Loss     : 2.3840	 | 	Valid Accuracy     : 0.5312

Epoch : 30
Train Loss     : 0.1808	 | 	Train Accuracy     : 0.9485
Valid Loss     : 2.3728	 | 	Valid Accuracy     : 0.5293

Evaluate on the Test set:
Test loss      :1.4698	 | Test Accuracy      : 0.7316 | Test AUPRC      : 0.5415
tensor([0.8451, 0.8477, 0.8542, 0.8147, 0.8470, 0.7926, 0.9272, 0.8121, 0.7537,
        0.7551, 0.8069, 0.7958, 0.8212, 0.8761, 0.8456, 0.8451, 0.8438, 0.7887,
        0.7597, 0.7437, 0.7652, 0.7931, 0.8714, 0.9973, 0.7395, 0.9185, 0.7930,
        0.7799, 0.7911, 0.9075, 0.9563, 0.9841, 0.9280, 0.8075, 0.8118, 0.7536,
        0.8757, 0.7548, 0.9123, 0.8670, 0.9480, 0.7915, 0.7846, 0.8386, 0.7535,
        0.7479, 0.8254, 0.7772, 0.8799, 0.8960, 0.7506, 0.7702, 0.7625, 0.7452,
        0.8079, 0.7760, 0.8785, 0.7737, 0.7935, 0.9091, 0.7538, 0.8554],
       device='cuda:0', grad_fn=<SqueezeBackward1>)

################## Training is Done! #########################
Training time is : 0:01:45.914452
