=============================================
Dataset: SEED
Method:  TS-TCC
Mode:    supervised
=============================================
Data loaded ...
Subjet 2
if scale True
Training started ....

Epoch : 1
Train Loss     : 1.2503	 | 	Train Accuracy     : 0.3959
Valid Loss     : 1.2802	 | 	Valid Accuracy     : 0.3521

Epoch : 2
Train Loss     : 1.0122	 | 	Train Accuracy     : 0.4817
Valid Loss     : 1.6949	 | 	Valid Accuracy     : 0.3594

Epoch : 3
Train Loss     : 0.8219	 | 	Train Accuracy     : 0.6253
Valid Loss     : 2.2220	 | 	Valid Accuracy     : 0.5435

Epoch : 4
Train Loss     : 0.7056	 | 	Train Accuracy     : 0.6940
Valid Loss     : 2.5179	 | 	Valid Accuracy     : 0.4946

Epoch : 5
Train Loss     : 0.6204	 | 	Train Accuracy     : 0.7383
Valid Loss     : 1.9739	 | 	Valid Accuracy     : 0.6074

Epoch : 6
Train Loss     : 0.5259	 | 	Train Accuracy     : 0.7936
Valid Loss     : 2.7902	 | 	Valid Accuracy     : 0.5156

Epoch : 7
Train Loss     : 0.4948	 | 	Train Accuracy     : 0.8079
Valid Loss     : 2.6226	 | 	Valid Accuracy     : 0.5547

Epoch : 8
Train Loss     : 0.4716	 | 	Train Accuracy     : 0.8225
Valid Loss     : 2.0835	 | 	Valid Accuracy     : 0.6138

Epoch : 9
Train Loss     : 0.4401	 | 	Train Accuracy     : 0.8291
Valid Loss     : 2.0270	 | 	Valid Accuracy     : 0.6196

Epoch : 10
Train Loss     : 0.4360	 | 	Train Accuracy     : 0.8268
Valid Loss     : 1.7997	 | 	Valid Accuracy     : 0.5298

Epoch : 11
Train Loss     : 0.4104	 | 	Train Accuracy     : 0.8415
Valid Loss     : 1.2976	 | 	Valid Accuracy     : 0.6309

Epoch : 12
Train Loss     : 0.4087	 | 	Train Accuracy     : 0.8473
Valid Loss     : 2.3322	 | 	Valid Accuracy     : 0.5601

Epoch : 13
Train Loss     : 0.3530	 | 	Train Accuracy     : 0.8731
Valid Loss     : 2.3292	 | 	Valid Accuracy     : 0.5713

Epoch : 14
Train Loss     : 0.3277	 | 	Train Accuracy     : 0.8784
Valid Loss     : 2.0465	 | 	Valid Accuracy     : 0.5869

Epoch : 15
Train Loss     : 0.3225	 | 	Train Accuracy     : 0.8865
Valid Loss     : 1.9843	 | 	Valid Accuracy     : 0.5659

Epoch : 16
Train Loss     : 0.3173	 | 	Train Accuracy     : 0.8876
Valid Loss     : 1.9654	 | 	Valid Accuracy     : 0.5801

Epoch : 17
Train Loss     : 0.3169	 | 	Train Accuracy     : 0.8857
Valid Loss     : 1.8392	 | 	Valid Accuracy     : 0.5972

Epoch : 18
Train Loss     : 0.3004	 | 	Train Accuracy     : 0.8978
Valid Loss     : 1.9215	 | 	Valid Accuracy     : 0.5854

Epoch : 19
Train Loss     : 0.3064	 | 	Train Accuracy     : 0.8962
Valid Loss     : 1.7788	 | 	Valid Accuracy     : 0.5879

Epoch : 20
Train Loss     : 0.2921	 | 	Train Accuracy     : 0.8991
Valid Loss     : 1.7134	 | 	Valid Accuracy     : 0.5771

Epoch : 21
Train Loss     : 0.2934	 | 	Train Accuracy     : 0.8979
Valid Loss     : 1.6826	 | 	Valid Accuracy     : 0.5771

Epoch : 22
Train Loss     : 0.2877	 | 	Train Accuracy     : 0.8966
Valid Loss     : 1.6454	 | 	Valid Accuracy     : 0.5596

Epoch : 23
Train Loss     : 0.2849	 | 	Train Accuracy     : 0.8961
Valid Loss     : 1.5674	 | 	Valid Accuracy     : 0.5845

Epoch : 24
Train Loss     : 0.2839	 | 	Train Accuracy     : 0.9005
Valid Loss     : 1.5246	 | 	Valid Accuracy     : 0.5938

Epoch : 25
Train Loss     : 0.2736	 | 	Train Accuracy     : 0.9051
Valid Loss     : 1.5229	 | 	Valid Accuracy     : 0.5850

Epoch : 26
Train Loss     : 0.2742	 | 	Train Accuracy     : 0.9027
Valid Loss     : 1.6472	 | 	Valid Accuracy     : 0.5708

Epoch : 27
Train Loss     : 0.2712	 | 	Train Accuracy     : 0.9081
Valid Loss     : 1.6312	 | 	Valid Accuracy     : 0.5791

Epoch : 28
Train Loss     : 0.2741	 | 	Train Accuracy     : 0.9057
Valid Loss     : 1.6404	 | 	Valid Accuracy     : 0.5645

Epoch : 29
Train Loss     : 0.2691	 | 	Train Accuracy     : 0.9046
Valid Loss     : 1.5264	 | 	Valid Accuracy     : 0.5903

Epoch : 30
Train Loss     : 0.2704	 | 	Train Accuracy     : 0.9090
Valid Loss     : 1.5454	 | 	Valid Accuracy     : 0.5771

Evaluate on the Test set:
Test loss      :1.5364	 | Test Accuracy      : 0.5743 | Test AUPRC      : 0.4541
tensor([0.8056, 0.9474, 0.9355, 0.8426, 0.8158, 0.9375, 0.8208, 0.7720, 0.7667,
        0.7559, 0.7599, 0.7609, 0.8544, 0.8370, 0.9365, 0.7989, 0.7640, 0.7744,
        0.7392, 0.7784, 0.8121, 0.8303, 0.8483, 0.9281, 0.8531, 0.7868, 0.7705,
        0.8147, 0.7695, 0.8258, 0.7863, 0.7682, 0.8810, 0.8255, 0.7686, 0.8174,
        0.8109, 0.7868, 0.8468, 0.8280, 0.8945, 0.7579, 0.9033, 0.7927, 0.7688,
        0.8359, 0.8525, 0.7468, 0.7796, 0.9078, 0.7697, 0.8418, 0.9217, 0.7798,
        0.7750, 0.8049, 0.8326, 0.7918, 0.9367, 0.8323, 0.7918, 0.7761],
       device='cuda:0', grad_fn=<SqueezeBackward1>)

################## Training is Done! #########################
Training time is : 0:01:43.708765
