=============================================
Dataset: SEED
Method:  TS-TCC
Mode:    supervised
=============================================
Data loaded ...
Subjet 4
if scale True
Training started ....

Epoch : 1
Train Loss     : 1.1806	 | 	Train Accuracy     : 0.4409
Valid Loss     : 1.0115	 | 	Valid Accuracy     : 0.5356

Epoch : 2
Train Loss     : 0.8414	 | 	Train Accuracy     : 0.6179
Valid Loss     : 0.9030	 | 	Valid Accuracy     : 0.5889

Epoch : 3
Train Loss     : 0.7048	 | 	Train Accuracy     : 0.6979
Valid Loss     : 0.8609	 | 	Valid Accuracy     : 0.6035

Epoch : 4
Train Loss     : 0.6498	 | 	Train Accuracy     : 0.7288
Valid Loss     : 0.9229	 | 	Valid Accuracy     : 0.5688

Epoch : 5
Train Loss     : 0.6051	 | 	Train Accuracy     : 0.7539
Valid Loss     : 0.8189	 | 	Valid Accuracy     : 0.6089

Epoch : 6
Train Loss     : 0.5674	 | 	Train Accuracy     : 0.7627
Valid Loss     : 0.8931	 | 	Valid Accuracy     : 0.5669

Epoch : 7
Train Loss     : 0.5508	 | 	Train Accuracy     : 0.7777
Valid Loss     : 0.8007	 | 	Valid Accuracy     : 0.6543

Epoch : 8
Train Loss     : 0.4996	 | 	Train Accuracy     : 0.8011
Valid Loss     : 0.9034	 | 	Valid Accuracy     : 0.5952

Epoch : 9
Train Loss     : 0.4401	 | 	Train Accuracy     : 0.8300
Valid Loss     : 0.7723	 | 	Valid Accuracy     : 0.6509

Epoch : 10
Train Loss     : 0.4289	 | 	Train Accuracy     : 0.8380
Valid Loss     : 0.7664	 | 	Valid Accuracy     : 0.6558

Epoch : 11
Train Loss     : 0.3932	 | 	Train Accuracy     : 0.8528
Valid Loss     : 0.7648	 | 	Valid Accuracy     : 0.6509

Epoch : 12
Train Loss     : 0.4114	 | 	Train Accuracy     : 0.8424
Valid Loss     : 0.8561	 | 	Valid Accuracy     : 0.6221

Epoch : 13
Train Loss     : 0.3980	 | 	Train Accuracy     : 0.8494
Valid Loss     : 0.7967	 | 	Valid Accuracy     : 0.6514

Epoch : 14
Train Loss     : 0.3776	 | 	Train Accuracy     : 0.8511
Valid Loss     : 0.7480	 | 	Valid Accuracy     : 0.6948

Epoch : 15
Train Loss     : 0.3502	 | 	Train Accuracy     : 0.8713
Valid Loss     : 0.7497	 | 	Valid Accuracy     : 0.6968

Epoch : 16
Train Loss     : 0.3656	 | 	Train Accuracy     : 0.8604
Valid Loss     : 0.9112	 | 	Valid Accuracy     : 0.6577

Epoch : 17
Train Loss     : 0.3572	 | 	Train Accuracy     : 0.8592
Valid Loss     : 0.8300	 | 	Valid Accuracy     : 0.6406

Epoch : 18
Train Loss     : 0.3408	 | 	Train Accuracy     : 0.8691
Valid Loss     : 0.7933	 | 	Valid Accuracy     : 0.7031

Epoch : 19
Train Loss     : 0.3267	 | 	Train Accuracy     : 0.8767
Valid Loss     : 0.7014	 | 	Valid Accuracy     : 0.7192

Epoch : 20
Train Loss     : 0.3006	 | 	Train Accuracy     : 0.8920
Valid Loss     : 0.7769	 | 	Valid Accuracy     : 0.6958

Epoch : 21
Train Loss     : 0.2929	 | 	Train Accuracy     : 0.8984
Valid Loss     : 0.7780	 | 	Valid Accuracy     : 0.6953

Epoch : 22
Train Loss     : 0.3015	 | 	Train Accuracy     : 0.8871
Valid Loss     : 0.7592	 | 	Valid Accuracy     : 0.6904

Epoch : 23
Train Loss     : 0.2753	 | 	Train Accuracy     : 0.9052
Valid Loss     : 0.7102	 | 	Valid Accuracy     : 0.7173

Epoch : 24
Train Loss     : 0.2692	 | 	Train Accuracy     : 0.9073
Valid Loss     : 0.7676	 | 	Valid Accuracy     : 0.7031

Epoch : 25
Train Loss     : 0.2599	 | 	Train Accuracy     : 0.9103
Valid Loss     : 0.8055	 | 	Valid Accuracy     : 0.6699

Epoch : 26
Train Loss     : 0.2582	 | 	Train Accuracy     : 0.9079
Valid Loss     : 0.7136	 | 	Valid Accuracy     : 0.7134

Epoch : 27
Train Loss     : 0.2568	 | 	Train Accuracy     : 0.9078
Valid Loss     : 0.8190	 | 	Valid Accuracy     : 0.6729

Epoch : 28
Train Loss     : 0.2600	 | 	Train Accuracy     : 0.9051
Valid Loss     : 0.7654	 | 	Valid Accuracy     : 0.6909

Epoch : 29
Train Loss     : 0.2535	 | 	Train Accuracy     : 0.9105
Valid Loss     : 0.8588	 | 	Valid Accuracy     : 0.6963

Epoch : 30
Train Loss     : 0.2619	 | 	Train Accuracy     : 0.9015
Valid Loss     : 0.7068	 | 	Valid Accuracy     : 0.7100

Evaluate on the Test set:
Test loss      :0.8961	 | Test Accuracy      : 0.6826 | Test AUPRC      : 0.5264
tensor([0.9160, 0.6249, 0.8361, 0.5830, 0.8213, 0.9024, 0.7658, 0.6709, 0.4651,
        0.5767, 0.5388, 0.7708, 0.7332, 0.9140, 0.7571, 0.8529, 0.8107, 0.6937,
        0.4428, 0.5243, 0.7512, 0.5334, 0.8984, 0.9813, 0.7417, 0.7143, 0.5962,
        0.7303, 0.5281, 0.6925, 0.5260, 1.0331, 0.8155, 0.7854, 0.4350, 0.5421,
        0.7498, 0.5198, 0.6088, 0.4452, 0.8149, 0.7562, 0.4988, 0.6749, 0.4109,
        0.4130, 0.7786, 0.4735, 0.5050, 0.6045, 0.6016, 0.4149, 0.4172, 0.4320,
        0.7959, 0.8544, 0.8578, 0.5880, 0.4358, 0.5094, 0.6576, 0.7460],
       device='cuda:0', grad_fn=<SqueezeBackward1>)

################## Training is Done! #########################
Training time is : 0:01:39.316951
