=============================================
Dataset: SEED
Method:  TS-TCC
Mode:    supervised
=============================================
Data loaded ...
Subjet 14
if scale True
Training started ....

Epoch : 1
Train Loss     : 0.9340	 | 	Train Accuracy     : 0.5423
Valid Loss     : 1.0589	 | 	Valid Accuracy     : 0.5629

Epoch : 2
Train Loss     : 0.6468	 | 	Train Accuracy     : 0.7546
Valid Loss     : 1.1747	 | 	Valid Accuracy     : 0.6009

Epoch : 3
Train Loss     : 0.4754	 | 	Train Accuracy     : 0.8296
Valid Loss     : 1.1722	 | 	Valid Accuracy     : 0.5807

Epoch : 4
Train Loss     : 0.4335	 | 	Train Accuracy     : 0.8626
Valid Loss     : 1.4348	 | 	Valid Accuracy     : 0.4800

Epoch : 5
Train Loss     : 0.3571	 | 	Train Accuracy     : 0.8887
Valid Loss     : 1.5937	 | 	Valid Accuracy     : 0.4876

Epoch : 6
Train Loss     : 0.2756	 | 	Train Accuracy     : 0.9104
Valid Loss     : 1.7976	 | 	Valid Accuracy     : 0.5067

Epoch : 7
Train Loss     : 0.2527	 | 	Train Accuracy     : 0.9269
Valid Loss     : 1.4252	 | 	Valid Accuracy     : 0.5983

Epoch : 8
Train Loss     : 0.1866	 | 	Train Accuracy     : 0.9379
Valid Loss     : 1.7695	 | 	Valid Accuracy     : 0.5322

Epoch : 9
Train Loss     : 0.1689	 | 	Train Accuracy     : 0.9470
Valid Loss     : 1.6994	 | 	Valid Accuracy     : 0.5777

Epoch : 10
Train Loss     : 0.1447	 | 	Train Accuracy     : 0.9688
Valid Loss     : 2.0783	 | 	Valid Accuracy     : 0.5058

Epoch : 11
Train Loss     : 0.1397	 | 	Train Accuracy     : 0.9529
Valid Loss     : 1.9575	 | 	Valid Accuracy     : 0.5243

Epoch : 12
Train Loss     : 0.1229	 | 	Train Accuracy     : 0.9562
Valid Loss     : 1.9824	 | 	Valid Accuracy     : 0.5599

Epoch : 13
Train Loss     : 0.1721	 | 	Train Accuracy     : 0.9410
Valid Loss     : 1.8305	 | 	Valid Accuracy     : 0.5532

Epoch : 14
Train Loss     : 0.0890	 | 	Train Accuracy     : 0.9779
Valid Loss     : 1.9092	 | 	Valid Accuracy     : 0.5806

Epoch : 15
Train Loss     : 0.1068	 | 	Train Accuracy     : 0.9740
Valid Loss     : 1.8642	 | 	Valid Accuracy     : 0.5690

Epoch : 16
Train Loss     : 0.1192	 | 	Train Accuracy     : 0.9640
Valid Loss     : 1.9851	 | 	Valid Accuracy     : 0.5682

Epoch : 17
Train Loss     : 0.1041	 | 	Train Accuracy     : 0.9553
Valid Loss     : 1.8966	 | 	Valid Accuracy     : 0.5536

Epoch : 18
Train Loss     : 0.1328	 | 	Train Accuracy     : 0.9514
Valid Loss     : 1.9782	 | 	Valid Accuracy     : 0.5481

Epoch : 19
Train Loss     : 0.0918	 | 	Train Accuracy     : 0.9772
Valid Loss     : 1.8037	 | 	Valid Accuracy     : 0.5547

Epoch : 20
Train Loss     : 0.0793	 | 	Train Accuracy     : 0.9824
Valid Loss     : 1.7669	 | 	Valid Accuracy     : 0.5560

Epoch : 21
Train Loss     : 0.2659	 | 	Train Accuracy     : 0.8845
Valid Loss     : 2.4318	 | 	Valid Accuracy     : 0.4091

Epoch : 22
Train Loss     : 0.0942	 | 	Train Accuracy     : 0.9640
Valid Loss     : 2.0960	 | 	Valid Accuracy     : 0.4495

Epoch : 23
Train Loss     : 0.1137	 | 	Train Accuracy     : 0.9640
Valid Loss     : 1.9466	 | 	Valid Accuracy     : 0.4758

Epoch : 24
Train Loss     : 0.0765	 | 	Train Accuracy     : 0.9824
Valid Loss     : 1.7566	 | 	Valid Accuracy     : 0.5193

Epoch : 25
Train Loss     : 0.0875	 | 	Train Accuracy     : 0.9831
Valid Loss     : 1.6935	 | 	Valid Accuracy     : 0.5489

Epoch : 26
Train Loss     : 0.0965	 | 	Train Accuracy     : 0.9679
Valid Loss     : 1.6374	 | 	Valid Accuracy     : 0.5757

Epoch : 27
Train Loss     : 0.1213	 | 	Train Accuracy     : 0.9672
Valid Loss     : 1.8075	 | 	Valid Accuracy     : 0.5690

Epoch : 28
Train Loss     : 0.1095	 | 	Train Accuracy     : 0.9679
Valid Loss     : 1.7598	 | 	Valid Accuracy     : 0.5713

Epoch : 29
Train Loss     : 0.0800	 | 	Train Accuracy     : 0.9870
Valid Loss     : 1.7844	 | 	Valid Accuracy     : 0.5661

Epoch : 30
Train Loss     : 0.0845	 | 	Train Accuracy     : 0.9798
Valid Loss     : 1.7443	 | 	Valid Accuracy     : 0.5669

Evaluate on the Test set:
Test loss      :2.8390	 | Test Accuracy      : 0.5195 | Test AUPRC      : 0.5418
tensor([0.9599, 0.9352, 0.9353, 0.9582, 1.0045, 0.9726, 0.9521, 0.9898, 0.9475,
        0.9403, 0.9428, 0.9398, 0.9526, 0.9672, 0.9537, 0.9449, 0.9437, 0.9321,
        0.9335, 0.9707, 0.9425, 0.9545, 0.9573, 0.9626, 0.9930, 0.9497, 0.9731,
        0.9576, 0.9320, 0.9660, 0.9668, 0.9977, 1.0215, 0.9428, 0.9552, 0.9512,
        0.9839, 0.9335, 0.9522, 0.9391, 0.9862, 0.9704, 0.9767, 0.9414, 0.9551,
        0.9580, 0.9294, 0.9358, 0.9356, 0.9316, 0.9788, 0.9944, 0.9532, 0.9352,
        0.9622, 0.9322, 0.9499, 0.9617, 0.9629, 0.9666, 0.9592, 0.9753],
       device='cuda:0', grad_fn=<SqueezeBackward1>)

################## Training is Done! #########################
Training time is : 0:01:40.020207
