=============================================
Dataset: SEED
Method:  TS-TCC
Mode:    supervised
=============================================
Data loaded ...
Subjet 11
if scale True
Training started ....

Epoch : 1
Train Loss     : 1.6388	 | 	Train Accuracy     : 0.3963
Valid Loss     : 0.9668	 | 	Valid Accuracy     : 0.4266

Epoch : 2
Train Loss     : 0.8104	 | 	Train Accuracy     : 0.6176
Valid Loss     : 0.8734	 | 	Valid Accuracy     : 0.5609

Epoch : 3
Train Loss     : 0.5941	 | 	Train Accuracy     : 0.8069
Valid Loss     : 0.7499	 | 	Valid Accuracy     : 0.6445

Epoch : 4
Train Loss     : 0.4490	 | 	Train Accuracy     : 0.8433
Valid Loss     : 0.9806	 | 	Valid Accuracy     : 0.5364

Epoch : 5
Train Loss     : 0.3472	 | 	Train Accuracy     : 0.8622
Valid Loss     : 0.7633	 | 	Valid Accuracy     : 0.6635

Epoch : 6
Train Loss     : 0.3077	 | 	Train Accuracy     : 0.8917
Valid Loss     : 0.7915	 | 	Valid Accuracy     : 0.6640

Epoch : 7
Train Loss     : 0.2594	 | 	Train Accuracy     : 0.8941
Valid Loss     : 0.8888	 | 	Valid Accuracy     : 0.6450

Epoch : 8
Train Loss     : 0.2691	 | 	Train Accuracy     : 0.8928
Valid Loss     : 0.8965	 | 	Valid Accuracy     : 0.6543

Epoch : 9
Train Loss     : 0.2480	 | 	Train Accuracy     : 0.9119
Valid Loss     : 0.8851	 | 	Valid Accuracy     : 0.6550

Epoch : 10
Train Loss     : 0.2442	 | 	Train Accuracy     : 0.9049
Valid Loss     : 0.9675	 | 	Valid Accuracy     : 0.6480

Epoch : 11
Train Loss     : 0.1831	 | 	Train Accuracy     : 0.9388
Valid Loss     : 0.9782	 | 	Valid Accuracy     : 0.6464

Epoch : 12
Train Loss     : 0.1749	 | 	Train Accuracy     : 0.9395
Valid Loss     : 0.9327	 | 	Valid Accuracy     : 0.6543

Epoch : 13
Train Loss     : 0.2285	 | 	Train Accuracy     : 0.9002
Valid Loss     : 1.0120	 | 	Valid Accuracy     : 0.6426

Epoch : 14
Train Loss     : 0.1906	 | 	Train Accuracy     : 0.9440
Valid Loss     : 0.8423	 | 	Valid Accuracy     : 0.6794

Epoch : 15
Train Loss     : 0.1449	 | 	Train Accuracy     : 0.9531
Valid Loss     : 0.8903	 | 	Valid Accuracy     : 0.6801

Epoch : 16
Train Loss     : 0.2032	 | 	Train Accuracy     : 0.9186
Valid Loss     : 0.8766	 | 	Valid Accuracy     : 0.6865

Epoch : 17
Train Loss     : 0.1344	 | 	Train Accuracy     : 0.9609
Valid Loss     : 1.0058	 | 	Valid Accuracy     : 0.6651

Epoch : 18
Train Loss     : 0.1433	 | 	Train Accuracy     : 0.9525
Valid Loss     : 0.9921	 | 	Valid Accuracy     : 0.6651

Epoch : 19
Train Loss     : 0.2184	 | 	Train Accuracy     : 0.9306
Valid Loss     : 0.9309	 | 	Valid Accuracy     : 0.6765

Epoch : 20
Train Loss     : 0.1345	 | 	Train Accuracy     : 0.9622
Valid Loss     : 0.8982	 | 	Valid Accuracy     : 0.6808

Epoch : 21
Train Loss     : 0.1459	 | 	Train Accuracy     : 0.9516
Valid Loss     : 0.8784	 | 	Valid Accuracy     : 0.6766

Epoch : 22
Train Loss     : 0.1531	 | 	Train Accuracy     : 0.9549
Valid Loss     : 0.8430	 | 	Valid Accuracy     : 0.6800

Epoch : 23
Train Loss     : 0.1270	 | 	Train Accuracy     : 0.9668
Valid Loss     : 0.9356	 | 	Valid Accuracy     : 0.6728

Epoch : 24
Train Loss     : 0.1160	 | 	Train Accuracy     : 0.9694
Valid Loss     : 0.9360	 | 	Valid Accuracy     : 0.6711

Epoch : 25
Train Loss     : 0.1429	 | 	Train Accuracy     : 0.9562
Valid Loss     : 0.8968	 | 	Valid Accuracy     : 0.6733

Epoch : 26
Train Loss     : 0.1636	 | 	Train Accuracy     : 0.9390
Valid Loss     : 0.9271	 | 	Valid Accuracy     : 0.6679

Epoch : 27
Train Loss     : 0.1660	 | 	Train Accuracy     : 0.9377
Valid Loss     : 0.9077	 | 	Valid Accuracy     : 0.6625

Epoch : 28
Train Loss     : 0.1681	 | 	Train Accuracy     : 0.9416
Valid Loss     : 0.9108	 | 	Valid Accuracy     : 0.6703

Epoch : 29
Train Loss     : 0.1438	 | 	Train Accuracy     : 0.9436
Valid Loss     : 0.8729	 | 	Valid Accuracy     : 0.6746

Epoch : 30
Train Loss     : 0.1467	 | 	Train Accuracy     : 0.9529
Valid Loss     : 0.8614	 | 	Valid Accuracy     : 0.6797

Evaluate on the Test set:
Test loss      :0.9029	 | Test Accuracy      : 0.7328 | Test AUPRC      : 0.7074
tensor([0.9703, 0.9316, 0.9440, 0.9534, 0.9536, 0.9752, 0.9685, 0.9360, 0.9604,
        0.9448, 0.9398, 0.9444, 0.9448, 0.9607, 0.9816, 0.9676, 0.9493, 0.9359,
        0.9372, 0.9648, 0.9690, 1.0065, 1.0090, 0.9860, 0.9892, 0.9452, 0.9589,
        0.9436, 0.9378, 0.9749, 0.9876, 0.9679, 0.9479, 0.9766, 0.9735, 0.9358,
        0.9619, 0.9753, 0.9389, 0.9498, 0.9401, 0.9748, 0.9588, 0.9370, 0.9504,
        0.9468, 0.9401, 0.9431, 0.9572, 0.9625, 0.9501, 0.9497, 0.9457, 0.9562,
        0.9538, 0.9504, 0.9484, 0.9657, 0.9399, 0.9362, 0.9350, 0.9487],
       device='cuda:0', grad_fn=<SqueezeBackward1>)

################## Training is Done! #########################
Training time is : 0:01:33.607117
