=============================================
Dataset: SEED
Method:  TS-TCC
Mode:    supervised
=============================================
Data loaded ...
Subjet 4
if scale True
Training started ....

Epoch : 1
Train Loss     : 1.3953	 | 	Train Accuracy     : 0.4560
Valid Loss     : 1.0035	 | 	Valid Accuracy     : 0.4939

Epoch : 2
Train Loss     : 0.8210	 | 	Train Accuracy     : 0.6706
Valid Loss     : 0.9022	 | 	Valid Accuracy     : 0.5532

Epoch : 3
Train Loss     : 0.6618	 | 	Train Accuracy     : 0.7406
Valid Loss     : 0.9220	 | 	Valid Accuracy     : 0.5175

Epoch : 4
Train Loss     : 0.6226	 | 	Train Accuracy     : 0.7437
Valid Loss     : 0.8691	 | 	Valid Accuracy     : 0.5583

Epoch : 5
Train Loss     : 0.5713	 | 	Train Accuracy     : 0.7679
Valid Loss     : 0.8594	 | 	Valid Accuracy     : 0.5760

Epoch : 6
Train Loss     : 0.5198	 | 	Train Accuracy     : 0.7986
Valid Loss     : 0.9334	 | 	Valid Accuracy     : 0.5406

Epoch : 7
Train Loss     : 0.5144	 | 	Train Accuracy     : 0.8029
Valid Loss     : 0.8791	 | 	Valid Accuracy     : 0.5834

Epoch : 8
Train Loss     : 0.5060	 | 	Train Accuracy     : 0.8035
Valid Loss     : 0.8339	 | 	Valid Accuracy     : 0.6142

Epoch : 9
Train Loss     : 0.4244	 | 	Train Accuracy     : 0.8341
Valid Loss     : 0.8253	 | 	Valid Accuracy     : 0.6314

Epoch : 10
Train Loss     : 0.4130	 | 	Train Accuracy     : 0.8416
Valid Loss     : 0.8277	 | 	Valid Accuracy     : 0.6378

Epoch : 11
Train Loss     : 0.3873	 | 	Train Accuracy     : 0.8520
Valid Loss     : 0.9077	 | 	Valid Accuracy     : 0.6284

Epoch : 12
Train Loss     : 0.3605	 | 	Train Accuracy     : 0.8611
Valid Loss     : 0.8592	 | 	Valid Accuracy     : 0.6148

Epoch : 13
Train Loss     : 0.3702	 | 	Train Accuracy     : 0.8597
Valid Loss     : 0.9045	 | 	Valid Accuracy     : 0.6316

Epoch : 14
Train Loss     : 0.3765	 | 	Train Accuracy     : 0.8522
Valid Loss     : 0.8510	 | 	Valid Accuracy     : 0.6337

Epoch : 15
Train Loss     : 0.3238	 | 	Train Accuracy     : 0.8824
Valid Loss     : 0.8202	 | 	Valid Accuracy     : 0.6554

Epoch : 16
Train Loss     : 0.3025	 | 	Train Accuracy     : 0.8892
Valid Loss     : 0.8128	 | 	Valid Accuracy     : 0.6632

Epoch : 17
Train Loss     : 0.2990	 | 	Train Accuracy     : 0.8950
Valid Loss     : 1.0292	 | 	Valid Accuracy     : 0.6278

Epoch : 18
Train Loss     : 0.2953	 | 	Train Accuracy     : 0.8907
Valid Loss     : 0.8714	 | 	Valid Accuracy     : 0.6693

Epoch : 19
Train Loss     : 0.2727	 | 	Train Accuracy     : 0.9032
Valid Loss     : 0.8637	 | 	Valid Accuracy     : 0.6649

Epoch : 20
Train Loss     : 0.2589	 | 	Train Accuracy     : 0.9100
Valid Loss     : 0.9196	 | 	Valid Accuracy     : 0.6598

Epoch : 21
Train Loss     : 0.2565	 | 	Train Accuracy     : 0.9075
Valid Loss     : 0.8308	 | 	Valid Accuracy     : 0.6888

Epoch : 22
Train Loss     : 0.2363	 | 	Train Accuracy     : 0.9147
Valid Loss     : 0.8693	 | 	Valid Accuracy     : 0.6670

Epoch : 23
Train Loss     : 0.2359	 | 	Train Accuracy     : 0.9186
Valid Loss     : 0.8566	 | 	Valid Accuracy     : 0.6620

Epoch : 24
Train Loss     : 0.2098	 | 	Train Accuracy     : 0.9336
Valid Loss     : 0.9228	 | 	Valid Accuracy     : 0.6655

Epoch : 25
Train Loss     : 0.2131	 | 	Train Accuracy     : 0.9297
Valid Loss     : 0.9801	 | 	Valid Accuracy     : 0.6722

Epoch : 26
Train Loss     : 0.2125	 | 	Train Accuracy     : 0.9272
Valid Loss     : 0.8914	 | 	Valid Accuracy     : 0.6883

Epoch : 27
Train Loss     : 0.2052	 | 	Train Accuracy     : 0.9299
Valid Loss     : 0.8794	 | 	Valid Accuracy     : 0.6851

Epoch : 28
Train Loss     : 0.1736	 | 	Train Accuracy     : 0.9492
Valid Loss     : 0.8965	 | 	Valid Accuracy     : 0.6724

Epoch : 29
Train Loss     : 0.1626	 | 	Train Accuracy     : 0.9575
Valid Loss     : 0.8642	 | 	Valid Accuracy     : 0.6695

Epoch : 30
Train Loss     : 0.1556	 | 	Train Accuracy     : 0.9581
Valid Loss     : 0.8769	 | 	Valid Accuracy     : 0.6795

Evaluate on the Test set:
Test loss      :1.0055	 | Test Accuracy      : 0.6786 | Test AUPRC      : 0.7310
tensor([0.9084, 0.7236, 0.6589, 0.6495, 0.6919, 0.8960, 0.8559, 0.8556, 0.7002,
        0.6207, 0.7245, 0.8243, 0.7650, 0.9179, 0.7801, 0.8733, 0.8579, 0.7602,
        0.6940, 0.7294, 0.7132, 0.7625, 0.9267, 1.0100, 0.9157, 0.8062, 0.6322,
        0.7734, 0.6141, 0.6048, 0.6686, 1.0064, 0.9104, 0.6434, 0.6227, 0.6181,
        0.6720, 0.6678, 0.5716, 0.6166, 0.8568, 0.8016, 0.5540, 0.5576, 0.5533,
        0.7201, 0.7597, 0.5944, 0.6296, 0.7169, 0.5866, 0.5493, 0.5606, 0.6980,
        0.8616, 0.8988, 0.8984, 0.6286, 0.5610, 0.5560, 0.8440, 0.7827],
       device='cuda:0', grad_fn=<SqueezeBackward1>)

################## Training is Done! #########################
Training time is : 0:02:08.871459
