=============================================
Dataset: SEED
Method:  TS-TCC
Mode:    supervised
=============================================
Data loaded ...
Subjet 13
if scale True
Training started ....

Epoch : 1
Train Loss     : 0.9506	 | 	Train Accuracy     : 0.5861
Valid Loss     : 0.7242	 | 	Valid Accuracy     : 0.6348

Epoch : 2
Train Loss     : 0.5251	 | 	Train Accuracy     : 0.7463
Valid Loss     : 0.7112	 | 	Valid Accuracy     : 0.6211

Epoch : 3
Train Loss     : 0.4462	 | 	Train Accuracy     : 0.8015
Valid Loss     : 0.6391	 | 	Valid Accuracy     : 0.7031

Epoch : 4
Train Loss     : 0.3809	 | 	Train Accuracy     : 0.8441
Valid Loss     : 0.5504	 | 	Valid Accuracy     : 0.7642

Epoch : 5
Train Loss     : 0.3372	 | 	Train Accuracy     : 0.8609
Valid Loss     : 0.4973	 | 	Valid Accuracy     : 0.7944

Epoch : 6
Train Loss     : 0.2969	 | 	Train Accuracy     : 0.8871
Valid Loss     : 0.4902	 | 	Valid Accuracy     : 0.7979

Epoch : 7
Train Loss     : 0.2642	 | 	Train Accuracy     : 0.9008
Valid Loss     : 0.4997	 | 	Valid Accuracy     : 0.8022

Epoch : 8
Train Loss     : 0.2390	 | 	Train Accuracy     : 0.9107
Valid Loss     : 0.4882	 | 	Valid Accuracy     : 0.7969

Epoch : 9
Train Loss     : 0.2321	 | 	Train Accuracy     : 0.9091
Valid Loss     : 0.5180	 | 	Valid Accuracy     : 0.8096

Epoch : 10
Train Loss     : 0.2377	 | 	Train Accuracy     : 0.9046
Valid Loss     : 0.4823	 | 	Valid Accuracy     : 0.8071

Epoch : 11
Train Loss     : 0.1832	 | 	Train Accuracy     : 0.9334
Valid Loss     : 0.6144	 | 	Valid Accuracy     : 0.7529

Epoch : 12
Train Loss     : 0.2154	 | 	Train Accuracy     : 0.9129
Valid Loss     : 0.6378	 | 	Valid Accuracy     : 0.7871

Epoch : 13
Train Loss     : 0.1685	 | 	Train Accuracy     : 0.9399
Valid Loss     : 0.5026	 | 	Valid Accuracy     : 0.7954

Epoch : 14
Train Loss     : 0.1612	 | 	Train Accuracy     : 0.9453
Valid Loss     : 0.5297	 | 	Valid Accuracy     : 0.7925

Epoch : 15
Train Loss     : 0.1362	 | 	Train Accuracy     : 0.9548
Valid Loss     : 0.6643	 | 	Valid Accuracy     : 0.7529

Epoch : 16
Train Loss     : 0.1429	 | 	Train Accuracy     : 0.9502
Valid Loss     : 0.5359	 | 	Valid Accuracy     : 0.7954

Epoch : 17
Train Loss     : 0.1313	 | 	Train Accuracy     : 0.9560
Valid Loss     : 0.5742	 | 	Valid Accuracy     : 0.7773

Epoch : 18
Train Loss     : 0.1241	 | 	Train Accuracy     : 0.9608
Valid Loss     : 0.6155	 | 	Valid Accuracy     : 0.7603

Epoch : 19
Train Loss     : 0.1257	 | 	Train Accuracy     : 0.9581
Valid Loss     : 0.7614	 | 	Valid Accuracy     : 0.7290

Epoch : 20
Train Loss     : 0.1300	 | 	Train Accuracy     : 0.9547
Valid Loss     : 0.5579	 | 	Valid Accuracy     : 0.7842

Epoch : 21
Train Loss     : 0.1224	 | 	Train Accuracy     : 0.9591
Valid Loss     : 0.5995	 | 	Valid Accuracy     : 0.8052

Epoch : 22
Train Loss     : 0.1089	 | 	Train Accuracy     : 0.9662
Valid Loss     : 0.5825	 | 	Valid Accuracy     : 0.7925

Epoch : 23
Train Loss     : 0.0881	 | 	Train Accuracy     : 0.9781
Valid Loss     : 0.5905	 | 	Valid Accuracy     : 0.7769

Epoch : 24
Train Loss     : 0.0811	 | 	Train Accuracy     : 0.9815
Valid Loss     : 0.6000	 | 	Valid Accuracy     : 0.7759

Epoch : 25
Train Loss     : 0.0804	 | 	Train Accuracy     : 0.9823
Valid Loss     : 0.5891	 | 	Valid Accuracy     : 0.7812

Epoch : 26
Train Loss     : 0.0790	 | 	Train Accuracy     : 0.9830
Valid Loss     : 0.5729	 | 	Valid Accuracy     : 0.7939

Epoch : 27
Train Loss     : 0.0778	 | 	Train Accuracy     : 0.9828
Valid Loss     : 0.5956	 | 	Valid Accuracy     : 0.7832

Epoch : 28
Train Loss     : 0.0754	 | 	Train Accuracy     : 0.9857
Valid Loss     : 0.5964	 | 	Valid Accuracy     : 0.7788

Epoch : 29
Train Loss     : 0.0729	 | 	Train Accuracy     : 0.9864
Valid Loss     : 0.6110	 | 	Valid Accuracy     : 0.7793

Epoch : 30
Train Loss     : 0.0696	 | 	Train Accuracy     : 0.9881
Valid Loss     : 0.6262	 | 	Valid Accuracy     : 0.7705

Evaluate on the Test set:
Test loss      :1.6548	 | Test Accuracy      : 0.6883 | Test AUPRC      : 0.5269
tensor([0.9542, 0.7782, 0.8077, 0.9137, 0.8196, 0.9774, 0.8622, 0.7158, 0.6739,
        0.6830, 0.6398, 0.7960, 0.8614, 0.9276, 0.8175, 0.9024, 0.7731, 0.6067,
        0.6250, 0.6003, 0.6531, 0.7186, 0.7678, 0.9244, 0.9259, 0.5965, 0.6478,
        0.7188, 0.5816, 0.7532, 0.6536, 0.9012, 0.7754, 0.7172, 0.6804, 0.6048,
        0.8483, 0.5983, 0.6303, 0.7380, 0.6508, 0.8770, 0.9196, 0.6150, 0.6311,
        0.6362, 0.6043, 0.6619, 0.7976, 0.7618, 0.6386, 0.6335, 0.7951, 0.7887,
        0.6465, 0.6347, 0.6554, 0.6127, 0.6873, 0.6429, 0.7073, 0.8250],
       device='cuda:0', grad_fn=<SqueezeBackward1>)

################## Training is Done! #########################
Training time is : 0:01:39.082811
