=============================================
Dataset: SEED
Method:  TS-TCC
Mode:    supervised
=============================================
Data loaded ...
Subjet 3
if scale True
Training started ....

Epoch : 1
Train Loss     : 0.9551	 | 	Train Accuracy     : 0.5519
Valid Loss     : 0.9155	 | 	Valid Accuracy     : 0.6230

Epoch : 2
Train Loss     : 0.6327	 | 	Train Accuracy     : 0.7489
Valid Loss     : 0.9168	 | 	Valid Accuracy     : 0.6285

Epoch : 3
Train Loss     : 0.5166	 | 	Train Accuracy     : 0.7968
Valid Loss     : 1.4881	 | 	Valid Accuracy     : 0.5140

Epoch : 4
Train Loss     : 0.4553	 | 	Train Accuracy     : 0.8223
Valid Loss     : 1.6333	 | 	Valid Accuracy     : 0.5507

Epoch : 5
Train Loss     : 0.3861	 | 	Train Accuracy     : 0.8565
Valid Loss     : 1.8177	 | 	Valid Accuracy     : 0.5434

Epoch : 6
Train Loss     : 0.3424	 | 	Train Accuracy     : 0.8805
Valid Loss     : 2.0689	 | 	Valid Accuracy     : 0.5554

Epoch : 7
Train Loss     : 0.3256	 | 	Train Accuracy     : 0.8810
Valid Loss     : 1.8161	 | 	Valid Accuracy     : 0.5628

Epoch : 8
Train Loss     : 0.2975	 | 	Train Accuracy     : 0.8970
Valid Loss     : 2.1691	 | 	Valid Accuracy     : 0.5595

Epoch : 9
Train Loss     : 0.2766	 | 	Train Accuracy     : 0.8971
Valid Loss     : 2.2461	 | 	Valid Accuracy     : 0.5656

Epoch : 10
Train Loss     : 0.2406	 | 	Train Accuracy     : 0.9136
Valid Loss     : 2.1595	 | 	Valid Accuracy     : 0.5656

Epoch : 11
Train Loss     : 0.2399	 | 	Train Accuracy     : 0.9123
Valid Loss     : 2.3640	 | 	Valid Accuracy     : 0.5525

Epoch : 12
Train Loss     : 0.2132	 | 	Train Accuracy     : 0.9259
Valid Loss     : 2.1058	 | 	Valid Accuracy     : 0.5438

Epoch : 13
Train Loss     : 0.1844	 | 	Train Accuracy     : 0.9372
Valid Loss     : 2.3829	 | 	Valid Accuracy     : 0.5655

Epoch : 14
Train Loss     : 0.1680	 | 	Train Accuracy     : 0.9519
Valid Loss     : 2.2647	 | 	Valid Accuracy     : 0.5697

Epoch : 15
Train Loss     : 0.1592	 | 	Train Accuracy     : 0.9513
Valid Loss     : 2.4080	 | 	Valid Accuracy     : 0.5542

Epoch : 16
Train Loss     : 0.1591	 | 	Train Accuracy     : 0.9529
Valid Loss     : 2.3304	 | 	Valid Accuracy     : 0.5639

Epoch : 17
Train Loss     : 0.1513	 | 	Train Accuracy     : 0.9551
Valid Loss     : 2.3882	 | 	Valid Accuracy     : 0.5635

Epoch : 18
Train Loss     : 0.1515	 | 	Train Accuracy     : 0.9571
Valid Loss     : 2.3106	 | 	Valid Accuracy     : 0.5726

Epoch : 19
Train Loss     : 0.1476	 | 	Train Accuracy     : 0.9566
Valid Loss     : 2.3258	 | 	Valid Accuracy     : 0.5603

Epoch : 20
Train Loss     : 0.1486	 | 	Train Accuracy     : 0.9545
Valid Loss     : 2.4218	 | 	Valid Accuracy     : 0.5645

Epoch : 21
Train Loss     : 0.1442	 | 	Train Accuracy     : 0.9588
Valid Loss     : 2.3715	 | 	Valid Accuracy     : 0.5539

Epoch : 22
Train Loss     : 0.1387	 | 	Train Accuracy     : 0.9611
Valid Loss     : 2.2675	 | 	Valid Accuracy     : 0.5686

Epoch : 23
Train Loss     : 0.1350	 | 	Train Accuracy     : 0.9632
Valid Loss     : 2.4583	 | 	Valid Accuracy     : 0.5455

Epoch : 24
Train Loss     : 0.1337	 | 	Train Accuracy     : 0.9607
Valid Loss     : 2.4374	 | 	Valid Accuracy     : 0.5598

Epoch : 25
Train Loss     : 0.1307	 | 	Train Accuracy     : 0.9653
Valid Loss     : 2.4952	 | 	Valid Accuracy     : 0.5417

Epoch : 26
Train Loss     : 0.1334	 | 	Train Accuracy     : 0.9603
Valid Loss     : 2.3775	 | 	Valid Accuracy     : 0.5607

Epoch : 27
Train Loss     : 0.1332	 | 	Train Accuracy     : 0.9597
Valid Loss     : 2.4302	 | 	Valid Accuracy     : 0.5525

Epoch : 28
Train Loss     : 0.1301	 | 	Train Accuracy     : 0.9640
Valid Loss     : 2.3402	 | 	Valid Accuracy     : 0.5589

Epoch : 29
Train Loss     : 0.1325	 | 	Train Accuracy     : 0.9590
Valid Loss     : 2.4664	 | 	Valid Accuracy     : 0.5494

Epoch : 30
Train Loss     : 0.1299	 | 	Train Accuracy     : 0.9644
Valid Loss     : 2.4061	 | 	Valid Accuracy     : 0.5462

Evaluate on the Test set:
Test loss      :1.8489	 | Test Accuracy      : 0.6368 | Test AUPRC      : 0.6615
tensor([0.9689, 0.9688, 0.8161, 0.9248, 0.8846, 0.9715, 0.9434, 0.8671, 0.8238,
        0.8308, 0.8443, 0.8659, 0.9151, 0.9067, 0.9096, 0.9303, 0.8672, 0.8241,
        0.8188, 0.8430, 0.8079, 0.9221, 0.8915, 1.0002, 0.9101, 0.8312, 0.8508,
        0.8398, 0.8106, 0.8179, 0.9171, 0.9953, 0.8161, 0.8135, 0.8661, 0.8382,
        0.8467, 0.8174, 0.8206, 0.8202, 0.8422, 0.8954, 0.8079, 0.8133, 0.8149,
        0.8843, 0.8076, 0.8237, 0.8199, 0.8252, 0.8929, 0.8242, 0.8692, 0.8355,
        0.8235, 0.8693, 0.8439, 0.9327, 0.8667, 0.9385, 0.8185, 0.9645],
       device='cuda:0', grad_fn=<SqueezeBackward1>)

################## Training is Done! #########################
Training time is : 0:03:03.655383
