=============================================
Dataset: SEED
Method:  TS-TCC
Mode:    supervised
=============================================
Data loaded ...
Subjet 13
if scale True
Training started ....

Epoch : 1
Train Loss     : 1.6997	 | 	Train Accuracy     : 0.4646
Valid Loss     : 0.9467	 | 	Valid Accuracy     : 0.6031

Epoch : 2
Train Loss     : 0.8573	 | 	Train Accuracy     : 0.5280
Valid Loss     : 0.8056	 | 	Valid Accuracy     : 0.5762

Epoch : 3
Train Loss     : 0.6548	 | 	Train Accuracy     : 0.7174
Valid Loss     : 0.7906	 | 	Valid Accuracy     : 0.6105

Epoch : 4
Train Loss     : 0.4892	 | 	Train Accuracy     : 0.7867
Valid Loss     : 0.8688	 | 	Valid Accuracy     : 0.5631

Epoch : 5
Train Loss     : 0.4330	 | 	Train Accuracy     : 0.7878
Valid Loss     : 0.7645	 | 	Valid Accuracy     : 0.6494

Epoch : 6
Train Loss     : 0.3360	 | 	Train Accuracy     : 0.8659
Valid Loss     : 0.8805	 | 	Valid Accuracy     : 0.6287

Epoch : 7
Train Loss     : 0.2980	 | 	Train Accuracy     : 0.8872
Valid Loss     : 0.9001	 | 	Valid Accuracy     : 0.6107

Epoch : 8
Train Loss     : 0.2616	 | 	Train Accuracy     : 0.9041
Valid Loss     : 0.9701	 | 	Valid Accuracy     : 0.6040

Epoch : 9
Train Loss     : 0.2755	 | 	Train Accuracy     : 0.8874
Valid Loss     : 1.3994	 | 	Valid Accuracy     : 0.4020

Epoch : 10
Train Loss     : 0.2415	 | 	Train Accuracy     : 0.9262
Valid Loss     : 1.2327	 | 	Valid Accuracy     : 0.4619

Epoch : 11
Train Loss     : 0.2113	 | 	Train Accuracy     : 0.9347
Valid Loss     : 1.3387	 | 	Valid Accuracy     : 0.5023

Epoch : 12
Train Loss     : 0.2427	 | 	Train Accuracy     : 0.8937
Valid Loss     : 1.1404	 | 	Valid Accuracy     : 0.5242

Epoch : 13
Train Loss     : 0.2452	 | 	Train Accuracy     : 0.9097
Valid Loss     : 1.0796	 | 	Valid Accuracy     : 0.5671

Epoch : 14
Train Loss     : 0.1915	 | 	Train Accuracy     : 0.9382
Valid Loss     : 1.0882	 | 	Valid Accuracy     : 0.6033

Epoch : 15
Train Loss     : 0.2409	 | 	Train Accuracy     : 0.8852
Valid Loss     : 1.1267	 | 	Valid Accuracy     : 0.6319

Epoch : 16
Train Loss     : 0.2072	 | 	Train Accuracy     : 0.9178
Valid Loss     : 0.9803	 | 	Valid Accuracy     : 0.6192

Epoch : 17
Train Loss     : 0.2388	 | 	Train Accuracy     : 0.8856
Valid Loss     : 0.9453	 | 	Valid Accuracy     : 0.6318

Epoch : 18
Train Loss     : 0.1813	 | 	Train Accuracy     : 0.9314
Valid Loss     : 1.0291	 | 	Valid Accuracy     : 0.6256

Epoch : 19
Train Loss     : 0.1618	 | 	Train Accuracy     : 0.9280
Valid Loss     : 1.0766	 | 	Valid Accuracy     : 0.6348

Epoch : 20
Train Loss     : 0.1433	 | 	Train Accuracy     : 0.9444
Valid Loss     : 1.0863	 | 	Valid Accuracy     : 0.6361

Epoch : 21
Train Loss     : 0.1758	 | 	Train Accuracy     : 0.9364
Valid Loss     : 1.1076	 | 	Valid Accuracy     : 0.6158

Epoch : 22
Train Loss     : 0.1167	 | 	Train Accuracy     : 0.9688
Valid Loss     : 1.0414	 | 	Valid Accuracy     : 0.6225

Epoch : 23
Train Loss     : 0.1305	 | 	Train Accuracy     : 0.9529
Valid Loss     : 1.0737	 | 	Valid Accuracy     : 0.6300

Epoch : 24
Train Loss     : 0.1179	 | 	Train Accuracy     : 0.9753
Valid Loss     : 1.0165	 | 	Valid Accuracy     : 0.6277

Epoch : 25
Train Loss     : 0.1229	 | 	Train Accuracy     : 0.9733
Valid Loss     : 1.0493	 | 	Valid Accuracy     : 0.6400

Epoch : 26
Train Loss     : 0.1153	 | 	Train Accuracy     : 0.9759
Valid Loss     : 1.0513	 | 	Valid Accuracy     : 0.6278

Epoch : 27
Train Loss     : 0.1349	 | 	Train Accuracy     : 0.9620
Valid Loss     : 1.1101	 | 	Valid Accuracy     : 0.6436

Epoch : 28
Train Loss     : 0.1242	 | 	Train Accuracy     : 0.9753
Valid Loss     : 1.0899	 | 	Valid Accuracy     : 0.6299

Epoch : 29
Train Loss     : 0.1550	 | 	Train Accuracy     : 0.9620
Valid Loss     : 1.0604	 | 	Valid Accuracy     : 0.6388

Epoch : 30
Train Loss     : 0.1135	 | 	Train Accuracy     : 0.9772
Valid Loss     : 1.0366	 | 	Valid Accuracy     : 0.6385

Evaluate on the Test set:
Test loss      :1.7903	 | Test Accuracy      : 0.5203 | Test AUPRC      : 0.5815
tensor([0.9675, 0.9420, 0.9372, 1.0082, 0.9402, 0.9664, 0.9922, 0.9301, 0.9571,
        0.9437, 0.9359, 0.9480, 0.9583, 0.9537, 0.9847, 0.9852, 0.9565, 0.9452,
        0.9374, 0.9305, 0.9451, 0.9508, 0.9352, 1.0084, 1.0032, 0.9277, 0.9653,
        0.9514, 0.9269, 0.9348, 0.9531, 0.9905, 0.9495, 0.9618, 0.9630, 0.9336,
        0.9412, 0.9331, 0.9333, 0.9451, 0.9506, 0.9613, 0.9431, 0.9238, 0.9277,
        0.9223, 0.9221, 0.9397, 0.9292, 0.9438, 0.9367, 0.9265, 0.9377, 0.9976,
        0.9398, 0.9291, 0.9417, 0.9332, 0.9277, 0.9414, 0.9503, 0.9462],
       device='cuda:0', grad_fn=<SqueezeBackward1>)

################## Training is Done! #########################
Training time is : 0:01:35.319142
