=============================================
Dataset: SEED
Method:  TS-TCC
Mode:    supervised
=============================================
Data loaded ...
Subjet 5
if scale True
Training started ....

Epoch : 1
Train Loss     : 0.9060	 | 	Train Accuracy     : 0.5377
Valid Loss     : 1.6961	 | 	Valid Accuracy     : 0.3197

Epoch : 2
Train Loss     : 0.6027	 | 	Train Accuracy     : 0.7514
Valid Loss     : 1.5881	 | 	Valid Accuracy     : 0.3155

Epoch : 3
Train Loss     : 0.4676	 | 	Train Accuracy     : 0.8176
Valid Loss     : 1.6276	 | 	Valid Accuracy     : 0.3392

Epoch : 4
Train Loss     : 0.4604	 | 	Train Accuracy     : 0.8079
Valid Loss     : 1.7589	 | 	Valid Accuracy     : 0.3688

Epoch : 5
Train Loss     : 0.3842	 | 	Train Accuracy     : 0.8548
Valid Loss     : 1.9507	 | 	Valid Accuracy     : 0.3647

Epoch : 6
Train Loss     : 0.3595	 | 	Train Accuracy     : 0.8556
Valid Loss     : 1.9729	 | 	Valid Accuracy     : 0.3336

Epoch : 7
Train Loss     : 0.2905	 | 	Train Accuracy     : 0.8856
Valid Loss     : 2.1062	 | 	Valid Accuracy     : 0.3205

Epoch : 8
Train Loss     : 0.2625	 | 	Train Accuracy     : 0.8999
Valid Loss     : 2.2959	 | 	Valid Accuracy     : 0.3204

Epoch : 9
Train Loss     : 0.2186	 | 	Train Accuracy     : 0.9244
Valid Loss     : 2.5115	 | 	Valid Accuracy     : 0.3467

Epoch : 10
Train Loss     : 0.2114	 | 	Train Accuracy     : 0.9346
Valid Loss     : 2.8201	 | 	Valid Accuracy     : 0.3446

Epoch : 11
Train Loss     : 0.1989	 | 	Train Accuracy     : 0.9225
Valid Loss     : 2.8976	 | 	Valid Accuracy     : 0.3482

Epoch : 12
Train Loss     : 0.1591	 | 	Train Accuracy     : 0.9489
Valid Loss     : 2.8682	 | 	Valid Accuracy     : 0.3483

Epoch : 13
Train Loss     : 0.1498	 | 	Train Accuracy     : 0.9603
Valid Loss     : 2.9694	 | 	Valid Accuracy     : 0.3381

Epoch : 14
Train Loss     : 0.1379	 | 	Train Accuracy     : 0.9487
Valid Loss     : 3.1038	 | 	Valid Accuracy     : 0.3498

Epoch : 15
Train Loss     : 0.1282	 | 	Train Accuracy     : 0.9609
Valid Loss     : 3.2790	 | 	Valid Accuracy     : 0.3575

Epoch : 16
Train Loss     : 0.1518	 | 	Train Accuracy     : 0.9635
Valid Loss     : 3.4849	 | 	Valid Accuracy     : 0.3548

Epoch : 17
Train Loss     : 0.1268	 | 	Train Accuracy     : 0.9694
Valid Loss     : 3.6750	 | 	Valid Accuracy     : 0.3512

Epoch : 18
Train Loss     : 0.1231	 | 	Train Accuracy     : 0.9754
Valid Loss     : 3.7916	 | 	Valid Accuracy     : 0.3643

Epoch : 19
Train Loss     : 0.1308	 | 	Train Accuracy     : 0.9629
Valid Loss     : 3.9332	 | 	Valid Accuracy     : 0.3553

Epoch : 20
Train Loss     : 0.1173	 | 	Train Accuracy     : 0.9689
Valid Loss     : 4.0678	 | 	Valid Accuracy     : 0.3574

Epoch : 21
Train Loss     : 0.1139	 | 	Train Accuracy     : 0.9777
Valid Loss     : 4.1343	 | 	Valid Accuracy     : 0.3607

Epoch : 22
Train Loss     : 0.1194	 | 	Train Accuracy     : 0.9754
Valid Loss     : 4.2289	 | 	Valid Accuracy     : 0.3621

Epoch : 23
Train Loss     : 0.1106	 | 	Train Accuracy     : 0.9806
Valid Loss     : 4.1735	 | 	Valid Accuracy     : 0.3499

Epoch : 24
Train Loss     : 0.1146	 | 	Train Accuracy     : 0.9769
Valid Loss     : 4.2251	 | 	Valid Accuracy     : 0.3588

Epoch : 25
Train Loss     : 0.1130	 | 	Train Accuracy     : 0.9834
Valid Loss     : 4.2120	 | 	Valid Accuracy     : 0.3534

Epoch : 26
Train Loss     : 0.1082	 | 	Train Accuracy     : 0.9836
Valid Loss     : 4.2931	 | 	Valid Accuracy     : 0.3607

Epoch : 27
Train Loss     : 0.1097	 | 	Train Accuracy     : 0.9814
Valid Loss     : 4.3071	 | 	Valid Accuracy     : 0.3554

Epoch : 28
Train Loss     : 0.1153	 | 	Train Accuracy     : 0.9777
Valid Loss     : 4.2803	 | 	Valid Accuracy     : 0.3591

Epoch : 29
Train Loss     : 0.1159	 | 	Train Accuracy     : 0.9787
Valid Loss     : 4.3196	 | 	Valid Accuracy     : 0.3526

Epoch : 30
Train Loss     : 0.1128	 | 	Train Accuracy     : 0.9821
Valid Loss     : 4.2495	 | 	Valid Accuracy     : 0.3546

Evaluate on the Test set:
Test loss      :3.2046	 | Test Accuracy      : 0.4020 | Test AUPRC      : 0.4117
tensor([0.9802, 0.9616, 0.9657, 0.9664, 0.9624, 0.9685, 0.9735, 0.9617, 0.9667,
        0.9610, 0.9649, 0.9740, 0.9644, 0.9769, 0.9914, 0.9789, 0.9827, 0.9615,
        0.9611, 0.9644, 0.9658, 0.9734, 0.9730, 0.9687, 0.9762, 0.9765, 0.9637,
        0.9707, 0.9662, 0.9739, 0.9752, 1.0009, 0.9616, 0.9718, 0.9804, 0.9638,
        0.9721, 0.9656, 0.9766, 0.9658, 0.9732, 0.9742, 0.9675, 0.9628, 0.9713,
        0.9714, 0.9666, 0.9721, 0.9803, 0.9722, 0.9722, 0.9657, 0.9647, 0.9619,
        0.9715, 0.9726, 0.9749, 0.9798, 0.9662, 0.9675, 0.9779, 0.9785],
       device='cuda:0', grad_fn=<SqueezeBackward1>)

################## Training is Done! #########################
Training time is : 0:00:46.039820
