=============================================
Dataset: SEED
Method:  TS-TCC
Mode:    supervised
=============================================
Data loaded ...
Subjet 6
if scale True
Training started ....

Epoch : 1
Train Loss     : 0.8305	 | 	Train Accuracy     : 0.6026
Valid Loss     : 0.7004	 | 	Valid Accuracy     : 0.6980

Epoch : 2
Train Loss     : 0.5583	 | 	Train Accuracy     : 0.7547
Valid Loss     : 0.6689	 | 	Valid Accuracy     : 0.7044

Epoch : 3
Train Loss     : 0.4419	 | 	Train Accuracy     : 0.8250
Valid Loss     : 0.6171	 | 	Valid Accuracy     : 0.7899

Epoch : 4
Train Loss     : 0.3741	 | 	Train Accuracy     : 0.8543
Valid Loss     : 0.6358	 | 	Valid Accuracy     : 0.7359

Epoch : 5
Train Loss     : 0.3502	 | 	Train Accuracy     : 0.8671
Valid Loss     : 0.7259	 | 	Valid Accuracy     : 0.7188

Epoch : 6
Train Loss     : 0.3121	 | 	Train Accuracy     : 0.8786
Valid Loss     : 0.6222	 | 	Valid Accuracy     : 0.7823

Epoch : 7
Train Loss     : 0.2849	 | 	Train Accuracy     : 0.8899
Valid Loss     : 0.6653	 | 	Valid Accuracy     : 0.7588

Epoch : 8
Train Loss     : 0.2630	 | 	Train Accuracy     : 0.8992
Valid Loss     : 0.7276	 | 	Valid Accuracy     : 0.7169

Epoch : 9
Train Loss     : 0.2448	 | 	Train Accuracy     : 0.9057
Valid Loss     : 0.7159	 | 	Valid Accuracy     : 0.7439

Epoch : 10
Train Loss     : 0.2104	 | 	Train Accuracy     : 0.9222
Valid Loss     : 0.5497	 | 	Valid Accuracy     : 0.8018

Epoch : 11
Train Loss     : 0.2030	 | 	Train Accuracy     : 0.9299
Valid Loss     : 0.7500	 | 	Valid Accuracy     : 0.7526

Epoch : 12
Train Loss     : 0.1950	 | 	Train Accuracy     : 0.9306
Valid Loss     : 0.6700	 | 	Valid Accuracy     : 0.7599

Epoch : 13
Train Loss     : 0.1891	 | 	Train Accuracy     : 0.9267
Valid Loss     : 0.8331	 | 	Valid Accuracy     : 0.7625

Epoch : 14
Train Loss     : 0.1802	 | 	Train Accuracy     : 0.9334
Valid Loss     : 0.9052	 | 	Valid Accuracy     : 0.7456

Epoch : 15
Train Loss     : 0.1686	 | 	Train Accuracy     : 0.9391
Valid Loss     : 0.8579	 | 	Valid Accuracy     : 0.7499

Epoch : 16
Train Loss     : 0.1610	 | 	Train Accuracy     : 0.9419
Valid Loss     : 0.7271	 | 	Valid Accuracy     : 0.7832

Epoch : 17
Train Loss     : 0.1584	 | 	Train Accuracy     : 0.9422
Valid Loss     : 0.7121	 | 	Valid Accuracy     : 0.7977

Epoch : 18
Train Loss     : 0.1583	 | 	Train Accuracy     : 0.9428
Valid Loss     : 0.7242	 | 	Valid Accuracy     : 0.7896

Epoch : 19
Train Loss     : 0.1376	 | 	Train Accuracy     : 0.9528
Valid Loss     : 0.6958	 | 	Valid Accuracy     : 0.8095

Epoch : 20
Train Loss     : 0.1286	 | 	Train Accuracy     : 0.9578
Valid Loss     : 0.7031	 | 	Valid Accuracy     : 0.7997

Epoch : 21
Train Loss     : 0.1467	 | 	Train Accuracy     : 0.9451
Valid Loss     : 0.6721	 | 	Valid Accuracy     : 0.7927

Epoch : 22
Train Loss     : 0.1189	 | 	Train Accuracy     : 0.9601
Valid Loss     : 0.6598	 | 	Valid Accuracy     : 0.7951

Epoch : 23
Train Loss     : 0.1062	 | 	Train Accuracy     : 0.9674
Valid Loss     : 0.6934	 | 	Valid Accuracy     : 0.7923

Epoch : 24
Train Loss     : 0.1035	 | 	Train Accuracy     : 0.9686
Valid Loss     : 0.7242	 | 	Valid Accuracy     : 0.7838

Epoch : 25
Train Loss     : 0.0982	 | 	Train Accuracy     : 0.9710
Valid Loss     : 0.6824	 | 	Valid Accuracy     : 0.8057

Epoch : 26
Train Loss     : 0.0976	 | 	Train Accuracy     : 0.9705
Valid Loss     : 0.7479	 | 	Valid Accuracy     : 0.7924

Epoch : 27
Train Loss     : 0.0960	 | 	Train Accuracy     : 0.9728
Valid Loss     : 0.7567	 | 	Valid Accuracy     : 0.7863

Epoch : 28
Train Loss     : 0.0966	 | 	Train Accuracy     : 0.9775
Valid Loss     : 0.7146	 | 	Valid Accuracy     : 0.7941

Epoch : 29
Train Loss     : 0.0933	 | 	Train Accuracy     : 0.9745
Valid Loss     : 0.7624	 | 	Valid Accuracy     : 0.7760

Epoch : 30
Train Loss     : 0.0913	 | 	Train Accuracy     : 0.9765
Valid Loss     : 0.7394	 | 	Valid Accuracy     : 0.7853

Evaluate on the Test set:
Test loss      :1.4600	 | Test Accuracy      : 0.6908 | Test AUPRC      : 0.7143
tensor([0.9195, 0.8601, 0.9169, 0.7157, 0.6010, 0.9107, 0.8465, 0.8963, 0.6484,
        0.6883, 0.6555, 0.7050, 0.6540, 0.6839, 0.8412, 0.7222, 0.8054, 0.6959,
        0.6193, 0.7808, 0.7001, 0.6853, 0.8437, 0.8990, 0.7631, 0.7527, 0.6083,
        0.7118, 0.6762, 0.6427, 0.7088, 1.0178, 0.9149, 0.6855, 0.6703, 0.6679,
        0.6681, 0.6701, 0.6185, 0.6329, 0.6877, 0.6984, 0.6632, 0.6087, 0.9198,
        0.7040, 0.6648, 0.6796, 0.7173, 0.6214, 0.6206, 0.6742, 0.6493, 0.6267,
        0.6748, 0.6285, 0.6753, 0.7326, 0.7285, 0.7018, 0.6761, 0.6974],
       device='cuda:0', grad_fn=<SqueezeBackward1>)

################## Training is Done! #########################
Training time is : 0:02:35.316083
