=============================================
Dataset: SEED
Method:  TS-TCC
Mode:    supervised
=============================================
Data loaded ...
Subjet 3
if scale True
Training started ....

Epoch : 1
Train Loss     : 1.0208	 | 	Train Accuracy     : 0.5122
Valid Loss     : 1.0094	 | 	Valid Accuracy     : 0.4549

Epoch : 2
Train Loss     : 0.6783	 | 	Train Accuracy     : 0.7103
Valid Loss     : 0.8592	 | 	Valid Accuracy     : 0.7003

Epoch : 3
Train Loss     : 0.5591	 | 	Train Accuracy     : 0.7770
Valid Loss     : 0.8403	 | 	Valid Accuracy     : 0.7098

Epoch : 4
Train Loss     : 0.4806	 | 	Train Accuracy     : 0.8151
Valid Loss     : 1.2445	 | 	Valid Accuracy     : 0.5176

Epoch : 5
Train Loss     : 0.4399	 | 	Train Accuracy     : 0.8315
Valid Loss     : 1.0545	 | 	Valid Accuracy     : 0.6253

Epoch : 6
Train Loss     : 0.3944	 | 	Train Accuracy     : 0.8489
Valid Loss     : 1.4198	 | 	Valid Accuracy     : 0.5830

Epoch : 7
Train Loss     : 0.3583	 | 	Train Accuracy     : 0.8638
Valid Loss     : 1.4893	 | 	Valid Accuracy     : 0.5640

Epoch : 8
Train Loss     : 0.3187	 | 	Train Accuracy     : 0.8784
Valid Loss     : 1.3903	 | 	Valid Accuracy     : 0.5917

Epoch : 9
Train Loss     : 0.2938	 | 	Train Accuracy     : 0.8915
Valid Loss     : 1.7531	 | 	Valid Accuracy     : 0.5811

Epoch : 10
Train Loss     : 0.2748	 | 	Train Accuracy     : 0.8998
Valid Loss     : 1.5854	 | 	Valid Accuracy     : 0.5795

Epoch : 11
Train Loss     : 0.2330	 | 	Train Accuracy     : 0.9169
Valid Loss     : 1.8694	 | 	Valid Accuracy     : 0.5618

Epoch : 12
Train Loss     : 0.2339	 | 	Train Accuracy     : 0.9132
Valid Loss     : 1.5612	 | 	Valid Accuracy     : 0.6234

Epoch : 13
Train Loss     : 0.2203	 | 	Train Accuracy     : 0.9204
Valid Loss     : 1.5625	 | 	Valid Accuracy     : 0.6274

Epoch : 14
Train Loss     : 0.2136	 | 	Train Accuracy     : 0.9288
Valid Loss     : 1.6378	 | 	Valid Accuracy     : 0.5792

Epoch : 15
Train Loss     : 0.1783	 | 	Train Accuracy     : 0.9428
Valid Loss     : 1.8953	 | 	Valid Accuracy     : 0.5861

Epoch : 16
Train Loss     : 0.1638	 | 	Train Accuracy     : 0.9506
Valid Loss     : 1.8221	 | 	Valid Accuracy     : 0.5924

Epoch : 17
Train Loss     : 0.1460	 | 	Train Accuracy     : 0.9578
Valid Loss     : 1.8176	 | 	Valid Accuracy     : 0.5733

Epoch : 18
Train Loss     : 0.1468	 | 	Train Accuracy     : 0.9549
Valid Loss     : 1.7823	 | 	Valid Accuracy     : 0.5961

Epoch : 19
Train Loss     : 0.1466	 | 	Train Accuracy     : 0.9557
Valid Loss     : 1.7569	 | 	Valid Accuracy     : 0.5932

Epoch : 20
Train Loss     : 0.1378	 | 	Train Accuracy     : 0.9612
Valid Loss     : 1.8066	 | 	Valid Accuracy     : 0.5960

Epoch : 21
Train Loss     : 0.1364	 | 	Train Accuracy     : 0.9598
Valid Loss     : 1.7396	 | 	Valid Accuracy     : 0.5950

Epoch : 22
Train Loss     : 0.1345	 | 	Train Accuracy     : 0.9621
Valid Loss     : 1.6989	 | 	Valid Accuracy     : 0.6007

Epoch : 23
Train Loss     : 0.1293	 | 	Train Accuracy     : 0.9628
Valid Loss     : 1.8183	 | 	Valid Accuracy     : 0.5897

Epoch : 24
Train Loss     : 0.1317	 | 	Train Accuracy     : 0.9616
Valid Loss     : 1.7188	 | 	Valid Accuracy     : 0.5968

Epoch : 25
Train Loss     : 0.1221	 | 	Train Accuracy     : 0.9667
Valid Loss     : 1.8115	 | 	Valid Accuracy     : 0.5917

Epoch : 26
Train Loss     : 0.1212	 | 	Train Accuracy     : 0.9687
Valid Loss     : 1.7612	 | 	Valid Accuracy     : 0.5916

Epoch : 27
Train Loss     : 0.1232	 | 	Train Accuracy     : 0.9690
Valid Loss     : 1.7749	 | 	Valid Accuracy     : 0.5901

Epoch : 28
Train Loss     : 0.1221	 | 	Train Accuracy     : 0.9638
Valid Loss     : 1.7327	 | 	Valid Accuracy     : 0.5978

Epoch : 29
Train Loss     : 0.1205	 | 	Train Accuracy     : 0.9691
Valid Loss     : 1.7930	 | 	Valid Accuracy     : 0.5951

Epoch : 30
Train Loss     : 0.1206	 | 	Train Accuracy     : 0.9671
Valid Loss     : 1.7241	 | 	Valid Accuracy     : 0.5952

Evaluate on the Test set:
Test loss      :1.5720	 | Test Accuracy      : 0.6212 | Test AUPRC      : 0.6832
tensor([0.9567, 0.9531, 0.9215, 0.8978, 0.9087, 0.9684, 0.9510, 0.8829, 0.8449,
        0.8246, 0.8593, 0.8745, 0.9460, 0.9369, 0.9243, 0.9252, 0.8603, 0.8413,
        0.8320, 0.8516, 0.8546, 0.9151, 0.9437, 0.9992, 0.9182, 0.8336, 0.8870,
        0.8504, 0.8582, 0.8307, 0.9410, 1.0007, 0.8849, 0.8274, 0.8515, 0.8560,
        0.8491, 0.8469, 0.8573, 0.8249, 0.8880, 0.8620, 0.8235, 0.8307, 0.8442,
        0.8664, 0.8422, 0.8331, 0.8235, 0.8646, 0.8722, 0.8507, 0.8645, 0.8405,
        0.8271, 0.8986, 0.8209, 0.8671, 0.8680, 0.9485, 0.8365, 0.9144],
       device='cuda:0', grad_fn=<SqueezeBackward1>)

################## Training is Done! #########################
Training time is : 0:02:40.074727
