=============================================
Dataset: SEED
Method:  TS-TCC
Mode:    supervised
=============================================
Data loaded ...
Subjet 14
if scale True
Training started ....

Epoch : 1
Train Loss     : 1.0430	 | 	Train Accuracy     : 0.5293
Valid Loss     : 0.8068	 | 	Valid Accuracy     : 0.5983

Epoch : 2
Train Loss     : 0.6700	 | 	Train Accuracy     : 0.7336
Valid Loss     : 0.6236	 | 	Valid Accuracy     : 0.7108

Epoch : 3
Train Loss     : 0.5200	 | 	Train Accuracy     : 0.7945
Valid Loss     : 0.6419	 | 	Valid Accuracy     : 0.7026

Epoch : 4
Train Loss     : 0.4158	 | 	Train Accuracy     : 0.8706
Valid Loss     : 0.7721	 | 	Valid Accuracy     : 0.6794

Epoch : 5
Train Loss     : 0.3492	 | 	Train Accuracy     : 0.8855
Valid Loss     : 0.8199	 | 	Valid Accuracy     : 0.6725

Epoch : 6
Train Loss     : 0.3377	 | 	Train Accuracy     : 0.8901
Valid Loss     : 0.8502	 | 	Valid Accuracy     : 0.6580

Epoch : 7
Train Loss     : 0.2992	 | 	Train Accuracy     : 0.8945
Valid Loss     : 0.9056	 | 	Valid Accuracy     : 0.6640

Epoch : 8
Train Loss     : 0.2807	 | 	Train Accuracy     : 0.8989
Valid Loss     : 0.8946	 | 	Valid Accuracy     : 0.6751

Epoch : 9
Train Loss     : 0.2925	 | 	Train Accuracy     : 0.8984
Valid Loss     : 0.9538	 | 	Valid Accuracy     : 0.6893

Epoch : 10
Train Loss     : 0.3329	 | 	Train Accuracy     : 0.8910
Valid Loss     : 0.9769	 | 	Valid Accuracy     : 0.6920

Epoch : 11
Train Loss     : 0.2735	 | 	Train Accuracy     : 0.9001
Valid Loss     : 0.9812	 | 	Valid Accuracy     : 0.6943

Epoch : 12
Train Loss     : 0.2638	 | 	Train Accuracy     : 0.9081
Valid Loss     : 1.0305	 | 	Valid Accuracy     : 0.6800

Epoch : 13
Train Loss     : 0.2542	 | 	Train Accuracy     : 0.9132
Valid Loss     : 1.0332	 | 	Valid Accuracy     : 0.6797

Epoch : 14
Train Loss     : 0.2464	 | 	Train Accuracy     : 0.9132
Valid Loss     : 1.0100	 | 	Valid Accuracy     : 0.6944

Epoch : 15
Train Loss     : 0.2193	 | 	Train Accuracy     : 0.9214
Valid Loss     : 1.0406	 | 	Valid Accuracy     : 0.6829

Epoch : 16
Train Loss     : 0.2038	 | 	Train Accuracy     : 0.9241
Valid Loss     : 0.9632	 | 	Valid Accuracy     : 0.7105

Epoch : 17
Train Loss     : 0.2001	 | 	Train Accuracy     : 0.9255
Valid Loss     : 1.0015	 | 	Valid Accuracy     : 0.7036

Epoch : 18
Train Loss     : 0.1948	 | 	Train Accuracy     : 0.9258
Valid Loss     : 1.0136	 | 	Valid Accuracy     : 0.6960

Epoch : 19
Train Loss     : 0.1962	 | 	Train Accuracy     : 0.9284
Valid Loss     : 1.0218	 | 	Valid Accuracy     : 0.7015

Epoch : 20
Train Loss     : 0.1942	 | 	Train Accuracy     : 0.9282
Valid Loss     : 1.0187	 | 	Valid Accuracy     : 0.7004

Epoch : 21
Train Loss     : 0.1909	 | 	Train Accuracy     : 0.9291
Valid Loss     : 1.0096	 | 	Valid Accuracy     : 0.6992

Epoch : 22
Train Loss     : 0.1845	 | 	Train Accuracy     : 0.9331
Valid Loss     : 1.0428	 | 	Valid Accuracy     : 0.6954

Epoch : 23
Train Loss     : 0.1834	 | 	Train Accuracy     : 0.9332
Valid Loss     : 1.0446	 | 	Valid Accuracy     : 0.6982

Epoch : 24
Train Loss     : 0.1786	 | 	Train Accuracy     : 0.9382
Valid Loss     : 1.0831	 | 	Valid Accuracy     : 0.6952

Epoch : 25
Train Loss     : 0.1768	 | 	Train Accuracy     : 0.9363
Valid Loss     : 1.0016	 | 	Valid Accuracy     : 0.7128

Epoch : 26
Train Loss     : 0.1782	 | 	Train Accuracy     : 0.9399
Valid Loss     : 1.0151	 | 	Valid Accuracy     : 0.7001

Epoch : 27
Train Loss     : 0.1774	 | 	Train Accuracy     : 0.9377
Valid Loss     : 1.0208	 | 	Valid Accuracy     : 0.6952

Epoch : 28
Train Loss     : 0.1792	 | 	Train Accuracy     : 0.9334
Valid Loss     : 1.0428	 | 	Valid Accuracy     : 0.6980

Epoch : 29
Train Loss     : 0.1718	 | 	Train Accuracy     : 0.9420
Valid Loss     : 1.0145	 | 	Valid Accuracy     : 0.7098

Epoch : 30
Train Loss     : 0.1782	 | 	Train Accuracy     : 0.9349
Valid Loss     : 1.0398	 | 	Valid Accuracy     : 0.6973

Evaluate on the Test set:
Test loss      :1.2320	 | Test Accuracy      : 0.5782 | Test AUPRC      : 0.6365
tensor([0.8552, 0.8650, 0.8557, 0.8536, 0.9196, 0.9479, 0.9072, 0.9300, 0.8541,
        0.8433, 0.8488, 0.8820, 0.8783, 0.8940, 0.8763, 0.8547, 0.8740, 0.8494,
        0.8476, 0.8546, 0.8563, 0.8822, 0.9024, 0.9696, 0.9570, 0.8801, 0.8885,
        0.8809, 0.8643, 0.8422, 0.9009, 0.9753, 1.0304, 0.8501, 0.8424, 0.8581,
        0.8900, 0.8396, 0.8449, 0.8524, 0.9776, 0.8634, 0.8534, 0.8366, 0.8407,
        0.8422, 0.8461, 0.8644, 0.8489, 0.8618, 0.8687, 0.8679, 0.8474, 0.8515,
        0.8510, 0.8671, 0.9387, 0.8833, 0.8731, 0.8461, 0.8847, 0.9261],
       device='cuda:0', grad_fn=<SqueezeBackward1>)

################## Training is Done! #########################
Training time is : 0:02:37.622587
