=============================================
Dataset: SEED
Method:  TS-TCC
Mode:    supervised
=============================================
Data loaded ...
Subjet 11
if scale True
Training started ....

Epoch : 1
Train Loss     : 1.3296	 | 	Train Accuracy     : 0.4387
Valid Loss     : 0.9900	 | 	Valid Accuracy     : 0.4837

Epoch : 2
Train Loss     : 0.7849	 | 	Train Accuracy     : 0.6492
Valid Loss     : 0.7606	 | 	Valid Accuracy     : 0.6590

Epoch : 3
Train Loss     : 0.4970	 | 	Train Accuracy     : 0.7957
Valid Loss     : 0.6859	 | 	Valid Accuracy     : 0.6787

Epoch : 4
Train Loss     : 0.3850	 | 	Train Accuracy     : 0.8509
Valid Loss     : 0.6935	 | 	Valid Accuracy     : 0.7015

Epoch : 5
Train Loss     : 0.3298	 | 	Train Accuracy     : 0.8736
Valid Loss     : 0.7663	 | 	Valid Accuracy     : 0.6828

Epoch : 6
Train Loss     : 0.2930	 | 	Train Accuracy     : 0.8855
Valid Loss     : 0.7249	 | 	Valid Accuracy     : 0.6988

Epoch : 7
Train Loss     : 0.2761	 | 	Train Accuracy     : 0.8924
Valid Loss     : 0.7541	 | 	Valid Accuracy     : 0.6895

Epoch : 8
Train Loss     : 0.2703	 | 	Train Accuracy     : 0.9004
Valid Loss     : 0.9050	 | 	Valid Accuracy     : 0.6605

Epoch : 9
Train Loss     : 0.2288	 | 	Train Accuracy     : 0.9296
Valid Loss     : 0.9173	 | 	Valid Accuracy     : 0.6718

Epoch : 10
Train Loss     : 0.2170	 | 	Train Accuracy     : 0.9226
Valid Loss     : 0.8917	 | 	Valid Accuracy     : 0.6847

Epoch : 11
Train Loss     : 0.1890	 | 	Train Accuracy     : 0.9362
Valid Loss     : 0.9435	 | 	Valid Accuracy     : 0.6853

Epoch : 12
Train Loss     : 0.1844	 | 	Train Accuracy     : 0.9414
Valid Loss     : 1.0263	 | 	Valid Accuracy     : 0.6692

Epoch : 13
Train Loss     : 0.1744	 | 	Train Accuracy     : 0.9471
Valid Loss     : 0.9510	 | 	Valid Accuracy     : 0.6865

Epoch : 14
Train Loss     : 0.1753	 | 	Train Accuracy     : 0.9452
Valid Loss     : 0.9676	 | 	Valid Accuracy     : 0.6980

Epoch : 15
Train Loss     : 0.1379	 | 	Train Accuracy     : 0.9595
Valid Loss     : 1.0706	 | 	Valid Accuracy     : 0.6970

Epoch : 16
Train Loss     : 0.1277	 | 	Train Accuracy     : 0.9657
Valid Loss     : 1.0441	 | 	Valid Accuracy     : 0.6987

Epoch : 17
Train Loss     : 0.1264	 | 	Train Accuracy     : 0.9666
Valid Loss     : 1.0302	 | 	Valid Accuracy     : 0.7075

Epoch : 18
Train Loss     : 0.1223	 | 	Train Accuracy     : 0.9709
Valid Loss     : 1.0443	 | 	Valid Accuracy     : 0.7063

Epoch : 19
Train Loss     : 0.1238	 | 	Train Accuracy     : 0.9643
Valid Loss     : 1.0370	 | 	Valid Accuracy     : 0.7090

Epoch : 20
Train Loss     : 0.1150	 | 	Train Accuracy     : 0.9720
Valid Loss     : 1.0527	 | 	Valid Accuracy     : 0.7043

Epoch : 21
Train Loss     : 0.1171	 | 	Train Accuracy     : 0.9732
Valid Loss     : 1.0906	 | 	Valid Accuracy     : 0.7108

Epoch : 22
Train Loss     : 0.1150	 | 	Train Accuracy     : 0.9700
Valid Loss     : 1.0580	 | 	Valid Accuracy     : 0.7134

Epoch : 23
Train Loss     : 0.1175	 | 	Train Accuracy     : 0.9666
Valid Loss     : 1.1459	 | 	Valid Accuracy     : 0.7075

Epoch : 24
Train Loss     : 0.1101	 | 	Train Accuracy     : 0.9740
Valid Loss     : 1.1429	 | 	Valid Accuracy     : 0.7018

Epoch : 25
Train Loss     : 0.1091	 | 	Train Accuracy     : 0.9784
Valid Loss     : 1.1247	 | 	Valid Accuracy     : 0.7066

Epoch : 26
Train Loss     : 0.1078	 | 	Train Accuracy     : 0.9763
Valid Loss     : 1.1305	 | 	Valid Accuracy     : 0.6975

Epoch : 27
Train Loss     : 0.1035	 | 	Train Accuracy     : 0.9785
Valid Loss     : 1.1144	 | 	Valid Accuracy     : 0.7070

Epoch : 28
Train Loss     : 0.1081	 | 	Train Accuracy     : 0.9768
Valid Loss     : 1.1758	 | 	Valid Accuracy     : 0.6902

Epoch : 29
Train Loss     : 0.1065	 | 	Train Accuracy     : 0.9765
Valid Loss     : 1.1351	 | 	Valid Accuracy     : 0.7004

Epoch : 30
Train Loss     : 0.1025	 | 	Train Accuracy     : 0.9772
Valid Loss     : 1.1372	 | 	Valid Accuracy     : 0.6943

Evaluate on the Test set:
Test loss      :1.4090	 | Test Accuracy      : 0.6697 | Test AUPRC      : 0.7118
tensor([0.9586, 0.9000, 0.9098, 0.9327, 0.9425, 0.9581, 0.9685, 0.9125, 0.9308,
        0.9175, 0.9157, 0.9283, 0.9242, 0.9374, 0.9464, 0.9502, 0.9168, 0.9250,
        0.9093, 0.9321, 0.9570, 1.0042, 1.0233, 0.9591, 0.9712, 0.9200, 0.9344,
        0.9298, 0.9064, 0.9562, 0.9686, 0.9448, 0.9247, 0.9458, 0.9379, 0.9055,
        0.9263, 0.9361, 0.9110, 0.9440, 0.9201, 0.9544, 0.9333, 0.9048, 0.9148,
        0.9254, 0.9125, 0.9113, 0.9304, 0.9373, 0.9336, 0.9302, 0.9222, 0.9259,
        0.9286, 0.9426, 0.9122, 0.9444, 0.9229, 0.9095, 0.9320, 0.9310],
       device='cuda:0', grad_fn=<SqueezeBackward1>)

################## Training is Done! #########################
Training time is : 0:01:45.637032
