=============================================
Dataset: SEED
Method:  TS-TCC
Mode:    supervised
=============================================
Data loaded ...
Subjet 2
if scale True
Training started ....

Epoch : 1
Train Loss     : 1.1596	 | 	Train Accuracy     : 0.4340
Valid Loss     : 1.1654	 | 	Valid Accuracy     : 0.3738

Epoch : 2
Train Loss     : 1.2779	 | 	Train Accuracy     : 0.4084
Valid Loss     : 1.1398	 | 	Valid Accuracy     : 0.3784

Epoch : 3
Train Loss     : 1.0707	 | 	Train Accuracy     : 0.4510
Valid Loss     : 1.2928	 | 	Valid Accuracy     : 0.3631

Epoch : 4
Train Loss     : 1.0514	 | 	Train Accuracy     : 0.4980
Valid Loss     : 1.2848	 | 	Valid Accuracy     : 0.3895

Epoch : 5
Train Loss     : 0.8658	 | 	Train Accuracy     : 0.5516
Valid Loss     : 1.2444	 | 	Valid Accuracy     : 0.4970

Epoch : 6
Train Loss     : 0.8160	 | 	Train Accuracy     : 0.6259
Valid Loss     : 1.1651	 | 	Valid Accuracy     : 0.4755

Epoch : 7
Train Loss     : 0.6777	 | 	Train Accuracy     : 0.6997
Valid Loss     : 1.1679	 | 	Valid Accuracy     : 0.5329

Epoch : 8
Train Loss     : 0.6276	 | 	Train Accuracy     : 0.7370
Valid Loss     : 1.3457	 | 	Valid Accuracy     : 0.5122

Epoch : 9
Train Loss     : 0.7508	 | 	Train Accuracy     : 0.7138
Valid Loss     : 1.6386	 | 	Valid Accuracy     : 0.4993

Epoch : 10
Train Loss     : 0.7012	 | 	Train Accuracy     : 0.7046
Valid Loss     : 1.9826	 | 	Valid Accuracy     : 0.4736

Epoch : 11
Train Loss     : 0.5982	 | 	Train Accuracy     : 0.7559
Valid Loss     : 2.2473	 | 	Valid Accuracy     : 0.4744

Epoch : 12
Train Loss     : 0.5766	 | 	Train Accuracy     : 0.7609
Valid Loss     : 3.1795	 | 	Valid Accuracy     : 0.4392

Epoch : 13
Train Loss     : 0.6875	 | 	Train Accuracy     : 0.7383
Valid Loss     : 3.5966	 | 	Valid Accuracy     : 0.4594

Epoch : 14
Train Loss     : 0.5092	 | 	Train Accuracy     : 0.8234
Valid Loss     : 3.4576	 | 	Valid Accuracy     : 0.4603

Epoch : 15
Train Loss     : 0.5043	 | 	Train Accuracy     : 0.8092
Valid Loss     : 3.3769	 | 	Valid Accuracy     : 0.4596

Epoch : 16
Train Loss     : 0.5852	 | 	Train Accuracy     : 0.7897
Valid Loss     : 3.2568	 | 	Valid Accuracy     : 0.4657

Epoch : 17
Train Loss     : 0.5127	 | 	Train Accuracy     : 0.7830
Valid Loss     : 4.4786	 | 	Valid Accuracy     : 0.4268

Epoch : 18
Train Loss     : 0.4779	 | 	Train Accuracy     : 0.8301
Valid Loss     : 4.5876	 | 	Valid Accuracy     : 0.4166

Epoch : 19
Train Loss     : 0.5469	 | 	Train Accuracy     : 0.8459
Valid Loss     : 4.5450	 | 	Valid Accuracy     : 0.4213

Epoch : 20
Train Loss     : 0.4563	 | 	Train Accuracy     : 0.8247
Valid Loss     : 4.3462	 | 	Valid Accuracy     : 0.4394

Epoch : 21
Train Loss     : 0.4713	 | 	Train Accuracy     : 0.8353
Valid Loss     : 4.0521	 | 	Valid Accuracy     : 0.4436

Epoch : 22
Train Loss     : 0.4136	 | 	Train Accuracy     : 0.8650
Valid Loss     : 3.8505	 | 	Valid Accuracy     : 0.4618

Epoch : 23
Train Loss     : 0.4441	 | 	Train Accuracy     : 0.8420
Valid Loss     : 3.7277	 | 	Valid Accuracy     : 0.4524

Epoch : 24
Train Loss     : 0.4393	 | 	Train Accuracy     : 0.8451
Valid Loss     : 4.9263	 | 	Valid Accuracy     : 0.4222

Epoch : 25
Train Loss     : 0.4567	 | 	Train Accuracy     : 0.8188
Valid Loss     : 4.7770	 | 	Valid Accuracy     : 0.4152

Epoch : 26
Train Loss     : 0.3964	 | 	Train Accuracy     : 0.8563
Valid Loss     : 4.6059	 | 	Valid Accuracy     : 0.4183

Epoch : 27
Train Loss     : 0.4390	 | 	Train Accuracy     : 0.8531
Valid Loss     : 4.3152	 | 	Valid Accuracy     : 0.4372

Epoch : 28
Train Loss     : 0.4203	 | 	Train Accuracy     : 0.8553
Valid Loss     : 4.1258	 | 	Valid Accuracy     : 0.4475

Epoch : 29
Train Loss     : 0.5465	 | 	Train Accuracy     : 0.8073
Valid Loss     : 4.0492	 | 	Valid Accuracy     : 0.4458

Epoch : 30
Train Loss     : 0.4302	 | 	Train Accuracy     : 0.8618
Valid Loss     : 3.8485	 | 	Valid Accuracy     : 0.4577

Evaluate on the Test set:
Test loss      :1.8420	 | Test Accuracy      : 0.4485 | Test AUPRC      : 0.5234
tensor([0.9441, 0.9416, 1.0009, 0.9496, 0.9790, 0.9696, 0.9390, 0.9334, 0.9371,
        0.9295, 0.9544, 0.9517, 0.9715, 0.9691, 0.9616, 0.9484, 0.9337, 0.9561,
        0.9393, 0.9495, 0.9434, 0.9779, 0.9508, 0.9938, 0.9608, 0.9405, 0.9586,
        0.9735, 0.9530, 0.9406, 0.9610, 0.9371, 0.9466, 0.9477, 0.9530, 0.9555,
        0.9767, 0.9677, 0.9371, 0.9316, 0.9675, 0.9420, 0.9355, 0.9385, 0.9624,
        0.9608, 0.9580, 0.9380, 0.9435, 0.9355, 0.9580, 0.9764, 0.9340, 0.9376,
        0.9354, 0.9628, 0.9430, 0.9394, 0.9494, 0.9569, 0.9430, 0.9625],
       device='cuda:0', grad_fn=<SqueezeBackward1>)

################## Training is Done! #########################
Training time is : 0:01:01.413360
