=============================================
Dataset: SEED
Method:  TS-TCC
Mode:    supervised
=============================================
Data loaded ...
Subjet 12
if scale True
Training started ....

Epoch : 1
Train Loss     : 1.2991	 | 	Train Accuracy     : 0.4577
Valid Loss     : 1.0387	 | 	Valid Accuracy     : 0.5859

Epoch : 2
Train Loss     : 0.7470	 | 	Train Accuracy     : 0.6917
Valid Loss     : 1.0273	 | 	Valid Accuracy     : 0.5469

Epoch : 3
Train Loss     : 0.6016	 | 	Train Accuracy     : 0.7610
Valid Loss     : 1.0438	 | 	Valid Accuracy     : 0.5576

Epoch : 4
Train Loss     : 0.4980	 | 	Train Accuracy     : 0.8147
Valid Loss     : 1.3250	 | 	Valid Accuracy     : 0.5776

Epoch : 5
Train Loss     : 0.4185	 | 	Train Accuracy     : 0.8405
Valid Loss     : 1.2115	 | 	Valid Accuracy     : 0.6035

Epoch : 6
Train Loss     : 0.3744	 | 	Train Accuracy     : 0.8594
Valid Loss     : 1.4413	 | 	Valid Accuracy     : 0.5571

Epoch : 7
Train Loss     : 0.3735	 | 	Train Accuracy     : 0.8708
Valid Loss     : 1.1603	 | 	Valid Accuracy     : 0.6157

Epoch : 8
Train Loss     : 0.3216	 | 	Train Accuracy     : 0.8806
Valid Loss     : 1.2641	 | 	Valid Accuracy     : 0.5908

Epoch : 9
Train Loss     : 0.2719	 | 	Train Accuracy     : 0.9069
Valid Loss     : 1.1156	 | 	Valid Accuracy     : 0.6294

Epoch : 10
Train Loss     : 0.2700	 | 	Train Accuracy     : 0.9056
Valid Loss     : 1.1766	 | 	Valid Accuracy     : 0.5928

Epoch : 11
Train Loss     : 0.2311	 | 	Train Accuracy     : 0.9193
Valid Loss     : 1.4859	 | 	Valid Accuracy     : 0.5835

Epoch : 12
Train Loss     : 0.2176	 | 	Train Accuracy     : 0.9254
Valid Loss     : 1.1681	 | 	Valid Accuracy     : 0.6270

Epoch : 13
Train Loss     : 0.2013	 | 	Train Accuracy     : 0.9287
Valid Loss     : 1.2509	 | 	Valid Accuracy     : 0.6152

Epoch : 14
Train Loss     : 0.1658	 | 	Train Accuracy     : 0.9516
Valid Loss     : 1.2043	 | 	Valid Accuracy     : 0.6367

Epoch : 15
Train Loss     : 0.1499	 | 	Train Accuracy     : 0.9589
Valid Loss     : 1.2165	 | 	Valid Accuracy     : 0.6333

Epoch : 16
Train Loss     : 0.1409	 | 	Train Accuracy     : 0.9659
Valid Loss     : 1.2279	 | 	Valid Accuracy     : 0.6309

Epoch : 17
Train Loss     : 0.1396	 | 	Train Accuracy     : 0.9638
Valid Loss     : 1.2474	 | 	Valid Accuracy     : 0.6265

Epoch : 18
Train Loss     : 0.1372	 | 	Train Accuracy     : 0.9620
Valid Loss     : 1.2216	 | 	Valid Accuracy     : 0.6372

Epoch : 19
Train Loss     : 0.1327	 | 	Train Accuracy     : 0.9674
Valid Loss     : 1.2684	 | 	Valid Accuracy     : 0.6270

Epoch : 20
Train Loss     : 0.1337	 | 	Train Accuracy     : 0.9640
Valid Loss     : 1.1931	 | 	Valid Accuracy     : 0.6304

Epoch : 21
Train Loss     : 0.1281	 | 	Train Accuracy     : 0.9681
Valid Loss     : 1.2431	 | 	Valid Accuracy     : 0.6318

Epoch : 22
Train Loss     : 0.1286	 | 	Train Accuracy     : 0.9669
Valid Loss     : 1.2298	 | 	Valid Accuracy     : 0.6348

Epoch : 23
Train Loss     : 0.1251	 | 	Train Accuracy     : 0.9677
Valid Loss     : 1.1984	 | 	Valid Accuracy     : 0.6377

Epoch : 24
Train Loss     : 0.1235	 | 	Train Accuracy     : 0.9691
Valid Loss     : 1.2942	 | 	Valid Accuracy     : 0.6323

Epoch : 25
Train Loss     : 0.1175	 | 	Train Accuracy     : 0.9704
Valid Loss     : 1.2701	 | 	Valid Accuracy     : 0.6392

Epoch : 26
Train Loss     : 0.1159	 | 	Train Accuracy     : 0.9720
Valid Loss     : 1.2371	 | 	Valid Accuracy     : 0.6416

Epoch : 27
Train Loss     : 0.1132	 | 	Train Accuracy     : 0.9757
Valid Loss     : 1.2458	 | 	Valid Accuracy     : 0.6367

Epoch : 28
Train Loss     : 0.1157	 | 	Train Accuracy     : 0.9735
Valid Loss     : 1.2432	 | 	Valid Accuracy     : 0.6387

Epoch : 29
Train Loss     : 0.1174	 | 	Train Accuracy     : 0.9730
Valid Loss     : 1.2530	 | 	Valid Accuracy     : 0.6392

Epoch : 30
Train Loss     : 0.1157	 | 	Train Accuracy     : 0.9720
Valid Loss     : 1.2414	 | 	Valid Accuracy     : 0.6382

Evaluate on the Test set:
Test loss      :1.3169	 | Test Accuracy      : 0.6196 | Test AUPRC      : 0.4457
tensor([0.9854, 0.9912, 0.9468, 0.8822, 0.9568, 0.9819, 0.7982, 0.7732, 0.8126,
        0.8402, 0.7668, 0.8376, 0.8647, 0.8017, 0.8857, 0.8636, 0.9007, 0.7633,
        0.7698, 0.7845, 0.8893, 0.8510, 0.8498, 0.9837, 0.8870, 0.8259, 0.7871,
        0.8000, 0.7778, 0.8129, 0.8870, 1.0117, 0.8320, 0.8786, 0.7404, 0.7398,
        0.9441, 0.7486, 0.7498, 0.7956, 0.8804, 0.7713, 0.8092, 0.8100, 0.7890,
        0.7884, 0.7655, 0.7672, 0.8803, 0.8069, 0.9576, 0.8515, 0.7533, 0.7763,
        0.7507, 0.9211, 0.8847, 0.8607, 0.7887, 0.7498, 0.8436, 0.8277],
       device='cuda:0', grad_fn=<SqueezeBackward1>)

################## Training is Done! #########################
Training time is : 0:01:41.807124
