=============================================
Dataset: SEED
Method:  TS-TCC
Mode:    supervised
=============================================
Data loaded ...
Subjet 12
if scale True
Training started ....

Epoch : 1
Train Loss     : 0.9997	 | 	Train Accuracy     : 0.5557
Valid Loss     : 1.1046	 | 	Valid Accuracy     : 0.4809

Epoch : 2
Train Loss     : 0.6574	 | 	Train Accuracy     : 0.7309
Valid Loss     : 1.0969	 | 	Valid Accuracy     : 0.5398

Epoch : 3
Train Loss     : 0.5432	 | 	Train Accuracy     : 0.7850
Valid Loss     : 1.2175	 | 	Valid Accuracy     : 0.5012

Epoch : 4
Train Loss     : 0.4264	 | 	Train Accuracy     : 0.8390
Valid Loss     : 1.3035	 | 	Valid Accuracy     : 0.4959

Epoch : 5
Train Loss     : 0.3816	 | 	Train Accuracy     : 0.8586
Valid Loss     : 1.1637	 | 	Valid Accuracy     : 0.5338

Epoch : 6
Train Loss     : 0.3584	 | 	Train Accuracy     : 0.8630
Valid Loss     : 1.2429	 | 	Valid Accuracy     : 0.5168

Epoch : 7
Train Loss     : 0.2849	 | 	Train Accuracy     : 0.8995
Valid Loss     : 1.6033	 | 	Valid Accuracy     : 0.5202

Epoch : 8
Train Loss     : 0.2642	 | 	Train Accuracy     : 0.9007
Valid Loss     : 1.2069	 | 	Valid Accuracy     : 0.5828

Epoch : 9
Train Loss     : 0.2534	 | 	Train Accuracy     : 0.9084
Valid Loss     : 1.3838	 | 	Valid Accuracy     : 0.5809

Epoch : 10
Train Loss     : 0.2145	 | 	Train Accuracy     : 0.9266
Valid Loss     : 1.2796	 | 	Valid Accuracy     : 0.5912

Epoch : 11
Train Loss     : 0.1993	 | 	Train Accuracy     : 0.9369
Valid Loss     : 1.2835	 | 	Valid Accuracy     : 0.5737

Epoch : 12
Train Loss     : 0.1859	 | 	Train Accuracy     : 0.9413
Valid Loss     : 1.4988	 | 	Valid Accuracy     : 0.5725

Epoch : 13
Train Loss     : 0.1840	 | 	Train Accuracy     : 0.9350
Valid Loss     : 2.0252	 | 	Valid Accuracy     : 0.5429

Epoch : 14
Train Loss     : 0.1696	 | 	Train Accuracy     : 0.9497
Valid Loss     : 1.3985	 | 	Valid Accuracy     : 0.5685

Epoch : 15
Train Loss     : 0.1335	 | 	Train Accuracy     : 0.9618
Valid Loss     : 1.4276	 | 	Valid Accuracy     : 0.5745

Epoch : 16
Train Loss     : 0.1227	 | 	Train Accuracy     : 0.9683
Valid Loss     : 1.3382	 | 	Valid Accuracy     : 0.5818

Epoch : 17
Train Loss     : 0.1249	 | 	Train Accuracy     : 0.9673
Valid Loss     : 1.3557	 | 	Valid Accuracy     : 0.5823

Epoch : 18
Train Loss     : 0.1202	 | 	Train Accuracy     : 0.9715
Valid Loss     : 1.4045	 | 	Valid Accuracy     : 0.5846

Epoch : 19
Train Loss     : 0.1181	 | 	Train Accuracy     : 0.9694
Valid Loss     : 1.3521	 | 	Valid Accuracy     : 0.5708

Epoch : 20
Train Loss     : 0.1116	 | 	Train Accuracy     : 0.9727
Valid Loss     : 1.3677	 | 	Valid Accuracy     : 0.5816

Epoch : 21
Train Loss     : 0.1108	 | 	Train Accuracy     : 0.9723
Valid Loss     : 1.3585	 | 	Valid Accuracy     : 0.5677

Epoch : 22
Train Loss     : 0.1162	 | 	Train Accuracy     : 0.9697
Valid Loss     : 1.3375	 | 	Valid Accuracy     : 0.5899

Epoch : 23
Train Loss     : 0.1093	 | 	Train Accuracy     : 0.9720
Valid Loss     : 1.3854	 | 	Valid Accuracy     : 0.5857

Epoch : 24
Train Loss     : 0.1074	 | 	Train Accuracy     : 0.9752
Valid Loss     : 1.3736	 | 	Valid Accuracy     : 0.5797

Epoch : 25
Train Loss     : 0.1013	 | 	Train Accuracy     : 0.9789
Valid Loss     : 1.3473	 | 	Valid Accuracy     : 0.5820

Epoch : 26
Train Loss     : 0.0986	 | 	Train Accuracy     : 0.9818
Valid Loss     : 1.3152	 | 	Valid Accuracy     : 0.5844

Epoch : 27
Train Loss     : 0.1011	 | 	Train Accuracy     : 0.9776
Valid Loss     : 1.3570	 | 	Valid Accuracy     : 0.5762

Epoch : 28
Train Loss     : 0.1037	 | 	Train Accuracy     : 0.9767
Valid Loss     : 1.4040	 | 	Valid Accuracy     : 0.5745

Epoch : 29
Train Loss     : 0.0949	 | 	Train Accuracy     : 0.9819
Valid Loss     : 1.3208	 | 	Valid Accuracy     : 0.5869

Epoch : 30
Train Loss     : 0.0992	 | 	Train Accuracy     : 0.9793
Valid Loss     : 1.3726	 | 	Valid Accuracy     : 0.5815

Evaluate on the Test set:
Test loss      :1.5181	 | Test Accuracy      : 0.5920 | Test AUPRC      : 0.6310
tensor([0.9861, 0.9832, 0.9701, 0.8835, 0.9405, 0.9792, 0.8139, 0.8622, 0.8089,
        0.8401, 0.7538, 0.8147, 0.8526, 0.8617, 0.9165, 0.8438, 0.8602, 0.7777,
        0.8361, 0.7819, 0.8311, 0.8968, 0.9046, 0.9905, 0.8884, 0.7519, 0.7509,
        0.8122, 0.7583, 0.8123, 0.9079, 1.0140, 0.8186, 0.8404, 0.8361, 0.7597,
        0.9398, 0.7637, 0.7579, 0.9303, 0.8429, 0.7740, 0.8397, 0.8829, 0.8316,
        0.8181, 0.7910, 0.7976, 0.8993, 0.8296, 0.9424, 0.8419, 0.7635, 0.7806,
        0.7518, 0.9129, 0.8874, 0.8690, 0.8826, 0.7722, 0.7592, 0.8090],
       device='cuda:0', grad_fn=<SqueezeBackward1>)

################## Training is Done! #########################
Training time is : 0:02:37.384906
