=============================================
Dataset: SEED
Method:  TS-TCC
Mode:    supervised
=============================================
Data loaded ...
Subjet 4
if scale True
Training started ....

Epoch : 1
Train Loss     : 1.2922	 | 	Train Accuracy     : 0.4617
Valid Loss     : 1.1798	 | 	Valid Accuracy     : 0.4782

Epoch : 2
Train Loss     : 0.7973	 | 	Train Accuracy     : 0.6574
Valid Loss     : 1.0631	 | 	Valid Accuracy     : 0.5201

Epoch : 3
Train Loss     : 0.6573	 | 	Train Accuracy     : 0.7444
Valid Loss     : 1.1492	 | 	Valid Accuracy     : 0.4937

Epoch : 4
Train Loss     : 0.5977	 | 	Train Accuracy     : 0.7584
Valid Loss     : 1.0111	 | 	Valid Accuracy     : 0.5226

Epoch : 5
Train Loss     : 0.5454	 | 	Train Accuracy     : 0.7776
Valid Loss     : 1.1346	 | 	Valid Accuracy     : 0.4890

Epoch : 6
Train Loss     : 0.4947	 | 	Train Accuracy     : 0.7997
Valid Loss     : 0.9519	 | 	Valid Accuracy     : 0.5474

Epoch : 7
Train Loss     : 0.4706	 | 	Train Accuracy     : 0.8136
Valid Loss     : 1.0904	 | 	Valid Accuracy     : 0.5283

Epoch : 8
Train Loss     : 0.4372	 | 	Train Accuracy     : 0.8314
Valid Loss     : 0.9992	 | 	Valid Accuracy     : 0.5650

Epoch : 9
Train Loss     : 0.3950	 | 	Train Accuracy     : 0.8519
Valid Loss     : 0.9582	 | 	Valid Accuracy     : 0.5901

Epoch : 10
Train Loss     : 0.3717	 | 	Train Accuracy     : 0.8530
Valid Loss     : 1.0037	 | 	Valid Accuracy     : 0.6037

Epoch : 11
Train Loss     : 0.3487	 | 	Train Accuracy     : 0.8683
Valid Loss     : 1.0032	 | 	Valid Accuracy     : 0.6071

Epoch : 12
Train Loss     : 0.3288	 | 	Train Accuracy     : 0.8775
Valid Loss     : 1.1057	 | 	Valid Accuracy     : 0.6083

Epoch : 13
Train Loss     : 0.2991	 | 	Train Accuracy     : 0.8883
Valid Loss     : 1.0749	 | 	Valid Accuracy     : 0.6229

Epoch : 14
Train Loss     : 0.2961	 | 	Train Accuracy     : 0.8950
Valid Loss     : 1.0702	 | 	Valid Accuracy     : 0.6163

Epoch : 15
Train Loss     : 0.2771	 | 	Train Accuracy     : 0.9008
Valid Loss     : 1.2315	 | 	Valid Accuracy     : 0.5762

Epoch : 16
Train Loss     : 0.2671	 | 	Train Accuracy     : 0.9095
Valid Loss     : 1.0921	 | 	Valid Accuracy     : 0.5987

Epoch : 17
Train Loss     : 0.2585	 | 	Train Accuracy     : 0.9114
Valid Loss     : 1.0618	 | 	Valid Accuracy     : 0.6215

Epoch : 18
Train Loss     : 0.2206	 | 	Train Accuracy     : 0.9249
Valid Loss     : 1.0463	 | 	Valid Accuracy     : 0.6537

Epoch : 19
Train Loss     : 0.2101	 | 	Train Accuracy     : 0.9352
Valid Loss     : 1.0815	 | 	Valid Accuracy     : 0.6445

Epoch : 20
Train Loss     : 0.1998	 | 	Train Accuracy     : 0.9459
Valid Loss     : 1.0310	 | 	Valid Accuracy     : 0.6513

Epoch : 21
Train Loss     : 0.1931	 | 	Train Accuracy     : 0.9486
Valid Loss     : 1.0497	 | 	Valid Accuracy     : 0.6449

Epoch : 22
Train Loss     : 0.1967	 | 	Train Accuracy     : 0.9453
Valid Loss     : 1.0666	 | 	Valid Accuracy     : 0.6457

Epoch : 23
Train Loss     : 0.1899	 | 	Train Accuracy     : 0.9498
Valid Loss     : 1.0520	 | 	Valid Accuracy     : 0.6446

Epoch : 24
Train Loss     : 0.1893	 | 	Train Accuracy     : 0.9490
Valid Loss     : 1.0438	 | 	Valid Accuracy     : 0.6400

Epoch : 25
Train Loss     : 0.1813	 | 	Train Accuracy     : 0.9542
Valid Loss     : 1.0306	 | 	Valid Accuracy     : 0.6507

Epoch : 26
Train Loss     : 0.1838	 | 	Train Accuracy     : 0.9496
Valid Loss     : 1.0229	 | 	Valid Accuracy     : 0.6423

Epoch : 27
Train Loss     : 0.1837	 | 	Train Accuracy     : 0.9488
Valid Loss     : 1.0371	 | 	Valid Accuracy     : 0.6268

Epoch : 28
Train Loss     : 0.1747	 | 	Train Accuracy     : 0.9550
Valid Loss     : 1.0445	 | 	Valid Accuracy     : 0.6522

Epoch : 29
Train Loss     : 0.1749	 | 	Train Accuracy     : 0.9534
Valid Loss     : 1.0300	 | 	Valid Accuracy     : 0.6404

Epoch : 30
Train Loss     : 0.1749	 | 	Train Accuracy     : 0.9566
Valid Loss     : 1.0475	 | 	Valid Accuracy     : 0.6440

Evaluate on the Test set:
Test loss      :0.8926	 | Test Accuracy      : 0.6584 | Test AUPRC      : 0.7531
tensor([0.9391, 0.7867, 0.7699, 0.7993, 0.7914, 0.9344, 0.8167, 0.8567, 0.8207,
        0.7840, 0.8107, 0.8121, 0.8836, 0.8905, 0.8399, 0.8443, 0.9082, 0.8101,
        0.8321, 0.8068, 0.8057, 0.8502, 0.9247, 1.0394, 0.9151, 0.8012, 0.8221,
        0.8202, 0.8030, 0.7814, 0.8456, 1.0132, 0.9373, 0.9530, 0.8379, 0.8153,
        0.7942, 0.7908, 0.7927, 0.8182, 0.8626, 0.9353, 0.7841, 0.7787, 0.7877,
        0.8296, 0.8068, 0.8009, 0.8474, 0.8154, 0.7922, 0.8085, 0.8092, 0.7880,
        0.8969, 0.9636, 0.9368, 0.8417, 0.7822, 0.7707, 0.8265, 0.8062],
       device='cuda:0', grad_fn=<SqueezeBackward1>)

################## Training is Done! #########################
Training time is : 0:03:04.079759
