=============================================
Dataset: SEED
Method:  TS-TCC
Mode:    supervised
=============================================
Data loaded ...
Subjet 2
if scale True
Training started ....

Epoch : 1
Train Loss     : 1.0877	 | 	Train Accuracy     : 0.4625
Valid Loss     : 0.9926	 | 	Valid Accuracy     : 0.5532

Epoch : 2
Train Loss     : 0.7851	 | 	Train Accuracy     : 0.6527
Valid Loss     : 0.8848	 | 	Valid Accuracy     : 0.6055

Epoch : 3
Train Loss     : 0.6108	 | 	Train Accuracy     : 0.7678
Valid Loss     : 1.0249	 | 	Valid Accuracy     : 0.5865

Epoch : 4
Train Loss     : 0.5353	 | 	Train Accuracy     : 0.7986
Valid Loss     : 1.3397	 | 	Valid Accuracy     : 0.5581

Epoch : 5
Train Loss     : 0.4581	 | 	Train Accuracy     : 0.8272
Valid Loss     : 1.2888	 | 	Valid Accuracy     : 0.5656

Epoch : 6
Train Loss     : 0.4029	 | 	Train Accuracy     : 0.8576
Valid Loss     : 1.6191	 | 	Valid Accuracy     : 0.5339

Epoch : 7
Train Loss     : 0.3867	 | 	Train Accuracy     : 0.8641
Valid Loss     : 1.6100	 | 	Valid Accuracy     : 0.5258

Epoch : 8
Train Loss     : 0.3487	 | 	Train Accuracy     : 0.8733
Valid Loss     : 1.4475	 | 	Valid Accuracy     : 0.5639

Epoch : 9
Train Loss     : 0.3261	 | 	Train Accuracy     : 0.8825
Valid Loss     : 1.5282	 | 	Valid Accuracy     : 0.5570

Epoch : 10
Train Loss     : 0.3515	 | 	Train Accuracy     : 0.8697
Valid Loss     : 1.5981	 | 	Valid Accuracy     : 0.5670

Epoch : 11
Train Loss     : 0.3336	 | 	Train Accuracy     : 0.8756
Valid Loss     : 1.4911	 | 	Valid Accuracy     : 0.5483

Epoch : 12
Train Loss     : 0.2926	 | 	Train Accuracy     : 0.8953
Valid Loss     : 1.4795	 | 	Valid Accuracy     : 0.5283

Epoch : 13
Train Loss     : 0.2766	 | 	Train Accuracy     : 0.9028
Valid Loss     : 1.4583	 | 	Valid Accuracy     : 0.5427

Epoch : 14
Train Loss     : 0.2497	 | 	Train Accuracy     : 0.9138
Valid Loss     : 1.6818	 | 	Valid Accuracy     : 0.5524

Epoch : 15
Train Loss     : 0.2372	 | 	Train Accuracy     : 0.9204
Valid Loss     : 1.7731	 | 	Valid Accuracy     : 0.5469

Epoch : 16
Train Loss     : 0.2248	 | 	Train Accuracy     : 0.9264
Valid Loss     : 1.6139	 | 	Valid Accuracy     : 0.5627

Epoch : 17
Train Loss     : 0.2332	 | 	Train Accuracy     : 0.9268
Valid Loss     : 1.5325	 | 	Valid Accuracy     : 0.5569

Epoch : 18
Train Loss     : 0.2317	 | 	Train Accuracy     : 0.9260
Valid Loss     : 1.6920	 | 	Valid Accuracy     : 0.5612

Epoch : 19
Train Loss     : 0.2228	 | 	Train Accuracy     : 0.9303
Valid Loss     : 1.4391	 | 	Valid Accuracy     : 0.5574

Epoch : 20
Train Loss     : 0.2175	 | 	Train Accuracy     : 0.9301
Valid Loss     : 1.4525	 | 	Valid Accuracy     : 0.5616

Epoch : 21
Train Loss     : 0.2128	 | 	Train Accuracy     : 0.9316
Valid Loss     : 1.4142	 | 	Valid Accuracy     : 0.5461

Epoch : 22
Train Loss     : 0.2070	 | 	Train Accuracy     : 0.9380
Valid Loss     : 1.6248	 | 	Valid Accuracy     : 0.5626

Epoch : 23
Train Loss     : 0.2126	 | 	Train Accuracy     : 0.9323
Valid Loss     : 1.6683	 | 	Valid Accuracy     : 0.5438

Epoch : 24
Train Loss     : 0.2049	 | 	Train Accuracy     : 0.9370
Valid Loss     : 1.4989	 | 	Valid Accuracy     : 0.5611

Epoch : 25
Train Loss     : 0.2070	 | 	Train Accuracy     : 0.9318
Valid Loss     : 1.4382	 | 	Valid Accuracy     : 0.5483

Epoch : 26
Train Loss     : 0.2003	 | 	Train Accuracy     : 0.9410
Valid Loss     : 1.7245	 | 	Valid Accuracy     : 0.5556

Epoch : 27
Train Loss     : 0.2103	 | 	Train Accuracy     : 0.9336
Valid Loss     : 1.7700	 | 	Valid Accuracy     : 0.5521

Epoch : 28
Train Loss     : 0.1972	 | 	Train Accuracy     : 0.9415
Valid Loss     : 1.7900	 | 	Valid Accuracy     : 0.5557

Epoch : 29
Train Loss     : 0.2061	 | 	Train Accuracy     : 0.9349
Valid Loss     : 1.6182	 | 	Valid Accuracy     : 0.5517

Epoch : 30
Train Loss     : 0.2012	 | 	Train Accuracy     : 0.9362
Valid Loss     : 1.4937	 | 	Valid Accuracy     : 0.5452

Evaluate on the Test set:
Test loss      :1.5890	 | Test Accuracy      : 0.5629 | Test AUPRC      : 0.5769
tensor([0.9224, 0.9653, 0.9533, 0.8986, 0.9095, 0.9954, 0.8478, 0.8354, 0.8133,
        0.8181, 0.8066, 0.8092, 0.8529, 0.9097, 0.9792, 0.9067, 0.8197, 0.8493,
        0.8178, 0.8170, 0.8022, 0.9102, 0.8830, 0.9625, 0.8606, 0.8173, 0.8356,
        0.8263, 0.8296, 0.8188, 0.8350, 0.9358, 0.8943, 0.8309, 0.8174, 0.8184,
        0.8157, 0.8384, 0.8191, 0.8103, 0.8128, 0.9345, 0.9368, 0.8226, 0.8501,
        0.8257, 0.8544, 0.8033, 0.8264, 0.8166, 0.9761, 0.9516, 0.8154, 0.8189,
        0.8223, 0.8350, 0.8729, 0.8350, 0.8716, 0.8269, 0.8112, 0.8117],
       device='cuda:0', grad_fn=<SqueezeBackward1>)

################## Training is Done! #########################
Training time is : 0:03:02.295496
