=============================================
Dataset: SEED
Method:  TS-TCC
Mode:    supervised
=============================================
Data loaded ...
Subjet 4
if scale True
Training started ....

Epoch : 1
Train Loss     : 1.3448	 | 	Train Accuracy     : 0.3591
Valid Loss     : 1.4583	 | 	Valid Accuracy     : 0.3442

Epoch : 2
Train Loss     : 1.1801	 | 	Train Accuracy     : 0.4814
Valid Loss     : 1.2387	 | 	Valid Accuracy     : 0.3420

Epoch : 3
Train Loss     : 0.9145	 | 	Train Accuracy     : 0.5003
Valid Loss     : 1.4199	 | 	Valid Accuracy     : 0.3448

Epoch : 4
Train Loss     : 0.7004	 | 	Train Accuracy     : 0.7254
Valid Loss     : 1.6283	 | 	Valid Accuracy     : 0.3396

Epoch : 5
Train Loss     : 0.5648	 | 	Train Accuracy     : 0.8045
Valid Loss     : 1.7658	 | 	Valid Accuracy     : 0.3543

Epoch : 6
Train Loss     : 0.4628	 | 	Train Accuracy     : 0.8188
Valid Loss     : 1.9013	 | 	Valid Accuracy     : 0.3528

Epoch : 7
Train Loss     : 0.3646	 | 	Train Accuracy     : 0.8740
Valid Loss     : 1.9049	 | 	Valid Accuracy     : 0.3606

Epoch : 8
Train Loss     : 0.3126	 | 	Train Accuracy     : 0.9169
Valid Loss     : 1.7346	 | 	Valid Accuracy     : 0.3876

Epoch : 9
Train Loss     : 0.2580	 | 	Train Accuracy     : 0.9322
Valid Loss     : 1.7308	 | 	Valid Accuracy     : 0.4113

Epoch : 10
Train Loss     : 0.2213	 | 	Train Accuracy     : 0.9502
Valid Loss     : 1.7951	 | 	Valid Accuracy     : 0.4293

Epoch : 11
Train Loss     : 0.1956	 | 	Train Accuracy     : 0.9603
Valid Loss     : 1.8344	 | 	Valid Accuracy     : 0.4428

Epoch : 12
Train Loss     : 0.1608	 | 	Train Accuracy     : 0.9642
Valid Loss     : 1.8076	 | 	Valid Accuracy     : 0.4449

Epoch : 13
Train Loss     : 0.1460	 | 	Train Accuracy     : 0.9787
Valid Loss     : 1.7011	 | 	Valid Accuracy     : 0.4442

Epoch : 14
Train Loss     : 0.1167	 | 	Train Accuracy     : 0.9767
Valid Loss     : 1.8041	 | 	Valid Accuracy     : 0.4455

Epoch : 15
Train Loss     : 0.1246	 | 	Train Accuracy     : 0.9821
Valid Loss     : 1.7614	 | 	Valid Accuracy     : 0.4491

Epoch : 16
Train Loss     : 0.1182	 | 	Train Accuracy     : 0.9793
Valid Loss     : 1.7821	 | 	Valid Accuracy     : 0.4519

Epoch : 17
Train Loss     : 0.1107	 | 	Train Accuracy     : 0.9883
Valid Loss     : 1.9001	 | 	Valid Accuracy     : 0.4517

Epoch : 18
Train Loss     : 0.1188	 | 	Train Accuracy     : 0.9787
Valid Loss     : 1.8859	 | 	Valid Accuracy     : 0.4507

Epoch : 19
Train Loss     : 0.1118	 | 	Train Accuracy     : 0.9870
Valid Loss     : 1.9330	 | 	Valid Accuracy     : 0.4530

Epoch : 20
Train Loss     : 0.1085	 | 	Train Accuracy     : 0.9823
Valid Loss     : 1.8584	 | 	Valid Accuracy     : 0.4553

Epoch : 21
Train Loss     : 0.1075	 | 	Train Accuracy     : 0.9862
Valid Loss     : 1.9023	 | 	Valid Accuracy     : 0.4541

Epoch : 22
Train Loss     : 0.1160	 | 	Train Accuracy     : 0.9787
Valid Loss     : 1.9631	 | 	Valid Accuracy     : 0.4517

Epoch : 23
Train Loss     : 0.1030	 | 	Train Accuracy     : 0.9862
Valid Loss     : 1.9533	 | 	Valid Accuracy     : 0.4540

Epoch : 24
Train Loss     : 0.1132	 | 	Train Accuracy     : 0.9808
Valid Loss     : 1.9996	 | 	Valid Accuracy     : 0.4454

Epoch : 25
Train Loss     : 0.1126	 | 	Train Accuracy     : 0.9814
Valid Loss     : 1.9367	 | 	Valid Accuracy     : 0.4561

Epoch : 26
Train Loss     : 0.0984	 | 	Train Accuracy     : 0.9909
Valid Loss     : 1.9712	 | 	Valid Accuracy     : 0.4532

Epoch : 27
Train Loss     : 0.1043	 | 	Train Accuracy     : 0.9860
Valid Loss     : 1.9691	 | 	Valid Accuracy     : 0.4504

Epoch : 28
Train Loss     : 0.1115	 | 	Train Accuracy     : 0.9780
Valid Loss     : 2.0275	 | 	Valid Accuracy     : 0.4512

Epoch : 29
Train Loss     : 0.1071	 | 	Train Accuracy     : 0.9873
Valid Loss     : 1.9770	 | 	Valid Accuracy     : 0.4450

Epoch : 30
Train Loss     : 0.1128	 | 	Train Accuracy     : 0.9875
Valid Loss     : 1.9890	 | 	Valid Accuracy     : 0.4495

Evaluate on the Test set:
Test loss      :2.0704	 | Test Accuracy      : 0.4400 | Test AUPRC      : 0.5814
tensor([0.9795, 0.9669, 0.9664, 0.9758, 0.9690, 0.9725, 0.9833, 0.9796, 0.9787,
        0.9720, 0.9680, 0.9672, 0.9702, 0.9756, 1.0080, 0.9939, 0.9959, 0.9785,
        0.9668, 0.9810, 0.9753, 0.9748, 0.9660, 0.9979, 0.9844, 0.9846, 0.9692,
        0.9684, 0.9681, 0.9743, 0.9689, 0.9926, 0.9978, 0.9779, 0.9686, 0.9665,
        0.9660, 0.9701, 0.9690, 0.9743, 0.9776, 0.9805, 0.9733, 0.9646, 0.9715,
        0.9715, 0.9655, 0.9670, 0.9688, 0.9680, 0.9692, 0.9672, 0.9686, 0.9710,
        0.9788, 0.9969, 1.0116, 0.9736, 0.9709, 0.9668, 0.9649, 0.9805],
       device='cuda:0', grad_fn=<SqueezeBackward1>)

################## Training is Done! #########################
Training time is : 0:00:51.815907
