=============================================
Dataset: SEED
Method:  TS-TCC
Mode:    supervised
=============================================
Data loaded ...
Subjet 14
if scale True
Training started ....

Epoch : 1
Train Loss     : 1.0546	 | 	Train Accuracy     : 0.4910
Valid Loss     : 1.1445	 | 	Valid Accuracy     : 0.4644

Epoch : 2
Train Loss     : 0.5886	 | 	Train Accuracy     : 0.7918
Valid Loss     : 1.1349	 | 	Valid Accuracy     : 0.5206

Epoch : 3
Train Loss     : 0.3869	 | 	Train Accuracy     : 0.8587
Valid Loss     : 1.3901	 | 	Valid Accuracy     : 0.5461

Epoch : 4
Train Loss     : 0.2825	 | 	Train Accuracy     : 0.8923
Valid Loss     : 1.8854	 | 	Valid Accuracy     : 0.5108

Epoch : 5
Train Loss     : 0.2248	 | 	Train Accuracy     : 0.9294
Valid Loss     : 2.7845	 | 	Valid Accuracy     : 0.4310

Epoch : 6
Train Loss     : 0.1859	 | 	Train Accuracy     : 0.9381
Valid Loss     : 3.6747	 | 	Valid Accuracy     : 0.4022

Epoch : 7
Train Loss     : 0.1566	 | 	Train Accuracy     : 0.9562
Valid Loss     : 4.1384	 | 	Valid Accuracy     : 0.3963

Epoch : 8
Train Loss     : 0.1270	 | 	Train Accuracy     : 0.9624
Valid Loss     : 4.8445	 | 	Valid Accuracy     : 0.3870

Epoch : 9
Train Loss     : 0.1029	 | 	Train Accuracy     : 0.9756
Valid Loss     : 5.4085	 | 	Valid Accuracy     : 0.3908

Epoch : 10
Train Loss     : 0.0909	 | 	Train Accuracy     : 0.9787
Valid Loss     : 5.6443	 | 	Valid Accuracy     : 0.4098

Epoch : 11
Train Loss     : 0.0795	 | 	Train Accuracy     : 0.9764
Valid Loss     : 6.4284	 | 	Valid Accuracy     : 0.3950

Epoch : 12
Train Loss     : 0.0665	 | 	Train Accuracy     : 0.9948
Valid Loss     : 8.2285	 | 	Valid Accuracy     : 0.4082

Epoch : 13
Train Loss     : 0.0542	 | 	Train Accuracy     : 0.9940
Valid Loss     : 7.3284	 | 	Valid Accuracy     : 0.4008

Epoch : 14
Train Loss     : 0.0498	 | 	Train Accuracy     : 0.9922
Valid Loss     : 8.1549	 | 	Valid Accuracy     : 0.4104

Epoch : 15
Train Loss     : 0.0453	 | 	Train Accuracy     : 0.9966
Valid Loss     : 8.1000	 | 	Valid Accuracy     : 0.4091

Epoch : 16
Train Loss     : 0.0477	 | 	Train Accuracy     : 0.9920
Valid Loss     : 8.7906	 | 	Valid Accuracy     : 0.4113

Epoch : 17
Train Loss     : 0.0468	 | 	Train Accuracy     : 0.9899
Valid Loss     : 8.1639	 | 	Valid Accuracy     : 0.4167

Epoch : 18
Train Loss     : 0.0449	 | 	Train Accuracy     : 0.9953
Valid Loss     : 8.3614	 | 	Valid Accuracy     : 0.4185

Epoch : 19
Train Loss     : 0.0436	 | 	Train Accuracy     : 0.9966
Valid Loss     : 8.1735	 | 	Valid Accuracy     : 0.4230

Epoch : 20
Train Loss     : 0.0413	 | 	Train Accuracy     : 0.9966
Valid Loss     : 8.2011	 | 	Valid Accuracy     : 0.4289

Epoch : 21
Train Loss     : 0.0365	 | 	Train Accuracy     : 0.9966
Valid Loss     : 8.5260	 | 	Valid Accuracy     : 0.4253

Epoch : 22
Train Loss     : 0.0451	 | 	Train Accuracy     : 0.9899
Valid Loss     : 8.2534	 | 	Valid Accuracy     : 0.4290

Epoch : 23
Train Loss     : 0.0360	 | 	Train Accuracy     : 0.9974
Valid Loss     : 8.3708	 | 	Valid Accuracy     : 0.4270

Epoch : 24
Train Loss     : 0.0408	 | 	Train Accuracy     : 0.9948
Valid Loss     : 8.6231	 | 	Valid Accuracy     : 0.4253

Epoch : 25
Train Loss     : 0.0360	 | 	Train Accuracy     : 0.9953
Valid Loss     : 8.2312	 | 	Valid Accuracy     : 0.4253

Epoch : 26
Train Loss     : 0.0391	 | 	Train Accuracy     : 0.9953
Valid Loss     : 8.4100	 | 	Valid Accuracy     : 0.4270

Epoch : 27
Train Loss     : 0.0403	 | 	Train Accuracy     : 0.9940
Valid Loss     : 8.8991	 | 	Valid Accuracy     : 0.4221

Epoch : 28
Train Loss     : 0.0442	 | 	Train Accuracy     : 0.9979
Valid Loss     : 8.5530	 | 	Valid Accuracy     : 0.4360

Epoch : 29
Train Loss     : 0.0378	 | 	Train Accuracy     : 0.9953
Valid Loss     : 8.5069	 | 	Valid Accuracy     : 0.4238

Epoch : 30
Train Loss     : 0.0444	 | 	Train Accuracy     : 0.9953
Valid Loss     : 8.4634	 | 	Valid Accuracy     : 0.4287

Evaluate on the Test set:
Test loss      :11.3537	 | Test Accuracy      : 0.4165 | Test AUPRC      : 0.4560
tensor([0.9695, 0.9667, 0.9674, 0.9644, 0.9914, 0.9959, 0.9658, 1.0097, 0.9607,
        0.9627, 0.9660, 0.9644, 0.9675, 0.9691, 0.9646, 0.9697, 0.9627, 0.9763,
        0.9673, 0.9724, 0.9623, 0.9657, 0.9803, 0.9661, 0.9959, 0.9749, 0.9744,
        0.9683, 0.9633, 0.9749, 0.9662, 1.0000, 0.9756, 0.9667, 0.9792, 0.9622,
        0.9893, 0.9625, 0.9669, 0.9624, 0.9954, 0.9645, 0.9677, 0.9668, 0.9675,
        0.9705, 0.9602, 0.9659, 0.9669, 0.9678, 0.9709, 0.9754, 0.9632, 0.9678,
        0.9682, 0.9683, 0.9621, 0.9689, 0.9730, 0.9699, 0.9650, 0.9701],
       device='cuda:0', grad_fn=<SqueezeBackward1>)

################## Training is Done! #########################
Training time is : 0:00:35.394699
