=============================================
Dataset: SEED
Method:  TS-TCC
Mode:    supervised
=============================================
Data loaded ...
Subjet 2
if scale True
Training started ....

Epoch : 1
Train Loss     : 1.1647	 | 	Train Accuracy     : 0.4426
Valid Loss     : 0.9182	 | 	Valid Accuracy     : 0.5459

Epoch : 2
Train Loss     : 0.8579	 | 	Train Accuracy     : 0.6009
Valid Loss     : 0.8759	 | 	Valid Accuracy     : 0.6675

Epoch : 3
Train Loss     : 0.7008	 | 	Train Accuracy     : 0.6919
Valid Loss     : 0.9643	 | 	Valid Accuracy     : 0.5762

Epoch : 4
Train Loss     : 0.5765	 | 	Train Accuracy     : 0.7649
Valid Loss     : 1.0406	 | 	Valid Accuracy     : 0.5688

Epoch : 5
Train Loss     : 0.5272	 | 	Train Accuracy     : 0.7933
Valid Loss     : 1.0977	 | 	Valid Accuracy     : 0.5820

Epoch : 6
Train Loss     : 0.4915	 | 	Train Accuracy     : 0.8069
Valid Loss     : 1.4386	 | 	Valid Accuracy     : 0.5454

Epoch : 7
Train Loss     : 0.4551	 | 	Train Accuracy     : 0.8264
Valid Loss     : 0.9978	 | 	Valid Accuracy     : 0.6260

Epoch : 8
Train Loss     : 0.4315	 | 	Train Accuracy     : 0.8288
Valid Loss     : 1.0887	 | 	Valid Accuracy     : 0.6045

Epoch : 9
Train Loss     : 0.4043	 | 	Train Accuracy     : 0.8422
Valid Loss     : 1.2989	 | 	Valid Accuracy     : 0.5723

Epoch : 10
Train Loss     : 0.3812	 | 	Train Accuracy     : 0.8543
Valid Loss     : 1.3355	 | 	Valid Accuracy     : 0.5674

Epoch : 11
Train Loss     : 0.3344	 | 	Train Accuracy     : 0.8709
Valid Loss     : 1.4437	 | 	Valid Accuracy     : 0.5342

Epoch : 12
Train Loss     : 0.3119	 | 	Train Accuracy     : 0.8832
Valid Loss     : 1.5725	 | 	Valid Accuracy     : 0.5928

Epoch : 13
Train Loss     : 0.3313	 | 	Train Accuracy     : 0.8764
Valid Loss     : 1.2724	 | 	Valid Accuracy     : 0.6304

Epoch : 14
Train Loss     : 0.2915	 | 	Train Accuracy     : 0.8916
Valid Loss     : 1.4254	 | 	Valid Accuracy     : 0.6206

Epoch : 15
Train Loss     : 0.2621	 | 	Train Accuracy     : 0.9056
Valid Loss     : 1.3744	 | 	Valid Accuracy     : 0.5972

Epoch : 16
Train Loss     : 0.2600	 | 	Train Accuracy     : 0.9068
Valid Loss     : 1.3108	 | 	Valid Accuracy     : 0.6035

Epoch : 17
Train Loss     : 0.2553	 | 	Train Accuracy     : 0.9090
Valid Loss     : 1.4100	 | 	Valid Accuracy     : 0.6255

Epoch : 18
Train Loss     : 0.2519	 | 	Train Accuracy     : 0.9149
Valid Loss     : 1.3376	 | 	Valid Accuracy     : 0.6089

Epoch : 19
Train Loss     : 0.2527	 | 	Train Accuracy     : 0.9142
Valid Loss     : 1.3387	 | 	Valid Accuracy     : 0.5938

Epoch : 20
Train Loss     : 0.2476	 | 	Train Accuracy     : 0.9178
Valid Loss     : 1.3258	 | 	Valid Accuracy     : 0.6157

Epoch : 21
Train Loss     : 0.2358	 | 	Train Accuracy     : 0.9229
Valid Loss     : 1.3183	 | 	Valid Accuracy     : 0.6240

Epoch : 22
Train Loss     : 0.2442	 | 	Train Accuracy     : 0.9195
Valid Loss     : 1.3491	 | 	Valid Accuracy     : 0.6045

Epoch : 23
Train Loss     : 0.2341	 | 	Train Accuracy     : 0.9188
Valid Loss     : 1.3759	 | 	Valid Accuracy     : 0.6201

Epoch : 24
Train Loss     : 0.2351	 | 	Train Accuracy     : 0.9185
Valid Loss     : 1.3184	 | 	Valid Accuracy     : 0.6064

Epoch : 25
Train Loss     : 0.2298	 | 	Train Accuracy     : 0.9217
Valid Loss     : 1.3068	 | 	Valid Accuracy     : 0.6069

Epoch : 26
Train Loss     : 0.2249	 | 	Train Accuracy     : 0.9278
Valid Loss     : 1.3241	 | 	Valid Accuracy     : 0.6118

Epoch : 27
Train Loss     : 0.2214	 | 	Train Accuracy     : 0.9266
Valid Loss     : 1.3501	 | 	Valid Accuracy     : 0.5957

Epoch : 28
Train Loss     : 0.2245	 | 	Train Accuracy     : 0.9254
Valid Loss     : 1.3587	 | 	Valid Accuracy     : 0.6270

Epoch : 29
Train Loss     : 0.2220	 | 	Train Accuracy     : 0.9258
Valid Loss     : 1.3599	 | 	Valid Accuracy     : 0.6299

Epoch : 30
Train Loss     : 0.2218	 | 	Train Accuracy     : 0.9258
Valid Loss     : 1.3175	 | 	Valid Accuracy     : 0.6152

Evaluate on the Test set:
Test loss      :1.6464	 | Test Accuracy      : 0.5899 | Test AUPRC      : 0.4893
tensor([0.9279, 0.8837, 0.9496, 0.8618, 0.8587, 0.9581, 0.8085, 0.7980, 0.8190,
        0.7628, 0.7723, 0.7341, 0.8019, 0.8749, 0.9438, 0.9124, 0.8227, 0.7802,
        0.7620, 0.7198, 0.7575, 0.8405, 0.8569, 0.9800, 0.8323, 0.7241, 0.7617,
        0.7769, 0.7687, 0.7395, 0.7623, 0.7587, 0.8230, 0.8253, 0.7769, 0.8283,
        0.7731, 0.7368, 0.7448, 0.7425, 0.7445, 0.9297, 0.8553, 0.8711, 0.8117,
        0.8221, 0.8576, 0.7573, 0.8134, 0.9157, 0.9202, 0.7984, 0.8563, 0.8476,
        0.8138, 0.7387, 0.8153, 0.7609, 0.8914, 0.7787, 0.7526, 0.7693],
       device='cuda:0', grad_fn=<SqueezeBackward1>)

################## Training is Done! #########################
Training time is : 0:01:38.626610
