=============================================
Dataset: SEED
Method:  TS-TCC
Mode:    supervised
=============================================
Data loaded ...
Subjet 3
if scale True
Training started ....

Epoch : 1
Train Loss     : 1.1573	 | 	Train Accuracy     : 0.4706
Valid Loss     : 1.0965	 | 	Valid Accuracy     : 0.4275

Epoch : 2
Train Loss     : 0.9655	 | 	Train Accuracy     : 0.6676
Valid Loss     : 1.0676	 | 	Valid Accuracy     : 0.5800

Epoch : 3
Train Loss     : 0.6071	 | 	Train Accuracy     : 0.7459
Valid Loss     : 1.0848	 | 	Valid Accuracy     : 0.4152

Epoch : 4
Train Loss     : 0.4153	 | 	Train Accuracy     : 0.8715
Valid Loss     : 1.0703	 | 	Valid Accuracy     : 0.5734

Epoch : 5
Train Loss     : 0.2738	 | 	Train Accuracy     : 0.8918
Valid Loss     : 1.1055	 | 	Valid Accuracy     : 0.5618

Epoch : 6
Train Loss     : 0.1723	 | 	Train Accuracy     : 0.9665
Valid Loss     : 1.2276	 | 	Valid Accuracy     : 0.5110

Epoch : 7
Train Loss     : 0.0974	 | 	Train Accuracy     : 0.9875
Valid Loss     : 1.4003	 | 	Valid Accuracy     : 0.4755

Epoch : 8
Train Loss     : 0.0840	 | 	Train Accuracy     : 0.9795
Valid Loss     : 1.7085	 | 	Valid Accuracy     : 0.4640

Epoch : 9
Train Loss     : 0.0499	 | 	Train Accuracy     : 0.9907
Valid Loss     : 1.9018	 | 	Valid Accuracy     : 0.4644

Epoch : 10
Train Loss     : 0.0398	 | 	Train Accuracy     : 0.9912
Valid Loss     : 2.1323	 | 	Valid Accuracy     : 0.4587

Epoch : 11
Train Loss     : 0.0352	 | 	Train Accuracy     : 0.9953
Valid Loss     : 2.4572	 | 	Valid Accuracy     : 0.4416

Epoch : 12
Train Loss     : 0.0291	 | 	Train Accuracy     : 0.9987
Valid Loss     : 2.7799	 | 	Valid Accuracy     : 0.4435

Epoch : 13
Train Loss     : 0.0179	 | 	Train Accuracy     : 1.0000
Valid Loss     : 3.0209	 | 	Valid Accuracy     : 0.4370

Epoch : 14
Train Loss     : 0.0139	 | 	Train Accuracy     : 1.0000
Valid Loss     : 3.2776	 | 	Valid Accuracy     : 0.4270

Epoch : 15
Train Loss     : 0.0134	 | 	Train Accuracy     : 1.0000
Valid Loss     : 3.6512	 | 	Valid Accuracy     : 0.4193

Epoch : 16
Train Loss     : 0.0167	 | 	Train Accuracy     : 1.0000
Valid Loss     : 3.7096	 | 	Valid Accuracy     : 0.4146

Epoch : 17
Train Loss     : 0.0128	 | 	Train Accuracy     : 1.0000
Valid Loss     : 3.7853	 | 	Valid Accuracy     : 0.4046

Epoch : 18
Train Loss     : 0.0155	 | 	Train Accuracy     : 1.0000
Valid Loss     : 3.9777	 | 	Valid Accuracy     : 0.4098

Epoch : 19
Train Loss     : 0.0132	 | 	Train Accuracy     : 1.0000
Valid Loss     : 3.9819	 | 	Valid Accuracy     : 0.4068

Epoch : 20
Train Loss     : 0.0107	 | 	Train Accuracy     : 1.0000
Valid Loss     : 3.9047	 | 	Valid Accuracy     : 0.4134

Epoch : 21
Train Loss     : 0.0127	 | 	Train Accuracy     : 1.0000
Valid Loss     : 4.0735	 | 	Valid Accuracy     : 0.4076

Epoch : 22
Train Loss     : 0.0136	 | 	Train Accuracy     : 0.9987
Valid Loss     : 4.0921	 | 	Valid Accuracy     : 0.4113

Epoch : 23
Train Loss     : 0.0119	 | 	Train Accuracy     : 1.0000
Valid Loss     : 4.0860	 | 	Valid Accuracy     : 0.4096

Epoch : 24
Train Loss     : 0.0120	 | 	Train Accuracy     : 1.0000
Valid Loss     : 4.0534	 | 	Valid Accuracy     : 0.4108

Epoch : 25
Train Loss     : 0.0120	 | 	Train Accuracy     : 1.0000
Valid Loss     : 4.2423	 | 	Valid Accuracy     : 0.3994

Epoch : 26
Train Loss     : 0.0113	 | 	Train Accuracy     : 1.0000
Valid Loss     : 4.1414	 | 	Valid Accuracy     : 0.4088

Epoch : 27
Train Loss     : 0.0137	 | 	Train Accuracy     : 0.9974
Valid Loss     : 4.1039	 | 	Valid Accuracy     : 0.4071

Epoch : 28
Train Loss     : 0.0123	 | 	Train Accuracy     : 1.0000
Valid Loss     : 4.1740	 | 	Valid Accuracy     : 0.4084

Epoch : 29
Train Loss     : 0.0112	 | 	Train Accuracy     : 1.0000
Valid Loss     : 4.1579	 | 	Valid Accuracy     : 0.4040

Epoch : 30
Train Loss     : 0.0142	 | 	Train Accuracy     : 1.0000
Valid Loss     : 4.0703	 | 	Valid Accuracy     : 0.4130

Evaluate on the Test set:
Test loss      :3.6283	 | Test Accuracy      : 0.3881 | Test AUPRC      : 0.5035
tensor([0.9660, 0.9652, 0.9694, 0.9832, 0.9799, 0.9680, 1.0029, 0.9735, 0.9644,
        0.9655, 0.9669, 0.9736, 0.9921, 0.9820, 0.9900, 0.9681, 0.9757, 0.9745,
        0.9656, 0.9716, 0.9720, 0.9621, 0.9740, 0.9660, 0.9923, 0.9649, 0.9789,
        0.9667, 0.9611, 0.9684, 0.9723, 1.0260, 0.9676, 0.9650, 0.9821, 0.9649,
        0.9804, 0.9675, 0.9628, 0.9668, 0.9720, 0.9653, 0.9612, 0.9662, 0.9672,
        0.9679, 0.9629, 0.9642, 0.9644, 0.9697, 0.9661, 0.9648, 0.9655, 0.9615,
        0.9666, 0.9811, 0.9651, 0.9646, 0.9669, 0.9701, 0.9673, 0.9883],
       device='cuda:0', grad_fn=<SqueezeBackward1>)

################## Training is Done! #########################
Training time is : 0:00:49.116802
