=============================================
Dataset: SEED
Method:  TS-TCC
Mode:    supervised
=============================================
Data loaded ...
Subjet 9
if scale True
Training started ....

Epoch : 1
Train Loss     : 1.1303	 | 	Train Accuracy     : 0.5416
Valid Loss     : 0.8245	 | 	Valid Accuracy     : 0.6253

Epoch : 2
Train Loss     : 0.6248	 | 	Train Accuracy     : 0.7338
Valid Loss     : 0.7109	 | 	Valid Accuracy     : 0.6667

Epoch : 3
Train Loss     : 0.4782	 | 	Train Accuracy     : 0.7974
Valid Loss     : 0.6526	 | 	Valid Accuracy     : 0.6921

Epoch : 4
Train Loss     : 0.4117	 | 	Train Accuracy     : 0.8364
Valid Loss     : 0.6600	 | 	Valid Accuracy     : 0.6767

Epoch : 5
Train Loss     : 0.3741	 | 	Train Accuracy     : 0.8552
Valid Loss     : 0.6582	 | 	Valid Accuracy     : 0.7193

Epoch : 6
Train Loss     : 0.3299	 | 	Train Accuracy     : 0.8734
Valid Loss     : 0.7036	 | 	Valid Accuracy     : 0.7007

Epoch : 7
Train Loss     : 0.2895	 | 	Train Accuracy     : 0.8980
Valid Loss     : 0.6550	 | 	Valid Accuracy     : 0.7089

Epoch : 8
Train Loss     : 0.2716	 | 	Train Accuracy     : 0.8957
Valid Loss     : 0.6728	 | 	Valid Accuracy     : 0.7159

Epoch : 9
Train Loss     : 0.2409	 | 	Train Accuracy     : 0.9154
Valid Loss     : 0.7113	 | 	Valid Accuracy     : 0.6953

Epoch : 10
Train Loss     : 0.2258	 | 	Train Accuracy     : 0.9248
Valid Loss     : 0.7344	 | 	Valid Accuracy     : 0.7143

Epoch : 11
Train Loss     : 0.2050	 | 	Train Accuracy     : 0.9336
Valid Loss     : 0.8264	 | 	Valid Accuracy     : 0.6702

Epoch : 12
Train Loss     : 0.2022	 | 	Train Accuracy     : 0.9327
Valid Loss     : 0.8969	 | 	Valid Accuracy     : 0.6566

Epoch : 13
Train Loss     : 0.1762	 | 	Train Accuracy     : 0.9389
Valid Loss     : 0.8106	 | 	Valid Accuracy     : 0.6521

Epoch : 14
Train Loss     : 0.1676	 | 	Train Accuracy     : 0.9442
Valid Loss     : 0.8895	 | 	Valid Accuracy     : 0.6644

Epoch : 15
Train Loss     : 0.1363	 | 	Train Accuracy     : 0.9611
Valid Loss     : 0.8990	 | 	Valid Accuracy     : 0.6479

Epoch : 16
Train Loss     : 0.1253	 | 	Train Accuracy     : 0.9692
Valid Loss     : 0.8313	 | 	Valid Accuracy     : 0.6698

Epoch : 17
Train Loss     : 0.1227	 | 	Train Accuracy     : 0.9692
Valid Loss     : 0.8852	 | 	Valid Accuracy     : 0.6567

Epoch : 18
Train Loss     : 0.1195	 | 	Train Accuracy     : 0.9692
Valid Loss     : 0.8396	 | 	Valid Accuracy     : 0.6685

Epoch : 19
Train Loss     : 0.1162	 | 	Train Accuracy     : 0.9712
Valid Loss     : 0.8654	 | 	Valid Accuracy     : 0.6599

Epoch : 20
Train Loss     : 0.1189	 | 	Train Accuracy     : 0.9678
Valid Loss     : 0.8894	 | 	Valid Accuracy     : 0.6601

Epoch : 21
Train Loss     : 0.1092	 | 	Train Accuracy     : 0.9752
Valid Loss     : 0.8780	 | 	Valid Accuracy     : 0.6574

Epoch : 22
Train Loss     : 0.1078	 | 	Train Accuracy     : 0.9759
Valid Loss     : 0.8578	 | 	Valid Accuracy     : 0.6689

Epoch : 23
Train Loss     : 0.1110	 | 	Train Accuracy     : 0.9713
Valid Loss     : 0.9055	 | 	Valid Accuracy     : 0.6562

Epoch : 24
Train Loss     : 0.1057	 | 	Train Accuracy     : 0.9734
Valid Loss     : 0.9142	 | 	Valid Accuracy     : 0.6515

Epoch : 25
Train Loss     : 0.1044	 | 	Train Accuracy     : 0.9754
Valid Loss     : 0.9044	 | 	Valid Accuracy     : 0.6542

Epoch : 26
Train Loss     : 0.1036	 | 	Train Accuracy     : 0.9742
Valid Loss     : 0.9045	 | 	Valid Accuracy     : 0.6580

Epoch : 27
Train Loss     : 0.1000	 | 	Train Accuracy     : 0.9789
Valid Loss     : 0.9111	 | 	Valid Accuracy     : 0.6552

Epoch : 28
Train Loss     : 0.0952	 | 	Train Accuracy     : 0.9821
Valid Loss     : 0.9212	 | 	Valid Accuracy     : 0.6535

Epoch : 29
Train Loss     : 0.0989	 | 	Train Accuracy     : 0.9765
Valid Loss     : 0.9116	 | 	Valid Accuracy     : 0.6523

Epoch : 30
Train Loss     : 0.0992	 | 	Train Accuracy     : 0.9789
Valid Loss     : 0.9145	 | 	Valid Accuracy     : 0.6514

Evaluate on the Test set:
Test loss      :0.6858	 | Test Accuracy      : 0.7529 | Test AUPRC      : 0.8010
tensor([0.9212, 0.8950, 0.8033, 0.8287, 0.8224, 0.9412, 0.8596, 0.8044, 0.8429,
        0.8864, 0.8277, 0.9678, 0.8224, 0.9144, 0.8819, 0.9461, 0.8507, 0.8192,
        0.8947, 0.8314, 0.9047, 0.8311, 1.0228, 0.9963, 0.8915, 0.8197, 0.8392,
        0.8935, 0.8251, 0.8740, 0.8332, 0.9502, 0.8534, 0.8320, 0.8379, 0.8101,
        0.8463, 0.9129, 0.8116, 0.8292, 0.9504, 0.9443, 0.8554, 0.8279, 0.8204,
        0.8182, 0.8270, 0.9373, 0.8074, 0.8642, 0.8283, 0.8301, 0.8456, 0.8203,
        0.8202, 0.9036, 0.9233, 0.8241, 0.8203, 0.8036, 0.8323, 0.8210],
       device='cuda:0', grad_fn=<SqueezeBackward1>)

################## Training is Done! #########################
Training time is : 0:03:08.815599
