=============================================
Dataset: SEED
Method:  TS-TCC
Mode:    supervised
=============================================
Data loaded ...
Subjet 14
if scale True
Training started ....

Epoch : 1
Train Loss     : 1.0344	 | 	Train Accuracy     : 0.5452
Valid Loss     : 0.6945	 | 	Valid Accuracy     : 0.5984

Epoch : 2
Train Loss     : 0.6801	 | 	Train Accuracy     : 0.7617
Valid Loss     : 0.7904	 | 	Valid Accuracy     : 0.5625

Epoch : 3
Train Loss     : 0.5396	 | 	Train Accuracy     : 0.7987
Valid Loss     : 0.9058	 | 	Valid Accuracy     : 0.5507

Epoch : 4
Train Loss     : 0.5073	 | 	Train Accuracy     : 0.8099
Valid Loss     : 0.9424	 | 	Valid Accuracy     : 0.5227

Epoch : 5
Train Loss     : 0.4628	 | 	Train Accuracy     : 0.8207
Valid Loss     : 0.9391	 | 	Valid Accuracy     : 0.5765

Epoch : 6
Train Loss     : 0.4379	 | 	Train Accuracy     : 0.8351
Valid Loss     : 1.0237	 | 	Valid Accuracy     : 0.5537

Epoch : 7
Train Loss     : 0.4122	 | 	Train Accuracy     : 0.8407
Valid Loss     : 1.0114	 | 	Valid Accuracy     : 0.5807

Epoch : 8
Train Loss     : 0.3974	 | 	Train Accuracy     : 0.8492
Valid Loss     : 1.0201	 | 	Valid Accuracy     : 0.5786

Epoch : 9
Train Loss     : 0.3858	 | 	Train Accuracy     : 0.8519
Valid Loss     : 0.9637	 | 	Valid Accuracy     : 0.5887

Epoch : 10
Train Loss     : 0.4008	 | 	Train Accuracy     : 0.8513
Valid Loss     : 1.2322	 | 	Valid Accuracy     : 0.5524

Epoch : 11
Train Loss     : 0.3948	 | 	Train Accuracy     : 0.8514
Valid Loss     : 1.1605	 | 	Valid Accuracy     : 0.5585

Epoch : 12
Train Loss     : 0.3557	 | 	Train Accuracy     : 0.8659
Valid Loss     : 1.0356	 | 	Valid Accuracy     : 0.5746

Epoch : 13
Train Loss     : 0.3211	 | 	Train Accuracy     : 0.8826
Valid Loss     : 1.0693	 | 	Valid Accuracy     : 0.6193

Epoch : 14
Train Loss     : 0.2984	 | 	Train Accuracy     : 0.8903
Valid Loss     : 1.0434	 | 	Valid Accuracy     : 0.6194

Epoch : 15
Train Loss     : 0.2952	 | 	Train Accuracy     : 0.8868
Valid Loss     : 1.0561	 | 	Valid Accuracy     : 0.6047

Epoch : 16
Train Loss     : 0.2921	 | 	Train Accuracy     : 0.8877
Valid Loss     : 1.0165	 | 	Valid Accuracy     : 0.6155

Epoch : 17
Train Loss     : 0.2860	 | 	Train Accuracy     : 0.8922
Valid Loss     : 1.0382	 | 	Valid Accuracy     : 0.6162

Epoch : 18
Train Loss     : 0.2835	 | 	Train Accuracy     : 0.8912
Valid Loss     : 1.0619	 | 	Valid Accuracy     : 0.6091

Epoch : 19
Train Loss     : 0.2749	 | 	Train Accuracy     : 0.8942
Valid Loss     : 1.0538	 | 	Valid Accuracy     : 0.6163

Epoch : 20
Train Loss     : 0.2724	 | 	Train Accuracy     : 0.8994
Valid Loss     : 1.0518	 | 	Valid Accuracy     : 0.6151

Epoch : 21
Train Loss     : 0.2721	 | 	Train Accuracy     : 0.8990
Valid Loss     : 1.1070	 | 	Valid Accuracy     : 0.6105

Epoch : 22
Train Loss     : 0.2673	 | 	Train Accuracy     : 0.8985
Valid Loss     : 1.0739	 | 	Valid Accuracy     : 0.5653

Epoch : 23
Train Loss     : 0.2633	 | 	Train Accuracy     : 0.9035
Valid Loss     : 1.0838	 | 	Valid Accuracy     : 0.5977

Epoch : 24
Train Loss     : 0.2513	 | 	Train Accuracy     : 0.9069
Valid Loss     : 1.1238	 | 	Valid Accuracy     : 0.6051

Epoch : 25
Train Loss     : 0.2569	 | 	Train Accuracy     : 0.9074
Valid Loss     : 1.0706	 | 	Valid Accuracy     : 0.6107

Epoch : 26
Train Loss     : 0.2568	 | 	Train Accuracy     : 0.9074
Valid Loss     : 1.0766	 | 	Valid Accuracy     : 0.6127

Epoch : 27
Train Loss     : 0.2543	 | 	Train Accuracy     : 0.9064
Valid Loss     : 1.0834	 | 	Valid Accuracy     : 0.5906

Epoch : 28
Train Loss     : 0.2515	 | 	Train Accuracy     : 0.9050
Valid Loss     : 1.0959	 | 	Valid Accuracy     : 0.5824

Epoch : 29
Train Loss     : 0.2521	 | 	Train Accuracy     : 0.9066
Valid Loss     : 1.1042	 | 	Valid Accuracy     : 0.6071

Epoch : 30
Train Loss     : 0.2570	 | 	Train Accuracy     : 0.9060
Valid Loss     : 1.0883	 | 	Valid Accuracy     : 0.6205

Evaluate on the Test set:
Test loss      :0.8471	 | Test Accuracy      : 0.7195 | Test AUPRC      : 0.7801
tensor([0.8176, 0.7841, 0.7519, 0.7517, 0.8310, 0.8487, 0.8950, 0.8647, 0.7443,
        0.8056, 0.7304, 0.7844, 0.7433, 0.8585, 0.7835, 0.8013, 0.8223, 0.7566,
        0.7542, 0.7618, 0.7599, 0.8730, 0.8120, 0.8444, 0.9033, 0.7446, 0.7895,
        0.7559, 0.7607, 0.7508, 0.8568, 0.9800, 1.0153, 0.7641, 0.7312, 0.7346,
        0.7922, 0.7330, 0.7437, 0.7355, 0.9774, 0.7358, 0.9013, 0.7584, 0.7553,
        0.7399, 0.7863, 0.8249, 0.7768, 0.7700, 0.8332, 0.8721, 0.7415, 0.7611,
        0.7804, 0.8488, 0.8993, 0.7889, 0.7434, 0.7493, 0.7912, 0.8201],
       device='cuda:0', grad_fn=<SqueezeBackward1>)

################## Training is Done! #########################
Training time is : 0:02:56.524558
