=============================================
Dataset: SEED
Method:  TS-TCC
Mode:    supervised
=============================================
Data loaded ...
Subjet 1
if scale True
Training started ....

Epoch : 1
Train Loss     : 1.2279	 | 	Train Accuracy     : 0.4657
Valid Loss     : 1.0124	 | 	Valid Accuracy     : 0.5085

Epoch : 2
Train Loss     : 0.7978	 | 	Train Accuracy     : 0.6553
Valid Loss     : 0.9442	 | 	Valid Accuracy     : 0.5121

Epoch : 3
Train Loss     : 0.7148	 | 	Train Accuracy     : 0.6994
Valid Loss     : 0.8630	 | 	Valid Accuracy     : 0.5967

Epoch : 4
Train Loss     : 0.6213	 | 	Train Accuracy     : 0.7529
Valid Loss     : 0.8755	 | 	Valid Accuracy     : 0.5628

Epoch : 5
Train Loss     : 0.5529	 | 	Train Accuracy     : 0.7848
Valid Loss     : 0.8451	 | 	Valid Accuracy     : 0.5939

Epoch : 6
Train Loss     : 0.5179	 | 	Train Accuracy     : 0.8001
Valid Loss     : 0.8391	 | 	Valid Accuracy     : 0.6248

Epoch : 7
Train Loss     : 0.4982	 | 	Train Accuracy     : 0.8071
Valid Loss     : 0.8621	 | 	Valid Accuracy     : 0.6235

Epoch : 8
Train Loss     : 0.4805	 | 	Train Accuracy     : 0.8156
Valid Loss     : 0.8488	 | 	Valid Accuracy     : 0.6179

Epoch : 9
Train Loss     : 0.4693	 | 	Train Accuracy     : 0.8175
Valid Loss     : 0.9729	 | 	Valid Accuracy     : 0.6218

Epoch : 10
Train Loss     : 0.4377	 | 	Train Accuracy     : 0.8308
Valid Loss     : 0.8935	 | 	Valid Accuracy     : 0.6206

Epoch : 11
Train Loss     : 0.4320	 | 	Train Accuracy     : 0.8325
Valid Loss     : 0.9085	 | 	Valid Accuracy     : 0.6328

Epoch : 12
Train Loss     : 0.4138	 | 	Train Accuracy     : 0.8467
Valid Loss     : 0.9003	 | 	Valid Accuracy     : 0.6407

Epoch : 13
Train Loss     : 0.3841	 | 	Train Accuracy     : 0.8537
Valid Loss     : 0.9136	 | 	Valid Accuracy     : 0.6324

Epoch : 14
Train Loss     : 0.3705	 | 	Train Accuracy     : 0.8618
Valid Loss     : 0.9427	 | 	Valid Accuracy     : 0.6241

Epoch : 15
Train Loss     : 0.3682	 | 	Train Accuracy     : 0.8589
Valid Loss     : 0.8848	 | 	Valid Accuracy     : 0.6220

Epoch : 16
Train Loss     : 0.3272	 | 	Train Accuracy     : 0.8789
Valid Loss     : 1.0707	 | 	Valid Accuracy     : 0.6324

Epoch : 17
Train Loss     : 0.3319	 | 	Train Accuracy     : 0.8804
Valid Loss     : 0.9953	 | 	Valid Accuracy     : 0.6371

Epoch : 18
Train Loss     : 0.2937	 | 	Train Accuracy     : 0.8984
Valid Loss     : 0.9153	 | 	Valid Accuracy     : 0.6424

Epoch : 19
Train Loss     : 0.2785	 | 	Train Accuracy     : 0.9004
Valid Loss     : 0.8889	 | 	Valid Accuracy     : 0.6505

Epoch : 20
Train Loss     : 0.2637	 | 	Train Accuracy     : 0.9114
Valid Loss     : 0.9386	 | 	Valid Accuracy     : 0.6407

Epoch : 21
Train Loss     : 0.2672	 | 	Train Accuracy     : 0.9113
Valid Loss     : 0.9806	 | 	Valid Accuracy     : 0.6345

Epoch : 22
Train Loss     : 0.2619	 | 	Train Accuracy     : 0.9129
Valid Loss     : 0.9239	 | 	Valid Accuracy     : 0.6482

Epoch : 23
Train Loss     : 0.2553	 | 	Train Accuracy     : 0.9117
Valid Loss     : 0.9433	 | 	Valid Accuracy     : 0.6468

Epoch : 24
Train Loss     : 0.2502	 | 	Train Accuracy     : 0.9150
Valid Loss     : 1.1077	 | 	Valid Accuracy     : 0.6117

Epoch : 25
Train Loss     : 0.2489	 | 	Train Accuracy     : 0.9164
Valid Loss     : 0.9520	 | 	Valid Accuracy     : 0.6466

Epoch : 26
Train Loss     : 0.2491	 | 	Train Accuracy     : 0.9137
Valid Loss     : 0.9133	 | 	Valid Accuracy     : 0.6567

Epoch : 27
Train Loss     : 0.2380	 | 	Train Accuracy     : 0.9214
Valid Loss     : 0.9265	 | 	Valid Accuracy     : 0.6450

Epoch : 28
Train Loss     : 0.2382	 | 	Train Accuracy     : 0.9196
Valid Loss     : 1.0008	 | 	Valid Accuracy     : 0.6260

Epoch : 29
Train Loss     : 0.2277	 | 	Train Accuracy     : 0.9288
Valid Loss     : 0.9839	 | 	Valid Accuracy     : 0.6369

Epoch : 30
Train Loss     : 0.2280	 | 	Train Accuracy     : 0.9296
Valid Loss     : 0.9322	 | 	Valid Accuracy     : 0.6484

Evaluate on the Test set:
Test loss      :0.7673	 | Test Accuracy      : 0.7320 | Test AUPRC      : 0.7767
tensor([0.8413, 0.8997, 0.7704, 0.7668, 0.6919, 0.8803, 0.7383, 0.6951, 0.6906,
        0.6662, 0.7714, 0.6951, 0.7435, 0.8044, 0.8787, 0.8463, 0.7049, 0.7787,
        0.6883, 0.9157, 0.8189, 0.8126, 0.9464, 0.9620, 0.8865, 0.7611, 0.6704,
        0.8059, 0.7010, 0.6757, 0.6969, 0.9565, 0.7038, 0.7690, 0.6950, 0.6664,
        0.7083, 0.8128, 0.6613, 0.7324, 0.7198, 0.7774, 0.7118, 0.7188, 0.8467,
        0.7547, 0.6331, 0.7636, 0.8623, 0.8838, 0.9005, 0.9405, 0.7143, 0.6719,
        0.6755, 0.9364, 0.8129, 0.8129, 0.7607, 0.7684, 0.6461, 0.7780],
       device='cuda:0', grad_fn=<SqueezeBackward1>)

################## Training is Done! #########################
Training time is : 0:02:51.906225
