=============================================
Dataset: SEED
Method:  TS-TCC
Mode:    supervised
=============================================
Data loaded ...
Subjet 13
if scale True
Training started ....

Epoch : 1
Train Loss     : 1.1399	 | 	Train Accuracy     : 0.5515
Valid Loss     : 0.7126	 | 	Valid Accuracy     : 0.6723

Epoch : 2
Train Loss     : 0.5600	 | 	Train Accuracy     : 0.7289
Valid Loss     : 0.7679	 | 	Valid Accuracy     : 0.6243

Epoch : 3
Train Loss     : 0.4492	 | 	Train Accuracy     : 0.7996
Valid Loss     : 0.8821	 | 	Valid Accuracy     : 0.5800

Epoch : 4
Train Loss     : 0.3898	 | 	Train Accuracy     : 0.8387
Valid Loss     : 0.5264	 | 	Valid Accuracy     : 0.7909

Epoch : 5
Train Loss     : 0.3179	 | 	Train Accuracy     : 0.8705
Valid Loss     : 0.5571	 | 	Valid Accuracy     : 0.7750

Epoch : 6
Train Loss     : 0.3137	 | 	Train Accuracy     : 0.8679
Valid Loss     : 0.7122	 | 	Valid Accuracy     : 0.7332

Epoch : 7
Train Loss     : 0.2759	 | 	Train Accuracy     : 0.8882
Valid Loss     : 0.6442	 | 	Valid Accuracy     : 0.7597

Epoch : 8
Train Loss     : 0.2425	 | 	Train Accuracy     : 0.9034
Valid Loss     : 0.5168	 | 	Valid Accuracy     : 0.7965

Epoch : 9
Train Loss     : 0.2126	 | 	Train Accuracy     : 0.9209
Valid Loss     : 0.5655	 | 	Valid Accuracy     : 0.7710

Epoch : 10
Train Loss     : 0.2078	 | 	Train Accuracy     : 0.9186
Valid Loss     : 0.5952	 | 	Valid Accuracy     : 0.7648

Epoch : 11
Train Loss     : 0.1864	 | 	Train Accuracy     : 0.9340
Valid Loss     : 0.5985	 | 	Valid Accuracy     : 0.7760

Epoch : 12
Train Loss     : 0.1731	 | 	Train Accuracy     : 0.9406
Valid Loss     : 0.5585	 | 	Valid Accuracy     : 0.7720

Epoch : 13
Train Loss     : 0.1695	 | 	Train Accuracy     : 0.9373
Valid Loss     : 0.6116	 | 	Valid Accuracy     : 0.7614

Epoch : 14
Train Loss     : 0.1699	 | 	Train Accuracy     : 0.9396
Valid Loss     : 0.5871	 | 	Valid Accuracy     : 0.7617

Epoch : 15
Train Loss     : 0.1371	 | 	Train Accuracy     : 0.9533
Valid Loss     : 0.5899	 | 	Valid Accuracy     : 0.7527

Epoch : 16
Train Loss     : 0.1279	 | 	Train Accuracy     : 0.9552
Valid Loss     : 0.5804	 | 	Valid Accuracy     : 0.7829

Epoch : 17
Train Loss     : 0.1364	 | 	Train Accuracy     : 0.9562
Valid Loss     : 0.6200	 | 	Valid Accuracy     : 0.7722

Epoch : 18
Train Loss     : 0.1140	 | 	Train Accuracy     : 0.9634
Valid Loss     : 0.6417	 | 	Valid Accuracy     : 0.7701

Epoch : 19
Train Loss     : 0.1171	 | 	Train Accuracy     : 0.9626
Valid Loss     : 0.6620	 | 	Valid Accuracy     : 0.7646

Epoch : 20
Train Loss     : 0.1029	 | 	Train Accuracy     : 0.9696
Valid Loss     : 0.6588	 | 	Valid Accuracy     : 0.7632

Epoch : 21
Train Loss     : 0.0931	 | 	Train Accuracy     : 0.9760
Valid Loss     : 0.6849	 | 	Valid Accuracy     : 0.7759

Epoch : 22
Train Loss     : 0.0790	 | 	Train Accuracy     : 0.9827
Valid Loss     : 0.6586	 | 	Valid Accuracy     : 0.7736

Epoch : 23
Train Loss     : 0.0818	 | 	Train Accuracy     : 0.9809
Valid Loss     : 0.7010	 | 	Valid Accuracy     : 0.7701

Epoch : 24
Train Loss     : 0.0793	 | 	Train Accuracy     : 0.9787
Valid Loss     : 0.6740	 | 	Valid Accuracy     : 0.7546

Epoch : 25
Train Loss     : 0.0770	 | 	Train Accuracy     : 0.9830
Valid Loss     : 0.6714	 | 	Valid Accuracy     : 0.7739

Epoch : 26
Train Loss     : 0.0739	 | 	Train Accuracy     : 0.9831
Valid Loss     : 0.6981	 | 	Valid Accuracy     : 0.7561

Epoch : 27
Train Loss     : 0.0699	 | 	Train Accuracy     : 0.9852
Valid Loss     : 0.6883	 | 	Valid Accuracy     : 0.7737

Epoch : 28
Train Loss     : 0.0665	 | 	Train Accuracy     : 0.9877
Valid Loss     : 0.6851	 | 	Valid Accuracy     : 0.7718

Epoch : 29
Train Loss     : 0.0693	 | 	Train Accuracy     : 0.9862
Valid Loss     : 0.6713	 | 	Valid Accuracy     : 0.7725

Epoch : 30
Train Loss     : 0.0675	 | 	Train Accuracy     : 0.9866
Valid Loss     : 0.6545	 | 	Valid Accuracy     : 0.7836

Evaluate on the Test set:
Test loss      :2.3893	 | Test Accuracy      : 0.6243 | Test AUPRC      : 0.6396
tensor([0.9567, 0.7292, 0.8937, 0.9555, 0.7199, 0.8910, 0.8746, 0.7987, 0.7759,
        0.7488, 0.7111, 0.8471, 0.8416, 0.9012, 0.8601, 0.8167, 0.8493, 0.7151,
        0.7402, 0.7077, 0.7268, 0.7702, 0.7159, 0.9498, 0.9621, 0.7282, 0.7473,
        0.7875, 0.7122, 0.8877, 0.7448, 0.9330, 0.8469, 0.8324, 0.7966, 0.7046,
        0.7840, 0.7050, 0.7302, 0.7425, 0.8038, 0.9294, 0.9449, 0.6983, 0.7357,
        0.7288, 0.7156, 0.7372, 0.7992, 0.7180, 0.8116, 0.7613, 0.7200, 0.8569,
        0.7206, 0.7038, 0.7508, 0.7225, 0.8368, 0.7083, 0.7959, 0.9264],
       device='cuda:0', grad_fn=<SqueezeBackward1>)

################## Training is Done! #########################
Training time is : 0:02:14.993085
