=============================================
Dataset: SEED
Method:  TS-TCC
Mode:    supervised
=============================================
Data loaded ...
Subjet 1
if scale False
Training started ....

Epoch : 1
Train Loss     : 1.2476	 | 	Train Accuracy     : 0.4586
Valid Loss     : 1.0124	 | 	Valid Accuracy     : 0.5312

Epoch : 2
Train Loss     : 0.8010	 | 	Train Accuracy     : 0.6398
Valid Loss     : 0.9367	 | 	Valid Accuracy     : 0.5190

Epoch : 3
Train Loss     : 0.7163	 | 	Train Accuracy     : 0.6999
Valid Loss     : 0.8878	 | 	Valid Accuracy     : 0.5674

Epoch : 4
Train Loss     : 0.6061	 | 	Train Accuracy     : 0.7636
Valid Loss     : 0.9142	 | 	Valid Accuracy     : 0.5732

Epoch : 5
Train Loss     : 0.5451	 | 	Train Accuracy     : 0.7909
Valid Loss     : 0.8835	 | 	Valid Accuracy     : 0.5962

Epoch : 6
Train Loss     : 0.5177	 | 	Train Accuracy     : 0.7982
Valid Loss     : 0.7868	 | 	Valid Accuracy     : 0.6401

Epoch : 7
Train Loss     : 0.5020	 | 	Train Accuracy     : 0.8105
Valid Loss     : 0.8455	 | 	Valid Accuracy     : 0.6392

Epoch : 8
Train Loss     : 0.4908	 | 	Train Accuracy     : 0.8093
Valid Loss     : 0.8708	 | 	Valid Accuracy     : 0.6284

Epoch : 9
Train Loss     : 0.4457	 | 	Train Accuracy     : 0.8281
Valid Loss     : 0.8477	 | 	Valid Accuracy     : 0.6455

Epoch : 10
Train Loss     : 0.4374	 | 	Train Accuracy     : 0.8322
Valid Loss     : 0.8381	 | 	Valid Accuracy     : 0.6362

Epoch : 11
Train Loss     : 0.4193	 | 	Train Accuracy     : 0.8361
Valid Loss     : 0.9400	 | 	Valid Accuracy     : 0.6533

Epoch : 12
Train Loss     : 0.3956	 | 	Train Accuracy     : 0.8499
Valid Loss     : 0.8668	 | 	Valid Accuracy     : 0.6377

Epoch : 13
Train Loss     : 0.3649	 | 	Train Accuracy     : 0.8616
Valid Loss     : 0.9033	 | 	Valid Accuracy     : 0.6523

Epoch : 14
Train Loss     : 0.3539	 | 	Train Accuracy     : 0.8670
Valid Loss     : 0.9784	 | 	Valid Accuracy     : 0.6362

Epoch : 15
Train Loss     : 0.3475	 | 	Train Accuracy     : 0.8711
Valid Loss     : 0.9417	 | 	Valid Accuracy     : 0.6567

Epoch : 16
Train Loss     : 0.3315	 | 	Train Accuracy     : 0.8792
Valid Loss     : 0.9652	 | 	Valid Accuracy     : 0.6416

Epoch : 17
Train Loss     : 0.3260	 | 	Train Accuracy     : 0.8781
Valid Loss     : 0.9518	 | 	Valid Accuracy     : 0.6533

Epoch : 18
Train Loss     : 0.2832	 | 	Train Accuracy     : 0.8991
Valid Loss     : 0.9653	 | 	Valid Accuracy     : 0.6484

Epoch : 19
Train Loss     : 0.2589	 | 	Train Accuracy     : 0.9132
Valid Loss     : 1.0387	 | 	Valid Accuracy     : 0.6421

Epoch : 20
Train Loss     : 0.2518	 | 	Train Accuracy     : 0.9124
Valid Loss     : 0.9607	 | 	Valid Accuracy     : 0.6641

Epoch : 21
Train Loss     : 0.2430	 | 	Train Accuracy     : 0.9226
Valid Loss     : 0.9781	 | 	Valid Accuracy     : 0.6494

Epoch : 22
Train Loss     : 0.2401	 | 	Train Accuracy     : 0.9197
Valid Loss     : 1.0446	 | 	Valid Accuracy     : 0.6387

Epoch : 23
Train Loss     : 0.2364	 | 	Train Accuracy     : 0.9215
Valid Loss     : 0.9579	 | 	Valid Accuracy     : 0.6582

Epoch : 24
Train Loss     : 0.2226	 | 	Train Accuracy     : 0.9287
Valid Loss     : 0.8960	 | 	Valid Accuracy     : 0.6704

Epoch : 25
Train Loss     : 0.2322	 | 	Train Accuracy     : 0.9193
Valid Loss     : 0.9471	 | 	Valid Accuracy     : 0.6646

Epoch : 26
Train Loss     : 0.2262	 | 	Train Accuracy     : 0.9265
Valid Loss     : 0.9845	 | 	Valid Accuracy     : 0.6582

Epoch : 27
Train Loss     : 0.2206	 | 	Train Accuracy     : 0.9333
Valid Loss     : 0.9466	 | 	Valid Accuracy     : 0.6548

Epoch : 28
Train Loss     : 0.2245	 | 	Train Accuracy     : 0.9254
Valid Loss     : 0.9692	 | 	Valid Accuracy     : 0.6611

Epoch : 29
Train Loss     : 0.2150	 | 	Train Accuracy     : 0.9305
Valid Loss     : 1.0046	 | 	Valid Accuracy     : 0.6519

Epoch : 30
Train Loss     : 0.2119	 | 	Train Accuracy     : 0.9326
Valid Loss     : 0.9893	 | 	Valid Accuracy     : 0.6572

Evaluate on the Test set:
Test loss      :0.8299	 | Test Accuracy      : 0.7187 | Test AUPRC      : 0.5706
tensor([1., 1., 1., 1., 1., 1., 1., 1., 1., 1., 1., 1., 1., 1., 1., 1., 1., 1.,
        1., 1., 1., 1., 1., 1., 1., 1., 1., 1., 1., 1., 1., 1., 1., 1., 1., 1.,
        1., 1., 1., 1., 1., 1., 1., 1., 1., 1., 1., 1., 1., 1., 1., 1., 1., 1.,
        1., 1., 1., 1., 1., 1., 1., 1.], device='cuda:0',
       grad_fn=<SqueezeBackward1>)

################## Training is Done! #########################
Training time is : 0:01:49.097478
