=============================================
Dataset: SEED
Method:  TS-TCC
Mode:    supervised
=============================================
Data loaded ...
Subjet 14
if scale False
Training started ....

Epoch : 1
Train Loss     : 1.0458	 | 	Train Accuracy     : 0.5413
Valid Loss     : 0.6787	 | 	Valid Accuracy     : 0.6133

Epoch : 2
Train Loss     : 0.6940	 | 	Train Accuracy     : 0.7403
Valid Loss     : 0.8093	 | 	Valid Accuracy     : 0.5742

Epoch : 3
Train Loss     : 0.5615	 | 	Train Accuracy     : 0.7999
Valid Loss     : 0.8822	 | 	Valid Accuracy     : 0.5425

Epoch : 4
Train Loss     : 0.5335	 | 	Train Accuracy     : 0.8032
Valid Loss     : 0.9642	 | 	Valid Accuracy     : 0.5312

Epoch : 5
Train Loss     : 0.4897	 | 	Train Accuracy     : 0.8152
Valid Loss     : 0.9602	 | 	Valid Accuracy     : 0.5439

Epoch : 6
Train Loss     : 0.4588	 | 	Train Accuracy     : 0.8283
Valid Loss     : 0.9851	 | 	Valid Accuracy     : 0.6187

Epoch : 7
Train Loss     : 0.4492	 | 	Train Accuracy     : 0.8329
Valid Loss     : 1.0075	 | 	Valid Accuracy     : 0.6123

Epoch : 8
Train Loss     : 0.4694	 | 	Train Accuracy     : 0.8315
Valid Loss     : 1.0500	 | 	Valid Accuracy     : 0.6260

Epoch : 9
Train Loss     : 0.4132	 | 	Train Accuracy     : 0.8429
Valid Loss     : 1.0576	 | 	Valid Accuracy     : 0.6543

Epoch : 10
Train Loss     : 0.3886	 | 	Train Accuracy     : 0.8539
Valid Loss     : 1.1502	 | 	Valid Accuracy     : 0.5796

Epoch : 11
Train Loss     : 0.3853	 | 	Train Accuracy     : 0.8556
Valid Loss     : 1.0485	 | 	Valid Accuracy     : 0.6406

Epoch : 12
Train Loss     : 0.4048	 | 	Train Accuracy     : 0.8426
Valid Loss     : 1.1575	 | 	Valid Accuracy     : 0.6089

Epoch : 13
Train Loss     : 0.3493	 | 	Train Accuracy     : 0.8689
Valid Loss     : 1.1191	 | 	Valid Accuracy     : 0.6304

Epoch : 14
Train Loss     : 0.3265	 | 	Train Accuracy     : 0.8758
Valid Loss     : 1.1229	 | 	Valid Accuracy     : 0.6392

Epoch : 15
Train Loss     : 0.3158	 | 	Train Accuracy     : 0.8772
Valid Loss     : 1.1272	 | 	Valid Accuracy     : 0.6396

Epoch : 16
Train Loss     : 0.3111	 | 	Train Accuracy     : 0.8789
Valid Loss     : 1.1346	 | 	Valid Accuracy     : 0.6470

Epoch : 17
Train Loss     : 0.3074	 | 	Train Accuracy     : 0.8815
Valid Loss     : 1.1465	 | 	Valid Accuracy     : 0.6460

Epoch : 18
Train Loss     : 0.3027	 | 	Train Accuracy     : 0.8845
Valid Loss     : 1.1536	 | 	Valid Accuracy     : 0.6641

Epoch : 19
Train Loss     : 0.2987	 | 	Train Accuracy     : 0.8855
Valid Loss     : 1.1210	 | 	Valid Accuracy     : 0.6465

Epoch : 20
Train Loss     : 0.2982	 | 	Train Accuracy     : 0.8867
Valid Loss     : 1.1446	 | 	Valid Accuracy     : 0.6538

Epoch : 21
Train Loss     : 0.2953	 | 	Train Accuracy     : 0.8876
Valid Loss     : 1.1318	 | 	Valid Accuracy     : 0.6475

Epoch : 22
Train Loss     : 0.2881	 | 	Train Accuracy     : 0.8872
Valid Loss     : 1.1612	 | 	Valid Accuracy     : 0.6504

Epoch : 23
Train Loss     : 0.2730	 | 	Train Accuracy     : 0.8964
Valid Loss     : 1.1322	 | 	Valid Accuracy     : 0.6445

Epoch : 24
Train Loss     : 0.2716	 | 	Train Accuracy     : 0.8972
Valid Loss     : 1.1327	 | 	Valid Accuracy     : 0.6489

Epoch : 25
Train Loss     : 0.2740	 | 	Train Accuracy     : 0.8966
Valid Loss     : 1.1576	 | 	Valid Accuracy     : 0.6489

Epoch : 26
Train Loss     : 0.2719	 | 	Train Accuracy     : 0.8971
Valid Loss     : 1.1595	 | 	Valid Accuracy     : 0.6484

Epoch : 27
Train Loss     : 0.2686	 | 	Train Accuracy     : 0.9010
Valid Loss     : 1.1520	 | 	Valid Accuracy     : 0.6553

Epoch : 28
Train Loss     : 0.2741	 | 	Train Accuracy     : 0.9006
Valid Loss     : 1.1608	 | 	Valid Accuracy     : 0.6514

Epoch : 29
Train Loss     : 0.2681	 | 	Train Accuracy     : 0.9037
Valid Loss     : 1.1546	 | 	Valid Accuracy     : 0.6494

Epoch : 30
Train Loss     : 0.2722	 | 	Train Accuracy     : 0.8986
Valid Loss     : 1.1551	 | 	Valid Accuracy     : 0.6553

Evaluate on the Test set:
Test loss      :1.0025	 | Test Accuracy      : 0.6989 | Test AUPRC      : 0.5624
tensor([1., 1., 1., 1., 1., 1., 1., 1., 1., 1., 1., 1., 1., 1., 1., 1., 1., 1.,
        1., 1., 1., 1., 1., 1., 1., 1., 1., 1., 1., 1., 1., 1., 1., 1., 1., 1.,
        1., 1., 1., 1., 1., 1., 1., 1., 1., 1., 1., 1., 1., 1., 1., 1., 1., 1.,
        1., 1., 1., 1., 1., 1., 1., 1.], device='cuda:0',
       grad_fn=<SqueezeBackward1>)

################## Training is Done! #########################
Training time is : 0:01:30.037876
