=============================================
Dataset: SEED
Method:  TS-TCC
Mode:    supervised
=============================================
Data loaded ...
Subjet 9
if scale True
Training started ....

Epoch : 1
Train Loss     : 0.9495	 | 	Train Accuracy     : 0.5566
Valid Loss     : 0.7670	 | 	Valid Accuracy     : 0.6427

Epoch : 2
Train Loss     : 0.5680	 | 	Train Accuracy     : 0.7599
Valid Loss     : 0.7201	 | 	Valid Accuracy     : 0.6651

Epoch : 3
Train Loss     : 0.4417	 | 	Train Accuracy     : 0.8177
Valid Loss     : 0.6516	 | 	Valid Accuracy     : 0.6878

Epoch : 4
Train Loss     : 0.3588	 | 	Train Accuracy     : 0.8704
Valid Loss     : 0.6611	 | 	Valid Accuracy     : 0.7054

Epoch : 5
Train Loss     : 0.3072	 | 	Train Accuracy     : 0.8868
Valid Loss     : 0.6201	 | 	Valid Accuracy     : 0.7072

Epoch : 6
Train Loss     : 0.2730	 | 	Train Accuracy     : 0.9106
Valid Loss     : 0.6003	 | 	Valid Accuracy     : 0.7297

Epoch : 7
Train Loss     : 0.2439	 | 	Train Accuracy     : 0.9130
Valid Loss     : 0.6032	 | 	Valid Accuracy     : 0.7292

Epoch : 8
Train Loss     : 0.2182	 | 	Train Accuracy     : 0.9268
Valid Loss     : 0.6297	 | 	Valid Accuracy     : 0.7456

Epoch : 9
Train Loss     : 0.2089	 | 	Train Accuracy     : 0.9282
Valid Loss     : 0.6010	 | 	Valid Accuracy     : 0.7488

Epoch : 10
Train Loss     : 0.1717	 | 	Train Accuracy     : 0.9400
Valid Loss     : 0.6078	 | 	Valid Accuracy     : 0.7398

Epoch : 11
Train Loss     : 0.1538	 | 	Train Accuracy     : 0.9536
Valid Loss     : 0.6200	 | 	Valid Accuracy     : 0.7470

Epoch : 12
Train Loss     : 0.1377	 | 	Train Accuracy     : 0.9588
Valid Loss     : 0.6563	 | 	Valid Accuracy     : 0.7241

Epoch : 13
Train Loss     : 0.1273	 | 	Train Accuracy     : 0.9656
Valid Loss     : 0.7037	 | 	Valid Accuracy     : 0.7290

Epoch : 14
Train Loss     : 0.1145	 | 	Train Accuracy     : 0.9657
Valid Loss     : 0.7222	 | 	Valid Accuracy     : 0.7288

Epoch : 15
Train Loss     : 0.1145	 | 	Train Accuracy     : 0.9669
Valid Loss     : 0.9337	 | 	Valid Accuracy     : 0.6959

Epoch : 16
Train Loss     : 0.1200	 | 	Train Accuracy     : 0.9656
Valid Loss     : 0.9054	 | 	Valid Accuracy     : 0.7271

Epoch : 17
Train Loss     : 0.1075	 | 	Train Accuracy     : 0.9664
Valid Loss     : 0.9562	 | 	Valid Accuracy     : 0.7147

Epoch : 18
Train Loss     : 0.0822	 | 	Train Accuracy     : 0.9807
Valid Loss     : 0.8091	 | 	Valid Accuracy     : 0.7193

Epoch : 19
Train Loss     : 0.0763	 | 	Train Accuracy     : 0.9815
Valid Loss     : 0.8035	 | 	Valid Accuracy     : 0.7128

Epoch : 20
Train Loss     : 0.0727	 | 	Train Accuracy     : 0.9851
Valid Loss     : 0.8955	 | 	Valid Accuracy     : 0.7075

Epoch : 21
Train Loss     : 0.0650	 | 	Train Accuracy     : 0.9864
Valid Loss     : 0.8156	 | 	Valid Accuracy     : 0.7131

Epoch : 22
Train Loss     : 0.0671	 | 	Train Accuracy     : 0.9882
Valid Loss     : 0.8298	 | 	Valid Accuracy     : 0.7150

Epoch : 23
Train Loss     : 0.0626	 | 	Train Accuracy     : 0.9898
Valid Loss     : 0.8562	 | 	Valid Accuracy     : 0.7049

Epoch : 24
Train Loss     : 0.0627	 | 	Train Accuracy     : 0.9901
Valid Loss     : 0.8844	 | 	Valid Accuracy     : 0.7020

Epoch : 25
Train Loss     : 0.0605	 | 	Train Accuracy     : 0.9913
Valid Loss     : 0.8648	 | 	Valid Accuracy     : 0.7056

Epoch : 26
Train Loss     : 0.0613	 | 	Train Accuracy     : 0.9895
Valid Loss     : 0.8532	 | 	Valid Accuracy     : 0.7076

Epoch : 27
Train Loss     : 0.0583	 | 	Train Accuracy     : 0.9928
Valid Loss     : 0.8817	 | 	Valid Accuracy     : 0.7010

Epoch : 28
Train Loss     : 0.0555	 | 	Train Accuracy     : 0.9913
Valid Loss     : 0.8703	 | 	Valid Accuracy     : 0.6998

Epoch : 29
Train Loss     : 0.0543	 | 	Train Accuracy     : 0.9933
Valid Loss     : 0.8861	 | 	Valid Accuracy     : 0.7020

Epoch : 30
Train Loss     : 0.0555	 | 	Train Accuracy     : 0.9916
Valid Loss     : 0.8738	 | 	Valid Accuracy     : 0.7006

Evaluate on the Test set:
Test loss      :0.7641	 | Test Accuracy      : 0.7458 | Test AUPRC      : 0.8012
tensor([0.9450, 0.9074, 0.8053, 0.8278, 0.8221, 0.9397, 0.8425, 0.7970, 0.8168,
        0.8397, 0.8251, 0.9454, 0.8243, 0.9268, 0.9069, 0.9631, 0.8572, 0.8068,
        0.8983, 0.8222, 0.8951, 0.8845, 1.0300, 0.9751, 0.8904, 0.8243, 0.8227,
        0.8600, 0.8385, 0.8637, 0.8252, 0.9634, 0.8812, 0.8723, 0.8265, 0.8086,
        0.8234, 0.9075, 0.8126, 0.8271, 0.9732, 0.9084, 0.8464, 0.8138, 0.8345,
        0.8365, 0.8101, 0.9200, 0.8221, 0.8700, 0.8404, 0.8224, 0.8122, 0.7989,
        0.8084, 0.8832, 0.8481, 0.8338, 0.8270, 0.8089, 0.8041, 0.8129],
       device='cuda:0', grad_fn=<SqueezeBackward1>)

################## Training is Done! #########################
Training time is : 0:02:29.999499
