=============================================
Dataset: SEED
Method:  TS-TCC
Mode:    supervised
=============================================
Data loaded ...
Subjet 9
if scale True
Training started ....

Epoch : 1
Train Loss     : 0.9155	 | 	Train Accuracy     : 0.5274
Valid Loss     : 1.1911	 | 	Valid Accuracy     : 0.5637

Epoch : 2
Train Loss     : 0.4449	 | 	Train Accuracy     : 0.8337
Valid Loss     : 1.2024	 | 	Valid Accuracy     : 0.4978

Epoch : 3
Train Loss     : 0.2857	 | 	Train Accuracy     : 0.9108
Valid Loss     : 1.1758	 | 	Valid Accuracy     : 0.4846

Epoch : 4
Train Loss     : 0.1795	 | 	Train Accuracy     : 0.9389
Valid Loss     : 1.0925	 | 	Valid Accuracy     : 0.5077

Epoch : 5
Train Loss     : 0.1730	 | 	Train Accuracy     : 0.9375
Valid Loss     : 1.1416	 | 	Valid Accuracy     : 0.5283

Epoch : 6
Train Loss     : 0.1276	 | 	Train Accuracy     : 0.9541
Valid Loss     : 1.2234	 | 	Valid Accuracy     : 0.5292

Epoch : 7
Train Loss     : 0.0835	 | 	Train Accuracy     : 0.9709
Valid Loss     : 1.3411	 | 	Valid Accuracy     : 0.5079

Epoch : 8
Train Loss     : 0.0821	 | 	Train Accuracy     : 0.9717
Valid Loss     : 1.5790	 | 	Valid Accuracy     : 0.4872

Epoch : 9
Train Loss     : 0.0745	 | 	Train Accuracy     : 0.9761
Valid Loss     : 1.9095	 | 	Valid Accuracy     : 0.4725

Epoch : 10
Train Loss     : 0.0587	 | 	Train Accuracy     : 0.9772
Valid Loss     : 2.0893	 | 	Valid Accuracy     : 0.4720

Epoch : 11
Train Loss     : 0.0512	 | 	Train Accuracy     : 0.9790
Valid Loss     : 2.1333	 | 	Valid Accuracy     : 0.4669

Epoch : 12
Train Loss     : 0.0451	 | 	Train Accuracy     : 0.9886
Valid Loss     : 2.0142	 | 	Valid Accuracy     : 0.4930

Epoch : 13
Train Loss     : 0.0360	 | 	Train Accuracy     : 0.9927
Valid Loss     : 2.0088	 | 	Valid Accuracy     : 0.5052

Epoch : 14
Train Loss     : 0.0409	 | 	Train Accuracy     : 0.9871
Valid Loss     : 2.0378	 | 	Valid Accuracy     : 0.5165

Epoch : 15
Train Loss     : 0.0287	 | 	Train Accuracy     : 0.9979
Valid Loss     : 2.1685	 | 	Valid Accuracy     : 0.5134

Epoch : 16
Train Loss     : 0.0310	 | 	Train Accuracy     : 0.9920
Valid Loss     : 2.0867	 | 	Valid Accuracy     : 0.5302

Epoch : 17
Train Loss     : 0.0262	 | 	Train Accuracy     : 0.9948
Valid Loss     : 2.0748	 | 	Valid Accuracy     : 0.5308

Epoch : 18
Train Loss     : 0.0253	 | 	Train Accuracy     : 0.9974
Valid Loss     : 2.0119	 | 	Valid Accuracy     : 0.5395

Epoch : 19
Train Loss     : 0.0271	 | 	Train Accuracy     : 0.9959
Valid Loss     : 2.0183	 | 	Valid Accuracy     : 0.5492

Epoch : 20
Train Loss     : 0.0216	 | 	Train Accuracy     : 0.9966
Valid Loss     : 2.0229	 | 	Valid Accuracy     : 0.5431

Epoch : 21
Train Loss     : 0.0214	 | 	Train Accuracy     : 0.9979
Valid Loss     : 2.0340	 | 	Valid Accuracy     : 0.5378

Epoch : 22
Train Loss     : 0.0343	 | 	Train Accuracy     : 0.9899
Valid Loss     : 2.0152	 | 	Valid Accuracy     : 0.5513

Epoch : 23
Train Loss     : 0.0196	 | 	Train Accuracy     : 0.9974
Valid Loss     : 2.0740	 | 	Valid Accuracy     : 0.5407

Epoch : 24
Train Loss     : 0.0247	 | 	Train Accuracy     : 0.9966
Valid Loss     : 2.1020	 | 	Valid Accuracy     : 0.5402

Epoch : 25
Train Loss     : 0.0291	 | 	Train Accuracy     : 0.9933
Valid Loss     : 2.0916	 | 	Valid Accuracy     : 0.5395

Epoch : 26
Train Loss     : 0.0220	 | 	Train Accuracy     : 0.9974
Valid Loss     : 2.0663	 | 	Valid Accuracy     : 0.5424

Epoch : 27
Train Loss     : 0.0238	 | 	Train Accuracy     : 0.9966
Valid Loss     : 2.0730	 | 	Valid Accuracy     : 0.5504

Epoch : 28
Train Loss     : 0.0224	 | 	Train Accuracy     : 0.9953
Valid Loss     : 2.0692	 | 	Valid Accuracy     : 0.5545

Epoch : 29
Train Loss     : 0.0220	 | 	Train Accuracy     : 0.9974
Valid Loss     : 2.0867	 | 	Valid Accuracy     : 0.5448

Epoch : 30
Train Loss     : 0.0291	 | 	Train Accuracy     : 0.9912
Valid Loss     : 2.0964	 | 	Valid Accuracy     : 0.5494

Evaluate on the Test set:
Test loss      :1.9467	 | Test Accuracy      : 0.5531 | Test AUPRC      : 0.6694
tensor([0.9572, 0.9606, 0.9649, 0.9670, 0.9613, 0.9594, 0.9587, 0.9587, 0.9590,
        0.9623, 0.9731, 0.9607, 0.9594, 0.9604, 0.9614, 0.9577, 0.9546, 0.9730,
        0.9753, 0.9713, 0.9749, 0.9552, 0.9770, 1.0082, 1.0039, 0.9606, 0.9836,
        0.9622, 0.9558, 0.9732, 0.9679, 0.9844, 0.9624, 0.9703, 0.9640, 0.9613,
        0.9682, 0.9714, 0.9637, 0.9617, 0.9592, 0.9583, 0.9734, 0.9564, 0.9694,
        0.9671, 0.9602, 0.9780, 0.9621, 0.9628, 0.9675, 0.9703, 0.9632, 0.9554,
        0.9639, 0.9636, 0.9559, 0.9592, 0.9677, 0.9684, 0.9597, 0.9615],
       device='cuda:0', grad_fn=<SqueezeBackward1>)

################## Training is Done! #########################
Training time is : 0:00:46.942289
