=============================================
Dataset: SEED
Method:  TS-TCC
Mode:    supervised
=============================================
Data loaded ...
Subjet 15
if scale True
Training started ....

Epoch : 1
Train Loss     : 0.9564	 | 	Train Accuracy     : 0.6255
Valid Loss     : 0.7064	 | 	Valid Accuracy     : 0.7748

Epoch : 2
Train Loss     : 0.3031	 | 	Train Accuracy     : 0.8816
Valid Loss     : 0.7355	 | 	Valid Accuracy     : 0.8088

Epoch : 3
Train Loss     : 0.1402	 | 	Train Accuracy     : 0.9605
Valid Loss     : 1.4940	 | 	Valid Accuracy     : 0.6820

Epoch : 4
Train Loss     : 0.0795	 | 	Train Accuracy     : 0.9822
Valid Loss     : 1.3454	 | 	Valid Accuracy     : 0.7954

Epoch : 5
Train Loss     : 0.0534	 | 	Train Accuracy     : 0.9865
Valid Loss     : 1.2616	 | 	Valid Accuracy     : 0.8241

Epoch : 6
Train Loss     : 0.0393	 | 	Train Accuracy     : 0.9939
Valid Loss     : 1.2768	 | 	Valid Accuracy     : 0.8196

Epoch : 7
Train Loss     : 0.0397	 | 	Train Accuracy     : 0.9915
Valid Loss     : 1.2612	 | 	Valid Accuracy     : 0.8183

Epoch : 8
Train Loss     : 0.0304	 | 	Train Accuracy     : 0.9950
Valid Loss     : 1.1184	 | 	Valid Accuracy     : 0.7954

Epoch : 9
Train Loss     : 0.0231	 | 	Train Accuracy     : 0.9975
Valid Loss     : 1.2548	 | 	Valid Accuracy     : 0.7858

Epoch : 10
Train Loss     : 0.0192	 | 	Train Accuracy     : 0.9982
Valid Loss     : 0.8456	 | 	Valid Accuracy     : 0.7893

Epoch : 11
Train Loss     : 0.0170	 | 	Train Accuracy     : 0.9986
Valid Loss     : 0.8786	 | 	Valid Accuracy     : 0.7761

Epoch : 12
Train Loss     : 0.0151	 | 	Train Accuracy     : 0.9993
Valid Loss     : 0.7899	 | 	Valid Accuracy     : 0.7809

Epoch : 13
Train Loss     : 0.0136	 | 	Train Accuracy     : 0.9996
Valid Loss     : 1.1385	 | 	Valid Accuracy     : 0.7905

Epoch : 14
Train Loss     : 0.0120	 | 	Train Accuracy     : 1.0000
Valid Loss     : 0.9609	 | 	Valid Accuracy     : 0.7838

Epoch : 15
Train Loss     : 0.0129	 | 	Train Accuracy     : 0.9996
Valid Loss     : 0.9406	 | 	Valid Accuracy     : 0.7879

Epoch : 16
Train Loss     : 0.0109	 | 	Train Accuracy     : 0.9989
Valid Loss     : 0.9609	 | 	Valid Accuracy     : 0.7875

Epoch : 17
Train Loss     : 0.0108	 | 	Train Accuracy     : 1.0000
Valid Loss     : 0.9522	 | 	Valid Accuracy     : 0.7904

Epoch : 18
Train Loss     : 0.0118	 | 	Train Accuracy     : 0.9996
Valid Loss     : 0.9712	 | 	Valid Accuracy     : 0.7853

Epoch : 19
Train Loss     : 0.0107	 | 	Train Accuracy     : 0.9996
Valid Loss     : 0.9284	 | 	Valid Accuracy     : 0.7925

Epoch : 20
Train Loss     : 0.0108	 | 	Train Accuracy     : 0.9996
Valid Loss     : 0.9437	 | 	Valid Accuracy     : 0.7924

Epoch : 21
Train Loss     : 0.0096	 | 	Train Accuracy     : 1.0000
Valid Loss     : 0.9633	 | 	Valid Accuracy     : 0.7941

Epoch : 22
Train Loss     : 0.0102	 | 	Train Accuracy     : 0.9989
Valid Loss     : 1.1760	 | 	Valid Accuracy     : 0.7941

Epoch : 23
Train Loss     : 0.0090	 | 	Train Accuracy     : 1.0000
Valid Loss     : 0.9824	 | 	Valid Accuracy     : 0.7958

Epoch : 24
Train Loss     : 0.0096	 | 	Train Accuracy     : 0.9989
Valid Loss     : 1.0170	 | 	Valid Accuracy     : 0.7900

Epoch : 25
Train Loss     : 0.0098	 | 	Train Accuracy     : 1.0000
Valid Loss     : 0.9741	 | 	Valid Accuracy     : 0.7987

Epoch : 26
Train Loss     : 0.0098	 | 	Train Accuracy     : 1.0000
Valid Loss     : 1.0045	 | 	Valid Accuracy     : 0.7966

Epoch : 27
Train Loss     : 0.0095	 | 	Train Accuracy     : 1.0000
Valid Loss     : 1.0711	 | 	Valid Accuracy     : 0.7954

Epoch : 28
Train Loss     : 0.0086	 | 	Train Accuracy     : 1.0000
Valid Loss     : 1.0793	 | 	Valid Accuracy     : 0.7866

Epoch : 29
Train Loss     : 0.0087	 | 	Train Accuracy     : 1.0000
Valid Loss     : 1.0988	 | 	Valid Accuracy     : 0.7936

Epoch : 30
Train Loss     : 0.0089	 | 	Train Accuracy     : 1.0000
Valid Loss     : 1.0209	 | 	Valid Accuracy     : 0.7935

Evaluate on the Test set:
Test loss      :17.2173	 | Test Accuracy      : 0.5108 | Test AUPRC      : 0.6300
tensor([0.9508, 0.9233, 0.8836, 0.9184, 0.8993, 0.9114, 0.9198, 0.8913, 0.9022,
        0.8940, 0.8949, 0.8923, 0.8801, 0.9165, 0.9332, 0.9455, 0.9109, 0.8888,
        0.8822, 0.8996, 0.8967, 0.9123, 0.8905, 1.0013, 0.9116, 0.8928, 0.9719,
        0.8993, 0.8830, 0.8904, 0.9044, 1.0037, 0.9110, 0.8848, 0.8911, 0.8813,
        0.9169, 0.8953, 0.8940, 0.9298, 0.9115, 0.9273, 0.8959, 0.8627, 0.8887,
        0.8894, 0.8865, 0.8874, 0.8919, 0.9032, 0.9074, 0.8904, 0.8970, 0.8957,
        0.8894, 0.8889, 0.8941, 0.9456, 0.9082, 0.8847, 0.9494, 0.8987],
       device='cuda:0', grad_fn=<SqueezeBackward1>)

################## Training is Done! #########################
Training time is : 0:02:18.582190
