=============================================
Dataset: SEED
Method:  TS-TCC
Mode:    supervised
=============================================
Data loaded ...
Subjet 15
if scale False
Training started ....

Epoch : 1
Train Loss     : 0.6384	 | 	Train Accuracy     : 0.7255
Valid Loss     : 0.4353	 | 	Valid Accuracy     : 0.9243

Epoch : 2
Train Loss     : 0.2075	 | 	Train Accuracy     : 0.9280
Valid Loss     : 0.5690	 | 	Valid Accuracy     : 0.8345

Epoch : 3
Train Loss     : 0.1240	 | 	Train Accuracy     : 0.9620
Valid Loss     : 0.3403	 | 	Valid Accuracy     : 0.8687

Epoch : 4
Train Loss     : 0.0797	 | 	Train Accuracy     : 0.9789
Valid Loss     : 0.2460	 | 	Valid Accuracy     : 0.8667

Epoch : 5
Train Loss     : 0.0611	 | 	Train Accuracy     : 0.9832
Valid Loss     : 1.2396	 | 	Valid Accuracy     : 0.9053

Epoch : 6
Train Loss     : 0.0507	 | 	Train Accuracy     : 0.9852
Valid Loss     : 0.4914	 | 	Valid Accuracy     : 0.9390

Epoch : 7
Train Loss     : 0.0402	 | 	Train Accuracy     : 0.9876
Valid Loss     : 0.8953	 | 	Valid Accuracy     : 0.9180

Epoch : 8
Train Loss     : 0.0327	 | 	Train Accuracy     : 0.9920
Valid Loss     : 0.4343	 | 	Valid Accuracy     : 0.9692

Epoch : 9
Train Loss     : 0.0297	 | 	Train Accuracy     : 0.9932
Valid Loss     : 0.4468	 | 	Valid Accuracy     : 0.9702

Epoch : 10
Train Loss     : 0.0261	 | 	Train Accuracy     : 0.9951
Valid Loss     : 3.0146	 | 	Valid Accuracy     : 0.9209

Epoch : 11
Train Loss     : 0.0205	 | 	Train Accuracy     : 0.9968
Valid Loss     : 0.4154	 | 	Valid Accuracy     : 0.9678

Epoch : 12
Train Loss     : 0.0183	 | 	Train Accuracy     : 0.9964
Valid Loss     : 0.8254	 | 	Valid Accuracy     : 0.9185

Epoch : 13
Train Loss     : 0.0275	 | 	Train Accuracy     : 0.9918
Valid Loss     : 0.2720	 | 	Valid Accuracy     : 0.9600

Epoch : 14
Train Loss     : 0.0260	 | 	Train Accuracy     : 0.9937
Valid Loss     : 0.5073	 | 	Valid Accuracy     : 0.9429

Epoch : 15
Train Loss     : 0.0246	 | 	Train Accuracy     : 0.9939
Valid Loss     : 0.8097	 | 	Valid Accuracy     : 0.9214

Epoch : 16
Train Loss     : 0.0134	 | 	Train Accuracy     : 0.9968
Valid Loss     : 0.6657	 | 	Valid Accuracy     : 0.9380

Epoch : 17
Train Loss     : 0.0099	 | 	Train Accuracy     : 0.9988
Valid Loss     : 1.0671	 | 	Valid Accuracy     : 0.9351

Epoch : 18
Train Loss     : 0.0088	 | 	Train Accuracy     : 0.9993
Valid Loss     : 1.3308	 | 	Valid Accuracy     : 0.9336

Epoch : 19
Train Loss     : 0.0090	 | 	Train Accuracy     : 0.9995
Valid Loss     : 1.7414	 | 	Valid Accuracy     : 0.9331

Epoch : 20
Train Loss     : 0.0082	 | 	Train Accuracy     : 1.0000
Valid Loss     : 2.2747	 | 	Valid Accuracy     : 0.9336

Epoch : 21
Train Loss     : 0.0082	 | 	Train Accuracy     : 0.9995
Valid Loss     : 2.8502	 | 	Valid Accuracy     : 0.9282

Epoch : 22
Train Loss     : 0.0081	 | 	Train Accuracy     : 0.9997
Valid Loss     : 3.2603	 | 	Valid Accuracy     : 0.9287

Epoch : 23
Train Loss     : 0.0075	 | 	Train Accuracy     : 0.9995
Valid Loss     : 3.3699	 | 	Valid Accuracy     : 0.9331

Epoch : 24
Train Loss     : 0.0085	 | 	Train Accuracy     : 0.9988
Valid Loss     : 3.8303	 | 	Valid Accuracy     : 0.9312

Epoch : 25
Train Loss     : 0.0075	 | 	Train Accuracy     : 0.9995
Valid Loss     : 3.3316	 | 	Valid Accuracy     : 0.9336

Epoch : 26
Train Loss     : 0.0066	 | 	Train Accuracy     : 0.9997
Valid Loss     : 4.1584	 | 	Valid Accuracy     : 0.9268

Epoch : 27
Train Loss     : 0.0066	 | 	Train Accuracy     : 0.9998
Valid Loss     : 5.0216	 | 	Valid Accuracy     : 0.9292

Epoch : 28
Train Loss     : 0.0060	 | 	Train Accuracy     : 0.9998
Valid Loss     : 5.1919	 | 	Valid Accuracy     : 0.9282

Epoch : 29
Train Loss     : 0.0058	 | 	Train Accuracy     : 1.0000
Valid Loss     : 4.7844	 | 	Valid Accuracy     : 0.9297

Epoch : 30
Train Loss     : 0.0066	 | 	Train Accuracy     : 0.9993
Valid Loss     : 5.0577	 | 	Valid Accuracy     : 0.9302

Evaluate on the Test set:
Test loss      :37.7333	 | Test Accuracy      : 0.6530 | Test AUPRC      : 0.5326
tensor([1., 1., 1., 1., 1., 1., 1., 1., 1., 1., 1., 1., 1., 1., 1., 1., 1., 1.,
        1., 1., 1., 1., 1., 1., 1., 1., 1., 1., 1., 1., 1., 1., 1., 1., 1., 1.,
        1., 1., 1., 1., 1., 1., 1., 1., 1., 1., 1., 1., 1., 1., 1., 1., 1., 1.,
        1., 1., 1., 1., 1., 1., 1., 1.], device='cuda:0',
       grad_fn=<SqueezeBackward1>)

################## Training is Done! #########################
Training time is : 0:01:41.493244
