=============================================
Dataset: SEED
Method:  TS-TCC
Mode:    supervised
=============================================
Data loaded ...
Subjet 13
if scale True
Training started ....

Epoch : 1
Train Loss     : 1.6997	 | 	Train Accuracy     : 0.4646
Valid Loss     : 0.9467	 | 	Valid Accuracy     : 0.6031

Epoch : 2
Train Loss     : 0.8573	 | 	Train Accuracy     : 0.5280
Valid Loss     : 0.8056	 | 	Valid Accuracy     : 0.5762

Epoch : 3
Train Loss     : 0.6548	 | 	Train Accuracy     : 0.7174
Valid Loss     : 0.7906	 | 	Valid Accuracy     : 0.6110

Epoch : 4
Train Loss     : 0.4892	 | 	Train Accuracy     : 0.7873
Valid Loss     : 0.8688	 | 	Valid Accuracy     : 0.5627

Epoch : 5
Train Loss     : 0.4330	 | 	Train Accuracy     : 0.7878
Valid Loss     : 0.7647	 | 	Valid Accuracy     : 0.6494

Epoch : 6
Train Loss     : 0.3360	 | 	Train Accuracy     : 0.8659
Valid Loss     : 0.8811	 | 	Valid Accuracy     : 0.6282

Epoch : 7
Train Loss     : 0.2978	 | 	Train Accuracy     : 0.8872
Valid Loss     : 0.9005	 | 	Valid Accuracy     : 0.6111

Epoch : 8
Train Loss     : 0.2617	 | 	Train Accuracy     : 0.9034
Valid Loss     : 0.9707	 | 	Valid Accuracy     : 0.6031

Epoch : 9
Train Loss     : 0.2754	 | 	Train Accuracy     : 0.8887
Valid Loss     : 1.3986	 | 	Valid Accuracy     : 0.4016

Epoch : 10
Train Loss     : 0.2414	 | 	Train Accuracy     : 0.9269
Valid Loss     : 1.2327	 | 	Valid Accuracy     : 0.4623

Epoch : 11
Train Loss     : 0.2118	 | 	Train Accuracy     : 0.9353
Valid Loss     : 1.3380	 | 	Valid Accuracy     : 0.5036

Epoch : 12
Train Loss     : 0.2427	 | 	Train Accuracy     : 0.8937
Valid Loss     : 1.1397	 | 	Valid Accuracy     : 0.5242

Epoch : 13
Train Loss     : 0.2452	 | 	Train Accuracy     : 0.9091
Valid Loss     : 1.0829	 | 	Valid Accuracy     : 0.5676

Epoch : 14
Train Loss     : 0.1916	 | 	Train Accuracy     : 0.9368
Valid Loss     : 1.0970	 | 	Valid Accuracy     : 0.5996

Epoch : 15
Train Loss     : 0.2421	 | 	Train Accuracy     : 0.8852
Valid Loss     : 1.1388	 | 	Valid Accuracy     : 0.6311

Epoch : 16
Train Loss     : 0.2063	 | 	Train Accuracy     : 0.9184
Valid Loss     : 0.9871	 | 	Valid Accuracy     : 0.6192

Epoch : 17
Train Loss     : 0.2359	 | 	Train Accuracy     : 0.8824
Valid Loss     : 0.9527	 | 	Valid Accuracy     : 0.6314

Epoch : 18
Train Loss     : 0.1816	 | 	Train Accuracy     : 0.9321
Valid Loss     : 1.0399	 | 	Valid Accuracy     : 0.6265

Epoch : 19
Train Loss     : 0.1634	 | 	Train Accuracy     : 0.9286
Valid Loss     : 1.0902	 | 	Valid Accuracy     : 0.6352

Epoch : 20
Train Loss     : 0.1434	 | 	Train Accuracy     : 0.9444
Valid Loss     : 1.0994	 | 	Valid Accuracy     : 0.6331

Epoch : 21
Train Loss     : 0.1744	 | 	Train Accuracy     : 0.9358
Valid Loss     : 1.1212	 | 	Valid Accuracy     : 0.6121

Epoch : 22
Train Loss     : 0.1168	 | 	Train Accuracy     : 0.9674
Valid Loss     : 1.0543	 | 	Valid Accuracy     : 0.6234

Epoch : 23
Train Loss     : 0.1315	 | 	Train Accuracy     : 0.9510
Valid Loss     : 1.0852	 | 	Valid Accuracy     : 0.6326

Epoch : 24
Train Loss     : 0.1186	 | 	Train Accuracy     : 0.9772
Valid Loss     : 1.0300	 | 	Valid Accuracy     : 0.6273

Epoch : 25
Train Loss     : 0.1227	 | 	Train Accuracy     : 0.9740
Valid Loss     : 1.0636	 | 	Valid Accuracy     : 0.6384

Epoch : 26
Train Loss     : 0.1153	 | 	Train Accuracy     : 0.9746
Valid Loss     : 1.0653	 | 	Valid Accuracy     : 0.6278

Epoch : 27
Train Loss     : 0.1364	 | 	Train Accuracy     : 0.9607
Valid Loss     : 1.1245	 | 	Valid Accuracy     : 0.6428

Epoch : 28
Train Loss     : 0.1246	 | 	Train Accuracy     : 0.9753
Valid Loss     : 1.1058	 | 	Valid Accuracy     : 0.6315

Epoch : 29
Train Loss     : 0.1557	 | 	Train Accuracy     : 0.9633
Valid Loss     : 1.0768	 | 	Valid Accuracy     : 0.6401

Epoch : 30
Train Loss     : 0.1147	 | 	Train Accuracy     : 0.9766
Valid Loss     : 1.0516	 | 	Valid Accuracy     : 0.6406

Evaluate on the Test set:
Test loss      :1.8008	 | Test Accuracy      : 0.5203 | Test AUPRC      : 0.5813
tensor([0.9674, 0.9421, 0.9373, 1.0082, 0.9402, 0.9664, 0.9922, 0.9301, 0.9571,
        0.9438, 0.9359, 0.9483, 0.9582, 0.9538, 0.9847, 0.9852, 0.9565, 0.9453,
        0.9373, 0.9305, 0.9451, 0.9508, 0.9351, 1.0084, 1.0032, 0.9276, 0.9652,
        0.9515, 0.9269, 0.9349, 0.9531, 0.9905, 0.9495, 0.9618, 0.9630, 0.9336,
        0.9412, 0.9330, 0.9333, 0.9451, 0.9505, 0.9613, 0.9430, 0.9241, 0.9276,
        0.9222, 0.9221, 0.9395, 0.9291, 0.9437, 0.9367, 0.9266, 0.9378, 0.9977,
        0.9399, 0.9293, 0.9418, 0.9332, 0.9277, 0.9413, 0.9501, 0.9461],
       device='cuda:0', grad_fn=<SqueezeBackward1>)

################## Training is Done! #########################
Training time is : 0:01:01.119003
