=============================================
Dataset: SEED
Method:  TS-TCC
Mode:    supervised
=============================================
Data loaded ...
Subjet 11
if scale True
Training started ....

Epoch : 1
Train Loss     : 1.6388	 | 	Train Accuracy     : 0.3963
Valid Loss     : 0.9668	 | 	Valid Accuracy     : 0.4266

Epoch : 2
Train Loss     : 0.8104	 | 	Train Accuracy     : 0.6176
Valid Loss     : 0.8734	 | 	Valid Accuracy     : 0.5609

Epoch : 3
Train Loss     : 0.5941	 | 	Train Accuracy     : 0.8069
Valid Loss     : 0.7499	 | 	Valid Accuracy     : 0.6445

Epoch : 4
Train Loss     : 0.4490	 | 	Train Accuracy     : 0.8433
Valid Loss     : 0.9810	 | 	Valid Accuracy     : 0.5364

Epoch : 5
Train Loss     : 0.3473	 | 	Train Accuracy     : 0.8622
Valid Loss     : 0.7630	 | 	Valid Accuracy     : 0.6622

Epoch : 6
Train Loss     : 0.3075	 | 	Train Accuracy     : 0.8917
Valid Loss     : 0.7915	 | 	Valid Accuracy     : 0.6666

Epoch : 7
Train Loss     : 0.2594	 | 	Train Accuracy     : 0.8941
Valid Loss     : 0.8888	 | 	Valid Accuracy     : 0.6434

Epoch : 8
Train Loss     : 0.2694	 | 	Train Accuracy     : 0.8928
Valid Loss     : 0.8993	 | 	Valid Accuracy     : 0.6539

Epoch : 9
Train Loss     : 0.2473	 | 	Train Accuracy     : 0.9119
Valid Loss     : 0.8876	 | 	Valid Accuracy     : 0.6545

Epoch : 10
Train Loss     : 0.2448	 | 	Train Accuracy     : 0.9049
Valid Loss     : 0.9640	 | 	Valid Accuracy     : 0.6475

Epoch : 11
Train Loss     : 0.1824	 | 	Train Accuracy     : 0.9401
Valid Loss     : 0.9703	 | 	Valid Accuracy     : 0.6477

Epoch : 12
Train Loss     : 0.1733	 | 	Train Accuracy     : 0.9408
Valid Loss     : 0.9256	 | 	Valid Accuracy     : 0.6535

Epoch : 13
Train Loss     : 0.2277	 | 	Train Accuracy     : 0.9008
Valid Loss     : 0.9981	 | 	Valid Accuracy     : 0.6434

Epoch : 14
Train Loss     : 0.1891	 | 	Train Accuracy     : 0.9460
Valid Loss     : 0.8251	 | 	Valid Accuracy     : 0.6833

Epoch : 15
Train Loss     : 0.1435	 | 	Train Accuracy     : 0.9538
Valid Loss     : 0.8771	 | 	Valid Accuracy     : 0.6823

Epoch : 16
Train Loss     : 0.2025	 | 	Train Accuracy     : 0.9186
Valid Loss     : 0.8681	 | 	Valid Accuracy     : 0.6865

Epoch : 17
Train Loss     : 0.1337	 | 	Train Accuracy     : 0.9603
Valid Loss     : 1.0007	 | 	Valid Accuracy     : 0.6630

Epoch : 18
Train Loss     : 0.1432	 | 	Train Accuracy     : 0.9525
Valid Loss     : 0.9883	 | 	Valid Accuracy     : 0.6689

Epoch : 19
Train Loss     : 0.2185	 | 	Train Accuracy     : 0.9319
Valid Loss     : 0.9276	 | 	Valid Accuracy     : 0.6782

Epoch : 20
Train Loss     : 0.1337	 | 	Train Accuracy     : 0.9648
Valid Loss     : 0.8943	 | 	Valid Accuracy     : 0.6833

Epoch : 21
Train Loss     : 0.1455	 | 	Train Accuracy     : 0.9529
Valid Loss     : 0.8743	 | 	Valid Accuracy     : 0.6775

Epoch : 22
Train Loss     : 0.1526	 | 	Train Accuracy     : 0.9542
Valid Loss     : 0.8412	 | 	Valid Accuracy     : 0.6831

Epoch : 23
Train Loss     : 0.1272	 | 	Train Accuracy     : 0.9661
Valid Loss     : 0.9342	 | 	Valid Accuracy     : 0.6737

Epoch : 24
Train Loss     : 0.1157	 | 	Train Accuracy     : 0.9688
Valid Loss     : 0.9325	 | 	Valid Accuracy     : 0.6702

Epoch : 25
Train Loss     : 0.1428	 | 	Train Accuracy     : 0.9542
Valid Loss     : 0.8928	 | 	Valid Accuracy     : 0.6742

Epoch : 26
Train Loss     : 0.1625	 | 	Train Accuracy     : 0.9397
Valid Loss     : 0.9215	 | 	Valid Accuracy     : 0.6684

Epoch : 27
Train Loss     : 0.1655	 | 	Train Accuracy     : 0.9377
Valid Loss     : 0.9014	 | 	Valid Accuracy     : 0.6650

Epoch : 28
Train Loss     : 0.1662	 | 	Train Accuracy     : 0.9410
Valid Loss     : 0.9052	 | 	Valid Accuracy     : 0.6698

Epoch : 29
Train Loss     : 0.1435	 | 	Train Accuracy     : 0.9442
Valid Loss     : 0.8664	 | 	Valid Accuracy     : 0.6801

Epoch : 30
Train Loss     : 0.1460	 | 	Train Accuracy     : 0.9529
Valid Loss     : 0.8554	 | 	Valid Accuracy     : 0.6813

Evaluate on the Test set:
Test loss      :0.9072	 | Test Accuracy      : 0.7304 | Test AUPRC      : 0.7068
tensor([0.9705, 0.9315, 0.9440, 0.9534, 0.9537, 0.9752, 0.9689, 0.9361, 0.9604,
        0.9448, 0.9399, 0.9443, 0.9448, 0.9607, 0.9816, 0.9675, 0.9493, 0.9360,
        0.9372, 0.9648, 0.9690, 1.0064, 1.0090, 0.9859, 0.9892, 0.9452, 0.9589,
        0.9435, 0.9378, 0.9751, 0.9877, 0.9677, 0.9479, 0.9768, 0.9734, 0.9358,
        0.9619, 0.9753, 0.9390, 0.9497, 0.9401, 0.9749, 0.9588, 0.9369, 0.9504,
        0.9468, 0.9401, 0.9429, 0.9572, 0.9625, 0.9501, 0.9493, 0.9457, 0.9563,
        0.9539, 0.9504, 0.9485, 0.9658, 0.9398, 0.9362, 0.9350, 0.9487],
       device='cuda:0', grad_fn=<SqueezeBackward1>)

################## Training is Done! #########################
Training time is : 0:00:58.880093
