=============================================
Dataset: SEED
Method:  TS-TCC
Mode:    supervised
=============================================
Data loaded ...
Subjet 12
if scale True
Training started ....

Epoch : 1
Train Loss     : 0.9602	 | 	Train Accuracy     : 0.5091
Valid Loss     : 2.1135	 | 	Valid Accuracy     : 0.3974

Epoch : 2
Train Loss     : 0.6067	 | 	Train Accuracy     : 0.7584
Valid Loss     : 2.3518	 | 	Valid Accuracy     : 0.4171

Epoch : 3
Train Loss     : 0.4003	 | 	Train Accuracy     : 0.9132
Valid Loss     : 2.9025	 | 	Valid Accuracy     : 0.4150

Epoch : 4
Train Loss     : 0.3278	 | 	Train Accuracy     : 0.9185
Valid Loss     : 3.7136	 | 	Valid Accuracy     : 0.3320

Epoch : 5
Train Loss     : 0.2445	 | 	Train Accuracy     : 0.9428
Valid Loss     : 3.6154	 | 	Valid Accuracy     : 0.3976

Epoch : 6
Train Loss     : 0.1633	 | 	Train Accuracy     : 0.9702
Valid Loss     : 3.4485	 | 	Valid Accuracy     : 0.3841

Epoch : 7
Train Loss     : 0.1210	 | 	Train Accuracy     : 0.9730
Valid Loss     : 3.3409	 | 	Valid Accuracy     : 0.3396

Epoch : 8
Train Loss     : 0.0965	 | 	Train Accuracy     : 0.9715
Valid Loss     : 3.1216	 | 	Valid Accuracy     : 0.3792

Epoch : 9
Train Loss     : 0.0839	 | 	Train Accuracy     : 0.9868
Valid Loss     : 3.4469	 | 	Valid Accuracy     : 0.4101

Epoch : 10
Train Loss     : 0.0639	 | 	Train Accuracy     : 0.9849
Valid Loss     : 4.6928	 | 	Valid Accuracy     : 0.3989

Epoch : 11
Train Loss     : 0.0462	 | 	Train Accuracy     : 0.9961
Valid Loss     : 5.1929	 | 	Valid Accuracy     : 0.4149

Epoch : 12
Train Loss     : 0.0456	 | 	Train Accuracy     : 0.9901
Valid Loss     : 5.4361	 | 	Valid Accuracy     : 0.4251

Epoch : 13
Train Loss     : 0.0370	 | 	Train Accuracy     : 0.9940
Valid Loss     : 5.6122	 | 	Valid Accuracy     : 0.4321

Epoch : 14
Train Loss     : 0.0386	 | 	Train Accuracy     : 0.9948
Valid Loss     : 5.6876	 | 	Valid Accuracy     : 0.4342

Epoch : 15
Train Loss     : 0.0338	 | 	Train Accuracy     : 0.9940
Valid Loss     : 5.5030	 | 	Valid Accuracy     : 0.4418

Epoch : 16
Train Loss     : 0.0395	 | 	Train Accuracy     : 0.9948
Valid Loss     : 5.5885	 | 	Valid Accuracy     : 0.4410

Epoch : 17
Train Loss     : 0.0337	 | 	Train Accuracy     : 0.9948
Valid Loss     : 5.4954	 | 	Valid Accuracy     : 0.4513

Epoch : 18
Train Loss     : 0.0349	 | 	Train Accuracy     : 0.9948
Valid Loss     : 5.7051	 | 	Valid Accuracy     : 0.4395

Epoch : 19
Train Loss     : 0.0334	 | 	Train Accuracy     : 0.9966
Valid Loss     : 5.6831	 | 	Valid Accuracy     : 0.4436

Epoch : 20
Train Loss     : 0.0338	 | 	Train Accuracy     : 0.9966
Valid Loss     : 5.5511	 | 	Valid Accuracy     : 0.4411

Epoch : 21
Train Loss     : 0.0294	 | 	Train Accuracy     : 0.9961
Valid Loss     : 5.6778	 | 	Valid Accuracy     : 0.4435

Epoch : 22
Train Loss     : 0.0280	 | 	Train Accuracy     : 0.9974
Valid Loss     : 5.5829	 | 	Valid Accuracy     : 0.4493

Epoch : 23
Train Loss     : 0.0302	 | 	Train Accuracy     : 0.9979
Valid Loss     : 5.5012	 | 	Valid Accuracy     : 0.4483

Epoch : 24
Train Loss     : 0.0319	 | 	Train Accuracy     : 0.9953
Valid Loss     : 5.5736	 | 	Valid Accuracy     : 0.4433

Epoch : 25
Train Loss     : 0.0294	 | 	Train Accuracy     : 0.9979
Valid Loss     : 5.4750	 | 	Valid Accuracy     : 0.4454

Epoch : 26
Train Loss     : 0.0295	 | 	Train Accuracy     : 0.9987
Valid Loss     : 5.4814	 | 	Valid Accuracy     : 0.4393

Epoch : 27
Train Loss     : 0.0298	 | 	Train Accuracy     : 0.9966
Valid Loss     : 5.5061	 | 	Valid Accuracy     : 0.4401

Epoch : 28
Train Loss     : 0.0305	 | 	Train Accuracy     : 0.9966
Valid Loss     : 5.8812	 | 	Valid Accuracy     : 0.4302

Epoch : 29
Train Loss     : 0.0296	 | 	Train Accuracy     : 0.9953
Valid Loss     : 5.4751	 | 	Valid Accuracy     : 0.4421

Epoch : 30
Train Loss     : 0.0385	 | 	Train Accuracy     : 0.9933
Valid Loss     : 5.4408	 | 	Valid Accuracy     : 0.4440

Evaluate on the Test set:
Test loss      :7.9594	 | Test Accuracy      : 0.4626 | Test AUPRC      : 0.4822
tensor([0.9779, 0.9923, 0.9916, 0.9725, 0.9712, 0.9884, 0.9655, 0.9699, 0.9747,
        0.9658, 0.9719, 0.9758, 0.9793, 0.9840, 1.0032, 0.9953, 0.9821, 0.9658,
        0.9665, 0.9761, 0.9801, 0.9737, 0.9695, 0.9983, 0.9890, 0.9889, 0.9742,
        0.9737, 0.9673, 0.9691, 0.9685, 0.9767, 0.9662, 0.9861, 0.9919, 0.9677,
        0.9803, 0.9648, 0.9671, 0.9665, 0.9714, 0.9693, 0.9692, 0.9644, 0.9756,
        0.9755, 0.9642, 0.9692, 0.9690, 0.9726, 0.9746, 0.9756, 0.9710, 0.9676,
        0.9700, 0.9715, 0.9733, 1.0022, 0.9689, 0.9699, 0.9667, 0.9759],
       device='cuda:0', grad_fn=<SqueezeBackward1>)

################## Training is Done! #########################
Training time is : 0:00:48.300611
