=============================================
Dataset: SEED
Method:  TS-TCC
Mode:    supervised
=============================================
Data loaded ...
Subjet 7
if scale True
Training started ....

Epoch : 1
Train Loss     : 1.6047	 | 	Train Accuracy     : 0.3696
Valid Loss     : 1.3292	 | 	Valid Accuracy     : 0.3331

Epoch : 2
Train Loss     : 1.2965	 | 	Train Accuracy     : 0.4875
Valid Loss     : 1.1029	 | 	Valid Accuracy     : 0.5028

Epoch : 3
Train Loss     : 0.9211	 | 	Train Accuracy     : 0.5530
Valid Loss     : 1.0046	 | 	Valid Accuracy     : 0.5814

Epoch : 4
Train Loss     : 0.6521	 | 	Train Accuracy     : 0.7298
Valid Loss     : 1.2963	 | 	Valid Accuracy     : 0.4293

Epoch : 5
Train Loss     : 0.5953	 | 	Train Accuracy     : 0.7244
Valid Loss     : 1.6218	 | 	Valid Accuracy     : 0.4167

Epoch : 6
Train Loss     : 0.4521	 | 	Train Accuracy     : 0.8317
Valid Loss     : 1.8100	 | 	Valid Accuracy     : 0.4489

Epoch : 7
Train Loss     : 0.3912	 | 	Train Accuracy     : 0.8739
Valid Loss     : 2.2007	 | 	Valid Accuracy     : 0.4635

Epoch : 8
Train Loss     : 0.3243	 | 	Train Accuracy     : 0.9099
Valid Loss     : 2.5344	 | 	Valid Accuracy     : 0.4508

Epoch : 9
Train Loss     : 0.3195	 | 	Train Accuracy     : 0.8766
Valid Loss     : 2.6208	 | 	Valid Accuracy     : 0.4479

Epoch : 10
Train Loss     : 0.2438	 | 	Train Accuracy     : 0.9216
Valid Loss     : 2.7297	 | 	Valid Accuracy     : 0.4492

Epoch : 11
Train Loss     : 0.2420	 | 	Train Accuracy     : 0.9273
Valid Loss     : 2.5952	 | 	Valid Accuracy     : 0.4784

Epoch : 12
Train Loss     : 0.2030	 | 	Train Accuracy     : 0.9478
Valid Loss     : 2.8099	 | 	Valid Accuracy     : 0.4842

Epoch : 13
Train Loss     : 0.1802	 | 	Train Accuracy     : 0.9493
Valid Loss     : 2.7447	 | 	Valid Accuracy     : 0.4902

Epoch : 14
Train Loss     : 0.1626	 | 	Train Accuracy     : 0.9540
Valid Loss     : 2.6670	 | 	Valid Accuracy     : 0.4839

Epoch : 15
Train Loss     : 0.1514	 | 	Train Accuracy     : 0.9553
Valid Loss     : 2.6850	 | 	Valid Accuracy     : 0.4989

Epoch : 16
Train Loss     : 0.1542	 | 	Train Accuracy     : 0.9573
Valid Loss     : 2.7128	 | 	Valid Accuracy     : 0.4932

Epoch : 17
Train Loss     : 0.1444	 | 	Train Accuracy     : 0.9728
Valid Loss     : 2.7461	 | 	Valid Accuracy     : 0.4952

Epoch : 18
Train Loss     : 0.1478	 | 	Train Accuracy     : 0.9640
Valid Loss     : 2.7768	 | 	Valid Accuracy     : 0.4949

Epoch : 19
Train Loss     : 0.1551	 | 	Train Accuracy     : 0.9570
Valid Loss     : 2.8059	 | 	Valid Accuracy     : 0.5077

Epoch : 20
Train Loss     : 0.1535	 | 	Train Accuracy     : 0.9637
Valid Loss     : 2.8545	 | 	Valid Accuracy     : 0.4998

Epoch : 21
Train Loss     : 0.1388	 | 	Train Accuracy     : 0.9676
Valid Loss     : 2.9461	 | 	Valid Accuracy     : 0.5103

Epoch : 22
Train Loss     : 0.1470	 | 	Train Accuracy     : 0.9668
Valid Loss     : 2.8283	 | 	Valid Accuracy     : 0.5079

Epoch : 23
Train Loss     : 0.1421	 | 	Train Accuracy     : 0.9676
Valid Loss     : 2.7735	 | 	Valid Accuracy     : 0.5121

Epoch : 24
Train Loss     : 0.1515	 | 	Train Accuracy     : 0.9642
Valid Loss     : 2.7534	 | 	Valid Accuracy     : 0.5139

Epoch : 25
Train Loss     : 0.1402	 | 	Train Accuracy     : 0.9722
Valid Loss     : 2.7430	 | 	Valid Accuracy     : 0.5298

Epoch : 26
Train Loss     : 0.1258	 | 	Train Accuracy     : 0.9732
Valid Loss     : 2.9345	 | 	Valid Accuracy     : 0.5189

Epoch : 27
Train Loss     : 0.1291	 | 	Train Accuracy     : 0.9777
Valid Loss     : 2.9287	 | 	Valid Accuracy     : 0.5267

Epoch : 28
Train Loss     : 0.1458	 | 	Train Accuracy     : 0.9633
Valid Loss     : 2.7621	 | 	Valid Accuracy     : 0.5205

Epoch : 29
Train Loss     : 0.1344	 | 	Train Accuracy     : 0.9655
Valid Loss     : 3.0610	 | 	Valid Accuracy     : 0.5200

Epoch : 30
Train Loss     : 0.1374	 | 	Train Accuracy     : 0.9728
Valid Loss     : 2.8261	 | 	Valid Accuracy     : 0.5191

Evaluate on the Test set:
Test loss      :3.9856	 | Test Accuracy      : 0.3980 | Test AUPRC      : 0.5554
tensor([0.9857, 0.9649, 0.9816, 0.9655, 0.9754, 0.9972, 0.9950, 0.9655, 0.9747,
        0.9749, 0.9637, 0.9779, 0.9730, 0.9779, 0.9798, 0.9700, 0.9942, 0.9661,
        0.9672, 0.9802, 0.9864, 0.9826, 0.9676, 1.0243, 0.9863, 0.9709, 0.9699,
        0.9724, 0.9652, 0.9705, 0.9649, 1.0101, 0.9792, 0.9690, 0.9709, 0.9691,
        0.9694, 0.9715, 0.9655, 0.9749, 0.9776, 0.9823, 0.9739, 0.9699, 0.9703,
        0.9707, 0.9770, 0.9719, 0.9668, 0.9706, 0.9698, 0.9692, 0.9704, 0.9732,
        0.9717, 0.9667, 0.9695, 0.9744, 0.9668, 0.9661, 0.9688, 0.9744],
       device='cuda:0', grad_fn=<SqueezeBackward1>)

################## Training is Done! #########################
Training time is : 0:00:50.642605
