=============================================
Dataset: SEED
Method:  TS-TCC
Mode:    supervised
=============================================
Data loaded ...
Subjet 1
if scale True
Training started ....

Epoch : 1
Train Loss     : 1.2928	 | 	Train Accuracy     : 0.4826
Valid Loss     : 1.1305	 | 	Valid Accuracy     : 0.5217

Epoch : 2
Train Loss     : 0.7747	 | 	Train Accuracy     : 0.6558
Valid Loss     : 1.0518	 | 	Valid Accuracy     : 0.5174

Epoch : 3
Train Loss     : 0.6282	 | 	Train Accuracy     : 0.7503
Valid Loss     : 1.1219	 | 	Valid Accuracy     : 0.4917

Epoch : 4
Train Loss     : 0.5490	 | 	Train Accuracy     : 0.7868
Valid Loss     : 1.2546	 | 	Valid Accuracy     : 0.5200

Epoch : 5
Train Loss     : 0.4771	 | 	Train Accuracy     : 0.8218
Valid Loss     : 1.4460	 | 	Valid Accuracy     : 0.5532

Epoch : 6
Train Loss     : 0.3995	 | 	Train Accuracy     : 0.8551
Valid Loss     : 1.5776	 | 	Valid Accuracy     : 0.5569

Epoch : 7
Train Loss     : 0.3682	 | 	Train Accuracy     : 0.8659
Valid Loss     : 1.5741	 | 	Valid Accuracy     : 0.5487

Epoch : 8
Train Loss     : 0.3400	 | 	Train Accuracy     : 0.8749
Valid Loss     : 1.5517	 | 	Valid Accuracy     : 0.5597

Epoch : 9
Train Loss     : 0.3346	 | 	Train Accuracy     : 0.8722
Valid Loss     : 1.7399	 | 	Valid Accuracy     : 0.5643

Epoch : 10
Train Loss     : 0.3463	 | 	Train Accuracy     : 0.8761
Valid Loss     : 1.7613	 | 	Valid Accuracy     : 0.5609

Epoch : 11
Train Loss     : 0.3231	 | 	Train Accuracy     : 0.8782
Valid Loss     : 1.5091	 | 	Valid Accuracy     : 0.5801

Epoch : 12
Train Loss     : 0.2850	 | 	Train Accuracy     : 0.8946
Valid Loss     : 1.7779	 | 	Valid Accuracy     : 0.5783

Epoch : 13
Train Loss     : 0.2739	 | 	Train Accuracy     : 0.8992
Valid Loss     : 2.1329	 | 	Valid Accuracy     : 0.5550

Epoch : 14
Train Loss     : 0.2354	 | 	Train Accuracy     : 0.9138
Valid Loss     : 1.6871	 | 	Valid Accuracy     : 0.5827

Epoch : 15
Train Loss     : 0.2060	 | 	Train Accuracy     : 0.9351
Valid Loss     : 1.8532	 | 	Valid Accuracy     : 0.5746

Epoch : 16
Train Loss     : 0.2061	 | 	Train Accuracy     : 0.9347
Valid Loss     : 1.8172	 | 	Valid Accuracy     : 0.5740

Epoch : 17
Train Loss     : 0.2011	 | 	Train Accuracy     : 0.9377
Valid Loss     : 1.8088	 | 	Valid Accuracy     : 0.5775

Epoch : 18
Train Loss     : 0.2035	 | 	Train Accuracy     : 0.9346
Valid Loss     : 1.8021	 | 	Valid Accuracy     : 0.5856

Epoch : 19
Train Loss     : 0.1987	 | 	Train Accuracy     : 0.9340
Valid Loss     : 1.7469	 | 	Valid Accuracy     : 0.5814

Epoch : 20
Train Loss     : 0.1965	 | 	Train Accuracy     : 0.9350
Valid Loss     : 1.8171	 | 	Valid Accuracy     : 0.5789

Epoch : 21
Train Loss     : 0.2002	 | 	Train Accuracy     : 0.9313
Valid Loss     : 1.9040	 | 	Valid Accuracy     : 0.5705

Epoch : 22
Train Loss     : 0.1895	 | 	Train Accuracy     : 0.9406
Valid Loss     : 1.7547	 | 	Valid Accuracy     : 0.5848

Epoch : 23
Train Loss     : 0.1882	 | 	Train Accuracy     : 0.9365
Valid Loss     : 1.8902	 | 	Valid Accuracy     : 0.5778

Epoch : 24
Train Loss     : 0.1876	 | 	Train Accuracy     : 0.9421
Valid Loss     : 1.7803	 | 	Valid Accuracy     : 0.5795

Epoch : 25
Train Loss     : 0.1802	 | 	Train Accuracy     : 0.9441
Valid Loss     : 1.8492	 | 	Valid Accuracy     : 0.5726

Epoch : 26
Train Loss     : 0.1812	 | 	Train Accuracy     : 0.9414
Valid Loss     : 1.7963	 | 	Valid Accuracy     : 0.5836

Epoch : 27
Train Loss     : 0.1852	 | 	Train Accuracy     : 0.9405
Valid Loss     : 1.8707	 | 	Valid Accuracy     : 0.5766

Epoch : 28
Train Loss     : 0.1802	 | 	Train Accuracy     : 0.9384
Valid Loss     : 1.7705	 | 	Valid Accuracy     : 0.5860

Epoch : 29
Train Loss     : 0.1790	 | 	Train Accuracy     : 0.9443
Valid Loss     : 1.8358	 | 	Valid Accuracy     : 0.5802

Epoch : 30
Train Loss     : 0.1716	 | 	Train Accuracy     : 0.9478
Valid Loss     : 1.7931	 | 	Valid Accuracy     : 0.5782

Evaluate on the Test set:
Test loss      :1.0925	 | Test Accuracy      : 0.6205 | Test AUPRC      : 0.6741
tensor([0.8990, 0.9662, 0.8217, 0.8504, 0.8425, 0.9749, 0.8452, 0.8230, 0.8496,
        0.8199, 0.8451, 0.9124, 0.8541, 0.9071, 0.8586, 0.8683, 0.8441, 0.8388,
        0.8358, 0.9227, 0.8622, 0.8912, 0.9738, 0.9507, 0.9777, 0.8536, 0.9062,
        0.8753, 0.8800, 0.8222, 0.8479, 0.9878, 0.8664, 0.8749, 0.8462, 0.8292,
        0.8342, 0.8720, 0.8598, 0.8380, 0.8623, 0.8895, 0.8501, 0.8354, 0.9002,
        0.8775, 0.8488, 0.8450, 0.8785, 0.8591, 0.9367, 0.9615, 0.8343, 0.8369,
        0.8404, 0.9418, 0.9052, 0.8882, 0.8292, 0.8281, 0.8532, 0.9019],
       device='cuda:0', grad_fn=<SqueezeBackward1>)

################## Training is Done! #########################
Training time is : 0:03:11.264202
