=============================================
Dataset: SEED
Method:  TS-TCC
Mode:    supervised
=============================================
Data loaded ...
Subjet 9
if scale True
Training started ....

Epoch : 1
Train Loss     : 1.0651	 | 	Train Accuracy     : 0.5449
Valid Loss     : 0.7614	 | 	Valid Accuracy     : 0.6833

Epoch : 2
Train Loss     : 0.5909	 | 	Train Accuracy     : 0.7551
Valid Loss     : 0.6214	 | 	Valid Accuracy     : 0.7019

Epoch : 3
Train Loss     : 0.4574	 | 	Train Accuracy     : 0.8161
Valid Loss     : 0.6086	 | 	Valid Accuracy     : 0.7115

Epoch : 4
Train Loss     : 0.4206	 | 	Train Accuracy     : 0.8282
Valid Loss     : 0.6333	 | 	Valid Accuracy     : 0.7171

Epoch : 5
Train Loss     : 0.3674	 | 	Train Accuracy     : 0.8611
Valid Loss     : 0.5789	 | 	Valid Accuracy     : 0.7653

Epoch : 6
Train Loss     : 0.3501	 | 	Train Accuracy     : 0.8685
Valid Loss     : 0.6795	 | 	Valid Accuracy     : 0.7531

Epoch : 7
Train Loss     : 0.3351	 | 	Train Accuracy     : 0.8757
Valid Loss     : 0.5648	 | 	Valid Accuracy     : 0.7870

Epoch : 8
Train Loss     : 0.2782	 | 	Train Accuracy     : 0.9001
Valid Loss     : 0.6093	 | 	Valid Accuracy     : 0.7866

Epoch : 9
Train Loss     : 0.2603	 | 	Train Accuracy     : 0.9088
Valid Loss     : 0.5626	 | 	Valid Accuracy     : 0.8012

Epoch : 10
Train Loss     : 0.2478	 | 	Train Accuracy     : 0.9153
Valid Loss     : 0.6378	 | 	Valid Accuracy     : 0.7746

Epoch : 11
Train Loss     : 0.2256	 | 	Train Accuracy     : 0.9289
Valid Loss     : 0.5737	 | 	Valid Accuracy     : 0.7705

Epoch : 12
Train Loss     : 0.2132	 | 	Train Accuracy     : 0.9289
Valid Loss     : 0.5655	 | 	Valid Accuracy     : 0.7799

Epoch : 13
Train Loss     : 0.1871	 | 	Train Accuracy     : 0.9347
Valid Loss     : 0.5435	 | 	Valid Accuracy     : 0.8070

Epoch : 14
Train Loss     : 0.1924	 | 	Train Accuracy     : 0.9326
Valid Loss     : 0.6163	 | 	Valid Accuracy     : 0.7731

Epoch : 15
Train Loss     : 0.1853	 | 	Train Accuracy     : 0.9351
Valid Loss     : 0.6836	 | 	Valid Accuracy     : 0.7444

Epoch : 16
Train Loss     : 0.1818	 | 	Train Accuracy     : 0.9408
Valid Loss     : 0.5891	 | 	Valid Accuracy     : 0.7804

Epoch : 17
Train Loss     : 0.1443	 | 	Train Accuracy     : 0.9554
Valid Loss     : 0.6425	 | 	Valid Accuracy     : 0.7704

Epoch : 18
Train Loss     : 0.1356	 | 	Train Accuracy     : 0.9597
Valid Loss     : 0.6661	 | 	Valid Accuracy     : 0.7599

Epoch : 19
Train Loss     : 0.1394	 | 	Train Accuracy     : 0.9579
Valid Loss     : 0.6010	 | 	Valid Accuracy     : 0.7852

Epoch : 20
Train Loss     : 0.1512	 | 	Train Accuracy     : 0.9503
Valid Loss     : 0.6706	 | 	Valid Accuracy     : 0.7772

Epoch : 21
Train Loss     : 0.1374	 | 	Train Accuracy     : 0.9583
Valid Loss     : 0.5569	 | 	Valid Accuracy     : 0.7953

Epoch : 22
Train Loss     : 0.1237	 | 	Train Accuracy     : 0.9624
Valid Loss     : 0.6677	 | 	Valid Accuracy     : 0.7630

Epoch : 23
Train Loss     : 0.1269	 | 	Train Accuracy     : 0.9575
Valid Loss     : 0.6136	 | 	Valid Accuracy     : 0.7805

Epoch : 24
Train Loss     : 0.1237	 | 	Train Accuracy     : 0.9620
Valid Loss     : 0.7180	 | 	Valid Accuracy     : 0.7699

Epoch : 25
Train Loss     : 0.0974	 | 	Train Accuracy     : 0.9747
Valid Loss     : 0.6003	 | 	Valid Accuracy     : 0.7939

Epoch : 26
Train Loss     : 0.0913	 | 	Train Accuracy     : 0.9778
Valid Loss     : 0.5756	 | 	Valid Accuracy     : 0.7975

Epoch : 27
Train Loss     : 0.0870	 | 	Train Accuracy     : 0.9788
Valid Loss     : 0.5745	 | 	Valid Accuracy     : 0.7965

Epoch : 28
Train Loss     : 0.0796	 | 	Train Accuracy     : 0.9840
Valid Loss     : 0.5884	 | 	Valid Accuracy     : 0.7982

Epoch : 29
Train Loss     : 0.0781	 | 	Train Accuracy     : 0.9844
Valid Loss     : 0.6069	 | 	Valid Accuracy     : 0.7989

Epoch : 30
Train Loss     : 0.0803	 | 	Train Accuracy     : 0.9842
Valid Loss     : 0.6055	 | 	Valid Accuracy     : 0.7982

Evaluate on the Test set:
Test loss      :0.7280	 | Test Accuracy      : 0.7760 | Test AUPRC      : 0.8011
tensor([0.8499, 0.8656, 0.8469, 0.6414, 0.6949, 0.8703, 0.8216, 0.6275, 0.6886,
        0.7220, 0.6729, 0.9513, 0.6337, 0.8618, 0.6979, 0.9088, 0.7048, 0.6570,
        0.7921, 0.6561, 0.8141, 0.6876, 1.0248, 0.9433, 0.7312, 0.6335, 0.6493,
        0.7313, 0.6757, 0.8310, 0.6990, 0.8697, 0.7244, 0.6582, 0.7178, 0.6769,
        0.7014, 0.8294, 0.8101, 0.6985, 0.8997, 0.8406, 0.7033, 0.6532, 0.6292,
        0.6569, 0.6606, 0.8901, 0.6377, 0.8133, 0.8392, 0.6699, 0.7079, 0.6392,
        0.8095, 0.8070, 0.8624, 0.6400, 0.6492, 0.6114, 0.8237, 0.7461],
       device='cuda:0', grad_fn=<SqueezeBackward1>)

################## Training is Done! #########################
Training time is : 0:02:14.213391
