=============================================
Dataset: SEED
Method:  TS-TCC
Mode:    fine_tune
=============================================
Data loaded ...
Subjet 13
if scale False
Training started ....

Epoch : 1
Train Loss     : 1.0233	 | 	Train Accuracy     : 0.5715
Valid Loss     : 1.0883	 | 	Valid Accuracy     : 0.4849

Epoch : 2
Train Loss     : 0.5276	 | 	Train Accuracy     : 0.7539
Valid Loss     : 0.5669	 | 	Valid Accuracy     : 0.7354

Epoch : 3
Train Loss     : 0.4283	 | 	Train Accuracy     : 0.8222
Valid Loss     : 0.4663	 | 	Valid Accuracy     : 0.8115

Epoch : 4
Train Loss     : 0.3463	 | 	Train Accuracy     : 0.8645
Valid Loss     : 0.4742	 | 	Valid Accuracy     : 0.7798

Epoch : 5
Train Loss     : 0.2973	 | 	Train Accuracy     : 0.8821
Valid Loss     : 0.4595	 | 	Valid Accuracy     : 0.7935

Epoch : 6
Train Loss     : 0.2618	 | 	Train Accuracy     : 0.9003
Valid Loss     : 0.5744	 | 	Valid Accuracy     : 0.7651

Epoch : 7
Train Loss     : 0.2561	 | 	Train Accuracy     : 0.9010
Valid Loss     : 0.6218	 | 	Valid Accuracy     : 0.7505

Epoch : 8
Train Loss     : 0.2262	 | 	Train Accuracy     : 0.9122
Valid Loss     : 0.5405	 | 	Valid Accuracy     : 0.7686

Epoch : 9
Train Loss     : 0.1983	 | 	Train Accuracy     : 0.9307
Valid Loss     : 0.5772	 | 	Valid Accuracy     : 0.7764

Epoch : 10
Train Loss     : 0.2268	 | 	Train Accuracy     : 0.9091
Valid Loss     : 0.6570	 | 	Valid Accuracy     : 0.7583

Epoch : 11
Train Loss     : 0.1970	 | 	Train Accuracy     : 0.9263
Valid Loss     : 0.8272	 | 	Valid Accuracy     : 0.7124

Epoch : 12
Train Loss     : 0.1926	 | 	Train Accuracy     : 0.9256
Valid Loss     : 0.7496	 | 	Valid Accuracy     : 0.7373

Epoch : 13
Train Loss     : 0.1689	 | 	Train Accuracy     : 0.9378
Valid Loss     : 0.5464	 | 	Valid Accuracy     : 0.7695

Epoch : 14
Train Loss     : 0.1667	 | 	Train Accuracy     : 0.9409
Valid Loss     : 0.6368	 | 	Valid Accuracy     : 0.7480

Epoch : 15
Train Loss     : 0.1502	 | 	Train Accuracy     : 0.9462
Valid Loss     : 0.6485	 | 	Valid Accuracy     : 0.7573

Epoch : 16
Train Loss     : 0.1524	 | 	Train Accuracy     : 0.9468
Valid Loss     : 0.6150	 | 	Valid Accuracy     : 0.7627

Epoch : 17
Train Loss     : 0.1244	 | 	Train Accuracy     : 0.9579
Valid Loss     : 0.6593	 | 	Valid Accuracy     : 0.7568

Epoch : 18
Train Loss     : 0.1119	 | 	Train Accuracy     : 0.9660
Valid Loss     : 0.6842	 | 	Valid Accuracy     : 0.7456

Epoch : 19
Train Loss     : 0.1067	 | 	Train Accuracy     : 0.9684
Valid Loss     : 0.6668	 | 	Valid Accuracy     : 0.7559

Epoch : 20
Train Loss     : 0.1060	 | 	Train Accuracy     : 0.9696
Valid Loss     : 0.7263	 | 	Valid Accuracy     : 0.7485

Epoch : 21
Train Loss     : 0.1037	 | 	Train Accuracy     : 0.9721
Valid Loss     : 0.7127	 | 	Valid Accuracy     : 0.7505

Epoch : 22
Train Loss     : 0.1002	 | 	Train Accuracy     : 0.9704
Valid Loss     : 0.7066	 | 	Valid Accuracy     : 0.7524

Epoch : 23
Train Loss     : 0.0975	 | 	Train Accuracy     : 0.9742
Valid Loss     : 0.6449	 | 	Valid Accuracy     : 0.7563

Epoch : 24
Train Loss     : 0.0988	 | 	Train Accuracy     : 0.9706
Valid Loss     : 0.7204	 | 	Valid Accuracy     : 0.7515

Epoch : 25
Train Loss     : 0.0973	 | 	Train Accuracy     : 0.9723
Valid Loss     : 0.7325	 | 	Valid Accuracy     : 0.7505

Epoch : 26
Train Loss     : 0.0955	 | 	Train Accuracy     : 0.9725
Valid Loss     : 0.7353	 | 	Valid Accuracy     : 0.7520

Epoch : 27
Train Loss     : 0.0949	 | 	Train Accuracy     : 0.9721
Valid Loss     : 0.6986	 | 	Valid Accuracy     : 0.7544

Epoch : 28
Train Loss     : 0.0887	 | 	Train Accuracy     : 0.9766
Valid Loss     : 0.7044	 | 	Valid Accuracy     : 0.7549

Epoch : 29
Train Loss     : 0.0880	 | 	Train Accuracy     : 0.9764
Valid Loss     : 0.7111	 | 	Valid Accuracy     : 0.7539

Epoch : 30
Train Loss     : 0.0856	 | 	Train Accuracy     : 0.9806
Valid Loss     : 0.7002	 | 	Valid Accuracy     : 0.7549

Evaluate on the Test set:
Test loss      :1.5938	 | Test Accuracy      : 0.7073 | Test AUPRC      : 0.5488
tensor([1., 1., 1., 1., 1., 1., 1., 1., 1., 1., 1., 1., 1., 1., 1., 1., 1., 1.,
        1., 1., 1., 1., 1., 1., 1., 1., 1., 1., 1., 1., 1., 1., 1., 1., 1., 1.,
        1., 1., 1., 1., 1., 1., 1., 1., 1., 1., 1., 1., 1., 1., 1., 1., 1., 1.,
        1., 1., 1., 1., 1., 1., 1., 1.], device='cuda:0',
       grad_fn=<SqueezeBackward1>)

################## Training is Done! #########################
Training time is : 0:01:41.645171
