=============================================
Dataset: SEED
Method:  TS-TCC
Mode:    fine_tune
=============================================
Data loaded ...
Subjet 8
if scale True
Training started ....

Epoch : 1
Train Loss     : 0.9590	 | 	Train Accuracy     : 0.5815
Valid Loss     : 0.6508	 | 	Valid Accuracy     : 0.6582

Epoch : 2
Train Loss     : 0.4902	 | 	Train Accuracy     : 0.7925
Valid Loss     : 0.5017	 | 	Valid Accuracy     : 0.7759

Epoch : 3
Train Loss     : 0.3798	 | 	Train Accuracy     : 0.8499
Valid Loss     : 0.5051	 | 	Valid Accuracy     : 0.7607

Epoch : 4
Train Loss     : 0.3291	 | 	Train Accuracy     : 0.8743
Valid Loss     : 0.4553	 | 	Valid Accuracy     : 0.7915

Epoch : 5
Train Loss     : 0.2945	 | 	Train Accuracy     : 0.8835
Valid Loss     : 0.4362	 | 	Valid Accuracy     : 0.8052

Epoch : 6
Train Loss     : 0.2749	 | 	Train Accuracy     : 0.8993
Valid Loss     : 0.5861	 | 	Valid Accuracy     : 0.7388

Epoch : 7
Train Loss     : 0.2702	 | 	Train Accuracy     : 0.8933
Valid Loss     : 0.5408	 | 	Valid Accuracy     : 0.7788

Epoch : 8
Train Loss     : 0.2397	 | 	Train Accuracy     : 0.9120
Valid Loss     : 0.4835	 | 	Valid Accuracy     : 0.7812

Epoch : 9
Train Loss     : 0.2191	 | 	Train Accuracy     : 0.9175
Valid Loss     : 0.5670	 | 	Valid Accuracy     : 0.7651

Epoch : 10
Train Loss     : 0.2286	 | 	Train Accuracy     : 0.9125
Valid Loss     : 0.5563	 | 	Valid Accuracy     : 0.7764

Epoch : 11
Train Loss     : 0.1980	 | 	Train Accuracy     : 0.9300
Valid Loss     : 0.6005	 | 	Valid Accuracy     : 0.7461

Epoch : 12
Train Loss     : 0.1966	 | 	Train Accuracy     : 0.9258
Valid Loss     : 0.5640	 | 	Valid Accuracy     : 0.7617

Epoch : 13
Train Loss     : 0.1807	 | 	Train Accuracy     : 0.9329
Valid Loss     : 0.5449	 | 	Valid Accuracy     : 0.7837

Epoch : 14
Train Loss     : 0.1907	 | 	Train Accuracy     : 0.9266
Valid Loss     : 0.6054	 | 	Valid Accuracy     : 0.7568

Epoch : 15
Train Loss     : 0.1766	 | 	Train Accuracy     : 0.9338
Valid Loss     : 0.5541	 | 	Valid Accuracy     : 0.7759

Epoch : 16
Train Loss     : 0.1675	 | 	Train Accuracy     : 0.9392
Valid Loss     : 0.5080	 | 	Valid Accuracy     : 0.7759

Epoch : 17
Train Loss     : 0.1496	 | 	Train Accuracy     : 0.9470
Valid Loss     : 0.5395	 | 	Valid Accuracy     : 0.7705

Epoch : 18
Train Loss     : 0.1398	 | 	Train Accuracy     : 0.9538
Valid Loss     : 0.5725	 | 	Valid Accuracy     : 0.7612

Epoch : 19
Train Loss     : 0.1327	 | 	Train Accuracy     : 0.9574
Valid Loss     : 0.5476	 | 	Valid Accuracy     : 0.7676

Epoch : 20
Train Loss     : 0.1312	 | 	Train Accuracy     : 0.9567
Valid Loss     : 0.5500	 | 	Valid Accuracy     : 0.7651

Epoch : 21
Train Loss     : 0.1322	 | 	Train Accuracy     : 0.9594
Valid Loss     : 0.5441	 | 	Valid Accuracy     : 0.7676

Epoch : 22
Train Loss     : 0.1302	 | 	Train Accuracy     : 0.9592
Valid Loss     : 0.5412	 | 	Valid Accuracy     : 0.7710

Epoch : 23
Train Loss     : 0.1247	 | 	Train Accuracy     : 0.9614
Valid Loss     : 0.5393	 | 	Valid Accuracy     : 0.7686

Epoch : 24
Train Loss     : 0.1247	 | 	Train Accuracy     : 0.9604
Valid Loss     : 0.5566	 | 	Valid Accuracy     : 0.7646

Epoch : 25
Train Loss     : 0.1259	 | 	Train Accuracy     : 0.9599
Valid Loss     : 0.5543	 | 	Valid Accuracy     : 0.7676

Epoch : 26
Train Loss     : 0.1213	 | 	Train Accuracy     : 0.9609
Valid Loss     : 0.5473	 | 	Valid Accuracy     : 0.7661

Epoch : 27
Train Loss     : 0.1218	 | 	Train Accuracy     : 0.9614
Valid Loss     : 0.5487	 | 	Valid Accuracy     : 0.7812

Epoch : 28
Train Loss     : 0.1176	 | 	Train Accuracy     : 0.9640
Valid Loss     : 0.5534	 | 	Valid Accuracy     : 0.7695

Epoch : 29
Train Loss     : 0.1132	 | 	Train Accuracy     : 0.9655
Valid Loss     : 0.5513	 | 	Valid Accuracy     : 0.7651

Epoch : 30
Train Loss     : 0.1185	 | 	Train Accuracy     : 0.9631
Valid Loss     : 0.5451	 | 	Valid Accuracy     : 0.7671

Evaluate on the Test set:
Test loss      :0.7758	 | Test Accuracy      : 0.7159 | Test AUPRC      : 0.6104
tensor([0.8272, 0.7682, 1.0122, 0.7675, 0.8432, 0.9296, 0.8970, 0.7131, 0.7320,
        0.8167, 0.7479, 0.6913, 0.8384, 0.8706, 0.7815, 0.7528, 0.7547, 0.7008,
        0.6812, 0.7084, 0.7440, 0.8990, 0.7002, 1.0022, 0.8661, 0.7207, 0.7720,
        0.6885, 0.7427, 0.8494, 0.7322, 0.9544, 0.7881, 0.7999, 0.8150, 0.6957,
        0.8244, 0.7896, 0.8185, 0.7092, 0.8860, 0.7558, 0.7382, 0.7090, 0.7195,
        0.6893, 0.7576, 0.6985, 0.6728, 0.7708, 0.6840, 0.7076, 0.6837, 0.7166,
        0.7348, 0.6956, 0.8139, 0.6815, 0.7091, 0.6662, 0.6965, 0.7062],
       device='cuda:0', grad_fn=<SqueezeBackward1>)

################## Training is Done! #########################
Training time is : 0:01:32.177038
