=============================================
Dataset: SEED
Method:  TS-TCC
Mode:    fine_tune
=============================================
Data loaded ...
Subjet 10
if scale True
Training started ....

Epoch : 1
Train Loss     : 1.1816	 | 	Train Accuracy     : 0.4997
Valid Loss     : 1.3710	 | 	Valid Accuracy     : 0.3682

Epoch : 2
Train Loss     : 0.6922	 | 	Train Accuracy     : 0.6996
Valid Loss     : 0.8978	 | 	Valid Accuracy     : 0.5464

Epoch : 3
Train Loss     : 0.5459	 | 	Train Accuracy     : 0.7621
Valid Loss     : 1.1250	 | 	Valid Accuracy     : 0.5361

Epoch : 4
Train Loss     : 0.4866	 | 	Train Accuracy     : 0.7952
Valid Loss     : 1.1141	 | 	Valid Accuracy     : 0.6094

Epoch : 5
Train Loss     : 0.4299	 | 	Train Accuracy     : 0.8196
Valid Loss     : 1.4460	 | 	Valid Accuracy     : 0.5752

Epoch : 6
Train Loss     : 0.4133	 | 	Train Accuracy     : 0.8274
Valid Loss     : 1.4827	 | 	Valid Accuracy     : 0.5957

Epoch : 7
Train Loss     : 0.3831	 | 	Train Accuracy     : 0.8446
Valid Loss     : 1.8022	 | 	Valid Accuracy     : 0.6270

Epoch : 8
Train Loss     : 0.3534	 | 	Train Accuracy     : 0.8614
Valid Loss     : 1.4488	 | 	Valid Accuracy     : 0.6421

Epoch : 9
Train Loss     : 0.3442	 | 	Train Accuracy     : 0.8606
Valid Loss     : 2.0539	 | 	Valid Accuracy     : 0.5947

Epoch : 10
Train Loss     : 0.3460	 | 	Train Accuracy     : 0.8492
Valid Loss     : 1.4255	 | 	Valid Accuracy     : 0.6328

Epoch : 11
Train Loss     : 0.3183	 | 	Train Accuracy     : 0.8733
Valid Loss     : 2.0388	 | 	Valid Accuracy     : 0.6069

Epoch : 12
Train Loss     : 0.3010	 | 	Train Accuracy     : 0.8806
Valid Loss     : 1.8571	 | 	Valid Accuracy     : 0.5815

Epoch : 13
Train Loss     : 0.3086	 | 	Train Accuracy     : 0.8709
Valid Loss     : 2.0552	 | 	Valid Accuracy     : 0.6431

Epoch : 14
Train Loss     : 0.2660	 | 	Train Accuracy     : 0.9008
Valid Loss     : 2.2233	 | 	Valid Accuracy     : 0.6421

Epoch : 15
Train Loss     : 0.2412	 | 	Train Accuracy     : 0.9158
Valid Loss     : 2.0233	 | 	Valid Accuracy     : 0.6006

Epoch : 16
Train Loss     : 0.2313	 | 	Train Accuracy     : 0.9198
Valid Loss     : 2.0947	 | 	Valid Accuracy     : 0.5854

Epoch : 17
Train Loss     : 0.2216	 | 	Train Accuracy     : 0.9227
Valid Loss     : 1.9571	 | 	Valid Accuracy     : 0.5732

Epoch : 18
Train Loss     : 0.2218	 | 	Train Accuracy     : 0.9258
Valid Loss     : 1.8823	 | 	Valid Accuracy     : 0.6021

Epoch : 19
Train Loss     : 0.2213	 | 	Train Accuracy     : 0.9224
Valid Loss     : 1.9237	 | 	Valid Accuracy     : 0.6421

Epoch : 20
Train Loss     : 0.2217	 | 	Train Accuracy     : 0.9217
Valid Loss     : 1.8486	 | 	Valid Accuracy     : 0.5884

Epoch : 21
Train Loss     : 0.2114	 | 	Train Accuracy     : 0.9265
Valid Loss     : 1.7625	 | 	Valid Accuracy     : 0.5962

Epoch : 22
Train Loss     : 0.2158	 | 	Train Accuracy     : 0.9229
Valid Loss     : 1.8249	 | 	Valid Accuracy     : 0.6426

Epoch : 23
Train Loss     : 0.2072	 | 	Train Accuracy     : 0.9271
Valid Loss     : 2.0043	 | 	Valid Accuracy     : 0.6367

Epoch : 24
Train Loss     : 0.2057	 | 	Train Accuracy     : 0.9276
Valid Loss     : 1.8458	 | 	Valid Accuracy     : 0.6006

Epoch : 25
Train Loss     : 0.1999	 | 	Train Accuracy     : 0.9295
Valid Loss     : 2.0163	 | 	Valid Accuracy     : 0.6396

Epoch : 26
Train Loss     : 0.1933	 | 	Train Accuracy     : 0.9389
Valid Loss     : 1.9634	 | 	Valid Accuracy     : 0.5952

Epoch : 27
Train Loss     : 0.1935	 | 	Train Accuracy     : 0.9333
Valid Loss     : 1.8951	 | 	Valid Accuracy     : 0.6152

Epoch : 28
Train Loss     : 0.1974	 | 	Train Accuracy     : 0.9312
Valid Loss     : 1.9986	 | 	Valid Accuracy     : 0.6396

Epoch : 29
Train Loss     : 0.1967	 | 	Train Accuracy     : 0.9355
Valid Loss     : 1.9318	 | 	Valid Accuracy     : 0.5957

Epoch : 30
Train Loss     : 0.1926	 | 	Train Accuracy     : 0.9331
Valid Loss     : 1.9137	 | 	Valid Accuracy     : 0.6162

Evaluate on the Test set:
Test loss      :2.1117	 | Test Accuracy      : 0.5759 | Test AUPRC      : 0.4799
tensor([0.8041, 0.9221, 0.9369, 0.8085, 0.8392, 0.9503, 0.9350, 0.8353, 0.9019,
        0.7918, 0.7740, 0.7828, 0.8516, 0.9229, 0.8584, 0.8766, 0.8028, 0.8333,
        0.7552, 0.7422, 0.7706, 0.9340, 0.7932, 1.0201, 0.8897, 0.7696, 0.8096,
        0.8583, 0.7369, 0.7519, 0.8782, 0.9482, 0.8256, 0.7437, 0.7302, 0.7500,
        0.8436, 0.7677, 0.8493, 0.8022, 0.7780, 0.8418, 0.7862, 0.7534, 0.9207,
        0.7504, 0.7497, 0.7490, 0.7144, 0.7522, 0.7443, 0.7417, 0.7805, 0.8745,
        0.7804, 0.7861, 0.7603, 0.8592, 0.7992, 0.9483, 0.7957, 0.8664],
       device='cuda:0', grad_fn=<SqueezeBackward1>)

################## Training is Done! #########################
Training time is : 0:01:37.042488
