=============================================
Dataset: SEED
Method:  TS-TCC
Mode:    fine_tune
=============================================
Data loaded ...
Subjet 14
if scale True
Training started ....

Epoch : 1
Train Loss     : 1.0853	 | 	Train Accuracy     : 0.5236
Valid Loss     : 1.3714	 | 	Valid Accuracy     : 0.4497

Epoch : 2
Train Loss     : 0.7290	 | 	Train Accuracy     : 0.6734
Valid Loss     : 0.7172	 | 	Valid Accuracy     : 0.6592

Epoch : 3
Train Loss     : 0.6058	 | 	Train Accuracy     : 0.7542
Valid Loss     : 0.6538	 | 	Valid Accuracy     : 0.6836

Epoch : 4
Train Loss     : 0.4725	 | 	Train Accuracy     : 0.8247
Valid Loss     : 0.8567	 | 	Valid Accuracy     : 0.6177

Epoch : 5
Train Loss     : 0.4471	 | 	Train Accuracy     : 0.8341
Valid Loss     : 0.8802	 | 	Valid Accuracy     : 0.6196

Epoch : 6
Train Loss     : 0.4198	 | 	Train Accuracy     : 0.8446
Valid Loss     : 1.0544	 | 	Valid Accuracy     : 0.6372

Epoch : 7
Train Loss     : 0.4132	 | 	Train Accuracy     : 0.8528
Valid Loss     : 0.9895	 | 	Valid Accuracy     : 0.6401

Epoch : 8
Train Loss     : 0.4364	 | 	Train Accuracy     : 0.8441
Valid Loss     : 0.9837	 | 	Valid Accuracy     : 0.6289

Epoch : 9
Train Loss     : 0.4401	 | 	Train Accuracy     : 0.8371
Valid Loss     : 1.0176	 | 	Valid Accuracy     : 0.6636

Epoch : 10
Train Loss     : 0.3964	 | 	Train Accuracy     : 0.8551
Valid Loss     : 0.9605	 | 	Valid Accuracy     : 0.6636

Epoch : 11
Train Loss     : 0.3711	 | 	Train Accuracy     : 0.8682
Valid Loss     : 0.8990	 | 	Valid Accuracy     : 0.6558

Epoch : 12
Train Loss     : 0.3674	 | 	Train Accuracy     : 0.8638
Valid Loss     : 1.0313	 | 	Valid Accuracy     : 0.6392

Epoch : 13
Train Loss     : 0.3471	 | 	Train Accuracy     : 0.8735
Valid Loss     : 1.0754	 | 	Valid Accuracy     : 0.6548

Epoch : 14
Train Loss     : 0.3654	 | 	Train Accuracy     : 0.8662
Valid Loss     : 1.0401	 | 	Valid Accuracy     : 0.6323

Epoch : 15
Train Loss     : 0.3254	 | 	Train Accuracy     : 0.8765
Valid Loss     : 1.0183	 | 	Valid Accuracy     : 0.6567

Epoch : 16
Train Loss     : 0.3123	 | 	Train Accuracy     : 0.8859
Valid Loss     : 1.0448	 | 	Valid Accuracy     : 0.6567

Epoch : 17
Train Loss     : 0.3045	 | 	Train Accuracy     : 0.8876
Valid Loss     : 1.0511	 | 	Valid Accuracy     : 0.6621

Epoch : 18
Train Loss     : 0.3026	 | 	Train Accuracy     : 0.8923
Valid Loss     : 1.0696	 | 	Valid Accuracy     : 0.6572

Epoch : 19
Train Loss     : 0.2929	 | 	Train Accuracy     : 0.8901
Valid Loss     : 1.0428	 | 	Valid Accuracy     : 0.6646

Epoch : 20
Train Loss     : 0.2913	 | 	Train Accuracy     : 0.8932
Valid Loss     : 1.0651	 | 	Valid Accuracy     : 0.6582

Epoch : 21
Train Loss     : 0.2936	 | 	Train Accuracy     : 0.8935
Valid Loss     : 1.0474	 | 	Valid Accuracy     : 0.6655

Epoch : 22
Train Loss     : 0.2877	 | 	Train Accuracy     : 0.8930
Valid Loss     : 1.0733	 | 	Valid Accuracy     : 0.6558

Epoch : 23
Train Loss     : 0.2843	 | 	Train Accuracy     : 0.8961
Valid Loss     : 1.0305	 | 	Valid Accuracy     : 0.6504

Epoch : 24
Train Loss     : 0.2821	 | 	Train Accuracy     : 0.8979
Valid Loss     : 1.0506	 | 	Valid Accuracy     : 0.6509

Epoch : 25
Train Loss     : 0.2784	 | 	Train Accuracy     : 0.8967
Valid Loss     : 1.0804	 | 	Valid Accuracy     : 0.6484

Epoch : 26
Train Loss     : 0.2790	 | 	Train Accuracy     : 0.8950
Valid Loss     : 1.0751	 | 	Valid Accuracy     : 0.6445

Epoch : 27
Train Loss     : 0.2671	 | 	Train Accuracy     : 0.9040
Valid Loss     : 1.0607	 | 	Valid Accuracy     : 0.6523

Epoch : 28
Train Loss     : 0.2711	 | 	Train Accuracy     : 0.8984
Valid Loss     : 1.0579	 | 	Valid Accuracy     : 0.6465

Epoch : 29
Train Loss     : 0.2631	 | 	Train Accuracy     : 0.9066
Valid Loss     : 1.0580	 | 	Valid Accuracy     : 0.6558

Epoch : 30
Train Loss     : 0.2641	 | 	Train Accuracy     : 0.9032
Valid Loss     : 1.0585	 | 	Valid Accuracy     : 0.6548

Evaluate on the Test set:
Test loss      :0.7357	 | Test Accuracy      : 0.7357 | Test AUPRC      : 0.5976
tensor([0.8059, 0.8780, 0.7760, 0.8309, 0.8324, 0.8301, 0.9535, 0.8967, 0.7507,
        0.8474, 0.7826, 0.7335, 0.7797, 0.8139, 0.8863, 0.7809, 0.7424, 0.7095,
        0.6747, 0.6884, 0.7505, 0.8426, 0.8469, 0.8853, 0.8490, 0.7460, 0.7806,
        0.7093, 0.7256, 0.7173, 0.8914, 0.9723, 1.0016, 0.7180, 0.6855, 0.7652,
        0.8199, 0.7310, 0.7535, 0.7845, 0.9346, 0.8062, 0.9424, 0.7447, 0.7173,
        0.7170, 0.7821, 0.8417, 0.6808, 0.7596, 0.7441, 0.8598, 0.7070, 0.7288,
        0.8131, 0.7977, 0.9387, 0.7971, 0.7723, 0.7239, 0.7375, 0.7458],
       device='cuda:0', grad_fn=<SqueezeBackward1>)

################## Training is Done! #########################
Training time is : 0:01:42.290204
