=============================================
Dataset: SEED
Method:  TS-TCC
Mode:    fine_tune
=============================================
Data loaded ...
Subjet 2
if scale False
Training started ....

Epoch : 1
Train Loss     : 1.2966	 | 	Train Accuracy     : 0.4474
Valid Loss     : 1.1060	 | 	Valid Accuracy     : 0.3652

Epoch : 2
Train Loss     : 0.8044	 | 	Train Accuracy     : 0.6369
Valid Loss     : 1.0196	 | 	Valid Accuracy     : 0.5352

Epoch : 3
Train Loss     : 0.6083	 | 	Train Accuracy     : 0.7553
Valid Loss     : 1.0089	 | 	Valid Accuracy     : 0.4932

Epoch : 4
Train Loss     : 0.4915	 | 	Train Accuracy     : 0.8130
Valid Loss     : 1.1120	 | 	Valid Accuracy     : 0.5039

Epoch : 5
Train Loss     : 0.4409	 | 	Train Accuracy     : 0.8325
Valid Loss     : 1.1377	 | 	Valid Accuracy     : 0.5645

Epoch : 6
Train Loss     : 0.4162	 | 	Train Accuracy     : 0.8427
Valid Loss     : 1.4634	 | 	Valid Accuracy     : 0.5723

Epoch : 7
Train Loss     : 0.4089	 | 	Train Accuracy     : 0.8475
Valid Loss     : 1.4220	 | 	Valid Accuracy     : 0.5220

Epoch : 8
Train Loss     : 0.4009	 | 	Train Accuracy     : 0.8461
Valid Loss     : 1.1735	 | 	Valid Accuracy     : 0.6426

Epoch : 9
Train Loss     : 0.3872	 | 	Train Accuracy     : 0.8550
Valid Loss     : 1.5812	 | 	Valid Accuracy     : 0.5444

Epoch : 10
Train Loss     : 0.3573	 | 	Train Accuracy     : 0.8692
Valid Loss     : 1.2996	 | 	Valid Accuracy     : 0.5835

Epoch : 11
Train Loss     : 0.3504	 | 	Train Accuracy     : 0.8684
Valid Loss     : 1.2992	 | 	Valid Accuracy     : 0.6079

Epoch : 12
Train Loss     : 0.3539	 | 	Train Accuracy     : 0.8635
Valid Loss     : 1.6667	 | 	Valid Accuracy     : 0.5146

Epoch : 13
Train Loss     : 0.3479	 | 	Train Accuracy     : 0.8697
Valid Loss     : 1.2723	 | 	Valid Accuracy     : 0.5938

Epoch : 14
Train Loss     : 0.3679	 | 	Train Accuracy     : 0.8638
Valid Loss     : 1.6905	 | 	Valid Accuracy     : 0.5239

Epoch : 15
Train Loss     : 0.3072	 | 	Train Accuracy     : 0.8864
Valid Loss     : 1.5901	 | 	Valid Accuracy     : 0.5566

Epoch : 16
Train Loss     : 0.2880	 | 	Train Accuracy     : 0.8979
Valid Loss     : 1.6315	 | 	Valid Accuracy     : 0.5610

Epoch : 17
Train Loss     : 0.2814	 | 	Train Accuracy     : 0.9008
Valid Loss     : 1.6117	 | 	Valid Accuracy     : 0.5747

Epoch : 18
Train Loss     : 0.2801	 | 	Train Accuracy     : 0.9035
Valid Loss     : 1.6470	 | 	Valid Accuracy     : 0.5610

Epoch : 19
Train Loss     : 0.2755	 | 	Train Accuracy     : 0.9023
Valid Loss     : 1.6721	 | 	Valid Accuracy     : 0.5537

Epoch : 20
Train Loss     : 0.2771	 | 	Train Accuracy     : 0.8983
Valid Loss     : 1.7162	 | 	Valid Accuracy     : 0.5435

Epoch : 21
Train Loss     : 0.2683	 | 	Train Accuracy     : 0.9049
Valid Loss     : 1.7316	 | 	Valid Accuracy     : 0.5630

Epoch : 22
Train Loss     : 0.2733	 | 	Train Accuracy     : 0.9017
Valid Loss     : 1.6640	 | 	Valid Accuracy     : 0.5596

Epoch : 23
Train Loss     : 0.2689	 | 	Train Accuracy     : 0.8995
Valid Loss     : 1.6091	 | 	Valid Accuracy     : 0.5625

Epoch : 24
Train Loss     : 0.2601	 | 	Train Accuracy     : 0.9093
Valid Loss     : 1.7116	 | 	Valid Accuracy     : 0.5781

Epoch : 25
Train Loss     : 0.2661	 | 	Train Accuracy     : 0.9066
Valid Loss     : 1.7552	 | 	Valid Accuracy     : 0.5513

Epoch : 26
Train Loss     : 0.2544	 | 	Train Accuracy     : 0.9107
Valid Loss     : 1.6815	 | 	Valid Accuracy     : 0.5811

Epoch : 27
Train Loss     : 0.2558	 | 	Train Accuracy     : 0.9102
Valid Loss     : 1.7073	 | 	Valid Accuracy     : 0.5728

Epoch : 28
Train Loss     : 0.2591	 | 	Train Accuracy     : 0.9085
Valid Loss     : 1.6959	 | 	Valid Accuracy     : 0.5747

Epoch : 29
Train Loss     : 0.2550	 | 	Train Accuracy     : 0.9147
Valid Loss     : 1.6370	 | 	Valid Accuracy     : 0.5747

Epoch : 30
Train Loss     : 0.2523	 | 	Train Accuracy     : 0.9139
Valid Loss     : 1.6739	 | 	Valid Accuracy     : 0.5703

Evaluate on the Test set:
Test loss      :1.9107	 | Test Accuracy      : 0.5179 | Test AUPRC      : 0.4548
tensor([1., 1., 1., 1., 1., 1., 1., 1., 1., 1., 1., 1., 1., 1., 1., 1., 1., 1.,
        1., 1., 1., 1., 1., 1., 1., 1., 1., 1., 1., 1., 1., 1., 1., 1., 1., 1.,
        1., 1., 1., 1., 1., 1., 1., 1., 1., 1., 1., 1., 1., 1., 1., 1., 1., 1.,
        1., 1., 1., 1., 1., 1., 1., 1.], device='cuda:0',
       grad_fn=<SqueezeBackward1>)

################## Training is Done! #########################
Training time is : 0:01:43.308293
