=============================================
Dataset: SEED
Method:  TS-TCC
Mode:    fine_tune
=============================================
Data loaded ...
Subjet 12
if scale False
Training started ....

Epoch : 1
Train Loss     : 1.2690	 | 	Train Accuracy     : 0.4793
Valid Loss     : 1.0072	 | 	Valid Accuracy     : 0.4702

Epoch : 2
Train Loss     : 0.8003	 | 	Train Accuracy     : 0.6364
Valid Loss     : 1.1584	 | 	Valid Accuracy     : 0.5264

Epoch : 3
Train Loss     : 0.6598	 | 	Train Accuracy     : 0.7106
Valid Loss     : 0.9649	 | 	Valid Accuracy     : 0.6182

Epoch : 4
Train Loss     : 0.4941	 | 	Train Accuracy     : 0.8154
Valid Loss     : 0.8410	 | 	Valid Accuracy     : 0.6709

Epoch : 5
Train Loss     : 0.3988	 | 	Train Accuracy     : 0.8488
Valid Loss     : 0.7333	 | 	Valid Accuracy     : 0.6689

Epoch : 6
Train Loss     : 0.3278	 | 	Train Accuracy     : 0.8847
Valid Loss     : 0.9050	 | 	Valid Accuracy     : 0.6562

Epoch : 7
Train Loss     : 0.3296	 | 	Train Accuracy     : 0.8781
Valid Loss     : 0.8866	 | 	Valid Accuracy     : 0.6694

Epoch : 8
Train Loss     : 0.3017	 | 	Train Accuracy     : 0.8893
Valid Loss     : 0.7827	 | 	Valid Accuracy     : 0.6777

Epoch : 9
Train Loss     : 0.2462	 | 	Train Accuracy     : 0.9139
Valid Loss     : 0.7781	 | 	Valid Accuracy     : 0.6943

Epoch : 10
Train Loss     : 0.2317	 | 	Train Accuracy     : 0.9207
Valid Loss     : 0.9194	 | 	Valid Accuracy     : 0.6953

Epoch : 11
Train Loss     : 0.2044	 | 	Train Accuracy     : 0.9271
Valid Loss     : 0.8719	 | 	Valid Accuracy     : 0.6807

Epoch : 12
Train Loss     : 0.1975	 | 	Train Accuracy     : 0.9324
Valid Loss     : 0.8062	 | 	Valid Accuracy     : 0.7046

Epoch : 13
Train Loss     : 0.2019	 | 	Train Accuracy     : 0.9290
Valid Loss     : 0.8989	 | 	Valid Accuracy     : 0.6836

Epoch : 14
Train Loss     : 0.1979	 | 	Train Accuracy     : 0.9293
Valid Loss     : 0.9515	 | 	Valid Accuracy     : 0.6816

Epoch : 15
Train Loss     : 0.1858	 | 	Train Accuracy     : 0.9370
Valid Loss     : 0.9725	 | 	Valid Accuracy     : 0.6797

Epoch : 16
Train Loss     : 0.1655	 | 	Train Accuracy     : 0.9429
Valid Loss     : 0.7900	 | 	Valid Accuracy     : 0.7124

Epoch : 17
Train Loss     : 0.1272	 | 	Train Accuracy     : 0.9601
Valid Loss     : 0.8736	 | 	Valid Accuracy     : 0.7031

Epoch : 18
Train Loss     : 0.1093	 | 	Train Accuracy     : 0.9694
Valid Loss     : 0.8538	 | 	Valid Accuracy     : 0.7158

Epoch : 19
Train Loss     : 0.1049	 | 	Train Accuracy     : 0.9689
Valid Loss     : 0.8439	 | 	Valid Accuracy     : 0.7109

Epoch : 20
Train Loss     : 0.1032	 | 	Train Accuracy     : 0.9686
Valid Loss     : 0.8209	 | 	Valid Accuracy     : 0.7148

Epoch : 21
Train Loss     : 0.0962	 | 	Train Accuracy     : 0.9750
Valid Loss     : 0.8332	 | 	Valid Accuracy     : 0.7163

Epoch : 22
Train Loss     : 0.0942	 | 	Train Accuracy     : 0.9759
Valid Loss     : 0.8469	 | 	Valid Accuracy     : 0.7080

Epoch : 23
Train Loss     : 0.0947	 | 	Train Accuracy     : 0.9754
Valid Loss     : 0.8669	 | 	Valid Accuracy     : 0.7056

Epoch : 24
Train Loss     : 0.0893	 | 	Train Accuracy     : 0.9766
Valid Loss     : 0.8479	 | 	Valid Accuracy     : 0.7236

Epoch : 25
Train Loss     : 0.0873	 | 	Train Accuracy     : 0.9783
Valid Loss     : 0.8527	 | 	Valid Accuracy     : 0.7119

Epoch : 26
Train Loss     : 0.0898	 | 	Train Accuracy     : 0.9783
Valid Loss     : 0.8775	 | 	Valid Accuracy     : 0.7012

Epoch : 27
Train Loss     : 0.0875	 | 	Train Accuracy     : 0.9766
Valid Loss     : 0.8691	 | 	Valid Accuracy     : 0.7144

Epoch : 28
Train Loss     : 0.0787	 | 	Train Accuracy     : 0.9845
Valid Loss     : 0.8581	 | 	Valid Accuracy     : 0.7148

Epoch : 29
Train Loss     : 0.0768	 | 	Train Accuracy     : 0.9820
Valid Loss     : 0.8616	 | 	Valid Accuracy     : 0.7119

Epoch : 30
Train Loss     : 0.0791	 | 	Train Accuracy     : 0.9800
Valid Loss     : 0.8684	 | 	Valid Accuracy     : 0.7056

Evaluate on the Test set:
Test loss      :1.2228	 | Test Accuracy      : 0.6533 | Test AUPRC      : 0.4660
tensor([1., 1., 1., 1., 1., 1., 1., 1., 1., 1., 1., 1., 1., 1., 1., 1., 1., 1.,
        1., 1., 1., 1., 1., 1., 1., 1., 1., 1., 1., 1., 1., 1., 1., 1., 1., 1.,
        1., 1., 1., 1., 1., 1., 1., 1., 1., 1., 1., 1., 1., 1., 1., 1., 1., 1.,
        1., 1., 1., 1., 1., 1., 1., 1.], device='cuda:0',
       grad_fn=<SqueezeBackward1>)

################## Training is Done! #########################
Training time is : 0:01:41.188766
