=============================================
Dataset: SEED
Method:  TS-TCC
Mode:    fine_tune
=============================================
Data loaded ...
Subjet 9
if scale True
Training started ....

Epoch : 1
Train Loss     : 1.0635	 | 	Train Accuracy     : 0.5362
Valid Loss     : 0.8109	 | 	Valid Accuracy     : 0.6050

Epoch : 2
Train Loss     : 0.5731	 | 	Train Accuracy     : 0.7692
Valid Loss     : 0.6080	 | 	Valid Accuracy     : 0.7061

Epoch : 3
Train Loss     : 0.4546	 | 	Train Accuracy     : 0.8157
Valid Loss     : 0.6344	 | 	Valid Accuracy     : 0.7061

Epoch : 4
Train Loss     : 0.3810	 | 	Train Accuracy     : 0.8558
Valid Loss     : 0.6085	 | 	Valid Accuracy     : 0.7412

Epoch : 5
Train Loss     : 0.3402	 | 	Train Accuracy     : 0.8701
Valid Loss     : 0.5969	 | 	Valid Accuracy     : 0.7349

Epoch : 6
Train Loss     : 0.3175	 | 	Train Accuracy     : 0.8833
Valid Loss     : 0.5932	 | 	Valid Accuracy     : 0.7549

Epoch : 7
Train Loss     : 0.3228	 | 	Train Accuracy     : 0.8765
Valid Loss     : 0.5681	 | 	Valid Accuracy     : 0.7690

Epoch : 8
Train Loss     : 0.2696	 | 	Train Accuracy     : 0.8993
Valid Loss     : 0.6285	 | 	Valid Accuracy     : 0.7495

Epoch : 9
Train Loss     : 0.2604	 | 	Train Accuracy     : 0.8986
Valid Loss     : 0.6245	 | 	Valid Accuracy     : 0.7539

Epoch : 10
Train Loss     : 0.2685	 | 	Train Accuracy     : 0.8966
Valid Loss     : 0.5424	 | 	Valid Accuracy     : 0.7920

Epoch : 11
Train Loss     : 0.2235	 | 	Train Accuracy     : 0.9198
Valid Loss     : 0.5578	 | 	Valid Accuracy     : 0.7832

Epoch : 12
Train Loss     : 0.2287	 | 	Train Accuracy     : 0.9144
Valid Loss     : 0.5394	 | 	Valid Accuracy     : 0.7871

Epoch : 13
Train Loss     : 0.2340	 | 	Train Accuracy     : 0.9120
Valid Loss     : 0.6604	 | 	Valid Accuracy     : 0.7534

Epoch : 14
Train Loss     : 0.2403	 | 	Train Accuracy     : 0.9115
Valid Loss     : 0.6455	 | 	Valid Accuracy     : 0.7598

Epoch : 15
Train Loss     : 0.2040	 | 	Train Accuracy     : 0.9278
Valid Loss     : 0.5018	 | 	Valid Accuracy     : 0.8223

Epoch : 16
Train Loss     : 0.1989	 | 	Train Accuracy     : 0.9287
Valid Loss     : 0.6587	 | 	Valid Accuracy     : 0.7485

Epoch : 17
Train Loss     : 0.1982	 | 	Train Accuracy     : 0.9280
Valid Loss     : 0.6269	 | 	Valid Accuracy     : 0.7617

Epoch : 18
Train Loss     : 0.1926	 | 	Train Accuracy     : 0.9309
Valid Loss     : 0.7002	 | 	Valid Accuracy     : 0.7417

Epoch : 19
Train Loss     : 0.1840	 | 	Train Accuracy     : 0.9365
Valid Loss     : 0.5983	 | 	Valid Accuracy     : 0.7837

Epoch : 20
Train Loss     : 0.2009	 | 	Train Accuracy     : 0.9276
Valid Loss     : 0.5145	 | 	Valid Accuracy     : 0.8032

Epoch : 21
Train Loss     : 0.1891	 | 	Train Accuracy     : 0.9293
Valid Loss     : 0.8293	 | 	Valid Accuracy     : 0.6929

Epoch : 22
Train Loss     : 0.1912	 | 	Train Accuracy     : 0.9321
Valid Loss     : 0.5178	 | 	Valid Accuracy     : 0.8076

Epoch : 23
Train Loss     : 0.1738	 | 	Train Accuracy     : 0.9368
Valid Loss     : 0.5563	 | 	Valid Accuracy     : 0.8042

Epoch : 24
Train Loss     : 0.1708	 | 	Train Accuracy     : 0.9394
Valid Loss     : 0.5193	 | 	Valid Accuracy     : 0.8174

Epoch : 25
Train Loss     : 0.1649	 | 	Train Accuracy     : 0.9373
Valid Loss     : 0.5038	 | 	Valid Accuracy     : 0.8228

Epoch : 26
Train Loss     : 0.1636	 | 	Train Accuracy     : 0.9443
Valid Loss     : 0.6101	 | 	Valid Accuracy     : 0.7729

Epoch : 27
Train Loss     : 0.1415	 | 	Train Accuracy     : 0.9514
Valid Loss     : 0.5691	 | 	Valid Accuracy     : 0.7925

Epoch : 28
Train Loss     : 0.1325	 | 	Train Accuracy     : 0.9558
Valid Loss     : 0.5694	 | 	Valid Accuracy     : 0.7969

Epoch : 29
Train Loss     : 0.1220	 | 	Train Accuracy     : 0.9640
Valid Loss     : 0.5403	 | 	Valid Accuracy     : 0.8081

Epoch : 30
Train Loss     : 0.1246	 | 	Train Accuracy     : 0.9603
Valid Loss     : 0.5644	 | 	Valid Accuracy     : 0.7998

Evaluate on the Test set:
Test loss      :0.9067	 | Test Accuracy      : 0.7173 | Test AUPRC      : 0.5447
tensor([0.5881, 0.6127, 0.9748, 0.5834, 0.6797, 0.9397, 0.7911, 0.5520, 0.5866,
        0.8107, 0.6420, 0.8690, 0.9108, 0.8675, 0.8818, 0.9229, 0.6551, 0.5506,
        0.6420, 0.4693, 0.7701, 0.8021, 0.8943, 1.0124, 0.7143, 0.6178, 0.7008,
        0.6802, 0.5618, 0.6717, 0.6513, 0.7245, 0.6011, 0.7355, 0.4733, 0.5710,
        0.6807, 0.7499, 0.7803, 0.5681, 0.8215, 0.8924, 0.7258, 0.5155, 0.6161,
        0.6027, 0.5257, 0.9345, 0.5950, 0.7499, 0.7820, 0.6003, 0.7675, 0.5374,
        0.5700, 0.5824, 0.8421, 0.5069, 0.6190, 0.5207, 0.7683, 0.4708],
       device='cuda:0', grad_fn=<SqueezeBackward1>)

################## Training is Done! #########################
Training time is : 0:01:39.704000
