=============================================
Dataset: SEED
Method:  TS-TCC
Mode:    fine_tune
=============================================
Data loaded ...
Subjet 13
if scale True
Training started ....

Epoch : 1
Train Loss     : 1.0361	 | 	Train Accuracy     : 0.5656
Valid Loss     : 1.0975	 | 	Valid Accuracy     : 0.4834

Epoch : 2
Train Loss     : 0.5442	 | 	Train Accuracy     : 0.7483
Valid Loss     : 0.6029	 | 	Valid Accuracy     : 0.7026

Epoch : 3
Train Loss     : 0.4460	 | 	Train Accuracy     : 0.8152
Valid Loss     : 0.4875	 | 	Valid Accuracy     : 0.7998

Epoch : 4
Train Loss     : 0.3799	 | 	Train Accuracy     : 0.8502
Valid Loss     : 0.4609	 | 	Valid Accuracy     : 0.7969

Epoch : 5
Train Loss     : 0.3344	 | 	Train Accuracy     : 0.8658
Valid Loss     : 0.4677	 | 	Valid Accuracy     : 0.8022

Epoch : 6
Train Loss     : 0.2953	 | 	Train Accuracy     : 0.8886
Valid Loss     : 0.4698	 | 	Valid Accuracy     : 0.7881

Epoch : 7
Train Loss     : 0.2729	 | 	Train Accuracy     : 0.8986
Valid Loss     : 0.5930	 | 	Valid Accuracy     : 0.7437

Epoch : 8
Train Loss     : 0.2623	 | 	Train Accuracy     : 0.8998
Valid Loss     : 0.4907	 | 	Valid Accuracy     : 0.7827

Epoch : 9
Train Loss     : 0.2404	 | 	Train Accuracy     : 0.9090
Valid Loss     : 0.4964	 | 	Valid Accuracy     : 0.7915

Epoch : 10
Train Loss     : 0.2636	 | 	Train Accuracy     : 0.8916
Valid Loss     : 0.6078	 | 	Valid Accuracy     : 0.7563

Epoch : 11
Train Loss     : 0.2191	 | 	Train Accuracy     : 0.9193
Valid Loss     : 0.6129	 | 	Valid Accuracy     : 0.7554

Epoch : 12
Train Loss     : 0.2205	 | 	Train Accuracy     : 0.9144
Valid Loss     : 0.6367	 | 	Valid Accuracy     : 0.7651

Epoch : 13
Train Loss     : 0.1972	 | 	Train Accuracy     : 0.9287
Valid Loss     : 0.7004	 | 	Valid Accuracy     : 0.7285

Epoch : 14
Train Loss     : 0.2019	 | 	Train Accuracy     : 0.9244
Valid Loss     : 0.6588	 | 	Valid Accuracy     : 0.7373

Epoch : 15
Train Loss     : 0.1892	 | 	Train Accuracy     : 0.9293
Valid Loss     : 0.6716	 | 	Valid Accuracy     : 0.7354

Epoch : 16
Train Loss     : 0.1688	 | 	Train Accuracy     : 0.9382
Valid Loss     : 0.5927	 | 	Valid Accuracy     : 0.7607

Epoch : 17
Train Loss     : 0.1510	 | 	Train Accuracy     : 0.9509
Valid Loss     : 0.5265	 | 	Valid Accuracy     : 0.7817

Epoch : 18
Train Loss     : 0.1511	 | 	Train Accuracy     : 0.9514
Valid Loss     : 0.5569	 | 	Valid Accuracy     : 0.7700

Epoch : 19
Train Loss     : 0.1482	 | 	Train Accuracy     : 0.9536
Valid Loss     : 0.5584	 | 	Valid Accuracy     : 0.7764

Epoch : 20
Train Loss     : 0.1476	 | 	Train Accuracy     : 0.9511
Valid Loss     : 0.5774	 | 	Valid Accuracy     : 0.7637

Epoch : 21
Train Loss     : 0.1428	 | 	Train Accuracy     : 0.9557
Valid Loss     : 0.5587	 | 	Valid Accuracy     : 0.7744

Epoch : 22
Train Loss     : 0.1420	 | 	Train Accuracy     : 0.9565
Valid Loss     : 0.5932	 | 	Valid Accuracy     : 0.7612

Epoch : 23
Train Loss     : 0.1414	 | 	Train Accuracy     : 0.9535
Valid Loss     : 0.5378	 | 	Valid Accuracy     : 0.7778

Epoch : 24
Train Loss     : 0.1370	 | 	Train Accuracy     : 0.9591
Valid Loss     : 0.5876	 | 	Valid Accuracy     : 0.7593

Epoch : 25
Train Loss     : 0.1338	 | 	Train Accuracy     : 0.9584
Valid Loss     : 0.5869	 | 	Valid Accuracy     : 0.7671

Epoch : 26
Train Loss     : 0.1332	 | 	Train Accuracy     : 0.9592
Valid Loss     : 0.5564	 | 	Valid Accuracy     : 0.7793

Epoch : 27
Train Loss     : 0.1312	 | 	Train Accuracy     : 0.9635
Valid Loss     : 0.5547	 | 	Valid Accuracy     : 0.7744

Epoch : 28
Train Loss     : 0.1318	 | 	Train Accuracy     : 0.9613
Valid Loss     : 0.5646	 | 	Valid Accuracy     : 0.7725

Epoch : 29
Train Loss     : 0.1271	 | 	Train Accuracy     : 0.9614
Valid Loss     : 0.5631	 | 	Valid Accuracy     : 0.7734

Epoch : 30
Train Loss     : 0.1266	 | 	Train Accuracy     : 0.9618
Valid Loss     : 0.5566	 | 	Valid Accuracy     : 0.7783

Evaluate on the Test set:
Test loss      :1.5834	 | Test Accuracy      : 0.6985 | Test AUPRC      : 0.5265
tensor([0.8752, 0.8441, 0.9517, 0.9426, 0.7487, 0.9980, 0.9396, 0.7486, 0.7728,
        0.8106, 0.7191, 0.6930, 0.9415, 0.9359, 0.7688, 0.9489, 0.7342, 0.7166,
        0.6965, 0.7696, 0.7676, 0.8006, 0.7453, 0.9453, 0.9403, 0.7035, 0.7616,
        0.7890, 0.7064, 0.7993, 0.7686, 0.9615, 0.8487, 0.8265, 0.7474, 0.6965,
        0.8321, 0.7057, 0.7788, 0.7640, 0.7417, 0.8315, 0.9859, 0.7314, 0.7405,
        0.7497, 0.7167, 0.7413, 0.7696, 0.7652, 0.7059, 0.7171, 0.8568, 0.8191,
        0.7756, 0.7729, 0.8077, 0.7476, 0.7446, 0.8080, 0.7937, 0.7981],
       device='cuda:0', grad_fn=<SqueezeBackward1>)

################## Training is Done! #########################
Training time is : 0:01:34.252629
