=============================================
Dataset: SEED
Method:  TS-TCC
Mode:    fine_tune
=============================================
Data loaded ...
Subjet 7
if scale True
Training started ....

Epoch : 1
Train Loss     : 1.2846	 | 	Train Accuracy     : 0.4975
Valid Loss     : 0.9835	 | 	Valid Accuracy     : 0.4629

Epoch : 2
Train Loss     : 0.6586	 | 	Train Accuracy     : 0.7201
Valid Loss     : 0.6106	 | 	Valid Accuracy     : 0.7046

Epoch : 3
Train Loss     : 0.4907	 | 	Train Accuracy     : 0.7991
Valid Loss     : 0.4656	 | 	Valid Accuracy     : 0.7944

Epoch : 4
Train Loss     : 0.4116	 | 	Train Accuracy     : 0.8390
Valid Loss     : 0.3955	 | 	Valid Accuracy     : 0.8501

Epoch : 5
Train Loss     : 0.3716	 | 	Train Accuracy     : 0.8550
Valid Loss     : 0.4789	 | 	Valid Accuracy     : 0.7979

Epoch : 6
Train Loss     : 0.3541	 | 	Train Accuracy     : 0.8618
Valid Loss     : 0.5670	 | 	Valid Accuracy     : 0.7612

Epoch : 7
Train Loss     : 0.3435	 | 	Train Accuracy     : 0.8619
Valid Loss     : 0.4365	 | 	Valid Accuracy     : 0.8252

Epoch : 8
Train Loss     : 0.3111	 | 	Train Accuracy     : 0.8798
Valid Loss     : 0.4523	 | 	Valid Accuracy     : 0.8130

Epoch : 9
Train Loss     : 0.3121	 | 	Train Accuracy     : 0.8777
Valid Loss     : 0.4844	 | 	Valid Accuracy     : 0.8066

Epoch : 10
Train Loss     : 0.3052	 | 	Train Accuracy     : 0.8813
Valid Loss     : 0.4185	 | 	Valid Accuracy     : 0.8213

Epoch : 11
Train Loss     : 0.2809	 | 	Train Accuracy     : 0.8949
Valid Loss     : 0.4788	 | 	Valid Accuracy     : 0.8159

Epoch : 12
Train Loss     : 0.2771	 | 	Train Accuracy     : 0.8933
Valid Loss     : 0.5126	 | 	Valid Accuracy     : 0.8105

Epoch : 13
Train Loss     : 0.2792	 | 	Train Accuracy     : 0.8916
Valid Loss     : 0.4462	 | 	Valid Accuracy     : 0.8169

Epoch : 14
Train Loss     : 0.2679	 | 	Train Accuracy     : 0.8949
Valid Loss     : 0.4892	 | 	Valid Accuracy     : 0.8057

Epoch : 15
Train Loss     : 0.2452	 | 	Train Accuracy     : 0.9081
Valid Loss     : 0.4174	 | 	Valid Accuracy     : 0.8447

Epoch : 16
Train Loss     : 0.2200	 | 	Train Accuracy     : 0.9181
Valid Loss     : 0.4238	 | 	Valid Accuracy     : 0.8501

Epoch : 17
Train Loss     : 0.2057	 | 	Train Accuracy     : 0.9263
Valid Loss     : 0.4143	 | 	Valid Accuracy     : 0.8442

Epoch : 18
Train Loss     : 0.2071	 | 	Train Accuracy     : 0.9215
Valid Loss     : 0.4449	 | 	Valid Accuracy     : 0.8345

Epoch : 19
Train Loss     : 0.2014	 | 	Train Accuracy     : 0.9249
Valid Loss     : 0.3968	 | 	Valid Accuracy     : 0.8525

Epoch : 20
Train Loss     : 0.1984	 | 	Train Accuracy     : 0.9300
Valid Loss     : 0.4013	 | 	Valid Accuracy     : 0.8491

Epoch : 21
Train Loss     : 0.1954	 | 	Train Accuracy     : 0.9327
Valid Loss     : 0.3792	 | 	Valid Accuracy     : 0.8545

Epoch : 22
Train Loss     : 0.1931	 | 	Train Accuracy     : 0.9333
Valid Loss     : 0.3900	 | 	Valid Accuracy     : 0.8525

Epoch : 23
Train Loss     : 0.1916	 | 	Train Accuracy     : 0.9304
Valid Loss     : 0.3925	 | 	Valid Accuracy     : 0.8540

Epoch : 24
Train Loss     : 0.1926	 | 	Train Accuracy     : 0.9310
Valid Loss     : 0.4202	 | 	Valid Accuracy     : 0.8389

Epoch : 25
Train Loss     : 0.1828	 | 	Train Accuracy     : 0.9365
Valid Loss     : 0.4140	 | 	Valid Accuracy     : 0.8491

Epoch : 26
Train Loss     : 0.1885	 | 	Train Accuracy     : 0.9341
Valid Loss     : 0.4093	 | 	Valid Accuracy     : 0.8462

Epoch : 27
Train Loss     : 0.1786	 | 	Train Accuracy     : 0.9382
Valid Loss     : 0.3914	 | 	Valid Accuracy     : 0.8467

Epoch : 28
Train Loss     : 0.1856	 | 	Train Accuracy     : 0.9327
Valid Loss     : 0.3922	 | 	Valid Accuracy     : 0.8516

Epoch : 29
Train Loss     : 0.1740	 | 	Train Accuracy     : 0.9397
Valid Loss     : 0.3826	 | 	Valid Accuracy     : 0.8564

Epoch : 30
Train Loss     : 0.1792	 | 	Train Accuracy     : 0.9358
Valid Loss     : 0.4195	 | 	Valid Accuracy     : 0.8398

Evaluate on the Test set:
Test loss      :0.8356	 | Test Accuracy      : 0.6435 | Test AUPRC      : 0.5463
tensor([0.8012, 0.8457, 0.9726, 0.8771, 0.8746, 0.9095, 0.8889, 0.7719, 0.7342,
        0.8408, 0.7282, 0.7653, 0.8716, 0.8880, 0.8152, 0.8434, 0.7628, 0.8045,
        0.7170, 0.6872, 0.7243, 0.9511, 0.7344, 1.0526, 0.7458, 0.7314, 0.7804,
        0.7857, 0.7483, 0.7256, 0.7504, 0.9631, 0.7830, 0.8064, 0.7469, 0.7786,
        0.8974, 0.7662, 0.7784, 0.7386, 0.7619, 0.7780, 0.7605, 0.7052, 0.7512,
        0.7316, 0.7995, 0.7479, 0.6982, 0.7122, 0.7419, 0.7584, 0.7775, 0.7231,
        0.7432, 0.7804, 0.9011, 0.7352, 0.9489, 0.6951, 0.7214, 0.7814],
       device='cuda:0', grad_fn=<SqueezeBackward1>)

################## Training is Done! #########################
Training time is : 0:01:31.284620
