=============================================
Dataset: SEED
Method:  TS-TCC
Mode:    fine_tune
=============================================
Data loaded ...
Subjet 11
if scale True
Training started ....

Epoch : 1
Train Loss     : 0.7730	 | 	Train Accuracy     : 0.6783
Valid Loss     : 1.3487	 | 	Valid Accuracy     : 0.5342

Epoch : 2
Train Loss     : 0.4011	 | 	Train Accuracy     : 0.8466
Valid Loss     : 0.5042	 | 	Valid Accuracy     : 0.7754

Epoch : 3
Train Loss     : 0.3348	 | 	Train Accuracy     : 0.8772
Valid Loss     : 0.4764	 | 	Valid Accuracy     : 0.7935

Epoch : 4
Train Loss     : 0.2791	 | 	Train Accuracy     : 0.8969
Valid Loss     : 0.3970	 | 	Valid Accuracy     : 0.8354

Epoch : 5
Train Loss     : 0.2431	 | 	Train Accuracy     : 0.9139
Valid Loss     : 0.4724	 | 	Valid Accuracy     : 0.8081

Epoch : 6
Train Loss     : 0.2362	 | 	Train Accuracy     : 0.9169
Valid Loss     : 0.3611	 | 	Valid Accuracy     : 0.8394

Epoch : 7
Train Loss     : 0.2321	 | 	Train Accuracy     : 0.9158
Valid Loss     : 0.3377	 | 	Valid Accuracy     : 0.8604

Epoch : 8
Train Loss     : 0.2080	 | 	Train Accuracy     : 0.9229
Valid Loss     : 0.6026	 | 	Valid Accuracy     : 0.7793

Epoch : 9
Train Loss     : 0.1876	 | 	Train Accuracy     : 0.9353
Valid Loss     : 0.4517	 | 	Valid Accuracy     : 0.8291

Epoch : 10
Train Loss     : 0.1730	 | 	Train Accuracy     : 0.9395
Valid Loss     : 0.4156	 | 	Valid Accuracy     : 0.8340

Epoch : 11
Train Loss     : 0.1868	 | 	Train Accuracy     : 0.9344
Valid Loss     : 0.3232	 | 	Valid Accuracy     : 0.8623

Epoch : 12
Train Loss     : 0.1746	 | 	Train Accuracy     : 0.9363
Valid Loss     : 0.4333	 | 	Valid Accuracy     : 0.8242

Epoch : 13
Train Loss     : 0.1923	 | 	Train Accuracy     : 0.9275
Valid Loss     : 0.4369	 | 	Valid Accuracy     : 0.8267

Epoch : 14
Train Loss     : 0.1718	 | 	Train Accuracy     : 0.9382
Valid Loss     : 0.3986	 | 	Valid Accuracy     : 0.8340

Epoch : 15
Train Loss     : 0.1868	 | 	Train Accuracy     : 0.9282
Valid Loss     : 0.7254	 | 	Valid Accuracy     : 0.7500

Epoch : 16
Train Loss     : 0.1750	 | 	Train Accuracy     : 0.9365
Valid Loss     : 0.3898	 | 	Valid Accuracy     : 0.8452

Epoch : 17
Train Loss     : 0.1591	 | 	Train Accuracy     : 0.9426
Valid Loss     : 0.3450	 | 	Valid Accuracy     : 0.8633

Epoch : 18
Train Loss     : 0.1533	 | 	Train Accuracy     : 0.9446
Valid Loss     : 0.3884	 | 	Valid Accuracy     : 0.8403

Epoch : 19
Train Loss     : 0.1578	 | 	Train Accuracy     : 0.9443
Valid Loss     : 0.3434	 | 	Valid Accuracy     : 0.8496

Epoch : 20
Train Loss     : 0.1639	 | 	Train Accuracy     : 0.9383
Valid Loss     : 0.5649	 | 	Valid Accuracy     : 0.7969

Epoch : 21
Train Loss     : 0.1581	 | 	Train Accuracy     : 0.9414
Valid Loss     : 0.3574	 | 	Valid Accuracy     : 0.8608

Epoch : 22
Train Loss     : 0.1455	 | 	Train Accuracy     : 0.9526
Valid Loss     : 0.5069	 | 	Valid Accuracy     : 0.8110

Epoch : 23
Train Loss     : 0.1310	 | 	Train Accuracy     : 0.9547
Valid Loss     : 0.3893	 | 	Valid Accuracy     : 0.8477

Epoch : 24
Train Loss     : 0.1147	 | 	Train Accuracy     : 0.9628
Valid Loss     : 0.3694	 | 	Valid Accuracy     : 0.8525

Epoch : 25
Train Loss     : 0.1118	 | 	Train Accuracy     : 0.9614
Valid Loss     : 0.3589	 | 	Valid Accuracy     : 0.8550

Epoch : 26
Train Loss     : 0.1066	 | 	Train Accuracy     : 0.9681
Valid Loss     : 0.3632	 | 	Valid Accuracy     : 0.8584

Epoch : 27
Train Loss     : 0.1062	 | 	Train Accuracy     : 0.9647
Valid Loss     : 0.3568	 | 	Valid Accuracy     : 0.8633

Epoch : 28
Train Loss     : 0.1074	 | 	Train Accuracy     : 0.9648
Valid Loss     : 0.3625	 | 	Valid Accuracy     : 0.8599

Epoch : 29
Train Loss     : 0.1011	 | 	Train Accuracy     : 0.9672
Valid Loss     : 0.3357	 | 	Valid Accuracy     : 0.8604

Epoch : 30
Train Loss     : 0.1010	 | 	Train Accuracy     : 0.9691
Valid Loss     : 0.3627	 | 	Valid Accuracy     : 0.8604

Evaluate on the Test set:
Test loss      :0.6027	 | Test Accuracy      : 0.8215 | Test AUPRC      : 0.5999
tensor([0.6910, 0.9020, 0.9461, 0.6931, 0.7489, 0.8402, 0.9415, 0.7063, 0.5751,
        0.6958, 0.6977, 0.6278, 0.8253, 0.6135, 0.7216, 0.6590, 0.6281, 0.7077,
        0.5773, 0.8018, 0.6347, 0.7112, 1.0105, 0.7790, 0.8093, 0.7434, 0.6472,
        0.6992, 0.7584, 0.6325, 0.7326, 0.8284, 0.8325, 0.7748, 0.5757, 0.6152,
        0.7547, 0.6814, 0.7174, 0.6188, 0.9185, 0.6446, 0.7278, 0.6860, 0.7377,
        0.8252, 0.6556, 0.6282, 0.6264, 0.6443, 0.5670, 0.6760, 0.5570, 0.7000,
        0.8380, 0.6188, 0.6555, 0.8621, 0.8562, 0.6657, 0.6372, 0.7681],
       device='cuda:0', grad_fn=<SqueezeBackward1>)

################## Training is Done! #########################
Training time is : 0:01:39.083142
