=============================================
Dataset: SEED
Method:  TS-TCC
Mode:    fine_tune
=============================================
Data loaded ...
Subjet 12
if scale True
Training started ....

Epoch : 1
Train Loss     : 1.1260	 | 	Train Accuracy     : 0.5180
Valid Loss     : 2.0268	 | 	Valid Accuracy     : 0.3194

Epoch : 2
Train Loss     : 0.6906	 | 	Train Accuracy     : 0.7315
Valid Loss     : 2.0183	 | 	Valid Accuracy     : 0.3348

Epoch : 3
Train Loss     : 0.5038	 | 	Train Accuracy     : 0.8162
Valid Loss     : 1.7347	 | 	Valid Accuracy     : 0.4083

Epoch : 4
Train Loss     : 0.3675	 | 	Train Accuracy     : 0.8660
Valid Loss     : 1.7552	 | 	Valid Accuracy     : 0.4349

Epoch : 5
Train Loss     : 0.3031	 | 	Train Accuracy     : 0.9046
Valid Loss     : 1.9128	 | 	Valid Accuracy     : 0.3950

Epoch : 6
Train Loss     : 0.2345	 | 	Train Accuracy     : 0.9299
Valid Loss     : 2.0173	 | 	Valid Accuracy     : 0.4252

Epoch : 7
Train Loss     : 0.2059	 | 	Train Accuracy     : 0.9472
Valid Loss     : 2.1102	 | 	Valid Accuracy     : 0.4948

Epoch : 8
Train Loss     : 0.1781	 | 	Train Accuracy     : 0.9494
Valid Loss     : 2.4075	 | 	Valid Accuracy     : 0.4195

Epoch : 9
Train Loss     : 0.1518	 | 	Train Accuracy     : 0.9585
Valid Loss     : 2.7663	 | 	Valid Accuracy     : 0.5008

Epoch : 10
Train Loss     : 0.1345	 | 	Train Accuracy     : 0.9612
Valid Loss     : 2.4803	 | 	Valid Accuracy     : 0.4971

Epoch : 11
Train Loss     : 0.1043	 | 	Train Accuracy     : 0.9761
Valid Loss     : 3.1646	 | 	Valid Accuracy     : 0.5138

Epoch : 12
Train Loss     : 0.0979	 | 	Train Accuracy     : 0.9770
Valid Loss     : 3.3241	 | 	Valid Accuracy     : 0.5186

Epoch : 13
Train Loss     : 0.0911	 | 	Train Accuracy     : 0.9811
Valid Loss     : 3.5823	 | 	Valid Accuracy     : 0.5022

Epoch : 14
Train Loss     : 0.0832	 | 	Train Accuracy     : 0.9754
Valid Loss     : 4.0265	 | 	Valid Accuracy     : 0.4871

Epoch : 15
Train Loss     : 0.0640	 | 	Train Accuracy     : 0.9931
Valid Loss     : 4.5367	 | 	Valid Accuracy     : 0.4920

Epoch : 16
Train Loss     : 0.0583	 | 	Train Accuracy     : 0.9924
Valid Loss     : 5.0692	 | 	Valid Accuracy     : 0.4960

Epoch : 17
Train Loss     : 0.0560	 | 	Train Accuracy     : 0.9924
Valid Loss     : 5.2633	 | 	Valid Accuracy     : 0.4846

Epoch : 18
Train Loss     : 0.0524	 | 	Train Accuracy     : 0.9951
Valid Loss     : 5.2799	 | 	Valid Accuracy     : 0.4904

Epoch : 19
Train Loss     : 0.0512	 | 	Train Accuracy     : 0.9932
Valid Loss     : 5.3112	 | 	Valid Accuracy     : 0.5018

Epoch : 20
Train Loss     : 0.0474	 | 	Train Accuracy     : 0.9945
Valid Loss     : 5.3524	 | 	Valid Accuracy     : 0.4887

Epoch : 21
Train Loss     : 0.0478	 | 	Train Accuracy     : 0.9960
Valid Loss     : 5.3706	 | 	Valid Accuracy     : 0.5064

Epoch : 22
Train Loss     : 0.0468	 | 	Train Accuracy     : 0.9969
Valid Loss     : 5.7422	 | 	Valid Accuracy     : 0.4838

Epoch : 23
Train Loss     : 0.0445	 | 	Train Accuracy     : 0.9961
Valid Loss     : 5.4946	 | 	Valid Accuracy     : 0.5006

Epoch : 24
Train Loss     : 0.0453	 | 	Train Accuracy     : 0.9956
Valid Loss     : 5.2918	 | 	Valid Accuracy     : 0.5115

Epoch : 25
Train Loss     : 0.0448	 | 	Train Accuracy     : 0.9961
Valid Loss     : 5.3768	 | 	Valid Accuracy     : 0.4968

Epoch : 26
Train Loss     : 0.0431	 | 	Train Accuracy     : 0.9975
Valid Loss     : 5.4246	 | 	Valid Accuracy     : 0.5096

Epoch : 27
Train Loss     : 0.0416	 | 	Train Accuracy     : 0.9980
Valid Loss     : 5.4416	 | 	Valid Accuracy     : 0.5088

Epoch : 28
Train Loss     : 0.0445	 | 	Train Accuracy     : 0.9964
Valid Loss     : 5.6539	 | 	Valid Accuracy     : 0.4992

Epoch : 29
Train Loss     : 0.0426	 | 	Train Accuracy     : 0.9980
Valid Loss     : 5.7779	 | 	Valid Accuracy     : 0.4959

Epoch : 30
Train Loss     : 0.0424	 | 	Train Accuracy     : 0.9974
Valid Loss     : 5.7995	 | 	Valid Accuracy     : 0.4996

Evaluate on the Test set:
Test loss      :5.9617	 | Test Accuracy      : 0.4884 | Test AUPRC      : 0.4978
tensor([0.9599, 0.9799, 1.0054, 0.9700, 0.9621, 1.0032, 0.9478, 0.9199, 0.9206,
        0.9214, 0.9244, 0.9497, 0.9575, 0.9581, 0.9167, 0.9141, 0.9257, 0.9101,
        0.9070, 0.9812, 0.9155, 0.9178, 0.9512, 1.0145, 0.9453, 0.9358, 0.9383,
        0.9139, 0.9187, 0.9136, 0.9487, 0.9794, 0.9459, 0.8962, 0.8994, 0.9601,
        0.9323, 0.9097, 0.9110, 0.9007, 0.9459, 0.9200, 0.9391, 0.9401, 0.9214,
        0.9452, 0.9299, 0.9220, 0.9027, 0.9043, 0.9052, 0.9168, 0.9097, 0.9149,
        0.9258, 0.8965, 0.9021, 0.9884, 0.9449, 0.9210, 0.9255, 0.9299],
       device='cuda:0', grad_fn=<SqueezeBackward1>)

################## Training is Done! #########################
Training time is : 0:01:04.266706
