=============================================
Dataset: SEED
Method:  TS-TCC
Mode:    fine_tune
=============================================
Data loaded ...
Subjet 2
if scale True
Training started ....

Epoch : 1
Train Loss     : 1.3002	 | 	Train Accuracy     : 0.4336
Valid Loss     : 2.2272	 | 	Valid Accuracy     : 0.3333

Epoch : 2
Train Loss     : 0.7620	 | 	Train Accuracy     : 0.6787
Valid Loss     : 1.9657	 | 	Valid Accuracy     : 0.3667

Epoch : 3
Train Loss     : 0.5641	 | 	Train Accuracy     : 0.7633
Valid Loss     : 2.3188	 | 	Valid Accuracy     : 0.4147

Epoch : 4
Train Loss     : 0.4547	 | 	Train Accuracy     : 0.8259
Valid Loss     : 2.6824	 | 	Valid Accuracy     : 0.4370

Epoch : 5
Train Loss     : 0.4181	 | 	Train Accuracy     : 0.8415
Valid Loss     : 2.4960	 | 	Valid Accuracy     : 0.4680

Epoch : 6
Train Loss     : 0.3719	 | 	Train Accuracy     : 0.8693
Valid Loss     : 2.7225	 | 	Valid Accuracy     : 0.4455

Epoch : 7
Train Loss     : 0.3532	 | 	Train Accuracy     : 0.8807
Valid Loss     : 3.0556	 | 	Valid Accuracy     : 0.4324

Epoch : 8
Train Loss     : 0.3263	 | 	Train Accuracy     : 0.8944
Valid Loss     : 2.6974	 | 	Valid Accuracy     : 0.4779

Epoch : 9
Train Loss     : 0.3149	 | 	Train Accuracy     : 0.8867
Valid Loss     : 3.3367	 | 	Valid Accuracy     : 0.4751

Epoch : 10
Train Loss     : 0.3068	 | 	Train Accuracy     : 0.8872
Valid Loss     : 4.2045	 | 	Valid Accuracy     : 0.4096

Epoch : 11
Train Loss     : 0.2681	 | 	Train Accuracy     : 0.9061
Valid Loss     : 4.4871	 | 	Valid Accuracy     : 0.4749

Epoch : 12
Train Loss     : 0.2647	 | 	Train Accuracy     : 0.9091
Valid Loss     : 4.1940	 | 	Valid Accuracy     : 0.4360

Epoch : 13
Train Loss     : 0.2640	 | 	Train Accuracy     : 0.9078
Valid Loss     : 3.6790	 | 	Valid Accuracy     : 0.4702

Epoch : 14
Train Loss     : 0.2385	 | 	Train Accuracy     : 0.9191
Valid Loss     : 3.9799	 | 	Valid Accuracy     : 0.4775

Epoch : 15
Train Loss     : 0.2095	 | 	Train Accuracy     : 0.9372
Valid Loss     : 4.1407	 | 	Valid Accuracy     : 0.4803

Epoch : 16
Train Loss     : 0.2095	 | 	Train Accuracy     : 0.9378
Valid Loss     : 4.3001	 | 	Valid Accuracy     : 0.4693

Epoch : 17
Train Loss     : 0.2008	 | 	Train Accuracy     : 0.9387
Valid Loss     : 4.1178	 | 	Valid Accuracy     : 0.4893

Epoch : 18
Train Loss     : 0.2006	 | 	Train Accuracy     : 0.9466
Valid Loss     : 4.1678	 | 	Valid Accuracy     : 0.4916

Epoch : 19
Train Loss     : 0.2015	 | 	Train Accuracy     : 0.9383
Valid Loss     : 4.0649	 | 	Valid Accuracy     : 0.4905

Epoch : 20
Train Loss     : 0.1932	 | 	Train Accuracy     : 0.9503
Valid Loss     : 3.8892	 | 	Valid Accuracy     : 0.4854

Epoch : 21
Train Loss     : 0.1901	 | 	Train Accuracy     : 0.9471
Valid Loss     : 3.8558	 | 	Valid Accuracy     : 0.4910

Epoch : 22
Train Loss     : 0.1937	 | 	Train Accuracy     : 0.9409
Valid Loss     : 3.8427	 | 	Valid Accuracy     : 0.4903

Epoch : 23
Train Loss     : 0.1797	 | 	Train Accuracy     : 0.9522
Valid Loss     : 3.9309	 | 	Valid Accuracy     : 0.4941

Epoch : 24
Train Loss     : 0.1831	 | 	Train Accuracy     : 0.9537
Valid Loss     : 3.8811	 | 	Valid Accuracy     : 0.4858

Epoch : 25
Train Loss     : 0.1815	 | 	Train Accuracy     : 0.9544
Valid Loss     : 3.8446	 | 	Valid Accuracy     : 0.4943

Epoch : 26
Train Loss     : 0.1816	 | 	Train Accuracy     : 0.9492
Valid Loss     : 3.8168	 | 	Valid Accuracy     : 0.4879

Epoch : 27
Train Loss     : 0.1779	 | 	Train Accuracy     : 0.9486
Valid Loss     : 3.9157	 | 	Valid Accuracy     : 0.4773

Epoch : 28
Train Loss     : 0.1870	 | 	Train Accuracy     : 0.9467
Valid Loss     : 3.9546	 | 	Valid Accuracy     : 0.4786

Epoch : 29
Train Loss     : 0.1827	 | 	Train Accuracy     : 0.9474
Valid Loss     : 3.9076	 | 	Valid Accuracy     : 0.4802

Epoch : 30
Train Loss     : 0.1765	 | 	Train Accuracy     : 0.9537
Valid Loss     : 3.9952	 | 	Valid Accuracy     : 0.4865

Evaluate on the Test set:
Test loss      :1.7071	 | Test Accuracy      : 0.5607 | Test AUPRC      : 0.5871
tensor([0.9453, 0.9429, 1.0089, 0.9526, 0.9491, 0.9767, 0.9441, 0.9168, 0.9181,
        0.9252, 0.9280, 0.9282, 0.9353, 0.9420, 0.9820, 0.9160, 0.9277, 0.9183,
        0.9169, 0.9400, 0.9493, 0.9126, 0.9637, 1.0085, 0.9498, 0.9142, 0.9385,
        0.9345, 0.9484, 0.9171, 0.9443, 0.9309, 0.9633, 0.9060, 0.9223, 0.9424,
        0.9228, 0.9412, 0.9433, 0.9021, 0.9915, 0.9242, 1.0104, 0.9956, 0.9315,
        0.9546, 0.9267, 0.9246, 0.9029, 0.9002, 0.9229, 0.9265, 0.9030, 0.9076,
        0.9210, 0.8904, 0.9289, 0.9605, 0.9484, 0.9065, 0.9278, 0.9329],
       device='cuda:0', grad_fn=<SqueezeBackward1>)

################## Training is Done! #########################
Training time is : 0:01:03.829260
