=============================================
Dataset: SEED
Method:  TS-TCC
Mode:    fine_tune
=============================================
Data loaded ...
Subjet 15
if scale True
Training started ....

Epoch : 1
Train Loss     : 0.5876	 | 	Train Accuracy     : 0.7458
Valid Loss     : 0.5393	 | 	Valid Accuracy     : 0.7827

Epoch : 2
Train Loss     : 0.1726	 | 	Train Accuracy     : 0.9446
Valid Loss     : 0.5534	 | 	Valid Accuracy     : 0.7754

Epoch : 3
Train Loss     : 0.1115	 | 	Train Accuracy     : 0.9650
Valid Loss     : 0.2050	 | 	Valid Accuracy     : 0.9414

Epoch : 4
Train Loss     : 0.0763	 | 	Train Accuracy     : 0.9769
Valid Loss     : 0.1108	 | 	Valid Accuracy     : 0.9844

Epoch : 5
Train Loss     : 0.0639	 | 	Train Accuracy     : 0.9820
Valid Loss     : 0.1731	 | 	Valid Accuracy     : 0.9697

Epoch : 6
Train Loss     : 0.0526	 | 	Train Accuracy     : 0.9871
Valid Loss     : 0.0983	 | 	Valid Accuracy     : 0.9731

Epoch : 7
Train Loss     : 0.0437	 | 	Train Accuracy     : 0.9891
Valid Loss     : 0.1657	 | 	Valid Accuracy     : 0.9551

Epoch : 8
Train Loss     : 0.0435	 | 	Train Accuracy     : 0.9888
Valid Loss     : 0.1699	 | 	Valid Accuracy     : 0.9810

Epoch : 9
Train Loss     : 0.0355	 | 	Train Accuracy     : 0.9925
Valid Loss     : 0.0973	 | 	Valid Accuracy     : 0.9795

Epoch : 10
Train Loss     : 0.0371	 | 	Train Accuracy     : 0.9896
Valid Loss     : 0.0595	 | 	Valid Accuracy     : 0.9907

Epoch : 11
Train Loss     : 0.0332	 | 	Train Accuracy     : 0.9918
Valid Loss     : 0.1118	 | 	Valid Accuracy     : 0.9951

Epoch : 12
Train Loss     : 0.0322	 | 	Train Accuracy     : 0.9922
Valid Loss     : 0.2239	 | 	Valid Accuracy     : 0.9819

Epoch : 13
Train Loss     : 0.0338	 | 	Train Accuracy     : 0.9917
Valid Loss     : 0.1027	 | 	Valid Accuracy     : 0.9771

Epoch : 14
Train Loss     : 0.0307	 | 	Train Accuracy     : 0.9922
Valid Loss     : 0.0693	 | 	Valid Accuracy     : 0.9863

Epoch : 15
Train Loss     : 0.0311	 | 	Train Accuracy     : 0.9912
Valid Loss     : 0.8282	 | 	Valid Accuracy     : 0.9380

Epoch : 16
Train Loss     : 0.0240	 | 	Train Accuracy     : 0.9952
Valid Loss     : 2.7308	 | 	Valid Accuracy     : 0.9429

Epoch : 17
Train Loss     : 0.0260	 | 	Train Accuracy     : 0.9941
Valid Loss     : 3.0828	 | 	Valid Accuracy     : 0.9375

Epoch : 18
Train Loss     : 0.0286	 | 	Train Accuracy     : 0.9925
Valid Loss     : 2.0782	 | 	Valid Accuracy     : 0.9302

Epoch : 19
Train Loss     : 0.0315	 | 	Train Accuracy     : 0.9913
Valid Loss     : 0.9403	 | 	Valid Accuracy     : 0.9375

Epoch : 20
Train Loss     : 0.0245	 | 	Train Accuracy     : 0.9942
Valid Loss     : 0.4805	 | 	Valid Accuracy     : 0.9312

Epoch : 21
Train Loss     : 0.0275	 | 	Train Accuracy     : 0.9935
Valid Loss     : 0.3085	 | 	Valid Accuracy     : 0.9634

Epoch : 22
Train Loss     : 0.0197	 | 	Train Accuracy     : 0.9958
Valid Loss     : 0.2266	 | 	Valid Accuracy     : 0.9629

Epoch : 23
Train Loss     : 0.0151	 | 	Train Accuracy     : 0.9985
Valid Loss     : 0.1882	 | 	Valid Accuracy     : 0.9648

Epoch : 24
Train Loss     : 0.0141	 | 	Train Accuracy     : 0.9985
Valid Loss     : 0.1890	 | 	Valid Accuracy     : 0.9624

Epoch : 25
Train Loss     : 0.0141	 | 	Train Accuracy     : 0.9983
Valid Loss     : 0.2139	 | 	Valid Accuracy     : 0.9614

Epoch : 26
Train Loss     : 0.0128	 | 	Train Accuracy     : 0.9990
Valid Loss     : 0.2024	 | 	Valid Accuracy     : 0.9619

Epoch : 27
Train Loss     : 0.0127	 | 	Train Accuracy     : 0.9990
Valid Loss     : 0.2004	 | 	Valid Accuracy     : 0.9619

Epoch : 28
Train Loss     : 0.0131	 | 	Train Accuracy     : 0.9985
Valid Loss     : 0.1656	 | 	Valid Accuracy     : 0.9634

Epoch : 29
Train Loss     : 0.0120	 | 	Train Accuracy     : 0.9995
Valid Loss     : 0.1509	 | 	Valid Accuracy     : 0.9663

Epoch : 30
Train Loss     : 0.0125	 | 	Train Accuracy     : 0.9992
Valid Loss     : 0.1130	 | 	Valid Accuracy     : 0.9727

Evaluate on the Test set:
Test loss      :0.5872	 | Test Accuracy      : 0.8380 | Test AUPRC      : 0.6344
tensor([0.7580, 0.8593, 0.8893, 0.8549, 0.5777, 0.7383, 0.7576, 0.6863, 0.6176,
        0.5988, 0.5939, 0.6649, 0.6041, 0.7292, 0.9157, 0.6475, 0.5863, 0.6321,
        0.5406, 0.5865, 0.5844, 0.5717, 0.7308, 0.8433, 0.6770, 0.5994, 0.8103,
        0.5623, 0.5909, 0.5746, 0.7729, 0.7332, 0.6613, 0.6094, 0.5838, 0.6192,
        0.7324, 0.5749, 0.6864, 0.7946, 0.6599, 0.6273, 0.5789, 0.5622, 0.6445,
        0.6318, 0.6092, 0.5731, 0.5593, 0.6257, 0.5745, 0.6516, 0.5611, 0.5717,
        0.5940, 0.8439, 0.5923, 0.7425, 0.7020, 0.5654, 0.6744, 0.5777],
       device='cuda:0', grad_fn=<SqueezeBackward1>)

################## Training is Done! #########################
Training time is : 0:01:41.523857
