=============================================
Dataset: SEED
Method:  TS-TCC
Mode:    fine_tune
=============================================
Data loaded ...
Subjet 13
if scale True
Training started ....

Epoch : 1
Train Loss     : 1.1365	 | 	Train Accuracy     : 0.5535
Valid Loss     : 1.1931	 | 	Valid Accuracy     : 0.4561

Epoch : 2
Train Loss     : 0.5280	 | 	Train Accuracy     : 0.7768
Valid Loss     : 0.5601	 | 	Valid Accuracy     : 0.7725

Epoch : 3
Train Loss     : 0.4323	 | 	Train Accuracy     : 0.8218
Valid Loss     : 0.5584	 | 	Valid Accuracy     : 0.7217

Epoch : 4
Train Loss     : 0.3530	 | 	Train Accuracy     : 0.8553
Valid Loss     : 0.4944	 | 	Valid Accuracy     : 0.7720

Epoch : 5
Train Loss     : 0.2893	 | 	Train Accuracy     : 0.8906
Valid Loss     : 0.5413	 | 	Valid Accuracy     : 0.7612

Epoch : 6
Train Loss     : 0.2617	 | 	Train Accuracy     : 0.9022
Valid Loss     : 0.5485	 | 	Valid Accuracy     : 0.7437

Epoch : 7
Train Loss     : 0.2469	 | 	Train Accuracy     : 0.9068
Valid Loss     : 0.5699	 | 	Valid Accuracy     : 0.7578

Epoch : 8
Train Loss     : 0.2220	 | 	Train Accuracy     : 0.9168
Valid Loss     : 0.5647	 | 	Valid Accuracy     : 0.7686

Epoch : 9
Train Loss     : 0.2102	 | 	Train Accuracy     : 0.9212
Valid Loss     : 0.5345	 | 	Valid Accuracy     : 0.7622

Epoch : 10
Train Loss     : 0.2252	 | 	Train Accuracy     : 0.9085
Valid Loss     : 0.6312	 | 	Valid Accuracy     : 0.7476

Epoch : 11
Train Loss     : 0.2321	 | 	Train Accuracy     : 0.9078
Valid Loss     : 0.6901	 | 	Valid Accuracy     : 0.7490

Epoch : 12
Train Loss     : 0.2173	 | 	Train Accuracy     : 0.9107
Valid Loss     : 0.6007	 | 	Valid Accuracy     : 0.7456

Epoch : 13
Train Loss     : 0.1800	 | 	Train Accuracy     : 0.9363
Valid Loss     : 0.7267	 | 	Valid Accuracy     : 0.7378

Epoch : 14
Train Loss     : 0.1688	 | 	Train Accuracy     : 0.9406
Valid Loss     : 0.7254	 | 	Valid Accuracy     : 0.7417

Epoch : 15
Train Loss     : 0.1804	 | 	Train Accuracy     : 0.9288
Valid Loss     : 0.7399	 | 	Valid Accuracy     : 0.7432

Epoch : 16
Train Loss     : 0.1470	 | 	Train Accuracy     : 0.9509
Valid Loss     : 0.6143	 | 	Valid Accuracy     : 0.7583

Epoch : 17
Train Loss     : 0.1281	 | 	Train Accuracy     : 0.9601
Valid Loss     : 0.6641	 | 	Valid Accuracy     : 0.7529

Epoch : 18
Train Loss     : 0.1233	 | 	Train Accuracy     : 0.9604
Valid Loss     : 0.6492	 | 	Valid Accuracy     : 0.7529

Epoch : 19
Train Loss     : 0.1205	 | 	Train Accuracy     : 0.9645
Valid Loss     : 0.6223	 | 	Valid Accuracy     : 0.7603

Epoch : 20
Train Loss     : 0.1200	 | 	Train Accuracy     : 0.9626
Valid Loss     : 0.6524	 | 	Valid Accuracy     : 0.7417

Epoch : 21
Train Loss     : 0.1207	 | 	Train Accuracy     : 0.9650
Valid Loss     : 0.6348	 | 	Valid Accuracy     : 0.7568

Epoch : 22
Train Loss     : 0.1085	 | 	Train Accuracy     : 0.9693
Valid Loss     : 0.6538	 | 	Valid Accuracy     : 0.7534

Epoch : 23
Train Loss     : 0.1123	 | 	Train Accuracy     : 0.9679
Valid Loss     : 0.6511	 | 	Valid Accuracy     : 0.7524

Epoch : 24
Train Loss     : 0.1129	 | 	Train Accuracy     : 0.9665
Valid Loss     : 0.6426	 | 	Valid Accuracy     : 0.7603

Epoch : 25
Train Loss     : 0.1091	 | 	Train Accuracy     : 0.9708
Valid Loss     : 0.7020	 | 	Valid Accuracy     : 0.7471

Epoch : 26
Train Loss     : 0.1062	 | 	Train Accuracy     : 0.9696
Valid Loss     : 0.6583	 | 	Valid Accuracy     : 0.7563

Epoch : 27
Train Loss     : 0.1033	 | 	Train Accuracy     : 0.9696
Valid Loss     : 0.6855	 | 	Valid Accuracy     : 0.7456

Epoch : 28
Train Loss     : 0.1076	 | 	Train Accuracy     : 0.9684
Valid Loss     : 0.7001	 | 	Valid Accuracy     : 0.7437

Epoch : 29
Train Loss     : 0.1027	 | 	Train Accuracy     : 0.9713
Valid Loss     : 0.7215	 | 	Valid Accuracy     : 0.7407

Epoch : 30
Train Loss     : 0.1002	 | 	Train Accuracy     : 0.9737
Valid Loss     : 0.6625	 | 	Valid Accuracy     : 0.7476

Evaluate on the Test set:
Test loss      :1.5044	 | Test Accuracy      : 0.7152 | Test AUPRC      : 0.5439
tensor([0.9147, 0.8401, 0.9349, 0.9046, 0.8099, 1.0055, 0.9574, 0.7674, 0.7187,
        0.8108, 0.7285, 0.7597, 0.8679, 0.9687, 0.7352, 0.9607, 0.7184, 0.7084,
        0.6962, 0.6961, 0.7613, 0.8230, 0.7304, 0.9652, 0.9347, 0.7496, 0.7734,
        0.7413, 0.7733, 0.7856, 0.7664, 0.9746, 0.7673, 0.7998, 0.7202, 0.7091,
        0.8206, 0.6869, 0.7589, 0.8266, 0.7034, 0.8363, 0.9697, 0.7232, 0.7461,
        0.7559, 0.7394, 0.7200, 0.8384, 0.7827, 0.6991, 0.7231, 0.8329, 0.8201,
        0.7802, 0.7654, 0.7063, 0.7315, 0.7408, 0.8060, 0.7711, 0.8639],
       device='cuda:0', grad_fn=<SqueezeBackward1>)

################## Training is Done! #########################
Training time is : 0:01:40.605768
