=============================================
Dataset: SEED
Method:  TS-TCC
Mode:    fine_tune
=============================================
Data loaded ...
Subjet 6
if scale True
Training started ....

Epoch : 1
Train Loss     : 0.9847	 | 	Train Accuracy     : 0.5547
Valid Loss     : 1.7205	 | 	Valid Accuracy     : 0.3413

Epoch : 2
Train Loss     : 0.5872	 | 	Train Accuracy     : 0.7446
Valid Loss     : 1.0049	 | 	Valid Accuracy     : 0.4702

Epoch : 3
Train Loss     : 0.4906	 | 	Train Accuracy     : 0.8074
Valid Loss     : 0.7079	 | 	Valid Accuracy     : 0.6895

Epoch : 4
Train Loss     : 0.4060	 | 	Train Accuracy     : 0.8497
Valid Loss     : 0.6101	 | 	Valid Accuracy     : 0.7866

Epoch : 5
Train Loss     : 0.3666	 | 	Train Accuracy     : 0.8628
Valid Loss     : 0.9673	 | 	Valid Accuracy     : 0.6973

Epoch : 6
Train Loss     : 0.3339	 | 	Train Accuracy     : 0.8760
Valid Loss     : 0.6926	 | 	Valid Accuracy     : 0.7759

Epoch : 7
Train Loss     : 0.3139	 | 	Train Accuracy     : 0.8845
Valid Loss     : 0.9076	 | 	Valid Accuracy     : 0.7275

Epoch : 8
Train Loss     : 0.2941	 | 	Train Accuracy     : 0.8979
Valid Loss     : 0.8315	 | 	Valid Accuracy     : 0.7495

Epoch : 9
Train Loss     : 0.2681	 | 	Train Accuracy     : 0.9047
Valid Loss     : 0.7479	 | 	Valid Accuracy     : 0.7861

Epoch : 10
Train Loss     : 0.2655	 | 	Train Accuracy     : 0.9035
Valid Loss     : 1.0151	 | 	Valid Accuracy     : 0.7534

Epoch : 11
Train Loss     : 0.2524	 | 	Train Accuracy     : 0.9103
Valid Loss     : 0.9007	 | 	Valid Accuracy     : 0.7627

Epoch : 12
Train Loss     : 0.2404	 | 	Train Accuracy     : 0.9129
Valid Loss     : 0.8803	 | 	Valid Accuracy     : 0.7700

Epoch : 13
Train Loss     : 0.2494	 | 	Train Accuracy     : 0.9061
Valid Loss     : 1.0380	 | 	Valid Accuracy     : 0.7466

Epoch : 14
Train Loss     : 0.2268	 | 	Train Accuracy     : 0.9205
Valid Loss     : 0.9165	 | 	Valid Accuracy     : 0.7661

Epoch : 15
Train Loss     : 0.2314	 | 	Train Accuracy     : 0.9119
Valid Loss     : 1.0510	 | 	Valid Accuracy     : 0.7471

Epoch : 16
Train Loss     : 0.2035	 | 	Train Accuracy     : 0.9280
Valid Loss     : 0.9597	 | 	Valid Accuracy     : 0.7593

Epoch : 17
Train Loss     : 0.1862	 | 	Train Accuracy     : 0.9358
Valid Loss     : 0.9272	 | 	Valid Accuracy     : 0.7637

Epoch : 18
Train Loss     : 0.1805	 | 	Train Accuracy     : 0.9382
Valid Loss     : 1.0267	 | 	Valid Accuracy     : 0.7544

Epoch : 19
Train Loss     : 0.1785	 | 	Train Accuracy     : 0.9368
Valid Loss     : 0.8860	 | 	Valid Accuracy     : 0.7710

Epoch : 20
Train Loss     : 0.1741	 | 	Train Accuracy     : 0.9414
Valid Loss     : 0.9231	 | 	Valid Accuracy     : 0.7666

Epoch : 21
Train Loss     : 0.1790	 | 	Train Accuracy     : 0.9407
Valid Loss     : 0.9666	 | 	Valid Accuracy     : 0.7622

Epoch : 22
Train Loss     : 0.1664	 | 	Train Accuracy     : 0.9426
Valid Loss     : 0.9287	 | 	Valid Accuracy     : 0.7661

Epoch : 23
Train Loss     : 0.1685	 | 	Train Accuracy     : 0.9428
Valid Loss     : 1.0273	 | 	Valid Accuracy     : 0.7510

Epoch : 24
Train Loss     : 0.1591	 | 	Train Accuracy     : 0.9504
Valid Loss     : 0.9736	 | 	Valid Accuracy     : 0.7573

Epoch : 25
Train Loss     : 0.1627	 | 	Train Accuracy     : 0.9465
Valid Loss     : 0.9778	 | 	Valid Accuracy     : 0.7554

Epoch : 26
Train Loss     : 0.1591	 | 	Train Accuracy     : 0.9453
Valid Loss     : 0.9505	 | 	Valid Accuracy     : 0.7661

Epoch : 27
Train Loss     : 0.1567	 | 	Train Accuracy     : 0.9446
Valid Loss     : 0.9494	 | 	Valid Accuracy     : 0.7642

Epoch : 28
Train Loss     : 0.1529	 | 	Train Accuracy     : 0.9492
Valid Loss     : 0.9908	 | 	Valid Accuracy     : 0.7617

Epoch : 29
Train Loss     : 0.1563	 | 	Train Accuracy     : 0.9463
Valid Loss     : 0.9952	 | 	Valid Accuracy     : 0.7603

Epoch : 30
Train Loss     : 0.1569	 | 	Train Accuracy     : 0.9492
Valid Loss     : 0.9185	 | 	Valid Accuracy     : 0.7632

Evaluate on the Test set:
Test loss      :0.8078	 | Test Accuracy      : 0.7310 | Test AUPRC      : 0.5530
tensor([0.8836, 0.9199, 0.9246, 0.9271, 0.7689, 0.9552, 0.8662, 0.9180, 0.7636,
        0.7331, 0.7591, 0.7017, 0.7574, 0.9404, 0.8812, 0.9239, 0.7169, 0.6831,
        0.6649, 0.7824, 0.7197, 0.8190, 0.8264, 0.9832, 0.8847, 0.7600, 0.7556,
        0.7592, 0.7221, 0.6977, 0.7710, 0.9727, 0.8550, 0.7843, 0.6922, 0.7382,
        0.8587, 0.7094, 0.7704, 0.7052, 0.7262, 0.7956, 0.8580, 0.7046, 0.8930,
        0.7362, 0.7199, 0.6781, 0.7103, 0.7856, 0.7087, 0.6959, 0.7796, 0.7449,
        0.7994, 0.7530, 0.7142, 0.7083, 0.7047, 0.7200, 0.7359, 0.6826],
       device='cuda:0', grad_fn=<SqueezeBackward1>)

################## Training is Done! #########################
Training time is : 0:01:42.245641
