=============================================
Dataset: SEED
Method:  TS-TCC
Mode:    fine_tune
=============================================
Data loaded ...
Subjet 15
if scale True
Training started ....

Epoch : 1
Train Loss     : 0.7976	 | 	Train Accuracy     : 0.6554
Valid Loss     : 2.4743	 | 	Valid Accuracy     : 0.3701

Epoch : 2
Train Loss     : 0.2935	 | 	Train Accuracy     : 0.8942
Valid Loss     : 2.1109	 | 	Valid Accuracy     : 0.3530

Epoch : 3
Train Loss     : 0.1882	 | 	Train Accuracy     : 0.9411
Valid Loss     : 1.1861	 | 	Valid Accuracy     : 0.6465

Epoch : 4
Train Loss     : 0.1186	 | 	Train Accuracy     : 0.9674
Valid Loss     : 1.2043	 | 	Valid Accuracy     : 0.7729

Epoch : 5
Train Loss     : 0.0889	 | 	Train Accuracy     : 0.9774
Valid Loss     : 0.8345	 | 	Valid Accuracy     : 0.8589

Epoch : 6
Train Loss     : 0.0733	 | 	Train Accuracy     : 0.9784
Valid Loss     : 0.9429	 | 	Valid Accuracy     : 0.8438

Epoch : 7
Train Loss     : 0.0579	 | 	Train Accuracy     : 0.9866
Valid Loss     : 1.9999	 | 	Valid Accuracy     : 0.8379

Epoch : 8
Train Loss     : 0.0500	 | 	Train Accuracy     : 0.9878
Valid Loss     : 1.1180	 | 	Valid Accuracy     : 0.8726

Epoch : 9
Train Loss     : 0.0440	 | 	Train Accuracy     : 0.9886
Valid Loss     : 0.4065	 | 	Valid Accuracy     : 0.8887

Epoch : 10
Train Loss     : 0.0431	 | 	Train Accuracy     : 0.9893
Valid Loss     : 1.5375	 | 	Valid Accuracy     : 0.8638

Epoch : 11
Train Loss     : 0.0422	 | 	Train Accuracy     : 0.9896
Valid Loss     : 1.1364	 | 	Valid Accuracy     : 0.8867

Epoch : 12
Train Loss     : 0.0393	 | 	Train Accuracy     : 0.9893
Valid Loss     : 2.2119	 | 	Valid Accuracy     : 0.8784

Epoch : 13
Train Loss     : 0.0347	 | 	Train Accuracy     : 0.9924
Valid Loss     : 1.8311	 | 	Valid Accuracy     : 0.8999

Epoch : 14
Train Loss     : 0.0322	 | 	Train Accuracy     : 0.9934
Valid Loss     : 1.3292	 | 	Valid Accuracy     : 0.9155

Epoch : 15
Train Loss     : 0.0250	 | 	Train Accuracy     : 0.9949
Valid Loss     : 1.1515	 | 	Valid Accuracy     : 0.8989

Epoch : 16
Train Loss     : 0.0252	 | 	Train Accuracy     : 0.9939
Valid Loss     : 0.7411	 | 	Valid Accuracy     : 0.9282

Epoch : 17
Train Loss     : 0.0273	 | 	Train Accuracy     : 0.9944
Valid Loss     : 1.2819	 | 	Valid Accuracy     : 0.8809

Epoch : 18
Train Loss     : 0.0262	 | 	Train Accuracy     : 0.9944
Valid Loss     : 1.3764	 | 	Valid Accuracy     : 0.9028

Epoch : 19
Train Loss     : 0.0257	 | 	Train Accuracy     : 0.9942
Valid Loss     : 1.5052	 | 	Valid Accuracy     : 0.8872

Epoch : 20
Train Loss     : 0.0256	 | 	Train Accuracy     : 0.9952
Valid Loss     : 1.5078	 | 	Valid Accuracy     : 0.9048

Epoch : 21
Train Loss     : 0.0206	 | 	Train Accuracy     : 0.9964
Valid Loss     : 0.9442	 | 	Valid Accuracy     : 0.9175

Epoch : 22
Train Loss     : 0.0157	 | 	Train Accuracy     : 0.9983
Valid Loss     : 0.9122	 | 	Valid Accuracy     : 0.9209

Epoch : 23
Train Loss     : 0.0149	 | 	Train Accuracy     : 0.9978
Valid Loss     : 0.7943	 | 	Valid Accuracy     : 0.9233

Epoch : 24
Train Loss     : 0.0136	 | 	Train Accuracy     : 0.9988
Valid Loss     : 0.7999	 | 	Valid Accuracy     : 0.9194

Epoch : 25
Train Loss     : 0.0147	 | 	Train Accuracy     : 0.9990
Valid Loss     : 0.8176	 | 	Valid Accuracy     : 0.9204

Epoch : 26
Train Loss     : 0.0137	 | 	Train Accuracy     : 0.9992
Valid Loss     : 0.7868	 | 	Valid Accuracy     : 0.9199

Epoch : 27
Train Loss     : 0.0130	 | 	Train Accuracy     : 0.9993
Valid Loss     : 0.8278	 | 	Valid Accuracy     : 0.9224

Epoch : 28
Train Loss     : 0.0129	 | 	Train Accuracy     : 0.9990
Valid Loss     : 0.7395	 | 	Valid Accuracy     : 0.9248

Epoch : 29
Train Loss     : 0.0127	 | 	Train Accuracy     : 0.9995
Valid Loss     : 0.7092	 | 	Valid Accuracy     : 0.9233

Epoch : 30
Train Loss     : 0.0134	 | 	Train Accuracy     : 0.9993
Valid Loss     : 0.7345	 | 	Valid Accuracy     : 0.9238

Evaluate on the Test set:
Test loss      :2.3788	 | Test Accuracy      : 0.7328 | Test AUPRC      : 0.5887
tensor([0.7967, 0.7652, 0.8986, 0.7939, 0.6459, 0.6437, 0.7887, 0.7403, 0.6255,
        0.7447, 0.5967, 0.6137, 0.5821, 0.6805, 0.7789, 0.7920, 0.6220, 0.5974,
        0.6573, 0.5590, 0.5947, 0.8067, 0.6135, 0.9614, 0.7867, 0.6205, 0.7769,
        0.5747, 0.6185, 0.5957, 0.8202, 0.8906, 0.6080, 0.6910, 0.5783, 0.6317,
        0.7244, 0.5729, 0.7038, 0.7496, 0.6115, 0.7413, 0.5853, 0.5751, 0.8149,
        0.6702, 0.6282, 0.6719, 0.6136, 0.6792, 0.5887, 0.6054, 0.6148, 0.5715,
        0.6357, 0.7619, 0.7708, 0.7464, 0.8950, 0.6481, 0.7533, 0.5963],
       device='cuda:0', grad_fn=<SqueezeBackward1>)

################## Training is Done! #########################
Training time is : 0:01:40.996750
