=============================================
Dataset: SEED
Method:  TS-TCC
Mode:    fine_tune
=============================================
Data loaded ...
Subjet 2
if scale False
Training started ....

Epoch : 1
Train Loss     : 1.3820	 | 	Train Accuracy     : 0.4195
Valid Loss     : 1.0925	 | 	Valid Accuracy     : 0.3813

Epoch : 2
Train Loss     : 0.8211	 | 	Train Accuracy     : 0.6277
Valid Loss     : 1.0687	 | 	Valid Accuracy     : 0.4224

Epoch : 3
Train Loss     : 0.6474	 | 	Train Accuracy     : 0.7300
Valid Loss     : 1.0102	 | 	Valid Accuracy     : 0.5913

Epoch : 4
Train Loss     : 0.5029	 | 	Train Accuracy     : 0.8049
Valid Loss     : 1.2067	 | 	Valid Accuracy     : 0.4707

Epoch : 5
Train Loss     : 0.4547	 | 	Train Accuracy     : 0.8239
Valid Loss     : 1.1301	 | 	Valid Accuracy     : 0.5669

Epoch : 6
Train Loss     : 0.4091	 | 	Train Accuracy     : 0.8458
Valid Loss     : 1.2071	 | 	Valid Accuracy     : 0.5405

Epoch : 7
Train Loss     : 0.4105	 | 	Train Accuracy     : 0.8456
Valid Loss     : 1.2728	 | 	Valid Accuracy     : 0.5562

Epoch : 8
Train Loss     : 0.4105	 | 	Train Accuracy     : 0.8429
Valid Loss     : 1.2741	 | 	Valid Accuracy     : 0.6104

Epoch : 9
Train Loss     : 0.3788	 | 	Train Accuracy     : 0.8590
Valid Loss     : 1.3590	 | 	Valid Accuracy     : 0.5205

Epoch : 10
Train Loss     : 0.3704	 | 	Train Accuracy     : 0.8628
Valid Loss     : 1.6295	 | 	Valid Accuracy     : 0.4790

Epoch : 11
Train Loss     : 0.3635	 | 	Train Accuracy     : 0.8643
Valid Loss     : 1.2870	 | 	Valid Accuracy     : 0.6113

Epoch : 12
Train Loss     : 0.3524	 | 	Train Accuracy     : 0.8619
Valid Loss     : 1.6578	 | 	Valid Accuracy     : 0.5513

Epoch : 13
Train Loss     : 0.3597	 | 	Train Accuracy     : 0.8601
Valid Loss     : 1.6684	 | 	Valid Accuracy     : 0.4761

Epoch : 14
Train Loss     : 0.3783	 | 	Train Accuracy     : 0.8546
Valid Loss     : 1.6802	 | 	Valid Accuracy     : 0.5059

Epoch : 15
Train Loss     : 0.3145	 | 	Train Accuracy     : 0.8833
Valid Loss     : 1.4933	 | 	Valid Accuracy     : 0.5620

Epoch : 16
Train Loss     : 0.2954	 | 	Train Accuracy     : 0.8881
Valid Loss     : 1.5581	 | 	Valid Accuracy     : 0.5239

Epoch : 17
Train Loss     : 0.2882	 | 	Train Accuracy     : 0.8928
Valid Loss     : 1.5969	 | 	Valid Accuracy     : 0.5059

Epoch : 18
Train Loss     : 0.2770	 | 	Train Accuracy     : 0.9012
Valid Loss     : 1.5963	 | 	Valid Accuracy     : 0.5454

Epoch : 19
Train Loss     : 0.2797	 | 	Train Accuracy     : 0.8976
Valid Loss     : 1.4807	 | 	Valid Accuracy     : 0.5361

Epoch : 20
Train Loss     : 0.2753	 | 	Train Accuracy     : 0.9039
Valid Loss     : 1.5642	 | 	Valid Accuracy     : 0.5376

Epoch : 21
Train Loss     : 0.2734	 | 	Train Accuracy     : 0.8983
Valid Loss     : 1.4869	 | 	Valid Accuracy     : 0.5762

Epoch : 22
Train Loss     : 0.2620	 | 	Train Accuracy     : 0.9037
Valid Loss     : 1.4518	 | 	Valid Accuracy     : 0.5508

Epoch : 23
Train Loss     : 0.2698	 | 	Train Accuracy     : 0.9022
Valid Loss     : 1.5725	 | 	Valid Accuracy     : 0.5288

Epoch : 24
Train Loss     : 0.2615	 | 	Train Accuracy     : 0.9107
Valid Loss     : 1.5453	 | 	Valid Accuracy     : 0.5488

Epoch : 25
Train Loss     : 0.2670	 | 	Train Accuracy     : 0.9042
Valid Loss     : 1.6172	 | 	Valid Accuracy     : 0.5449

Epoch : 26
Train Loss     : 0.2538	 | 	Train Accuracy     : 0.9127
Valid Loss     : 1.5315	 | 	Valid Accuracy     : 0.5659

Epoch : 27
Train Loss     : 0.2524	 | 	Train Accuracy     : 0.9129
Valid Loss     : 1.5310	 | 	Valid Accuracy     : 0.5654

Epoch : 28
Train Loss     : 0.2499	 | 	Train Accuracy     : 0.9139
Valid Loss     : 1.5446	 | 	Valid Accuracy     : 0.5688

Epoch : 29
Train Loss     : 0.2526	 | 	Train Accuracy     : 0.9122
Valid Loss     : 1.5656	 | 	Valid Accuracy     : 0.5645

Epoch : 30
Train Loss     : 0.2545	 | 	Train Accuracy     : 0.9100
Valid Loss     : 1.5546	 | 	Valid Accuracy     : 0.5591

Evaluate on the Test set:
Test loss      :1.6897	 | Test Accuracy      : 0.5251 | Test AUPRC      : 0.4838
tensor([1., 1., 1., 1., 1., 1., 1., 1., 1., 1., 1., 1., 1., 1., 1., 1., 1., 1.,
        1., 1., 1., 1., 1., 1., 1., 1., 1., 1., 1., 1., 1., 1., 1., 1., 1., 1.,
        1., 1., 1., 1., 1., 1., 1., 1., 1., 1., 1., 1., 1., 1., 1., 1., 1., 1.,
        1., 1., 1., 1., 1., 1., 1., 1.], device='cuda:0',
       grad_fn=<SqueezeBackward1>)

################## Training is Done! #########################
Training time is : 0:01:38.993767
