=============================================
Dataset: SEED
Method:  TS-TCC
Mode:    fine_tune
=============================================
Data loaded ...
Subjet 3
if scale False
Training started ....

Epoch : 1
Train Loss     : 1.2466	 | 	Train Accuracy     : 0.4681
Valid Loss     : 1.1441	 | 	Valid Accuracy     : 0.3735

Epoch : 2
Train Loss     : 0.7700	 | 	Train Accuracy     : 0.6464
Valid Loss     : 0.7376	 | 	Valid Accuracy     : 0.6987

Epoch : 3
Train Loss     : 0.6489	 | 	Train Accuracy     : 0.7199
Valid Loss     : 0.7499	 | 	Valid Accuracy     : 0.6797

Epoch : 4
Train Loss     : 0.5580	 | 	Train Accuracy     : 0.7695
Valid Loss     : 0.7776	 | 	Valid Accuracy     : 0.6323

Epoch : 5
Train Loss     : 0.5328	 | 	Train Accuracy     : 0.7796
Valid Loss     : 0.6496	 | 	Valid Accuracy     : 0.7144

Epoch : 6
Train Loss     : 0.4787	 | 	Train Accuracy     : 0.8103
Valid Loss     : 0.6448	 | 	Valid Accuracy     : 0.7104

Epoch : 7
Train Loss     : 0.4676	 | 	Train Accuracy     : 0.8144
Valid Loss     : 0.6358	 | 	Valid Accuracy     : 0.7124

Epoch : 8
Train Loss     : 0.4199	 | 	Train Accuracy     : 0.8390
Valid Loss     : 0.7942	 | 	Valid Accuracy     : 0.6455

Epoch : 9
Train Loss     : 0.3927	 | 	Train Accuracy     : 0.8485
Valid Loss     : 0.7640	 | 	Valid Accuracy     : 0.6948

Epoch : 10
Train Loss     : 0.3779	 | 	Train Accuracy     : 0.8568
Valid Loss     : 0.8749	 | 	Valid Accuracy     : 0.6704

Epoch : 11
Train Loss     : 0.3603	 | 	Train Accuracy     : 0.8611
Valid Loss     : 0.6948	 | 	Valid Accuracy     : 0.7090

Epoch : 12
Train Loss     : 0.3338	 | 	Train Accuracy     : 0.8747
Valid Loss     : 0.8312	 | 	Valid Accuracy     : 0.6660

Epoch : 13
Train Loss     : 0.3459	 | 	Train Accuracy     : 0.8657
Valid Loss     : 0.8252	 | 	Valid Accuracy     : 0.6870

Epoch : 14
Train Loss     : 0.3452	 | 	Train Accuracy     : 0.8668
Valid Loss     : 0.7681	 | 	Valid Accuracy     : 0.6768

Epoch : 15
Train Loss     : 0.3124	 | 	Train Accuracy     : 0.8772
Valid Loss     : 0.7315	 | 	Valid Accuracy     : 0.7173

Epoch : 16
Train Loss     : 0.2984	 | 	Train Accuracy     : 0.8884
Valid Loss     : 0.8410	 | 	Valid Accuracy     : 0.7246

Epoch : 17
Train Loss     : 0.2690	 | 	Train Accuracy     : 0.9020
Valid Loss     : 0.7219	 | 	Valid Accuracy     : 0.7271

Epoch : 18
Train Loss     : 0.2652	 | 	Train Accuracy     : 0.9001
Valid Loss     : 0.7279	 | 	Valid Accuracy     : 0.7329

Epoch : 19
Train Loss     : 0.2258	 | 	Train Accuracy     : 0.9188
Valid Loss     : 0.7414	 | 	Valid Accuracy     : 0.7168

Epoch : 20
Train Loss     : 0.2134	 | 	Train Accuracy     : 0.9270
Valid Loss     : 0.7330	 | 	Valid Accuracy     : 0.7246

Epoch : 21
Train Loss     : 0.2105	 | 	Train Accuracy     : 0.9254
Valid Loss     : 0.6809	 | 	Valid Accuracy     : 0.7388

Epoch : 22
Train Loss     : 0.2020	 | 	Train Accuracy     : 0.9299
Valid Loss     : 0.7305	 | 	Valid Accuracy     : 0.7124

Epoch : 23
Train Loss     : 0.1922	 | 	Train Accuracy     : 0.9353
Valid Loss     : 0.8035	 | 	Valid Accuracy     : 0.7065

Epoch : 24
Train Loss     : 0.1910	 | 	Train Accuracy     : 0.9367
Valid Loss     : 0.7439	 | 	Valid Accuracy     : 0.7261

Epoch : 25
Train Loss     : 0.1957	 | 	Train Accuracy     : 0.9329
Valid Loss     : 0.7864	 | 	Valid Accuracy     : 0.7095

Epoch : 26
Train Loss     : 0.1830	 | 	Train Accuracy     : 0.9375
Valid Loss     : 0.7487	 | 	Valid Accuracy     : 0.7251

Epoch : 27
Train Loss     : 0.1891	 | 	Train Accuracy     : 0.9346
Valid Loss     : 0.7654	 | 	Valid Accuracy     : 0.7192

Epoch : 28
Train Loss     : 0.1826	 | 	Train Accuracy     : 0.9375
Valid Loss     : 0.7671	 | 	Valid Accuracy     : 0.7163

Epoch : 29
Train Loss     : 0.1793	 | 	Train Accuracy     : 0.9394
Valid Loss     : 0.7699	 | 	Valid Accuracy     : 0.7236

Epoch : 30
Train Loss     : 0.1808	 | 	Train Accuracy     : 0.9382
Valid Loss     : 0.7386	 | 	Valid Accuracy     : 0.7310

Evaluate on the Test set:
Test loss      :0.7201	 | Test Accuracy      : 0.7456 | Test AUPRC      : 0.5683
tensor([1., 1., 1., 1., 1., 1., 1., 1., 1., 1., 1., 1., 1., 1., 1., 1., 1., 1.,
        1., 1., 1., 1., 1., 1., 1., 1., 1., 1., 1., 1., 1., 1., 1., 1., 1., 1.,
        1., 1., 1., 1., 1., 1., 1., 1., 1., 1., 1., 1., 1., 1., 1., 1., 1., 1.,
        1., 1., 1., 1., 1., 1., 1., 1.], device='cuda:0',
       grad_fn=<SqueezeBackward1>)

################## Training is Done! #########################
Training time is : 0:01:40.863584
