=============================================
Dataset: SEED
Method:  TS-TCC
Mode:    fine_tune
=============================================
Data loaded ...
Subjet 7
if scale True
Training started ....

Epoch : 1
Train Loss     : 1.2433	 | 	Train Accuracy     : 0.4594
Valid Loss     : 0.8535	 | 	Valid Accuracy     : 0.5986

Epoch : 2
Train Loss     : 0.6610	 | 	Train Accuracy     : 0.7279
Valid Loss     : 0.5464	 | 	Valid Accuracy     : 0.7461

Epoch : 3
Train Loss     : 0.4819	 | 	Train Accuracy     : 0.8074
Valid Loss     : 0.4779	 | 	Valid Accuracy     : 0.8154

Epoch : 4
Train Loss     : 0.4045	 | 	Train Accuracy     : 0.8390
Valid Loss     : 0.4751	 | 	Valid Accuracy     : 0.8120

Epoch : 5
Train Loss     : 0.3766	 | 	Train Accuracy     : 0.8526
Valid Loss     : 0.4398	 | 	Valid Accuracy     : 0.8296

Epoch : 6
Train Loss     : 0.3483	 | 	Train Accuracy     : 0.8662
Valid Loss     : 0.5914	 | 	Valid Accuracy     : 0.7388

Epoch : 7
Train Loss     : 0.3486	 | 	Train Accuracy     : 0.8602
Valid Loss     : 0.4383	 | 	Valid Accuracy     : 0.8154

Epoch : 8
Train Loss     : 0.3201	 | 	Train Accuracy     : 0.8801
Valid Loss     : 0.4394	 | 	Valid Accuracy     : 0.8228

Epoch : 9
Train Loss     : 0.3033	 | 	Train Accuracy     : 0.8859
Valid Loss     : 0.5070	 | 	Valid Accuracy     : 0.7695

Epoch : 10
Train Loss     : 0.3018	 | 	Train Accuracy     : 0.8803
Valid Loss     : 0.4673	 | 	Valid Accuracy     : 0.8076

Epoch : 11
Train Loss     : 0.2925	 | 	Train Accuracy     : 0.8852
Valid Loss     : 0.5299	 | 	Valid Accuracy     : 0.8003

Epoch : 12
Train Loss     : 0.2901	 | 	Train Accuracy     : 0.8843
Valid Loss     : 0.4080	 | 	Valid Accuracy     : 0.8359

Epoch : 13
Train Loss     : 0.2780	 | 	Train Accuracy     : 0.8942
Valid Loss     : 0.4348	 | 	Valid Accuracy     : 0.8257

Epoch : 14
Train Loss     : 0.2634	 | 	Train Accuracy     : 0.9018
Valid Loss     : 0.5226	 | 	Valid Accuracy     : 0.7881

Epoch : 15
Train Loss     : 0.2480	 | 	Train Accuracy     : 0.9023
Valid Loss     : 0.4238	 | 	Valid Accuracy     : 0.8311

Epoch : 16
Train Loss     : 0.2747	 | 	Train Accuracy     : 0.8913
Valid Loss     : 0.4672	 | 	Valid Accuracy     : 0.8193

Epoch : 17
Train Loss     : 0.2577	 | 	Train Accuracy     : 0.8976
Valid Loss     : 0.4803	 | 	Valid Accuracy     : 0.8184

Epoch : 18
Train Loss     : 0.2510	 | 	Train Accuracy     : 0.9047
Valid Loss     : 0.4430	 | 	Valid Accuracy     : 0.8247

Epoch : 19
Train Loss     : 0.2360	 | 	Train Accuracy     : 0.9095
Valid Loss     : 0.5023	 | 	Valid Accuracy     : 0.7979

Epoch : 20
Train Loss     : 0.2387	 | 	Train Accuracy     : 0.9115
Valid Loss     : 0.3707	 | 	Valid Accuracy     : 0.8545

Epoch : 21
Train Loss     : 0.2315	 | 	Train Accuracy     : 0.9105
Valid Loss     : 0.5143	 | 	Valid Accuracy     : 0.8169

Epoch : 22
Train Loss     : 0.2071	 | 	Train Accuracy     : 0.9283
Valid Loss     : 0.4241	 | 	Valid Accuracy     : 0.8311

Epoch : 23
Train Loss     : 0.2074	 | 	Train Accuracy     : 0.9239
Valid Loss     : 0.4433	 | 	Valid Accuracy     : 0.8306

Epoch : 24
Train Loss     : 0.2122	 | 	Train Accuracy     : 0.9207
Valid Loss     : 0.4278	 | 	Valid Accuracy     : 0.8291

Epoch : 25
Train Loss     : 0.1978	 | 	Train Accuracy     : 0.9297
Valid Loss     : 0.5444	 | 	Valid Accuracy     : 0.7954

Epoch : 26
Train Loss     : 0.1981	 | 	Train Accuracy     : 0.9271
Valid Loss     : 0.5611	 | 	Valid Accuracy     : 0.7969

Epoch : 27
Train Loss     : 0.1902	 | 	Train Accuracy     : 0.9300
Valid Loss     : 0.5590	 | 	Valid Accuracy     : 0.7979

Epoch : 28
Train Loss     : 0.2002	 | 	Train Accuracy     : 0.9244
Valid Loss     : 0.4146	 | 	Valid Accuracy     : 0.8477

Epoch : 29
Train Loss     : 0.1986	 | 	Train Accuracy     : 0.9265
Valid Loss     : 0.4801	 | 	Valid Accuracy     : 0.8213

Epoch : 30
Train Loss     : 0.1989	 | 	Train Accuracy     : 0.9268
Valid Loss     : 0.4542	 | 	Valid Accuracy     : 0.8345

Evaluate on the Test set:
Test loss      :0.8980	 | Test Accuracy      : 0.6451 | Test AUPRC      : 0.5450
tensor([0.6800, 0.8416, 0.9414, 0.8212, 0.9053, 0.8673, 0.8581, 0.6884, 0.5934,
        0.7218, 0.5023, 0.6955, 0.8010, 0.8759, 0.5694, 0.8081, 0.6698, 0.5516,
        0.6618, 0.4681, 0.4678, 0.9247, 0.5715, 1.0362, 0.4830, 0.5885, 0.5734,
        0.6895, 0.6216, 0.5035, 0.6538, 0.9158, 0.5338, 0.6481, 0.6048, 0.6623,
        0.8165, 0.5009, 0.5557, 0.5556, 0.6647, 0.5383, 0.4942, 0.6818, 0.5196,
        0.5179, 0.7389, 0.6665, 0.5586, 0.4791, 0.6049, 0.4304, 0.6367, 0.5731,
        0.5091, 0.5364, 0.8771, 0.5230, 0.9359, 0.5271, 0.5498, 0.5054],
       device='cuda:0', grad_fn=<SqueezeBackward1>)

################## Training is Done! #########################
Training time is : 0:01:33.507347
