=============================================
Dataset: SEED
Method:  TS-TCC
Mode:    train_linear
=============================================
Data loaded ...
Subjet 10
if scale True
Training started ....

Epoch : 1
Train Loss     : 1.0058	 | 	Train Accuracy     : 0.5357
Valid Loss     : 1.1868	 | 	Valid Accuracy     : 0.4395

Epoch : 2
Train Loss     : 0.6531	 | 	Train Accuracy     : 0.6974
Valid Loss     : 1.6168	 | 	Valid Accuracy     : 0.4917

Epoch : 3
Train Loss     : 0.6197	 | 	Train Accuracy     : 0.7111
Valid Loss     : 1.1288	 | 	Valid Accuracy     : 0.5952

Epoch : 4
Train Loss     : 0.5959	 | 	Train Accuracy     : 0.7228
Valid Loss     : 1.1149	 | 	Valid Accuracy     : 0.6025

Epoch : 5
Train Loss     : 0.5575	 | 	Train Accuracy     : 0.7627
Valid Loss     : 1.2413	 | 	Valid Accuracy     : 0.5762

Epoch : 6
Train Loss     : 0.5331	 | 	Train Accuracy     : 0.7714
Valid Loss     : 1.3111	 | 	Valid Accuracy     : 0.5776

Epoch : 7
Train Loss     : 0.5216	 | 	Train Accuracy     : 0.7809
Valid Loss     : 1.3522	 | 	Valid Accuracy     : 0.5547

Epoch : 8
Train Loss     : 0.5196	 | 	Train Accuracy     : 0.7758
Valid Loss     : 1.4527	 | 	Valid Accuracy     : 0.5566

Epoch : 9
Train Loss     : 0.5152	 | 	Train Accuracy     : 0.7838
Valid Loss     : 1.3376	 | 	Valid Accuracy     : 0.5693

Epoch : 10
Train Loss     : 0.5107	 | 	Train Accuracy     : 0.7850
Valid Loss     : 1.6510	 | 	Valid Accuracy     : 0.5503

Epoch : 11
Train Loss     : 0.5077	 | 	Train Accuracy     : 0.7792
Valid Loss     : 1.5620	 | 	Valid Accuracy     : 0.5474

Epoch : 12
Train Loss     : 0.5149	 | 	Train Accuracy     : 0.7835
Valid Loss     : 1.3323	 | 	Valid Accuracy     : 0.5835

Epoch : 13
Train Loss     : 0.4982	 | 	Train Accuracy     : 0.7879
Valid Loss     : 1.3114	 | 	Valid Accuracy     : 0.5747

Epoch : 14
Train Loss     : 0.5294	 | 	Train Accuracy     : 0.7726
Valid Loss     : 1.4123	 | 	Valid Accuracy     : 0.5806

Epoch : 15
Train Loss     : 0.5167	 | 	Train Accuracy     : 0.7797
Valid Loss     : 1.3549	 | 	Valid Accuracy     : 0.5884

Epoch : 16
Train Loss     : 0.4721	 | 	Train Accuracy     : 0.8020
Valid Loss     : 1.6049	 | 	Valid Accuracy     : 0.5532

Epoch : 17
Train Loss     : 0.4692	 | 	Train Accuracy     : 0.8033
Valid Loss     : 1.4987	 | 	Valid Accuracy     : 0.5708

Epoch : 18
Train Loss     : 0.4704	 | 	Train Accuracy     : 0.8047
Valid Loss     : 1.4677	 | 	Valid Accuracy     : 0.5737

Epoch : 19
Train Loss     : 0.4704	 | 	Train Accuracy     : 0.8028
Valid Loss     : 1.5909	 | 	Valid Accuracy     : 0.5566

Epoch : 20
Train Loss     : 0.4723	 | 	Train Accuracy     : 0.8055
Valid Loss     : 1.5223	 | 	Valid Accuracy     : 0.5576

Epoch : 21
Train Loss     : 0.4677	 | 	Train Accuracy     : 0.8101
Valid Loss     : 1.5661	 | 	Valid Accuracy     : 0.5586

Epoch : 22
Train Loss     : 0.4623	 | 	Train Accuracy     : 0.8120
Valid Loss     : 1.5397	 | 	Valid Accuracy     : 0.5610

Epoch : 23
Train Loss     : 0.4717	 | 	Train Accuracy     : 0.7972
Valid Loss     : 1.4669	 | 	Valid Accuracy     : 0.5669

Epoch : 24
Train Loss     : 0.4671	 | 	Train Accuracy     : 0.8103
Valid Loss     : 1.5444	 | 	Valid Accuracy     : 0.5620

Epoch : 25
Train Loss     : 0.4734	 | 	Train Accuracy     : 0.8030
Valid Loss     : 1.5738	 | 	Valid Accuracy     : 0.5557

Epoch : 26
Train Loss     : 0.4758	 | 	Train Accuracy     : 0.8016
Valid Loss     : 1.5448	 | 	Valid Accuracy     : 0.5562

Epoch : 27
Train Loss     : 0.4683	 | 	Train Accuracy     : 0.8086
Valid Loss     : 1.4565	 | 	Valid Accuracy     : 0.5576

Epoch : 28
Train Loss     : 0.4728	 | 	Train Accuracy     : 0.8074
Valid Loss     : 1.4884	 | 	Valid Accuracy     : 0.5581

Epoch : 29
Train Loss     : 0.4576	 | 	Train Accuracy     : 0.8135
Valid Loss     : 1.4749	 | 	Valid Accuracy     : 0.5669

Epoch : 30
Train Loss     : 0.4785	 | 	Train Accuracy     : 0.8004
Valid Loss     : 1.5311	 | 	Valid Accuracy     : 0.5586

Evaluate on the Test set:
Test loss      :1.7415	 | Test Accuracy      : 0.5938 | Test AUPRC      : 0.4630
tensor([0.8285, 0.8684, 0.9346, 0.8904, 0.7940, 0.9464, 0.9119, 0.7576, 0.8993,
        0.7971, 0.7862, 0.8609, 0.9354, 0.7302, 0.9038, 0.7019, 0.7608, 0.7068,
        0.7142, 0.7968, 0.7932, 0.8787, 0.8461, 0.9807, 0.9435, 0.9206, 0.8401,
        0.8106, 0.7654, 0.7294, 0.7951, 0.9584, 0.9333, 0.7597, 0.6869, 0.8036,
        0.7650, 0.7220, 0.7784, 0.8040, 0.8397, 0.9145, 0.7922, 0.8522, 0.9034,
        0.8445, 0.7428, 0.7951, 0.8080, 0.7245, 0.8354, 0.7152, 0.7456, 0.7902,
        0.7437, 0.6513, 0.7283, 0.9278, 0.8622, 0.9447, 0.9218, 0.7675],
       device='cuda:0', grad_fn=<SqueezeBackward1>)

################## Training is Done! #########################
Training time is : 0:00:52.155175
