=============================================
Dataset: SEED
Method:  TS-TCC
Mode:    train_linear
=============================================
Data loaded ...
Subjet 14
if scale False
Training started ....

Epoch : 1
Train Loss     : 0.8338	 | 	Train Accuracy     : 0.6598
Valid Loss     : 1.0455	 | 	Valid Accuracy     : 0.4404

Epoch : 2
Train Loss     : 0.6385	 | 	Train Accuracy     : 0.7704
Valid Loss     : 0.8310	 | 	Valid Accuracy     : 0.6392

Epoch : 3
Train Loss     : 0.5422	 | 	Train Accuracy     : 0.7889
Valid Loss     : 0.8426	 | 	Valid Accuracy     : 0.6006

Epoch : 4
Train Loss     : 0.5143	 | 	Train Accuracy     : 0.8023
Valid Loss     : 0.9471	 | 	Valid Accuracy     : 0.6318

Epoch : 5
Train Loss     : 0.5133	 | 	Train Accuracy     : 0.7959
Valid Loss     : 0.9136	 | 	Valid Accuracy     : 0.5679

Epoch : 6
Train Loss     : 0.5120	 | 	Train Accuracy     : 0.8008
Valid Loss     : 0.9730	 | 	Valid Accuracy     : 0.6323

Epoch : 7
Train Loss     : 0.4815	 | 	Train Accuracy     : 0.8140
Valid Loss     : 0.9381	 | 	Valid Accuracy     : 0.6191

Epoch : 8
Train Loss     : 0.4933	 | 	Train Accuracy     : 0.8117
Valid Loss     : 0.9736	 | 	Valid Accuracy     : 0.5786

Epoch : 9
Train Loss     : 0.4854	 | 	Train Accuracy     : 0.8132
Valid Loss     : 0.9416	 | 	Valid Accuracy     : 0.6123

Epoch : 10
Train Loss     : 0.4826	 | 	Train Accuracy     : 0.8128
Valid Loss     : 1.1288	 | 	Valid Accuracy     : 0.6245

Epoch : 11
Train Loss     : 0.4850	 | 	Train Accuracy     : 0.8140
Valid Loss     : 0.8804	 | 	Valid Accuracy     : 0.6177

Epoch : 12
Train Loss     : 0.4565	 | 	Train Accuracy     : 0.8246
Valid Loss     : 1.1263	 | 	Valid Accuracy     : 0.6328

Epoch : 13
Train Loss     : 0.4577	 | 	Train Accuracy     : 0.8224
Valid Loss     : 0.9764	 | 	Valid Accuracy     : 0.6240

Epoch : 14
Train Loss     : 0.4315	 | 	Train Accuracy     : 0.8371
Valid Loss     : 0.9278	 | 	Valid Accuracy     : 0.6250

Epoch : 15
Train Loss     : 0.4282	 | 	Train Accuracy     : 0.8400
Valid Loss     : 1.0353	 | 	Valid Accuracy     : 0.6323

Epoch : 16
Train Loss     : 0.4238	 | 	Train Accuracy     : 0.8366
Valid Loss     : 1.0192	 | 	Valid Accuracy     : 0.6216

Epoch : 17
Train Loss     : 0.4270	 | 	Train Accuracy     : 0.8366
Valid Loss     : 0.9972	 | 	Valid Accuracy     : 0.6274

Epoch : 18
Train Loss     : 0.4298	 | 	Train Accuracy     : 0.8329
Valid Loss     : 1.0026	 | 	Valid Accuracy     : 0.6270

Epoch : 19
Train Loss     : 0.4270	 | 	Train Accuracy     : 0.8363
Valid Loss     : 0.9545	 | 	Valid Accuracy     : 0.6196

Epoch : 20
Train Loss     : 0.4281	 | 	Train Accuracy     : 0.8339
Valid Loss     : 0.9431	 | 	Valid Accuracy     : 0.6152

Epoch : 21
Train Loss     : 0.4323	 | 	Train Accuracy     : 0.8298
Valid Loss     : 1.0103	 | 	Valid Accuracy     : 0.6230

Epoch : 22
Train Loss     : 0.4279	 | 	Train Accuracy     : 0.8339
Valid Loss     : 0.9574	 | 	Valid Accuracy     : 0.6299

Epoch : 23
Train Loss     : 0.4248	 | 	Train Accuracy     : 0.8339
Valid Loss     : 1.0093	 | 	Valid Accuracy     : 0.6265

Epoch : 24
Train Loss     : 0.4271	 | 	Train Accuracy     : 0.8354
Valid Loss     : 1.0003	 | 	Valid Accuracy     : 0.6313

Epoch : 25
Train Loss     : 0.4206	 | 	Train Accuracy     : 0.8392
Valid Loss     : 0.9471	 | 	Valid Accuracy     : 0.6357

Epoch : 26
Train Loss     : 0.4269	 | 	Train Accuracy     : 0.8347
Valid Loss     : 0.9593	 | 	Valid Accuracy     : 0.6279

Epoch : 27
Train Loss     : 0.4238	 | 	Train Accuracy     : 0.8410
Valid Loss     : 0.9829	 | 	Valid Accuracy     : 0.6270

Epoch : 28
Train Loss     : 0.4188	 | 	Train Accuracy     : 0.8400
Valid Loss     : 0.9734	 | 	Valid Accuracy     : 0.6299

Epoch : 29
Train Loss     : 0.4286	 | 	Train Accuracy     : 0.8346
Valid Loss     : 0.9667	 | 	Valid Accuracy     : 0.6299

Epoch : 30
Train Loss     : 0.4201	 | 	Train Accuracy     : 0.8376
Valid Loss     : 0.9592	 | 	Valid Accuracy     : 0.6299

Evaluate on the Test set:
Test loss      :0.8730	 | Test Accuracy      : 0.6663 | Test AUPRC      : 0.5601
tensor([1., 1., 1., 1., 1., 1., 1., 1., 1., 1., 1., 1., 1., 1., 1., 1., 1., 1.,
        1., 1., 1., 1., 1., 1., 1., 1., 1., 1., 1., 1., 1., 1., 1., 1., 1., 1.,
        1., 1., 1., 1., 1., 1., 1., 1., 1., 1., 1., 1., 1., 1., 1., 1., 1., 1.,
        1., 1., 1., 1., 1., 1., 1., 1.], device='cuda:0',
       grad_fn=<SqueezeBackward1>)

################## Training is Done! #########################
Training time is : 0:00:59.165404
