=============================================
Dataset: SEED
Method:  TS-TCC
Mode:    train_linear
=============================================
Data loaded ...
Subjet 5
if scale False
Training started ....

Epoch : 1
Train Loss     : 1.1422	 | 	Train Accuracy     : 0.4925
Valid Loss     : 1.1634	 | 	Valid Accuracy     : 0.4644

Epoch : 2
Train Loss     : 0.7665	 | 	Train Accuracy     : 0.6656
Valid Loss     : 1.0997	 | 	Valid Accuracy     : 0.5322

Epoch : 3
Train Loss     : 0.6503	 | 	Train Accuracy     : 0.7344
Valid Loss     : 1.0764	 | 	Valid Accuracy     : 0.5513

Epoch : 4
Train Loss     : 0.6040	 | 	Train Accuracy     : 0.7663
Valid Loss     : 1.0682	 | 	Valid Accuracy     : 0.5361

Epoch : 5
Train Loss     : 0.5901	 | 	Train Accuracy     : 0.7629
Valid Loss     : 0.9608	 | 	Valid Accuracy     : 0.5693

Epoch : 6
Train Loss     : 0.5835	 | 	Train Accuracy     : 0.7673
Valid Loss     : 1.0108	 | 	Valid Accuracy     : 0.5649

Epoch : 7
Train Loss     : 0.5522	 | 	Train Accuracy     : 0.7770
Valid Loss     : 1.2129	 | 	Valid Accuracy     : 0.5732

Epoch : 8
Train Loss     : 0.5563	 | 	Train Accuracy     : 0.7685
Valid Loss     : 1.2999	 | 	Valid Accuracy     : 0.5815

Epoch : 9
Train Loss     : 0.5483	 | 	Train Accuracy     : 0.7746
Valid Loss     : 1.1387	 | 	Valid Accuracy     : 0.5317

Epoch : 10
Train Loss     : 0.5336	 | 	Train Accuracy     : 0.7804
Valid Loss     : 1.4661	 | 	Valid Accuracy     : 0.5083

Epoch : 11
Train Loss     : 0.5632	 | 	Train Accuracy     : 0.7653
Valid Loss     : 1.3341	 | 	Valid Accuracy     : 0.5283

Epoch : 12
Train Loss     : 0.5193	 | 	Train Accuracy     : 0.7891
Valid Loss     : 1.0372	 | 	Valid Accuracy     : 0.5513

Epoch : 13
Train Loss     : 0.5435	 | 	Train Accuracy     : 0.7785
Valid Loss     : 1.2113	 | 	Valid Accuracy     : 0.5420

Epoch : 14
Train Loss     : 0.5309	 | 	Train Accuracy     : 0.7843
Valid Loss     : 1.4557	 | 	Valid Accuracy     : 0.4980

Epoch : 15
Train Loss     : 0.5538	 | 	Train Accuracy     : 0.7692
Valid Loss     : 1.3843	 | 	Valid Accuracy     : 0.5581

Epoch : 16
Train Loss     : 0.5125	 | 	Train Accuracy     : 0.7882
Valid Loss     : 1.0508	 | 	Valid Accuracy     : 0.5640

Epoch : 17
Train Loss     : 0.4958	 | 	Train Accuracy     : 0.8032
Valid Loss     : 1.2139	 | 	Valid Accuracy     : 0.5386

Epoch : 18
Train Loss     : 0.4850	 | 	Train Accuracy     : 0.8086
Valid Loss     : 1.2180	 | 	Valid Accuracy     : 0.5396

Epoch : 19
Train Loss     : 0.4832	 | 	Train Accuracy     : 0.8084
Valid Loss     : 1.1978	 | 	Valid Accuracy     : 0.5405

Epoch : 20
Train Loss     : 0.4776	 | 	Train Accuracy     : 0.8100
Valid Loss     : 1.1892	 | 	Valid Accuracy     : 0.5439

Epoch : 21
Train Loss     : 0.4753	 | 	Train Accuracy     : 0.8156
Valid Loss     : 1.1560	 | 	Valid Accuracy     : 0.5420

Epoch : 22
Train Loss     : 0.4787	 | 	Train Accuracy     : 0.8081
Valid Loss     : 1.1632	 | 	Valid Accuracy     : 0.5449

Epoch : 23
Train Loss     : 0.4882	 | 	Train Accuracy     : 0.8098
Valid Loss     : 1.1401	 | 	Valid Accuracy     : 0.5522

Epoch : 24
Train Loss     : 0.4765	 | 	Train Accuracy     : 0.8201
Valid Loss     : 1.2241	 | 	Valid Accuracy     : 0.5342

Epoch : 25
Train Loss     : 0.4760	 | 	Train Accuracy     : 0.8110
Valid Loss     : 1.1992	 | 	Valid Accuracy     : 0.5420

Epoch : 26
Train Loss     : 0.4840	 | 	Train Accuracy     : 0.8076
Valid Loss     : 1.2563	 | 	Valid Accuracy     : 0.5322

Epoch : 27
Train Loss     : 0.4864	 | 	Train Accuracy     : 0.8066
Valid Loss     : 1.2076	 | 	Valid Accuracy     : 0.5327

Epoch : 28
Train Loss     : 0.4838	 | 	Train Accuracy     : 0.8074
Valid Loss     : 1.1634	 | 	Valid Accuracy     : 0.5449

Epoch : 29
Train Loss     : 0.4676	 | 	Train Accuracy     : 0.8171
Valid Loss     : 1.1729	 | 	Valid Accuracy     : 0.5503

Epoch : 30
Train Loss     : 0.4750	 | 	Train Accuracy     : 0.8149
Valid Loss     : 1.1966	 | 	Valid Accuracy     : 0.5444

Evaluate on the Test set:
Test loss      :1.2083	 | Test Accuracy      : 0.6150 | Test AUPRC      : 0.5207
tensor([1., 1., 1., 1., 1., 1., 1., 1., 1., 1., 1., 1., 1., 1., 1., 1., 1., 1.,
        1., 1., 1., 1., 1., 1., 1., 1., 1., 1., 1., 1., 1., 1., 1., 1., 1., 1.,
        1., 1., 1., 1., 1., 1., 1., 1., 1., 1., 1., 1., 1., 1., 1., 1., 1., 1.,
        1., 1., 1., 1., 1., 1., 1., 1.], device='cuda:0',
       grad_fn=<SqueezeBackward1>)

################## Training is Done! #########################
Training time is : 0:00:52.040433
