=============================================
Dataset: SEED
Method:  TS-TCC
Mode:    train_linear
=============================================
Data loaded ...
Subjet 7
if scale True
Training started ....

Epoch : 1
Train Loss     : 0.9895	 | 	Train Accuracy     : 0.5644
Valid Loss     : 0.6970	 | 	Valid Accuracy     : 0.6821

Epoch : 2
Train Loss     : 0.5266	 | 	Train Accuracy     : 0.7999
Valid Loss     : 0.5575	 | 	Valid Accuracy     : 0.7593

Epoch : 3
Train Loss     : 0.4619	 | 	Train Accuracy     : 0.8169
Valid Loss     : 0.5645	 | 	Valid Accuracy     : 0.7461

Epoch : 4
Train Loss     : 0.4345	 | 	Train Accuracy     : 0.8281
Valid Loss     : 0.4590	 | 	Valid Accuracy     : 0.8188

Epoch : 5
Train Loss     : 0.4237	 | 	Train Accuracy     : 0.8303
Valid Loss     : 0.4607	 | 	Valid Accuracy     : 0.7935

Epoch : 6
Train Loss     : 0.3977	 | 	Train Accuracy     : 0.8361
Valid Loss     : 0.4467	 | 	Valid Accuracy     : 0.8105

Epoch : 7
Train Loss     : 0.3916	 | 	Train Accuracy     : 0.8487
Valid Loss     : 0.4749	 | 	Valid Accuracy     : 0.7935

Epoch : 8
Train Loss     : 0.3958	 | 	Train Accuracy     : 0.8393
Valid Loss     : 0.4935	 | 	Valid Accuracy     : 0.7910

Epoch : 9
Train Loss     : 0.3764	 | 	Train Accuracy     : 0.8458
Valid Loss     : 0.4473	 | 	Valid Accuracy     : 0.8086

Epoch : 10
Train Loss     : 0.3705	 | 	Train Accuracy     : 0.8500
Valid Loss     : 0.4811	 | 	Valid Accuracy     : 0.7979

Epoch : 11
Train Loss     : 0.3829	 | 	Train Accuracy     : 0.8465
Valid Loss     : 0.5254	 | 	Valid Accuracy     : 0.7837

Epoch : 12
Train Loss     : 0.3659	 | 	Train Accuracy     : 0.8553
Valid Loss     : 0.4509	 | 	Valid Accuracy     : 0.8081

Epoch : 13
Train Loss     : 0.3671	 | 	Train Accuracy     : 0.8573
Valid Loss     : 0.4873	 | 	Valid Accuracy     : 0.7949

Epoch : 14
Train Loss     : 0.3627	 | 	Train Accuracy     : 0.8556
Valid Loss     : 0.5134	 | 	Valid Accuracy     : 0.7900

Epoch : 15
Train Loss     : 0.3630	 | 	Train Accuracy     : 0.8517
Valid Loss     : 0.6470	 | 	Valid Accuracy     : 0.7524

Epoch : 16
Train Loss     : 0.3648	 | 	Train Accuracy     : 0.8528
Valid Loss     : 0.4794	 | 	Valid Accuracy     : 0.7998

Epoch : 17
Train Loss     : 0.3679	 | 	Train Accuracy     : 0.8558
Valid Loss     : 0.5882	 | 	Valid Accuracy     : 0.7720

Epoch : 18
Train Loss     : 0.3544	 | 	Train Accuracy     : 0.8550
Valid Loss     : 0.5387	 | 	Valid Accuracy     : 0.7812

Epoch : 19
Train Loss     : 0.3367	 | 	Train Accuracy     : 0.8670
Valid Loss     : 0.5062	 | 	Valid Accuracy     : 0.7886

Epoch : 20
Train Loss     : 0.3389	 | 	Train Accuracy     : 0.8663
Valid Loss     : 0.4999	 | 	Valid Accuracy     : 0.7935

Epoch : 21
Train Loss     : 0.3359	 | 	Train Accuracy     : 0.8721
Valid Loss     : 0.4870	 | 	Valid Accuracy     : 0.7949

Epoch : 22
Train Loss     : 0.3357	 | 	Train Accuracy     : 0.8708
Valid Loss     : 0.4853	 | 	Valid Accuracy     : 0.7944

Epoch : 23
Train Loss     : 0.3342	 | 	Train Accuracy     : 0.8701
Valid Loss     : 0.4813	 | 	Valid Accuracy     : 0.7959

Epoch : 24
Train Loss     : 0.3326	 | 	Train Accuracy     : 0.8738
Valid Loss     : 0.4828	 | 	Valid Accuracy     : 0.7969

Epoch : 25
Train Loss     : 0.3377	 | 	Train Accuracy     : 0.8689
Valid Loss     : 0.4628	 | 	Valid Accuracy     : 0.8003

Epoch : 26
Train Loss     : 0.3316	 | 	Train Accuracy     : 0.8731
Valid Loss     : 0.4916	 | 	Valid Accuracy     : 0.7930

Epoch : 27
Train Loss     : 0.3357	 | 	Train Accuracy     : 0.8721
Valid Loss     : 0.4899	 | 	Valid Accuracy     : 0.7920

Epoch : 28
Train Loss     : 0.3360	 | 	Train Accuracy     : 0.8657
Valid Loss     : 0.4895	 | 	Valid Accuracy     : 0.7939

Epoch : 29
Train Loss     : 0.3343	 | 	Train Accuracy     : 0.8742
Valid Loss     : 0.4879	 | 	Valid Accuracy     : 0.7944

Epoch : 30
Train Loss     : 0.3301	 | 	Train Accuracy     : 0.8708
Valid Loss     : 0.4858	 | 	Valid Accuracy     : 0.7969

Evaluate on the Test set:
Test loss      :0.7903	 | Test Accuracy      : 0.6234 | Test AUPRC      : 0.5618
tensor([0.7326, 0.7686, 0.9490, 0.8879, 0.9198, 0.7245, 0.9296, 0.7038, 0.8192,
        0.7705, 0.6946, 0.7940, 0.9552, 0.8633, 0.8324, 0.6613, 0.7410, 0.7529,
        0.6438, 0.8292, 0.6989, 0.8905, 0.7833, 1.0616, 0.8482, 0.9251, 0.8456,
        0.7795, 0.7722, 0.6898, 0.8003, 0.9612, 0.8904, 0.7912, 0.6215, 0.7628,
        0.7074, 0.6963, 0.7496, 0.7877, 0.8264, 0.7628, 0.7004, 0.7457, 0.7757,
        0.8395, 0.8137, 0.6779, 0.7032, 0.6416, 0.7247, 0.6907, 0.7232, 0.7464,
        0.6906, 0.6146, 0.6757, 0.9504, 0.9270, 0.6534, 0.7302, 0.7420],
       device='cuda:0', grad_fn=<SqueezeBackward1>)

################## Training is Done! #########################
Training time is : 0:01:01.078859
