=============================================
Dataset: SEED
Method:  TS-TCC
Mode:    train_linear
=============================================
Data loaded ...
Subjet 3
if scale False
Training started ....

Epoch : 1
Train Loss     : 1.0227	 | 	Train Accuracy     : 0.5297
Valid Loss     : 1.1016	 | 	Valid Accuracy     : 0.5527

Epoch : 2
Train Loss     : 0.6807	 | 	Train Accuracy     : 0.6965
Valid Loss     : 0.9658	 | 	Valid Accuracy     : 0.6704

Epoch : 3
Train Loss     : 0.6114	 | 	Train Accuracy     : 0.7471
Valid Loss     : 0.7551	 | 	Valid Accuracy     : 0.6782

Epoch : 4
Train Loss     : 0.5743	 | 	Train Accuracy     : 0.7699
Valid Loss     : 0.6608	 | 	Valid Accuracy     : 0.7051

Epoch : 5
Train Loss     : 0.5604	 | 	Train Accuracy     : 0.7755
Valid Loss     : 0.6738	 | 	Valid Accuracy     : 0.7041

Epoch : 6
Train Loss     : 0.5418	 | 	Train Accuracy     : 0.7870
Valid Loss     : 0.7017	 | 	Valid Accuracy     : 0.6802

Epoch : 7
Train Loss     : 0.5411	 | 	Train Accuracy     : 0.7809
Valid Loss     : 0.7822	 | 	Valid Accuracy     : 0.6787

Epoch : 8
Train Loss     : 0.5196	 | 	Train Accuracy     : 0.7952
Valid Loss     : 0.7313	 | 	Valid Accuracy     : 0.6782

Epoch : 9
Train Loss     : 0.5194	 | 	Train Accuracy     : 0.7908
Valid Loss     : 0.7312	 | 	Valid Accuracy     : 0.6841

Epoch : 10
Train Loss     : 0.5100	 | 	Train Accuracy     : 0.7972
Valid Loss     : 0.8091	 | 	Valid Accuracy     : 0.6567

Epoch : 11
Train Loss     : 0.5149	 | 	Train Accuracy     : 0.7945
Valid Loss     : 0.8122	 | 	Valid Accuracy     : 0.6758

Epoch : 12
Train Loss     : 0.5089	 | 	Train Accuracy     : 0.7938
Valid Loss     : 0.8025	 | 	Valid Accuracy     : 0.6465

Epoch : 13
Train Loss     : 0.5059	 | 	Train Accuracy     : 0.7993
Valid Loss     : 0.7895	 | 	Valid Accuracy     : 0.6841

Epoch : 14
Train Loss     : 0.5338	 | 	Train Accuracy     : 0.7828
Valid Loss     : 0.7923	 | 	Valid Accuracy     : 0.6670

Epoch : 15
Train Loss     : 0.5022	 | 	Train Accuracy     : 0.7984
Valid Loss     : 0.8191	 | 	Valid Accuracy     : 0.6699

Epoch : 16
Train Loss     : 0.4702	 | 	Train Accuracy     : 0.8166
Valid Loss     : 0.7573	 | 	Valid Accuracy     : 0.6777

Epoch : 17
Train Loss     : 0.4663	 | 	Train Accuracy     : 0.8227
Valid Loss     : 0.7672	 | 	Valid Accuracy     : 0.6733

Epoch : 18
Train Loss     : 0.4673	 | 	Train Accuracy     : 0.8161
Valid Loss     : 0.7701	 | 	Valid Accuracy     : 0.6768

Epoch : 19
Train Loss     : 0.4581	 | 	Train Accuracy     : 0.8227
Valid Loss     : 0.7777	 | 	Valid Accuracy     : 0.6719

Epoch : 20
Train Loss     : 0.4614	 | 	Train Accuracy     : 0.8234
Valid Loss     : 0.7715	 | 	Valid Accuracy     : 0.6777

Epoch : 21
Train Loss     : 0.4625	 | 	Train Accuracy     : 0.8176
Valid Loss     : 0.7681	 | 	Valid Accuracy     : 0.6768

Epoch : 22
Train Loss     : 0.4609	 | 	Train Accuracy     : 0.8196
Valid Loss     : 0.7759	 | 	Valid Accuracy     : 0.6758

Epoch : 23
Train Loss     : 0.4631	 | 	Train Accuracy     : 0.8186
Valid Loss     : 0.7675	 | 	Valid Accuracy     : 0.6689

Epoch : 24
Train Loss     : 0.4637	 | 	Train Accuracy     : 0.8190
Valid Loss     : 0.7741	 | 	Valid Accuracy     : 0.6660

Epoch : 25
Train Loss     : 0.4659	 | 	Train Accuracy     : 0.8195
Valid Loss     : 0.7662	 | 	Valid Accuracy     : 0.6729

Epoch : 26
Train Loss     : 0.4688	 | 	Train Accuracy     : 0.8152
Valid Loss     : 0.7853	 | 	Valid Accuracy     : 0.6763

Epoch : 27
Train Loss     : 0.4535	 | 	Train Accuracy     : 0.8225
Valid Loss     : 0.7704	 | 	Valid Accuracy     : 0.6714

Epoch : 28
Train Loss     : 0.4512	 | 	Train Accuracy     : 0.8224
Valid Loss     : 0.7833	 | 	Valid Accuracy     : 0.6733

Epoch : 29
Train Loss     : 0.4526	 | 	Train Accuracy     : 0.8264
Valid Loss     : 0.7757	 | 	Valid Accuracy     : 0.6729

Epoch : 30
Train Loss     : 0.4580	 | 	Train Accuracy     : 0.8224
Valid Loss     : 0.7845	 | 	Valid Accuracy     : 0.6660

Evaluate on the Test set:
Test loss      :0.7764	 | Test Accuracy      : 0.6775 | Test AUPRC      : 0.5457
tensor([1., 1., 1., 1., 1., 1., 1., 1., 1., 1., 1., 1., 1., 1., 1., 1., 1., 1.,
        1., 1., 1., 1., 1., 1., 1., 1., 1., 1., 1., 1., 1., 1., 1., 1., 1., 1.,
        1., 1., 1., 1., 1., 1., 1., 1., 1., 1., 1., 1., 1., 1., 1., 1., 1., 1.,
        1., 1., 1., 1., 1., 1., 1., 1.], device='cuda:0',
       grad_fn=<SqueezeBackward1>)

################## Training is Done! #########################
Training time is : 0:00:54.164533
