=============================================
Dataset: SEED
Method:  TS-TCC
Mode:    train_linear
=============================================
Data loaded ...
Subjet 10
if scale False
Training started ....

Epoch : 1
Train Loss     : 1.0073	 | 	Train Accuracy     : 0.5352
Valid Loss     : 1.1845	 | 	Valid Accuracy     : 0.4414

Epoch : 2
Train Loss     : 0.6529	 | 	Train Accuracy     : 0.6960
Valid Loss     : 1.6190	 | 	Valid Accuracy     : 0.4917

Epoch : 3
Train Loss     : 0.6207	 | 	Train Accuracy     : 0.7113
Valid Loss     : 1.0936	 | 	Valid Accuracy     : 0.5991

Epoch : 4
Train Loss     : 0.6010	 | 	Train Accuracy     : 0.7215
Valid Loss     : 1.1123	 | 	Valid Accuracy     : 0.6074

Epoch : 5
Train Loss     : 0.5595	 | 	Train Accuracy     : 0.7580
Valid Loss     : 1.3022	 | 	Valid Accuracy     : 0.5728

Epoch : 6
Train Loss     : 0.5341	 | 	Train Accuracy     : 0.7706
Valid Loss     : 1.3146	 | 	Valid Accuracy     : 0.5815

Epoch : 7
Train Loss     : 0.5205	 | 	Train Accuracy     : 0.7816
Valid Loss     : 1.3456	 | 	Valid Accuracy     : 0.5620

Epoch : 8
Train Loss     : 0.5171	 | 	Train Accuracy     : 0.7773
Valid Loss     : 1.4557	 | 	Valid Accuracy     : 0.5586

Epoch : 9
Train Loss     : 0.5155	 | 	Train Accuracy     : 0.7829
Valid Loss     : 1.3971	 | 	Valid Accuracy     : 0.5625

Epoch : 10
Train Loss     : 0.5108	 | 	Train Accuracy     : 0.7894
Valid Loss     : 1.6243	 | 	Valid Accuracy     : 0.5542

Epoch : 11
Train Loss     : 0.5058	 | 	Train Accuracy     : 0.7821
Valid Loss     : 1.5821	 | 	Valid Accuracy     : 0.5483

Epoch : 12
Train Loss     : 0.5102	 | 	Train Accuracy     : 0.7858
Valid Loss     : 1.3030	 | 	Valid Accuracy     : 0.5962

Epoch : 13
Train Loss     : 0.5065	 | 	Train Accuracy     : 0.7824
Valid Loss     : 1.4379	 | 	Valid Accuracy     : 0.5498

Epoch : 14
Train Loss     : 0.5582	 | 	Train Accuracy     : 0.7614
Valid Loss     : 1.4816	 | 	Valid Accuracy     : 0.5742

Epoch : 15
Train Loss     : 0.4832	 | 	Train Accuracy     : 0.8004
Valid Loss     : 1.5034	 | 	Valid Accuracy     : 0.5698

Epoch : 16
Train Loss     : 0.4528	 | 	Train Accuracy     : 0.8103
Valid Loss     : 1.5863	 | 	Valid Accuracy     : 0.5713

Epoch : 17
Train Loss     : 0.4631	 | 	Train Accuracy     : 0.8026
Valid Loss     : 1.5605	 | 	Valid Accuracy     : 0.5708

Epoch : 18
Train Loss     : 0.4674	 | 	Train Accuracy     : 0.8060
Valid Loss     : 1.4831	 | 	Valid Accuracy     : 0.5796

Epoch : 19
Train Loss     : 0.4681	 | 	Train Accuracy     : 0.8042
Valid Loss     : 1.6419	 | 	Valid Accuracy     : 0.5581

Epoch : 20
Train Loss     : 0.4694	 | 	Train Accuracy     : 0.8047
Valid Loss     : 1.5377	 | 	Valid Accuracy     : 0.5586

Epoch : 21
Train Loss     : 0.4627	 | 	Train Accuracy     : 0.8108
Valid Loss     : 1.5812	 | 	Valid Accuracy     : 0.5615

Epoch : 22
Train Loss     : 0.4578	 | 	Train Accuracy     : 0.8117
Valid Loss     : 1.5649	 | 	Valid Accuracy     : 0.5615

Epoch : 23
Train Loss     : 0.4674	 | 	Train Accuracy     : 0.7957
Valid Loss     : 1.4908	 | 	Valid Accuracy     : 0.5688

Epoch : 24
Train Loss     : 0.4637	 | 	Train Accuracy     : 0.8086
Valid Loss     : 1.5754	 | 	Valid Accuracy     : 0.5630

Epoch : 25
Train Loss     : 0.4703	 | 	Train Accuracy     : 0.8064
Valid Loss     : 1.6304	 | 	Valid Accuracy     : 0.5518

Epoch : 26
Train Loss     : 0.4682	 | 	Train Accuracy     : 0.8086
Valid Loss     : 1.5058	 | 	Valid Accuracy     : 0.5684

Epoch : 27
Train Loss     : 0.4600	 | 	Train Accuracy     : 0.8127
Valid Loss     : 1.4936	 | 	Valid Accuracy     : 0.5576

Epoch : 28
Train Loss     : 0.4685	 | 	Train Accuracy     : 0.8103
Valid Loss     : 1.5177	 | 	Valid Accuracy     : 0.5610

Epoch : 29
Train Loss     : 0.4526	 | 	Train Accuracy     : 0.8145
Valid Loss     : 1.5015	 | 	Valid Accuracy     : 0.5674

Epoch : 30
Train Loss     : 0.4739	 | 	Train Accuracy     : 0.8021
Valid Loss     : 1.5548	 | 	Valid Accuracy     : 0.5615

Evaluate on the Test set:
Test loss      :1.7873	 | Test Accuracy      : 0.5948 | Test AUPRC      : 0.4622
tensor([1., 1., 1., 1., 1., 1., 1., 1., 1., 1., 1., 1., 1., 1., 1., 1., 1., 1.,
        1., 1., 1., 1., 1., 1., 1., 1., 1., 1., 1., 1., 1., 1., 1., 1., 1., 1.,
        1., 1., 1., 1., 1., 1., 1., 1., 1., 1., 1., 1., 1., 1., 1., 1., 1., 1.,
        1., 1., 1., 1., 1., 1., 1., 1.], device='cuda:0',
       grad_fn=<SqueezeBackward1>)

################## Training is Done! #########################
Training time is : 0:00:55.977787
