=============================================
Dataset: SEED
Method:  TS-TCC
Mode:    train_linear
=============================================
Data loaded ...
Subjet 12
if scale True
Training started ....

Epoch : 1
Train Loss     : 0.9839	 | 	Train Accuracy     : 0.5333
Valid Loss     : 1.0243	 | 	Valid Accuracy     : 0.5796

Epoch : 2
Train Loss     : 0.7247	 | 	Train Accuracy     : 0.6816
Valid Loss     : 1.0645	 | 	Valid Accuracy     : 0.5371

Epoch : 3
Train Loss     : 0.6687	 | 	Train Accuracy     : 0.7118
Valid Loss     : 0.9893	 | 	Valid Accuracy     : 0.5703

Epoch : 4
Train Loss     : 0.6536	 | 	Train Accuracy     : 0.7240
Valid Loss     : 0.9296	 | 	Valid Accuracy     : 0.5942

Epoch : 5
Train Loss     : 0.6459	 | 	Train Accuracy     : 0.7179
Valid Loss     : 0.9331	 | 	Valid Accuracy     : 0.6016

Epoch : 6
Train Loss     : 0.6182	 | 	Train Accuracy     : 0.7373
Valid Loss     : 0.9210	 | 	Valid Accuracy     : 0.6045

Epoch : 7
Train Loss     : 0.6001	 | 	Train Accuracy     : 0.7503
Valid Loss     : 0.9300	 | 	Valid Accuracy     : 0.6138

Epoch : 8
Train Loss     : 0.5883	 | 	Train Accuracy     : 0.7527
Valid Loss     : 0.8896	 | 	Valid Accuracy     : 0.6362

Epoch : 9
Train Loss     : 0.5865	 | 	Train Accuracy     : 0.7587
Valid Loss     : 0.9670	 | 	Valid Accuracy     : 0.6011

Epoch : 10
Train Loss     : 0.5760	 | 	Train Accuracy     : 0.7587
Valid Loss     : 1.0149	 | 	Valid Accuracy     : 0.5967

Epoch : 11
Train Loss     : 0.5985	 | 	Train Accuracy     : 0.7434
Valid Loss     : 0.9854	 | 	Valid Accuracy     : 0.6123

Epoch : 12
Train Loss     : 0.5771	 | 	Train Accuracy     : 0.7561
Valid Loss     : 0.9371	 | 	Valid Accuracy     : 0.5898

Epoch : 13
Train Loss     : 0.6000	 | 	Train Accuracy     : 0.7432
Valid Loss     : 0.9559	 | 	Valid Accuracy     : 0.6016

Epoch : 14
Train Loss     : 0.5592	 | 	Train Accuracy     : 0.7656
Valid Loss     : 0.9472	 | 	Valid Accuracy     : 0.6235

Epoch : 15
Train Loss     : 0.5825	 | 	Train Accuracy     : 0.7565
Valid Loss     : 1.0039	 | 	Valid Accuracy     : 0.6191

Epoch : 16
Train Loss     : 0.5815	 | 	Train Accuracy     : 0.7571
Valid Loss     : 1.0271	 | 	Valid Accuracy     : 0.5737

Epoch : 17
Train Loss     : 0.6082	 | 	Train Accuracy     : 0.7412
Valid Loss     : 1.0371	 | 	Valid Accuracy     : 0.6069

Epoch : 18
Train Loss     : 0.5582	 | 	Train Accuracy     : 0.7661
Valid Loss     : 0.9223	 | 	Valid Accuracy     : 0.6177

Epoch : 19
Train Loss     : 0.5518	 | 	Train Accuracy     : 0.7695
Valid Loss     : 0.9259	 | 	Valid Accuracy     : 0.6357

Epoch : 20
Train Loss     : 0.5329	 | 	Train Accuracy     : 0.7814
Valid Loss     : 0.9303	 | 	Valid Accuracy     : 0.6284

Epoch : 21
Train Loss     : 0.5308	 | 	Train Accuracy     : 0.7828
Valid Loss     : 0.9423	 | 	Valid Accuracy     : 0.6187

Epoch : 22
Train Loss     : 0.5241	 | 	Train Accuracy     : 0.7838
Valid Loss     : 0.9331	 | 	Valid Accuracy     : 0.6196

Epoch : 23
Train Loss     : 0.5235	 | 	Train Accuracy     : 0.7835
Valid Loss     : 0.9317	 | 	Valid Accuracy     : 0.6226

Epoch : 24
Train Loss     : 0.5313	 | 	Train Accuracy     : 0.7855
Valid Loss     : 0.9494	 | 	Valid Accuracy     : 0.6182

Epoch : 25
Train Loss     : 0.5278	 | 	Train Accuracy     : 0.7853
Valid Loss     : 0.9374	 | 	Valid Accuracy     : 0.6191

Epoch : 26
Train Loss     : 0.5302	 | 	Train Accuracy     : 0.7829
Valid Loss     : 0.9372	 | 	Valid Accuracy     : 0.6230

Epoch : 27
Train Loss     : 0.5299	 | 	Train Accuracy     : 0.7831
Valid Loss     : 0.9505	 | 	Valid Accuracy     : 0.6221

Epoch : 28
Train Loss     : 0.5289	 | 	Train Accuracy     : 0.7787
Valid Loss     : 0.9594	 | 	Valid Accuracy     : 0.6211

Epoch : 29
Train Loss     : 0.5291	 | 	Train Accuracy     : 0.7807
Valid Loss     : 0.9593	 | 	Valid Accuracy     : 0.6182

Epoch : 30
Train Loss     : 0.5276	 | 	Train Accuracy     : 0.7904
Valid Loss     : 0.9529	 | 	Valid Accuracy     : 0.6201

Evaluate on the Test set:
Test loss      :1.2178	 | Test Accuracy      : 0.5641 | Test AUPRC      : 0.4388
tensor([0.8888, 0.9017, 0.9594, 0.9488, 0.8685, 0.7773, 0.7871, 0.7418, 0.7234,
        0.7562, 0.7636, 0.8664, 0.9415, 0.8743, 0.9006, 0.5980, 0.8053, 0.8523,
        0.8270, 0.8426, 0.9032, 0.8075, 0.7833, 0.9718, 0.8459, 0.8103, 0.8930,
        0.9002, 0.7133, 0.7243, 0.8486, 1.0086, 0.7519, 0.6316, 0.5863, 0.8749,
        0.8765, 0.6268, 0.6926, 0.8538, 0.8360, 0.7339, 0.6886, 0.9290, 0.8296,
        0.7813, 0.8673, 0.7687, 0.8210, 0.8448, 0.6536, 0.7276, 0.6956, 0.8205,
        0.6426, 0.5741, 0.6402, 0.8839, 0.9436, 0.8012, 0.9128, 0.7848],
       device='cuda:0', grad_fn=<SqueezeBackward1>)

################## Training is Done! #########################
Training time is : 0:00:56.775528
