=============================================
Dataset: SEED
Method:  TS-TCC
Mode:    train_linear
=============================================
Data loaded ...
Subjet 6
if scale True
Training started ....

Epoch : 1
Train Loss     : 1.1613	 | 	Train Accuracy     : 0.5099
Valid Loss     : 1.1111	 | 	Valid Accuracy     : 0.4321

Epoch : 2
Train Loss     : 0.6816	 | 	Train Accuracy     : 0.6698
Valid Loss     : 0.5967	 | 	Valid Accuracy     : 0.7139

Epoch : 3
Train Loss     : 0.5386	 | 	Train Accuracy     : 0.7708
Valid Loss     : 0.7639	 | 	Valid Accuracy     : 0.6919

Epoch : 4
Train Loss     : 0.5392	 | 	Train Accuracy     : 0.7617
Valid Loss     : 0.6756	 | 	Valid Accuracy     : 0.7583

Epoch : 5
Train Loss     : 0.4830	 | 	Train Accuracy     : 0.8031
Valid Loss     : 0.6958	 | 	Valid Accuracy     : 0.7842

Epoch : 6
Train Loss     : 0.4949	 | 	Train Accuracy     : 0.7969
Valid Loss     : 0.6727	 | 	Valid Accuracy     : 0.7974

Epoch : 7
Train Loss     : 0.4518	 | 	Train Accuracy     : 0.8081
Valid Loss     : 0.7206	 | 	Valid Accuracy     : 0.7705

Epoch : 8
Train Loss     : 0.4543	 | 	Train Accuracy     : 0.8167
Valid Loss     : 0.6988	 | 	Valid Accuracy     : 0.7837

Epoch : 9
Train Loss     : 0.4337	 | 	Train Accuracy     : 0.8148
Valid Loss     : 0.6859	 | 	Valid Accuracy     : 0.8164

Epoch : 10
Train Loss     : 0.4586	 | 	Train Accuracy     : 0.8096
Valid Loss     : 0.6997	 | 	Valid Accuracy     : 0.8052

Epoch : 11
Train Loss     : 0.4487	 | 	Train Accuracy     : 0.8167
Valid Loss     : 0.7921	 | 	Valid Accuracy     : 0.7954

Epoch : 12
Train Loss     : 0.4458	 | 	Train Accuracy     : 0.8094
Valid Loss     : 0.7163	 | 	Valid Accuracy     : 0.8032

Epoch : 13
Train Loss     : 0.4217	 | 	Train Accuracy     : 0.8320
Valid Loss     : 0.7682	 | 	Valid Accuracy     : 0.7852

Epoch : 14
Train Loss     : 0.3917	 | 	Train Accuracy     : 0.8503
Valid Loss     : 0.7709	 | 	Valid Accuracy     : 0.7822

Epoch : 15
Train Loss     : 0.3919	 | 	Train Accuracy     : 0.8523
Valid Loss     : 0.7661	 | 	Valid Accuracy     : 0.7793

Epoch : 16
Train Loss     : 0.3967	 | 	Train Accuracy     : 0.8461
Valid Loss     : 0.7617	 | 	Valid Accuracy     : 0.7881

Epoch : 17
Train Loss     : 0.3926	 | 	Train Accuracy     : 0.8495
Valid Loss     : 0.7793	 | 	Valid Accuracy     : 0.7759

Epoch : 18
Train Loss     : 0.3911	 | 	Train Accuracy     : 0.8531
Valid Loss     : 0.7682	 | 	Valid Accuracy     : 0.7710

Epoch : 19
Train Loss     : 0.4084	 | 	Train Accuracy     : 0.8430
Valid Loss     : 0.7857	 | 	Valid Accuracy     : 0.7690

Epoch : 20
Train Loss     : 0.4008	 | 	Train Accuracy     : 0.8471
Valid Loss     : 0.8069	 | 	Valid Accuracy     : 0.7720

Epoch : 21
Train Loss     : 0.3902	 | 	Train Accuracy     : 0.8497
Valid Loss     : 0.7917	 | 	Valid Accuracy     : 0.7759

Epoch : 22
Train Loss     : 0.3914	 | 	Train Accuracy     : 0.8508
Valid Loss     : 0.7692	 | 	Valid Accuracy     : 0.7817

Epoch : 23
Train Loss     : 0.3881	 | 	Train Accuracy     : 0.8424
Valid Loss     : 0.7595	 | 	Valid Accuracy     : 0.7896

Epoch : 24
Train Loss     : 0.3920	 | 	Train Accuracy     : 0.8461
Valid Loss     : 0.7543	 | 	Valid Accuracy     : 0.7759

Epoch : 25
Train Loss     : 0.3952	 | 	Train Accuracy     : 0.8492
Valid Loss     : 0.7788	 | 	Valid Accuracy     : 0.7681

Epoch : 26
Train Loss     : 0.3952	 | 	Train Accuracy     : 0.8487
Valid Loss     : 0.7665	 | 	Valid Accuracy     : 0.7778

Epoch : 27
Train Loss     : 0.3785	 | 	Train Accuracy     : 0.8549
Valid Loss     : 0.7436	 | 	Valid Accuracy     : 0.7832

Epoch : 28
Train Loss     : 0.3796	 | 	Train Accuracy     : 0.8562
Valid Loss     : 0.7809	 | 	Valid Accuracy     : 0.7798

Epoch : 29
Train Loss     : 0.3917	 | 	Train Accuracy     : 0.8497
Valid Loss     : 0.7575	 | 	Valid Accuracy     : 0.7803

Epoch : 30
Train Loss     : 0.3932	 | 	Train Accuracy     : 0.8482
Valid Loss     : 0.7605	 | 	Valid Accuracy     : 0.7773

Evaluate on the Test set:
Test loss      :1.3645	 | Test Accuracy      : 0.6358 | Test AUPRC      : 0.4822
tensor([0.9223, 0.9414, 0.9746, 0.9226, 0.9092, 0.9530, 0.9573, 0.8487, 0.8958,
        0.8544, 0.9044, 0.8972, 0.9481, 0.9093, 0.9666, 0.8853, 0.8972, 0.9022,
        0.8346, 0.8564, 0.8857, 0.8627, 0.9744, 1.0014, 0.8893, 0.8946, 0.8876,
        0.8377, 0.9001, 0.8453, 0.8737, 1.0126, 0.8717, 0.8727, 0.8537, 0.9311,
        0.8832, 0.8613, 0.9270, 0.8244, 0.9425, 0.9292, 0.8589, 0.8708, 0.9738,
        0.9000, 0.8749, 0.8988, 0.8515, 0.8327, 0.8511, 0.8651, 0.8452, 0.8946,
        0.8480, 0.8045, 0.8658, 0.8545, 0.8848, 0.8692, 0.9126, 0.8609],
       device='cuda:0', grad_fn=<SqueezeBackward1>)

################## Training is Done! #########################
Training time is : 0:00:37.687123
