=============================================
Dataset: SEED
Method:  TS-TCC
Mode:    train_linear
=============================================
Data loaded ...
Subjet 4
if scale True
Training started ....

Epoch : 1
Train Loss     : 1.6097	 | 	Train Accuracy     : 0.4211
Valid Loss     : 1.5622	 | 	Valid Accuracy     : 0.4492

Epoch : 2
Train Loss     : 0.9256	 | 	Train Accuracy     : 0.5875
Valid Loss     : 1.1397	 | 	Valid Accuracy     : 0.4512

Epoch : 3
Train Loss     : 0.7190	 | 	Train Accuracy     : 0.6932
Valid Loss     : 1.0687	 | 	Valid Accuracy     : 0.5327

Epoch : 4
Train Loss     : 0.6901	 | 	Train Accuracy     : 0.7120
Valid Loss     : 1.0137	 | 	Valid Accuracy     : 0.5981

Epoch : 5
Train Loss     : 0.6555	 | 	Train Accuracy     : 0.7362
Valid Loss     : 0.9760	 | 	Valid Accuracy     : 0.6055

Epoch : 6
Train Loss     : 0.6344	 | 	Train Accuracy     : 0.7367
Valid Loss     : 1.0104	 | 	Valid Accuracy     : 0.6123

Epoch : 7
Train Loss     : 0.6180	 | 	Train Accuracy     : 0.7539
Valid Loss     : 1.0360	 | 	Valid Accuracy     : 0.5835

Epoch : 8
Train Loss     : 0.6164	 | 	Train Accuracy     : 0.7458
Valid Loss     : 1.0203	 | 	Valid Accuracy     : 0.6128

Epoch : 9
Train Loss     : 0.5952	 | 	Train Accuracy     : 0.7659
Valid Loss     : 1.0554	 | 	Valid Accuracy     : 0.5850

Epoch : 10
Train Loss     : 0.6134	 | 	Train Accuracy     : 0.7505
Valid Loss     : 1.1017	 | 	Valid Accuracy     : 0.5693

Epoch : 11
Train Loss     : 0.6056	 | 	Train Accuracy     : 0.7500
Valid Loss     : 1.0806	 | 	Valid Accuracy     : 0.5830

Epoch : 12
Train Loss     : 0.6087	 | 	Train Accuracy     : 0.7536
Valid Loss     : 1.0319	 | 	Valid Accuracy     : 0.6050

Epoch : 13
Train Loss     : 0.5650	 | 	Train Accuracy     : 0.7724
Valid Loss     : 1.0318	 | 	Valid Accuracy     : 0.6025

Epoch : 14
Train Loss     : 0.5537	 | 	Train Accuracy     : 0.7815
Valid Loss     : 1.0835	 | 	Valid Accuracy     : 0.5923

Epoch : 15
Train Loss     : 0.5420	 | 	Train Accuracy     : 0.7833
Valid Loss     : 1.0397	 | 	Valid Accuracy     : 0.6099

Epoch : 16
Train Loss     : 0.5654	 | 	Train Accuracy     : 0.7794
Valid Loss     : 1.0387	 | 	Valid Accuracy     : 0.6040

Epoch : 17
Train Loss     : 0.5335	 | 	Train Accuracy     : 0.7971
Valid Loss     : 1.0366	 | 	Valid Accuracy     : 0.5957

Epoch : 18
Train Loss     : 0.5411	 | 	Train Accuracy     : 0.7906
Valid Loss     : 1.0146	 | 	Valid Accuracy     : 0.6064

Epoch : 19
Train Loss     : 0.5269	 | 	Train Accuracy     : 0.7995
Valid Loss     : 1.0323	 | 	Valid Accuracy     : 0.5996

Epoch : 20
Train Loss     : 0.5309	 | 	Train Accuracy     : 0.7951
Valid Loss     : 1.0167	 | 	Valid Accuracy     : 0.6050

Epoch : 21
Train Loss     : 0.5363	 | 	Train Accuracy     : 0.7922
Valid Loss     : 1.0386	 | 	Valid Accuracy     : 0.6050

Epoch : 22
Train Loss     : 0.5229	 | 	Train Accuracy     : 0.8029
Valid Loss     : 1.0284	 | 	Valid Accuracy     : 0.6069

Epoch : 23
Train Loss     : 0.5321	 | 	Train Accuracy     : 0.8008
Valid Loss     : 1.0471	 | 	Valid Accuracy     : 0.5991

Epoch : 24
Train Loss     : 0.5181	 | 	Train Accuracy     : 0.8031
Valid Loss     : 1.0221	 | 	Valid Accuracy     : 0.6060

Epoch : 25
Train Loss     : 0.5173	 | 	Train Accuracy     : 0.8016
Valid Loss     : 1.0413	 | 	Valid Accuracy     : 0.5991

Epoch : 26
Train Loss     : 0.5286	 | 	Train Accuracy     : 0.8003
Valid Loss     : 1.0420	 | 	Valid Accuracy     : 0.6001

Epoch : 27
Train Loss     : 0.5133	 | 	Train Accuracy     : 0.8151
Valid Loss     : 1.0454	 | 	Valid Accuracy     : 0.6060

Epoch : 28
Train Loss     : 0.5184	 | 	Train Accuracy     : 0.8055
Valid Loss     : 1.0426	 | 	Valid Accuracy     : 0.6050

Epoch : 29
Train Loss     : 0.5140	 | 	Train Accuracy     : 0.8036
Valid Loss     : 1.0392	 | 	Valid Accuracy     : 0.6094

Epoch : 30
Train Loss     : 0.5179	 | 	Train Accuracy     : 0.8010
Valid Loss     : 1.0463	 | 	Valid Accuracy     : 0.6113

Evaluate on the Test set:
Test loss      :0.9828	 | Test Accuracy      : 0.5943 | Test AUPRC      : 0.4787
tensor([0.9147, 0.9289, 0.9705, 0.8749, 0.8896, 0.9612, 0.9101, 0.8311, 0.8846,
        0.8303, 0.8770, 0.8153, 0.9049, 0.9414, 0.9058, 0.9071, 0.9061, 0.8873,
        0.8352, 0.8677, 0.8873, 0.8917, 0.9669, 1.0282, 0.8616, 0.9096, 0.9003,
        0.8382, 0.8217, 0.8234, 0.8351, 0.9752, 0.8922, 0.8610, 0.7932, 0.9048,
        0.8816, 0.8318, 0.8985, 0.8053, 0.9389, 0.9092, 0.8540, 0.8433, 0.8727,
        0.8454, 0.8653, 0.8598, 0.8453, 0.8036, 0.8270, 0.8257, 0.8190, 0.8899,
        0.8332, 0.8773, 0.8649, 0.8313, 0.8784, 0.8297, 0.8547, 0.8724],
       device='cuda:0', grad_fn=<SqueezeBackward1>)

################## Training is Done! #########################
Training time is : 0:00:42.394367
