=============================================
Dataset: SEED
Method:  TS-TCC
Mode:    train_linear
=============================================
Data loaded ...
Subjet 15
if scale True
Training started ....

Epoch : 1
Train Loss     : 0.7116	 | 	Train Accuracy     : 0.6914
Valid Loss     : 0.4098	 | 	Valid Accuracy     : 0.8394

Epoch : 2
Train Loss     : 0.2764	 | 	Train Accuracy     : 0.9034
Valid Loss     : 0.4356	 | 	Valid Accuracy     : 0.9229

Epoch : 3
Train Loss     : 0.2242	 | 	Train Accuracy     : 0.9285
Valid Loss     : 0.4383	 | 	Valid Accuracy     : 0.9453

Epoch : 4
Train Loss     : 0.1922	 | 	Train Accuracy     : 0.9392
Valid Loss     : 0.3884	 | 	Valid Accuracy     : 0.9580

Epoch : 5
Train Loss     : 0.1785	 | 	Train Accuracy     : 0.9406
Valid Loss     : 0.3259	 | 	Valid Accuracy     : 0.9487

Epoch : 6
Train Loss     : 0.1622	 | 	Train Accuracy     : 0.9490
Valid Loss     : 0.3287	 | 	Valid Accuracy     : 0.9575

Epoch : 7
Train Loss     : 0.1560	 | 	Train Accuracy     : 0.9485
Valid Loss     : 0.2914	 | 	Valid Accuracy     : 0.9546

Epoch : 8
Train Loss     : 0.1501	 | 	Train Accuracy     : 0.9519
Valid Loss     : 0.4051	 | 	Valid Accuracy     : 0.9531

Epoch : 9
Train Loss     : 0.1404	 | 	Train Accuracy     : 0.9543
Valid Loss     : 0.2783	 | 	Valid Accuracy     : 0.9517

Epoch : 10
Train Loss     : 0.1337	 | 	Train Accuracy     : 0.9565
Valid Loss     : 0.4328	 | 	Valid Accuracy     : 0.9453

Epoch : 11
Train Loss     : 0.1364	 | 	Train Accuracy     : 0.9533
Valid Loss     : 0.4108	 | 	Valid Accuracy     : 0.9380

Epoch : 12
Train Loss     : 0.1217	 | 	Train Accuracy     : 0.9597
Valid Loss     : 0.3500	 | 	Valid Accuracy     : 0.9629

Epoch : 13
Train Loss     : 0.1241	 | 	Train Accuracy     : 0.9591
Valid Loss     : 0.3496	 | 	Valid Accuracy     : 0.9551

Epoch : 14
Train Loss     : 0.1168	 | 	Train Accuracy     : 0.9625
Valid Loss     : 0.3954	 | 	Valid Accuracy     : 0.9531

Epoch : 15
Train Loss     : 0.1201	 | 	Train Accuracy     : 0.9567
Valid Loss     : 0.4126	 | 	Valid Accuracy     : 0.9580

Epoch : 16
Train Loss     : 0.1143	 | 	Train Accuracy     : 0.9625
Valid Loss     : 0.5012	 | 	Valid Accuracy     : 0.9424

Epoch : 17
Train Loss     : 0.1231	 | 	Train Accuracy     : 0.9574
Valid Loss     : 0.5113	 | 	Valid Accuracy     : 0.9399

Epoch : 18
Train Loss     : 0.1129	 | 	Train Accuracy     : 0.9648
Valid Loss     : 0.4127	 | 	Valid Accuracy     : 0.9512

Epoch : 19
Train Loss     : 0.1318	 | 	Train Accuracy     : 0.9509
Valid Loss     : 0.4203	 | 	Valid Accuracy     : 0.9614

Epoch : 20
Train Loss     : 0.1124	 | 	Train Accuracy     : 0.9609
Valid Loss     : 0.4083	 | 	Valid Accuracy     : 0.9438

Epoch : 21
Train Loss     : 0.1011	 | 	Train Accuracy     : 0.9664
Valid Loss     : 0.3127	 | 	Valid Accuracy     : 0.9575

Epoch : 22
Train Loss     : 0.0970	 | 	Train Accuracy     : 0.9667
Valid Loss     : 0.3679	 | 	Valid Accuracy     : 0.9570

Epoch : 23
Train Loss     : 0.0974	 | 	Train Accuracy     : 0.9669
Valid Loss     : 0.3659	 | 	Valid Accuracy     : 0.9556

Epoch : 24
Train Loss     : 0.0977	 | 	Train Accuracy     : 0.9684
Valid Loss     : 0.3692	 | 	Valid Accuracy     : 0.9580

Epoch : 25
Train Loss     : 0.0991	 | 	Train Accuracy     : 0.9684
Valid Loss     : 0.3787	 | 	Valid Accuracy     : 0.9590

Epoch : 26
Train Loss     : 0.0952	 | 	Train Accuracy     : 0.9727
Valid Loss     : 0.3805	 | 	Valid Accuracy     : 0.9561

Epoch : 27
Train Loss     : 0.0929	 | 	Train Accuracy     : 0.9718
Valid Loss     : 0.4318	 | 	Valid Accuracy     : 0.9570

Epoch : 28
Train Loss     : 0.0998	 | 	Train Accuracy     : 0.9698
Valid Loss     : 0.4030	 | 	Valid Accuracy     : 0.9492

Epoch : 29
Train Loss     : 0.0949	 | 	Train Accuracy     : 0.9704
Valid Loss     : 0.4556	 | 	Valid Accuracy     : 0.9482

Epoch : 30
Train Loss     : 0.0972	 | 	Train Accuracy     : 0.9713
Valid Loss     : 0.4410	 | 	Valid Accuracy     : 0.9551

Evaluate on the Test set:
Test loss      :1.7841	 | Test Accuracy      : 0.8062 | Test AUPRC      : 0.5691
tensor([0.7339, 0.7064, 0.9751, 0.9290, 0.8576, 0.8659, 0.8406, 0.6653, 0.7759,
        0.6981, 0.6672, 0.6324, 0.8190, 0.7542, 0.8220, 0.8600, 0.6956, 0.8215,
        0.6839, 0.7474, 0.6684, 0.6514, 0.9079, 0.9957, 0.8846, 0.6737, 0.6640,
        0.5940, 0.6194, 0.6544, 0.7956, 0.8857, 0.7939, 0.6448, 0.7083, 0.7092,
        0.7492, 0.6429, 0.8024, 0.8903, 0.7719, 0.8654, 0.6289, 0.6924, 0.8508,
        0.7763, 0.6503, 0.6429, 0.6912, 0.7461, 0.6363, 0.6155, 0.7182, 0.7579,
        0.6926, 0.6466, 0.6194, 0.9238, 0.9408, 0.6459, 0.8826, 0.6480],
       device='cuda:0', grad_fn=<SqueezeBackward1>)

################## Training is Done! #########################
Training time is : 0:00:50.699299
