=============================================
Dataset: SEED
Method:  TS-TCC
Mode:    train_linear
=============================================
Data loaded ...
Subjet 2
if scale True
Training started ....

Epoch : 1
Train Loss     : 1.9646	 | 	Train Accuracy     : 0.3778
Valid Loss     : 1.7888	 | 	Valid Accuracy     : 0.4058

Epoch : 2
Train Loss     : 1.1891	 | 	Train Accuracy     : 0.4955
Valid Loss     : 1.6180	 | 	Valid Accuracy     : 0.3525

Epoch : 3
Train Loss     : 0.8193	 | 	Train Accuracy     : 0.6094
Valid Loss     : 1.7047	 | 	Valid Accuracy     : 0.4194

Epoch : 4
Train Loss     : 0.7203	 | 	Train Accuracy     : 0.6713
Valid Loss     : 1.6137	 | 	Valid Accuracy     : 0.5161

Epoch : 5
Train Loss     : 0.6719	 | 	Train Accuracy     : 0.7081
Valid Loss     : 2.2425	 | 	Valid Accuracy     : 0.4355

Epoch : 6
Train Loss     : 0.6543	 | 	Train Accuracy     : 0.7215
Valid Loss     : 2.1926	 | 	Valid Accuracy     : 0.5498

Epoch : 7
Train Loss     : 0.5890	 | 	Train Accuracy     : 0.7506
Valid Loss     : 2.0609	 | 	Valid Accuracy     : 0.5332

Epoch : 8
Train Loss     : 0.5586	 | 	Train Accuracy     : 0.7690
Valid Loss     : 2.1219	 | 	Valid Accuracy     : 0.5439

Epoch : 9
Train Loss     : 0.5331	 | 	Train Accuracy     : 0.7874
Valid Loss     : 2.0104	 | 	Valid Accuracy     : 0.5156

Epoch : 10
Train Loss     : 0.5142	 | 	Train Accuracy     : 0.8019
Valid Loss     : 2.2699	 | 	Valid Accuracy     : 0.4907

Epoch : 11
Train Loss     : 0.4738	 | 	Train Accuracy     : 0.8170
Valid Loss     : 1.7415	 | 	Valid Accuracy     : 0.5249

Epoch : 12
Train Loss     : 0.4946	 | 	Train Accuracy     : 0.8030
Valid Loss     : 1.8853	 | 	Valid Accuracy     : 0.5117

Epoch : 13
Train Loss     : 0.4953	 | 	Train Accuracy     : 0.8209
Valid Loss     : 1.8200	 | 	Valid Accuracy     : 0.4912

Epoch : 14
Train Loss     : 0.4973	 | 	Train Accuracy     : 0.8064
Valid Loss     : 1.9873	 | 	Valid Accuracy     : 0.4971

Epoch : 15
Train Loss     : 0.5140	 | 	Train Accuracy     : 0.7852
Valid Loss     : 1.8056	 | 	Valid Accuracy     : 0.4819

Epoch : 16
Train Loss     : 0.5022	 | 	Train Accuracy     : 0.7952
Valid Loss     : 2.0370	 | 	Valid Accuracy     : 0.4893

Epoch : 17
Train Loss     : 0.4479	 | 	Train Accuracy     : 0.8343
Valid Loss     : 2.0727	 | 	Valid Accuracy     : 0.4976

Epoch : 18
Train Loss     : 0.4781	 | 	Train Accuracy     : 0.8198
Valid Loss     : 1.9587	 | 	Valid Accuracy     : 0.4985

Epoch : 19
Train Loss     : 0.4510	 | 	Train Accuracy     : 0.8359
Valid Loss     : 1.8648	 | 	Valid Accuracy     : 0.4956

Epoch : 20
Train Loss     : 0.4566	 | 	Train Accuracy     : 0.8331
Valid Loss     : 1.9443	 | 	Valid Accuracy     : 0.5005

Epoch : 21
Train Loss     : 0.4460	 | 	Train Accuracy     : 0.8331
Valid Loss     : 2.0113	 | 	Valid Accuracy     : 0.5020

Epoch : 22
Train Loss     : 0.4130	 | 	Train Accuracy     : 0.8527
Valid Loss     : 1.8359	 | 	Valid Accuracy     : 0.5122

Epoch : 23
Train Loss     : 0.4532	 | 	Train Accuracy     : 0.8331
Valid Loss     : 1.9113	 | 	Valid Accuracy     : 0.5073

Epoch : 24
Train Loss     : 0.4475	 | 	Train Accuracy     : 0.8365
Valid Loss     : 2.0429	 | 	Valid Accuracy     : 0.4976

Epoch : 25
Train Loss     : 0.4532	 | 	Train Accuracy     : 0.8248
Valid Loss     : 2.0665	 | 	Valid Accuracy     : 0.4941

Epoch : 26
Train Loss     : 0.4531	 | 	Train Accuracy     : 0.8348
Valid Loss     : 2.0650	 | 	Valid Accuracy     : 0.4819

Epoch : 27
Train Loss     : 0.4473	 | 	Train Accuracy     : 0.8337
Valid Loss     : 1.9889	 | 	Valid Accuracy     : 0.4819

Epoch : 28
Train Loss     : 0.4409	 | 	Train Accuracy     : 0.8343
Valid Loss     : 2.0070	 | 	Valid Accuracy     : 0.4932

Epoch : 29
Train Loss     : 0.4579	 | 	Train Accuracy     : 0.8214
Valid Loss     : 2.0556	 | 	Valid Accuracy     : 0.4966

Epoch : 30
Train Loss     : 0.4421	 | 	Train Accuracy     : 0.8443
Valid Loss     : 1.9847	 | 	Valid Accuracy     : 0.5039

Evaluate on the Test set:
Test loss      :1.3251	 | Test Accuracy      : 0.5043 | Test AUPRC      : 0.4355
tensor([0.9560, 0.9508, 1.0048, 0.9627, 0.9735, 0.9675, 0.9451, 0.9341, 0.9442,
        0.9250, 0.9369, 0.9348, 0.9473, 0.9468, 0.9698, 0.9328, 0.9348, 0.9290,
        0.9123, 0.9398, 0.9499, 0.9343, 0.9623, 1.0186, 0.9611, 0.9177, 0.9439,
        0.9269, 0.9702, 0.9288, 0.9572, 0.9355, 0.9647, 0.9353, 0.9286, 0.9608,
        0.9547, 0.9507, 0.9528, 0.9144, 0.9756, 0.9309, 0.9571, 0.9880, 0.9462,
        0.9473, 0.9275, 0.9267, 0.9308, 0.9402, 0.9260, 0.9397, 0.9272, 0.9359,
        0.9255, 0.8963, 0.9380, 0.9641, 0.9630, 0.9229, 0.9277, 0.9429],
       device='cuda:0', grad_fn=<SqueezeBackward1>)

################## Training is Done! #########################
Training time is : 0:00:26.750065
