=============================================
Dataset: SEED
Method:  TS-TCC
Mode:    train_linear
=============================================
Data loaded ...
Subjet 3
if scale True
Training started ....

Epoch : 1
Train Loss     : 1.1016	 | 	Train Accuracy     : 0.5024
Valid Loss     : 0.9713	 | 	Valid Accuracy     : 0.6543

Epoch : 2
Train Loss     : 0.7015	 | 	Train Accuracy     : 0.6887
Valid Loss     : 0.7920	 | 	Valid Accuracy     : 0.6782

Epoch : 3
Train Loss     : 0.6448	 | 	Train Accuracy     : 0.7172
Valid Loss     : 0.7616	 | 	Valid Accuracy     : 0.6846

Epoch : 4
Train Loss     : 0.6001	 | 	Train Accuracy     : 0.7502
Valid Loss     : 0.7587	 | 	Valid Accuracy     : 0.6841

Epoch : 5
Train Loss     : 0.5732	 | 	Train Accuracy     : 0.7609
Valid Loss     : 0.7561	 | 	Valid Accuracy     : 0.6870

Epoch : 6
Train Loss     : 0.5516	 | 	Train Accuracy     : 0.7767
Valid Loss     : 0.7676	 | 	Valid Accuracy     : 0.6880

Epoch : 7
Train Loss     : 0.5474	 | 	Train Accuracy     : 0.7829
Valid Loss     : 0.7821	 | 	Valid Accuracy     : 0.6709

Epoch : 8
Train Loss     : 0.5542	 | 	Train Accuracy     : 0.7767
Valid Loss     : 0.7590	 | 	Valid Accuracy     : 0.6807

Epoch : 9
Train Loss     : 0.5355	 | 	Train Accuracy     : 0.7840
Valid Loss     : 0.7511	 | 	Valid Accuracy     : 0.6655

Epoch : 10
Train Loss     : 0.5360	 | 	Train Accuracy     : 0.7797
Valid Loss     : 0.7793	 | 	Valid Accuracy     : 0.6362

Epoch : 11
Train Loss     : 0.5567	 | 	Train Accuracy     : 0.7692
Valid Loss     : 0.7855	 | 	Valid Accuracy     : 0.6875

Epoch : 12
Train Loss     : 0.5405	 | 	Train Accuracy     : 0.7784
Valid Loss     : 0.8162	 | 	Valid Accuracy     : 0.6450

Epoch : 13
Train Loss     : 0.5261	 | 	Train Accuracy     : 0.7852
Valid Loss     : 0.8059	 | 	Valid Accuracy     : 0.6821

Epoch : 14
Train Loss     : 0.5189	 | 	Train Accuracy     : 0.7889
Valid Loss     : 0.7908	 | 	Valid Accuracy     : 0.6802

Epoch : 15
Train Loss     : 0.5207	 | 	Train Accuracy     : 0.7862
Valid Loss     : 0.7842	 | 	Valid Accuracy     : 0.6528

Epoch : 16
Train Loss     : 0.5017	 | 	Train Accuracy     : 0.7981
Valid Loss     : 0.7922	 | 	Valid Accuracy     : 0.6880

Epoch : 17
Train Loss     : 0.5257	 | 	Train Accuracy     : 0.7908
Valid Loss     : 0.9037	 | 	Valid Accuracy     : 0.6440

Epoch : 18
Train Loss     : 0.5050	 | 	Train Accuracy     : 0.8042
Valid Loss     : 0.7846	 | 	Valid Accuracy     : 0.6729

Epoch : 19
Train Loss     : 0.5132	 | 	Train Accuracy     : 0.7911
Valid Loss     : 0.8038	 | 	Valid Accuracy     : 0.6553

Epoch : 20
Train Loss     : 0.5063	 | 	Train Accuracy     : 0.7884
Valid Loss     : 0.8262	 | 	Valid Accuracy     : 0.6455

Epoch : 21
Train Loss     : 0.5021	 | 	Train Accuracy     : 0.7964
Valid Loss     : 0.8013	 | 	Valid Accuracy     : 0.6733

Epoch : 22
Train Loss     : 0.4801	 | 	Train Accuracy     : 0.8096
Valid Loss     : 0.8113	 | 	Valid Accuracy     : 0.6763

Epoch : 23
Train Loss     : 0.4769	 | 	Train Accuracy     : 0.8059
Valid Loss     : 0.8394	 | 	Valid Accuracy     : 0.6763

Epoch : 24
Train Loss     : 0.4684	 | 	Train Accuracy     : 0.8132
Valid Loss     : 0.8149	 | 	Valid Accuracy     : 0.6772

Epoch : 25
Train Loss     : 0.4772	 | 	Train Accuracy     : 0.8147
Valid Loss     : 0.7877	 | 	Valid Accuracy     : 0.6729

Epoch : 26
Train Loss     : 0.4752	 | 	Train Accuracy     : 0.8094
Valid Loss     : 0.7925	 | 	Valid Accuracy     : 0.6685

Epoch : 27
Train Loss     : 0.4748	 | 	Train Accuracy     : 0.8137
Valid Loss     : 0.8158	 | 	Valid Accuracy     : 0.6689

Epoch : 28
Train Loss     : 0.4822	 | 	Train Accuracy     : 0.8071
Valid Loss     : 0.8432	 | 	Valid Accuracy     : 0.6748

Epoch : 29
Train Loss     : 0.4716	 | 	Train Accuracy     : 0.8154
Valid Loss     : 0.8245	 | 	Valid Accuracy     : 0.6753

Epoch : 30
Train Loss     : 0.4717	 | 	Train Accuracy     : 0.8103
Valid Loss     : 0.7973	 | 	Valid Accuracy     : 0.6748

Evaluate on the Test set:
Test loss      :0.7488	 | Test Accuracy      : 0.6934 | Test AUPRC      : 0.5449
tensor([0.7821, 0.7823, 0.9522, 0.9312, 0.7575, 0.9331, 0.9024, 0.7508, 0.8123,
        0.6699, 0.8185, 0.8077, 0.8894, 0.8858, 0.8181, 0.8193, 0.7116, 0.8123,
        0.6115, 0.8844, 0.8665, 0.7484, 0.8606, 0.9894, 0.9597, 0.8217, 0.8968,
        0.6781, 0.7164, 0.7342, 0.8028, 0.8791, 0.8860, 0.6492, 0.6764, 0.7642,
        0.8241, 0.7665, 0.8044, 0.7191, 0.9499, 0.7330, 0.6744, 0.8844, 0.7417,
        0.9144, 0.7669, 0.6380, 0.6185, 0.7019, 0.7685, 0.7683, 0.7413, 0.6494,
        0.6614, 0.6866, 0.6722, 0.8554, 0.9188, 0.8554, 0.8336, 0.8806],
       device='cuda:0', grad_fn=<SqueezeBackward1>)

################## Training is Done! #########################
Training time is : 0:00:49.744742
