=============================================
Dataset: SEED
Method:  TS-TCC
Mode:    train_linear
=============================================
Data loaded ...
Subjet 6
if scale True
Training started ....

Epoch : 1
Train Loss     : 1.6977	 | 	Train Accuracy     : 0.4671
Valid Loss     : 1.3384	 | 	Valid Accuracy     : 0.3828

Epoch : 2
Train Loss     : 0.8963	 | 	Train Accuracy     : 0.6339
Valid Loss     : 0.9006	 | 	Valid Accuracy     : 0.5430

Epoch : 3
Train Loss     : 0.6849	 | 	Train Accuracy     : 0.6652
Valid Loss     : 0.8921	 | 	Valid Accuracy     : 0.6235

Epoch : 4
Train Loss     : 0.5821	 | 	Train Accuracy     : 0.7238
Valid Loss     : 0.7399	 | 	Valid Accuracy     : 0.6597

Epoch : 5
Train Loss     : 0.5070	 | 	Train Accuracy     : 0.7768
Valid Loss     : 0.8040	 | 	Valid Accuracy     : 0.6768

Epoch : 6
Train Loss     : 0.4829	 | 	Train Accuracy     : 0.7796
Valid Loss     : 1.1623	 | 	Valid Accuracy     : 0.6792

Epoch : 7
Train Loss     : 0.4526	 | 	Train Accuracy     : 0.7991
Valid Loss     : 0.9789	 | 	Valid Accuracy     : 0.6870

Epoch : 8
Train Loss     : 0.4298	 | 	Train Accuracy     : 0.8220
Valid Loss     : 0.9769	 | 	Valid Accuracy     : 0.7109

Epoch : 9
Train Loss     : 0.4204	 | 	Train Accuracy     : 0.8265
Valid Loss     : 1.1923	 | 	Valid Accuracy     : 0.6953

Epoch : 10
Train Loss     : 0.3934	 | 	Train Accuracy     : 0.8410
Valid Loss     : 1.1925	 | 	Valid Accuracy     : 0.6997

Epoch : 11
Train Loss     : 0.3923	 | 	Train Accuracy     : 0.8393
Valid Loss     : 0.9844	 | 	Valid Accuracy     : 0.7212

Epoch : 12
Train Loss     : 0.4014	 | 	Train Accuracy     : 0.8393
Valid Loss     : 1.1548	 | 	Valid Accuracy     : 0.7144

Epoch : 13
Train Loss     : 0.3577	 | 	Train Accuracy     : 0.8661
Valid Loss     : 1.2868	 | 	Valid Accuracy     : 0.7046

Epoch : 14
Train Loss     : 0.3371	 | 	Train Accuracy     : 0.8750
Valid Loss     : 1.2500	 | 	Valid Accuracy     : 0.7080

Epoch : 15
Train Loss     : 0.3471	 | 	Train Accuracy     : 0.8605
Valid Loss     : 1.1622	 | 	Valid Accuracy     : 0.7188

Epoch : 16
Train Loss     : 0.3323	 | 	Train Accuracy     : 0.8722
Valid Loss     : 1.2477	 | 	Valid Accuracy     : 0.7148

Epoch : 17
Train Loss     : 0.3255	 | 	Train Accuracy     : 0.8923
Valid Loss     : 1.3192	 | 	Valid Accuracy     : 0.7070

Epoch : 18
Train Loss     : 0.3238	 | 	Train Accuracy     : 0.8890
Valid Loss     : 1.2862	 | 	Valid Accuracy     : 0.7109

Epoch : 19
Train Loss     : 0.3164	 | 	Train Accuracy     : 0.8884
Valid Loss     : 1.2600	 | 	Valid Accuracy     : 0.7153

Epoch : 20
Train Loss     : 0.3264	 | 	Train Accuracy     : 0.8800
Valid Loss     : 1.2789	 | 	Valid Accuracy     : 0.7100

Epoch : 21
Train Loss     : 0.3279	 | 	Train Accuracy     : 0.8750
Valid Loss     : 1.3129	 | 	Valid Accuracy     : 0.7119

Epoch : 22
Train Loss     : 0.3062	 | 	Train Accuracy     : 0.8912
Valid Loss     : 1.3338	 | 	Valid Accuracy     : 0.7100

Epoch : 23
Train Loss     : 0.3201	 | 	Train Accuracy     : 0.8783
Valid Loss     : 1.2801	 | 	Valid Accuracy     : 0.7144

Epoch : 24
Train Loss     : 0.3045	 | 	Train Accuracy     : 0.8912
Valid Loss     : 1.3992	 | 	Valid Accuracy     : 0.7075

Epoch : 25
Train Loss     : 0.3173	 | 	Train Accuracy     : 0.8878
Valid Loss     : 1.3711	 | 	Valid Accuracy     : 0.7095

Epoch : 26
Train Loss     : 0.3064	 | 	Train Accuracy     : 0.8862
Valid Loss     : 1.3213	 | 	Valid Accuracy     : 0.7129

Epoch : 27
Train Loss     : 0.3084	 | 	Train Accuracy     : 0.8901
Valid Loss     : 1.3367	 | 	Valid Accuracy     : 0.7090

Epoch : 28
Train Loss     : 0.3147	 | 	Train Accuracy     : 0.8878
Valid Loss     : 1.3092	 | 	Valid Accuracy     : 0.7134

Epoch : 29
Train Loss     : 0.3196	 | 	Train Accuracy     : 0.8811
Valid Loss     : 1.3099	 | 	Valid Accuracy     : 0.7178

Epoch : 30
Train Loss     : 0.3144	 | 	Train Accuracy     : 0.8845
Valid Loss     : 1.3225	 | 	Valid Accuracy     : 0.7134

Evaluate on the Test set:
Test loss      :2.1330	 | Test Accuracy      : 0.6224 | Test AUPRC      : 0.5017
tensor([0.9632, 0.9750, 0.9672, 0.9551, 0.9548, 0.9860, 0.9537, 0.9454, 0.9368,
        0.9203, 0.9396, 0.9429, 0.9491, 0.9580, 0.9512, 0.9283, 0.9279, 0.9422,
        0.9148, 0.9421, 0.9417, 0.9247, 0.9792, 1.0245, 0.9460, 0.9154, 0.9530,
        0.9113, 0.9469, 0.9344, 0.9338, 1.0693, 0.9420, 0.9446, 0.9203, 0.9503,
        0.9716, 0.9449, 0.9594, 0.9053, 0.9637, 0.9635, 0.9361, 0.9401, 0.9777,
        0.9393, 0.9442, 0.9407, 0.9228, 0.9211, 0.9275, 0.9335, 0.9320, 0.9385,
        0.9262, 0.8959, 0.9313, 0.9442, 0.9543, 0.9340, 0.9336, 0.9243],
       device='cuda:0', grad_fn=<SqueezeBackward1>)

################## Training is Done! #########################
Training time is : 0:00:28.377960
