=============================================
Dataset: SEED
Method:  TS-TCC
Mode:    train_linear
=============================================
Data loaded ...
Subjet 11
if scale True
Training started ....

Epoch : 1
Train Loss     : 1.8316	 | 	Train Accuracy     : 0.4252
Valid Loss     : 1.3026	 | 	Valid Accuracy     : 0.3115

Epoch : 2
Train Loss     : 0.9202	 | 	Train Accuracy     : 0.5921
Valid Loss     : 3.2230	 | 	Valid Accuracy     : 0.3472

Epoch : 3
Train Loss     : 0.6483	 | 	Train Accuracy     : 0.7109
Valid Loss     : 2.7260	 | 	Valid Accuracy     : 0.3652

Epoch : 4
Train Loss     : 0.5097	 | 	Train Accuracy     : 0.7762
Valid Loss     : 2.4827	 | 	Valid Accuracy     : 0.3931

Epoch : 5
Train Loss     : 0.4504	 | 	Train Accuracy     : 0.8131
Valid Loss     : 1.0577	 | 	Valid Accuracy     : 0.5703

Epoch : 6
Train Loss     : 0.4244	 | 	Train Accuracy     : 0.8237
Valid Loss     : 1.2308	 | 	Valid Accuracy     : 0.5767

Epoch : 7
Train Loss     : 0.3846	 | 	Train Accuracy     : 0.8443
Valid Loss     : 0.7421	 | 	Valid Accuracy     : 0.6562

Epoch : 8
Train Loss     : 0.3490	 | 	Train Accuracy     : 0.8700
Valid Loss     : 0.6452	 | 	Valid Accuracy     : 0.6953

Epoch : 9
Train Loss     : 0.3257	 | 	Train Accuracy     : 0.8867
Valid Loss     : 0.7048	 | 	Valid Accuracy     : 0.6704

Epoch : 10
Train Loss     : 0.3035	 | 	Train Accuracy     : 0.8929
Valid Loss     : 0.6556	 | 	Valid Accuracy     : 0.6978

Epoch : 11
Train Loss     : 0.3012	 | 	Train Accuracy     : 0.8917
Valid Loss     : 0.6109	 | 	Valid Accuracy     : 0.7188

Epoch : 12
Train Loss     : 0.3144	 | 	Train Accuracy     : 0.8778
Valid Loss     : 0.5856	 | 	Valid Accuracy     : 0.7349

Epoch : 13
Train Loss     : 0.3075	 | 	Train Accuracy     : 0.8895
Valid Loss     : 0.6108	 | 	Valid Accuracy     : 0.7251

Epoch : 14
Train Loss     : 0.2896	 | 	Train Accuracy     : 0.9074
Valid Loss     : 0.6456	 | 	Valid Accuracy     : 0.7114

Epoch : 15
Train Loss     : 0.2621	 | 	Train Accuracy     : 0.9141
Valid Loss     : 0.6090	 | 	Valid Accuracy     : 0.7271

Epoch : 16
Train Loss     : 0.2543	 | 	Train Accuracy     : 0.9118
Valid Loss     : 0.6279	 | 	Valid Accuracy     : 0.7217

Epoch : 17
Train Loss     : 0.2467	 | 	Train Accuracy     : 0.9113
Valid Loss     : 0.6341	 | 	Valid Accuracy     : 0.7183

Epoch : 18
Train Loss     : 0.2776	 | 	Train Accuracy     : 0.8951
Valid Loss     : 0.6812	 | 	Valid Accuracy     : 0.7036

Epoch : 19
Train Loss     : 0.2600	 | 	Train Accuracy     : 0.9090
Valid Loss     : 0.5944	 | 	Valid Accuracy     : 0.7358

Epoch : 20
Train Loss     : 0.2364	 | 	Train Accuracy     : 0.9213
Valid Loss     : 0.6890	 | 	Valid Accuracy     : 0.7051

Epoch : 21
Train Loss     : 0.2310	 | 	Train Accuracy     : 0.9235
Valid Loss     : 0.6313	 | 	Valid Accuracy     : 0.7314

Epoch : 22
Train Loss     : 0.2159	 | 	Train Accuracy     : 0.9297
Valid Loss     : 0.6386	 | 	Valid Accuracy     : 0.7231

Epoch : 23
Train Loss     : 0.2234	 | 	Train Accuracy     : 0.9174
Valid Loss     : 0.6583	 | 	Valid Accuracy     : 0.7183

Epoch : 24
Train Loss     : 0.2153	 | 	Train Accuracy     : 0.9330
Valid Loss     : 0.6384	 | 	Valid Accuracy     : 0.7285

Epoch : 25
Train Loss     : 0.2033	 | 	Train Accuracy     : 0.9364
Valid Loss     : 0.6587	 | 	Valid Accuracy     : 0.7212

Epoch : 26
Train Loss     : 0.2066	 | 	Train Accuracy     : 0.9353
Valid Loss     : 0.6560	 | 	Valid Accuracy     : 0.7197

Epoch : 27
Train Loss     : 0.2126	 | 	Train Accuracy     : 0.9269
Valid Loss     : 0.6649	 | 	Valid Accuracy     : 0.7173

Epoch : 28
Train Loss     : 0.2079	 | 	Train Accuracy     : 0.9308
Valid Loss     : 0.6529	 | 	Valid Accuracy     : 0.7231

Epoch : 29
Train Loss     : 0.2182	 | 	Train Accuracy     : 0.9247
Valid Loss     : 0.6612	 | 	Valid Accuracy     : 0.7222

Epoch : 30
Train Loss     : 0.1988	 | 	Train Accuracy     : 0.9353
Valid Loss     : 0.6660	 | 	Valid Accuracy     : 0.7153

Evaluate on the Test set:
Test loss      :0.9653	 | Test Accuracy      : 0.6805 | Test AUPRC      : 0.5305
tensor([0.9318, 0.9268, 0.9393, 0.9422, 0.9469, 0.9479, 0.9832, 0.8981, 0.9398,
        0.8935, 0.8984, 0.9151, 0.9948, 0.9073, 0.9176, 0.8981, 0.8866, 0.8952,
        0.8690, 0.9537, 0.9196, 0.9136, 1.0306, 0.9629, 0.9497, 0.9177, 0.9360,
        0.9086, 0.9095, 0.8968, 0.9181, 0.9350, 0.9837, 0.9124, 0.8889, 0.9231,
        0.9241, 0.9358, 0.9188, 0.8697, 0.9857, 0.9167, 0.8993, 0.9235, 0.9240,
        0.9013, 0.8984, 0.9156, 0.9122, 0.9012, 0.9010, 0.9104, 0.9084, 0.9188,
        0.9028, 0.8457, 0.8786, 0.9566, 0.9416, 0.9358, 0.9408, 0.9085],
       device='cuda:0', grad_fn=<SqueezeBackward1>)

################## Training is Done! #########################
Training time is : 0:00:24.534491
