=============================================
Dataset: SEED
Method:  TS-TCC
Mode:    train_linear
=============================================
Data loaded ...
Subjet 5
if scale True
Training started ....

Epoch : 1
Train Loss     : 1.2912	 | 	Train Accuracy     : 0.4638
Valid Loss     : 1.0904	 | 	Valid Accuracy     : 0.4688

Epoch : 2
Train Loss     : 0.8298	 | 	Train Accuracy     : 0.6424
Valid Loss     : 1.5011	 | 	Valid Accuracy     : 0.4868

Epoch : 3
Train Loss     : 0.6301	 | 	Train Accuracy     : 0.7552
Valid Loss     : 1.3734	 | 	Valid Accuracy     : 0.5122

Epoch : 4
Train Loss     : 0.5750	 | 	Train Accuracy     : 0.7727
Valid Loss     : 1.3024	 | 	Valid Accuracy     : 0.5425

Epoch : 5
Train Loss     : 0.5343	 | 	Train Accuracy     : 0.7958
Valid Loss     : 1.1519	 | 	Valid Accuracy     : 0.5713

Epoch : 6
Train Loss     : 0.5513	 | 	Train Accuracy     : 0.7773
Valid Loss     : 1.2435	 | 	Valid Accuracy     : 0.5439

Epoch : 7
Train Loss     : 0.5477	 | 	Train Accuracy     : 0.7833
Valid Loss     : 1.6379	 | 	Valid Accuracy     : 0.4834

Epoch : 8
Train Loss     : 0.5155	 | 	Train Accuracy     : 0.8065
Valid Loss     : 1.2564	 | 	Valid Accuracy     : 0.5503

Epoch : 9
Train Loss     : 0.4892	 | 	Train Accuracy     : 0.8125
Valid Loss     : 1.3640	 | 	Valid Accuracy     : 0.5405

Epoch : 10
Train Loss     : 0.4821	 | 	Train Accuracy     : 0.8008
Valid Loss     : 1.6883	 | 	Valid Accuracy     : 0.5176

Epoch : 11
Train Loss     : 0.5027	 | 	Train Accuracy     : 0.7984
Valid Loss     : 1.4024	 | 	Valid Accuracy     : 0.5322

Epoch : 12
Train Loss     : 0.4647	 | 	Train Accuracy     : 0.8154
Valid Loss     : 1.4218	 | 	Valid Accuracy     : 0.5254

Epoch : 13
Train Loss     : 0.4247	 | 	Train Accuracy     : 0.8385
Valid Loss     : 1.6023	 | 	Valid Accuracy     : 0.5312

Epoch : 14
Train Loss     : 0.4231	 | 	Train Accuracy     : 0.8505
Valid Loss     : 1.5192	 | 	Valid Accuracy     : 0.5278

Epoch : 15
Train Loss     : 0.4227	 | 	Train Accuracy     : 0.8445
Valid Loss     : 1.4793	 | 	Valid Accuracy     : 0.5249

Epoch : 16
Train Loss     : 0.4180	 | 	Train Accuracy     : 0.8484
Valid Loss     : 1.5014	 | 	Valid Accuracy     : 0.5244

Epoch : 17
Train Loss     : 0.4223	 | 	Train Accuracy     : 0.8432
Valid Loss     : 1.4844	 | 	Valid Accuracy     : 0.5293

Epoch : 18
Train Loss     : 0.4153	 | 	Train Accuracy     : 0.8487
Valid Loss     : 1.4958	 | 	Valid Accuracy     : 0.5273

Epoch : 19
Train Loss     : 0.4078	 | 	Train Accuracy     : 0.8549
Valid Loss     : 1.5511	 | 	Valid Accuracy     : 0.5254

Epoch : 20
Train Loss     : 0.4109	 | 	Train Accuracy     : 0.8510
Valid Loss     : 1.4956	 | 	Valid Accuracy     : 0.5278

Epoch : 21
Train Loss     : 0.4136	 | 	Train Accuracy     : 0.8474
Valid Loss     : 1.5715	 | 	Valid Accuracy     : 0.5273

Epoch : 22
Train Loss     : 0.4026	 | 	Train Accuracy     : 0.8578
Valid Loss     : 1.4235	 | 	Valid Accuracy     : 0.5288

Epoch : 23
Train Loss     : 0.4113	 | 	Train Accuracy     : 0.8466
Valid Loss     : 1.4891	 | 	Valid Accuracy     : 0.5239

Epoch : 24
Train Loss     : 0.4105	 | 	Train Accuracy     : 0.8505
Valid Loss     : 1.4806	 | 	Valid Accuracy     : 0.5259

Epoch : 25
Train Loss     : 0.4162	 | 	Train Accuracy     : 0.8466
Valid Loss     : 1.4764	 | 	Valid Accuracy     : 0.5254

Epoch : 26
Train Loss     : 0.4099	 | 	Train Accuracy     : 0.8523
Valid Loss     : 1.4723	 | 	Valid Accuracy     : 0.5244

Epoch : 27
Train Loss     : 0.4134	 | 	Train Accuracy     : 0.8487
Valid Loss     : 1.5278	 | 	Valid Accuracy     : 0.5225

Epoch : 28
Train Loss     : 0.4052	 | 	Train Accuracy     : 0.8549
Valid Loss     : 1.5270	 | 	Valid Accuracy     : 0.5254

Epoch : 29
Train Loss     : 0.4009	 | 	Train Accuracy     : 0.8542
Valid Loss     : 1.5075	 | 	Valid Accuracy     : 0.5186

Epoch : 30
Train Loss     : 0.4108	 | 	Train Accuracy     : 0.8536
Valid Loss     : 1.4771	 | 	Valid Accuracy     : 0.5288

Evaluate on the Test set:
Test loss      :1.4015	 | Test Accuracy      : 0.5611 | Test AUPRC      : 0.5180
tensor([0.9069, 0.9022, 0.9703, 0.8816, 0.9401, 0.9456, 0.9369, 0.8772, 0.8905,
        0.8746, 0.9398, 0.8980, 0.9532, 0.9562, 0.9445, 0.8835, 0.8882, 0.8895,
        0.8827, 0.9273, 0.9734, 0.9116, 0.9156, 1.0275, 0.9605, 0.9686, 0.9453,
        0.9093, 0.9142, 0.8550, 0.9483, 0.9903, 0.9932, 0.9617, 0.8330, 0.9339,
        0.9089, 0.8533, 0.9276, 0.9460, 0.9446, 0.9889, 0.8810, 0.9490, 0.9411,
        0.8997, 0.9016, 0.8881, 0.8696, 0.9581, 0.8613, 0.9013, 0.8766, 0.9184,
        0.8545, 0.8475, 0.8789, 0.9697, 0.9315, 0.8690, 0.9216, 0.9127],
       device='cuda:0', grad_fn=<SqueezeBackward1>)

################## Training is Done! #########################
Training time is : 0:00:41.543170
