=============================================
Dataset: SEED
Method:  TS-TCC
Mode:    train_linear
=============================================
Data loaded ...
Subjet 9
if scale True
Training started ....

Epoch : 1
Train Loss     : 1.5671	 | 	Train Accuracy     : 0.5011
Valid Loss     : 1.7265	 | 	Valid Accuracy     : 0.3081

Epoch : 2
Train Loss     : 0.7780	 | 	Train Accuracy     : 0.6490
Valid Loss     : 2.5115	 | 	Valid Accuracy     : 0.3394

Epoch : 3
Train Loss     : 0.6179	 | 	Train Accuracy     : 0.6931
Valid Loss     : 1.7097	 | 	Valid Accuracy     : 0.4199

Epoch : 4
Train Loss     : 0.4770	 | 	Train Accuracy     : 0.7902
Valid Loss     : 1.5765	 | 	Valid Accuracy     : 0.4243

Epoch : 5
Train Loss     : 0.4268	 | 	Train Accuracy     : 0.7997
Valid Loss     : 1.0088	 | 	Valid Accuracy     : 0.5410

Epoch : 6
Train Loss     : 0.3702	 | 	Train Accuracy     : 0.8348
Valid Loss     : 0.9371	 | 	Valid Accuracy     : 0.5884

Epoch : 7
Train Loss     : 0.3532	 | 	Train Accuracy     : 0.8510
Valid Loss     : 0.8448	 | 	Valid Accuracy     : 0.6157

Epoch : 8
Train Loss     : 0.3235	 | 	Train Accuracy     : 0.8650
Valid Loss     : 0.8034	 | 	Valid Accuracy     : 0.6289

Epoch : 9
Train Loss     : 0.3095	 | 	Train Accuracy     : 0.8711
Valid Loss     : 0.8320	 | 	Valid Accuracy     : 0.6230

Epoch : 10
Train Loss     : 0.2990	 | 	Train Accuracy     : 0.8845
Valid Loss     : 0.8068	 | 	Valid Accuracy     : 0.6309

Epoch : 11
Train Loss     : 0.2905	 | 	Train Accuracy     : 0.8979
Valid Loss     : 0.8181	 | 	Valid Accuracy     : 0.6177

Epoch : 12
Train Loss     : 0.2912	 | 	Train Accuracy     : 0.8828
Valid Loss     : 0.8316	 | 	Valid Accuracy     : 0.6021

Epoch : 13
Train Loss     : 0.2899	 | 	Train Accuracy     : 0.8834
Valid Loss     : 0.8791	 | 	Valid Accuracy     : 0.5767

Epoch : 14
Train Loss     : 0.2899	 | 	Train Accuracy     : 0.8772
Valid Loss     : 0.8874	 | 	Valid Accuracy     : 0.5752

Epoch : 15
Train Loss     : 0.2750	 | 	Train Accuracy     : 0.8940
Valid Loss     : 0.8839	 | 	Valid Accuracy     : 0.5894

Epoch : 16
Train Loss     : 0.2554	 | 	Train Accuracy     : 0.9102
Valid Loss     : 0.8319	 | 	Valid Accuracy     : 0.6094

Epoch : 17
Train Loss     : 0.2624	 | 	Train Accuracy     : 0.8940
Valid Loss     : 0.9066	 | 	Valid Accuracy     : 0.5723

Epoch : 18
Train Loss     : 0.2525	 | 	Train Accuracy     : 0.9113
Valid Loss     : 0.8473	 | 	Valid Accuracy     : 0.5889

Epoch : 19
Train Loss     : 0.2388	 | 	Train Accuracy     : 0.9090
Valid Loss     : 0.9147	 | 	Valid Accuracy     : 0.5679

Epoch : 20
Train Loss     : 0.2422	 | 	Train Accuracy     : 0.9018
Valid Loss     : 0.8776	 | 	Valid Accuracy     : 0.5898

Epoch : 21
Train Loss     : 0.2290	 | 	Train Accuracy     : 0.9174
Valid Loss     : 0.8652	 | 	Valid Accuracy     : 0.5952

Epoch : 22
Train Loss     : 0.2218	 | 	Train Accuracy     : 0.9191
Valid Loss     : 0.8615	 | 	Valid Accuracy     : 0.5923

Epoch : 23
Train Loss     : 0.2325	 | 	Train Accuracy     : 0.9180
Valid Loss     : 0.8665	 | 	Valid Accuracy     : 0.5903

Epoch : 24
Train Loss     : 0.2279	 | 	Train Accuracy     : 0.9191
Valid Loss     : 0.8605	 | 	Valid Accuracy     : 0.5942

Epoch : 25
Train Loss     : 0.2331	 | 	Train Accuracy     : 0.9185
Valid Loss     : 0.8676	 | 	Valid Accuracy     : 0.5918

Epoch : 26
Train Loss     : 0.2351	 | 	Train Accuracy     : 0.9213
Valid Loss     : 0.8669	 | 	Valid Accuracy     : 0.5879

Epoch : 27
Train Loss     : 0.2314	 | 	Train Accuracy     : 0.9118
Valid Loss     : 0.8657	 | 	Valid Accuracy     : 0.5913

Epoch : 28
Train Loss     : 0.2276	 | 	Train Accuracy     : 0.9141
Valid Loss     : 0.8653	 | 	Valid Accuracy     : 0.5908

Epoch : 29
Train Loss     : 0.2305	 | 	Train Accuracy     : 0.9174
Valid Loss     : 0.8722	 | 	Valid Accuracy     : 0.5894

Epoch : 30
Train Loss     : 0.2192	 | 	Train Accuracy     : 0.9241
Valid Loss     : 0.8643	 | 	Valid Accuracy     : 0.5908

Evaluate on the Test set:
Test loss      :1.1458	 | Test Accuracy      : 0.5704 | Test AUPRC      : 0.5294
tensor([0.9417, 0.9560, 0.9646, 0.9163, 0.9359, 0.9468, 0.9677, 0.9051, 0.9359,
        0.9035, 0.9520, 0.9208, 0.9259, 0.9254, 0.9225, 0.9042, 0.9155, 0.9182,
        0.8928, 0.9143, 0.9441, 0.9083, 1.0220, 1.0568, 0.9494, 0.9157, 0.9487,
        0.9020, 0.9114, 0.9030, 0.9015, 0.9903, 0.9294, 0.9164, 0.8913, 0.9318,
        0.9412, 0.9622, 0.9382, 0.9134, 0.9663, 0.9283, 0.9318, 0.9436, 0.9330,
        0.9094, 0.9402, 0.9129, 0.9024, 0.9100, 0.9147, 0.9098, 0.9024, 0.8956,
        0.8954, 0.8664, 0.9204, 0.9354, 0.9359, 0.9274, 0.8951, 0.9164],
       device='cuda:0', grad_fn=<SqueezeBackward1>)

################## Training is Done! #########################
Training time is : 0:00:24.217901
