=============================================
Dataset: SEED
Method:  TS-TCC
Mode:    train_linear
=============================================
Data loaded ...
Subjet 3
if scale True
Training started ....

Epoch : 1
Train Loss     : 1.2253	 | 	Train Accuracy     : 0.5023
Valid Loss     : 1.0803	 | 	Valid Accuracy     : 0.6216

Epoch : 2
Train Loss     : 0.7745	 | 	Train Accuracy     : 0.6602
Valid Loss     : 1.4095	 | 	Valid Accuracy     : 0.6636

Epoch : 3
Train Loss     : 0.5970	 | 	Train Accuracy     : 0.7589
Valid Loss     : 1.2347	 | 	Valid Accuracy     : 0.6753

Epoch : 4
Train Loss     : 0.5554	 | 	Train Accuracy     : 0.7815
Valid Loss     : 1.0479	 | 	Valid Accuracy     : 0.6323

Epoch : 5
Train Loss     : 0.5235	 | 	Train Accuracy     : 0.7992
Valid Loss     : 1.0452	 | 	Valid Accuracy     : 0.6641

Epoch : 6
Train Loss     : 0.4912	 | 	Train Accuracy     : 0.8117
Valid Loss     : 1.1674	 | 	Valid Accuracy     : 0.6455

Epoch : 7
Train Loss     : 0.4976	 | 	Train Accuracy     : 0.8109
Valid Loss     : 1.1739	 | 	Valid Accuracy     : 0.5576

Epoch : 8
Train Loss     : 0.4666	 | 	Train Accuracy     : 0.8138
Valid Loss     : 1.1423	 | 	Valid Accuracy     : 0.6162

Epoch : 9
Train Loss     : 0.4488	 | 	Train Accuracy     : 0.8276
Valid Loss     : 1.2012	 | 	Valid Accuracy     : 0.6055

Epoch : 10
Train Loss     : 0.4531	 | 	Train Accuracy     : 0.8260
Valid Loss     : 1.5120	 | 	Valid Accuracy     : 0.5601

Epoch : 11
Train Loss     : 0.4476	 | 	Train Accuracy     : 0.8237
Valid Loss     : 1.3716	 | 	Valid Accuracy     : 0.5190

Epoch : 12
Train Loss     : 0.4528	 | 	Train Accuracy     : 0.8242
Valid Loss     : 1.3660	 | 	Valid Accuracy     : 0.5576

Epoch : 13
Train Loss     : 0.4244	 | 	Train Accuracy     : 0.8417
Valid Loss     : 1.4493	 | 	Valid Accuracy     : 0.5596

Epoch : 14
Train Loss     : 0.4183	 | 	Train Accuracy     : 0.8445
Valid Loss     : 1.5006	 | 	Valid Accuracy     : 0.5459

Epoch : 15
Train Loss     : 0.4144	 | 	Train Accuracy     : 0.8414
Valid Loss     : 1.3318	 | 	Valid Accuracy     : 0.5215

Epoch : 16
Train Loss     : 0.4513	 | 	Train Accuracy     : 0.8190
Valid Loss     : 1.4330	 | 	Valid Accuracy     : 0.5063

Epoch : 17
Train Loss     : 0.3913	 | 	Train Accuracy     : 0.8547
Valid Loss     : 1.6088	 | 	Valid Accuracy     : 0.5415

Epoch : 18
Train Loss     : 0.3938	 | 	Train Accuracy     : 0.8497
Valid Loss     : 1.5117	 | 	Valid Accuracy     : 0.5254

Epoch : 19
Train Loss     : 0.3850	 | 	Train Accuracy     : 0.8591
Valid Loss     : 1.5331	 | 	Valid Accuracy     : 0.5386

Epoch : 20
Train Loss     : 0.3846	 | 	Train Accuracy     : 0.8547
Valid Loss     : 1.5233	 | 	Valid Accuracy     : 0.5381

Epoch : 21
Train Loss     : 0.3802	 | 	Train Accuracy     : 0.8549
Valid Loss     : 1.5822	 | 	Valid Accuracy     : 0.5400

Epoch : 22
Train Loss     : 0.3816	 | 	Train Accuracy     : 0.8547
Valid Loss     : 1.5463	 | 	Valid Accuracy     : 0.5356

Epoch : 23
Train Loss     : 0.3881	 | 	Train Accuracy     : 0.8602
Valid Loss     : 1.5482	 | 	Valid Accuracy     : 0.5337

Epoch : 24
Train Loss     : 0.3742	 | 	Train Accuracy     : 0.8612
Valid Loss     : 1.5276	 | 	Valid Accuracy     : 0.5366

Epoch : 25
Train Loss     : 0.3830	 | 	Train Accuracy     : 0.8607
Valid Loss     : 1.5667	 | 	Valid Accuracy     : 0.5459

Epoch : 26
Train Loss     : 0.3825	 | 	Train Accuracy     : 0.8586
Valid Loss     : 1.5267	 | 	Valid Accuracy     : 0.5317

Epoch : 27
Train Loss     : 0.3782	 | 	Train Accuracy     : 0.8562
Valid Loss     : 1.5495	 | 	Valid Accuracy     : 0.5386

Epoch : 28
Train Loss     : 0.3779	 | 	Train Accuracy     : 0.8682
Valid Loss     : 1.5277	 | 	Valid Accuracy     : 0.5425

Epoch : 29
Train Loss     : 0.3757	 | 	Train Accuracy     : 0.8602
Valid Loss     : 1.5322	 | 	Valid Accuracy     : 0.5396

Epoch : 30
Train Loss     : 0.3742	 | 	Train Accuracy     : 0.8669
Valid Loss     : 1.5387	 | 	Valid Accuracy     : 0.5366

Evaluate on the Test set:
Test loss      :1.3280	 | Test Accuracy      : 0.6069 | Test AUPRC      : 0.5391
tensor([0.8852, 0.9024, 0.9560, 0.9520, 0.9250, 1.0176, 0.9738, 0.8485, 0.8694,
        0.8384, 0.9101, 0.8221, 0.9356, 0.9062, 0.9373, 0.8327, 0.8387, 0.8728,
        0.7742, 0.9145, 0.8914, 0.8483, 0.9297, 1.0294, 0.9311, 0.8572, 0.9245,
        0.8400, 0.8863, 0.8392, 0.8702, 0.9493, 0.8655, 0.8172, 0.8103, 0.8507,
        0.8780, 0.8545, 0.9077, 0.8115, 0.8772, 0.8565, 0.8169, 0.9032, 0.8438,
        0.9352, 0.8447, 0.8213, 0.8169, 0.8190, 0.8272, 0.8380, 0.8867, 0.8507,
        0.8190, 0.7671, 0.8074, 0.9303, 0.9757, 0.9157, 0.9437, 0.8648],
       device='cuda:0', grad_fn=<SqueezeBackward1>)

################## Training is Done! #########################
Training time is : 0:00:37.943631
