=============================================
Dataset: SEED
Method:  TS-TCC
Mode:    supervised
=============================================
Data loaded ...
Subjet 15
if scale True
Training started ....

Epoch : 1
Train Loss     : 0.6044	 | 	Train Accuracy     : 0.7169
Valid Loss     : 2.2188	 | 	Valid Accuracy     : 0.4175

Epoch : 2
Train Loss     : 0.2187	 | 	Train Accuracy     : 0.9251
Valid Loss     : 2.9048	 | 	Valid Accuracy     : 0.4478

Epoch : 3
Train Loss     : 0.1199	 | 	Train Accuracy     : 0.9654
Valid Loss     : 1.3225	 | 	Valid Accuracy     : 0.5493

Epoch : 4
Train Loss     : 0.0768	 | 	Train Accuracy     : 0.9788
Valid Loss     : 0.6920	 | 	Valid Accuracy     : 0.8032

Epoch : 5
Train Loss     : 0.0491	 | 	Train Accuracy     : 0.9881
Valid Loss     : 0.5621	 | 	Valid Accuracy     : 0.8677

Epoch : 6
Train Loss     : 0.0410	 | 	Train Accuracy     : 0.9901
Valid Loss     : 0.5189	 | 	Valid Accuracy     : 0.8926

Epoch : 7
Train Loss     : 0.0385	 | 	Train Accuracy     : 0.9895
Valid Loss     : 0.3888	 | 	Valid Accuracy     : 0.9160

Epoch : 8
Train Loss     : 0.0332	 | 	Train Accuracy     : 0.9922
Valid Loss     : 0.2656	 | 	Valid Accuracy     : 0.9209

Epoch : 9
Train Loss     : 0.0273	 | 	Train Accuracy     : 0.9949
Valid Loss     : 0.2640	 | 	Valid Accuracy     : 0.9238

Epoch : 10
Train Loss     : 0.0236	 | 	Train Accuracy     : 0.9954
Valid Loss     : 0.1163	 | 	Valid Accuracy     : 0.9629

Epoch : 11
Train Loss     : 0.0303	 | 	Train Accuracy     : 0.9913
Valid Loss     : 0.3615	 | 	Valid Accuracy     : 0.9126

Epoch : 12
Train Loss     : 0.0241	 | 	Train Accuracy     : 0.9947
Valid Loss     : 0.1368	 | 	Valid Accuracy     : 0.9595

Epoch : 13
Train Loss     : 0.0227	 | 	Train Accuracy     : 0.9956
Valid Loss     : 0.1239	 | 	Valid Accuracy     : 0.9556

Epoch : 14
Train Loss     : 0.0226	 | 	Train Accuracy     : 0.9947
Valid Loss     : 0.0909	 | 	Valid Accuracy     : 0.9741

Epoch : 15
Train Loss     : 0.0232	 | 	Train Accuracy     : 0.9951
Valid Loss     : 0.1287	 | 	Valid Accuracy     : 0.9585

Epoch : 16
Train Loss     : 0.0231	 | 	Train Accuracy     : 0.9952
Valid Loss     : 0.0499	 | 	Valid Accuracy     : 0.9863

Epoch : 17
Train Loss     : 0.0210	 | 	Train Accuracy     : 0.9959
Valid Loss     : 0.0510	 | 	Valid Accuracy     : 0.9824

Epoch : 18
Train Loss     : 0.0257	 | 	Train Accuracy     : 0.9934
Valid Loss     : 0.0795	 | 	Valid Accuracy     : 0.9717

Epoch : 19
Train Loss     : 0.0279	 | 	Train Accuracy     : 0.9941
Valid Loss     : 0.0829	 | 	Valid Accuracy     : 0.9702

Epoch : 20
Train Loss     : 0.0181	 | 	Train Accuracy     : 0.9966
Valid Loss     : 0.0405	 | 	Valid Accuracy     : 0.9897

Epoch : 21
Train Loss     : 0.0201	 | 	Train Accuracy     : 0.9947
Valid Loss     : 0.0560	 | 	Valid Accuracy     : 0.9824

Epoch : 22
Train Loss     : 0.0233	 | 	Train Accuracy     : 0.9947
Valid Loss     : 0.0934	 | 	Valid Accuracy     : 0.9678

Epoch : 23
Train Loss     : 0.0237	 | 	Train Accuracy     : 0.9949
Valid Loss     : 0.0537	 | 	Valid Accuracy     : 0.9849

Epoch : 24
Train Loss     : 0.0245	 | 	Train Accuracy     : 0.9952
Valid Loss     : 0.0937	 | 	Valid Accuracy     : 0.9658

Epoch : 25
Train Loss     : 0.0222	 | 	Train Accuracy     : 0.9956
Valid Loss     : 0.0677	 | 	Valid Accuracy     : 0.9785

Epoch : 26
Train Loss     : 0.0222	 | 	Train Accuracy     : 0.9951
Valid Loss     : 0.0366	 | 	Valid Accuracy     : 0.9883

Epoch : 27
Train Loss     : 0.0214	 | 	Train Accuracy     : 0.9959
Valid Loss     : 0.0449	 | 	Valid Accuracy     : 0.9907

Epoch : 28
Train Loss     : 0.0207	 | 	Train Accuracy     : 0.9969
Valid Loss     : 0.0519	 | 	Valid Accuracy     : 0.9883

Epoch : 29
Train Loss     : 0.0202	 | 	Train Accuracy     : 0.9971
Valid Loss     : 0.0822	 | 	Valid Accuracy     : 0.9692

Epoch : 30
Train Loss     : 0.0211	 | 	Train Accuracy     : 0.9964
Valid Loss     : 0.0652	 | 	Valid Accuracy     : 0.9805

Evaluate on the Test set:
Test loss      :0.3586	 | Test Accuracy      : 0.8897 | Test AUPRC      : 0.6176
tensor([0.5228, 0.7895, 0.4423, 0.5710, 0.4706, 0.6768, 0.6039, 0.5633, 0.4097,
        0.5016, 0.4346, 0.4312, 0.4085, 0.5492, 0.8843, 0.6326, 0.4890, 0.4462,
        0.4855, 0.4246, 0.4495, 0.5121, 0.6220, 0.8469, 0.5058, 0.4285, 0.5216,
        0.4062, 0.4025, 0.4094, 0.5292, 0.7969, 0.4694, 0.5872, 0.4374, 0.4843,
        0.4973, 0.4414, 0.4164, 0.4614, 0.4263, 0.4074, 0.4636, 0.3924, 0.7756,
        0.4854, 0.4389, 0.3949, 0.4057, 0.4098, 0.4045, 0.4682, 0.4632, 0.4049,
        0.4778, 0.3979, 0.4688, 0.6680, 0.6303, 0.4444, 0.5800, 0.4568],
       device='cuda:0', grad_fn=<SqueezeBackward1>)

################## Training is Done! #########################
Training time is : 0:01:43.986803
