=============================================
Dataset: SEED
Method:  TS-TCC
Mode:    supervised
=============================================
Data loaded ...
Subjet 4
if scale True
Training started ....

Epoch : 1
Train Loss     : 1.2231	 | 	Train Accuracy     : 0.4847
Valid Loss     : 1.1941	 | 	Valid Accuracy     : 0.3174

Epoch : 2
Train Loss     : 0.8113	 | 	Train Accuracy     : 0.6686
Valid Loss     : 1.0036	 | 	Valid Accuracy     : 0.4824

Epoch : 3
Train Loss     : 0.7124	 | 	Train Accuracy     : 0.6960
Valid Loss     : 0.8982	 | 	Valid Accuracy     : 0.5337

Epoch : 4
Train Loss     : 0.6575	 | 	Train Accuracy     : 0.7298
Valid Loss     : 0.8998	 | 	Valid Accuracy     : 0.5366

Epoch : 5
Train Loss     : 0.6092	 | 	Train Accuracy     : 0.7483
Valid Loss     : 0.9563	 | 	Valid Accuracy     : 0.5562

Epoch : 6
Train Loss     : 0.5649	 | 	Train Accuracy     : 0.7728
Valid Loss     : 0.9264	 | 	Valid Accuracy     : 0.5601

Epoch : 7
Train Loss     : 0.5092	 | 	Train Accuracy     : 0.8001
Valid Loss     : 0.9035	 | 	Valid Accuracy     : 0.5732

Epoch : 8
Train Loss     : 0.4789	 | 	Train Accuracy     : 0.8098
Valid Loss     : 0.9099	 | 	Valid Accuracy     : 0.5840

Epoch : 9
Train Loss     : 0.4606	 | 	Train Accuracy     : 0.8217
Valid Loss     : 1.0157	 | 	Valid Accuracy     : 0.5791

Epoch : 10
Train Loss     : 0.4477	 | 	Train Accuracy     : 0.8280
Valid Loss     : 0.9094	 | 	Valid Accuracy     : 0.6274

Epoch : 11
Train Loss     : 0.4171	 | 	Train Accuracy     : 0.8407
Valid Loss     : 0.8550	 | 	Valid Accuracy     : 0.6421

Epoch : 12
Train Loss     : 0.3758	 | 	Train Accuracy     : 0.8568
Valid Loss     : 0.8335	 | 	Valid Accuracy     : 0.6685

Epoch : 13
Train Loss     : 0.3724	 | 	Train Accuracy     : 0.8604
Valid Loss     : 0.8608	 | 	Valid Accuracy     : 0.6455

Epoch : 14
Train Loss     : 0.3425	 | 	Train Accuracy     : 0.8748
Valid Loss     : 0.8216	 | 	Valid Accuracy     : 0.6650

Epoch : 15
Train Loss     : 0.3316	 | 	Train Accuracy     : 0.8745
Valid Loss     : 0.8599	 | 	Valid Accuracy     : 0.6724

Epoch : 16
Train Loss     : 0.3300	 | 	Train Accuracy     : 0.8798
Valid Loss     : 0.7840	 | 	Valid Accuracy     : 0.6831

Epoch : 17
Train Loss     : 0.3170	 | 	Train Accuracy     : 0.8850
Valid Loss     : 0.7904	 | 	Valid Accuracy     : 0.6885

Epoch : 18
Train Loss     : 0.3267	 | 	Train Accuracy     : 0.8740
Valid Loss     : 0.8796	 | 	Valid Accuracy     : 0.6743

Epoch : 19
Train Loss     : 0.2860	 | 	Train Accuracy     : 0.8976
Valid Loss     : 0.8231	 | 	Valid Accuracy     : 0.6968

Epoch : 20
Train Loss     : 0.2698	 | 	Train Accuracy     : 0.9022
Valid Loss     : 0.7505	 | 	Valid Accuracy     : 0.7075

Epoch : 21
Train Loss     : 0.2767	 | 	Train Accuracy     : 0.9010
Valid Loss     : 0.7698	 | 	Valid Accuracy     : 0.6953

Epoch : 22
Train Loss     : 0.2715	 | 	Train Accuracy     : 0.8962
Valid Loss     : 0.8589	 | 	Valid Accuracy     : 0.6855

Epoch : 23
Train Loss     : 0.2684	 | 	Train Accuracy     : 0.9054
Valid Loss     : 0.8470	 | 	Valid Accuracy     : 0.6890

Epoch : 24
Train Loss     : 0.2571	 | 	Train Accuracy     : 0.9064
Valid Loss     : 0.9390	 | 	Valid Accuracy     : 0.6748

Epoch : 25
Train Loss     : 0.2678	 | 	Train Accuracy     : 0.9062
Valid Loss     : 0.8419	 | 	Valid Accuracy     : 0.7051

Epoch : 26
Train Loss     : 0.2511	 | 	Train Accuracy     : 0.9110
Valid Loss     : 0.8467	 | 	Valid Accuracy     : 0.6782

Epoch : 27
Train Loss     : 0.2488	 | 	Train Accuracy     : 0.9085
Valid Loss     : 0.7774	 | 	Valid Accuracy     : 0.7144

Epoch : 28
Train Loss     : 0.2397	 | 	Train Accuracy     : 0.9188
Valid Loss     : 0.8185	 | 	Valid Accuracy     : 0.7056

Epoch : 29
Train Loss     : 0.2311	 | 	Train Accuracy     : 0.9212
Valid Loss     : 0.8511	 | 	Valid Accuracy     : 0.6943

Epoch : 30
Train Loss     : 0.2113	 | 	Train Accuracy     : 0.9283
Valid Loss     : 0.7647	 | 	Valid Accuracy     : 0.7217

Evaluate on the Test set:
Test loss      :0.9996	 | Test Accuracy      : 0.6508 | Test AUPRC      : 0.5732
tensor([0.8578, 0.8306, 0.7019, 0.4934, 0.7127, 0.9057, 0.7222, 0.7228, 0.5446,
        0.6647, 0.6127, 0.8426, 0.6756, 0.8937, 0.7911, 0.7497, 0.7089, 0.7424,
        0.5734, 0.5393, 0.6480, 0.6592, 0.8201, 0.9704, 0.7294, 0.5666, 0.6368,
        0.6498, 0.7061, 0.5332, 0.5549, 1.0157, 0.8497, 0.4255, 0.6097, 0.4350,
        0.6863, 0.6137, 0.5349, 0.5598, 0.6387, 0.6946, 0.5144, 0.6434, 0.4549,
        0.4604, 0.6566, 0.4579, 0.4136, 0.4858, 0.5400, 0.4634, 0.5868, 0.4522,
        0.8820, 0.7580, 0.8612, 0.6059, 0.4507, 0.4800, 0.8531, 0.7046],
       device='cuda:0', grad_fn=<SqueezeBackward1>)

################## Training is Done! #########################
Training time is : 0:01:37.897480
