=============================================
Dataset: SEED
Method:  TS-TCC
Mode:    supervised
=============================================
Data loaded ...
Subjet 11
if scale True
Training started ....

Epoch : 1
Train Loss     : 0.8816	 | 	Train Accuracy     : 0.6204
Valid Loss     : 1.0188	 | 	Valid Accuracy     : 0.4858

Epoch : 2
Train Loss     : 0.4820	 | 	Train Accuracy     : 0.7979
Valid Loss     : 0.7932	 | 	Valid Accuracy     : 0.6587

Epoch : 3
Train Loss     : 0.3853	 | 	Train Accuracy     : 0.8471
Valid Loss     : 0.8742	 | 	Valid Accuracy     : 0.6777

Epoch : 4
Train Loss     : 0.3623	 | 	Train Accuracy     : 0.8604
Valid Loss     : 0.9029	 | 	Valid Accuracy     : 0.6846

Epoch : 5
Train Loss     : 0.3256	 | 	Train Accuracy     : 0.8721
Valid Loss     : 0.6617	 | 	Valid Accuracy     : 0.7373

Epoch : 6
Train Loss     : 0.2892	 | 	Train Accuracy     : 0.8911
Valid Loss     : 0.5096	 | 	Valid Accuracy     : 0.7808

Epoch : 7
Train Loss     : 0.2832	 | 	Train Accuracy     : 0.8950
Valid Loss     : 0.4978	 | 	Valid Accuracy     : 0.7930

Epoch : 8
Train Loss     : 0.2609	 | 	Train Accuracy     : 0.9037
Valid Loss     : 0.5342	 | 	Valid Accuracy     : 0.7793

Epoch : 9
Train Loss     : 0.2534	 | 	Train Accuracy     : 0.9103
Valid Loss     : 0.5142	 | 	Valid Accuracy     : 0.7773

Epoch : 10
Train Loss     : 0.2288	 | 	Train Accuracy     : 0.9156
Valid Loss     : 0.6924	 | 	Valid Accuracy     : 0.7505

Epoch : 11
Train Loss     : 0.2123	 | 	Train Accuracy     : 0.9236
Valid Loss     : 0.4551	 | 	Valid Accuracy     : 0.8052

Epoch : 12
Train Loss     : 0.2098	 | 	Train Accuracy     : 0.9224
Valid Loss     : 0.6777	 | 	Valid Accuracy     : 0.7632

Epoch : 13
Train Loss     : 0.1878	 | 	Train Accuracy     : 0.9336
Valid Loss     : 0.4901	 | 	Valid Accuracy     : 0.8057

Epoch : 14
Train Loss     : 0.1784	 | 	Train Accuracy     : 0.9361
Valid Loss     : 0.7459	 | 	Valid Accuracy     : 0.7466

Epoch : 15
Train Loss     : 0.1662	 | 	Train Accuracy     : 0.9419
Valid Loss     : 0.4949	 | 	Valid Accuracy     : 0.8052

Epoch : 16
Train Loss     : 0.1486	 | 	Train Accuracy     : 0.9507
Valid Loss     : 0.5575	 | 	Valid Accuracy     : 0.7949

Epoch : 17
Train Loss     : 0.1512	 | 	Train Accuracy     : 0.9477
Valid Loss     : 0.6185	 | 	Valid Accuracy     : 0.7979

Epoch : 18
Train Loss     : 0.1611	 | 	Train Accuracy     : 0.9404
Valid Loss     : 0.3675	 | 	Valid Accuracy     : 0.8389

Epoch : 19
Train Loss     : 0.1529	 | 	Train Accuracy     : 0.9455
Valid Loss     : 0.4972	 | 	Valid Accuracy     : 0.8203

Epoch : 20
Train Loss     : 0.1407	 | 	Train Accuracy     : 0.9524
Valid Loss     : 0.5679	 | 	Valid Accuracy     : 0.7871

Epoch : 21
Train Loss     : 0.1340	 | 	Train Accuracy     : 0.9577
Valid Loss     : 0.5907	 | 	Valid Accuracy     : 0.7866

Epoch : 22
Train Loss     : 0.1382	 | 	Train Accuracy     : 0.9540
Valid Loss     : 0.5739	 | 	Valid Accuracy     : 0.7915

Epoch : 23
Train Loss     : 0.1330	 | 	Train Accuracy     : 0.9513
Valid Loss     : 0.4676	 | 	Valid Accuracy     : 0.8198

Epoch : 24
Train Loss     : 0.1227	 | 	Train Accuracy     : 0.9589
Valid Loss     : 0.4203	 | 	Valid Accuracy     : 0.8276

Epoch : 25
Train Loss     : 0.1266	 | 	Train Accuracy     : 0.9579
Valid Loss     : 0.5787	 | 	Valid Accuracy     : 0.7905

Epoch : 26
Train Loss     : 0.1126	 | 	Train Accuracy     : 0.9647
Valid Loss     : 0.4880	 | 	Valid Accuracy     : 0.8213

Epoch : 27
Train Loss     : 0.1078	 | 	Train Accuracy     : 0.9652
Valid Loss     : 0.4826	 | 	Valid Accuracy     : 0.8149

Epoch : 28
Train Loss     : 0.1073	 | 	Train Accuracy     : 0.9664
Valid Loss     : 0.3975	 | 	Valid Accuracy     : 0.8359

Epoch : 29
Train Loss     : 0.1254	 | 	Train Accuracy     : 0.9540
Valid Loss     : 0.6444	 | 	Valid Accuracy     : 0.7837

Epoch : 30
Train Loss     : 0.1035	 | 	Train Accuracy     : 0.9686
Valid Loss     : 0.4208	 | 	Valid Accuracy     : 0.8320

Evaluate on the Test set:
Test loss      :0.6220	 | Test Accuracy      : 0.8214 | Test AUPRC      : 0.5898
tensor([0.6460, 0.8366, 0.8419, 0.6211, 0.5287, 0.7832, 0.8202, 0.6463, 0.5362,
        0.5652, 0.4583, 0.4913, 0.5913, 0.5566, 0.6535, 0.8096, 0.7055, 0.6833,
        0.4768, 0.5003, 0.4812, 0.8054, 0.9900, 0.7860, 0.5484, 0.6348, 0.5406,
        0.6647, 0.7767, 0.7290, 0.6470, 0.8624, 0.8102, 0.8056, 0.6763, 0.5435,
        0.5652, 0.7166, 0.7122, 0.6974, 0.5732, 0.6205, 0.5109, 0.5061, 0.6040,
        0.5805, 0.5600, 0.4723, 0.5345, 0.5787, 0.7992, 0.8986, 0.6612, 0.6743,
        0.8790, 0.6514, 0.7228, 0.8102, 0.7976, 0.5065, 0.6671, 0.6455],
       device='cuda:0', grad_fn=<SqueezeBackward1>)

################## Training is Done! #########################
Training time is : 0:01:39.259055
