=============================================
Dataset: SEED
Method:  TS-TCC
Mode:    supervised
=============================================
Data loaded ...
Subjet 2
if scale True
Training started ....

Epoch : 1
Train Loss     : 1.1375	 | 	Train Accuracy     : 0.4565
Valid Loss     : 1.3062	 | 	Valid Accuracy     : 0.3574

Epoch : 2
Train Loss     : 0.8468	 | 	Train Accuracy     : 0.6129
Valid Loss     : 1.1481	 | 	Valid Accuracy     : 0.4746

Epoch : 3
Train Loss     : 0.7087	 | 	Train Accuracy     : 0.6951
Valid Loss     : 1.1493	 | 	Valid Accuracy     : 0.5112

Epoch : 4
Train Loss     : 0.6031	 | 	Train Accuracy     : 0.7515
Valid Loss     : 1.1856	 | 	Valid Accuracy     : 0.5928

Epoch : 5
Train Loss     : 0.5265	 | 	Train Accuracy     : 0.7925
Valid Loss     : 1.0716	 | 	Valid Accuracy     : 0.6279

Epoch : 6
Train Loss     : 0.4797	 | 	Train Accuracy     : 0.8159
Valid Loss     : 1.1709	 | 	Valid Accuracy     : 0.5903

Epoch : 7
Train Loss     : 0.4314	 | 	Train Accuracy     : 0.8359
Valid Loss     : 1.1214	 | 	Valid Accuracy     : 0.5918

Epoch : 8
Train Loss     : 0.4328	 | 	Train Accuracy     : 0.8266
Valid Loss     : 1.4333	 | 	Valid Accuracy     : 0.4854

Epoch : 9
Train Loss     : 0.4056	 | 	Train Accuracy     : 0.8444
Valid Loss     : 1.4475	 | 	Valid Accuracy     : 0.5718

Epoch : 10
Train Loss     : 0.3909	 | 	Train Accuracy     : 0.8495
Valid Loss     : 1.3094	 | 	Valid Accuracy     : 0.5073

Epoch : 11
Train Loss     : 0.3776	 | 	Train Accuracy     : 0.8572
Valid Loss     : 1.3520	 | 	Valid Accuracy     : 0.5312

Epoch : 12
Train Loss     : 0.3590	 | 	Train Accuracy     : 0.8618
Valid Loss     : 1.2348	 | 	Valid Accuracy     : 0.5513

Epoch : 13
Train Loss     : 0.3427	 | 	Train Accuracy     : 0.8716
Valid Loss     : 1.4475	 | 	Valid Accuracy     : 0.5654

Epoch : 14
Train Loss     : 0.3249	 | 	Train Accuracy     : 0.8798
Valid Loss     : 2.0190	 | 	Valid Accuracy     : 0.4702

Epoch : 15
Train Loss     : 0.3259	 | 	Train Accuracy     : 0.8764
Valid Loss     : 1.3415	 | 	Valid Accuracy     : 0.5532

Epoch : 16
Train Loss     : 0.3375	 | 	Train Accuracy     : 0.8694
Valid Loss     : 1.2294	 | 	Valid Accuracy     : 0.5898

Epoch : 17
Train Loss     : 0.2849	 | 	Train Accuracy     : 0.8928
Valid Loss     : 1.2781	 | 	Valid Accuracy     : 0.5601

Epoch : 18
Train Loss     : 0.2661	 | 	Train Accuracy     : 0.9117
Valid Loss     : 1.4254	 | 	Valid Accuracy     : 0.5874

Epoch : 19
Train Loss     : 0.2641	 | 	Train Accuracy     : 0.9044
Valid Loss     : 1.3517	 | 	Valid Accuracy     : 0.5576

Epoch : 20
Train Loss     : 0.2563	 | 	Train Accuracy     : 0.9124
Valid Loss     : 1.3418	 | 	Valid Accuracy     : 0.5425

Epoch : 21
Train Loss     : 0.2537	 | 	Train Accuracy     : 0.9124
Valid Loss     : 1.3198	 | 	Valid Accuracy     : 0.5635

Epoch : 22
Train Loss     : 0.2532	 | 	Train Accuracy     : 0.9163
Valid Loss     : 1.3077	 | 	Valid Accuracy     : 0.5537

Epoch : 23
Train Loss     : 0.2452	 | 	Train Accuracy     : 0.9181
Valid Loss     : 1.3430	 | 	Valid Accuracy     : 0.5952

Epoch : 24
Train Loss     : 0.2416	 | 	Train Accuracy     : 0.9205
Valid Loss     : 1.3150	 | 	Valid Accuracy     : 0.5693

Epoch : 25
Train Loss     : 0.2386	 | 	Train Accuracy     : 0.9207
Valid Loss     : 1.2709	 | 	Valid Accuracy     : 0.5776

Epoch : 26
Train Loss     : 0.2384	 | 	Train Accuracy     : 0.9226
Valid Loss     : 1.2982	 | 	Valid Accuracy     : 0.5640

Epoch : 27
Train Loss     : 0.2340	 | 	Train Accuracy     : 0.9232
Valid Loss     : 1.3972	 | 	Valid Accuracy     : 0.5830

Epoch : 28
Train Loss     : 0.2304	 | 	Train Accuracy     : 0.9265
Valid Loss     : 1.3319	 | 	Valid Accuracy     : 0.5957

Epoch : 29
Train Loss     : 0.2233	 | 	Train Accuracy     : 0.9293
Valid Loss     : 1.3654	 | 	Valid Accuracy     : 0.5913

Epoch : 30
Train Loss     : 0.2201	 | 	Train Accuracy     : 0.9309
Valid Loss     : 1.3072	 | 	Valid Accuracy     : 0.5859

Evaluate on the Test set:
Test loss      :2.2300	 | Test Accuracy      : 0.5701 | Test AUPRC      : 0.4552
tensor([0.7578, 0.9076, 0.8438, 0.7387, 0.8685, 0.9228, 0.8075, 0.7223, 0.6759,
        0.6800, 0.6670, 0.7307, 0.7594, 0.8255, 0.7785, 0.8382, 0.6805, 0.6967,
        0.6602, 0.6782, 0.7047, 0.7383, 0.8106, 0.9997, 0.7487, 0.6707, 0.6945,
        0.7199, 0.7294, 0.6900, 0.6985, 0.6940, 0.8242, 0.7067, 0.7799, 0.7220,
        0.6769, 0.6782, 0.7385, 0.6938, 0.7370, 0.8842, 0.9297, 0.7035, 0.7894,
        0.7520, 0.7913, 0.6835, 0.7004, 0.9504, 0.8503, 0.7125, 0.9509, 0.7246,
        0.7873, 0.7249, 0.7941, 0.6930, 0.6957, 0.7906, 0.7302, 0.7150],
       device='cuda:0', grad_fn=<SqueezeBackward1>)

################## Training is Done! #########################
Training time is : 0:01:49.911378
