=============================================
Dataset: SEED
Method:  TS-TCC
Mode:    supervised
=============================================
Data loaded ...
Subjet 6
if scale True
Training started ....

Epoch : 1
Train Loss     : 0.8961	 | 	Train Accuracy     : 0.5983
Valid Loss     : 1.6420	 | 	Valid Accuracy     : 0.3423

Epoch : 2
Train Loss     : 0.5795	 | 	Train Accuracy     : 0.7228
Valid Loss     : 0.8805	 | 	Valid Accuracy     : 0.5625

Epoch : 3
Train Loss     : 0.4935	 | 	Train Accuracy     : 0.7852
Valid Loss     : 0.6671	 | 	Valid Accuracy     : 0.7061

Epoch : 4
Train Loss     : 0.4406	 | 	Train Accuracy     : 0.8128
Valid Loss     : 0.6235	 | 	Valid Accuracy     : 0.7446

Epoch : 5
Train Loss     : 0.3760	 | 	Train Accuracy     : 0.8565
Valid Loss     : 0.5521	 | 	Valid Accuracy     : 0.7925

Epoch : 6
Train Loss     : 0.3584	 | 	Train Accuracy     : 0.8640
Valid Loss     : 0.5449	 | 	Valid Accuracy     : 0.8169

Epoch : 7
Train Loss     : 0.3342	 | 	Train Accuracy     : 0.8735
Valid Loss     : 0.6294	 | 	Valid Accuracy     : 0.7764

Epoch : 8
Train Loss     : 0.3114	 | 	Train Accuracy     : 0.8787
Valid Loss     : 0.5856	 | 	Valid Accuracy     : 0.8413

Epoch : 9
Train Loss     : 0.3007	 | 	Train Accuracy     : 0.8881
Valid Loss     : 0.5657	 | 	Valid Accuracy     : 0.8198

Epoch : 10
Train Loss     : 0.2874	 | 	Train Accuracy     : 0.8888
Valid Loss     : 0.6006	 | 	Valid Accuracy     : 0.8003

Epoch : 11
Train Loss     : 0.2811	 | 	Train Accuracy     : 0.8984
Valid Loss     : 0.6279	 | 	Valid Accuracy     : 0.7939

Epoch : 12
Train Loss     : 0.2893	 | 	Train Accuracy     : 0.8889
Valid Loss     : 0.7873	 | 	Valid Accuracy     : 0.7471

Epoch : 13
Train Loss     : 0.2532	 | 	Train Accuracy     : 0.9049
Valid Loss     : 0.7241	 | 	Valid Accuracy     : 0.7627

Epoch : 14
Train Loss     : 0.2254	 | 	Train Accuracy     : 0.9178
Valid Loss     : 0.5984	 | 	Valid Accuracy     : 0.8027

Epoch : 15
Train Loss     : 0.2167	 | 	Train Accuracy     : 0.9209
Valid Loss     : 0.7393	 | 	Valid Accuracy     : 0.7544

Epoch : 16
Train Loss     : 0.1999	 | 	Train Accuracy     : 0.9297
Valid Loss     : 0.9266	 | 	Valid Accuracy     : 0.7485

Epoch : 17
Train Loss     : 0.2056	 | 	Train Accuracy     : 0.9260
Valid Loss     : 0.8960	 | 	Valid Accuracy     : 0.7642

Epoch : 18
Train Loss     : 0.1650	 | 	Train Accuracy     : 0.9423
Valid Loss     : 0.7455	 | 	Valid Accuracy     : 0.7793

Epoch : 19
Train Loss     : 0.1567	 | 	Train Accuracy     : 0.9462
Valid Loss     : 0.7425	 | 	Valid Accuracy     : 0.7837

Epoch : 20
Train Loss     : 0.1519	 | 	Train Accuracy     : 0.9526
Valid Loss     : 0.8318	 | 	Valid Accuracy     : 0.7666

Epoch : 21
Train Loss     : 0.1526	 | 	Train Accuracy     : 0.9496
Valid Loss     : 0.8105	 | 	Valid Accuracy     : 0.7676

Epoch : 22
Train Loss     : 0.1527	 | 	Train Accuracy     : 0.9507
Valid Loss     : 0.7695	 | 	Valid Accuracy     : 0.7788

Epoch : 23
Train Loss     : 0.1517	 | 	Train Accuracy     : 0.9506
Valid Loss     : 0.7725	 | 	Valid Accuracy     : 0.7734

Epoch : 24
Train Loss     : 0.1413	 | 	Train Accuracy     : 0.9552
Valid Loss     : 0.7206	 | 	Valid Accuracy     : 0.7817

Epoch : 25
Train Loss     : 0.1441	 | 	Train Accuracy     : 0.9550
Valid Loss     : 0.7296	 | 	Valid Accuracy     : 0.7827

Epoch : 26
Train Loss     : 0.1417	 | 	Train Accuracy     : 0.9558
Valid Loss     : 0.7842	 | 	Valid Accuracy     : 0.7754

Epoch : 27
Train Loss     : 0.1357	 | 	Train Accuracy     : 0.9558
Valid Loss     : 0.8265	 | 	Valid Accuracy     : 0.7666

Epoch : 28
Train Loss     : 0.1390	 | 	Train Accuracy     : 0.9552
Valid Loss     : 0.7587	 | 	Valid Accuracy     : 0.7764

Epoch : 29
Train Loss     : 0.1304	 | 	Train Accuracy     : 0.9609
Valid Loss     : 0.7591	 | 	Valid Accuracy     : 0.7759

Epoch : 30
Train Loss     : 0.1290	 | 	Train Accuracy     : 0.9609
Valid Loss     : 0.7755	 | 	Valid Accuracy     : 0.7788

Evaluate on the Test set:
Test loss      :1.1904	 | Test Accuracy      : 0.7062 | Test AUPRC      : 0.5416
tensor([0.9029, 0.9287, 0.8098, 0.8791, 0.6328, 0.8729, 0.8921, 0.9360, 0.7581,
        0.6664, 0.6910, 0.6770, 0.7535, 0.8293, 0.8931, 0.7162, 0.7308, 0.6834,
        0.6485, 0.7988, 0.7417, 0.6875, 0.8707, 0.9239, 0.8128, 0.7260, 0.6850,
        0.7266, 0.7546, 0.7082, 0.7454, 0.9833, 0.9007, 0.7828, 0.6565, 0.7101,
        0.7023, 0.8032, 0.7329, 0.6792, 0.6782, 0.6865, 0.6670, 0.7090, 0.8477,
        0.7441, 0.6871, 0.6871, 0.6474, 0.6866, 0.6814, 0.7345, 0.6507, 0.6459,
        0.7876, 0.7160, 0.7169, 0.6954, 0.6490, 0.7766, 0.6962, 0.6793],
       device='cuda:0', grad_fn=<SqueezeBackward1>)

################## Training is Done! #########################
Training time is : 0:01:41.707141
