=============================================
Dataset: SEED
Method:  TS-TCC
Mode:    supervised
=============================================
Data loaded ...
Subjet 7
if scale True
Training started ....

Epoch : 1
Train Loss     : 1.0095	 | 	Train Accuracy     : 0.5543
Valid Loss     : 1.2679	 | 	Valid Accuracy     : 0.3301

Epoch : 2
Train Loss     : 0.5708	 | 	Train Accuracy     : 0.7755
Valid Loss     : 1.0484	 | 	Valid Accuracy     : 0.4546

Epoch : 3
Train Loss     : 0.4596	 | 	Train Accuracy     : 0.8123
Valid Loss     : 0.5618	 | 	Valid Accuracy     : 0.7456

Epoch : 4
Train Loss     : 0.4050	 | 	Train Accuracy     : 0.8327
Valid Loss     : 0.4427	 | 	Valid Accuracy     : 0.8315

Epoch : 5
Train Loss     : 0.3613	 | 	Train Accuracy     : 0.8551
Valid Loss     : 0.4254	 | 	Valid Accuracy     : 0.8457

Epoch : 6
Train Loss     : 0.3328	 | 	Train Accuracy     : 0.8667
Valid Loss     : 0.4533	 | 	Valid Accuracy     : 0.8433

Epoch : 7
Train Loss     : 0.3173	 | 	Train Accuracy     : 0.8738
Valid Loss     : 0.4068	 | 	Valid Accuracy     : 0.8481

Epoch : 8
Train Loss     : 0.2943	 | 	Train Accuracy     : 0.8835
Valid Loss     : 0.4138	 | 	Valid Accuracy     : 0.8550

Epoch : 9
Train Loss     : 0.3039	 | 	Train Accuracy     : 0.8787
Valid Loss     : 0.4294	 | 	Valid Accuracy     : 0.8477

Epoch : 10
Train Loss     : 0.2597	 | 	Train Accuracy     : 0.8967
Valid Loss     : 0.4562	 | 	Valid Accuracy     : 0.8403

Epoch : 11
Train Loss     : 0.2745	 | 	Train Accuracy     : 0.8961
Valid Loss     : 0.4492	 | 	Valid Accuracy     : 0.8291

Epoch : 12
Train Loss     : 0.2585	 | 	Train Accuracy     : 0.8976
Valid Loss     : 0.5113	 | 	Valid Accuracy     : 0.8105

Epoch : 13
Train Loss     : 0.2347	 | 	Train Accuracy     : 0.9110
Valid Loss     : 0.5822	 | 	Valid Accuracy     : 0.8071

Epoch : 14
Train Loss     : 0.2167	 | 	Train Accuracy     : 0.9173
Valid Loss     : 0.4461	 | 	Valid Accuracy     : 0.8501

Epoch : 15
Train Loss     : 0.2053	 | 	Train Accuracy     : 0.9231
Valid Loss     : 0.4698	 | 	Valid Accuracy     : 0.8467

Epoch : 16
Train Loss     : 0.2058	 | 	Train Accuracy     : 0.9231
Valid Loss     : 0.4684	 | 	Valid Accuracy     : 0.8359

Epoch : 17
Train Loss     : 0.1981	 | 	Train Accuracy     : 0.9219
Valid Loss     : 0.5659	 | 	Valid Accuracy     : 0.8013

Epoch : 18
Train Loss     : 0.2037	 | 	Train Accuracy     : 0.9207
Valid Loss     : 0.6738	 | 	Valid Accuracy     : 0.8022

Epoch : 19
Train Loss     : 0.1600	 | 	Train Accuracy     : 0.9414
Valid Loss     : 0.4651	 | 	Valid Accuracy     : 0.8369

Epoch : 20
Train Loss     : 0.1475	 | 	Train Accuracy     : 0.9519
Valid Loss     : 0.4606	 | 	Valid Accuracy     : 0.8398

Epoch : 21
Train Loss     : 0.1460	 | 	Train Accuracy     : 0.9511
Valid Loss     : 0.4648	 | 	Valid Accuracy     : 0.8418

Epoch : 22
Train Loss     : 0.1397	 | 	Train Accuracy     : 0.9548
Valid Loss     : 0.4743	 | 	Valid Accuracy     : 0.8374

Epoch : 23
Train Loss     : 0.1442	 | 	Train Accuracy     : 0.9555
Valid Loss     : 0.4586	 | 	Valid Accuracy     : 0.8438

Epoch : 24
Train Loss     : 0.1348	 | 	Train Accuracy     : 0.9575
Valid Loss     : 0.4585	 | 	Valid Accuracy     : 0.8423

Epoch : 25
Train Loss     : 0.1405	 | 	Train Accuracy     : 0.9569
Valid Loss     : 0.4457	 | 	Valid Accuracy     : 0.8462

Epoch : 26
Train Loss     : 0.1320	 | 	Train Accuracy     : 0.9579
Valid Loss     : 0.4435	 | 	Valid Accuracy     : 0.8477

Epoch : 27
Train Loss     : 0.1283	 | 	Train Accuracy     : 0.9609
Valid Loss     : 0.4438	 | 	Valid Accuracy     : 0.8447

Epoch : 28
Train Loss     : 0.1248	 | 	Train Accuracy     : 0.9625
Valid Loss     : 0.4594	 | 	Valid Accuracy     : 0.8418

Epoch : 29
Train Loss     : 0.1255	 | 	Train Accuracy     : 0.9608
Valid Loss     : 0.4686	 | 	Valid Accuracy     : 0.8369

Epoch : 30
Train Loss     : 0.1210	 | 	Train Accuracy     : 0.9645
Valid Loss     : 0.4564	 | 	Valid Accuracy     : 0.8428

Evaluate on the Test set:
Test loss      :0.8638	 | Test Accuracy      : 0.6376 | Test AUPRC      : 0.5687
tensor([0.8160, 0.9032, 0.9210, 0.7729, 0.8588, 0.8826, 0.8503, 0.6817, 0.7029,
        0.7447, 0.6732, 0.7867, 0.8976, 0.7374, 0.8295, 0.8482, 0.6699, 0.7804,
        0.7008, 0.6384, 0.7993, 0.8263, 0.8987, 1.0281, 0.7455, 0.7847, 0.7038,
        0.6594, 0.6277, 0.6929, 0.6859, 0.9495, 0.8872, 0.7394, 0.7495, 0.7095,
        0.7343, 0.7066, 0.6862, 0.7237, 0.7215, 0.7295, 0.6655, 0.6288, 0.6682,
        0.6408, 0.7645, 0.6615, 0.7202, 0.6948, 0.7265, 0.6478, 0.7710, 0.7624,
        0.7466, 0.7133, 0.7403, 0.8695, 0.7976, 0.7050, 0.7570, 0.6571],
       device='cuda:0', grad_fn=<SqueezeBackward1>)

################## Training is Done! #########################
Training time is : 0:01:40.781242
