=============================================
Dataset: SEED
Method:  TS-TCC
Mode:    supervised
=============================================
Data loaded ...
Subjet 12
if scale True
Training started ....

Epoch : 1
Train Loss     : 1.1928	 | 	Train Accuracy     : 0.4604
Valid Loss     : 1.0363	 | 	Valid Accuracy     : 0.4922

Epoch : 2
Train Loss     : 0.7431	 | 	Train Accuracy     : 0.6883
Valid Loss     : 0.9702	 | 	Valid Accuracy     : 0.5312

Epoch : 3
Train Loss     : 0.5974	 | 	Train Accuracy     : 0.7617
Valid Loss     : 0.9593	 | 	Valid Accuracy     : 0.5698

Epoch : 4
Train Loss     : 0.5206	 | 	Train Accuracy     : 0.7959
Valid Loss     : 0.8906	 | 	Valid Accuracy     : 0.6226

Epoch : 5
Train Loss     : 0.4502	 | 	Train Accuracy     : 0.8310
Valid Loss     : 0.9525	 | 	Valid Accuracy     : 0.6250

Epoch : 6
Train Loss     : 0.3947	 | 	Train Accuracy     : 0.8531
Valid Loss     : 1.1698	 | 	Valid Accuracy     : 0.5938

Epoch : 7
Train Loss     : 0.3619	 | 	Train Accuracy     : 0.8670
Valid Loss     : 0.9182	 | 	Valid Accuracy     : 0.6543

Epoch : 8
Train Loss     : 0.3234	 | 	Train Accuracy     : 0.8816
Valid Loss     : 1.0585	 | 	Valid Accuracy     : 0.6240

Epoch : 9
Train Loss     : 0.3237	 | 	Train Accuracy     : 0.8867
Valid Loss     : 1.1105	 | 	Valid Accuracy     : 0.6279

Epoch : 10
Train Loss     : 0.3038	 | 	Train Accuracy     : 0.8925
Valid Loss     : 1.0327	 | 	Valid Accuracy     : 0.6528

Epoch : 11
Train Loss     : 0.2849	 | 	Train Accuracy     : 0.8954
Valid Loss     : 1.0315	 | 	Valid Accuracy     : 0.6587

Epoch : 12
Train Loss     : 0.2261	 | 	Train Accuracy     : 0.9280
Valid Loss     : 0.9477	 | 	Valid Accuracy     : 0.6763

Epoch : 13
Train Loss     : 0.2093	 | 	Train Accuracy     : 0.9353
Valid Loss     : 1.0617	 | 	Valid Accuracy     : 0.6709

Epoch : 14
Train Loss     : 0.2014	 | 	Train Accuracy     : 0.9324
Valid Loss     : 1.0520	 | 	Valid Accuracy     : 0.6646

Epoch : 15
Train Loss     : 0.1870	 | 	Train Accuracy     : 0.9389
Valid Loss     : 0.9989	 | 	Valid Accuracy     : 0.6895

Epoch : 16
Train Loss     : 0.1585	 | 	Train Accuracy     : 0.9516
Valid Loss     : 0.9537	 | 	Valid Accuracy     : 0.6729

Epoch : 17
Train Loss     : 0.1378	 | 	Train Accuracy     : 0.9608
Valid Loss     : 0.9440	 | 	Valid Accuracy     : 0.6841

Epoch : 18
Train Loss     : 0.1341	 | 	Train Accuracy     : 0.9623
Valid Loss     : 0.9336	 | 	Valid Accuracy     : 0.6812

Epoch : 19
Train Loss     : 0.1296	 | 	Train Accuracy     : 0.9650
Valid Loss     : 0.9349	 | 	Valid Accuracy     : 0.6816

Epoch : 20
Train Loss     : 0.1304	 | 	Train Accuracy     : 0.9662
Valid Loss     : 0.9395	 | 	Valid Accuracy     : 0.6812

Epoch : 21
Train Loss     : 0.1261	 | 	Train Accuracy     : 0.9669
Valid Loss     : 0.9260	 | 	Valid Accuracy     : 0.6807

Epoch : 22
Train Loss     : 0.1233	 | 	Train Accuracy     : 0.9679
Valid Loss     : 0.9464	 | 	Valid Accuracy     : 0.6797

Epoch : 23
Train Loss     : 0.1200	 | 	Train Accuracy     : 0.9696
Valid Loss     : 0.9487	 | 	Valid Accuracy     : 0.6836

Epoch : 24
Train Loss     : 0.1141	 | 	Train Accuracy     : 0.9728
Valid Loss     : 0.9518	 | 	Valid Accuracy     : 0.6768

Epoch : 25
Train Loss     : 0.1160	 | 	Train Accuracy     : 0.9706
Valid Loss     : 0.9634	 | 	Valid Accuracy     : 0.6753

Epoch : 26
Train Loss     : 0.1073	 | 	Train Accuracy     : 0.9752
Valid Loss     : 0.9534	 | 	Valid Accuracy     : 0.6870

Epoch : 27
Train Loss     : 0.1079	 | 	Train Accuracy     : 0.9747
Valid Loss     : 0.9599	 | 	Valid Accuracy     : 0.6899

Epoch : 28
Train Loss     : 0.1074	 | 	Train Accuracy     : 0.9752
Valid Loss     : 0.9631	 | 	Valid Accuracy     : 0.6904

Epoch : 29
Train Loss     : 0.1076	 | 	Train Accuracy     : 0.9749
Valid Loss     : 0.9634	 | 	Valid Accuracy     : 0.6890

Epoch : 30
Train Loss     : 0.1017	 | 	Train Accuracy     : 0.9757
Valid Loss     : 0.9582	 | 	Valid Accuracy     : 0.6904

Evaluate on the Test set:
Test loss      :1.1985	 | Test Accuracy      : 0.6259 | Test AUPRC      : 0.4699
tensor([0.9751, 1.0023, 0.9500, 0.8685, 0.9465, 0.8736, 0.7769, 0.7549, 0.8383,
        0.7494, 0.7150, 0.8404, 0.8803, 0.7922, 0.7730, 0.7534, 0.8171, 0.8849,
        0.8943, 0.7277, 0.8877, 0.7612, 0.8781, 0.9717, 0.7274, 0.8086, 0.8780,
        0.9252, 0.6968, 0.8590, 0.8560, 1.0065, 0.8907, 0.7556, 0.8088, 0.7573,
        0.8120, 0.7804, 0.8484, 0.8146, 0.8685, 0.6915, 0.7667, 0.8089, 0.7254,
        0.7341, 0.7239, 0.7103, 0.7909, 0.7816, 0.7068, 0.8555, 0.7056, 0.7020,
        0.7089, 0.7569, 0.9461, 0.7340, 0.8097, 0.7439, 0.7550, 0.7209],
       device='cuda:0', grad_fn=<SqueezeBackward1>)

################## Training is Done! #########################
Training time is : 0:01:43.630949
