=============================================
Dataset: SEED
Method:  TS-TCC
Mode:    supervised
=============================================
Data loaded ...
Subjet 7
if scale False
Training started ....

Epoch : 1
Train Loss     : 1.0508	 | 	Train Accuracy     : 0.5452
Valid Loss     : 1.2248	 | 	Valid Accuracy     : 0.5967

Epoch : 2
Train Loss     : 0.6460	 | 	Train Accuracy     : 0.7454
Valid Loss     : 0.6696	 | 	Valid Accuracy     : 0.7305

Epoch : 3
Train Loss     : 0.4939	 | 	Train Accuracy     : 0.8055
Valid Loss     : 0.5773	 | 	Valid Accuracy     : 0.7827

Epoch : 4
Train Loss     : 0.4376	 | 	Train Accuracy     : 0.8224
Valid Loss     : 0.7044	 | 	Valid Accuracy     : 0.7407

Epoch : 5
Train Loss     : 0.4039	 | 	Train Accuracy     : 0.8376
Valid Loss     : 0.5803	 | 	Valid Accuracy     : 0.7773

Epoch : 6
Train Loss     : 0.3587	 | 	Train Accuracy     : 0.8577
Valid Loss     : 0.5699	 | 	Valid Accuracy     : 0.7920

Epoch : 7
Train Loss     : 0.3617	 | 	Train Accuracy     : 0.8573
Valid Loss     : 0.5333	 | 	Valid Accuracy     : 0.7920

Epoch : 8
Train Loss     : 0.3140	 | 	Train Accuracy     : 0.8777
Valid Loss     : 0.6371	 | 	Valid Accuracy     : 0.7554

Epoch : 9
Train Loss     : 0.2931	 | 	Train Accuracy     : 0.8850
Valid Loss     : 0.6295	 | 	Valid Accuracy     : 0.7734

Epoch : 10
Train Loss     : 0.2818	 | 	Train Accuracy     : 0.8874
Valid Loss     : 0.7351	 | 	Valid Accuracy     : 0.7612

Epoch : 11
Train Loss     : 0.2870	 | 	Train Accuracy     : 0.8821
Valid Loss     : 0.7420	 | 	Valid Accuracy     : 0.7568

Epoch : 12
Train Loss     : 0.2818	 | 	Train Accuracy     : 0.8855
Valid Loss     : 0.6865	 | 	Valid Accuracy     : 0.7710

Epoch : 13
Train Loss     : 0.2640	 | 	Train Accuracy     : 0.8947
Valid Loss     : 0.6127	 | 	Valid Accuracy     : 0.7837

Epoch : 14
Train Loss     : 0.2353	 | 	Train Accuracy     : 0.9096
Valid Loss     : 0.7546	 | 	Valid Accuracy     : 0.7534

Epoch : 15
Train Loss     : 0.2377	 | 	Train Accuracy     : 0.9151
Valid Loss     : 0.6435	 | 	Valid Accuracy     : 0.7773

Epoch : 16
Train Loss     : 0.2152	 | 	Train Accuracy     : 0.9169
Valid Loss     : 0.5584	 | 	Valid Accuracy     : 0.8115

Epoch : 17
Train Loss     : 0.2061	 | 	Train Accuracy     : 0.9220
Valid Loss     : 0.6466	 | 	Valid Accuracy     : 0.7837

Epoch : 18
Train Loss     : 0.1864	 | 	Train Accuracy     : 0.9322
Valid Loss     : 0.5615	 | 	Valid Accuracy     : 0.8047

Epoch : 19
Train Loss     : 0.1558	 | 	Train Accuracy     : 0.9492
Valid Loss     : 0.6037	 | 	Valid Accuracy     : 0.7935

Epoch : 20
Train Loss     : 0.1510	 | 	Train Accuracy     : 0.9513
Valid Loss     : 0.5829	 | 	Valid Accuracy     : 0.8018

Epoch : 21
Train Loss     : 0.1433	 | 	Train Accuracy     : 0.9528
Valid Loss     : 0.5772	 | 	Valid Accuracy     : 0.8003

Epoch : 22
Train Loss     : 0.1360	 | 	Train Accuracy     : 0.9570
Valid Loss     : 0.5616	 | 	Valid Accuracy     : 0.8032

Epoch : 23
Train Loss     : 0.1345	 | 	Train Accuracy     : 0.9616
Valid Loss     : 0.6038	 | 	Valid Accuracy     : 0.7969

Epoch : 24
Train Loss     : 0.1329	 | 	Train Accuracy     : 0.9569
Valid Loss     : 0.5993	 | 	Valid Accuracy     : 0.7998

Epoch : 25
Train Loss     : 0.1310	 | 	Train Accuracy     : 0.9620
Valid Loss     : 0.5646	 | 	Valid Accuracy     : 0.8032

Epoch : 26
Train Loss     : 0.1299	 | 	Train Accuracy     : 0.9603
Valid Loss     : 0.5645	 | 	Valid Accuracy     : 0.8052

Epoch : 27
Train Loss     : 0.1236	 | 	Train Accuracy     : 0.9654
Valid Loss     : 0.5752	 | 	Valid Accuracy     : 0.8003

Epoch : 28
Train Loss     : 0.1209	 | 	Train Accuracy     : 0.9643
Valid Loss     : 0.5898	 | 	Valid Accuracy     : 0.7935

Epoch : 29
Train Loss     : 0.1185	 | 	Train Accuracy     : 0.9684
Valid Loss     : 0.5695	 | 	Valid Accuracy     : 0.8062

Epoch : 30
Train Loss     : 0.1160	 | 	Train Accuracy     : 0.9669
Valid Loss     : 0.5659	 | 	Valid Accuracy     : 0.8071

Evaluate on the Test set:
Test loss      :1.2592	 | Test Accuracy      : 0.5888 | Test AUPRC      : 0.5339
tensor([1., 1., 1., 1., 1., 1., 1., 1., 1., 1., 1., 1., 1., 1., 1., 1., 1., 1.,
        1., 1., 1., 1., 1., 1., 1., 1., 1., 1., 1., 1., 1., 1., 1., 1., 1., 1.,
        1., 1., 1., 1., 1., 1., 1., 1., 1., 1., 1., 1., 1., 1., 1., 1., 1., 1.,
        1., 1., 1., 1., 1., 1., 1., 1.], device='cuda:0',
       grad_fn=<SqueezeBackward1>)

################## Training is Done! #########################
Training time is : 0:01:31.980769
