=============================================
Dataset: SEED
Method:  TS-TCC
Mode:    train_linear
=============================================
Data loaded ...
Subjet 2
if scale True
Training started ....

Epoch : 1
Train Loss     : 1.2262	 | 	Train Accuracy     : 0.4578
Valid Loss     : 1.3862	 | 	Valid Accuracy     : 0.4951

Epoch : 2
Train Loss     : 0.7676	 | 	Train Accuracy     : 0.6630
Valid Loss     : 1.5719	 | 	Valid Accuracy     : 0.5615

Epoch : 3
Train Loss     : 0.6962	 | 	Train Accuracy     : 0.7031
Valid Loss     : 1.5221	 | 	Valid Accuracy     : 0.5811

Epoch : 4
Train Loss     : 0.6305	 | 	Train Accuracy     : 0.7518
Valid Loss     : 1.2794	 | 	Valid Accuracy     : 0.6001

Epoch : 5
Train Loss     : 0.6172	 | 	Train Accuracy     : 0.7503
Valid Loss     : 1.1835	 | 	Valid Accuracy     : 0.6196

Epoch : 6
Train Loss     : 0.6000	 | 	Train Accuracy     : 0.7534
Valid Loss     : 1.1862	 | 	Valid Accuracy     : 0.5854

Epoch : 7
Train Loss     : 0.6053	 | 	Train Accuracy     : 0.7565
Valid Loss     : 1.1830	 | 	Valid Accuracy     : 0.6157

Epoch : 8
Train Loss     : 0.5904	 | 	Train Accuracy     : 0.7638
Valid Loss     : 1.1715	 | 	Valid Accuracy     : 0.6333

Epoch : 9
Train Loss     : 0.5596	 | 	Train Accuracy     : 0.7805
Valid Loss     : 1.1419	 | 	Valid Accuracy     : 0.6177

Epoch : 10
Train Loss     : 0.5626	 | 	Train Accuracy     : 0.7724
Valid Loss     : 1.2318	 | 	Valid Accuracy     : 0.6099

Epoch : 11
Train Loss     : 0.5730	 | 	Train Accuracy     : 0.7659
Valid Loss     : 1.1599	 | 	Valid Accuracy     : 0.6211

Epoch : 12
Train Loss     : 0.5429	 | 	Train Accuracy     : 0.7846
Valid Loss     : 1.3199	 | 	Valid Accuracy     : 0.5815

Epoch : 13
Train Loss     : 0.5493	 | 	Train Accuracy     : 0.7812
Valid Loss     : 1.1311	 | 	Valid Accuracy     : 0.6172

Epoch : 14
Train Loss     : 0.5344	 | 	Train Accuracy     : 0.7893
Valid Loss     : 1.2173	 | 	Valid Accuracy     : 0.6118

Epoch : 15
Train Loss     : 0.5453	 | 	Train Accuracy     : 0.7776
Valid Loss     : 1.1604	 | 	Valid Accuracy     : 0.6138

Epoch : 16
Train Loss     : 0.5553	 | 	Train Accuracy     : 0.7784
Valid Loss     : 1.3721	 | 	Valid Accuracy     : 0.5371

Epoch : 17
Train Loss     : 0.5368	 | 	Train Accuracy     : 0.7896
Valid Loss     : 1.2193	 | 	Valid Accuracy     : 0.6147

Epoch : 18
Train Loss     : 0.5353	 | 	Train Accuracy     : 0.7818
Valid Loss     : 1.1984	 | 	Valid Accuracy     : 0.6147

Epoch : 19
Train Loss     : 0.5285	 | 	Train Accuracy     : 0.7940
Valid Loss     : 1.2228	 | 	Valid Accuracy     : 0.5938

Epoch : 20
Train Loss     : 0.5277	 | 	Train Accuracy     : 0.7969
Valid Loss     : 1.1818	 | 	Valid Accuracy     : 0.6187

Epoch : 21
Train Loss     : 0.5661	 | 	Train Accuracy     : 0.7711
Valid Loss     : 1.1759	 | 	Valid Accuracy     : 0.6245

Epoch : 22
Train Loss     : 0.5134	 | 	Train Accuracy     : 0.7953
Valid Loss     : 1.4165	 | 	Valid Accuracy     : 0.5859

Epoch : 23
Train Loss     : 0.5367	 | 	Train Accuracy     : 0.7862
Valid Loss     : 1.3029	 | 	Valid Accuracy     : 0.6040

Epoch : 24
Train Loss     : 0.5088	 | 	Train Accuracy     : 0.7906
Valid Loss     : 1.2866	 | 	Valid Accuracy     : 0.6040

Epoch : 25
Train Loss     : 0.4861	 | 	Train Accuracy     : 0.8052
Valid Loss     : 1.2983	 | 	Valid Accuracy     : 0.6045

Epoch : 26
Train Loss     : 0.4793	 | 	Train Accuracy     : 0.8203
Valid Loss     : 1.3271	 | 	Valid Accuracy     : 0.6064

Epoch : 27
Train Loss     : 0.4868	 | 	Train Accuracy     : 0.8096
Valid Loss     : 1.2874	 | 	Valid Accuracy     : 0.6084

Epoch : 28
Train Loss     : 0.4904	 | 	Train Accuracy     : 0.8078
Valid Loss     : 1.3085	 | 	Valid Accuracy     : 0.6074

Epoch : 29
Train Loss     : 0.4896	 | 	Train Accuracy     : 0.8068
Valid Loss     : 1.2834	 | 	Valid Accuracy     : 0.6089

Epoch : 30
Train Loss     : 0.4894	 | 	Train Accuracy     : 0.8107
Valid Loss     : 1.2677	 | 	Valid Accuracy     : 0.6118

Evaluate on the Test set:
Test loss      :1.2627	 | Test Accuracy      : 0.5047 | Test AUPRC      : 0.4478
tensor([0.8703, 0.8030, 0.9822, 0.9254, 0.8746, 0.8359, 0.9306, 0.7299, 0.8018,
        0.7993, 0.8838, 0.8333, 0.8601, 0.8760, 0.8456, 0.8802, 0.7586, 0.7860,
        0.7222, 0.7120, 0.8971, 0.8199, 0.8731, 0.9830, 0.8935, 0.8510, 0.7834,
        0.8284, 0.8437, 0.7324, 0.8537, 0.8064, 0.9255, 0.7582, 0.6999, 0.8578,
        0.8663, 0.7986, 0.8721, 0.6959, 0.8329, 0.9492, 0.8778, 0.9583, 0.9176,
        0.8805, 0.7593, 0.7769, 0.8227, 0.7141, 0.7875, 0.7926, 0.7982, 0.7349,
        0.7777, 0.6645, 0.8525, 0.9208, 0.9935, 0.7930, 0.7690, 0.7117],
       device='cuda:0', grad_fn=<SqueezeBackward1>)

################## Training is Done! #########################
Training time is : 0:00:42.776182
