=============================================
Dataset: SEED
Method:  TS-TCC
Mode:    train_linear
=============================================
Data loaded ...
Subjet 1
if scale True
Training started ....

Epoch : 1
Train Loss     : 1.1333	 | 	Train Accuracy     : 0.5029
Valid Loss     : 2.0621	 | 	Valid Accuracy     : 0.3345

Epoch : 2
Train Loss     : 0.7433	 | 	Train Accuracy     : 0.6786
Valid Loss     : 2.0163	 | 	Valid Accuracy     : 0.3506

Epoch : 3
Train Loss     : 0.6763	 | 	Train Accuracy     : 0.7076
Valid Loss     : 1.5145	 | 	Valid Accuracy     : 0.4409

Epoch : 4
Train Loss     : 0.6095	 | 	Train Accuracy     : 0.7401
Valid Loss     : 1.2823	 | 	Valid Accuracy     : 0.5117

Epoch : 5
Train Loss     : 0.5806	 | 	Train Accuracy     : 0.7547
Valid Loss     : 1.1617	 | 	Valid Accuracy     : 0.5337

Epoch : 6
Train Loss     : 0.5526	 | 	Train Accuracy     : 0.7760
Valid Loss     : 1.1292	 | 	Valid Accuracy     : 0.5371

Epoch : 7
Train Loss     : 0.5373	 | 	Train Accuracy     : 0.7839
Valid Loss     : 1.2346	 | 	Valid Accuracy     : 0.5518

Epoch : 8
Train Loss     : 0.5290	 | 	Train Accuracy     : 0.7906
Valid Loss     : 1.3532	 | 	Valid Accuracy     : 0.5337

Epoch : 9
Train Loss     : 0.5467	 | 	Train Accuracy     : 0.7612
Valid Loss     : 1.4372	 | 	Valid Accuracy     : 0.5273

Epoch : 10
Train Loss     : 0.4974	 | 	Train Accuracy     : 0.8008
Valid Loss     : 1.2064	 | 	Valid Accuracy     : 0.5498

Epoch : 11
Train Loss     : 0.5005	 | 	Train Accuracy     : 0.7893
Valid Loss     : 1.3735	 | 	Valid Accuracy     : 0.5386

Epoch : 12
Train Loss     : 0.5120	 | 	Train Accuracy     : 0.7849
Valid Loss     : 1.3045	 | 	Valid Accuracy     : 0.5479

Epoch : 13
Train Loss     : 0.4902	 | 	Train Accuracy     : 0.7984
Valid Loss     : 1.3676	 | 	Valid Accuracy     : 0.5288

Epoch : 14
Train Loss     : 0.5054	 | 	Train Accuracy     : 0.7909
Valid Loss     : 1.2300	 | 	Valid Accuracy     : 0.5435

Epoch : 15
Train Loss     : 0.4775	 | 	Train Accuracy     : 0.8023
Valid Loss     : 1.2872	 | 	Valid Accuracy     : 0.5391

Epoch : 16
Train Loss     : 0.4815	 | 	Train Accuracy     : 0.7990
Valid Loss     : 1.2447	 | 	Valid Accuracy     : 0.5420

Epoch : 17
Train Loss     : 0.4761	 | 	Train Accuracy     : 0.8120
Valid Loss     : 1.3749	 | 	Valid Accuracy     : 0.5361

Epoch : 18
Train Loss     : 0.4393	 | 	Train Accuracy     : 0.8253
Valid Loss     : 1.3026	 | 	Valid Accuracy     : 0.5361

Epoch : 19
Train Loss     : 0.4416	 | 	Train Accuracy     : 0.8229
Valid Loss     : 1.3638	 | 	Valid Accuracy     : 0.5381

Epoch : 20
Train Loss     : 0.4348	 | 	Train Accuracy     : 0.8289
Valid Loss     : 1.3167	 | 	Valid Accuracy     : 0.5410

Epoch : 21
Train Loss     : 0.4322	 | 	Train Accuracy     : 0.8344
Valid Loss     : 1.3356	 | 	Valid Accuracy     : 0.5381

Epoch : 22
Train Loss     : 0.4389	 | 	Train Accuracy     : 0.8320
Valid Loss     : 1.2977	 | 	Valid Accuracy     : 0.5435

Epoch : 23
Train Loss     : 0.4434	 | 	Train Accuracy     : 0.8167
Valid Loss     : 1.3905	 | 	Valid Accuracy     : 0.5420

Epoch : 24
Train Loss     : 0.4356	 | 	Train Accuracy     : 0.8224
Valid Loss     : 1.3178	 | 	Valid Accuracy     : 0.5391

Epoch : 25
Train Loss     : 0.4292	 | 	Train Accuracy     : 0.8341
Valid Loss     : 1.3089	 | 	Valid Accuracy     : 0.5400

Epoch : 26
Train Loss     : 0.4354	 | 	Train Accuracy     : 0.8292
Valid Loss     : 1.3309	 | 	Valid Accuracy     : 0.5386

Epoch : 27
Train Loss     : 0.4258	 | 	Train Accuracy     : 0.8414
Valid Loss     : 1.3905	 | 	Valid Accuracy     : 0.5396

Epoch : 28
Train Loss     : 0.4364	 | 	Train Accuracy     : 0.8315
Valid Loss     : 1.3285	 | 	Valid Accuracy     : 0.5400

Epoch : 29
Train Loss     : 0.4301	 | 	Train Accuracy     : 0.8336
Valid Loss     : 1.3446	 | 	Valid Accuracy     : 0.5366

Epoch : 30
Train Loss     : 0.4351	 | 	Train Accuracy     : 0.8307
Valid Loss     : 1.3333	 | 	Valid Accuracy     : 0.5391

Evaluate on the Test set:
Test loss      :1.0754	 | Test Accuracy      : 0.5720 | Test AUPRC      : 0.5292
tensor([0.8670, 0.8687, 0.9167, 0.9674, 0.8934, 0.9337, 0.9183, 0.8315, 0.8314,
        0.8382, 0.8569, 0.8577, 0.9319, 0.9073, 0.9003, 0.9085, 0.8278, 0.8361,
        0.7863, 0.8542, 0.8963, 0.8608, 0.9481, 0.9944, 0.9666, 0.9143, 0.8946,
        0.8886, 0.8892, 0.8304, 0.8798, 0.9207, 0.9436, 0.8056, 0.8194, 0.8192,
        0.8446, 0.8602, 0.8548, 0.8096, 0.9569, 0.9209, 0.7988, 0.9438, 0.9313,
        0.8977, 0.9106, 0.8414, 0.7924, 0.9664, 0.7976, 0.8018, 0.7954, 0.8333,
        0.8267, 0.8835, 0.8388, 0.9498, 0.9361, 0.8589, 0.9097, 0.8221],
       device='cuda:0', grad_fn=<SqueezeBackward1>)

################## Training is Done! #########################
Training time is : 0:00:47.147233
