=============================================
Dataset: SEED
Method:  TS-TCC
Mode:    train_linear
=============================================
Data loaded ...
Subjet 14
if scale True
Training started ....

Epoch : 1
Train Loss     : 0.9496	 | 	Train Accuracy     : 0.6163
Valid Loss     : 1.1207	 | 	Valid Accuracy     : 0.4004

Epoch : 2
Train Loss     : 0.6091	 | 	Train Accuracy     : 0.7794
Valid Loss     : 0.7933	 | 	Valid Accuracy     : 0.5718

Epoch : 3
Train Loss     : 0.5628	 | 	Train Accuracy     : 0.7794
Valid Loss     : 0.8058	 | 	Valid Accuracy     : 0.5991

Epoch : 4
Train Loss     : 0.5082	 | 	Train Accuracy     : 0.8042
Valid Loss     : 0.8703	 | 	Valid Accuracy     : 0.6104

Epoch : 5
Train Loss     : 0.5085	 | 	Train Accuracy     : 0.8025
Valid Loss     : 0.8087	 | 	Valid Accuracy     : 0.6221

Epoch : 6
Train Loss     : 0.4954	 | 	Train Accuracy     : 0.8069
Valid Loss     : 0.9322	 | 	Valid Accuracy     : 0.6245

Epoch : 7
Train Loss     : 0.4856	 | 	Train Accuracy     : 0.8115
Valid Loss     : 0.8892	 | 	Valid Accuracy     : 0.6089

Epoch : 8
Train Loss     : 0.4863	 | 	Train Accuracy     : 0.8059
Valid Loss     : 0.9217	 | 	Valid Accuracy     : 0.5957

Epoch : 9
Train Loss     : 0.4754	 | 	Train Accuracy     : 0.8149
Valid Loss     : 0.8829	 | 	Valid Accuracy     : 0.6196

Epoch : 10
Train Loss     : 0.4620	 | 	Train Accuracy     : 0.8198
Valid Loss     : 0.9916	 | 	Valid Accuracy     : 0.6284

Epoch : 11
Train Loss     : 0.4809	 | 	Train Accuracy     : 0.8123
Valid Loss     : 0.9836	 | 	Valid Accuracy     : 0.5986

Epoch : 12
Train Loss     : 0.4718	 | 	Train Accuracy     : 0.8125
Valid Loss     : 0.9935	 | 	Valid Accuracy     : 0.6191

Epoch : 13
Train Loss     : 0.4573	 | 	Train Accuracy     : 0.8230
Valid Loss     : 0.9846	 | 	Valid Accuracy     : 0.6274

Epoch : 14
Train Loss     : 0.4404	 | 	Train Accuracy     : 0.8278
Valid Loss     : 0.9040	 | 	Valid Accuracy     : 0.6250

Epoch : 15
Train Loss     : 0.4232	 | 	Train Accuracy     : 0.8356
Valid Loss     : 0.9055	 | 	Valid Accuracy     : 0.6094

Epoch : 16
Train Loss     : 0.4296	 | 	Train Accuracy     : 0.8337
Valid Loss     : 0.9234	 | 	Valid Accuracy     : 0.6167

Epoch : 17
Train Loss     : 0.4385	 | 	Train Accuracy     : 0.8283
Valid Loss     : 0.9195	 | 	Valid Accuracy     : 0.6245

Epoch : 18
Train Loss     : 0.4248	 | 	Train Accuracy     : 0.8359
Valid Loss     : 0.8999	 | 	Valid Accuracy     : 0.6147

Epoch : 19
Train Loss     : 0.4326	 | 	Train Accuracy     : 0.8302
Valid Loss     : 0.9207	 | 	Valid Accuracy     : 0.6294

Epoch : 20
Train Loss     : 0.4359	 | 	Train Accuracy     : 0.8327
Valid Loss     : 0.9072	 | 	Valid Accuracy     : 0.6235

Epoch : 21
Train Loss     : 0.4329	 | 	Train Accuracy     : 0.8319
Valid Loss     : 0.9137	 | 	Valid Accuracy     : 0.6138

Epoch : 22
Train Loss     : 0.4320	 | 	Train Accuracy     : 0.8325
Valid Loss     : 0.9713	 | 	Valid Accuracy     : 0.6196

Epoch : 23
Train Loss     : 0.4291	 | 	Train Accuracy     : 0.8312
Valid Loss     : 0.9341	 | 	Valid Accuracy     : 0.6245

Epoch : 24
Train Loss     : 0.4323	 | 	Train Accuracy     : 0.8307
Valid Loss     : 0.9160	 | 	Valid Accuracy     : 0.6230

Epoch : 25
Train Loss     : 0.4307	 | 	Train Accuracy     : 0.8269
Valid Loss     : 0.9373	 | 	Valid Accuracy     : 0.6162

Epoch : 26
Train Loss     : 0.4272	 | 	Train Accuracy     : 0.8359
Valid Loss     : 0.9300	 | 	Valid Accuracy     : 0.6177

Epoch : 27
Train Loss     : 0.4288	 | 	Train Accuracy     : 0.8339
Valid Loss     : 0.9262	 | 	Valid Accuracy     : 0.6152

Epoch : 28
Train Loss     : 0.4265	 | 	Train Accuracy     : 0.8332
Valid Loss     : 0.9484	 | 	Valid Accuracy     : 0.6133

Epoch : 29
Train Loss     : 0.4263	 | 	Train Accuracy     : 0.8331
Valid Loss     : 0.9286	 | 	Valid Accuracy     : 0.6187

Epoch : 30
Train Loss     : 0.4243	 | 	Train Accuracy     : 0.8358
Valid Loss     : 0.9283	 | 	Valid Accuracy     : 0.6162

Evaluate on the Test set:
Test loss      :0.8433	 | Test Accuracy      : 0.6844 | Test AUPRC      : 0.5656
tensor([0.8223, 0.8392, 0.7551, 0.8071, 0.8801, 0.7378, 0.9056, 0.7774, 0.8751,
        0.7939, 0.7662, 0.7812, 0.8050, 0.9120, 0.8481, 0.8445, 0.8277, 0.8354,
        0.7601, 0.8257, 0.7675, 0.8354, 0.9270, 0.8567, 0.9244, 0.8013, 0.8204,
        0.7568, 0.7991, 0.7588, 0.8459, 0.9399, 1.0427, 0.8251, 0.7186, 0.8324,
        0.7546, 0.7637, 0.7512, 0.7972, 0.9932, 0.9106, 0.8329, 0.8227, 0.7695,
        0.8467, 0.8036, 0.8107, 0.7416, 0.8043, 0.7969, 0.7725, 0.7679, 0.7534,
        0.7681, 0.7433, 0.7964, 0.7566, 0.9126, 0.8080, 0.8369, 0.8771],
       device='cuda:0', grad_fn=<SqueezeBackward1>)

################## Training is Done! #########################
Training time is : 0:00:48.623230
