=============================================
Dataset: SEED
Method:  TS-TCC
Mode:    train_linear
=============================================
Data loaded ...
Subjet 6
if scale True
Training started ....

Epoch : 1
Train Loss     : 0.9224	 | 	Train Accuracy     : 0.5929
Valid Loss     : 0.5621	 | 	Valid Accuracy     : 0.7412

Epoch : 2
Train Loss     : 0.5789	 | 	Train Accuracy     : 0.7415
Valid Loss     : 0.6265	 | 	Valid Accuracy     : 0.7329

Epoch : 3
Train Loss     : 0.5441	 | 	Train Accuracy     : 0.7615
Valid Loss     : 0.6913	 | 	Valid Accuracy     : 0.7246

Epoch : 4
Train Loss     : 0.5064	 | 	Train Accuracy     : 0.7845
Valid Loss     : 0.6503	 | 	Valid Accuracy     : 0.7725

Epoch : 5
Train Loss     : 0.4966	 | 	Train Accuracy     : 0.7906
Valid Loss     : 0.7448	 | 	Valid Accuracy     : 0.7168

Epoch : 6
Train Loss     : 0.4967	 | 	Train Accuracy     : 0.7863
Valid Loss     : 0.5986	 | 	Valid Accuracy     : 0.8262

Epoch : 7
Train Loss     : 0.5039	 | 	Train Accuracy     : 0.7843
Valid Loss     : 0.6690	 | 	Valid Accuracy     : 0.7651

Epoch : 8
Train Loss     : 0.4945	 | 	Train Accuracy     : 0.7906
Valid Loss     : 0.6224	 | 	Valid Accuracy     : 0.8110

Epoch : 9
Train Loss     : 0.4740	 | 	Train Accuracy     : 0.8043
Valid Loss     : 0.6671	 | 	Valid Accuracy     : 0.7808

Epoch : 10
Train Loss     : 0.4560	 | 	Train Accuracy     : 0.8091
Valid Loss     : 0.6366	 | 	Valid Accuracy     : 0.8008

Epoch : 11
Train Loss     : 0.4614	 | 	Train Accuracy     : 0.8096
Valid Loss     : 0.5976	 | 	Valid Accuracy     : 0.8135

Epoch : 12
Train Loss     : 0.4731	 | 	Train Accuracy     : 0.8028
Valid Loss     : 0.6216	 | 	Valid Accuracy     : 0.8066

Epoch : 13
Train Loss     : 0.4464	 | 	Train Accuracy     : 0.8117
Valid Loss     : 0.6108	 | 	Valid Accuracy     : 0.8018

Epoch : 14
Train Loss     : 0.4403	 | 	Train Accuracy     : 0.8176
Valid Loss     : 0.6272	 | 	Valid Accuracy     : 0.7935

Epoch : 15
Train Loss     : 0.4353	 | 	Train Accuracy     : 0.8254
Valid Loss     : 0.6195	 | 	Valid Accuracy     : 0.7959

Epoch : 16
Train Loss     : 0.4404	 | 	Train Accuracy     : 0.8190
Valid Loss     : 0.6334	 | 	Valid Accuracy     : 0.7920

Epoch : 17
Train Loss     : 0.4442	 | 	Train Accuracy     : 0.8174
Valid Loss     : 0.6074	 | 	Valid Accuracy     : 0.7979

Epoch : 18
Train Loss     : 0.4379	 | 	Train Accuracy     : 0.8213
Valid Loss     : 0.6232	 | 	Valid Accuracy     : 0.7969

Epoch : 19
Train Loss     : 0.4420	 | 	Train Accuracy     : 0.8229
Valid Loss     : 0.5942	 | 	Valid Accuracy     : 0.8037

Epoch : 20
Train Loss     : 0.4408	 | 	Train Accuracy     : 0.8173
Valid Loss     : 0.6431	 | 	Valid Accuracy     : 0.7759

Epoch : 21
Train Loss     : 0.4408	 | 	Train Accuracy     : 0.8183
Valid Loss     : 0.6298	 | 	Valid Accuracy     : 0.7798

Epoch : 22
Train Loss     : 0.4336	 | 	Train Accuracy     : 0.8217
Valid Loss     : 0.5865	 | 	Valid Accuracy     : 0.8188

Epoch : 23
Train Loss     : 0.4426	 | 	Train Accuracy     : 0.8167
Valid Loss     : 0.6216	 | 	Valid Accuracy     : 0.7822

Epoch : 24
Train Loss     : 0.4307	 | 	Train Accuracy     : 0.8232
Valid Loss     : 0.6118	 | 	Valid Accuracy     : 0.7939

Epoch : 25
Train Loss     : 0.4329	 | 	Train Accuracy     : 0.8271
Valid Loss     : 0.5953	 | 	Valid Accuracy     : 0.8003

Epoch : 26
Train Loss     : 0.4306	 | 	Train Accuracy     : 0.8213
Valid Loss     : 0.6094	 | 	Valid Accuracy     : 0.7949

Epoch : 27
Train Loss     : 0.4328	 | 	Train Accuracy     : 0.8203
Valid Loss     : 0.6020	 | 	Valid Accuracy     : 0.8018

Epoch : 28
Train Loss     : 0.4308	 | 	Train Accuracy     : 0.8256
Valid Loss     : 0.6255	 | 	Valid Accuracy     : 0.7905

Epoch : 29
Train Loss     : 0.4300	 | 	Train Accuracy     : 0.8235
Valid Loss     : 0.6187	 | 	Valid Accuracy     : 0.7896

Epoch : 30
Train Loss     : 0.4308	 | 	Train Accuracy     : 0.8297
Valid Loss     : 0.5918	 | 	Valid Accuracy     : 0.7954

Evaluate on the Test set:
Test loss      :1.0795	 | Test Accuracy      : 0.6503 | Test AUPRC      : 0.5013
tensor([0.8858, 0.9303, 0.9425, 0.9378, 0.7872, 0.8614, 0.9505, 0.7660, 0.8584,
        0.8140, 0.8312, 0.9009, 0.9028, 0.8416, 0.9186, 0.8651, 0.8275, 0.9060,
        0.7698, 0.8259, 0.7745, 0.8238, 0.9688, 0.9865, 0.8923, 0.8195, 0.8618,
        0.8326, 0.8474, 0.7611, 0.7865, 0.9083, 0.9384, 0.7810, 0.7761, 0.8550,
        0.8086, 0.7553, 0.8161, 0.7423, 0.8627, 0.8851, 0.8458, 0.8733, 0.9483,
        0.8343, 0.8213, 0.8079, 0.7624, 0.7226, 0.7525, 0.8016, 0.7514, 0.7898,
        0.7587, 0.7185, 0.8000, 0.8100, 0.7649, 0.7948, 0.8671, 0.7853],
       device='cuda:0', grad_fn=<SqueezeBackward1>)

################## Training is Done! #########################
Training time is : 0:00:48.995368
