=============================================
Dataset: SEED
Method:  TS-TCC
Mode:    train_linear
=============================================
Data loaded ...
Subjet 5
if scale True
Training started ....

Epoch : 1
Train Loss     : 0.9074	 | 	Train Accuracy     : 0.5755
Valid Loss     : 1.6363	 | 	Valid Accuracy     : 0.3848

Epoch : 2
Train Loss     : 0.6029	 | 	Train Accuracy     : 0.7333
Valid Loss     : 1.8041	 | 	Valid Accuracy     : 0.4790

Epoch : 3
Train Loss     : 0.5369	 | 	Train Accuracy     : 0.7727
Valid Loss     : 1.7147	 | 	Valid Accuracy     : 0.4316

Epoch : 4
Train Loss     : 0.4920	 | 	Train Accuracy     : 0.8003
Valid Loss     : 1.8053	 | 	Valid Accuracy     : 0.4229

Epoch : 5
Train Loss     : 0.4753	 | 	Train Accuracy     : 0.8070
Valid Loss     : 1.9062	 | 	Valid Accuracy     : 0.4702

Epoch : 6
Train Loss     : 0.4590	 | 	Train Accuracy     : 0.8203
Valid Loss     : 2.3379	 | 	Valid Accuracy     : 0.4702

Epoch : 7
Train Loss     : 0.4526	 | 	Train Accuracy     : 0.8143
Valid Loss     : 2.1441	 | 	Valid Accuracy     : 0.4678

Epoch : 8
Train Loss     : 0.4378	 | 	Train Accuracy     : 0.8188
Valid Loss     : 2.1464	 | 	Valid Accuracy     : 0.4419

Epoch : 9
Train Loss     : 0.4494	 | 	Train Accuracy     : 0.8115
Valid Loss     : 2.1208	 | 	Valid Accuracy     : 0.4688

Epoch : 10
Train Loss     : 0.4252	 | 	Train Accuracy     : 0.8305
Valid Loss     : 2.4433	 | 	Valid Accuracy     : 0.4595

Epoch : 11
Train Loss     : 0.4354	 | 	Train Accuracy     : 0.8177
Valid Loss     : 2.4338	 | 	Valid Accuracy     : 0.4629

Epoch : 12
Train Loss     : 0.4274	 | 	Train Accuracy     : 0.8216
Valid Loss     : 2.7556	 | 	Valid Accuracy     : 0.4331

Epoch : 13
Train Loss     : 0.4189	 | 	Train Accuracy     : 0.8292
Valid Loss     : 2.2223	 | 	Valid Accuracy     : 0.4756

Epoch : 14
Train Loss     : 0.3909	 | 	Train Accuracy     : 0.8474
Valid Loss     : 2.4049	 | 	Valid Accuracy     : 0.4673

Epoch : 15
Train Loss     : 0.3820	 | 	Train Accuracy     : 0.8492
Valid Loss     : 2.3517	 | 	Valid Accuracy     : 0.4678

Epoch : 16
Train Loss     : 0.3889	 | 	Train Accuracy     : 0.8464
Valid Loss     : 2.3670	 | 	Valid Accuracy     : 0.4648

Epoch : 17
Train Loss     : 0.3778	 | 	Train Accuracy     : 0.8549
Valid Loss     : 2.4287	 | 	Valid Accuracy     : 0.4653

Epoch : 18
Train Loss     : 0.3945	 | 	Train Accuracy     : 0.8461
Valid Loss     : 2.3345	 | 	Valid Accuracy     : 0.4692

Epoch : 19
Train Loss     : 0.3907	 | 	Train Accuracy     : 0.8424
Valid Loss     : 2.2436	 | 	Valid Accuracy     : 0.4673

Epoch : 20
Train Loss     : 0.3842	 | 	Train Accuracy     : 0.8534
Valid Loss     : 2.4129	 | 	Valid Accuracy     : 0.4658

Epoch : 21
Train Loss     : 0.3835	 | 	Train Accuracy     : 0.8539
Valid Loss     : 2.3440	 | 	Valid Accuracy     : 0.4648

Epoch : 22
Train Loss     : 0.3780	 | 	Train Accuracy     : 0.8552
Valid Loss     : 2.3927	 | 	Valid Accuracy     : 0.4541

Epoch : 23
Train Loss     : 0.4060	 | 	Train Accuracy     : 0.8341
Valid Loss     : 2.1630	 | 	Valid Accuracy     : 0.4614

Epoch : 24
Train Loss     : 0.3839	 | 	Train Accuracy     : 0.8497
Valid Loss     : 2.2566	 | 	Valid Accuracy     : 0.4707

Epoch : 25
Train Loss     : 0.3768	 | 	Train Accuracy     : 0.8552
Valid Loss     : 2.2929	 | 	Valid Accuracy     : 0.4697

Epoch : 26
Train Loss     : 0.3777	 | 	Train Accuracy     : 0.8484
Valid Loss     : 2.3264	 | 	Valid Accuracy     : 0.4653

Epoch : 27
Train Loss     : 0.3761	 | 	Train Accuracy     : 0.8521
Valid Loss     : 2.3562	 | 	Valid Accuracy     : 0.4668

Epoch : 28
Train Loss     : 0.3755	 | 	Train Accuracy     : 0.8531
Valid Loss     : 2.3059	 | 	Valid Accuracy     : 0.4658

Epoch : 29
Train Loss     : 0.3833	 | 	Train Accuracy     : 0.8542
Valid Loss     : 2.2652	 | 	Valid Accuracy     : 0.4644

Epoch : 30
Train Loss     : 0.3822	 | 	Train Accuracy     : 0.8536
Valid Loss     : 2.2605	 | 	Valid Accuracy     : 0.4629

Evaluate on the Test set:
Test loss      :1.7195	 | Test Accuracy      : 0.5459 | Test AUPRC      : 0.4818
tensor([0.8999, 0.9388, 0.9023, 0.9194, 0.9289, 0.9518, 0.9528, 0.8529, 0.8955,
        0.8447, 0.8996, 0.8873, 0.8528, 0.9081, 0.9904, 0.8419, 0.8592, 0.9007,
        0.8926, 0.8917, 0.8615, 0.9210, 0.9373, 0.9594, 0.9697, 0.9397, 0.8850,
        0.8559, 0.8543, 0.8459, 0.8798, 1.0037, 0.9915, 0.8728, 0.8485, 0.9172,
        0.8998, 0.8703, 0.9146, 0.9240, 0.9515, 0.9756, 0.8483, 0.9906, 0.9106,
        0.8760, 0.8478, 0.8848, 0.9145, 0.8719, 0.8393, 0.8470, 0.8553, 0.8708,
        0.8566, 0.8116, 0.8517, 0.9065, 0.9258, 0.8395, 0.9138, 0.9337],
       device='cuda:0', grad_fn=<SqueezeBackward1>)

################## Training is Done! #########################
Training time is : 0:00:44.402437
