=============================================
Dataset: SEED
Method:  TS-TCC
Mode:    train_linear
=============================================
Data loaded ...
Subjet 3
if scale True
Training started ....

Epoch : 1
Train Loss     : 1.1930	 | 	Train Accuracy     : 0.4669
Valid Loss     : 0.8965	 | 	Valid Accuracy     : 0.5991

Epoch : 2
Train Loss     : 0.7371	 | 	Train Accuracy     : 0.6602
Valid Loss     : 0.8565	 | 	Valid Accuracy     : 0.6396

Epoch : 3
Train Loss     : 0.6336	 | 	Train Accuracy     : 0.7336
Valid Loss     : 0.7603	 | 	Valid Accuracy     : 0.6870

Epoch : 4
Train Loss     : 0.5877	 | 	Train Accuracy     : 0.7664
Valid Loss     : 0.7643	 | 	Valid Accuracy     : 0.6904

Epoch : 5
Train Loss     : 0.5688	 | 	Train Accuracy     : 0.7612
Valid Loss     : 0.8388	 | 	Valid Accuracy     : 0.6787

Epoch : 6
Train Loss     : 0.5493	 | 	Train Accuracy     : 0.7680
Valid Loss     : 0.8720	 | 	Valid Accuracy     : 0.6714

Epoch : 7
Train Loss     : 0.5381	 | 	Train Accuracy     : 0.7760
Valid Loss     : 1.0582	 | 	Valid Accuracy     : 0.6216

Epoch : 8
Train Loss     : 0.5129	 | 	Train Accuracy     : 0.7911
Valid Loss     : 1.0928	 | 	Valid Accuracy     : 0.6040

Epoch : 9
Train Loss     : 0.5130	 | 	Train Accuracy     : 0.7953
Valid Loss     : 1.1301	 | 	Valid Accuracy     : 0.6021

Epoch : 10
Train Loss     : 0.5123	 | 	Train Accuracy     : 0.7878
Valid Loss     : 1.0237	 | 	Valid Accuracy     : 0.6167

Epoch : 11
Train Loss     : 0.5341	 | 	Train Accuracy     : 0.7695
Valid Loss     : 1.0563	 | 	Valid Accuracy     : 0.6064

Epoch : 12
Train Loss     : 0.5121	 | 	Train Accuracy     : 0.7844
Valid Loss     : 1.1649	 | 	Valid Accuracy     : 0.6011

Epoch : 13
Train Loss     : 0.4568	 | 	Train Accuracy     : 0.8159
Valid Loss     : 1.3321	 | 	Valid Accuracy     : 0.5718

Epoch : 14
Train Loss     : 0.4689	 | 	Train Accuracy     : 0.8094
Valid Loss     : 1.2154	 | 	Valid Accuracy     : 0.5835

Epoch : 15
Train Loss     : 0.4414	 | 	Train Accuracy     : 0.8279
Valid Loss     : 1.2760	 | 	Valid Accuracy     : 0.5776

Epoch : 16
Train Loss     : 0.4499	 | 	Train Accuracy     : 0.8221
Valid Loss     : 1.2651	 | 	Valid Accuracy     : 0.5830

Epoch : 17
Train Loss     : 0.4438	 | 	Train Accuracy     : 0.8297
Valid Loss     : 1.2414	 | 	Valid Accuracy     : 0.5825

Epoch : 18
Train Loss     : 0.4493	 | 	Train Accuracy     : 0.8263
Valid Loss     : 1.2666	 | 	Valid Accuracy     : 0.5854

Epoch : 19
Train Loss     : 0.4444	 | 	Train Accuracy     : 0.8310
Valid Loss     : 1.2680	 | 	Valid Accuracy     : 0.5859

Epoch : 20
Train Loss     : 0.4492	 | 	Train Accuracy     : 0.8266
Valid Loss     : 1.2319	 | 	Valid Accuracy     : 0.5845

Epoch : 21
Train Loss     : 0.4375	 | 	Train Accuracy     : 0.8315
Valid Loss     : 1.2717	 | 	Valid Accuracy     : 0.5830

Epoch : 22
Train Loss     : 0.4366	 | 	Train Accuracy     : 0.8286
Valid Loss     : 1.2230	 | 	Valid Accuracy     : 0.5864

Epoch : 23
Train Loss     : 0.4458	 | 	Train Accuracy     : 0.8247
Valid Loss     : 1.3331	 | 	Valid Accuracy     : 0.5757

Epoch : 24
Train Loss     : 0.4430	 | 	Train Accuracy     : 0.8313
Valid Loss     : 1.3017	 | 	Valid Accuracy     : 0.5762

Epoch : 25
Train Loss     : 0.4444	 | 	Train Accuracy     : 0.8266
Valid Loss     : 1.2234	 | 	Valid Accuracy     : 0.5796

Epoch : 26
Train Loss     : 0.4373	 | 	Train Accuracy     : 0.8255
Valid Loss     : 1.2533	 | 	Valid Accuracy     : 0.5786

Epoch : 27
Train Loss     : 0.4365	 | 	Train Accuracy     : 0.8339
Valid Loss     : 1.2683	 | 	Valid Accuracy     : 0.5786

Epoch : 28
Train Loss     : 0.4318	 | 	Train Accuracy     : 0.8346
Valid Loss     : 1.2828	 | 	Valid Accuracy     : 0.5786

Epoch : 29
Train Loss     : 0.4320	 | 	Train Accuracy     : 0.8328
Valid Loss     : 1.2702	 | 	Valid Accuracy     : 0.5806

Epoch : 30
Train Loss     : 0.4279	 | 	Train Accuracy     : 0.8419
Valid Loss     : 1.2730	 | 	Valid Accuracy     : 0.5825

Evaluate on the Test set:
Test loss      :1.4738	 | Test Accuracy      : 0.5437 | Test AUPRC      : 0.5111
tensor([0.9079, 0.9064, 0.9882, 0.9621, 0.9081, 0.9798, 0.9968, 0.8591, 0.8614,
        0.8635, 0.8904, 0.8735, 0.9240, 0.9168, 0.9180, 0.8635, 0.8545, 0.8500,
        0.8117, 0.9437, 0.9159, 0.8215, 0.9301, 0.9808, 0.9767, 0.8768, 0.9422,
        0.8333, 0.8500, 0.8687, 0.8991, 0.9657, 0.9612, 0.8379, 0.8002, 0.8481,
        0.8842, 0.8792, 0.8823, 0.8552, 0.9837, 0.8415, 0.8336, 0.9241, 0.8766,
        0.8813, 0.8830, 0.8446, 0.8303, 0.8612, 0.8549, 0.8605, 0.8067, 0.8611,
        0.8480, 0.8581, 0.8720, 0.8573, 0.8406, 0.9225, 0.8893, 0.8972],
       device='cuda:0', grad_fn=<SqueezeBackward1>)

################## Training is Done! #########################
Training time is : 0:00:43.217363
