=============================================
Dataset: SEED
Method:  TS-TCC
Mode:    train_linear
=============================================
Data loaded ...
Subjet 4
if scale True
Training started ....

Epoch : 1
Train Loss     : 1.1957	 | 	Train Accuracy     : 0.4791
Valid Loss     : 1.1843	 | 	Valid Accuracy     : 0.4429

Epoch : 2
Train Loss     : 0.7692	 | 	Train Accuracy     : 0.6776
Valid Loss     : 0.9141	 | 	Valid Accuracy     : 0.5889

Epoch : 3
Train Loss     : 0.7161	 | 	Train Accuracy     : 0.7048
Valid Loss     : 0.8510	 | 	Valid Accuracy     : 0.6343

Epoch : 4
Train Loss     : 0.6714	 | 	Train Accuracy     : 0.7315
Valid Loss     : 0.8718	 | 	Valid Accuracy     : 0.6455

Epoch : 5
Train Loss     : 0.6624	 | 	Train Accuracy     : 0.7379
Valid Loss     : 0.9590	 | 	Valid Accuracy     : 0.6113

Epoch : 6
Train Loss     : 0.6536	 | 	Train Accuracy     : 0.7401
Valid Loss     : 0.8526	 | 	Valid Accuracy     : 0.6294

Epoch : 7
Train Loss     : 0.6671	 | 	Train Accuracy     : 0.7254
Valid Loss     : 0.9720	 | 	Valid Accuracy     : 0.6245

Epoch : 8
Train Loss     : 0.6415	 | 	Train Accuracy     : 0.7505
Valid Loss     : 0.9136	 | 	Valid Accuracy     : 0.6255

Epoch : 9
Train Loss     : 0.6269	 | 	Train Accuracy     : 0.7580
Valid Loss     : 0.8925	 | 	Valid Accuracy     : 0.6519

Epoch : 10
Train Loss     : 0.6403	 | 	Train Accuracy     : 0.7420
Valid Loss     : 0.8787	 | 	Valid Accuracy     : 0.6362

Epoch : 11
Train Loss     : 0.6367	 | 	Train Accuracy     : 0.7458
Valid Loss     : 0.9032	 | 	Valid Accuracy     : 0.5981

Epoch : 12
Train Loss     : 0.6706	 | 	Train Accuracy     : 0.7198
Valid Loss     : 0.9783	 | 	Valid Accuracy     : 0.6187

Epoch : 13
Train Loss     : 0.6376	 | 	Train Accuracy     : 0.7439
Valid Loss     : 0.8973	 | 	Valid Accuracy     : 0.6445

Epoch : 14
Train Loss     : 0.6261	 | 	Train Accuracy     : 0.7435
Valid Loss     : 0.8952	 | 	Valid Accuracy     : 0.6309

Epoch : 15
Train Loss     : 0.5862	 | 	Train Accuracy     : 0.7777
Valid Loss     : 0.8926	 | 	Valid Accuracy     : 0.6543

Epoch : 16
Train Loss     : 0.5857	 | 	Train Accuracy     : 0.7763
Valid Loss     : 0.8961	 | 	Valid Accuracy     : 0.6494

Epoch : 17
Train Loss     : 0.5965	 | 	Train Accuracy     : 0.7712
Valid Loss     : 0.8960	 | 	Valid Accuracy     : 0.6523

Epoch : 18
Train Loss     : 0.5813	 | 	Train Accuracy     : 0.7738
Valid Loss     : 0.8996	 | 	Valid Accuracy     : 0.6597

Epoch : 19
Train Loss     : 0.5904	 | 	Train Accuracy     : 0.7829
Valid Loss     : 0.9051	 | 	Valid Accuracy     : 0.6567

Epoch : 20
Train Loss     : 0.5813	 | 	Train Accuracy     : 0.7748
Valid Loss     : 0.9095	 | 	Valid Accuracy     : 0.6572

Epoch : 21
Train Loss     : 0.5800	 | 	Train Accuracy     : 0.7799
Valid Loss     : 0.9154	 | 	Valid Accuracy     : 0.6504

Epoch : 22
Train Loss     : 0.5681	 | 	Train Accuracy     : 0.7828
Valid Loss     : 0.9065	 | 	Valid Accuracy     : 0.6611

Epoch : 23
Train Loss     : 0.5818	 | 	Train Accuracy     : 0.7831
Valid Loss     : 0.8844	 | 	Valid Accuracy     : 0.6543

Epoch : 24
Train Loss     : 0.5828	 | 	Train Accuracy     : 0.7797
Valid Loss     : 0.8977	 | 	Valid Accuracy     : 0.6484

Epoch : 25
Train Loss     : 0.5804	 | 	Train Accuracy     : 0.7804
Valid Loss     : 0.9179	 | 	Valid Accuracy     : 0.6533

Epoch : 26
Train Loss     : 0.5771	 | 	Train Accuracy     : 0.7835
Valid Loss     : 0.9108	 | 	Valid Accuracy     : 0.6484

Epoch : 27
Train Loss     : 0.5794	 | 	Train Accuracy     : 0.7796
Valid Loss     : 0.9070	 | 	Valid Accuracy     : 0.6489

Epoch : 28
Train Loss     : 0.5784	 | 	Train Accuracy     : 0.7811
Valid Loss     : 0.9036	 | 	Valid Accuracy     : 0.6509

Epoch : 29
Train Loss     : 0.5729	 | 	Train Accuracy     : 0.7807
Valid Loss     : 0.8933	 | 	Valid Accuracy     : 0.6514

Epoch : 30
Train Loss     : 0.5692	 | 	Train Accuracy     : 0.7886
Valid Loss     : 0.8920	 | 	Valid Accuracy     : 0.6504

Evaluate on the Test set:
Test loss      :1.0001	 | Test Accuracy      : 0.5891 | Test AUPRC      : 0.5061
tensor([0.9009, 0.9221, 0.9718, 0.8412, 0.8402, 0.9790, 0.8785, 0.7303, 0.8304,
        0.8013, 0.8357, 0.7385, 0.9093, 0.9423, 0.8613, 0.8879, 0.8630, 0.7833,
        0.7291, 0.7546, 0.8656, 0.7726, 0.9456, 1.0034, 0.8962, 0.8846, 0.8538,
        0.8051, 0.8085, 0.7390, 0.8434, 1.0000, 0.9023, 0.7051, 0.6867, 0.8417,
        0.8253, 0.7741, 0.7564, 0.7816, 0.9074, 0.8451, 0.8126, 0.8026, 0.7864,
        0.7832, 0.7966, 0.9043, 0.8400, 0.7271, 0.7599, 0.7413, 0.7455, 0.8672,
        0.7278, 0.8000, 0.8373, 0.8094, 0.7423, 0.7381, 0.8247, 0.8740],
       device='cuda:0', grad_fn=<SqueezeBackward1>)

################## Training is Done! #########################
Training time is : 0:00:49.071467
