=============================================
Dataset: SEED
Method:  TS-TCC
Mode:    train_linear
=============================================
Data loaded ...
Subjet 13
if scale True
Training started ....

Epoch : 1
Train Loss     : 0.9343	 | 	Train Accuracy     : 0.5583
Valid Loss     : 1.5972	 | 	Valid Accuracy     : 0.4102

Epoch : 2
Train Loss     : 0.5685	 | 	Train Accuracy     : 0.7396
Valid Loss     : 0.9636	 | 	Valid Accuracy     : 0.6055

Epoch : 3
Train Loss     : 0.5173	 | 	Train Accuracy     : 0.7661
Valid Loss     : 0.8069	 | 	Valid Accuracy     : 0.6914

Epoch : 4
Train Loss     : 0.4620	 | 	Train Accuracy     : 0.8010
Valid Loss     : 0.7439	 | 	Valid Accuracy     : 0.7363

Epoch : 5
Train Loss     : 0.4516	 | 	Train Accuracy     : 0.8167
Valid Loss     : 0.8051	 | 	Valid Accuracy     : 0.7456

Epoch : 6
Train Loss     : 0.4207	 | 	Train Accuracy     : 0.8271
Valid Loss     : 0.8699	 | 	Valid Accuracy     : 0.7378

Epoch : 7
Train Loss     : 0.4068	 | 	Train Accuracy     : 0.8406
Valid Loss     : 0.7929	 | 	Valid Accuracy     : 0.7402

Epoch : 8
Train Loss     : 0.3993	 | 	Train Accuracy     : 0.8406
Valid Loss     : 0.8322	 | 	Valid Accuracy     : 0.7539

Epoch : 9
Train Loss     : 0.3887	 | 	Train Accuracy     : 0.8388
Valid Loss     : 0.8056	 | 	Valid Accuracy     : 0.7451

Epoch : 10
Train Loss     : 0.4075	 | 	Train Accuracy     : 0.8331
Valid Loss     : 0.8368	 | 	Valid Accuracy     : 0.7402

Epoch : 11
Train Loss     : 0.4135	 | 	Train Accuracy     : 0.8263
Valid Loss     : 0.8681	 | 	Valid Accuracy     : 0.7402

Epoch : 12
Train Loss     : 0.4032	 | 	Train Accuracy     : 0.8297
Valid Loss     : 0.9896	 | 	Valid Accuracy     : 0.7422

Epoch : 13
Train Loss     : 0.3867	 | 	Train Accuracy     : 0.8391
Valid Loss     : 0.9483	 | 	Valid Accuracy     : 0.7490

Epoch : 14
Train Loss     : 0.3644	 | 	Train Accuracy     : 0.8531
Valid Loss     : 0.8905	 | 	Valid Accuracy     : 0.7251

Epoch : 15
Train Loss     : 0.3696	 | 	Train Accuracy     : 0.8531
Valid Loss     : 0.8903	 | 	Valid Accuracy     : 0.7407

Epoch : 16
Train Loss     : 0.3482	 | 	Train Accuracy     : 0.8651
Valid Loss     : 0.8881	 | 	Valid Accuracy     : 0.7393

Epoch : 17
Train Loss     : 0.3397	 | 	Train Accuracy     : 0.8734
Valid Loss     : 0.8887	 | 	Valid Accuracy     : 0.7373

Epoch : 18
Train Loss     : 0.3497	 | 	Train Accuracy     : 0.8625
Valid Loss     : 0.8796	 | 	Valid Accuracy     : 0.7349

Epoch : 19
Train Loss     : 0.3446	 | 	Train Accuracy     : 0.8667
Valid Loss     : 0.8850	 | 	Valid Accuracy     : 0.7363

Epoch : 20
Train Loss     : 0.3420	 | 	Train Accuracy     : 0.8646
Valid Loss     : 0.8993	 | 	Valid Accuracy     : 0.7354

Epoch : 21
Train Loss     : 0.3402	 | 	Train Accuracy     : 0.8745
Valid Loss     : 0.8804	 | 	Valid Accuracy     : 0.7402

Epoch : 22
Train Loss     : 0.3376	 | 	Train Accuracy     : 0.8701
Valid Loss     : 0.8834	 | 	Valid Accuracy     : 0.7324

Epoch : 23
Train Loss     : 0.3427	 | 	Train Accuracy     : 0.8698
Valid Loss     : 0.9115	 | 	Valid Accuracy     : 0.7441

Epoch : 24
Train Loss     : 0.3410	 | 	Train Accuracy     : 0.8687
Valid Loss     : 0.9251	 | 	Valid Accuracy     : 0.7373

Epoch : 25
Train Loss     : 0.3440	 | 	Train Accuracy     : 0.8672
Valid Loss     : 0.9076	 | 	Valid Accuracy     : 0.7368

Epoch : 26
Train Loss     : 0.3420	 | 	Train Accuracy     : 0.8685
Valid Loss     : 0.8799	 | 	Valid Accuracy     : 0.7354

Epoch : 27
Train Loss     : 0.3265	 | 	Train Accuracy     : 0.8773
Valid Loss     : 0.8923	 | 	Valid Accuracy     : 0.7339

Epoch : 28
Train Loss     : 0.3398	 | 	Train Accuracy     : 0.8701
Valid Loss     : 0.8994	 | 	Valid Accuracy     : 0.7368

Epoch : 29
Train Loss     : 0.3365	 | 	Train Accuracy     : 0.8690
Valid Loss     : 0.8814	 | 	Valid Accuracy     : 0.7407

Epoch : 30
Train Loss     : 0.3345	 | 	Train Accuracy     : 0.8745
Valid Loss     : 0.8935	 | 	Valid Accuracy     : 0.7368

Evaluate on the Test set:
Test loss      :1.4667	 | Test Accuracy      : 0.5932 | Test AUPRC      : 0.5287
tensor([0.9129, 0.9222, 0.9636, 0.9535, 0.8107, 0.9930, 0.9825, 0.8488, 0.8892,
        0.8598, 0.8280, 0.8755, 0.9859, 0.8506, 0.8917, 0.8501, 0.8777, 0.8997,
        0.7790, 0.9038, 0.8699, 0.8441, 0.9127, 0.9837, 0.9732, 0.8511, 0.8952,
        0.8283, 0.8518, 0.8317, 0.8629, 0.9499, 0.9500, 0.9079, 0.8655, 0.9042,
        0.9127, 0.8369, 0.8958, 0.8686, 0.9161, 0.8888, 0.8810, 0.8626, 0.8845,
        0.8295, 0.8900, 0.8413, 0.8390, 0.8348, 0.8168, 0.8281, 0.8399, 0.9169,
        0.8335, 0.7733, 0.8116, 0.8922, 0.8345, 0.8998, 0.8661, 0.8392],
       device='cuda:0', grad_fn=<SqueezeBackward1>)

################## Training is Done! #########################
Training time is : 0:00:47.846742
