=============================================
Dataset: SEED
Method:  TS-TCC
Mode:    train_linear
=============================================
Data loaded ...
Subjet 10
if scale True
Training started ....

Epoch : 1
Train Loss     : 1.4213	 | 	Train Accuracy     : 0.4135
Valid Loss     : 1.5509	 | 	Valid Accuracy     : 0.3091

Epoch : 2
Train Loss     : 0.8439	 | 	Train Accuracy     : 0.6183
Valid Loss     : 1.1497	 | 	Valid Accuracy     : 0.3628

Epoch : 3
Train Loss     : 0.7241	 | 	Train Accuracy     : 0.6713
Valid Loss     : 2.2605	 | 	Valid Accuracy     : 0.3667

Epoch : 4
Train Loss     : 0.6315	 | 	Train Accuracy     : 0.7081
Valid Loss     : 1.9620	 | 	Valid Accuracy     : 0.3838

Epoch : 5
Train Loss     : 0.5247	 | 	Train Accuracy     : 0.7679
Valid Loss     : 1.4602	 | 	Valid Accuracy     : 0.4097

Epoch : 6
Train Loss     : 0.4899	 | 	Train Accuracy     : 0.7907
Valid Loss     : 1.7483	 | 	Valid Accuracy     : 0.4019

Epoch : 7
Train Loss     : 0.4578	 | 	Train Accuracy     : 0.8125
Valid Loss     : 1.7383	 | 	Valid Accuracy     : 0.4194

Epoch : 8
Train Loss     : 0.4250	 | 	Train Accuracy     : 0.8270
Valid Loss     : 1.8273	 | 	Valid Accuracy     : 0.4214

Epoch : 9
Train Loss     : 0.4027	 | 	Train Accuracy     : 0.8326
Valid Loss     : 1.7762	 | 	Valid Accuracy     : 0.4614

Epoch : 10
Train Loss     : 0.3948	 | 	Train Accuracy     : 0.8371
Valid Loss     : 1.6742	 | 	Valid Accuracy     : 0.4741

Epoch : 11
Train Loss     : 0.3824	 | 	Train Accuracy     : 0.8421
Valid Loss     : 1.5254	 | 	Valid Accuracy     : 0.5151

Epoch : 12
Train Loss     : 0.3838	 | 	Train Accuracy     : 0.8421
Valid Loss     : 1.5015	 | 	Valid Accuracy     : 0.5142

Epoch : 13
Train Loss     : 0.3690	 | 	Train Accuracy     : 0.8421
Valid Loss     : 1.6324	 | 	Valid Accuracy     : 0.5078

Epoch : 14
Train Loss     : 0.3707	 | 	Train Accuracy     : 0.8527
Valid Loss     : 1.6627	 | 	Valid Accuracy     : 0.5137

Epoch : 15
Train Loss     : 0.3506	 | 	Train Accuracy     : 0.8610
Valid Loss     : 1.8415	 | 	Valid Accuracy     : 0.4849

Epoch : 16
Train Loss     : 0.3502	 | 	Train Accuracy     : 0.8666
Valid Loss     : 1.7800	 | 	Valid Accuracy     : 0.4849

Epoch : 17
Train Loss     : 0.3429	 | 	Train Accuracy     : 0.8683
Valid Loss     : 1.7641	 | 	Valid Accuracy     : 0.4858

Epoch : 18
Train Loss     : 0.2922	 | 	Train Accuracy     : 0.8984
Valid Loss     : 1.6559	 | 	Valid Accuracy     : 0.5376

Epoch : 19
Train Loss     : 0.3555	 | 	Train Accuracy     : 0.8644
Valid Loss     : 1.7162	 | 	Valid Accuracy     : 0.5244

Epoch : 20
Train Loss     : 0.3488	 | 	Train Accuracy     : 0.8689
Valid Loss     : 1.7926	 | 	Valid Accuracy     : 0.5176

Epoch : 21
Train Loss     : 0.3549	 | 	Train Accuracy     : 0.8622
Valid Loss     : 1.8713	 | 	Valid Accuracy     : 0.5020

Epoch : 22
Train Loss     : 0.3380	 | 	Train Accuracy     : 0.8750
Valid Loss     : 1.8638	 | 	Valid Accuracy     : 0.4893

Epoch : 23
Train Loss     : 0.3445	 | 	Train Accuracy     : 0.8722
Valid Loss     : 1.7951	 | 	Valid Accuracy     : 0.5024

Epoch : 24
Train Loss     : 0.2901	 | 	Train Accuracy     : 0.8940
Valid Loss     : 1.7452	 | 	Valid Accuracy     : 0.5317

Epoch : 25
Train Loss     : 0.3498	 | 	Train Accuracy     : 0.8627
Valid Loss     : 1.8286	 | 	Valid Accuracy     : 0.5024

Epoch : 26
Train Loss     : 0.3383	 | 	Train Accuracy     : 0.8717
Valid Loss     : 1.8054	 | 	Valid Accuracy     : 0.4961

Epoch : 27
Train Loss     : 0.3364	 | 	Train Accuracy     : 0.8817
Valid Loss     : 1.8215	 | 	Valid Accuracy     : 0.4980

Epoch : 28
Train Loss     : 0.2945	 | 	Train Accuracy     : 0.8923
Valid Loss     : 1.7155	 | 	Valid Accuracy     : 0.5293

Epoch : 29
Train Loss     : 0.3400	 | 	Train Accuracy     : 0.8744
Valid Loss     : 1.7624	 | 	Valid Accuracy     : 0.5181

Epoch : 30
Train Loss     : 0.2890	 | 	Train Accuracy     : 0.8929
Valid Loss     : 1.6494	 | 	Valid Accuracy     : 0.5366

Evaluate on the Test set:
Test loss      :1.7060	 | Test Accuracy      : 0.5169 | Test AUPRC      : 0.4190
tensor([0.9560, 0.9476, 0.9775, 0.9618, 0.9320, 0.9907, 0.9618, 0.9536, 0.9571,
        0.9356, 0.9482, 0.9552, 0.9721, 0.9467, 1.0096, 0.9353, 0.9588, 0.9363,
        0.9289, 0.9356, 0.9431, 0.9625, 0.9879, 1.0008, 0.9812, 0.9356, 0.9618,
        0.9370, 0.9656, 0.9348, 0.9792, 1.0096, 0.9649, 0.9372, 0.9183, 0.9427,
        0.9490, 0.9518, 0.9471, 0.9212, 0.9707, 0.9378, 0.9616, 0.9623, 0.9922,
        0.9645, 0.9465, 0.9562, 0.9210, 0.9160, 0.9302, 0.9529, 0.9231, 0.9797,
        0.9471, 0.9080, 0.9518, 0.9454, 0.9710, 0.9730, 0.9475, 0.9457],
       device='cuda:0', grad_fn=<SqueezeBackward1>)

################## Training is Done! #########################
Training time is : 0:00:25.116219
