=============================================
Dataset: SEED
Method:  TS-TCC
Mode:    train_linear
=============================================
Data loaded ...
Subjet 3
if scale True
Training started ....

Epoch : 1
Train Loss     : 1.0824	 | 	Train Accuracy     : 0.5214
Valid Loss     : 1.4069	 | 	Valid Accuracy     : 0.4536

Epoch : 2
Train Loss     : 0.6697	 | 	Train Accuracy     : 0.7232
Valid Loss     : 1.3436	 | 	Valid Accuracy     : 0.6270

Epoch : 3
Train Loss     : 0.5751	 | 	Train Accuracy     : 0.7719
Valid Loss     : 1.1837	 | 	Valid Accuracy     : 0.6631

Epoch : 4
Train Loss     : 0.5225	 | 	Train Accuracy     : 0.8021
Valid Loss     : 1.1240	 | 	Valid Accuracy     : 0.6611

Epoch : 5
Train Loss     : 0.5121	 | 	Train Accuracy     : 0.8117
Valid Loss     : 1.1426	 | 	Valid Accuracy     : 0.6455

Epoch : 6
Train Loss     : 0.5053	 | 	Train Accuracy     : 0.8039
Valid Loss     : 1.2877	 | 	Valid Accuracy     : 0.6201

Epoch : 7
Train Loss     : 0.4807	 | 	Train Accuracy     : 0.8154
Valid Loss     : 1.2810	 | 	Valid Accuracy     : 0.5767

Epoch : 8
Train Loss     : 0.4610	 | 	Train Accuracy     : 0.8208
Valid Loss     : 1.2521	 | 	Valid Accuracy     : 0.5527

Epoch : 9
Train Loss     : 0.4395	 | 	Train Accuracy     : 0.8385
Valid Loss     : 1.4551	 | 	Valid Accuracy     : 0.5532

Epoch : 10
Train Loss     : 0.4458	 | 	Train Accuracy     : 0.8281
Valid Loss     : 1.5178	 | 	Valid Accuracy     : 0.5591

Epoch : 11
Train Loss     : 0.4348	 | 	Train Accuracy     : 0.8271
Valid Loss     : 1.5879	 | 	Valid Accuracy     : 0.5493

Epoch : 12
Train Loss     : 0.4208	 | 	Train Accuracy     : 0.8422
Valid Loss     : 1.3220	 | 	Valid Accuracy     : 0.5483

Epoch : 13
Train Loss     : 0.4296	 | 	Train Accuracy     : 0.8331
Valid Loss     : 1.3529	 | 	Valid Accuracy     : 0.5332

Epoch : 14
Train Loss     : 0.4092	 | 	Train Accuracy     : 0.8492
Valid Loss     : 1.5681	 | 	Valid Accuracy     : 0.5400

Epoch : 15
Train Loss     : 0.3955	 | 	Train Accuracy     : 0.8534
Valid Loss     : 1.5675	 | 	Valid Accuracy     : 0.5420

Epoch : 16
Train Loss     : 0.3920	 | 	Train Accuracy     : 0.8536
Valid Loss     : 1.4887	 | 	Valid Accuracy     : 0.5278

Epoch : 17
Train Loss     : 0.3919	 | 	Train Accuracy     : 0.8536
Valid Loss     : 1.5623	 | 	Valid Accuracy     : 0.5376

Epoch : 18
Train Loss     : 0.3788	 | 	Train Accuracy     : 0.8594
Valid Loss     : 1.5589	 | 	Valid Accuracy     : 0.5454

Epoch : 19
Train Loss     : 0.3811	 | 	Train Accuracy     : 0.8576
Valid Loss     : 1.5567	 | 	Valid Accuracy     : 0.5327

Epoch : 20
Train Loss     : 0.3846	 | 	Train Accuracy     : 0.8586
Valid Loss     : 1.5278	 | 	Valid Accuracy     : 0.5322

Epoch : 21
Train Loss     : 0.3811	 | 	Train Accuracy     : 0.8625
Valid Loss     : 1.5299	 | 	Valid Accuracy     : 0.5312

Epoch : 22
Train Loss     : 0.3799	 | 	Train Accuracy     : 0.8591
Valid Loss     : 1.5409	 | 	Valid Accuracy     : 0.5312

Epoch : 23
Train Loss     : 0.3890	 | 	Train Accuracy     : 0.8539
Valid Loss     : 1.5482	 | 	Valid Accuracy     : 0.5264

Epoch : 24
Train Loss     : 0.3824	 | 	Train Accuracy     : 0.8578
Valid Loss     : 1.5679	 | 	Valid Accuracy     : 0.5317

Epoch : 25
Train Loss     : 0.3857	 | 	Train Accuracy     : 0.8594
Valid Loss     : 1.5641	 | 	Valid Accuracy     : 0.5278

Epoch : 26
Train Loss     : 0.3775	 | 	Train Accuracy     : 0.8607
Valid Loss     : 1.5534	 | 	Valid Accuracy     : 0.5288

Epoch : 27
Train Loss     : 0.3718	 | 	Train Accuracy     : 0.8682
Valid Loss     : 1.5670	 | 	Valid Accuracy     : 0.5254

Epoch : 28
Train Loss     : 0.3711	 | 	Train Accuracy     : 0.8609
Valid Loss     : 1.5677	 | 	Valid Accuracy     : 0.5337

Epoch : 29
Train Loss     : 0.3788	 | 	Train Accuracy     : 0.8602
Valid Loss     : 1.5549	 | 	Valid Accuracy     : 0.5303

Epoch : 30
Train Loss     : 0.3669	 | 	Train Accuracy     : 0.8672
Valid Loss     : 1.5495	 | 	Valid Accuracy     : 0.5303

Evaluate on the Test set:
Test loss      :1.3396	 | Test Accuracy      : 0.6129 | Test AUPRC      : 0.5471
tensor([0.8877, 0.8962, 0.9553, 0.9600, 0.9135, 1.0204, 0.9805, 0.8559, 0.8282,
        0.8316, 0.9135, 0.8266, 0.9335, 0.9216, 0.9582, 0.8440, 0.8701, 0.8619,
        0.7964, 0.9145, 0.9049, 0.8202, 0.9195, 1.0265, 0.9304, 0.8932, 0.9110,
        0.8370, 0.8975, 0.8385, 0.8705, 0.9583, 0.8951, 0.8101, 0.7978, 0.8398,
        0.8562, 0.8721, 0.8928, 0.8157, 0.8886, 0.8324, 0.8072, 0.8997, 0.8453,
        0.9335, 0.8464, 0.8467, 0.8171, 0.8298, 0.8346, 0.8417, 0.8697, 0.8393,
        0.8191, 0.7791, 0.8230, 0.9341, 0.9789, 0.9122, 0.9551, 0.8761],
       device='cuda:0', grad_fn=<SqueezeBackward1>)

################## Training is Done! #########################
Training time is : 0:00:38.490950
