=============================================
Dataset: SEED
Method:  TS-TCC
Mode:    supervised
=============================================
Data loaded ...
Subjet 9
if scale True
Training started ....

Epoch : 1
Train Loss     : 1.1342	 | 	Train Accuracy     : 0.5282
Valid Loss     : 0.7667	 | 	Valid Accuracy     : 0.6392

Epoch : 2
Train Loss     : 0.6019	 | 	Train Accuracy     : 0.7395
Valid Loss     : 0.6787	 | 	Valid Accuracy     : 0.6675

Epoch : 3
Train Loss     : 0.4726	 | 	Train Accuracy     : 0.8130
Valid Loss     : 0.6714	 | 	Valid Accuracy     : 0.6758

Epoch : 4
Train Loss     : 0.4169	 | 	Train Accuracy     : 0.8356
Valid Loss     : 0.6432	 | 	Valid Accuracy     : 0.6992

Epoch : 5
Train Loss     : 0.3848	 | 	Train Accuracy     : 0.8480
Valid Loss     : 0.6408	 | 	Valid Accuracy     : 0.7144

Epoch : 6
Train Loss     : 0.3320	 | 	Train Accuracy     : 0.8750
Valid Loss     : 0.6130	 | 	Valid Accuracy     : 0.7358
