=============================================
Dataset: SEED
Method:  TS-TCC
Mode:    supervised
=============================================
Data loaded ...
Subjet 8
if scale True
Training started ....

Epoch : 1
Train Loss     : 1.4114	 | 	Train Accuracy     : 0.4358
Valid Loss     : 0.8923	 | 	Valid Accuracy     : 0.5513

Epoch : 2
Train Loss     : 0.8344	 | 	Train Accuracy     : 0.6194
Valid Loss     : 0.9197	 | 	Valid Accuracy     : 0.4941

Epoch : 3
Train Loss     : 0.6136	 | 	Train Accuracy     : 0.6875
Valid Loss     : 1.3075	 | 	Valid Accuracy     : 0.5161

Epoch : 4
Train Loss     : 0.4788	 | 	Train Accuracy     : 0.7824
Valid Loss     : 1.2302	 | 	Valid Accuracy     : 0.5869

Epoch : 5
Train Loss     : 0.4222	 | 	Train Accuracy     : 0.8108
Valid Loss     : 1.2823	 | 	Valid Accuracy     : 0.5811

Epoch : 6
Train Loss     : 0.3799	 | 	Train Accuracy     : 0.8343
Valid Loss     : 1.6308	 | 	Valid Accuracy     : 0.5845

Epoch : 7
Train Loss     : 0.3568	 | 	Train Accuracy     : 0.8449
Valid Loss     : 1.5201	 | 	Valid Accuracy     : 0.5962

Epoch : 8
Train Loss     : 0.3168	 | 	Train Accuracy     : 0.8655
Valid Loss     : 1.5503	 | 	Valid Accuracy     : 0.6099

Epoch : 9
Train Loss     : 0.2962	 | 	Train Accuracy     : 0.8845
Valid Loss     : 1.5737	 | 	Valid Accuracy     : 0.6245

Epoch : 10
Train Loss     : 0.2790	 | 	Train Accuracy     : 0.8968
Valid Loss     : 1.4637	 | 	Valid Accuracy     : 0.6401

Epoch : 11
Train Loss     : 0.2645	 | 	Train Accuracy     : 0.8996
Valid Loss     : 1.1885	 | 	Valid Accuracy     : 0.6787

Epoch : 12
Train Loss     : 0.2599	 | 	Train Accuracy     : 0.8962
Valid Loss     : 1.3965	 | 	Valid Accuracy     : 0.6675

Epoch : 13
Train Loss     : 0.2145	 | 	Train Accuracy     : 0.9319
Valid Loss     : 1.4348	 | 	Valid Accuracy     : 0.6699

Epoch : 14
Train Loss     : 0.2024	 | 	Train Accuracy     : 0.9425
Valid Loss     : 1.4712	 | 	Valid Accuracy     : 0.6650

Epoch : 15
Train Loss     : 0.2055	 | 	Train Accuracy     : 0.9342
Valid Loss     : 1.4892	 | 	Valid Accuracy     : 0.6670

Epoch : 16
Train Loss     : 0.1977	 | 	Train Accuracy     : 0.9330
Valid Loss     : 1.4723	 | 	Valid Accuracy     : 0.6694

Epoch : 17
Train Loss     : 0.1944	 | 	Train Accuracy     : 0.9381
Valid Loss     : 1.4985	 | 	Valid Accuracy     : 0.6685

Epoch : 18
Train Loss     : 0.1970	 | 	Train Accuracy     : 0.9347
Valid Loss     : 1.5075	 | 	Valid Accuracy     : 0.6685

Epoch : 19
Train Loss     : 0.1882	 | 	Train Accuracy     : 0.9403
Valid Loss     : 1.4872	 | 	Valid Accuracy     : 0.6709

Epoch : 20
Train Loss     : 0.1833	 | 	Train Accuracy     : 0.9503
Valid Loss     : 1.4890	 | 	Valid Accuracy     : 0.6724

Epoch : 21
Train Loss     : 0.1830	 | 	Train Accuracy     : 0.9448
Valid Loss     : 1.4790	 | 	Valid Accuracy     : 0.6733

Epoch : 22
Train Loss     : 0.1816	 | 	Train Accuracy     : 0.9436
Valid Loss     : 1.5069	 | 	Valid Accuracy     : 0.6709

Epoch : 23
Train Loss     : 0.1790	 | 	Train Accuracy     : 0.9464
Valid Loss     : 1.4991	 | 	Valid Accuracy     : 0.6738

Epoch : 24
Train Loss     : 0.1775	 | 	Train Accuracy     : 0.9492
Valid Loss     : 1.4978	 | 	Valid Accuracy     : 0.6743

Epoch : 25
Train Loss     : 0.1860	 | 	Train Accuracy     : 0.9464
Valid Loss     : 1.4937	 | 	Valid Accuracy     : 0.6743

Epoch : 26
Train Loss     : 0.1749	 | 	Train Accuracy     : 0.9559
Valid Loss     : 1.5106	 | 	Valid Accuracy     : 0.6743

Epoch : 27
Train Loss     : 0.1748	 | 	Train Accuracy     : 0.9515
Valid Loss     : 1.5141	 | 	Valid Accuracy     : 0.6743

Epoch : 28
Train Loss     : 0.1758	 | 	Train Accuracy     : 0.9515
Valid Loss     : 1.5060	 | 	Valid Accuracy     : 0.6743

Epoch : 29
Train Loss     : 0.1751	 | 	Train Accuracy     : 0.9515
Valid Loss     : 1.5130	 | 	Valid Accuracy     : 0.6743

Epoch : 30
Train Loss     : 0.1713	 | 	Train Accuracy     : 0.9542
Valid Loss     : 1.5040	 | 	Valid Accuracy     : 0.6748

Evaluate on the Test set:
Test loss      :1.8338	 | Test Accuracy      : 0.6703 | Test AUPRC      : 0.5785
tensor([0.9813, 0.9318, 0.9847, 0.9476, 0.9554, 0.9588, 0.9682, 0.9483, 0.9447,
        0.9310, 0.9344, 0.9377, 0.9572, 0.9449, 0.9418, 0.9439, 0.9468, 0.9360,
        0.9353, 0.9506, 0.9365, 0.9359, 0.9396, 0.9545, 0.9367, 0.9368, 0.9522,
        0.9381, 0.9382, 0.9382, 0.9346, 0.9836, 0.9587, 0.9460, 0.9442, 0.9456,
        0.9473, 0.9434, 0.9550, 0.9332, 0.9919, 0.9756, 0.9433, 0.9400, 0.9493,
        0.9360, 0.9501, 0.9379, 0.9330, 0.9375, 0.9445, 0.9340, 0.9371, 0.9342,
        0.9391, 0.9584, 0.9753, 0.9493, 0.9343, 0.9600, 0.9548, 0.9344],
       device='cuda:0', grad_fn=<SqueezeBackward1>)

################## Training is Done! #########################
Training time is : 0:00:47.870404
