=============================================
Dataset: SEED
Method:  TS-TCC
Mode:    supervised
=============================================
Data loaded ...
Subjet 4
if scale True
Training started ....

Epoch : 1
Train Loss     : 2.0629	 | 	Train Accuracy     : 0.3783
Valid Loss     : 1.5709	 | 	Valid Accuracy     : 0.3604

Epoch : 2
Train Loss     : 1.1876	 | 	Train Accuracy     : 0.4615
Valid Loss     : 1.2962	 | 	Valid Accuracy     : 0.3936

Epoch : 3
Train Loss     : 0.8320	 | 	Train Accuracy     : 0.6562
Valid Loss     : 1.2990	 | 	Valid Accuracy     : 0.4097

Epoch : 4
Train Loss     : 0.5691	 | 	Train Accuracy     : 0.8170
Valid Loss     : 1.4917	 | 	Valid Accuracy     : 0.3916

Epoch : 5
Train Loss     : 0.4299	 | 	Train Accuracy     : 0.8666
Valid Loss     : 1.4099	 | 	Valid Accuracy     : 0.4448

Epoch : 6
Train Loss     : 0.3075	 | 	Train Accuracy     : 0.9174
Valid Loss     : 1.8997	 | 	Valid Accuracy     : 0.4072

Epoch : 7
Train Loss     : 0.2373	 | 	Train Accuracy     : 0.9408
Valid Loss     : 1.8270	 | 	Valid Accuracy     : 0.4180

Epoch : 8
Train Loss     : 0.2338	 | 	Train Accuracy     : 0.9408
Valid Loss     : 1.9710	 | 	Valid Accuracy     : 0.4336

Epoch : 9
Train Loss     : 0.1982	 | 	Train Accuracy     : 0.9487
Valid Loss     : 2.1020	 | 	Valid Accuracy     : 0.4106

Epoch : 10
Train Loss     : 0.1779	 | 	Train Accuracy     : 0.9581
Valid Loss     : 2.0931	 | 	Valid Accuracy     : 0.4448

Epoch : 11
Train Loss     : 0.1601	 | 	Train Accuracy     : 0.9570
Valid Loss     : 2.0994	 | 	Valid Accuracy     : 0.4272

Epoch : 12
Train Loss     : 0.1433	 | 	Train Accuracy     : 0.9738
Valid Loss     : 1.9458	 | 	Valid Accuracy     : 0.4531

Epoch : 13
Train Loss     : 0.1357	 | 	Train Accuracy     : 0.9682
Valid Loss     : 2.1482	 | 	Valid Accuracy     : 0.4336

Epoch : 14
Train Loss     : 0.1307	 | 	Train Accuracy     : 0.9721
Valid Loss     : 2.1508	 | 	Valid Accuracy     : 0.4390

Epoch : 15
Train Loss     : 0.1158	 | 	Train Accuracy     : 0.9749
Valid Loss     : 2.1434	 | 	Valid Accuracy     : 0.4448

Epoch : 16
Train Loss     : 0.1126	 | 	Train Accuracy     : 0.9777
Valid Loss     : 2.1270	 | 	Valid Accuracy     : 0.4448

Epoch : 17
Train Loss     : 0.0942	 | 	Train Accuracy     : 0.9799
Valid Loss     : 2.1383	 | 	Valid Accuracy     : 0.4502

Epoch : 18
Train Loss     : 0.1190	 | 	Train Accuracy     : 0.9727
Valid Loss     : 2.1248	 | 	Valid Accuracy     : 0.4502

Epoch : 19
Train Loss     : 0.1115	 | 	Train Accuracy     : 0.9738
Valid Loss     : 2.1537	 | 	Valid Accuracy     : 0.4443

Epoch : 20
Train Loss     : 0.1094	 | 	Train Accuracy     : 0.9799
Valid Loss     : 2.1548	 | 	Valid Accuracy     : 0.4468

Epoch : 21
Train Loss     : 0.1050	 | 	Train Accuracy     : 0.9794
Valid Loss     : 2.1277	 | 	Valid Accuracy     : 0.4473

Epoch : 22
Train Loss     : 0.1019	 | 	Train Accuracy     : 0.9821
Valid Loss     : 2.1474	 | 	Valid Accuracy     : 0.4473

Epoch : 23
Train Loss     : 0.1055	 | 	Train Accuracy     : 0.9816
Valid Loss     : 2.1290	 | 	Valid Accuracy     : 0.4473

Epoch : 24
Train Loss     : 0.0954	 | 	Train Accuracy     : 0.9799
Valid Loss     : 2.1641	 | 	Valid Accuracy     : 0.4541

Epoch : 25
Train Loss     : 0.0960	 | 	Train Accuracy     : 0.9810
Valid Loss     : 2.1324	 | 	Valid Accuracy     : 0.4473

Epoch : 26
Train Loss     : 0.1044	 | 	Train Accuracy     : 0.9799
Valid Loss     : 2.0966	 | 	Valid Accuracy     : 0.4482

Epoch : 27
Train Loss     : 0.0971	 | 	Train Accuracy     : 0.9794
Valid Loss     : 2.0960	 | 	Valid Accuracy     : 0.4453

Epoch : 28
Train Loss     : 0.0933	 | 	Train Accuracy     : 0.9816
Valid Loss     : 2.1184	 | 	Valid Accuracy     : 0.4463

Epoch : 29
Train Loss     : 0.1008	 | 	Train Accuracy     : 0.9827
Valid Loss     : 2.0995	 | 	Valid Accuracy     : 0.4409

Epoch : 30
Train Loss     : 0.0906	 | 	Train Accuracy     : 0.9816
Valid Loss     : 2.1323	 | 	Valid Accuracy     : 0.4429

Evaluate on the Test set:
Test loss      :1.7057	 | Test Accuracy      : 0.5159 | Test AUPRC      : 0.4560
tensor([0.9732, 0.9417, 0.9426, 0.9334, 0.9662, 0.9588, 0.9410, 0.9358, 0.9468,
        0.9373, 0.9367, 0.9440, 0.9661, 0.9363, 0.9384, 0.9518, 0.9469, 0.9342,
        0.9391, 0.9392, 0.9370, 0.9411, 0.9649, 1.0419, 0.9352, 0.9304, 0.9411,
        0.9401, 0.9429, 0.9459, 0.9397, 0.9981, 0.9827, 0.9475, 0.9530, 0.9406,
        0.9497, 0.9457, 0.9422, 0.9384, 0.9813, 0.9434, 0.9469, 0.9390, 0.9451,
        0.9368, 0.9453, 0.9343, 0.9662, 0.9339, 0.9331, 0.9371, 0.9362, 0.9426,
        1.0060, 0.9901, 0.9999, 0.9401, 0.9358, 0.9363, 0.9339, 0.9343],
       device='cuda:0', grad_fn=<SqueezeBackward1>)

################## Training is Done! #########################
Training time is : 0:00:54.778388
