=============================================
Dataset: SEED
Method:  TS-TCC
Mode:    supervised
=============================================
Data loaded ...
Subjet 2
if scale True
Training started ....

Epoch : 1
Train Loss     : 1.1076	 | 	Train Accuracy     : 0.4294
Valid Loss     : 2.3564	 | 	Valid Accuracy     : 0.4639

Epoch : 2
Train Loss     : 0.8971	 | 	Train Accuracy     : 0.5844
Valid Loss     : 3.3518	 | 	Valid Accuracy     : 0.4902

Epoch : 3
Train Loss     : 0.7063	 | 	Train Accuracy     : 0.6862
Valid Loss     : 2.5507	 | 	Valid Accuracy     : 0.5586

Epoch : 4
Train Loss     : 0.6199	 | 	Train Accuracy     : 0.7482
Valid Loss     : 2.8683	 | 	Valid Accuracy     : 0.5664

Epoch : 5
Train Loss     : 0.5391	 | 	Train Accuracy     : 0.7917
Valid Loss     : 2.8409	 | 	Valid Accuracy     : 0.5698

Epoch : 6
Train Loss     : 0.4922	 | 	Train Accuracy     : 0.8062
Valid Loss     : 2.6722	 | 	Valid Accuracy     : 0.6035

Epoch : 7
Train Loss     : 0.4684	 | 	Train Accuracy     : 0.8299
Valid Loss     : 2.9757	 | 	Valid Accuracy     : 0.5845

Epoch : 8
Train Loss     : 0.4330	 | 	Train Accuracy     : 0.8318
Valid Loss     : 3.0212	 | 	Valid Accuracy     : 0.5854

Epoch : 9
Train Loss     : 0.4038	 | 	Train Accuracy     : 0.8508
Valid Loss     : 2.8990	 | 	Valid Accuracy     : 0.4902

Epoch : 10
Train Loss     : 0.3713	 | 	Train Accuracy     : 0.8672
Valid Loss     : 3.0894	 | 	Valid Accuracy     : 0.5552

Epoch : 11
Train Loss     : 0.3670	 | 	Train Accuracy     : 0.8693
Valid Loss     : 3.1171	 | 	Valid Accuracy     : 0.4863

Epoch : 12
Train Loss     : 0.3186	 | 	Train Accuracy     : 0.8904
Valid Loss     : 3.1893	 | 	Valid Accuracy     : 0.6250

Epoch : 13
Train Loss     : 0.2981	 | 	Train Accuracy     : 0.8951
Valid Loss     : 3.5370	 | 	Valid Accuracy     : 0.5542

Epoch : 14
Train Loss     : 0.2639	 | 	Train Accuracy     : 0.9109
Valid Loss     : 3.4534	 | 	Valid Accuracy     : 0.6040

Epoch : 15
Train Loss     : 0.2716	 | 	Train Accuracy     : 0.9073
Valid Loss     : 3.6086	 | 	Valid Accuracy     : 0.6167

Epoch : 16
Train Loss     : 0.2677	 | 	Train Accuracy     : 0.9117
Valid Loss     : 3.4701	 | 	Valid Accuracy     : 0.6021

Epoch : 17
Train Loss     : 0.2621	 | 	Train Accuracy     : 0.9193
Valid Loss     : 3.2009	 | 	Valid Accuracy     : 0.5889

Epoch : 18
Train Loss     : 0.2538	 | 	Train Accuracy     : 0.9195
Valid Loss     : 3.4148	 | 	Valid Accuracy     : 0.6060

Epoch : 19
Train Loss     : 0.2492	 | 	Train Accuracy     : 0.9211
Valid Loss     : 3.0314	 | 	Valid Accuracy     : 0.6104

Epoch : 20
Train Loss     : 0.2478	 | 	Train Accuracy     : 0.9187
Valid Loss     : 3.1402	 | 	Valid Accuracy     : 0.6167

Epoch : 21
Train Loss     : 0.2492	 | 	Train Accuracy     : 0.9185
Valid Loss     : 3.0170	 | 	Valid Accuracy     : 0.6206

Epoch : 22
Train Loss     : 0.2418	 | 	Train Accuracy     : 0.9245
Valid Loss     : 3.0830	 | 	Valid Accuracy     : 0.6230

Epoch : 23
Train Loss     : 0.2406	 | 	Train Accuracy     : 0.9240
Valid Loss     : 3.1734	 | 	Valid Accuracy     : 0.6226

Epoch : 24
Train Loss     : 0.2353	 | 	Train Accuracy     : 0.9263
Valid Loss     : 3.2557	 | 	Valid Accuracy     : 0.6201

Epoch : 25
Train Loss     : 0.2310	 | 	Train Accuracy     : 0.9263
Valid Loss     : 3.1353	 | 	Valid Accuracy     : 0.6099

Epoch : 26
Train Loss     : 0.2347	 | 	Train Accuracy     : 0.9268
Valid Loss     : 2.9411	 | 	Valid Accuracy     : 0.6104

Epoch : 27
Train Loss     : 0.2312	 | 	Train Accuracy     : 0.9227
Valid Loss     : 3.1321	 | 	Valid Accuracy     : 0.6177

Epoch : 28
Train Loss     : 0.2207	 | 	Train Accuracy     : 0.9320
Valid Loss     : 3.0681	 | 	Valid Accuracy     : 0.5898

Epoch : 29
Train Loss     : 0.2367	 | 	Train Accuracy     : 0.9208
Valid Loss     : 3.1375	 | 	Valid Accuracy     : 0.6147

Epoch : 30
Train Loss     : 0.2329	 | 	Train Accuracy     : 0.9297
Valid Loss     : 3.1103	 | 	Valid Accuracy     : 0.6245

Evaluate on the Test set:
Test loss      :1.4945	 | Test Accuracy      : 0.6192 | Test AUPRC      : 0.5112
tensor([0.8756, 0.9753, 0.9049, 0.8551, 0.8493, 0.9720, 0.9139, 0.8371, 0.8300,
        0.8385, 0.8451, 0.8461, 0.8891, 0.8717, 0.9842, 0.8760, 0.8411, 0.8454,
        0.8401, 0.8458, 0.8530, 0.9441, 0.9005, 0.9577, 0.9254, 0.8395, 0.8548,
        0.8561, 0.8480, 0.8554, 0.8277, 0.8913, 0.8666, 0.8745, 0.8844, 0.8813,
        0.8344, 0.8478, 0.8602, 0.8264, 0.8476, 0.9261, 0.9093, 0.8708, 0.8794,
        0.8636, 0.8919, 0.8531, 0.8794, 0.8545, 0.8416, 0.9401, 0.8435, 0.8691,
        0.8682, 0.8879, 0.8736, 0.8698, 0.9681, 0.8791, 0.8422, 0.8505],
       device='cuda:0', grad_fn=<SqueezeBackward1>)

################## Training is Done! #########################
Training time is : 0:01:40.684572
