=============================================
Dataset: SEED
Method:  TS-TCC
Mode:    supervised
=============================================
Data loaded ...
Subjet 4
if scale True
Training started ....

Epoch : 1
Train Loss     : 1.5342	 | 	Train Accuracy     : 0.3841
Valid Loss     : 1.2373	 | 	Valid Accuracy     : 0.3691

Epoch : 2
Train Loss     : 0.9726	 | 	Train Accuracy     : 0.5479
Valid Loss     : 1.1814	 | 	Valid Accuracy     : 0.4800

Epoch : 3
Train Loss     : 0.7467	 | 	Train Accuracy     : 0.7078
Valid Loss     : 1.1341	 | 	Valid Accuracy     : 0.5264

Epoch : 4
Train Loss     : 0.6404	 | 	Train Accuracy     : 0.7378
Valid Loss     : 1.1433	 | 	Valid Accuracy     : 0.5142

Epoch : 5
Train Loss     : 0.5609	 | 	Train Accuracy     : 0.7727
Valid Loss     : 1.2313	 | 	Valid Accuracy     : 0.4907

Epoch : 6
Train Loss     : 0.5121	 | 	Train Accuracy     : 0.7896
Valid Loss     : 1.1447	 | 	Valid Accuracy     : 0.5137

Epoch : 7
Train Loss     : 0.4966	 | 	Train Accuracy     : 0.7953
Valid Loss     : 1.2234	 | 	Valid Accuracy     : 0.5020

Epoch : 8
Train Loss     : 0.4676	 | 	Train Accuracy     : 0.8208
Valid Loss     : 1.2085	 | 	Valid Accuracy     : 0.4956

Epoch : 9
Train Loss     : 0.4554	 | 	Train Accuracy     : 0.8138
Valid Loss     : 1.1122	 | 	Valid Accuracy     : 0.5435

Epoch : 10
Train Loss     : 0.4348	 | 	Train Accuracy     : 0.8289
Valid Loss     : 1.0211	 | 	Valid Accuracy     : 0.5796

Epoch : 11
Train Loss     : 0.4358	 | 	Train Accuracy     : 0.8333
Valid Loss     : 1.2542	 | 	Valid Accuracy     : 0.5137

Epoch : 12
Train Loss     : 0.3781	 | 	Train Accuracy     : 0.8523
Valid Loss     : 0.9979	 | 	Valid Accuracy     : 0.5825

Epoch : 13
Train Loss     : 0.3560	 | 	Train Accuracy     : 0.8656
Valid Loss     : 1.0363	 | 	Valid Accuracy     : 0.5610

Epoch : 14
Train Loss     : 0.3095	 | 	Train Accuracy     : 0.8880
Valid Loss     : 1.1039	 | 	Valid Accuracy     : 0.5449

Epoch : 15
Train Loss     : 0.3229	 | 	Train Accuracy     : 0.8773
Valid Loss     : 1.2833	 | 	Valid Accuracy     : 0.5381

Epoch : 16
Train Loss     : 0.3210	 | 	Train Accuracy     : 0.8828
Valid Loss     : 1.0992	 | 	Valid Accuracy     : 0.6040

Epoch : 17
Train Loss     : 0.2934	 | 	Train Accuracy     : 0.8917
Valid Loss     : 1.0508	 | 	Valid Accuracy     : 0.6055

Epoch : 18
Train Loss     : 0.2559	 | 	Train Accuracy     : 0.9109
Valid Loss     : 1.3575	 | 	Valid Accuracy     : 0.5400

Epoch : 19
Train Loss     : 0.2511	 | 	Train Accuracy     : 0.9164
Valid Loss     : 1.0642	 | 	Valid Accuracy     : 0.6357

Epoch : 20
Train Loss     : 0.2551	 | 	Train Accuracy     : 0.9086
Valid Loss     : 1.1485	 | 	Valid Accuracy     : 0.5967

Epoch : 21
Train Loss     : 0.2402	 | 	Train Accuracy     : 0.9177
Valid Loss     : 1.0237	 | 	Valid Accuracy     : 0.6187

Epoch : 22
Train Loss     : 0.2121	 | 	Train Accuracy     : 0.9286
Valid Loss     : 0.9873	 | 	Valid Accuracy     : 0.6338

Epoch : 23
Train Loss     : 0.1997	 | 	Train Accuracy     : 0.9318
Valid Loss     : 1.0142	 | 	Valid Accuracy     : 0.6182

Epoch : 24
Train Loss     : 0.2010	 | 	Train Accuracy     : 0.9365
Valid Loss     : 1.1588	 | 	Valid Accuracy     : 0.5903

Epoch : 25
Train Loss     : 0.1899	 | 	Train Accuracy     : 0.9391
Valid Loss     : 1.0334	 | 	Valid Accuracy     : 0.6440

Epoch : 26
Train Loss     : 0.1968	 | 	Train Accuracy     : 0.9346
Valid Loss     : 0.9919	 | 	Valid Accuracy     : 0.6553

Epoch : 27
Train Loss     : 0.2070	 | 	Train Accuracy     : 0.9268
Valid Loss     : 1.1485	 | 	Valid Accuracy     : 0.6079

Epoch : 28
Train Loss     : 0.1857	 | 	Train Accuracy     : 0.9391
Valid Loss     : 1.0683	 | 	Valid Accuracy     : 0.6470

Epoch : 29
Train Loss     : 0.1759	 | 	Train Accuracy     : 0.9456
Valid Loss     : 1.0241	 | 	Valid Accuracy     : 0.6577

Epoch : 30
Train Loss     : 0.1669	 | 	Train Accuracy     : 0.9458
Valid Loss     : 1.0645	 | 	Valid Accuracy     : 0.6284

Evaluate on the Test set:
Test loss      :1.0927	 | Test Accuracy      : 0.6336 | Test AUPRC      : 0.4953
tensor([0.9096, 0.7724, 0.8245, 0.6714, 0.8361, 0.8438, 0.9174, 0.7107, 0.7062,
        0.7748, 0.7558, 0.6964, 0.9143, 0.8642, 0.7895, 0.8468, 0.8469, 0.6597,
        0.6675, 0.7333, 0.7707, 0.6714, 0.9753, 1.0312, 0.7914, 0.7491, 0.8032,
        0.7756, 0.7913, 0.7885, 0.7096, 0.9948, 0.8634, 0.8693, 0.6795, 0.7256,
        0.7994, 0.7762, 0.8308, 0.7185, 0.7837, 0.8731, 0.8412, 0.7088, 0.6779,
        0.7584, 0.7335, 0.6981, 0.8123, 0.7061, 0.6557, 0.7990, 0.7414, 0.6751,
        0.9230, 0.8734, 0.9258, 0.6938, 0.6744, 0.7597, 0.7599, 0.6743],
       device='cuda:0', grad_fn=<SqueezeBackward1>)

################## Training is Done! #########################
Training time is : 0:01:18.212146
