=============================================
Dataset: SEED
Method:  TS-TCC
Mode:    supervised
=============================================
Data loaded ...
Subjet 1
if scale True
Training started ....

Epoch : 1
Train Loss     : 1.1650	 | 	Train Accuracy     : 0.4547
Valid Loss     : 1.4354	 | 	Valid Accuracy     : 0.3442

Epoch : 2
Train Loss     : 0.8121	 | 	Train Accuracy     : 0.6321
Valid Loss     : 2.8985	 | 	Valid Accuracy     : 0.3442

Epoch : 3
Train Loss     : 0.7301	 | 	Train Accuracy     : 0.6766
Valid Loss     : 3.8809	 | 	Valid Accuracy     : 0.3442

Epoch : 4
Train Loss     : 0.6723	 | 	Train Accuracy     : 0.7159
Valid Loss     : 1.1392	 | 	Valid Accuracy     : 0.4951

Epoch : 5
Train Loss     : 0.5943	 | 	Train Accuracy     : 0.7549
Valid Loss     : 0.8649	 | 	Valid Accuracy     : 0.5972

Epoch : 6
Train Loss     : 0.5448	 | 	Train Accuracy     : 0.7899
Valid Loss     : 0.8458	 | 	Valid Accuracy     : 0.6069

Epoch : 7
Train Loss     : 0.5090	 | 	Train Accuracy     : 0.8040
Valid Loss     : 0.9202	 | 	Valid Accuracy     : 0.5981

Epoch : 8
Train Loss     : 0.4872	 | 	Train Accuracy     : 0.8176
Valid Loss     : 0.8208	 | 	Valid Accuracy     : 0.6343

Epoch : 9
Train Loss     : 0.4800	 | 	Train Accuracy     : 0.8113
Valid Loss     : 0.9294	 | 	Valid Accuracy     : 0.6011

Epoch : 10
Train Loss     : 0.4521	 | 	Train Accuracy     : 0.8213
Valid Loss     : 0.9823	 | 	Valid Accuracy     : 0.5981

Epoch : 11
Train Loss     : 0.4134	 | 	Train Accuracy     : 0.8454
Valid Loss     : 0.8156	 | 	Valid Accuracy     : 0.6567

Epoch : 12
Train Loss     : 0.4045	 | 	Train Accuracy     : 0.8478
Valid Loss     : 0.9520	 | 	Valid Accuracy     : 0.6416

Epoch : 13
Train Loss     : 0.3999	 | 	Train Accuracy     : 0.8441
Valid Loss     : 1.0512	 | 	Valid Accuracy     : 0.6079

Epoch : 14
Train Loss     : 0.3695	 | 	Train Accuracy     : 0.8590
Valid Loss     : 0.9159	 | 	Valid Accuracy     : 0.6318

Epoch : 15
Train Loss     : 0.3803	 | 	Train Accuracy     : 0.8556
Valid Loss     : 0.9708	 | 	Valid Accuracy     : 0.6455

Epoch : 16
Train Loss     : 0.3731	 | 	Train Accuracy     : 0.8589
Valid Loss     : 0.9243	 | 	Valid Accuracy     : 0.6426

Epoch : 17
Train Loss     : 0.3551	 | 	Train Accuracy     : 0.8616
Valid Loss     : 1.0153	 | 	Valid Accuracy     : 0.6519

Epoch : 18
Train Loss     : 0.3360	 | 	Train Accuracy     : 0.8777
Valid Loss     : 0.8466	 | 	Valid Accuracy     : 0.6494

Epoch : 19
Train Loss     : 0.3229	 | 	Train Accuracy     : 0.8798
Valid Loss     : 0.7956	 | 	Valid Accuracy     : 0.6548

Epoch : 20
Train Loss     : 0.3332	 | 	Train Accuracy     : 0.8730
Valid Loss     : 0.8964	 | 	Valid Accuracy     : 0.6367

Epoch : 21
Train Loss     : 0.3240	 | 	Train Accuracy     : 0.8758
Valid Loss     : 0.8858	 | 	Valid Accuracy     : 0.6499

Epoch : 22
Train Loss     : 0.2966	 | 	Train Accuracy     : 0.8916
Valid Loss     : 0.8838	 | 	Valid Accuracy     : 0.6519

Epoch : 23
Train Loss     : 0.3007	 | 	Train Accuracy     : 0.8850
Valid Loss     : 0.9858	 | 	Valid Accuracy     : 0.6562

Epoch : 24
Train Loss     : 0.2897	 | 	Train Accuracy     : 0.8903
Valid Loss     : 0.9120	 | 	Valid Accuracy     : 0.6538

Epoch : 25
Train Loss     : 0.3091	 | 	Train Accuracy     : 0.8864
Valid Loss     : 1.0490	 | 	Valid Accuracy     : 0.6445

Epoch : 26
Train Loss     : 0.2936	 | 	Train Accuracy     : 0.8966
Valid Loss     : 0.9625	 | 	Valid Accuracy     : 0.6460

Epoch : 27
Train Loss     : 0.2763	 | 	Train Accuracy     : 0.9034
Valid Loss     : 0.9287	 | 	Valid Accuracy     : 0.6509

Epoch : 28
Train Loss     : 0.2786	 | 	Train Accuracy     : 0.8971
Valid Loss     : 0.9065	 | 	Valid Accuracy     : 0.6504

Epoch : 29
Train Loss     : 0.2793	 | 	Train Accuracy     : 0.8986
Valid Loss     : 0.9635	 | 	Valid Accuracy     : 0.6372

Epoch : 30
Train Loss     : 0.2838	 | 	Train Accuracy     : 0.8979
Valid Loss     : 1.0637	 | 	Valid Accuracy     : 0.6367

Evaluate on the Test set:
Test loss      :0.6750	 | Test Accuracy      : 0.7633 | Test AUPRC      : 0.5847
tensor([0.8570, 0.8692, 0.7442, 0.5681, 0.5052, 0.9068, 0.6994, 0.6694, 0.6298,
        0.5962, 0.6930, 0.5481, 0.7079, 0.6631, 0.7020, 0.5620, 0.6548, 0.5560,
        0.4380, 0.8496, 0.5710, 0.7430, 0.8999, 0.9761, 0.7240, 0.7753, 0.4797,
        0.6738, 0.4386, 0.6006, 0.5347, 0.9009, 0.8579, 0.5317, 0.5723, 0.5254,
        0.6658, 0.7450, 0.5221, 0.6043, 0.7547, 0.8069, 0.7712, 0.5787, 0.7281,
        0.6667, 0.4877, 0.7593, 0.7179, 0.6240, 0.8519, 0.8452, 0.6895, 0.4161,
        0.4649, 0.9300, 0.8422, 0.7412, 0.5991, 0.7218, 0.5389, 0.6937],
       device='cuda:0', grad_fn=<SqueezeBackward1>)

################## Training is Done! #########################
Training time is : 0:01:44.703673
