=============================================
Dataset: SEED
Method:  TS-TCC
Mode:    supervised
=============================================
Data loaded ...
Subjet 2
if scale True
Training started ....

Epoch : 1
Train Loss     : 1.1354	 | 	Train Accuracy     : 0.4524
Valid Loss     : 1.1045	 | 	Valid Accuracy     : 0.3486

Epoch : 2
Train Loss     : 0.8225	 | 	Train Accuracy     : 0.6343
Valid Loss     : 1.1189	 | 	Valid Accuracy     : 0.3760

Epoch : 3
Train Loss     : 0.7102	 | 	Train Accuracy     : 0.6996
Valid Loss     : 1.5076	 | 	Valid Accuracy     : 0.4541

Epoch : 4
Train Loss     : 0.6054	 | 	Train Accuracy     : 0.7502
Valid Loss     : 1.5240	 | 	Valid Accuracy     : 0.5068

Epoch : 5
Train Loss     : 0.5429	 | 	Train Accuracy     : 0.7838
Valid Loss     : 1.2950	 | 	Valid Accuracy     : 0.5669

Epoch : 6
Train Loss     : 0.4919	 | 	Train Accuracy     : 0.8076
Valid Loss     : 1.1644	 | 	Valid Accuracy     : 0.5479

Epoch : 7
Train Loss     : 0.4620	 | 	Train Accuracy     : 0.8186
Valid Loss     : 1.5427	 | 	Valid Accuracy     : 0.4819

Epoch : 8
Train Loss     : 0.4461	 | 	Train Accuracy     : 0.8266
Valid Loss     : 1.3206	 | 	Valid Accuracy     : 0.6050

Epoch : 9
Train Loss     : 0.4331	 | 	Train Accuracy     : 0.8347
Valid Loss     : 1.2645	 | 	Valid Accuracy     : 0.5894

Epoch : 10
Train Loss     : 0.4365	 | 	Train Accuracy     : 0.8302
Valid Loss     : 1.3850	 | 	Valid Accuracy     : 0.5874

Epoch : 11
Train Loss     : 0.4356	 | 	Train Accuracy     : 0.8274
Valid Loss     : 1.3466	 | 	Valid Accuracy     : 0.5552

Epoch : 12
Train Loss     : 0.3945	 | 	Train Accuracy     : 0.8519
Valid Loss     : 1.3586	 | 	Valid Accuracy     : 0.5508

Epoch : 13
Train Loss     : 0.3534	 | 	Train Accuracy     : 0.8706
Valid Loss     : 1.3529	 | 	Valid Accuracy     : 0.5425

Epoch : 14
Train Loss     : 0.3443	 | 	Train Accuracy     : 0.8753
Valid Loss     : 1.3180	 | 	Valid Accuracy     : 0.5410

Epoch : 15
Train Loss     : 0.3318	 | 	Train Accuracy     : 0.8860
Valid Loss     : 1.3409	 | 	Valid Accuracy     : 0.5669

Epoch : 16
Train Loss     : 0.3251	 | 	Train Accuracy     : 0.8865
Valid Loss     : 1.3935	 | 	Valid Accuracy     : 0.5635

Epoch : 17
Train Loss     : 0.3204	 | 	Train Accuracy     : 0.8872
Valid Loss     : 1.3391	 | 	Valid Accuracy     : 0.5625

Epoch : 18
Train Loss     : 0.3177	 | 	Train Accuracy     : 0.8879
Valid Loss     : 1.3824	 | 	Valid Accuracy     : 0.5767

Epoch : 19
Train Loss     : 0.3013	 | 	Train Accuracy     : 0.8940
Valid Loss     : 1.3435	 | 	Valid Accuracy     : 0.5381

Epoch : 20
Train Loss     : 0.3124	 | 	Train Accuracy     : 0.8886
Valid Loss     : 1.4537	 | 	Valid Accuracy     : 0.5698

Epoch : 21
Train Loss     : 0.3000	 | 	Train Accuracy     : 0.8981
Valid Loss     : 1.4503	 | 	Valid Accuracy     : 0.5771
