=============================================
Dataset: SEED
Method:  TS-TCC
Mode:    fine_tune
=============================================
Data loaded ...
Subjet 13
if scale True
Training started ....

Epoch : 1
Train Loss     : 1.0206	 | 	Train Accuracy     : 0.5559
Valid Loss     : 1.6509	 | 	Valid Accuracy     : 0.4174

Epoch : 2
Train Loss     : 0.4755	 | 	Train Accuracy     : 0.7958
Valid Loss     : 1.0094	 | 	Valid Accuracy     : 0.6064

Epoch : 3
Train Loss     : 0.3866	 | 	Train Accuracy     : 0.8411
Valid Loss     : 0.8057	 | 	Valid Accuracy     : 0.6821

Epoch : 4
Train Loss     : 0.3448	 | 	Train Accuracy     : 0.8591
Valid Loss     : 0.5914	 | 	Valid Accuracy     : 0.7449

Epoch : 5
Train Loss     : 0.3119	 | 	Train Accuracy     : 0.8743
Valid Loss     : 0.5145	 | 	Valid Accuracy     : 0.7826

Epoch : 6
Train Loss     : 0.2789	 | 	Train Accuracy     : 0.8926
Valid Loss     : 0.4802	 | 	Valid Accuracy     : 0.7998

Epoch : 7
Train Loss     : 0.2454	 | 	Train Accuracy     : 0.9038
Valid Loss     : 0.5222	 | 	Valid Accuracy     : 0.7819

Epoch : 8
Train Loss     : 0.2328	 | 	Train Accuracy     : 0.9159
Valid Loss     : 0.4901	 | 	Valid Accuracy     : 0.7933

Epoch : 9
Train Loss     : 0.2333	 | 	Train Accuracy     : 0.9064
Valid Loss     : 0.5219	 | 	Valid Accuracy     : 0.7829

Epoch : 10
Train Loss     : 0.2141	 | 	Train Accuracy     : 0.9177
Valid Loss     : 0.4954	 | 	Valid Accuracy     : 0.7976

Epoch : 11
Train Loss     : 0.2161	 | 	Train Accuracy     : 0.9164
Valid Loss     : 0.8110	 | 	Valid Accuracy     : 0.7316

Epoch : 12
Train Loss     : 0.1992	 | 	Train Accuracy     : 0.9255
Valid Loss     : 0.5810	 | 	Valid Accuracy     : 0.7729

Epoch : 13
Train Loss     : 0.1805	 | 	Train Accuracy     : 0.9332
Valid Loss     : 0.5617	 | 	Valid Accuracy     : 0.7900

Epoch : 14
Train Loss     : 0.1788	 | 	Train Accuracy     : 0.9342
Valid Loss     : 0.5843	 | 	Valid Accuracy     : 0.7767

Epoch : 15
Train Loss     : 0.1827	 | 	Train Accuracy     : 0.9324
Valid Loss     : 0.6121	 | 	Valid Accuracy     : 0.7741

Epoch : 16
Train Loss     : 0.1547	 | 	Train Accuracy     : 0.9424
Valid Loss     : 0.6012	 | 	Valid Accuracy     : 0.7813

Epoch : 17
Train Loss     : 0.1684	 | 	Train Accuracy     : 0.9376
Valid Loss     : 0.8703	 | 	Valid Accuracy     : 0.7313

Epoch : 18
Train Loss     : 0.1486	 | 	Train Accuracy     : 0.9528
Valid Loss     : 0.5849	 | 	Valid Accuracy     : 0.7757

Epoch : 19
Train Loss     : 0.1244	 | 	Train Accuracy     : 0.9596
Valid Loss     : 0.5608	 | 	Valid Accuracy     : 0.7852

Epoch : 20
Train Loss     : 0.1232	 | 	Train Accuracy     : 0.9622
Valid Loss     : 0.5900	 | 	Valid Accuracy     : 0.7731

Epoch : 21
Train Loss     : 0.1161	 | 	Train Accuracy     : 0.9618
Valid Loss     : 0.5777	 | 	Valid Accuracy     : 0.7791

Epoch : 22
Train Loss     : 0.1149	 | 	Train Accuracy     : 0.9636
Valid Loss     : 0.5797	 | 	Valid Accuracy     : 0.7784

Epoch : 23
Train Loss     : 0.1086	 | 	Train Accuracy     : 0.9683
Valid Loss     : 0.5702	 | 	Valid Accuracy     : 0.7790

Epoch : 24
Train Loss     : 0.1086	 | 	Train Accuracy     : 0.9676
Valid Loss     : 0.5868	 | 	Valid Accuracy     : 0.7753

Epoch : 25
Train Loss     : 0.1054	 | 	Train Accuracy     : 0.9709
Valid Loss     : 0.5990	 | 	Valid Accuracy     : 0.7721

Epoch : 26
Train Loss     : 0.1046	 | 	Train Accuracy     : 0.9694
Valid Loss     : 0.5622	 | 	Valid Accuracy     : 0.7791

Epoch : 27
Train Loss     : 0.1040	 | 	Train Accuracy     : 0.9692
Valid Loss     : 0.5613	 | 	Valid Accuracy     : 0.7830

Epoch : 28
Train Loss     : 0.1007	 | 	Train Accuracy     : 0.9714
Valid Loss     : 0.5512	 | 	Valid Accuracy     : 0.7873

Epoch : 29
Train Loss     : 0.0982	 | 	Train Accuracy     : 0.9714
Valid Loss     : 0.5595	 | 	Valid Accuracy     : 0.7860

Epoch : 30
Train Loss     : 0.0959	 | 	Train Accuracy     : 0.9742
Valid Loss     : 0.5876	 | 	Valid Accuracy     : 0.7687

Evaluate on the Test set:
Test loss      :1.4122	 | Test Accuracy      : 0.7057 | Test AUPRC      : 0.6764
tensor([0.8750, 0.8968, 0.9581, 0.8942, 0.8677, 0.9210, 0.9337, 0.7510, 0.7624,
        0.7736, 0.7510, 0.7060, 0.8958, 0.9552, 0.8801, 0.6671, 0.7162, 0.6944,
        0.7030, 0.8466, 0.7185, 0.7634, 0.7763, 0.9649, 0.9085, 0.7473, 0.7443,
        0.7069, 0.7248, 0.7778, 0.7604, 0.9371, 0.8827, 0.7898, 0.7006, 0.8181,
        0.8961, 0.7252, 0.8281, 0.8348, 0.8999, 0.9312, 0.9380, 0.7857, 0.7926,
        0.7272, 0.7659, 0.6944, 0.8770, 0.7571, 0.6917, 0.7208, 0.6892, 0.8551,
        0.7272, 0.7573, 0.7150, 0.7226, 0.8608, 0.7434, 0.8071, 0.8134],
       device='cuda:0', grad_fn=<SqueezeBackward1>)

################## Training is Done! #########################
Training time is : 0:02:43.172085
