=============================================
Dataset: SEED
Method:  TS-TCC
Mode:    fine_tune
=============================================
Data loaded ...
Subjet 12
if scale True
Training started ....

Epoch : 1
Train Loss     : 1.3244	 | 	Train Accuracy     : 0.4577
Valid Loss     : 1.7227	 | 	Valid Accuracy     : 0.3106

Epoch : 2
Train Loss     : 0.6699	 | 	Train Accuracy     : 0.7411
Valid Loss     : 2.1826	 | 	Valid Accuracy     : 0.4163

Epoch : 3
Train Loss     : 0.4535	 | 	Train Accuracy     : 0.8331
Valid Loss     : 2.6279	 | 	Valid Accuracy     : 0.3720

Epoch : 4
Train Loss     : 0.2988	 | 	Train Accuracy     : 0.8995
Valid Loss     : 2.5984	 | 	Valid Accuracy     : 0.4830

Epoch : 5
Train Loss     : 0.2522	 | 	Train Accuracy     : 0.9134
Valid Loss     : 2.7395	 | 	Valid Accuracy     : 0.4822

Epoch : 6
Train Loss     : 0.1917	 | 	Train Accuracy     : 0.9321
Valid Loss     : 2.6503	 | 	Valid Accuracy     : 0.4621

Epoch : 7
Train Loss     : 0.2187	 | 	Train Accuracy     : 0.9288
Valid Loss     : 2.6123	 | 	Valid Accuracy     : 0.4944

Epoch : 8
Train Loss     : 0.2003	 | 	Train Accuracy     : 0.9273
Valid Loss     : 2.6759	 | 	Valid Accuracy     : 0.4919

Epoch : 9
Train Loss     : 0.1775	 | 	Train Accuracy     : 0.9431
Valid Loss     : 2.5840	 | 	Valid Accuracy     : 0.4435

Epoch : 10
Train Loss     : 0.2298	 | 	Train Accuracy     : 0.9251
Valid Loss     : 2.5529	 | 	Valid Accuracy     : 0.4722

Epoch : 11
Train Loss     : 0.1220	 | 	Train Accuracy     : 0.9562
Valid Loss     : 2.6240	 | 	Valid Accuracy     : 0.4066

Epoch : 12
Train Loss     : 0.1588	 | 	Train Accuracy     : 0.9451
Valid Loss     : 2.7713	 | 	Valid Accuracy     : 0.4517

Epoch : 13
Train Loss     : 0.1079	 | 	Train Accuracy     : 0.9661
Valid Loss     : 2.9008	 | 	Valid Accuracy     : 0.4522

Epoch : 14
Train Loss     : 0.1280	 | 	Train Accuracy     : 0.9588
Valid Loss     : 2.8218	 | 	Valid Accuracy     : 0.4580

Epoch : 15
Train Loss     : 0.1054	 | 	Train Accuracy     : 0.9666
Valid Loss     : 2.7608	 | 	Valid Accuracy     : 0.4870

Epoch : 16
Train Loss     : 0.0928	 | 	Train Accuracy     : 0.9692
Valid Loss     : 2.8240	 | 	Valid Accuracy     : 0.4840

Epoch : 17
Train Loss     : 0.0866	 | 	Train Accuracy     : 0.9798
Valid Loss     : 2.8114	 | 	Valid Accuracy     : 0.4903

Epoch : 18
Train Loss     : 0.0745	 | 	Train Accuracy     : 0.9805
Valid Loss     : 2.8579	 | 	Valid Accuracy     : 0.4801

Epoch : 19
Train Loss     : 0.0673	 | 	Train Accuracy     : 0.9844
Valid Loss     : 2.9098	 | 	Valid Accuracy     : 0.4738

Epoch : 20
Train Loss     : 0.0698	 | 	Train Accuracy     : 0.9850
Valid Loss     : 2.9327	 | 	Valid Accuracy     : 0.4768

Epoch : 21
Train Loss     : 0.0764	 | 	Train Accuracy     : 0.9863
Valid Loss     : 2.9790	 | 	Valid Accuracy     : 0.4662

Epoch : 22
Train Loss     : 0.0633	 | 	Train Accuracy     : 0.9870
Valid Loss     : 3.0014	 | 	Valid Accuracy     : 0.4729

Epoch : 23
Train Loss     : 0.0995	 | 	Train Accuracy     : 0.9737
Valid Loss     : 3.0296	 | 	Valid Accuracy     : 0.4742

Epoch : 24
Train Loss     : 0.0963	 | 	Train Accuracy     : 0.9737
Valid Loss     : 2.9415	 | 	Valid Accuracy     : 0.4804

Epoch : 25
Train Loss     : 0.0734	 | 	Train Accuracy     : 0.9844
Valid Loss     : 3.0449	 | 	Valid Accuracy     : 0.4807

Epoch : 26
Train Loss     : 0.0821	 | 	Train Accuracy     : 0.9724
Valid Loss     : 2.9757	 | 	Valid Accuracy     : 0.4879

Epoch : 27
Train Loss     : 0.0806	 | 	Train Accuracy     : 0.9731
Valid Loss     : 2.9996	 | 	Valid Accuracy     : 0.4730

Epoch : 28
Train Loss     : 0.0757	 | 	Train Accuracy     : 0.9876
Valid Loss     : 2.9867	 | 	Valid Accuracy     : 0.4842

Epoch : 29
Train Loss     : 0.0588	 | 	Train Accuracy     : 0.9863
Valid Loss     : 2.9632	 | 	Valid Accuracy     : 0.4811

Epoch : 30
Train Loss     : 0.0677	 | 	Train Accuracy     : 0.9870
Valid Loss     : 2.9331	 | 	Valid Accuracy     : 0.4723

Evaluate on the Test set:
Test loss      :2.4200	 | Test Accuracy      : 0.4587 | Test AUPRC      : 0.5155
tensor([0.9614, 0.9762, 0.9963, 0.9662, 0.9721, 1.0112, 0.9957, 0.9611, 0.9481,
        0.9462, 0.9466, 0.9416, 0.9931, 0.9870, 1.0031, 0.9310, 0.9534, 0.9493,
        0.9402, 0.9895, 0.9390, 0.9722, 0.9537, 0.9936, 0.9912, 0.9925, 0.9801,
        0.9385, 0.9522, 0.9619, 0.9718, 0.9830, 0.9893, 0.9423, 0.9435, 0.9775,
        0.9586, 0.9437, 0.9526, 0.9484, 0.9772, 0.9502, 0.9524, 0.9611, 0.9558,
        0.9567, 0.9403, 0.9710, 0.9387, 0.9503, 0.9434, 0.9618, 0.9417, 0.9391,
        0.9469, 0.9220, 0.9551, 0.9784, 0.9784, 0.9567, 0.9434, 0.9621],
       device='cuda:0', grad_fn=<SqueezeBackward1>)

################## Training is Done! #########################
Training time is : 0:00:37.963081
