=============================================
Dataset: SEED
Method:  TS-TCC
Mode:    fine_tune
=============================================
Data loaded ...
Subjet 9
if scale True
Training started ....

Epoch : 1
Train Loss     : 1.3509	 | 	Train Accuracy     : 0.4438
Valid Loss     : 2.7519	 | 	Valid Accuracy     : 0.3360

Epoch : 2
Train Loss     : 0.7264	 | 	Train Accuracy     : 0.6827
Valid Loss     : 2.2647	 | 	Valid Accuracy     : 0.3549

Epoch : 3
Train Loss     : 0.4866	 | 	Train Accuracy     : 0.7400
Valid Loss     : 2.7697	 | 	Valid Accuracy     : 0.3425

Epoch : 4
Train Loss     : 0.3994	 | 	Train Accuracy     : 0.8264
Valid Loss     : 2.0813	 | 	Valid Accuracy     : 0.3854

Epoch : 5
Train Loss     : 0.3203	 | 	Train Accuracy     : 0.8631
Valid Loss     : 1.5043	 | 	Valid Accuracy     : 0.4618

Epoch : 6
Train Loss     : 0.3456	 | 	Train Accuracy     : 0.8448
Valid Loss     : 1.1760	 | 	Valid Accuracy     : 0.5331

Epoch : 7
Train Loss     : 0.3007	 | 	Train Accuracy     : 0.8633
Valid Loss     : 1.1513	 | 	Valid Accuracy     : 0.5440

Epoch : 8
Train Loss     : 0.2931	 | 	Train Accuracy     : 0.8650
Valid Loss     : 0.7850	 | 	Valid Accuracy     : 0.6490

Epoch : 9
Train Loss     : 0.2280	 | 	Train Accuracy     : 0.9082
Valid Loss     : 1.2188	 | 	Valid Accuracy     : 0.5502

Epoch : 10
Train Loss     : 0.2368	 | 	Train Accuracy     : 0.8937
Valid Loss     : 0.7591	 | 	Valid Accuracy     : 0.6481

Epoch : 11
Train Loss     : 0.2266	 | 	Train Accuracy     : 0.8967
Valid Loss     : 1.1559	 | 	Valid Accuracy     : 0.6197

Epoch : 12
Train Loss     : 0.2166	 | 	Train Accuracy     : 0.9076
Valid Loss     : 0.7190	 | 	Valid Accuracy     : 0.6733

Epoch : 13
Train Loss     : 0.2134	 | 	Train Accuracy     : 0.9091
Valid Loss     : 0.8562	 | 	Valid Accuracy     : 0.6630

Epoch : 14
Train Loss     : 0.1831	 | 	Train Accuracy     : 0.9182
Valid Loss     : 0.7230	 | 	Valid Accuracy     : 0.6825

Epoch : 15
Train Loss     : 0.1959	 | 	Train Accuracy     : 0.9191
Valid Loss     : 0.7027	 | 	Valid Accuracy     : 0.6710

Epoch : 16
Train Loss     : 0.2016	 | 	Train Accuracy     : 0.9366
Valid Loss     : 0.8680	 | 	Valid Accuracy     : 0.6599

Epoch : 17
Train Loss     : 0.2085	 | 	Train Accuracy     : 0.9119
Valid Loss     : 0.7181	 | 	Valid Accuracy     : 0.6633

Epoch : 18
Train Loss     : 0.2514	 | 	Train Accuracy     : 0.8908
Valid Loss     : 1.0838	 | 	Valid Accuracy     : 0.6474

Epoch : 19
Train Loss     : 0.2364	 | 	Train Accuracy     : 0.9047
Valid Loss     : 0.7122	 | 	Valid Accuracy     : 0.6820

Epoch : 20
Train Loss     : 0.1603	 | 	Train Accuracy     : 0.9460
Valid Loss     : 1.0275	 | 	Valid Accuracy     : 0.6477

Epoch : 21
Train Loss     : 0.1895	 | 	Train Accuracy     : 0.9071
Valid Loss     : 0.7947	 | 	Valid Accuracy     : 0.6706

Epoch : 22
Train Loss     : 0.1411	 | 	Train Accuracy     : 0.9444
Valid Loss     : 0.9192	 | 	Valid Accuracy     : 0.6712

Epoch : 23
Train Loss     : 0.1187	 | 	Train Accuracy     : 0.9694
Valid Loss     : 0.8260	 | 	Valid Accuracy     : 0.6696

Epoch : 24
Train Loss     : 0.1335	 | 	Train Accuracy     : 0.9583
Valid Loss     : 1.0266	 | 	Valid Accuracy     : 0.6607

Epoch : 25
Train Loss     : 0.1251	 | 	Train Accuracy     : 0.9536
Valid Loss     : 0.8245	 | 	Valid Accuracy     : 0.6808

Epoch : 26
Train Loss     : 0.1253	 | 	Train Accuracy     : 0.9542
Valid Loss     : 0.8347	 | 	Valid Accuracy     : 0.6755

Epoch : 27
Train Loss     : 0.1105	 | 	Train Accuracy     : 0.9688
Valid Loss     : 0.7764	 | 	Valid Accuracy     : 0.6897

Epoch : 28
Train Loss     : 0.1061	 | 	Train Accuracy     : 0.9714
Valid Loss     : 0.8142	 | 	Valid Accuracy     : 0.6896

Epoch : 29
Train Loss     : 0.1063	 | 	Train Accuracy     : 0.9501
Valid Loss     : 0.8360	 | 	Valid Accuracy     : 0.6841

Epoch : 30
Train Loss     : 0.0805	 | 	Train Accuracy     : 0.9785
Valid Loss     : 0.8196	 | 	Valid Accuracy     : 0.6958

Evaluate on the Test set:
Test loss      :1.2011	 | Test Accuracy      : 0.6494 | Test AUPRC      : 0.6599
tensor([0.9393, 0.9427, 0.9448, 0.9407, 0.9158, 0.8906, 0.9581, 0.9208, 0.8958,
        0.8965, 0.9234, 0.9256, 0.9566, 0.9493, 0.9637, 0.8637, 0.8857, 0.9235,
        0.9177, 0.9242, 0.9179, 0.9417, 0.9008, 1.0259, 0.9594, 0.9501, 0.9515,
        0.9118, 0.9050, 0.9169, 0.9158, 0.9933, 0.9470, 0.8990, 0.8624, 0.9113,
        0.9383, 0.8956, 0.9704, 0.8766, 0.9892, 0.8967, 0.9371, 0.9002, 0.9236,
        0.9271, 0.9570, 0.9147, 0.9354, 0.9294, 0.8882, 0.9232, 0.8968, 0.8930,
        0.9292, 0.8460, 0.9306, 0.9126, 0.9465, 0.9645, 0.8835, 0.9100],
       device='cuda:0', grad_fn=<SqueezeBackward1>)

################## Training is Done! #########################
Training time is : 0:01:29.818747
