=============================================
Dataset: SEED
Method:  TS-TCC
Mode:    fine_tune
=============================================
Data loaded ...
Subjet 9
if scale True
Training started ....

Epoch : 1
Train Loss     : 1.0386	 | 	Train Accuracy     : 0.5589
Valid Loss     : 1.0285	 | 	Valid Accuracy     : 0.4500

Epoch : 2
Train Loss     : 0.5498	 | 	Train Accuracy     : 0.7739
Valid Loss     : 0.5943	 | 	Valid Accuracy     : 0.6967

Epoch : 3
Train Loss     : 0.3997	 | 	Train Accuracy     : 0.8529
Valid Loss     : 0.5769	 | 	Valid Accuracy     : 0.7354

Epoch : 4
Train Loss     : 0.3434	 | 	Train Accuracy     : 0.8792
Valid Loss     : 0.5639	 | 	Valid Accuracy     : 0.7548

Epoch : 5
Train Loss     : 0.3224	 | 	Train Accuracy     : 0.8808
Valid Loss     : 0.7053	 | 	Valid Accuracy     : 0.6938

Epoch : 6
Train Loss     : 0.3054	 | 	Train Accuracy     : 0.8866
Valid Loss     : 0.5801	 | 	Valid Accuracy     : 0.7617

Epoch : 7
Train Loss     : 0.2593	 | 	Train Accuracy     : 0.9065
Valid Loss     : 0.5382	 | 	Valid Accuracy     : 0.7819

Epoch : 8
Train Loss     : 0.2446	 | 	Train Accuracy     : 0.9149
Valid Loss     : 0.5194	 | 	Valid Accuracy     : 0.8014

Epoch : 9
Train Loss     : 0.2428	 | 	Train Accuracy     : 0.9092
Valid Loss     : 0.5576	 | 	Valid Accuracy     : 0.7906

Epoch : 10
Train Loss     : 0.2492	 | 	Train Accuracy     : 0.9063
Valid Loss     : 0.5648	 | 	Valid Accuracy     : 0.7810

Epoch : 11
Train Loss     : 0.2370	 | 	Train Accuracy     : 0.9158
Valid Loss     : 0.6066	 | 	Valid Accuracy     : 0.7727

Epoch : 12
Train Loss     : 0.2177	 | 	Train Accuracy     : 0.9264
Valid Loss     : 0.5953	 | 	Valid Accuracy     : 0.7774

Epoch : 13
Train Loss     : 0.2125	 | 	Train Accuracy     : 0.9250
Valid Loss     : 0.6143	 | 	Valid Accuracy     : 0.7868

Epoch : 14
Train Loss     : 0.1903	 | 	Train Accuracy     : 0.9332
Valid Loss     : 0.5479	 | 	Valid Accuracy     : 0.7868

Epoch : 15
Train Loss     : 0.1802	 | 	Train Accuracy     : 0.9398
Valid Loss     : 0.5529	 | 	Valid Accuracy     : 0.7948

Epoch : 16
Train Loss     : 0.1814	 | 	Train Accuracy     : 0.9363
Valid Loss     : 0.6406	 | 	Valid Accuracy     : 0.7623

Epoch : 17
Train Loss     : 0.1818	 | 	Train Accuracy     : 0.9398
Valid Loss     : 0.6923	 | 	Valid Accuracy     : 0.7401

Epoch : 18
Train Loss     : 0.1922	 | 	Train Accuracy     : 0.9338
Valid Loss     : 0.6531	 | 	Valid Accuracy     : 0.7632

Epoch : 19
Train Loss     : 0.1792	 | 	Train Accuracy     : 0.9394
Valid Loss     : 0.5612	 | 	Valid Accuracy     : 0.7931

Epoch : 20
Train Loss     : 0.1539	 | 	Train Accuracy     : 0.9501
Valid Loss     : 0.5535	 | 	Valid Accuracy     : 0.7928

Epoch : 21
Train Loss     : 0.1356	 | 	Train Accuracy     : 0.9562
Valid Loss     : 0.5534	 | 	Valid Accuracy     : 0.7878

Epoch : 22
Train Loss     : 0.1304	 | 	Train Accuracy     : 0.9620
Valid Loss     : 0.5508	 | 	Valid Accuracy     : 0.7953

Epoch : 23
Train Loss     : 0.1284	 | 	Train Accuracy     : 0.9606
Valid Loss     : 0.5521	 | 	Valid Accuracy     : 0.7999

Epoch : 24
Train Loss     : 0.1228	 | 	Train Accuracy     : 0.9636
Valid Loss     : 0.5640	 | 	Valid Accuracy     : 0.8027

Epoch : 25
Train Loss     : 0.1250	 | 	Train Accuracy     : 0.9632
Valid Loss     : 0.5699	 | 	Valid Accuracy     : 0.7943

Epoch : 26
Train Loss     : 0.1236	 | 	Train Accuracy     : 0.9624
Valid Loss     : 0.5803	 | 	Valid Accuracy     : 0.7957

Epoch : 27
Train Loss     : 0.1189	 | 	Train Accuracy     : 0.9647
Valid Loss     : 0.5682	 | 	Valid Accuracy     : 0.7962

Epoch : 28
Train Loss     : 0.1177	 | 	Train Accuracy     : 0.9655
Valid Loss     : 0.5568	 | 	Valid Accuracy     : 0.7973

Epoch : 29
Train Loss     : 0.1170	 | 	Train Accuracy     : 0.9671
Valid Loss     : 0.5493	 | 	Valid Accuracy     : 0.8029

Epoch : 30
Train Loss     : 0.1151	 | 	Train Accuracy     : 0.9706
Valid Loss     : 0.5703	 | 	Valid Accuracy     : 0.7916

Evaluate on the Test set:
Test loss      :0.7215	 | Test Accuracy      : 0.7461 | Test AUPRC      : 0.7622
tensor([0.7609, 0.8235, 0.9549, 0.7107, 0.7511, 0.9058, 0.9107, 0.6960, 0.7272,
        0.8528, 0.7055, 0.9229, 0.9324, 0.8793, 0.8639, 0.7763, 0.7484, 0.6807,
        0.7451, 0.8625, 0.8315, 0.8074, 0.9578, 1.0168, 0.8539, 0.7094, 0.8396,
        0.7679, 0.7146, 0.8157, 0.8340, 0.8340, 0.9144, 0.7858, 0.6563, 0.7526,
        0.7296, 0.8459, 0.9307, 0.6740, 0.9324, 0.8138, 0.8169, 0.7595, 0.8036,
        0.7830, 0.7578, 0.9264, 0.7259, 0.7428, 0.8605, 0.7497, 0.7001, 0.6817,
        0.6902, 0.6402, 0.8730, 0.7986, 0.7843, 0.6852, 0.8442, 0.7540],
       device='cuda:0', grad_fn=<SqueezeBackward1>)

################## Training is Done! #########################
Training time is : 0:02:08.443613
