=============================================
Dataset: SEED
Method:  TS-TCC
Mode:    fine_tune
=============================================
Data loaded ...
Subjet 14
if scale True
Training started ....

Epoch : 1
Train Loss     : 1.0037	 | 	Train Accuracy     : 0.5839
Valid Loss     : 1.2303	 | 	Valid Accuracy     : 0.3652

Epoch : 2
Train Loss     : 0.5628	 | 	Train Accuracy     : 0.7896
Valid Loss     : 0.8283	 | 	Valid Accuracy     : 0.5435

Epoch : 3
Train Loss     : 0.4955	 | 	Train Accuracy     : 0.8125
Valid Loss     : 0.9771	 | 	Valid Accuracy     : 0.6182

Epoch : 4
Train Loss     : 0.4584	 | 	Train Accuracy     : 0.8207
Valid Loss     : 0.8701	 | 	Valid Accuracy     : 0.5898

Epoch : 5
Train Loss     : 0.4381	 | 	Train Accuracy     : 0.8308
Valid Loss     : 0.9264	 | 	Valid Accuracy     : 0.5781

Epoch : 6
Train Loss     : 0.4111	 | 	Train Accuracy     : 0.8397
Valid Loss     : 0.8686	 | 	Valid Accuracy     : 0.6099

Epoch : 7
Train Loss     : 0.4082	 | 	Train Accuracy     : 0.8482
Valid Loss     : 0.9496	 | 	Valid Accuracy     : 0.6040

Epoch : 8
Train Loss     : 0.4203	 | 	Train Accuracy     : 0.8402
Valid Loss     : 1.0771	 | 	Valid Accuracy     : 0.6206

Epoch : 9
Train Loss     : 0.3738	 | 	Train Accuracy     : 0.8577
Valid Loss     : 0.9243	 | 	Valid Accuracy     : 0.6333

Epoch : 10
Train Loss     : 0.3560	 | 	Train Accuracy     : 0.8650
Valid Loss     : 1.0686	 | 	Valid Accuracy     : 0.6475

Epoch : 11
Train Loss     : 0.3589	 | 	Train Accuracy     : 0.8614
Valid Loss     : 1.1110	 | 	Valid Accuracy     : 0.6353

Epoch : 12
Train Loss     : 0.3420	 | 	Train Accuracy     : 0.8725
Valid Loss     : 1.0861	 | 	Valid Accuracy     : 0.6367

Epoch : 13
Train Loss     : 0.3579	 | 	Train Accuracy     : 0.8584
Valid Loss     : 0.8546	 | 	Valid Accuracy     : 0.6411

Epoch : 14
Train Loss     : 0.3152	 | 	Train Accuracy     : 0.8784
Valid Loss     : 0.8777	 | 	Valid Accuracy     : 0.6758

Epoch : 15
Train Loss     : 0.3038	 | 	Train Accuracy     : 0.8840
Valid Loss     : 0.8968	 | 	Valid Accuracy     : 0.6797

Epoch : 16
Train Loss     : 0.2960	 | 	Train Accuracy     : 0.8884
Valid Loss     : 0.9009	 | 	Valid Accuracy     : 0.6807

Epoch : 17
Train Loss     : 0.2962	 | 	Train Accuracy     : 0.8859
Valid Loss     : 0.9171	 | 	Valid Accuracy     : 0.6748

Epoch : 18
Train Loss     : 0.2890	 | 	Train Accuracy     : 0.8889
Valid Loss     : 0.9251	 | 	Valid Accuracy     : 0.6738

Epoch : 19
Train Loss     : 0.2872	 | 	Train Accuracy     : 0.8922
Valid Loss     : 0.9532	 | 	Valid Accuracy     : 0.6709

Epoch : 20
Train Loss     : 0.2779	 | 	Train Accuracy     : 0.8922
Valid Loss     : 0.9600	 | 	Valid Accuracy     : 0.6807

Epoch : 21
Train Loss     : 0.2802	 | 	Train Accuracy     : 0.8952
Valid Loss     : 0.9232	 | 	Valid Accuracy     : 0.6680

Epoch : 22
Train Loss     : 0.2799	 | 	Train Accuracy     : 0.8922
Valid Loss     : 0.9530	 | 	Valid Accuracy     : 0.6846

Epoch : 23
Train Loss     : 0.2732	 | 	Train Accuracy     : 0.8940
Valid Loss     : 0.9257	 | 	Valid Accuracy     : 0.6665

Epoch : 24
Train Loss     : 0.2710	 | 	Train Accuracy     : 0.8962
Valid Loss     : 0.9714	 | 	Valid Accuracy     : 0.6714

Epoch : 25
Train Loss     : 0.2707	 | 	Train Accuracy     : 0.8995
Valid Loss     : 0.9275	 | 	Valid Accuracy     : 0.6812

Epoch : 26
Train Loss     : 0.2676	 | 	Train Accuracy     : 0.8979
Valid Loss     : 0.9605	 | 	Valid Accuracy     : 0.6768

Epoch : 27
Train Loss     : 0.2672	 | 	Train Accuracy     : 0.8989
Valid Loss     : 0.9512	 | 	Valid Accuracy     : 0.6748

Epoch : 28
Train Loss     : 0.2706	 | 	Train Accuracy     : 0.8984
Valid Loss     : 0.8965	 | 	Valid Accuracy     : 0.6768

Epoch : 29
Train Loss     : 0.2674	 | 	Train Accuracy     : 0.8972
Valid Loss     : 0.9362	 | 	Valid Accuracy     : 0.6768

Epoch : 30
Train Loss     : 0.2627	 | 	Train Accuracy     : 0.9027
Valid Loss     : 0.9588	 | 	Valid Accuracy     : 0.6792

Evaluate on the Test set:
Test loss      :0.7301	 | Test Accuracy      : 0.7081 | Test AUPRC      : 0.5911
tensor([0.8341, 0.8617, 0.7965, 0.8108, 0.8689, 0.7350, 0.9219, 0.8675, 0.8666,
        0.7869, 0.7583, 0.7730, 0.8085, 0.8767, 0.7793, 0.7231, 0.7388, 0.7803,
        0.7293, 0.8427, 0.7854, 0.8698, 0.8417, 0.8790, 0.8926, 0.7743, 0.7744,
        0.7858, 0.7829, 0.7475, 0.8349, 0.9619, 1.0365, 0.7987, 0.7059, 0.8078,
        0.8489, 0.7620, 0.8108, 0.7440, 0.9939, 0.8967, 0.9175, 0.7914, 0.7866,
        0.8383, 0.7710, 0.7982, 0.7275, 0.7942, 0.7230, 0.7500, 0.7330, 0.7846,
        0.7595, 0.6917, 0.8569, 0.7413, 0.8845, 0.7388, 0.8363, 0.8218],
       device='cuda:0', grad_fn=<SqueezeBackward1>)

################## Training is Done! #########################
Training time is : 0:01:28.135818
