=============================================
Dataset: SEED
Method:  TS-TCC
Mode:    fine_tune
=============================================
Data loaded ...
Subjet 14
if scale True
Training started ....

Epoch : 1
Train Loss     : 1.3200	 | 	Train Accuracy     : 0.4432
Valid Loss     : 2.2968	 | 	Valid Accuracy     : 0.3356

Epoch : 2
Train Loss     : 0.6619	 | 	Train Accuracy     : 0.6925
Valid Loss     : 1.7828	 | 	Valid Accuracy     : 0.3765

Epoch : 3
Train Loss     : 0.4479	 | 	Train Accuracy     : 0.8216
Valid Loss     : 1.9378	 | 	Valid Accuracy     : 0.4146

Epoch : 4
Train Loss     : 0.3486	 | 	Train Accuracy     : 0.8958
Valid Loss     : 1.8990	 | 	Valid Accuracy     : 0.4506

Epoch : 5
Train Loss     : 0.2779	 | 	Train Accuracy     : 0.9233
Valid Loss     : 1.5123	 | 	Valid Accuracy     : 0.4859

Epoch : 6
Train Loss     : 0.2354	 | 	Train Accuracy     : 0.9324
Valid Loss     : 1.4802	 | 	Valid Accuracy     : 0.5086

Epoch : 7
Train Loss     : 0.2032	 | 	Train Accuracy     : 0.9480
Valid Loss     : 1.4921	 | 	Valid Accuracy     : 0.5169

Epoch : 8
Train Loss     : 0.1781	 | 	Train Accuracy     : 0.9442
Valid Loss     : 1.3693	 | 	Valid Accuracy     : 0.5267

Epoch : 9
Train Loss     : 0.1617	 | 	Train Accuracy     : 0.9539
Valid Loss     : 1.4810	 | 	Valid Accuracy     : 0.5046

Epoch : 10
Train Loss     : 0.1564	 | 	Train Accuracy     : 0.9574
Valid Loss     : 1.3493	 | 	Valid Accuracy     : 0.5442

Epoch : 11
Train Loss     : 0.1587	 | 	Train Accuracy     : 0.9590
Valid Loss     : 1.3026	 | 	Valid Accuracy     : 0.5405

Epoch : 12
Train Loss     : 0.1720	 | 	Train Accuracy     : 0.9503
Valid Loss     : 1.1907	 | 	Valid Accuracy     : 0.5917

Epoch : 13
Train Loss     : 0.1381	 | 	Train Accuracy     : 0.9594
Valid Loss     : 1.1355	 | 	Valid Accuracy     : 0.5928

Epoch : 14
Train Loss     : 0.1383	 | 	Train Accuracy     : 0.9609
Valid Loss     : 1.2986	 | 	Valid Accuracy     : 0.6031

Epoch : 15
Train Loss     : 0.1233	 | 	Train Accuracy     : 0.9601
Valid Loss     : 1.2874	 | 	Valid Accuracy     : 0.6038

Epoch : 16
Train Loss     : 0.1024	 | 	Train Accuracy     : 0.9670
Valid Loss     : 1.3000	 | 	Valid Accuracy     : 0.6136

Epoch : 17
Train Loss     : 0.0978	 | 	Train Accuracy     : 0.9708
Valid Loss     : 1.3827	 | 	Valid Accuracy     : 0.6150

Epoch : 18
Train Loss     : 0.1016	 | 	Train Accuracy     : 0.9676
Valid Loss     : 1.4762	 | 	Valid Accuracy     : 0.5427

Epoch : 19
Train Loss     : 0.0896	 | 	Train Accuracy     : 0.9748
Valid Loss     : 1.4581	 | 	Valid Accuracy     : 0.5797

Epoch : 20
Train Loss     : 0.0764	 | 	Train Accuracy     : 0.9827
Valid Loss     : 1.3892	 | 	Valid Accuracy     : 0.5899

Epoch : 21
Train Loss     : 0.0705	 | 	Train Accuracy     : 0.9802
Valid Loss     : 1.4838	 | 	Valid Accuracy     : 0.5816

Epoch : 22
Train Loss     : 0.0728	 | 	Train Accuracy     : 0.9822
Valid Loss     : 1.7454	 | 	Valid Accuracy     : 0.5361

Epoch : 23
Train Loss     : 0.0824	 | 	Train Accuracy     : 0.9782
Valid Loss     : 1.5955	 | 	Valid Accuracy     : 0.5599

Epoch : 24
Train Loss     : 0.0683	 | 	Train Accuracy     : 0.9854
Valid Loss     : 1.6899	 | 	Valid Accuracy     : 0.5659

Epoch : 25
Train Loss     : 0.0619	 | 	Train Accuracy     : 0.9840
Valid Loss     : 1.6987	 | 	Valid Accuracy     : 0.5688

Epoch : 26
Train Loss     : 0.0568	 | 	Train Accuracy     : 0.9863
Valid Loss     : 1.7064	 | 	Valid Accuracy     : 0.5564

Epoch : 27
Train Loss     : 0.0541	 | 	Train Accuracy     : 0.9892
Valid Loss     : 1.7841	 | 	Valid Accuracy     : 0.5331

Epoch : 28
Train Loss     : 0.0512	 | 	Train Accuracy     : 0.9910
Valid Loss     : 1.8340	 | 	Valid Accuracy     : 0.5308

Epoch : 29
Train Loss     : 0.0495	 | 	Train Accuracy     : 0.9897
Valid Loss     : 1.8891	 | 	Valid Accuracy     : 0.5199

Epoch : 30
Train Loss     : 0.0474	 | 	Train Accuracy     : 0.9937
Valid Loss     : 1.8911	 | 	Valid Accuracy     : 0.5244

Evaluate on the Test set:
Test loss      :1.0371	 | Test Accuracy      : 0.7109 | Test AUPRC      : 0.7933
tensor([0.9116, 0.9137, 0.9105, 0.8834, 0.9413, 0.8753, 0.9959, 0.9637, 0.8818,
        0.8493, 0.8531, 0.8425, 0.9095, 0.8826, 0.9145, 0.8396, 0.8481, 0.8580,
        0.8189, 0.8948, 0.8752, 0.8505, 0.8826, 0.9356, 0.9008, 0.8581, 0.8771,
        0.8251, 0.8812, 0.8571, 0.9090, 0.9834, 1.0741, 0.8559, 0.8210, 0.8762,
        0.8929, 0.8583, 0.8831, 0.8334, 0.9983, 0.9033, 0.8859, 0.8636, 0.8908,
        0.8875, 0.8605, 0.8453, 0.8324, 0.8333, 0.8442, 0.8645, 0.8578, 0.8376,
        0.8715, 0.8109, 0.8564, 0.9068, 0.9490, 0.8445, 0.8860, 0.8993],
       device='cuda:0', grad_fn=<SqueezeBackward1>)

################## Training is Done! #########################
Training time is : 0:01:06.803360
