=============================================
Dataset: SEED
Method:  TS-TCC
Mode:    fine_tune
=============================================
Data loaded ...
Subjet 9
if scale True
Training started ....

Epoch : 1
Train Loss     : 0.9888	 | 	Train Accuracy     : 0.5815
Valid Loss     : 0.7956	 | 	Valid Accuracy     : 0.5986

Epoch : 2
Train Loss     : 0.5115	 | 	Train Accuracy     : 0.7933
Valid Loss     : 0.5993	 | 	Valid Accuracy     : 0.7324

Epoch : 3
Train Loss     : 0.4040	 | 	Train Accuracy     : 0.8524
Valid Loss     : 0.5621	 | 	Valid Accuracy     : 0.7563

Epoch : 4
Train Loss     : 0.3323	 | 	Train Accuracy     : 0.8796
Valid Loss     : 0.5509	 | 	Valid Accuracy     : 0.7729

Epoch : 5
Train Loss     : 0.3126	 | 	Train Accuracy     : 0.8826
Valid Loss     : 0.4865	 | 	Valid Accuracy     : 0.8203

Epoch : 6
Train Loss     : 0.2860	 | 	Train Accuracy     : 0.8888
Valid Loss     : 0.4875	 | 	Valid Accuracy     : 0.8101

Epoch : 7
Train Loss     : 0.2650	 | 	Train Accuracy     : 0.9003
Valid Loss     : 0.5282	 | 	Valid Accuracy     : 0.8105

Epoch : 8
Train Loss     : 0.2401	 | 	Train Accuracy     : 0.9120
Valid Loss     : 0.5253	 | 	Valid Accuracy     : 0.8164

Epoch : 9
Train Loss     : 0.2328	 | 	Train Accuracy     : 0.9134
Valid Loss     : 0.5937	 | 	Valid Accuracy     : 0.7744

Epoch : 10
Train Loss     : 0.2240	 | 	Train Accuracy     : 0.9183
Valid Loss     : 0.5446	 | 	Valid Accuracy     : 0.7959

Epoch : 11
Train Loss     : 0.2323	 | 	Train Accuracy     : 0.9136
Valid Loss     : 0.5249	 | 	Valid Accuracy     : 0.8027

Epoch : 12
Train Loss     : 0.2114	 | 	Train Accuracy     : 0.9241
Valid Loss     : 0.8235	 | 	Valid Accuracy     : 0.7148

Epoch : 13
Train Loss     : 0.2138	 | 	Train Accuracy     : 0.9217
Valid Loss     : 0.5357	 | 	Valid Accuracy     : 0.8071

Epoch : 14
Train Loss     : 0.2153	 | 	Train Accuracy     : 0.9217
Valid Loss     : 0.5268	 | 	Valid Accuracy     : 0.8032

Epoch : 15
Train Loss     : 0.1856	 | 	Train Accuracy     : 0.9316
Valid Loss     : 0.5775	 | 	Valid Accuracy     : 0.7993

Epoch : 16
Train Loss     : 0.2032	 | 	Train Accuracy     : 0.9244
Valid Loss     : 0.7708	 | 	Valid Accuracy     : 0.7422

Epoch : 17
Train Loss     : 0.1732	 | 	Train Accuracy     : 0.9339
Valid Loss     : 0.5339	 | 	Valid Accuracy     : 0.8184

Epoch : 18
Train Loss     : 0.1515	 | 	Train Accuracy     : 0.9457
Valid Loss     : 0.5443	 | 	Valid Accuracy     : 0.8110

Epoch : 19
Train Loss     : 0.1507	 | 	Train Accuracy     : 0.9472
Valid Loss     : 0.5479	 | 	Valid Accuracy     : 0.8091

Epoch : 20
Train Loss     : 0.1430	 | 	Train Accuracy     : 0.9543
Valid Loss     : 0.5355	 | 	Valid Accuracy     : 0.8115

Epoch : 21
Train Loss     : 0.1390	 | 	Train Accuracy     : 0.9562
Valid Loss     : 0.5505	 | 	Valid Accuracy     : 0.8022

Epoch : 22
Train Loss     : 0.1409	 | 	Train Accuracy     : 0.9543
Valid Loss     : 0.5437	 | 	Valid Accuracy     : 0.8115

Epoch : 23
Train Loss     : 0.1376	 | 	Train Accuracy     : 0.9565
Valid Loss     : 0.5651	 | 	Valid Accuracy     : 0.8008

Epoch : 24
Train Loss     : 0.1410	 | 	Train Accuracy     : 0.9550
Valid Loss     : 0.5618	 | 	Valid Accuracy     : 0.8062

Epoch : 25
Train Loss     : 0.1360	 | 	Train Accuracy     : 0.9569
Valid Loss     : 0.5639	 | 	Valid Accuracy     : 0.8057

Epoch : 26
Train Loss     : 0.1350	 | 	Train Accuracy     : 0.9570
Valid Loss     : 0.5512	 | 	Valid Accuracy     : 0.8066

Epoch : 27
Train Loss     : 0.1270	 | 	Train Accuracy     : 0.9604
Valid Loss     : 0.5633	 | 	Valid Accuracy     : 0.8066

Epoch : 28
Train Loss     : 0.1299	 | 	Train Accuracy     : 0.9608
Valid Loss     : 0.5584	 | 	Valid Accuracy     : 0.8066

Epoch : 29
Train Loss     : 0.1262	 | 	Train Accuracy     : 0.9614
Valid Loss     : 0.5612	 | 	Valid Accuracy     : 0.8052

Epoch : 30
Train Loss     : 0.1282	 | 	Train Accuracy     : 0.9586
Valid Loss     : 0.5571	 | 	Valid Accuracy     : 0.8047

Evaluate on the Test set:
Test loss      :0.7067	 | Test Accuracy      : 0.7668 | Test AUPRC      : 0.5670
tensor([0.7566, 0.8112, 0.9899, 0.7067, 0.7250, 0.8882, 0.8643, 0.6860, 0.6949,
        0.8290, 0.7054, 0.9096, 0.9134, 0.8974, 0.8510, 0.6836, 0.6691, 0.7487,
        0.7740, 0.8883, 0.8011, 0.8629, 0.8980, 1.0599, 0.8312, 0.7752, 0.8588,
        0.7626, 0.6909, 0.8073, 0.7630, 0.8073, 0.9005, 0.8298, 0.6438, 0.7460,
        0.7476, 0.8334, 0.9447, 0.7137, 0.8107, 0.8492, 0.7700, 0.7983, 0.8502,
        0.7289, 0.7396, 0.9457, 0.8078, 0.7536, 0.8443, 0.7385, 0.7089, 0.7177,
        0.6908, 0.6288, 0.7808, 0.8106, 0.8280, 0.7156, 0.8457, 0.7268],
       device='cuda:0', grad_fn=<SqueezeBackward1>)

################## Training is Done! #########################
Training time is : 0:01:28.680311
