=============================================
Dataset: SEED
Method:  TS-TCC
Mode:    fine_tune
=============================================
Data loaded ...
Subjet 2
if scale True
Training started ....

Epoch : 1
Train Loss     : 1.0931	 | 	Train Accuracy     : 0.5180
Valid Loss     : 1.0998	 | 	Valid Accuracy     : 0.5316

Epoch : 2
Train Loss     : 0.6561	 | 	Train Accuracy     : 0.7181
Valid Loss     : 1.3952	 | 	Valid Accuracy     : 0.5248

Epoch : 3
Train Loss     : 0.5372	 | 	Train Accuracy     : 0.7890
Valid Loss     : 1.2925	 | 	Valid Accuracy     : 0.5432

Epoch : 4
Train Loss     : 0.4915	 | 	Train Accuracy     : 0.8104
Valid Loss     : 1.6506	 | 	Valid Accuracy     : 0.4048

Epoch : 5
Train Loss     : 0.4547	 | 	Train Accuracy     : 0.8257
Valid Loss     : 1.1006	 | 	Valid Accuracy     : 0.6266

Epoch : 6
Train Loss     : 0.4076	 | 	Train Accuracy     : 0.8462
Valid Loss     : 2.3274	 | 	Valid Accuracy     : 0.5002

Epoch : 7
Train Loss     : 0.3868	 | 	Train Accuracy     : 0.8568
Valid Loss     : 1.5989	 | 	Valid Accuracy     : 0.4830

Epoch : 8
Train Loss     : 0.3662	 | 	Train Accuracy     : 0.8650
Valid Loss     : 1.9737	 | 	Valid Accuracy     : 0.4879

Epoch : 9
Train Loss     : 0.3472	 | 	Train Accuracy     : 0.8710
Valid Loss     : 1.6757	 | 	Valid Accuracy     : 0.4746

Epoch : 10
Train Loss     : 0.3810	 | 	Train Accuracy     : 0.8493
Valid Loss     : 1.6311	 | 	Valid Accuracy     : 0.5073

Epoch : 11
Train Loss     : 0.3473	 | 	Train Accuracy     : 0.8682
Valid Loss     : 1.9368	 | 	Valid Accuracy     : 0.4876

Epoch : 12
Train Loss     : 0.3336	 | 	Train Accuracy     : 0.8718
Valid Loss     : 1.8969	 | 	Valid Accuracy     : 0.5772

Epoch : 13
Train Loss     : 0.3026	 | 	Train Accuracy     : 0.8828
Valid Loss     : 1.9504	 | 	Valid Accuracy     : 0.5584

Epoch : 14
Train Loss     : 0.2817	 | 	Train Accuracy     : 0.9025
Valid Loss     : 1.5991	 | 	Valid Accuracy     : 0.5438

Epoch : 15
Train Loss     : 0.2720	 | 	Train Accuracy     : 0.9039
Valid Loss     : 1.7367	 | 	Valid Accuracy     : 0.5468

Epoch : 16
Train Loss     : 0.2723	 | 	Train Accuracy     : 0.9100
Valid Loss     : 1.5859	 | 	Valid Accuracy     : 0.5604

Epoch : 17
Train Loss     : 0.2705	 | 	Train Accuracy     : 0.9025
Valid Loss     : 1.8689	 | 	Valid Accuracy     : 0.5475

Epoch : 18
Train Loss     : 0.2677	 | 	Train Accuracy     : 0.9050
Valid Loss     : 1.9107	 | 	Valid Accuracy     : 0.5305

Epoch : 19
Train Loss     : 0.2587	 | 	Train Accuracy     : 0.9095
Valid Loss     : 1.9030	 | 	Valid Accuracy     : 0.5406

Epoch : 20
Train Loss     : 0.2626	 | 	Train Accuracy     : 0.9080
Valid Loss     : 1.6830	 | 	Valid Accuracy     : 0.5445

Epoch : 21
Train Loss     : 0.2582	 | 	Train Accuracy     : 0.9111
Valid Loss     : 2.1045	 | 	Valid Accuracy     : 0.5546

Epoch : 22
Train Loss     : 0.2541	 | 	Train Accuracy     : 0.9113
Valid Loss     : 1.9302	 | 	Valid Accuracy     : 0.5640

Epoch : 23
Train Loss     : 0.2530	 | 	Train Accuracy     : 0.9130
Valid Loss     : 1.8026	 | 	Valid Accuracy     : 0.5715

Epoch : 24
Train Loss     : 0.2475	 | 	Train Accuracy     : 0.9148
Valid Loss     : 2.0338	 | 	Valid Accuracy     : 0.5741

Epoch : 25
Train Loss     : 0.2447	 | 	Train Accuracy     : 0.9168
Valid Loss     : 1.6337	 | 	Valid Accuracy     : 0.5536

Epoch : 26
Train Loss     : 0.2418	 | 	Train Accuracy     : 0.9233
Valid Loss     : 1.6862	 | 	Valid Accuracy     : 0.5543

Epoch : 27
Train Loss     : 0.2459	 | 	Train Accuracy     : 0.9157
Valid Loss     : 1.7079	 | 	Valid Accuracy     : 0.5545

Epoch : 28
Train Loss     : 0.2462	 | 	Train Accuracy     : 0.9136
Valid Loss     : 1.8269	 | 	Valid Accuracy     : 0.5621

Epoch : 29
Train Loss     : 0.2402	 | 	Train Accuracy     : 0.9189
Valid Loss     : 1.9148	 | 	Valid Accuracy     : 0.5611

Epoch : 30
Train Loss     : 0.2456	 | 	Train Accuracy     : 0.9166
Valid Loss     : 1.9423	 | 	Valid Accuracy     : 0.5710

Evaluate on the Test set:
Test loss      :1.3358	 | Test Accuracy      : 0.5951 | Test AUPRC      : 0.6489
tensor([0.8565, 0.8423, 0.9940, 0.8233, 0.9029, 0.9272, 0.9313, 0.7661, 0.7665,
        0.7318, 0.8066, 0.7336, 0.8069, 0.8798, 0.9386, 0.8183, 0.7330, 0.7725,
        0.7301, 0.7805, 0.8180, 0.8105, 0.8444, 0.9815, 0.8564, 0.7340, 0.7676,
        0.7910, 0.8290, 0.7524, 0.8190, 0.7531, 0.8919, 0.7839, 0.7126, 0.8678,
        0.8527, 0.7626, 0.8836, 0.8573, 0.8921, 0.9076, 0.9689, 0.9143, 0.8275,
        0.8547, 0.8566, 0.7414, 0.8038, 0.7331, 0.7774, 0.7970, 0.7890, 0.8155,
        0.7710, 0.6999, 0.7884, 0.9453, 0.9089, 0.7296, 0.8356, 0.7761],
       device='cuda:0', grad_fn=<SqueezeBackward1>)

################## Training is Done! #########################
Training time is : 0:02:44.569851
