=============================================
Dataset: SEED
Method:  TS-TCC
Mode:    fine_tune
=============================================
Data loaded ...
Subjet 11
if scale True
Training started ....

Epoch : 1
Train Loss     : 1.2549	 | 	Train Accuracy     : 0.4976
Valid Loss     : 1.8295	 | 	Valid Accuracy     : 0.3338

Epoch : 2
Train Loss     : 0.7124	 | 	Train Accuracy     : 0.6599
Valid Loss     : 3.2510	 | 	Valid Accuracy     : 0.3492

Epoch : 3
Train Loss     : 0.5940	 | 	Train Accuracy     : 0.7335
Valid Loss     : 3.8774	 | 	Valid Accuracy     : 0.3347

Epoch : 4
Train Loss     : 0.4650	 | 	Train Accuracy     : 0.8118
Valid Loss     : 2.9560	 | 	Valid Accuracy     : 0.3621

Epoch : 5
Train Loss     : 0.3090	 | 	Train Accuracy     : 0.8874
Valid Loss     : 2.4189	 | 	Valid Accuracy     : 0.4034

Epoch : 6
Train Loss     : 0.2995	 | 	Train Accuracy     : 0.8928
Valid Loss     : 1.4465	 | 	Valid Accuracy     : 0.5044

Epoch : 7
Train Loss     : 0.2767	 | 	Train Accuracy     : 0.8891
Valid Loss     : 1.0512	 | 	Valid Accuracy     : 0.6192

Epoch : 8
Train Loss     : 0.2508	 | 	Train Accuracy     : 0.9110
Valid Loss     : 0.6995	 | 	Valid Accuracy     : 0.7329

Epoch : 9
Train Loss     : 0.2736	 | 	Train Accuracy     : 0.8796
Valid Loss     : 0.9967	 | 	Valid Accuracy     : 0.6617

Epoch : 10
Train Loss     : 0.2339	 | 	Train Accuracy     : 0.9136
Valid Loss     : 0.6214	 | 	Valid Accuracy     : 0.7635

Epoch : 11
Train Loss     : 0.2042	 | 	Train Accuracy     : 0.9336
Valid Loss     : 0.9745	 | 	Valid Accuracy     : 0.6745

Epoch : 12
Train Loss     : 0.2109	 | 	Train Accuracy     : 0.9156
Valid Loss     : 0.6702	 | 	Valid Accuracy     : 0.7440

Epoch : 13
Train Loss     : 0.1937	 | 	Train Accuracy     : 0.9329
Valid Loss     : 0.9050	 | 	Valid Accuracy     : 0.6876

Epoch : 14
Train Loss     : 0.1846	 | 	Train Accuracy     : 0.9280
Valid Loss     : 0.9050	 | 	Valid Accuracy     : 0.6952

Epoch : 15
Train Loss     : 0.1586	 | 	Train Accuracy     : 0.9399
Valid Loss     : 0.6831	 | 	Valid Accuracy     : 0.7478

Epoch : 16
Train Loss     : 0.2505	 | 	Train Accuracy     : 0.9121
Valid Loss     : 0.8221	 | 	Valid Accuracy     : 0.7051

Epoch : 17
Train Loss     : 0.2220	 | 	Train Accuracy     : 0.9193
Valid Loss     : 0.6310	 | 	Valid Accuracy     : 0.7426

Epoch : 18
Train Loss     : 0.2003	 | 	Train Accuracy     : 0.9258
Valid Loss     : 0.7396	 | 	Valid Accuracy     : 0.7379

Epoch : 19
Train Loss     : 0.2247	 | 	Train Accuracy     : 0.9347
Valid Loss     : 0.7104	 | 	Valid Accuracy     : 0.7495

Epoch : 20
Train Loss     : 0.1793	 | 	Train Accuracy     : 0.9421
Valid Loss     : 0.6269	 | 	Valid Accuracy     : 0.7746

Epoch : 21
Train Loss     : 0.1471	 | 	Train Accuracy     : 0.9538
Valid Loss     : 0.8802	 | 	Valid Accuracy     : 0.7293

Epoch : 22
Train Loss     : 0.1263	 | 	Train Accuracy     : 0.9490
Valid Loss     : 0.8556	 | 	Valid Accuracy     : 0.7328

Epoch : 23
Train Loss     : 0.1351	 | 	Train Accuracy     : 0.9562
Valid Loss     : 0.7788	 | 	Valid Accuracy     : 0.7544

Epoch : 24
Train Loss     : 0.1591	 | 	Train Accuracy     : 0.9614
Valid Loss     : 0.7474	 | 	Valid Accuracy     : 0.7551

Epoch : 25
Train Loss     : 0.0909	 | 	Train Accuracy     : 0.9805
Valid Loss     : 0.7493	 | 	Valid Accuracy     : 0.7579

Epoch : 26
Train Loss     : 0.0929	 | 	Train Accuracy     : 0.9640
Valid Loss     : 0.7435	 | 	Valid Accuracy     : 0.7493

Epoch : 27
Train Loss     : 0.0900	 | 	Train Accuracy     : 0.9772
Valid Loss     : 0.6744	 | 	Valid Accuracy     : 0.7760

Epoch : 28
Train Loss     : 0.1303	 | 	Train Accuracy     : 0.9382
Valid Loss     : 0.6538	 | 	Valid Accuracy     : 0.7820

Epoch : 29
Train Loss     : 0.0738	 | 	Train Accuracy     : 0.9811
Valid Loss     : 0.6609	 | 	Valid Accuracy     : 0.7735

Epoch : 30
Train Loss     : 0.0818	 | 	Train Accuracy     : 0.9692
Valid Loss     : 0.7062	 | 	Valid Accuracy     : 0.7607

Evaluate on the Test set:
Test loss      :1.4329	 | Test Accuracy      : 0.6600 | Test AUPRC      : 0.7206
tensor([0.9493, 0.9638, 0.9180, 0.9368, 0.9586, 0.9152, 0.9912, 0.9053, 0.9244,
        0.9015, 0.8928, 0.9328, 0.9788, 0.9255, 0.9501, 0.8993, 0.8999, 0.9274,
        0.8960, 0.9547, 0.9385, 0.9737, 0.9919, 0.9866, 0.9508, 0.9199, 0.9229,
        0.9019, 0.9245, 0.9281, 0.9746, 0.9316, 0.9839, 0.9430, 0.9004, 0.9100,
        0.9395, 0.9579, 0.9619, 0.9419, 0.9885, 0.9387, 0.9612, 0.9391, 0.9533,
        0.9211, 0.9256, 0.9470, 0.9640, 0.9338, 0.9289, 0.9044, 0.9109, 0.9253,
        0.9189, 0.8707, 0.9110, 0.9743, 0.9441, 0.9502, 0.9560, 0.9187],
       device='cuda:0', grad_fn=<SqueezeBackward1>)

################## Training is Done! #########################
Training time is : 0:00:45.572847
