=============================================
Dataset: SEED
Method:  TS-TCC
Mode:    fine_tune
=============================================
Data loaded ...
Subjet 12
if scale False
Training started ....

Epoch : 1
Train Loss     : 1.1220	 | 	Train Accuracy     : 0.5160
Valid Loss     : 1.0689	 | 	Valid Accuracy     : 0.5215

Epoch : 2
Train Loss     : 0.7025	 | 	Train Accuracy     : 0.6948
Valid Loss     : 1.6911	 | 	Valid Accuracy     : 0.5059

Epoch : 3
Train Loss     : 0.5689	 | 	Train Accuracy     : 0.7829
Valid Loss     : 1.2216	 | 	Valid Accuracy     : 0.5522

Epoch : 4
Train Loss     : 0.4745	 | 	Train Accuracy     : 0.8208
Valid Loss     : 0.8042	 | 	Valid Accuracy     : 0.6660

Epoch : 5
Train Loss     : 0.3961	 | 	Train Accuracy     : 0.8567
Valid Loss     : 1.1041	 | 	Valid Accuracy     : 0.6221

Epoch : 6
Train Loss     : 0.3347	 | 	Train Accuracy     : 0.8820
Valid Loss     : 0.8398	 | 	Valid Accuracy     : 0.6772

Epoch : 7
Train Loss     : 0.2872	 | 	Train Accuracy     : 0.9005
Valid Loss     : 0.7730	 | 	Valid Accuracy     : 0.7017

Epoch : 8
Train Loss     : 0.2763	 | 	Train Accuracy     : 0.8974
Valid Loss     : 0.7089	 | 	Valid Accuracy     : 0.7246

Epoch : 9
Train Loss     : 0.2393	 | 	Train Accuracy     : 0.9142
Valid Loss     : 0.6597	 | 	Valid Accuracy     : 0.7280

Epoch : 10
Train Loss     : 0.2070	 | 	Train Accuracy     : 0.9283
Valid Loss     : 0.6693	 | 	Valid Accuracy     : 0.7314

Epoch : 11
Train Loss     : 0.1893	 | 	Train Accuracy     : 0.9327
Valid Loss     : 0.7458	 | 	Valid Accuracy     : 0.7168

Epoch : 12
Train Loss     : 0.1777	 | 	Train Accuracy     : 0.9443
Valid Loss     : 0.8213	 | 	Valid Accuracy     : 0.7031

Epoch : 13
Train Loss     : 0.1896	 | 	Train Accuracy     : 0.9334
Valid Loss     : 0.7768	 | 	Valid Accuracy     : 0.6846

Epoch : 14
Train Loss     : 0.1901	 | 	Train Accuracy     : 0.9326
Valid Loss     : 0.7531	 | 	Valid Accuracy     : 0.7163

Epoch : 15
Train Loss     : 0.1632	 | 	Train Accuracy     : 0.9441
Valid Loss     : 0.7620	 | 	Valid Accuracy     : 0.7222

Epoch : 16
Train Loss     : 0.1463	 | 	Train Accuracy     : 0.9506
Valid Loss     : 0.8358	 | 	Valid Accuracy     : 0.7310

Epoch : 17
Train Loss     : 0.1641	 | 	Train Accuracy     : 0.9438
Valid Loss     : 1.1690	 | 	Valid Accuracy     : 0.6694

Epoch : 18
Train Loss     : 0.1582	 | 	Train Accuracy     : 0.9463
Valid Loss     : 0.9277	 | 	Valid Accuracy     : 0.7051

Epoch : 19
Train Loss     : 0.1566	 | 	Train Accuracy     : 0.9421
Valid Loss     : 0.9584	 | 	Valid Accuracy     : 0.7109

Epoch : 20
Train Loss     : 0.1396	 | 	Train Accuracy     : 0.9504
Valid Loss     : 0.8937	 | 	Valid Accuracy     : 0.7158

Epoch : 21
Train Loss     : 0.1072	 | 	Train Accuracy     : 0.9650
Valid Loss     : 0.7737	 | 	Valid Accuracy     : 0.7412

Epoch : 22
Train Loss     : 0.0938	 | 	Train Accuracy     : 0.9732
Valid Loss     : 0.8127	 | 	Valid Accuracy     : 0.7266

Epoch : 23
Train Loss     : 0.0924	 | 	Train Accuracy     : 0.9759
Valid Loss     : 0.7884	 | 	Valid Accuracy     : 0.7280

Epoch : 24
Train Loss     : 0.0880	 | 	Train Accuracy     : 0.9766
Valid Loss     : 0.7809	 | 	Valid Accuracy     : 0.7324

Epoch : 25
Train Loss     : 0.0872	 | 	Train Accuracy     : 0.9752
Valid Loss     : 0.7980	 | 	Valid Accuracy     : 0.7246

Epoch : 26
Train Loss     : 0.0877	 | 	Train Accuracy     : 0.9745
Valid Loss     : 0.7848	 | 	Valid Accuracy     : 0.7329

Epoch : 27
Train Loss     : 0.0841	 | 	Train Accuracy     : 0.9800
Valid Loss     : 0.8416	 | 	Valid Accuracy     : 0.7207

Epoch : 28
Train Loss     : 0.0841	 | 	Train Accuracy     : 0.9786
Valid Loss     : 0.8382	 | 	Valid Accuracy     : 0.7236

Epoch : 29
Train Loss     : 0.0841	 | 	Train Accuracy     : 0.9772
Valid Loss     : 0.8059	 | 	Valid Accuracy     : 0.7266

Epoch : 30
Train Loss     : 0.0852	 | 	Train Accuracy     : 0.9791
Valid Loss     : 0.8514	 | 	Valid Accuracy     : 0.7114

Evaluate on the Test set:
Test loss      :1.1988	 | Test Accuracy      : 0.6551 | Test AUPRC      : 0.4924
tensor([1., 1., 1., 1., 1., 1., 1., 1., 1., 1., 1., 1., 1., 1., 1., 1., 1., 1.,
        1., 1., 1., 1., 1., 1., 1., 1., 1., 1., 1., 1., 1., 1., 1., 1., 1., 1.,
        1., 1., 1., 1., 1., 1., 1., 1., 1., 1., 1., 1., 1., 1., 1., 1., 1., 1.,
        1., 1., 1., 1., 1., 1., 1., 1.], device='cuda:0',
       grad_fn=<SqueezeBackward1>)

################## Training is Done! #########################
Training time is : 0:01:32.892841
