=============================================
Dataset: SEED
Method:  TS-TCC
Mode:    fine_tune
=============================================
Data loaded ...
Subjet 5
if scale True
Training started ....

Epoch : 1
Train Loss     : 1.3686	 | 	Train Accuracy     : 0.4072
Valid Loss     : 1.5793	 | 	Valid Accuracy     : 0.3221

Epoch : 2
Train Loss     : 0.7510	 | 	Train Accuracy     : 0.6866
Valid Loss     : 1.8466	 | 	Valid Accuracy     : 0.3040

Epoch : 3
Train Loss     : 0.5843	 | 	Train Accuracy     : 0.7311
Valid Loss     : 2.1012	 | 	Valid Accuracy     : 0.4688

Epoch : 4
Train Loss     : 0.4227	 | 	Train Accuracy     : 0.8320
Valid Loss     : 1.9903	 | 	Valid Accuracy     : 0.4114

Epoch : 5
Train Loss     : 0.3458	 | 	Train Accuracy     : 0.8724
Valid Loss     : 2.3283	 | 	Valid Accuracy     : 0.4195

Epoch : 6
Train Loss     : 0.2830	 | 	Train Accuracy     : 0.9073
Valid Loss     : 2.4226	 | 	Valid Accuracy     : 0.3609

Epoch : 7
Train Loss     : 0.2461	 | 	Train Accuracy     : 0.9252
Valid Loss     : 2.5520	 | 	Valid Accuracy     : 0.3355

Epoch : 8
Train Loss     : 0.2124	 | 	Train Accuracy     : 0.9378
Valid Loss     : 2.8067	 | 	Valid Accuracy     : 0.3485

Epoch : 9
Train Loss     : 0.1979	 | 	Train Accuracy     : 0.9471
Valid Loss     : 3.2746	 | 	Valid Accuracy     : 0.3670

Epoch : 10
Train Loss     : 0.1758	 | 	Train Accuracy     : 0.9508
Valid Loss     : 3.3496	 | 	Valid Accuracy     : 0.3554

Epoch : 11
Train Loss     : 0.1651	 | 	Train Accuracy     : 0.9531
Valid Loss     : 3.4802	 | 	Valid Accuracy     : 0.3780

Epoch : 12
Train Loss     : 0.1697	 | 	Train Accuracy     : 0.9410
Valid Loss     : 3.9985	 | 	Valid Accuracy     : 0.4012

Epoch : 13
Train Loss     : 0.1277	 | 	Train Accuracy     : 0.9690
Valid Loss     : 4.3447	 | 	Valid Accuracy     : 0.3836

Epoch : 14
Train Loss     : 0.1180	 | 	Train Accuracy     : 0.9739
Valid Loss     : 4.3834	 | 	Valid Accuracy     : 0.3800

Epoch : 15
Train Loss     : 0.1071	 | 	Train Accuracy     : 0.9788
Valid Loss     : 4.5586	 | 	Valid Accuracy     : 0.3845

Epoch : 16
Train Loss     : 0.1054	 | 	Train Accuracy     : 0.9796
Valid Loss     : 4.6000	 | 	Valid Accuracy     : 0.3965

Epoch : 17
Train Loss     : 0.1005	 | 	Train Accuracy     : 0.9856
Valid Loss     : 4.5754	 | 	Valid Accuracy     : 0.3933

Epoch : 18
Train Loss     : 0.1020	 | 	Train Accuracy     : 0.9812
Valid Loss     : 4.6095	 | 	Valid Accuracy     : 0.3884

Epoch : 19
Train Loss     : 0.0981	 | 	Train Accuracy     : 0.9852
Valid Loss     : 4.5869	 | 	Valid Accuracy     : 0.3877

Epoch : 20
Train Loss     : 0.0929	 | 	Train Accuracy     : 0.9886
Valid Loss     : 4.7178	 | 	Valid Accuracy     : 0.3838

Epoch : 21
Train Loss     : 0.0943	 | 	Train Accuracy     : 0.9838
Valid Loss     : 4.7980	 | 	Valid Accuracy     : 0.3734

Epoch : 22
Train Loss     : 0.0930	 | 	Train Accuracy     : 0.9862
Valid Loss     : 4.6548	 | 	Valid Accuracy     : 0.3812

Epoch : 23
Train Loss     : 0.0906	 | 	Train Accuracy     : 0.9905
Valid Loss     : 4.6500	 | 	Valid Accuracy     : 0.3807

Epoch : 24
Train Loss     : 0.0907	 | 	Train Accuracy     : 0.9852
Valid Loss     : 4.7730	 | 	Valid Accuracy     : 0.3796

Epoch : 25
Train Loss     : 0.0941	 | 	Train Accuracy     : 0.9821
Valid Loss     : 4.7716	 | 	Valid Accuracy     : 0.3894

Epoch : 26
Train Loss     : 0.0862	 | 	Train Accuracy     : 0.9877
Valid Loss     : 4.8639	 | 	Valid Accuracy     : 0.3748

Epoch : 27
Train Loss     : 0.0895	 | 	Train Accuracy     : 0.9859
Valid Loss     : 4.8552	 | 	Valid Accuracy     : 0.3850

Epoch : 28
Train Loss     : 0.0905	 | 	Train Accuracy     : 0.9869
Valid Loss     : 4.8189	 | 	Valid Accuracy     : 0.3900

Epoch : 29
Train Loss     : 0.0860	 | 	Train Accuracy     : 0.9886
Valid Loss     : 4.8205	 | 	Valid Accuracy     : 0.3817

Epoch : 30
Train Loss     : 0.0858	 | 	Train Accuracy     : 0.9891
Valid Loss     : 4.8303	 | 	Valid Accuracy     : 0.3809

Evaluate on the Test set:
Test loss      :3.2186	 | Test Accuracy      : 0.4574 | Test AUPRC      : 0.4696
tensor([0.9508, 0.9446, 0.9674, 0.9494, 0.9529, 0.9759, 0.9525, 0.9405, 0.9483,
        0.9364, 0.9360, 0.9398, 0.9777, 0.9746, 0.9594, 0.9165, 0.9217, 0.9442,
        0.9062, 0.9518, 0.9329, 0.9554, 0.9410, 0.9750, 0.9377, 0.9277, 0.9661,
        0.9197, 0.9415, 0.9258, 0.9590, 1.0204, 1.0068, 0.9350, 0.9143, 0.9558,
        0.9536, 0.9497, 0.9555, 0.9666, 0.9982, 0.9846, 0.9305, 0.9965, 0.9506,
        0.9434, 0.9328, 0.9721, 0.9135, 0.9224, 0.9202, 0.9330, 0.9184, 0.9198,
        0.9360, 0.9045, 0.9260, 0.9371, 0.9665, 0.9195, 0.9335, 0.9464],
       device='cuda:0', grad_fn=<SqueezeBackward1>)

################## Training is Done! #########################
Training time is : 0:01:57.443638
