=============================================
Dataset: SEED
Method:  TS-TCC
Mode:    fine_tune
=============================================
Data loaded ...
Subjet 7
if scale True
Training started ....

Epoch : 1
Train Loss     : 1.7226	 | 	Train Accuracy     : 0.3268
Valid Loss     : 2.0478	 | 	Valid Accuracy     : 0.3272

Epoch : 2
Train Loss     : 1.0222	 | 	Train Accuracy     : 0.4911
Valid Loss     : 1.5635	 | 	Valid Accuracy     : 0.3824

Epoch : 3
Train Loss     : 0.7500	 | 	Train Accuracy     : 0.6100
Valid Loss     : 1.8043	 | 	Valid Accuracy     : 0.3933

Epoch : 4
Train Loss     : 0.5486	 | 	Train Accuracy     : 0.7648
Valid Loss     : 1.1195	 | 	Valid Accuracy     : 0.5028

Epoch : 5
Train Loss     : 0.4746	 | 	Train Accuracy     : 0.7941
Valid Loss     : 1.1810	 | 	Valid Accuracy     : 0.5483

Epoch : 6
Train Loss     : 0.3859	 | 	Train Accuracy     : 0.8505
Valid Loss     : 1.0135	 | 	Valid Accuracy     : 0.5729

Epoch : 7
Train Loss     : 0.4166	 | 	Train Accuracy     : 0.8214
Valid Loss     : 0.8828	 | 	Valid Accuracy     : 0.6242

Epoch : 8
Train Loss     : 0.4174	 | 	Train Accuracy     : 0.8286
Valid Loss     : 0.9031	 | 	Valid Accuracy     : 0.6509

Epoch : 9
Train Loss     : 0.3686	 | 	Train Accuracy     : 0.8401
Valid Loss     : 0.8662	 | 	Valid Accuracy     : 0.6996

Epoch : 10
Train Loss     : 0.3665	 | 	Train Accuracy     : 0.8524
Valid Loss     : 0.8855	 | 	Valid Accuracy     : 0.6616

Epoch : 11
Train Loss     : 0.2924	 | 	Train Accuracy     : 0.8832
Valid Loss     : 0.9097	 | 	Valid Accuracy     : 0.6989

Epoch : 12
Train Loss     : 0.2656	 | 	Train Accuracy     : 0.8950
Valid Loss     : 0.7826	 | 	Valid Accuracy     : 0.6926

Epoch : 13
Train Loss     : 0.2814	 | 	Train Accuracy     : 0.8974
Valid Loss     : 0.8349	 | 	Valid Accuracy     : 0.6925

Epoch : 14
Train Loss     : 0.2301	 | 	Train Accuracy     : 0.9086
Valid Loss     : 0.9509	 | 	Valid Accuracy     : 0.7046

Epoch : 15
Train Loss     : 0.2407	 | 	Train Accuracy     : 0.9015
Valid Loss     : 0.8105	 | 	Valid Accuracy     : 0.6865

Epoch : 16
Train Loss     : 0.2373	 | 	Train Accuracy     : 0.8989
Valid Loss     : 1.0220	 | 	Valid Accuracy     : 0.7226

Epoch : 17
Train Loss     : 0.2389	 | 	Train Accuracy     : 0.8843
Valid Loss     : 0.8082	 | 	Valid Accuracy     : 0.6791

Epoch : 18
Train Loss     : 0.2670	 | 	Train Accuracy     : 0.9106
Valid Loss     : 1.0870	 | 	Valid Accuracy     : 0.7302

Epoch : 19
Train Loss     : 0.2374	 | 	Train Accuracy     : 0.9013
Valid Loss     : 0.8750	 | 	Valid Accuracy     : 0.6971

Epoch : 20
Train Loss     : 0.1981	 | 	Train Accuracy     : 0.9217
Valid Loss     : 0.9686	 | 	Valid Accuracy     : 0.7199

Epoch : 21
Train Loss     : 0.2138	 | 	Train Accuracy     : 0.9295
Valid Loss     : 1.0592	 | 	Valid Accuracy     : 0.7057

Epoch : 22
Train Loss     : 0.1860	 | 	Train Accuracy     : 0.9256
Valid Loss     : 0.8800	 | 	Valid Accuracy     : 0.6938

Epoch : 23
Train Loss     : 0.2265	 | 	Train Accuracy     : 0.9084
Valid Loss     : 0.9741	 | 	Valid Accuracy     : 0.7178

Epoch : 24
Train Loss     : 0.1517	 | 	Train Accuracy     : 0.9486
Valid Loss     : 0.9317	 | 	Valid Accuracy     : 0.7144

Epoch : 25
Train Loss     : 0.1468	 | 	Train Accuracy     : 0.9466
Valid Loss     : 0.9527	 | 	Valid Accuracy     : 0.7140

Epoch : 26
Train Loss     : 0.1511	 | 	Train Accuracy     : 0.9444
Valid Loss     : 0.9326	 | 	Valid Accuracy     : 0.7079

Epoch : 27
Train Loss     : 0.1765	 | 	Train Accuracy     : 0.9351
Valid Loss     : 0.8851	 | 	Valid Accuracy     : 0.7144

Epoch : 28
Train Loss     : 0.1433	 | 	Train Accuracy     : 0.9603
Valid Loss     : 0.9444	 | 	Valid Accuracy     : 0.7205

Epoch : 29
Train Loss     : 0.1251	 | 	Train Accuracy     : 0.9603
Valid Loss     : 0.9377	 | 	Valid Accuracy     : 0.7110

Epoch : 30
Train Loss     : 0.1426	 | 	Train Accuracy     : 0.9655
Valid Loss     : 0.9432	 | 	Valid Accuracy     : 0.7210

Evaluate on the Test set:
Test loss      :1.1600	 | Test Accuracy      : 0.6609 | Test AUPRC      : 0.6428
tensor([0.9504, 0.9289, 0.9904, 0.9198, 0.9338, 0.9603, 1.0101, 0.9138, 0.9117,
        0.9093, 0.9114, 0.8949, 0.9339, 0.9378, 0.9562, 0.9075, 0.9138, 0.8947,
        0.8915, 0.9412, 0.9406, 0.9085, 0.9386, 1.0366, 0.9754, 0.9375, 0.9240,
        0.9149, 0.9112, 0.9250, 0.9375, 0.9954, 0.9543, 0.9083, 0.8962, 0.9595,
        0.9631, 0.9468, 0.9278, 0.9290, 0.9697, 0.9294, 0.9193, 0.9113, 0.9319,
        0.9165, 0.9633, 0.9253, 0.9365, 0.9054, 0.8966, 0.9220, 0.9138, 0.9035,
        0.8998, 0.8618, 0.9301, 0.9439, 0.9453, 0.9001, 0.9383, 0.9260],
       device='cuda:0', grad_fn=<SqueezeBackward1>)

################## Training is Done! #########################
Training time is : 0:01:28.095844
