=============================================
Dataset: SEED
Method:  TS-TCC
Mode:    fine_tune
=============================================
Data loaded ...
Subjet 10
if scale True
Training started ....

Epoch : 1
Train Loss     : 1.0341	 | 	Train Accuracy     : 0.5670
Valid Loss     : 1.4636	 | 	Valid Accuracy     : 0.3616

Epoch : 2
Train Loss     : 0.6004	 | 	Train Accuracy     : 0.6865
Valid Loss     : 1.6132	 | 	Valid Accuracy     : 0.3734

Epoch : 3
Train Loss     : 0.4739	 | 	Train Accuracy     : 0.7889
Valid Loss     : 0.8888	 | 	Valid Accuracy     : 0.5785

Epoch : 4
Train Loss     : 0.4087	 | 	Train Accuracy     : 0.8236
Valid Loss     : 0.9497	 | 	Valid Accuracy     : 0.5709

Epoch : 5
Train Loss     : 0.3591	 | 	Train Accuracy     : 0.8530
Valid Loss     : 1.4089	 | 	Valid Accuracy     : 0.5360

Epoch : 6
Train Loss     : 0.3374	 | 	Train Accuracy     : 0.8606
Valid Loss     : 1.4855	 | 	Valid Accuracy     : 0.5337

Epoch : 7
Train Loss     : 0.3192	 | 	Train Accuracy     : 0.8627
Valid Loss     : 2.2415	 | 	Valid Accuracy     : 0.4348

Epoch : 8
Train Loss     : 0.2779	 | 	Train Accuracy     : 0.8911
Valid Loss     : 2.4888	 | 	Valid Accuracy     : 0.4542

Epoch : 9
Train Loss     : 0.2601	 | 	Train Accuracy     : 0.9011
Valid Loss     : 2.4450	 | 	Valid Accuracy     : 0.4329

Epoch : 10
Train Loss     : 0.2602	 | 	Train Accuracy     : 0.8925
Valid Loss     : 2.6966	 | 	Valid Accuracy     : 0.4574

Epoch : 11
Train Loss     : 0.2420	 | 	Train Accuracy     : 0.9049
Valid Loss     : 2.6953	 | 	Valid Accuracy     : 0.4783

Epoch : 12
Train Loss     : 0.2296	 | 	Train Accuracy     : 0.9096
Valid Loss     : 2.5949	 | 	Valid Accuracy     : 0.4757

Epoch : 13
Train Loss     : 0.2455	 | 	Train Accuracy     : 0.8958
Valid Loss     : 2.4901	 | 	Valid Accuracy     : 0.4919

Epoch : 14
Train Loss     : 0.2329	 | 	Train Accuracy     : 0.9036
Valid Loss     : 3.1298	 | 	Valid Accuracy     : 0.4487

Epoch : 15
Train Loss     : 0.1960	 | 	Train Accuracy     : 0.9267
Valid Loss     : 3.2400	 | 	Valid Accuracy     : 0.4646

Epoch : 16
Train Loss     : 0.1814	 | 	Train Accuracy     : 0.9315
Valid Loss     : 3.1895	 | 	Valid Accuracy     : 0.4789

Epoch : 17
Train Loss     : 0.1722	 | 	Train Accuracy     : 0.9386
Valid Loss     : 3.1927	 | 	Valid Accuracy     : 0.4676

Epoch : 18
Train Loss     : 0.1713	 | 	Train Accuracy     : 0.9386
Valid Loss     : 3.3522	 | 	Valid Accuracy     : 0.4508

Epoch : 19
Train Loss     : 0.1687	 | 	Train Accuracy     : 0.9405
Valid Loss     : 3.2577	 | 	Valid Accuracy     : 0.4517

Epoch : 20
Train Loss     : 0.1590	 | 	Train Accuracy     : 0.9448
Valid Loss     : 3.0005	 | 	Valid Accuracy     : 0.4642

Epoch : 21
Train Loss     : 0.1584	 | 	Train Accuracy     : 0.9430
Valid Loss     : 2.9166	 | 	Valid Accuracy     : 0.4685

Epoch : 22
Train Loss     : 0.1612	 | 	Train Accuracy     : 0.9503
Valid Loss     : 3.2336	 | 	Valid Accuracy     : 0.4426

Epoch : 23
Train Loss     : 0.1491	 | 	Train Accuracy     : 0.9500
Valid Loss     : 3.2642	 | 	Valid Accuracy     : 0.4455

Epoch : 24
Train Loss     : 0.1509	 | 	Train Accuracy     : 0.9474
Valid Loss     : 3.3105	 | 	Valid Accuracy     : 0.4319

Epoch : 25
Train Loss     : 0.1471	 | 	Train Accuracy     : 0.9535
Valid Loss     : 3.0727	 | 	Valid Accuracy     : 0.4568

Epoch : 26
Train Loss     : 0.1415	 | 	Train Accuracy     : 0.9523
Valid Loss     : 3.1850	 | 	Valid Accuracy     : 0.4537

Epoch : 27
Train Loss     : 0.1416	 | 	Train Accuracy     : 0.9485
Valid Loss     : 2.9867	 | 	Valid Accuracy     : 0.4755

Epoch : 28
Train Loss     : 0.1445	 | 	Train Accuracy     : 0.9535
Valid Loss     : 3.1380	 | 	Valid Accuracy     : 0.4710

Epoch : 29
Train Loss     : 0.1364	 | 	Train Accuracy     : 0.9577
Valid Loss     : 3.1031	 | 	Valid Accuracy     : 0.4686

Epoch : 30
Train Loss     : 0.1403	 | 	Train Accuracy     : 0.9547
Valid Loss     : 3.1750	 | 	Valid Accuracy     : 0.4532

Evaluate on the Test set:
Test loss      :3.7421	 | Test Accuracy      : 0.4458 | Test AUPRC      : 0.4637
tensor([0.8788, 0.9764, 0.9060, 0.8875, 0.9501, 0.9489, 0.9363, 0.8105, 0.8921,
        0.7959, 0.8238, 0.8664, 0.9115, 0.8478, 0.9896, 0.8003, 0.8590, 0.8013,
        0.7786, 0.8460, 0.8502, 0.9194, 0.9111, 0.9321, 0.8941, 0.8661, 0.8456,
        0.8087, 0.7998, 0.8040, 0.8496, 0.9179, 0.9756, 0.7972, 0.7776, 0.8757,
        0.8676, 0.8260, 0.8432, 0.8176, 0.9112, 0.8315, 0.8347, 0.8533, 0.9462,
        0.8403, 0.8233, 0.8392, 0.8187, 0.7806, 0.8143, 0.8315, 0.8036, 0.9074,
        0.8369, 0.7669, 0.8024, 0.9007, 0.8202, 0.9381, 0.8908, 0.8422],
       device='cuda:0', grad_fn=<SqueezeBackward1>)

################## Training is Done! #########################
Training time is : 0:02:22.614268
