=============================================
Dataset: SEED
Method:  TS-TCC
Mode:    fine_tune
=============================================
Data loaded ...
Subjet 15
if scale True
Training started ....

Epoch : 1
Train Loss     : 0.7475	 | 	Train Accuracy     : 0.6950
Valid Loss     : 0.6197	 | 	Valid Accuracy     : 0.8114

Epoch : 2
Train Loss     : 0.2143	 | 	Train Accuracy     : 0.9200
Valid Loss     : 0.5570	 | 	Valid Accuracy     : 0.8763

Epoch : 3
Train Loss     : 0.1246	 | 	Train Accuracy     : 0.9640
Valid Loss     : 0.2522	 | 	Valid Accuracy     : 0.8991

Epoch : 4
Train Loss     : 0.0817	 | 	Train Accuracy     : 0.9812
Valid Loss     : 0.1900	 | 	Valid Accuracy     : 0.9153

Epoch : 5
Train Loss     : 0.0629	 | 	Train Accuracy     : 0.9843
Valid Loss     : 0.4544	 | 	Valid Accuracy     : 0.9079

Epoch : 6
Train Loss     : 0.0574	 | 	Train Accuracy     : 0.9871
Valid Loss     : 0.8911	 | 	Valid Accuracy     : 0.8906

Epoch : 7
Train Loss     : 0.0403	 | 	Train Accuracy     : 0.9916
Valid Loss     : 1.5581	 | 	Valid Accuracy     : 0.8948

Epoch : 8
Train Loss     : 0.0367	 | 	Train Accuracy     : 0.9908
Valid Loss     : 1.0431	 | 	Valid Accuracy     : 0.9010

Epoch : 9
Train Loss     : 0.0283	 | 	Train Accuracy     : 0.9956
Valid Loss     : 1.0634	 | 	Valid Accuracy     : 0.8975

Epoch : 10
Train Loss     : 0.0275	 | 	Train Accuracy     : 0.9951
Valid Loss     : 1.4915	 | 	Valid Accuracy     : 0.8848

Epoch : 11
Train Loss     : 0.0205	 | 	Train Accuracy     : 0.9980
Valid Loss     : 1.5857	 | 	Valid Accuracy     : 0.8817

Epoch : 12
Train Loss     : 0.0208	 | 	Train Accuracy     : 0.9963
Valid Loss     : 1.4471	 | 	Valid Accuracy     : 0.8545

Epoch : 13
Train Loss     : 0.0203	 | 	Train Accuracy     : 0.9973
Valid Loss     : 2.2432	 | 	Valid Accuracy     : 0.8476

Epoch : 14
Train Loss     : 0.0217	 | 	Train Accuracy     : 0.9971
Valid Loss     : 0.2571	 | 	Valid Accuracy     : 0.9135

Epoch : 15
Train Loss     : 0.0217	 | 	Train Accuracy     : 0.9963
Valid Loss     : 0.3611	 | 	Valid Accuracy     : 0.8872

Epoch : 16
Train Loss     : 0.0146	 | 	Train Accuracy     : 0.9987
Valid Loss     : 0.2591	 | 	Valid Accuracy     : 0.9056

Epoch : 17
Train Loss     : 0.0126	 | 	Train Accuracy     : 0.9990
Valid Loss     : 0.2606	 | 	Valid Accuracy     : 0.9074

Epoch : 18
Train Loss     : 0.0118	 | 	Train Accuracy     : 0.9993
Valid Loss     : 0.2458	 | 	Valid Accuracy     : 0.9088

Epoch : 19
Train Loss     : 0.0123	 | 	Train Accuracy     : 0.9995
Valid Loss     : 0.2773	 | 	Valid Accuracy     : 0.8973

Epoch : 20
Train Loss     : 0.0101	 | 	Train Accuracy     : 0.9995
Valid Loss     : 0.2579	 | 	Valid Accuracy     : 0.9064

Epoch : 21
Train Loss     : 0.0115	 | 	Train Accuracy     : 0.9995
Valid Loss     : 0.3201	 | 	Valid Accuracy     : 0.9020

Epoch : 22
Train Loss     : 0.0105	 | 	Train Accuracy     : 0.9998
Valid Loss     : 0.2935	 | 	Valid Accuracy     : 0.8987

Epoch : 23
Train Loss     : 0.0098	 | 	Train Accuracy     : 0.9995
Valid Loss     : 0.3876	 | 	Valid Accuracy     : 0.8893

Epoch : 24
Train Loss     : 0.0099	 | 	Train Accuracy     : 0.9995
Valid Loss     : 0.3688	 | 	Valid Accuracy     : 0.9027

Epoch : 25
Train Loss     : 0.0099	 | 	Train Accuracy     : 0.9998
Valid Loss     : 0.3264	 | 	Valid Accuracy     : 0.8907

Epoch : 26
Train Loss     : 0.0100	 | 	Train Accuracy     : 0.9995
Valid Loss     : 0.3422	 | 	Valid Accuracy     : 0.8948

Epoch : 27
Train Loss     : 0.0087	 | 	Train Accuracy     : 1.0000
Valid Loss     : 0.3982	 | 	Valid Accuracy     : 0.8806

Epoch : 28
Train Loss     : 0.0091	 | 	Train Accuracy     : 0.9998
Valid Loss     : 0.4259	 | 	Valid Accuracy     : 0.8886

Epoch : 29
Train Loss     : 0.0079	 | 	Train Accuracy     : 1.0000
Valid Loss     : 0.3918	 | 	Valid Accuracy     : 0.8881

Epoch : 30
Train Loss     : 0.0083	 | 	Train Accuracy     : 0.9998
Valid Loss     : 0.4532	 | 	Valid Accuracy     : 0.8843

Evaluate on the Test set:
Test loss      :1.0599	 | Test Accuracy      : 0.6948 | Test AUPRC      : 0.7843
tensor([0.8535, 0.7930, 0.9514, 0.9146, 0.8158, 0.7906, 0.8524, 0.7998, 0.8040,
        0.7778, 0.7830, 0.7891, 0.8105, 0.8073, 1.0237, 0.7882, 0.7773, 0.7994,
        0.7541, 0.8138, 0.7797, 0.8285, 0.7887, 0.9440, 0.8043, 0.7944, 0.8713,
        0.7702, 0.7713, 0.7916, 0.8323, 0.9012, 0.8315, 0.7839, 0.7624, 0.8083,
        0.8740, 0.7868, 0.8483, 0.9146, 0.8399, 0.8347, 0.8019, 0.7818, 0.8541,
        0.8044, 0.7973, 0.7748, 0.7925, 0.7657, 0.7725, 0.7971, 0.7705, 0.8087,
        0.7885, 0.7518, 0.7776, 0.8682, 0.8568, 0.8080, 0.8638, 0.8267],
       device='cuda:0', grad_fn=<SqueezeBackward1>)

################## Training is Done! #########################
Training time is : 0:02:19.775949
