=============================================
Dataset: SEED
Method:  TS-TCC
Mode:    fine_tune
=============================================
Data loaded ...
Subjet 14
if scale True
Training started ....

Epoch : 1
Train Loss     : 1.2290	 | 	Train Accuracy     : 0.5030
Valid Loss     : 1.5640	 | 	Valid Accuracy     : 0.3510

Epoch : 2
Train Loss     : 0.6628	 | 	Train Accuracy     : 0.7001
Valid Loss     : 2.1844	 | 	Valid Accuracy     : 0.3789

Epoch : 3
Train Loss     : 0.4934	 | 	Train Accuracy     : 0.7941
Valid Loss     : 3.4374	 | 	Valid Accuracy     : 0.3556

Epoch : 4
Train Loss     : 0.3193	 | 	Train Accuracy     : 0.9054
Valid Loss     : 2.3874	 | 	Valid Accuracy     : 0.4054

Epoch : 5
Train Loss     : 0.2374	 | 	Train Accuracy     : 0.9421
Valid Loss     : 3.8327	 | 	Valid Accuracy     : 0.3754

Epoch : 6
Train Loss     : 0.2414	 | 	Train Accuracy     : 0.9477
Valid Loss     : 3.5203	 | 	Valid Accuracy     : 0.3973

Epoch : 7
Train Loss     : 0.1791	 | 	Train Accuracy     : 0.9544
Valid Loss     : 3.7035	 | 	Valid Accuracy     : 0.3982

Epoch : 8
Train Loss     : 0.1727	 | 	Train Accuracy     : 0.9714
Valid Loss     : 2.8101	 | 	Valid Accuracy     : 0.4180

Epoch : 9
Train Loss     : 0.1826	 | 	Train Accuracy     : 0.9314
Valid Loss     : 3.2070	 | 	Valid Accuracy     : 0.4161

Epoch : 10
Train Loss     : 0.1943	 | 	Train Accuracy     : 0.9423
Valid Loss     : 2.7838	 | 	Valid Accuracy     : 0.4547

Epoch : 11
Train Loss     : 0.1643	 | 	Train Accuracy     : 0.9327
Valid Loss     : 2.6729	 | 	Valid Accuracy     : 0.4806

Epoch : 12
Train Loss     : 0.1264	 | 	Train Accuracy     : 0.9648
Valid Loss     : 2.8687	 | 	Valid Accuracy     : 0.4680

Epoch : 13
Train Loss     : 0.1140	 | 	Train Accuracy     : 0.9746
Valid Loss     : 2.5715	 | 	Valid Accuracy     : 0.4798

Epoch : 14
Train Loss     : 0.1020	 | 	Train Accuracy     : 0.9733
Valid Loss     : 2.3131	 | 	Valid Accuracy     : 0.5118

Epoch : 15
Train Loss     : 0.0902	 | 	Train Accuracy     : 0.9779
Valid Loss     : 2.3419	 | 	Valid Accuracy     : 0.5117

Epoch : 16
Train Loss     : 0.1271	 | 	Train Accuracy     : 0.9659
Valid Loss     : 2.3564	 | 	Valid Accuracy     : 0.5107

Epoch : 17
Train Loss     : 0.1459	 | 	Train Accuracy     : 0.9520
Valid Loss     : 2.5542	 | 	Valid Accuracy     : 0.4952

Epoch : 18
Train Loss     : 0.0924	 | 	Train Accuracy     : 0.9779
Valid Loss     : 2.3712	 | 	Valid Accuracy     : 0.5049

Epoch : 19
Train Loss     : 0.0936	 | 	Train Accuracy     : 0.9640
Valid Loss     : 2.4100	 | 	Valid Accuracy     : 0.5070

Epoch : 20
Train Loss     : 0.1105	 | 	Train Accuracy     : 0.9659
Valid Loss     : 2.2570	 | 	Valid Accuracy     : 0.5211

Epoch : 21
Train Loss     : 0.0842	 | 	Train Accuracy     : 0.9805
Valid Loss     : 2.3037	 | 	Valid Accuracy     : 0.5133

Epoch : 22
Train Loss     : 0.0807	 | 	Train Accuracy     : 0.9792
Valid Loss     : 2.3837	 | 	Valid Accuracy     : 0.5105

Epoch : 23
Train Loss     : 0.0825	 | 	Train Accuracy     : 0.9824
Valid Loss     : 2.4956	 | 	Valid Accuracy     : 0.4968

Epoch : 24
Train Loss     : 0.0792	 | 	Train Accuracy     : 0.9811
Valid Loss     : 2.5265	 | 	Valid Accuracy     : 0.4889

Epoch : 25
Train Loss     : 0.1466	 | 	Train Accuracy     : 0.9646
Valid Loss     : 2.4174	 | 	Valid Accuracy     : 0.5039

Epoch : 26
Train Loss     : 0.0910	 | 	Train Accuracy     : 0.9811
Valid Loss     : 2.5275	 | 	Valid Accuracy     : 0.4992

Epoch : 27
Train Loss     : 0.0794	 | 	Train Accuracy     : 0.9811
Valid Loss     : 2.4673	 | 	Valid Accuracy     : 0.5082

Epoch : 28
Train Loss     : 0.0928	 | 	Train Accuracy     : 0.9831
Valid Loss     : 2.4424	 | 	Valid Accuracy     : 0.5011

Epoch : 29
Train Loss     : 0.0793	 | 	Train Accuracy     : 0.9831
Valid Loss     : 2.3758	 | 	Valid Accuracy     : 0.5151

Epoch : 30
Train Loss     : 0.1066	 | 	Train Accuracy     : 0.9672
Valid Loss     : 2.4265	 | 	Valid Accuracy     : 0.4997

Evaluate on the Test set:
Test loss      :2.8788	 | Test Accuracy      : 0.5144 | Test AUPRC      : 0.6253
tensor([0.9621, 0.9502, 0.9675, 0.9535, 1.0116, 0.9688, 0.9653, 0.9843, 0.9481,
        0.9376, 0.9408, 0.9418, 0.9619, 0.9465, 0.9698, 0.9332, 0.9387, 0.9485,
        0.9281, 0.9652, 0.9422, 0.9500, 0.9424, 0.9869, 0.9774, 0.9379, 0.9537,
        0.9281, 0.9478, 0.9564, 0.9786, 0.9960, 1.0320, 0.9450, 0.9294, 0.9605,
        0.9661, 0.9444, 0.9643, 0.9368, 1.0038, 0.9889, 0.9741, 0.9607, 0.9648,
        0.9470, 0.9566, 0.9411, 0.9299, 0.9351, 0.9421, 0.9482, 0.9690, 0.9360,
        0.9543, 0.9246, 0.9484, 0.9557, 0.9860, 0.9382, 0.9414, 0.9543],
       device='cuda:0', grad_fn=<SqueezeBackward1>)

################## Training is Done! #########################
Training time is : 0:01:36.527711
