=============================================
Dataset: SEED
Method:  TS-TCC
Mode:    fine_tune
=============================================
Data loaded ...
Subjet 13
if scale False
Training started ....

Epoch : 1
Train Loss     : 0.8659	 | 	Train Accuracy     : 0.6204
Valid Loss     : 1.0262	 | 	Valid Accuracy     : 0.5322

Epoch : 2
Train Loss     : 0.4713	 | 	Train Accuracy     : 0.7826
Valid Loss     : 0.8783	 | 	Valid Accuracy     : 0.6357

Epoch : 3
Train Loss     : 0.3870	 | 	Train Accuracy     : 0.8334
Valid Loss     : 0.8051	 | 	Valid Accuracy     : 0.6841

Epoch : 4
Train Loss     : 0.3337	 | 	Train Accuracy     : 0.8626
Valid Loss     : 0.5089	 | 	Valid Accuracy     : 0.7808

Epoch : 5
Train Loss     : 0.3136	 | 	Train Accuracy     : 0.8713
Valid Loss     : 0.5724	 | 	Valid Accuracy     : 0.7666

Epoch : 6
Train Loss     : 0.2901	 | 	Train Accuracy     : 0.8808
Valid Loss     : 0.5745	 | 	Valid Accuracy     : 0.7544

Epoch : 7
Train Loss     : 0.2673	 | 	Train Accuracy     : 0.8959
Valid Loss     : 0.5915	 | 	Valid Accuracy     : 0.7539

Epoch : 8
Train Loss     : 0.2452	 | 	Train Accuracy     : 0.9044
Valid Loss     : 0.5724	 | 	Valid Accuracy     : 0.7676

Epoch : 9
Train Loss     : 0.2270	 | 	Train Accuracy     : 0.9100
Valid Loss     : 0.6014	 | 	Valid Accuracy     : 0.7656

Epoch : 10
Train Loss     : 0.2109	 | 	Train Accuracy     : 0.9193
Valid Loss     : 0.5727	 | 	Valid Accuracy     : 0.7622

Epoch : 11
Train Loss     : 0.2319	 | 	Train Accuracy     : 0.9098
Valid Loss     : 0.6006	 | 	Valid Accuracy     : 0.7632

Epoch : 12
Train Loss     : 0.2276	 | 	Train Accuracy     : 0.9125
Valid Loss     : 0.6102	 | 	Valid Accuracy     : 0.7554

Epoch : 13
Train Loss     : 0.2107	 | 	Train Accuracy     : 0.9195
Valid Loss     : 0.5769	 | 	Valid Accuracy     : 0.7773

Epoch : 14
Train Loss     : 0.1868	 | 	Train Accuracy     : 0.9248
Valid Loss     : 0.6363	 | 	Valid Accuracy     : 0.7568

Epoch : 15
Train Loss     : 0.1771	 | 	Train Accuracy     : 0.9316
Valid Loss     : 0.6220	 | 	Valid Accuracy     : 0.7646

Epoch : 16
Train Loss     : 0.1562	 | 	Train Accuracy     : 0.9406
Valid Loss     : 0.6239	 | 	Valid Accuracy     : 0.7632

Epoch : 17
Train Loss     : 0.1372	 | 	Train Accuracy     : 0.9523
Valid Loss     : 0.6139	 | 	Valid Accuracy     : 0.7715

Epoch : 18
Train Loss     : 0.1297	 | 	Train Accuracy     : 0.9596
Valid Loss     : 0.6073	 | 	Valid Accuracy     : 0.7676

Epoch : 19
Train Loss     : 0.1266	 | 	Train Accuracy     : 0.9603
Valid Loss     : 0.6316	 | 	Valid Accuracy     : 0.7573

Epoch : 20
Train Loss     : 0.1288	 | 	Train Accuracy     : 0.9570
Valid Loss     : 0.6226	 | 	Valid Accuracy     : 0.7671

Epoch : 21
Train Loss     : 0.1241	 | 	Train Accuracy     : 0.9613
Valid Loss     : 0.6144	 | 	Valid Accuracy     : 0.7676

Epoch : 22
Train Loss     : 0.1245	 | 	Train Accuracy     : 0.9582
Valid Loss     : 0.6614	 | 	Valid Accuracy     : 0.7529

Epoch : 23
Train Loss     : 0.1197	 | 	Train Accuracy     : 0.9623
Valid Loss     : 0.6242	 | 	Valid Accuracy     : 0.7588

Epoch : 24
Train Loss     : 0.1179	 | 	Train Accuracy     : 0.9655
Valid Loss     : 0.6475	 | 	Valid Accuracy     : 0.7510

Epoch : 25
Train Loss     : 0.1151	 | 	Train Accuracy     : 0.9650
Valid Loss     : 0.6181	 | 	Valid Accuracy     : 0.7681

Epoch : 26
Train Loss     : 0.1144	 | 	Train Accuracy     : 0.9625
Valid Loss     : 0.6121	 | 	Valid Accuracy     : 0.7700

Epoch : 27
Train Loss     : 0.1064	 | 	Train Accuracy     : 0.9688
Valid Loss     : 0.6256	 | 	Valid Accuracy     : 0.7627

Epoch : 28
Train Loss     : 0.1108	 | 	Train Accuracy     : 0.9664
Valid Loss     : 0.6283	 | 	Valid Accuracy     : 0.7617

Epoch : 29
Train Loss     : 0.1077	 | 	Train Accuracy     : 0.9699
Valid Loss     : 0.6325	 | 	Valid Accuracy     : 0.7563

Epoch : 30
Train Loss     : 0.1077	 | 	Train Accuracy     : 0.9679
Valid Loss     : 0.6352	 | 	Valid Accuracy     : 0.7598

Evaluate on the Test set:
Test loss      :1.3866	 | Test Accuracy      : 0.7031 | Test AUPRC      : 0.5423
tensor([1., 1., 1., 1., 1., 1., 1., 1., 1., 1., 1., 1., 1., 1., 1., 1., 1., 1.,
        1., 1., 1., 1., 1., 1., 1., 1., 1., 1., 1., 1., 1., 1., 1., 1., 1., 1.,
        1., 1., 1., 1., 1., 1., 1., 1., 1., 1., 1., 1., 1., 1., 1., 1., 1., 1.,
        1., 1., 1., 1., 1., 1., 1., 1.], device='cuda:0',
       grad_fn=<SqueezeBackward1>)

################## Training is Done! #########################
Training time is : 0:01:42.723116
