=============================================
Dataset: SEED
Method:  TS-TCC
Mode:    fine_tune
=============================================
Data loaded ...
Subjet 7
if scale True
Training started ....

Epoch : 1
Train Loss     : 1.0904	 | 	Train Accuracy     : 0.5361
Valid Loss     : 0.9380	 | 	Valid Accuracy     : 0.5206

Epoch : 2
Train Loss     : 0.4295	 | 	Train Accuracy     : 0.8460
Valid Loss     : 0.5268	 | 	Valid Accuracy     : 0.8080

Epoch : 3
Train Loss     : 0.3368	 | 	Train Accuracy     : 0.8745
Valid Loss     : 0.4892	 | 	Valid Accuracy     : 0.8106

Epoch : 4
Train Loss     : 0.2960	 | 	Train Accuracy     : 0.8922
Valid Loss     : 0.4642	 | 	Valid Accuracy     : 0.8267

Epoch : 5
Train Loss     : 0.2794	 | 	Train Accuracy     : 0.8993
Valid Loss     : 0.4728	 | 	Valid Accuracy     : 0.8283

Epoch : 6
Train Loss     : 0.2393	 | 	Train Accuracy     : 0.9221
Valid Loss     : 0.4328	 | 	Valid Accuracy     : 0.8579

Epoch : 7
Train Loss     : 0.2338	 | 	Train Accuracy     : 0.9183
Valid Loss     : 0.4415	 | 	Valid Accuracy     : 0.8300

Epoch : 8
Train Loss     : 0.2379	 | 	Train Accuracy     : 0.9157
Valid Loss     : 0.5056	 | 	Valid Accuracy     : 0.8141

Epoch : 9
Train Loss     : 0.2292	 | 	Train Accuracy     : 0.9208
Valid Loss     : 0.5002	 | 	Valid Accuracy     : 0.8235

Epoch : 10
Train Loss     : 0.2119	 | 	Train Accuracy     : 0.9296
Valid Loss     : 0.4126	 | 	Valid Accuracy     : 0.8576

Epoch : 11
Train Loss     : 0.2075	 | 	Train Accuracy     : 0.9280
Valid Loss     : 0.4147	 | 	Valid Accuracy     : 0.8610

Epoch : 12
Train Loss     : 0.1932	 | 	Train Accuracy     : 0.9351
Valid Loss     : 0.4207	 | 	Valid Accuracy     : 0.8562

Epoch : 13
Train Loss     : 0.1842	 | 	Train Accuracy     : 0.9384
Valid Loss     : 0.4021	 | 	Valid Accuracy     : 0.8598

Epoch : 14
Train Loss     : 0.1776	 | 	Train Accuracy     : 0.9404
Valid Loss     : 0.4200	 | 	Valid Accuracy     : 0.8401

Epoch : 15
Train Loss     : 0.1710	 | 	Train Accuracy     : 0.9410
Valid Loss     : 0.5163	 | 	Valid Accuracy     : 0.8341

Epoch : 16
Train Loss     : 0.1832	 | 	Train Accuracy     : 0.9383
Valid Loss     : 0.5328	 | 	Valid Accuracy     : 0.8246

Epoch : 17
Train Loss     : 0.1711	 | 	Train Accuracy     : 0.9384
Valid Loss     : 0.5619	 | 	Valid Accuracy     : 0.8331

Epoch : 18
Train Loss     : 0.1748	 | 	Train Accuracy     : 0.9407
Valid Loss     : 0.4420	 | 	Valid Accuracy     : 0.8435

Epoch : 19
Train Loss     : 0.1753	 | 	Train Accuracy     : 0.9366
Valid Loss     : 0.4617	 | 	Valid Accuracy     : 0.8503

Epoch : 20
Train Loss     : 0.1646	 | 	Train Accuracy     : 0.9461
Valid Loss     : 0.4900	 | 	Valid Accuracy     : 0.8432

Epoch : 21
Train Loss     : 0.1582	 | 	Train Accuracy     : 0.9445
Valid Loss     : 0.4225	 | 	Valid Accuracy     : 0.8587

Epoch : 22
Train Loss     : 0.1452	 | 	Train Accuracy     : 0.9538
Valid Loss     : 0.4500	 | 	Valid Accuracy     : 0.8407

Epoch : 23
Train Loss     : 0.1524	 | 	Train Accuracy     : 0.9482
Valid Loss     : 0.5930	 | 	Valid Accuracy     : 0.8209

Epoch : 24
Train Loss     : 0.1424	 | 	Train Accuracy     : 0.9501
Valid Loss     : 0.5644	 | 	Valid Accuracy     : 0.8305

Epoch : 25
Train Loss     : 0.1221	 | 	Train Accuracy     : 0.9619
Valid Loss     : 0.4419	 | 	Valid Accuracy     : 0.8536

Epoch : 26
Train Loss     : 0.1132	 | 	Train Accuracy     : 0.9637
Valid Loss     : 0.4504	 | 	Valid Accuracy     : 0.8420

Epoch : 27
Train Loss     : 0.1093	 | 	Train Accuracy     : 0.9670
Valid Loss     : 0.4285	 | 	Valid Accuracy     : 0.8550

Epoch : 28
Train Loss     : 0.1085	 | 	Train Accuracy     : 0.9670
Valid Loss     : 0.4592	 | 	Valid Accuracy     : 0.8441

Epoch : 29
Train Loss     : 0.1060	 | 	Train Accuracy     : 0.9672
Valid Loss     : 0.4563	 | 	Valid Accuracy     : 0.8437

Epoch : 30
Train Loss     : 0.1046	 | 	Train Accuracy     : 0.9670
Valid Loss     : 0.4786	 | 	Valid Accuracy     : 0.8394

Evaluate on the Test set:
Test loss      :0.9887	 | Test Accuracy      : 0.6256 | Test AUPRC      : 0.6956
tensor([0.7384, 0.8414, 0.9594, 0.7333, 0.9529, 0.8762, 0.9411, 0.7027, 0.5897,
        0.6276, 0.5892, 0.5626, 0.8997, 0.9009, 0.7111, 0.5625, 0.6619, 0.6200,
        0.5568, 0.7292, 0.5980, 0.8732, 0.7847, 1.0255, 0.8150, 0.7715, 0.6309,
        0.6369, 0.6121, 0.6042, 0.6372, 0.9516, 0.8292, 0.6093, 0.6209, 0.7181,
        0.7514, 0.6681, 0.6369, 0.7155, 0.7001, 0.6422, 0.5984, 0.5981, 0.6579,
        0.6636, 0.7721, 0.6346, 0.6595, 0.5810, 0.5829, 0.6713, 0.5735, 0.6628,
        0.5954, 0.5310, 0.5827, 0.9324, 0.9192, 0.6478, 0.6414, 0.6511],
       device='cuda:0', grad_fn=<SqueezeBackward1>)

################## Training is Done! #########################
Training time is : 0:02:38.498034
