=============================================
Dataset: SEED
Method:  TS-TCC
Mode:    fine_tune
=============================================
Data loaded ...
Subjet 14
if scale True
Training started ....

Epoch : 1
Train Loss     : 1.5551	 | 	Train Accuracy     : 0.3375
Valid Loss     : 1.0884	 | 	Valid Accuracy     : 0.3671

Epoch : 2
Train Loss     : 0.6741	 | 	Train Accuracy     : 0.6793
Valid Loss     : 2.5476	 | 	Valid Accuracy     : 0.3219

Epoch : 3
Train Loss     : 0.5019	 | 	Train Accuracy     : 0.7909
Valid Loss     : 2.3554	 | 	Valid Accuracy     : 0.3485

Epoch : 4
Train Loss     : 0.3169	 | 	Train Accuracy     : 0.8893
Valid Loss     : 1.9157	 | 	Valid Accuracy     : 0.3887

Epoch : 5
Train Loss     : 0.3615	 | 	Train Accuracy     : 0.8963
Valid Loss     : 2.1329	 | 	Valid Accuracy     : 0.3944

Epoch : 6
Train Loss     : 0.2521	 | 	Train Accuracy     : 0.9378
Valid Loss     : 2.7547	 | 	Valid Accuracy     : 0.3910

Epoch : 7
Train Loss     : 0.1857	 | 	Train Accuracy     : 0.9525
Valid Loss     : 3.1233	 | 	Valid Accuracy     : 0.3825

Epoch : 8
Train Loss     : 0.1684	 | 	Train Accuracy     : 0.9498
Valid Loss     : 3.0490	 | 	Valid Accuracy     : 0.4039

Epoch : 9
Train Loss     : 0.1539	 | 	Train Accuracy     : 0.9467
Valid Loss     : 2.8758	 | 	Valid Accuracy     : 0.4039

Epoch : 10
Train Loss     : 0.1244	 | 	Train Accuracy     : 0.9676
Valid Loss     : 2.6068	 | 	Valid Accuracy     : 0.4094

Epoch : 11
Train Loss     : 0.1078	 | 	Train Accuracy     : 0.9743
Valid Loss     : 2.3622	 | 	Valid Accuracy     : 0.4269

Epoch : 12
Train Loss     : 0.0912	 | 	Train Accuracy     : 0.9818
Valid Loss     : 2.1766	 | 	Valid Accuracy     : 0.4325

Epoch : 13
Train Loss     : 0.0832	 | 	Train Accuracy     : 0.9816
Valid Loss     : 1.8932	 | 	Valid Accuracy     : 0.4584

Epoch : 14
Train Loss     : 0.0851	 | 	Train Accuracy     : 0.9842
Valid Loss     : 1.6785	 | 	Valid Accuracy     : 0.4876

Epoch : 15
Train Loss     : 0.0801	 | 	Train Accuracy     : 0.9849
Valid Loss     : 1.5570	 | 	Valid Accuracy     : 0.5247

Epoch : 16
Train Loss     : 0.0782	 | 	Train Accuracy     : 0.9881
Valid Loss     : 1.4817	 | 	Valid Accuracy     : 0.5429

Epoch : 17
Train Loss     : 0.0754	 | 	Train Accuracy     : 0.9860
Valid Loss     : 1.4183	 | 	Valid Accuracy     : 0.5700

Epoch : 18
Train Loss     : 0.0726	 | 	Train Accuracy     : 0.9901
Valid Loss     : 1.4567	 | 	Valid Accuracy     : 0.5744

Epoch : 19
Train Loss     : 0.0747	 | 	Train Accuracy     : 0.9868
Valid Loss     : 1.4379	 | 	Valid Accuracy     : 0.5843

Epoch : 20
Train Loss     : 0.0712	 | 	Train Accuracy     : 0.9901
Valid Loss     : 1.4475	 | 	Valid Accuracy     : 0.5845

Epoch : 21
Train Loss     : 0.0691	 | 	Train Accuracy     : 0.9909
Valid Loss     : 1.4643	 | 	Valid Accuracy     : 0.5797

Epoch : 22
Train Loss     : 0.0730	 | 	Train Accuracy     : 0.9862
Valid Loss     : 1.4647	 | 	Valid Accuracy     : 0.5828

Epoch : 23
Train Loss     : 0.0751	 | 	Train Accuracy     : 0.9827
Valid Loss     : 1.4628	 | 	Valid Accuracy     : 0.5828

Epoch : 24
Train Loss     : 0.0694	 | 	Train Accuracy     : 0.9873
Valid Loss     : 1.5303	 | 	Valid Accuracy     : 0.5722

Epoch : 25
Train Loss     : 0.0700	 | 	Train Accuracy     : 0.9896
Valid Loss     : 1.5039	 | 	Valid Accuracy     : 0.5812

Epoch : 26
Train Loss     : 0.0707	 | 	Train Accuracy     : 0.9855
Valid Loss     : 1.5247	 | 	Valid Accuracy     : 0.5837

Epoch : 27
Train Loss     : 0.0653	 | 	Train Accuracy     : 0.9873
Valid Loss     : 1.5533	 | 	Valid Accuracy     : 0.5811

Epoch : 28
Train Loss     : 0.0672	 | 	Train Accuracy     : 0.9888
Valid Loss     : 1.5774	 | 	Valid Accuracy     : 0.5729

Epoch : 29
Train Loss     : 0.0708	 | 	Train Accuracy     : 0.9881
Valid Loss     : 1.5743	 | 	Valid Accuracy     : 0.5768

Epoch : 30
Train Loss     : 0.0706	 | 	Train Accuracy     : 0.9901
Valid Loss     : 1.5500	 | 	Valid Accuracy     : 0.5784

Evaluate on the Test set:
Test loss      :2.6117	 | Test Accuracy      : 0.5046 | Test AUPRC      : 0.5082
tensor([0.9849, 0.9729, 0.9836, 0.9766, 1.0055, 0.9999, 0.9776, 0.9986, 0.9770,
        0.9719, 0.9708, 0.9697, 0.9903, 0.9702, 0.9858, 0.9715, 0.9706, 0.9708,
        0.9631, 0.9809, 0.9781, 0.9729, 0.9712, 0.9934, 1.0010, 0.9766, 0.9815,
        0.9713, 0.9709, 0.9751, 0.9832, 0.9975, 1.0087, 0.9760, 0.9677, 0.9776,
        0.9807, 0.9719, 0.9818, 0.9692, 1.0024, 0.9888, 0.9785, 0.9752, 0.9773,
        0.9733, 0.9797, 0.9698, 0.9756, 0.9644, 0.9690, 0.9757, 0.9868, 0.9693,
        0.9722, 0.9617, 0.9711, 0.9784, 0.9910, 0.9777, 0.9684, 0.9781],
       device='cuda:0', grad_fn=<SqueezeBackward1>)

################## Training is Done! #########################
Training time is : 0:00:40.245358
