=============================================
Dataset: SEED
Method:  TS-TCC
Mode:    fine_tune
=============================================
Data loaded ...
Subjet 11
if scale True
Training started ....

Epoch : 1
Train Loss     : 0.9432	 | 	Train Accuracy     : 0.6223
Valid Loss     : 1.9476	 | 	Valid Accuracy     : 0.4432

Epoch : 2
Train Loss     : 0.4434	 | 	Train Accuracy     : 0.8233
Valid Loss     : 0.4714	 | 	Valid Accuracy     : 0.7922

Epoch : 3
Train Loss     : 0.3603	 | 	Train Accuracy     : 0.8648
Valid Loss     : 0.3861	 | 	Valid Accuracy     : 0.8312

Epoch : 4
Train Loss     : 0.3033	 | 	Train Accuracy     : 0.8950
Valid Loss     : 0.4206	 | 	Valid Accuracy     : 0.8188

Epoch : 5
Train Loss     : 0.2789	 | 	Train Accuracy     : 0.9018
Valid Loss     : 0.4445	 | 	Valid Accuracy     : 0.8080

Epoch : 6
Train Loss     : 0.2549	 | 	Train Accuracy     : 0.9083
Valid Loss     : 0.3725	 | 	Valid Accuracy     : 0.8403

Epoch : 7
Train Loss     : 0.2532	 | 	Train Accuracy     : 0.9041
Valid Loss     : 0.4243	 | 	Valid Accuracy     : 0.8210

Epoch : 8
Train Loss     : 0.2362	 | 	Train Accuracy     : 0.9116
Valid Loss     : 0.4025	 | 	Valid Accuracy     : 0.8278

Epoch : 9
Train Loss     : 0.2169	 | 	Train Accuracy     : 0.9231
Valid Loss     : 0.4149	 | 	Valid Accuracy     : 0.8327

Epoch : 10
Train Loss     : 0.2150	 | 	Train Accuracy     : 0.9251
Valid Loss     : 0.4313	 | 	Valid Accuracy     : 0.8276

Epoch : 11
Train Loss     : 0.1938	 | 	Train Accuracy     : 0.9342
Valid Loss     : 0.3637	 | 	Valid Accuracy     : 0.8491

Epoch : 12
Train Loss     : 0.2037	 | 	Train Accuracy     : 0.9220
Valid Loss     : 0.4733	 | 	Valid Accuracy     : 0.8165

Epoch : 13
Train Loss     : 0.2072	 | 	Train Accuracy     : 0.9236
Valid Loss     : 0.3545	 | 	Valid Accuracy     : 0.8562

Epoch : 14
Train Loss     : 0.2001	 | 	Train Accuracy     : 0.9256
Valid Loss     : 0.3463	 | 	Valid Accuracy     : 0.8518

Epoch : 15
Train Loss     : 0.1860	 | 	Train Accuracy     : 0.9338
Valid Loss     : 0.4764	 | 	Valid Accuracy     : 0.8147

Epoch : 16
Train Loss     : 0.1840	 | 	Train Accuracy     : 0.9365
Valid Loss     : 0.5072	 | 	Valid Accuracy     : 0.8019

Epoch : 17
Train Loss     : 0.1755	 | 	Train Accuracy     : 0.9369
Valid Loss     : 0.4011	 | 	Valid Accuracy     : 0.8355

Epoch : 18
Train Loss     : 0.1688	 | 	Train Accuracy     : 0.9425
Valid Loss     : 0.3524	 | 	Valid Accuracy     : 0.8492

Epoch : 19
Train Loss     : 0.1703	 | 	Train Accuracy     : 0.9397
Valid Loss     : 0.5446	 | 	Valid Accuracy     : 0.7971

Epoch : 20
Train Loss     : 0.1600	 | 	Train Accuracy     : 0.9436
Valid Loss     : 0.3312	 | 	Valid Accuracy     : 0.8646

Epoch : 21
Train Loss     : 0.1735	 | 	Train Accuracy     : 0.9366
Valid Loss     : 0.3980	 | 	Valid Accuracy     : 0.8435

Epoch : 22
Train Loss     : 0.1563	 | 	Train Accuracy     : 0.9451
Valid Loss     : 0.3831	 | 	Valid Accuracy     : 0.8462

Epoch : 23
Train Loss     : 0.1441	 | 	Train Accuracy     : 0.9469
Valid Loss     : 0.4487	 | 	Valid Accuracy     : 0.8327

Epoch : 24
Train Loss     : 0.1554	 | 	Train Accuracy     : 0.9428
Valid Loss     : 0.4011	 | 	Valid Accuracy     : 0.8376

Epoch : 25
Train Loss     : 0.1437	 | 	Train Accuracy     : 0.9504
Valid Loss     : 0.4877	 | 	Valid Accuracy     : 0.8220

Epoch : 26
Train Loss     : 0.1428	 | 	Train Accuracy     : 0.9496
Valid Loss     : 0.3962	 | 	Valid Accuracy     : 0.8439

Epoch : 27
Train Loss     : 0.1480	 | 	Train Accuracy     : 0.9466
Valid Loss     : 0.3803	 | 	Valid Accuracy     : 0.8491

Epoch : 28
Train Loss     : 0.1456	 | 	Train Accuracy     : 0.9496
Valid Loss     : 0.3516	 | 	Valid Accuracy     : 0.8560

Epoch : 29
Train Loss     : 0.1497	 | 	Train Accuracy     : 0.9477
Valid Loss     : 0.4212	 | 	Valid Accuracy     : 0.8418

Epoch : 30
Train Loss     : 0.1464	 | 	Train Accuracy     : 0.9513
Valid Loss     : 0.3732	 | 	Valid Accuracy     : 0.8508

Evaluate on the Test set:
Test loss      :0.6613	 | Test Accuracy      : 0.8000 | Test AUPRC      : 0.8484
tensor([0.5998, 0.8693, 0.8652, 0.6123, 0.7860, 0.7703, 0.9124, 0.6259, 0.4747,
        0.4553, 0.5054, 0.5531, 0.8194, 0.6045, 0.6159, 0.4250, 0.5161, 0.6951,
        0.5604, 0.6609, 0.6560, 0.6711, 0.9747, 0.7167, 0.7484, 0.7127, 0.5213,
        0.6316, 0.6750, 0.4983, 0.6617, 0.8200, 0.8510, 0.5110, 0.3725, 0.5839,
        0.7061, 0.5880, 0.6983, 0.4967, 0.9160, 0.5892, 0.4722, 0.5390, 0.8035,
        0.7733, 0.5413, 0.6001, 0.5950, 0.5785, 0.6865, 0.4710, 0.4942, 0.7099,
        0.7947, 0.3532, 0.4832, 0.8744, 0.7787, 0.5370, 0.5960, 0.5363],
       device='cuda:0', grad_fn=<SqueezeBackward1>)

################## Training is Done! #########################
Training time is : 0:02:41.694615
