=============================================
Dataset: SEED
Method:  TS-TCC
Mode:    fine_tune
=============================================
Data loaded ...
Subjet 2
if scale True
Training started ....

Epoch : 1
Train Loss     : 1.7155	 | 	Train Accuracy     : 0.3236
Valid Loss     : 1.8230	 | 	Valid Accuracy     : 0.3329

Epoch : 2
Train Loss     : 1.2754	 | 	Train Accuracy     : 0.4232
Valid Loss     : 1.2282	 | 	Valid Accuracy     : 0.3632

Epoch : 3
Train Loss     : 1.0176	 | 	Train Accuracy     : 0.5308
Valid Loss     : 1.8471	 | 	Valid Accuracy     : 0.3390

Epoch : 4
Train Loss     : 0.7544	 | 	Train Accuracy     : 0.6530
Valid Loss     : 1.4746	 | 	Valid Accuracy     : 0.4539

Epoch : 5
Train Loss     : 0.7335	 | 	Train Accuracy     : 0.6664
Valid Loss     : 1.6153	 | 	Valid Accuracy     : 0.4557

Epoch : 6
Train Loss     : 0.6285	 | 	Train Accuracy     : 0.7263
Valid Loss     : 1.5414	 | 	Valid Accuracy     : 0.4922

Epoch : 7
Train Loss     : 0.6074	 | 	Train Accuracy     : 0.7476
Valid Loss     : 1.6585	 | 	Valid Accuracy     : 0.5083

Epoch : 8
Train Loss     : 0.6007	 | 	Train Accuracy     : 0.7361
Valid Loss     : 1.3801	 | 	Valid Accuracy     : 0.4983

Epoch : 9
Train Loss     : 0.5343	 | 	Train Accuracy     : 0.7721
Valid Loss     : 1.7218	 | 	Valid Accuracy     : 0.5049

Epoch : 10
Train Loss     : 0.5257	 | 	Train Accuracy     : 0.7854
Valid Loss     : 1.2759	 | 	Valid Accuracy     : 0.5065

Epoch : 11
Train Loss     : 0.4539	 | 	Train Accuracy     : 0.8442
Valid Loss     : 1.7881	 | 	Valid Accuracy     : 0.5269

Epoch : 12
Train Loss     : 0.4323	 | 	Train Accuracy     : 0.8305
Valid Loss     : 1.7920	 | 	Valid Accuracy     : 0.4720

Epoch : 13
Train Loss     : 0.4164	 | 	Train Accuracy     : 0.8385
Valid Loss     : 2.0719	 | 	Valid Accuracy     : 0.5087

Epoch : 14
Train Loss     : 0.4455	 | 	Train Accuracy     : 0.8787
Valid Loss     : 1.8657	 | 	Valid Accuracy     : 0.5071

Epoch : 15
Train Loss     : 0.3327	 | 	Train Accuracy     : 0.8958
Valid Loss     : 1.7818	 | 	Valid Accuracy     : 0.4987

Epoch : 16
Train Loss     : 0.4019	 | 	Train Accuracy     : 0.8559
Valid Loss     : 1.7214	 | 	Valid Accuracy     : 0.4958

Epoch : 17
Train Loss     : 0.3215	 | 	Train Accuracy     : 0.8850
Valid Loss     : 1.6875	 | 	Valid Accuracy     : 0.5133

Epoch : 18
Train Loss     : 0.3008	 | 	Train Accuracy     : 0.9062
Valid Loss     : 1.7244	 | 	Valid Accuracy     : 0.5119

Epoch : 19
Train Loss     : 0.3226	 | 	Train Accuracy     : 0.8950
Valid Loss     : 1.6758	 | 	Valid Accuracy     : 0.5130

Epoch : 20
Train Loss     : 0.3580	 | 	Train Accuracy     : 0.8963
Valid Loss     : 1.6090	 | 	Valid Accuracy     : 0.4966

Epoch : 21
Train Loss     : 0.3504	 | 	Train Accuracy     : 0.8876
Valid Loss     : 1.7897	 | 	Valid Accuracy     : 0.4909

Epoch : 22
Train Loss     : 0.3077	 | 	Train Accuracy     : 0.9102
Valid Loss     : 1.8236	 | 	Valid Accuracy     : 0.4876

Epoch : 23
Train Loss     : 0.3085	 | 	Train Accuracy     : 0.8969
Valid Loss     : 1.8099	 | 	Valid Accuracy     : 0.4853

Epoch : 24
Train Loss     : 0.2972	 | 	Train Accuracy     : 0.8934
Valid Loss     : 1.7385	 | 	Valid Accuracy     : 0.4967

Epoch : 25
Train Loss     : 0.3343	 | 	Train Accuracy     : 0.8743
Valid Loss     : 1.7055	 | 	Valid Accuracy     : 0.5001

Epoch : 26
Train Loss     : 0.2985	 | 	Train Accuracy     : 0.9002
Valid Loss     : 1.7597	 | 	Valid Accuracy     : 0.4858

Epoch : 27
Train Loss     : 0.3365	 | 	Train Accuracy     : 0.8889
Valid Loss     : 1.7803	 | 	Valid Accuracy     : 0.4926

Epoch : 28
Train Loss     : 0.3045	 | 	Train Accuracy     : 0.9073
Valid Loss     : 1.7631	 | 	Valid Accuracy     : 0.4923

Epoch : 29
Train Loss     : 0.3197	 | 	Train Accuracy     : 0.9008
Valid Loss     : 1.7522	 | 	Valid Accuracy     : 0.4957

Epoch : 30
Train Loss     : 0.3248	 | 	Train Accuracy     : 0.8869
Valid Loss     : 1.7331	 | 	Valid Accuracy     : 0.5086

Evaluate on the Test set:
Test loss      :1.6617	 | Test Accuracy      : 0.4889 | Test AUPRC      : 0.5731
tensor([0.9578, 0.9551, 1.0103, 0.9622, 0.9756, 0.9758, 0.9569, 0.9585, 0.9462,
        0.9447, 0.9521, 0.9399, 0.9457, 0.9685, 0.9855, 0.9400, 0.9381, 0.9474,
        0.9267, 0.9609, 0.9680, 0.9853, 0.9515, 1.0002, 0.9753, 0.9598, 0.9545,
        0.9414, 0.9771, 0.9432, 0.9911, 0.9522, 0.9789, 0.9395, 0.9377, 0.9685,
        0.9574, 0.9511, 0.9781, 0.9695, 0.9868, 0.9491, 0.9625, 0.9571, 0.9572,
        0.9489, 0.9554, 0.9450, 0.9550, 0.9441, 0.9574, 0.9537, 0.9737, 0.9354,
        0.9491, 0.9174, 0.9529, 0.9869, 0.9593, 0.9538, 0.9492, 0.9553],
       device='cuda:0', grad_fn=<SqueezeBackward1>)

################## Training is Done! #########################
Training time is : 0:01:30.933871
