=============================================
Dataset: SEED
Method:  TS-TCC
Mode:    fine_tune
=============================================
Data loaded ...
Subjet 5
if scale True
Training started ....

Epoch : 1
Train Loss     : 1.2843	 | 	Train Accuracy     : 0.4371
Valid Loss     : 1.3523	 | 	Valid Accuracy     : 0.3085

Epoch : 2
Train Loss     : 0.7222	 | 	Train Accuracy     : 0.6821
Valid Loss     : 2.2294	 | 	Valid Accuracy     : 0.3222

Epoch : 3
Train Loss     : 0.5027	 | 	Train Accuracy     : 0.7925
Valid Loss     : 2.2421	 | 	Valid Accuracy     : 0.3104

Epoch : 4
Train Loss     : 0.3836	 | 	Train Accuracy     : 0.8657
Valid Loss     : 3.2735	 | 	Valid Accuracy     : 0.3380

Epoch : 5
Train Loss     : 0.3690	 | 	Train Accuracy     : 0.8657
Valid Loss     : 3.1346	 | 	Valid Accuracy     : 0.3538

Epoch : 6
Train Loss     : 0.3428	 | 	Train Accuracy     : 0.8602
Valid Loss     : 3.2307	 | 	Valid Accuracy     : 0.3477

Epoch : 7
Train Loss     : 0.2874	 | 	Train Accuracy     : 0.8832
Valid Loss     : 3.6595	 | 	Valid Accuracy     : 0.3481

Epoch : 8
Train Loss     : 0.2828	 | 	Train Accuracy     : 0.8941
Valid Loss     : 3.8459	 | 	Valid Accuracy     : 0.3584

Epoch : 9
Train Loss     : 0.3209	 | 	Train Accuracy     : 0.8511
Valid Loss     : 4.2201	 | 	Valid Accuracy     : 0.3542

Epoch : 10
Train Loss     : 0.3147	 | 	Train Accuracy     : 0.8908
Valid Loss     : 4.4855	 | 	Valid Accuracy     : 0.3680

Epoch : 11
Train Loss     : 0.2707	 | 	Train Accuracy     : 0.9156
Valid Loss     : 4.2814	 | 	Valid Accuracy     : 0.3784

Epoch : 12
Train Loss     : 0.2314	 | 	Train Accuracy     : 0.9130
Valid Loss     : 4.6438	 | 	Valid Accuracy     : 0.3815

Epoch : 13
Train Loss     : 0.2098	 | 	Train Accuracy     : 0.9368
Valid Loss     : 4.5379	 | 	Valid Accuracy     : 0.3706

Epoch : 14
Train Loss     : 0.2164	 | 	Train Accuracy     : 0.9351
Valid Loss     : 4.4132	 | 	Valid Accuracy     : 0.3574

Epoch : 15
Train Loss     : 0.1572	 | 	Train Accuracy     : 0.9642
Valid Loss     : 4.5100	 | 	Valid Accuracy     : 0.3738

Epoch : 16
Train Loss     : 0.2006	 | 	Train Accuracy     : 0.9332
Valid Loss     : 4.4579	 | 	Valid Accuracy     : 0.3614

Epoch : 17
Train Loss     : 0.1991	 | 	Train Accuracy     : 0.9390
Valid Loss     : 4.3613	 | 	Valid Accuracy     : 0.3585

Epoch : 18
Train Loss     : 0.1833	 | 	Train Accuracy     : 0.9523
Valid Loss     : 4.3069	 | 	Valid Accuracy     : 0.3435

Epoch : 19
Train Loss     : 0.1850	 | 	Train Accuracy     : 0.9542
Valid Loss     : 4.4196	 | 	Valid Accuracy     : 0.3513

Epoch : 20
Train Loss     : 0.1456	 | 	Train Accuracy     : 0.9449
Valid Loss     : 4.4410	 | 	Valid Accuracy     : 0.3686

Epoch : 21
Train Loss     : 0.1831	 | 	Train Accuracy     : 0.9562
Valid Loss     : 4.3104	 | 	Valid Accuracy     : 0.3495

Epoch : 22
Train Loss     : 0.1722	 | 	Train Accuracy     : 0.9423
Valid Loss     : 4.4135	 | 	Valid Accuracy     : 0.3639

Epoch : 23
Train Loss     : 0.1263	 | 	Train Accuracy     : 0.9740
Valid Loss     : 4.3945	 | 	Valid Accuracy     : 0.3667

Epoch : 24
Train Loss     : 0.1323	 | 	Train Accuracy     : 0.9607
Valid Loss     : 4.4969	 | 	Valid Accuracy     : 0.3585

Epoch : 25
Train Loss     : 0.1380	 | 	Train Accuracy     : 0.9594
Valid Loss     : 4.4783	 | 	Valid Accuracy     : 0.3796

Epoch : 26
Train Loss     : 0.2263	 | 	Train Accuracy     : 0.9329
Valid Loss     : 4.4803	 | 	Valid Accuracy     : 0.3801

Epoch : 27
Train Loss     : 0.1157	 | 	Train Accuracy     : 0.9746
Valid Loss     : 4.5111	 | 	Valid Accuracy     : 0.3704

Epoch : 28
Train Loss     : 0.1149	 | 	Train Accuracy     : 0.9772
Valid Loss     : 4.5105	 | 	Valid Accuracy     : 0.3668

Epoch : 29
Train Loss     : 0.1449	 | 	Train Accuracy     : 0.9540
Valid Loss     : 4.5685	 | 	Valid Accuracy     : 0.3603

Epoch : 30
Train Loss     : 0.1443	 | 	Train Accuracy     : 0.9355
Valid Loss     : 4.5310	 | 	Valid Accuracy     : 0.3646

Evaluate on the Test set:
Test loss      :2.9694	 | Test Accuracy      : 0.4672 | Test AUPRC      : 0.4439
tensor([0.9562, 0.9544, 0.9646, 0.9482, 0.9688, 1.0088, 0.9757, 0.9427, 0.9468,
        0.9431, 0.9462, 0.9408, 0.9881, 0.9791, 0.9851, 0.9407, 0.9447, 0.9527,
        0.9396, 0.9617, 0.9422, 0.9773, 0.9661, 0.9931, 0.9756, 0.9574, 0.9665,
        0.9430, 0.9622, 0.9410, 0.9975, 1.0248, 0.9965, 0.9538, 0.9303, 0.9645,
        0.9637, 0.9494, 0.9892, 0.9438, 1.0012, 0.9603, 0.9458, 0.9469, 0.9454,
        0.9437, 0.9650, 0.9831, 0.9447, 0.9572, 0.9380, 0.9455, 0.9411, 0.9439,
        0.9485, 0.9415, 0.9674, 0.9645, 0.9692, 0.9508, 0.9496, 0.9512],
       device='cuda:0', grad_fn=<SqueezeBackward1>)

################## Training is Done! #########################
Training time is : 0:00:59.699832
