=============================================
Dataset: SEED
Method:  TS-TCC
Mode:    fine_tune
=============================================
Data loaded ...
Subjet 7
if scale True
Training started ....

Epoch : 1
Train Loss     : 1.0853	 | 	Train Accuracy     : 0.5526
Valid Loss     : 2.1046	 | 	Valid Accuracy     : 0.3588

Epoch : 2
Train Loss     : 0.5029	 | 	Train Accuracy     : 0.7923
Valid Loss     : 1.0957	 | 	Valid Accuracy     : 0.5779

Epoch : 3
Train Loss     : 0.3763	 | 	Train Accuracy     : 0.8540
Valid Loss     : 0.7959	 | 	Valid Accuracy     : 0.6816

Epoch : 4
Train Loss     : 0.3069	 | 	Train Accuracy     : 0.8902
Valid Loss     : 0.6679	 | 	Valid Accuracy     : 0.7144

Epoch : 5
Train Loss     : 0.2868	 | 	Train Accuracy     : 0.8980
Valid Loss     : 0.5766	 | 	Valid Accuracy     : 0.7794

Epoch : 6
Train Loss     : 0.2568	 | 	Train Accuracy     : 0.9081
Valid Loss     : 0.5760	 | 	Valid Accuracy     : 0.7915

Epoch : 7
Train Loss     : 0.2679	 | 	Train Accuracy     : 0.8981
Valid Loss     : 0.5640	 | 	Valid Accuracy     : 0.8005

Epoch : 8
Train Loss     : 0.2530	 | 	Train Accuracy     : 0.9092
Valid Loss     : 0.6243	 | 	Valid Accuracy     : 0.7782

Epoch : 9
Train Loss     : 0.2188	 | 	Train Accuracy     : 0.9267
Valid Loss     : 0.5212	 | 	Valid Accuracy     : 0.8217

Epoch : 10
Train Loss     : 0.2102	 | 	Train Accuracy     : 0.9264
Valid Loss     : 0.5831	 | 	Valid Accuracy     : 0.8159

Epoch : 11
Train Loss     : 0.2010	 | 	Train Accuracy     : 0.9304
Valid Loss     : 0.4795	 | 	Valid Accuracy     : 0.8330

Epoch : 12
Train Loss     : 0.2195	 | 	Train Accuracy     : 0.9130
Valid Loss     : 0.7153	 | 	Valid Accuracy     : 0.7637

Epoch : 13
Train Loss     : 0.1972	 | 	Train Accuracy     : 0.9232
Valid Loss     : 0.6498	 | 	Valid Accuracy     : 0.7969

Epoch : 14
Train Loss     : 0.1721	 | 	Train Accuracy     : 0.9414
Valid Loss     : 0.6020	 | 	Valid Accuracy     : 0.8038

Epoch : 15
Train Loss     : 0.1652	 | 	Train Accuracy     : 0.9410
Valid Loss     : 0.6313	 | 	Valid Accuracy     : 0.7835

Epoch : 16
Train Loss     : 0.1610	 | 	Train Accuracy     : 0.9417
Valid Loss     : 0.5759	 | 	Valid Accuracy     : 0.8022

Epoch : 17
Train Loss     : 0.1589	 | 	Train Accuracy     : 0.9422
Valid Loss     : 0.7582	 | 	Valid Accuracy     : 0.7819

Epoch : 18
Train Loss     : 0.1598	 | 	Train Accuracy     : 0.9446
Valid Loss     : 0.6201	 | 	Valid Accuracy     : 0.8159

Epoch : 19
Train Loss     : 0.1471	 | 	Train Accuracy     : 0.9502
Valid Loss     : 0.5795	 | 	Valid Accuracy     : 0.8194

Epoch : 20
Train Loss     : 0.1424	 | 	Train Accuracy     : 0.9464
Valid Loss     : 0.6999	 | 	Valid Accuracy     : 0.8026

Epoch : 21
Train Loss     : 0.1482	 | 	Train Accuracy     : 0.9438
Valid Loss     : 0.5764	 | 	Valid Accuracy     : 0.8304

Epoch : 22
Train Loss     : 0.1248	 | 	Train Accuracy     : 0.9559
Valid Loss     : 0.7545	 | 	Valid Accuracy     : 0.7750

Epoch : 23
Train Loss     : 0.1229	 | 	Train Accuracy     : 0.9563
Valid Loss     : 0.5739	 | 	Valid Accuracy     : 0.8274

Epoch : 24
Train Loss     : 0.0982	 | 	Train Accuracy     : 0.9688
Valid Loss     : 0.6088	 | 	Valid Accuracy     : 0.8096

Epoch : 25
Train Loss     : 0.0983	 | 	Train Accuracy     : 0.9711
Valid Loss     : 0.6706	 | 	Valid Accuracy     : 0.8043

Epoch : 26
Train Loss     : 0.0971	 | 	Train Accuracy     : 0.9716
Valid Loss     : 0.6139	 | 	Valid Accuracy     : 0.8106

Epoch : 27
Train Loss     : 0.0915	 | 	Train Accuracy     : 0.9744
Valid Loss     : 0.5887	 | 	Valid Accuracy     : 0.8212

Epoch : 28
Train Loss     : 0.0917	 | 	Train Accuracy     : 0.9744
Valid Loss     : 0.6287	 | 	Valid Accuracy     : 0.8077

Epoch : 29
Train Loss     : 0.0917	 | 	Train Accuracy     : 0.9749
Valid Loss     : 0.6265	 | 	Valid Accuracy     : 0.8084

Epoch : 30
Train Loss     : 0.0864	 | 	Train Accuracy     : 0.9790
Valid Loss     : 0.6315	 | 	Valid Accuracy     : 0.8079

Evaluate on the Test set:
Test loss      :1.0719	 | Test Accuracy      : 0.6807 | Test AUPRC      : 0.7013
tensor([0.8672, 0.8206, 0.9465, 0.8546, 0.9950, 0.9056, 0.9914, 0.8689, 0.7709,
        0.8148, 0.7615, 0.7456, 0.9414, 0.9277, 0.8341, 0.7805, 0.7769, 0.7686,
        0.7633, 0.8669, 0.7999, 0.9085, 0.8775, 1.0498, 0.8817, 0.8054, 0.7942,
        0.7399, 0.7607, 0.7707, 0.8113, 0.9453, 0.8571, 0.7760, 0.7455, 0.8235,
        0.8517, 0.7585, 0.7914, 0.7820, 0.8423, 0.8414, 0.7787, 0.7646, 0.8284,
        0.7759, 0.8756, 0.8038, 0.8308, 0.7423, 0.7605, 0.7841, 0.7654, 0.7745,
        0.7622, 0.7183, 0.7760, 0.8497, 0.8221, 0.7769, 0.8332, 0.7872],
       device='cuda:0', grad_fn=<SqueezeBackward1>)

################## Training is Done! #########################
Training time is : 0:02:38.409949
