=============================================
Dataset: SEED
Method:  TS-TCC
Mode:    fine_tune
=============================================
Data loaded ...
Subjet 10
if scale True
Training started ....

Epoch : 1
Train Loss     : 0.9877	 | 	Train Accuracy     : 0.5623
Valid Loss     : 1.3190	 | 	Valid Accuracy     : 0.4282

Epoch : 2
Train Loss     : 0.5540	 | 	Train Accuracy     : 0.7463
Valid Loss     : 1.3122	 | 	Valid Accuracy     : 0.5664

Epoch : 3
Train Loss     : 0.4801	 | 	Train Accuracy     : 0.7869
Valid Loss     : 1.0587	 | 	Valid Accuracy     : 0.6040

Epoch : 4
Train Loss     : 0.4065	 | 	Train Accuracy     : 0.8307
Valid Loss     : 1.7848	 | 	Valid Accuracy     : 0.5220

Epoch : 5
Train Loss     : 0.3691	 | 	Train Accuracy     : 0.8528
Valid Loss     : 1.5099	 | 	Valid Accuracy     : 0.5596

Epoch : 6
Train Loss     : 0.3433	 | 	Train Accuracy     : 0.8660
Valid Loss     : 1.7796	 | 	Valid Accuracy     : 0.5811

Epoch : 7
Train Loss     : 0.3293	 | 	Train Accuracy     : 0.8702
Valid Loss     : 1.4625	 | 	Valid Accuracy     : 0.5352

Epoch : 8
Train Loss     : 0.3149	 | 	Train Accuracy     : 0.8733
Valid Loss     : 1.9740	 | 	Valid Accuracy     : 0.5142

Epoch : 9
Train Loss     : 0.2997	 | 	Train Accuracy     : 0.8804
Valid Loss     : 1.7147	 | 	Valid Accuracy     : 0.5303

Epoch : 10
Train Loss     : 0.2729	 | 	Train Accuracy     : 0.8966
Valid Loss     : 1.9336	 | 	Valid Accuracy     : 0.4878

Epoch : 11
Train Loss     : 0.2941	 | 	Train Accuracy     : 0.8801
Valid Loss     : 1.7994	 | 	Valid Accuracy     : 0.5723

Epoch : 12
Train Loss     : 0.2730	 | 	Train Accuracy     : 0.8899
Valid Loss     : 1.7792	 | 	Valid Accuracy     : 0.5488

Epoch : 13
Train Loss     : 0.2659	 | 	Train Accuracy     : 0.8932
Valid Loss     : 1.9069	 | 	Valid Accuracy     : 0.5596

Epoch : 14
Train Loss     : 0.2626	 | 	Train Accuracy     : 0.8979
Valid Loss     : 1.8116	 | 	Valid Accuracy     : 0.5830

Epoch : 15
Train Loss     : 0.2350	 | 	Train Accuracy     : 0.9071
Valid Loss     : 1.8641	 | 	Valid Accuracy     : 0.5312

Epoch : 16
Train Loss     : 0.2149	 | 	Train Accuracy     : 0.9193
Valid Loss     : 1.9035	 | 	Valid Accuracy     : 0.5537

Epoch : 17
Train Loss     : 0.2139	 | 	Train Accuracy     : 0.9217
Valid Loss     : 1.8073	 | 	Valid Accuracy     : 0.5542

Epoch : 18
Train Loss     : 0.1908	 | 	Train Accuracy     : 0.9271
Valid Loss     : 2.0268	 | 	Valid Accuracy     : 0.5239

Epoch : 19
Train Loss     : 0.2052	 | 	Train Accuracy     : 0.9217
Valid Loss     : 1.9021	 | 	Valid Accuracy     : 0.5503

Epoch : 20
Train Loss     : 0.2014	 | 	Train Accuracy     : 0.9254
Valid Loss     : 1.8733	 | 	Valid Accuracy     : 0.5273

Epoch : 21
Train Loss     : 0.1997	 | 	Train Accuracy     : 0.9261
Valid Loss     : 2.0962	 | 	Valid Accuracy     : 0.5327

Epoch : 22
Train Loss     : 0.2006	 | 	Train Accuracy     : 0.9239
Valid Loss     : 2.0575	 | 	Valid Accuracy     : 0.5381

Epoch : 23
Train Loss     : 0.1941	 | 	Train Accuracy     : 0.9304
Valid Loss     : 2.0202	 | 	Valid Accuracy     : 0.5469

Epoch : 24
Train Loss     : 0.1987	 | 	Train Accuracy     : 0.9266
Valid Loss     : 2.0359	 | 	Valid Accuracy     : 0.5557

Epoch : 25
Train Loss     : 0.1941	 | 	Train Accuracy     : 0.9278
Valid Loss     : 1.9786	 | 	Valid Accuracy     : 0.5474

Epoch : 26
Train Loss     : 0.1763	 | 	Train Accuracy     : 0.9377
Valid Loss     : 1.9174	 | 	Valid Accuracy     : 0.5381

Epoch : 27
Train Loss     : 0.1851	 | 	Train Accuracy     : 0.9367
Valid Loss     : 1.9897	 | 	Valid Accuracy     : 0.5479

Epoch : 28
Train Loss     : 0.1875	 | 	Train Accuracy     : 0.9341
Valid Loss     : 1.9463	 | 	Valid Accuracy     : 0.5400

Epoch : 29
Train Loss     : 0.1825	 | 	Train Accuracy     : 0.9319
Valid Loss     : 2.0732	 | 	Valid Accuracy     : 0.5366

Epoch : 30
Train Loss     : 0.1828	 | 	Train Accuracy     : 0.9361
Valid Loss     : 2.0365	 | 	Valid Accuracy     : 0.5405

Evaluate on the Test set:
Test loss      :1.9799	 | Test Accuracy      : 0.6329 | Test AUPRC      : 0.4936
tensor([0.8021, 0.9523, 0.9389, 0.8623, 0.9164, 0.9300, 0.9196, 0.7626, 0.8626,
        0.7246, 0.7981, 0.8027, 0.8983, 0.8195, 0.9549, 0.8186, 0.7616, 0.7230,
        0.7538, 0.8039, 0.8067, 0.8892, 0.7993, 0.9915, 0.8846, 0.8279, 0.8259,
        0.7745, 0.8207, 0.7376, 0.7789, 0.8918, 0.9439, 0.7156, 0.7282, 0.8239,
        0.7823, 0.7390, 0.8481, 0.7466, 0.8023, 0.8046, 0.7754, 0.8339, 0.9456,
        0.7645, 0.7635, 0.8120, 0.7447, 0.6977, 0.7463, 0.7406, 0.7215, 0.8375,
        0.7327, 0.6701, 0.7224, 0.9190, 0.8207, 0.9568, 0.8656, 0.8024],
       device='cuda:0', grad_fn=<SqueezeBackward1>)

################## Training is Done! #########################
Training time is : 0:01:27.201476
