=============================================
Dataset: SEED
Method:  TS-TCC
Mode:    fine_tune
=============================================
Data loaded ...
Subjet 1
if scale True
Training started ....

Epoch : 1
Train Loss     : 1.3364	 | 	Train Accuracy     : 0.4347
Valid Loss     : 3.3401	 | 	Valid Accuracy     : 0.3321

Epoch : 2
Train Loss     : 0.7219	 | 	Train Accuracy     : 0.6627
Valid Loss     : 4.1444	 | 	Valid Accuracy     : 0.3122

Epoch : 3
Train Loss     : 0.4595	 | 	Train Accuracy     : 0.8107
Valid Loss     : 5.1484	 | 	Valid Accuracy     : 0.3120

Epoch : 4
Train Loss     : 0.3897	 | 	Train Accuracy     : 0.8501
Valid Loss     : 5.1030	 | 	Valid Accuracy     : 0.3375

Epoch : 5
Train Loss     : 0.2747	 | 	Train Accuracy     : 0.9088
Valid Loss     : 4.2426	 | 	Valid Accuracy     : 0.3601

Epoch : 6
Train Loss     : 0.2373	 | 	Train Accuracy     : 0.9251
Valid Loss     : 3.1303	 | 	Valid Accuracy     : 0.4444

Epoch : 7
Train Loss     : 0.1996	 | 	Train Accuracy     : 0.9362
Valid Loss     : 2.9522	 | 	Valid Accuracy     : 0.4588

Epoch : 8
Train Loss     : 0.1677	 | 	Train Accuracy     : 0.9440
Valid Loss     : 3.0632	 | 	Valid Accuracy     : 0.4492

Epoch : 9
Train Loss     : 0.1462	 | 	Train Accuracy     : 0.9569
Valid Loss     : 3.1301	 | 	Valid Accuracy     : 0.4639

Epoch : 10
Train Loss     : 0.1394	 | 	Train Accuracy     : 0.9611
Valid Loss     : 3.3792	 | 	Valid Accuracy     : 0.4493

Epoch : 11
Train Loss     : 0.1276	 | 	Train Accuracy     : 0.9621
Valid Loss     : 3.2245	 | 	Valid Accuracy     : 0.4592

Epoch : 12
Train Loss     : 0.1228	 | 	Train Accuracy     : 0.9629
Valid Loss     : 3.1032	 | 	Valid Accuracy     : 0.4818

Epoch : 13
Train Loss     : 0.0988	 | 	Train Accuracy     : 0.9705
Valid Loss     : 3.2608	 | 	Valid Accuracy     : 0.4982

Epoch : 14
Train Loss     : 0.0969	 | 	Train Accuracy     : 0.9717
Valid Loss     : 3.1018	 | 	Valid Accuracy     : 0.4892

Epoch : 15
Train Loss     : 0.0871	 | 	Train Accuracy     : 0.9748
Valid Loss     : 2.9522	 | 	Valid Accuracy     : 0.5054

Epoch : 16
Train Loss     : 0.0685	 | 	Train Accuracy     : 0.9846
Valid Loss     : 3.2238	 | 	Valid Accuracy     : 0.4923

Epoch : 17
Train Loss     : 0.0659	 | 	Train Accuracy     : 0.9855
Valid Loss     : 3.2416	 | 	Valid Accuracy     : 0.5062

Epoch : 18
Train Loss     : 0.0707	 | 	Train Accuracy     : 0.9818
Valid Loss     : 3.3848	 | 	Valid Accuracy     : 0.4906

Epoch : 19
Train Loss     : 0.0535	 | 	Train Accuracy     : 0.9896
Valid Loss     : 3.1434	 | 	Valid Accuracy     : 0.5148

Epoch : 20
Train Loss     : 0.0453	 | 	Train Accuracy     : 0.9926
Valid Loss     : 3.1772	 | 	Valid Accuracy     : 0.5145

Epoch : 21
Train Loss     : 0.0438	 | 	Train Accuracy     : 0.9926
Valid Loss     : 3.1509	 | 	Valid Accuracy     : 0.5214

Epoch : 22
Train Loss     : 0.0450	 | 	Train Accuracy     : 0.9915
Valid Loss     : 3.0568	 | 	Valid Accuracy     : 0.5326

Epoch : 23
Train Loss     : 0.0428	 | 	Train Accuracy     : 0.9946
Valid Loss     : 3.0993	 | 	Valid Accuracy     : 0.5281

Epoch : 24
Train Loss     : 0.0412	 | 	Train Accuracy     : 0.9938
Valid Loss     : 3.1915	 | 	Valid Accuracy     : 0.5261

Epoch : 25
Train Loss     : 0.0416	 | 	Train Accuracy     : 0.9941
Valid Loss     : 3.1677	 | 	Valid Accuracy     : 0.5260

Epoch : 26
Train Loss     : 0.0386	 | 	Train Accuracy     : 0.9955
Valid Loss     : 3.2540	 | 	Valid Accuracy     : 0.5210

Epoch : 27
Train Loss     : 0.0390	 | 	Train Accuracy     : 0.9949
Valid Loss     : 3.1678	 | 	Valid Accuracy     : 0.5300

Epoch : 28
Train Loss     : 0.0379	 | 	Train Accuracy     : 0.9954
Valid Loss     : 3.2637	 | 	Valid Accuracy     : 0.5202

Epoch : 29
Train Loss     : 0.0394	 | 	Train Accuracy     : 0.9935
Valid Loss     : 3.1952	 | 	Valid Accuracy     : 0.5360

Epoch : 30
Train Loss     : 0.0350	 | 	Train Accuracy     : 0.9969
Valid Loss     : 3.2132	 | 	Valid Accuracy     : 0.5300

Evaluate on the Test set:
Test loss      :2.4448	 | Test Accuracy      : 0.6097 | Test AUPRC      : 0.6400
tensor([0.9394, 0.9327, 0.9768, 0.9179, 0.9117, 0.9736, 0.9423, 0.9072, 0.9061,
        0.8845, 0.8951, 0.8786, 0.9653, 0.9263, 0.9368, 0.8789, 0.8893, 0.8896,
        0.8578, 0.9189, 0.8852, 0.8960, 0.9018, 0.9967, 0.9232, 0.8942, 0.9261,
        0.8826, 0.8970, 0.8925, 0.9023, 0.9555, 0.9490, 0.8903, 0.8806, 0.9101,
        0.9496, 0.9117, 0.9153, 0.9030, 0.9628, 0.9307, 0.9587, 0.9003, 0.9491,
        0.9293, 0.9045, 0.9151, 0.9202, 1.0111, 0.8770, 0.9005, 0.8810, 0.8830,
        0.8917, 0.8563, 0.9665, 0.9573, 0.9636, 0.8819, 0.9127, 0.9229],
       device='cuda:0', grad_fn=<SqueezeBackward1>)

################## Training is Done! #########################
Training time is : 0:01:50.149423
