=============================================
Dataset: SEED
Method:  TS-TCC
Mode:    fine_tune
=============================================
Data loaded ...
Subjet 3
if scale True
Training started ....

Epoch : 1
Train Loss     : 1.0359	 | 	Train Accuracy     : 0.5461
Valid Loss     : 1.0760	 | 	Valid Accuracy     : 0.4769

Epoch : 2
Train Loss     : 0.6271	 | 	Train Accuracy     : 0.7297
Valid Loss     : 1.7689	 | 	Valid Accuracy     : 0.4965

Epoch : 3
Train Loss     : 0.5169	 | 	Train Accuracy     : 0.8002
Valid Loss     : 1.2889	 | 	Valid Accuracy     : 0.6391

Epoch : 4
Train Loss     : 0.4228	 | 	Train Accuracy     : 0.8556
Valid Loss     : 1.0815	 | 	Valid Accuracy     : 0.6582

Epoch : 5
Train Loss     : 0.3802	 | 	Train Accuracy     : 0.8697
Valid Loss     : 1.0669	 | 	Valid Accuracy     : 0.6614

Epoch : 6
Train Loss     : 0.3318	 | 	Train Accuracy     : 0.8860
Valid Loss     : 1.0645	 | 	Valid Accuracy     : 0.6833

Epoch : 7
Train Loss     : 0.3243	 | 	Train Accuracy     : 0.8842
Valid Loss     : 1.3066	 | 	Valid Accuracy     : 0.6044

Epoch : 8
Train Loss     : 0.2982	 | 	Train Accuracy     : 0.8903
Valid Loss     : 1.1577	 | 	Valid Accuracy     : 0.6569

Epoch : 9
Train Loss     : 0.2638	 | 	Train Accuracy     : 0.9159
Valid Loss     : 1.2927	 | 	Valid Accuracy     : 0.6561

Epoch : 10
Train Loss     : 0.2461	 | 	Train Accuracy     : 0.9208
Valid Loss     : 1.2459	 | 	Valid Accuracy     : 0.6471

Epoch : 11
Train Loss     : 0.2303	 | 	Train Accuracy     : 0.9204
Valid Loss     : 1.3069	 | 	Valid Accuracy     : 0.5877

Epoch : 12
Train Loss     : 0.2300	 | 	Train Accuracy     : 0.9188
Valid Loss     : 1.2077	 | 	Valid Accuracy     : 0.6705

Epoch : 13
Train Loss     : 0.2180	 | 	Train Accuracy     : 0.9293
Valid Loss     : 1.6103	 | 	Valid Accuracy     : 0.5806

Epoch : 14
Train Loss     : 0.1876	 | 	Train Accuracy     : 0.9425
Valid Loss     : 1.4164	 | 	Valid Accuracy     : 0.6132

Epoch : 15
Train Loss     : 0.2120	 | 	Train Accuracy     : 0.9235
Valid Loss     : 1.3374	 | 	Valid Accuracy     : 0.6962

Epoch : 16
Train Loss     : 0.1896	 | 	Train Accuracy     : 0.9355
Valid Loss     : 1.4511	 | 	Valid Accuracy     : 0.6306

Epoch : 17
Train Loss     : 0.1725	 | 	Train Accuracy     : 0.9466
Valid Loss     : 1.6874	 | 	Valid Accuracy     : 0.6005

Epoch : 18
Train Loss     : 0.1556	 | 	Train Accuracy     : 0.9499
Valid Loss     : 1.4311	 | 	Valid Accuracy     : 0.6489

Epoch : 19
Train Loss     : 0.1542	 | 	Train Accuracy     : 0.9526
Valid Loss     : 1.3913	 | 	Valid Accuracy     : 0.6825

Epoch : 20
Train Loss     : 0.1433	 | 	Train Accuracy     : 0.9549
Valid Loss     : 1.4339	 | 	Valid Accuracy     : 0.6551

Epoch : 21
Train Loss     : 0.1321	 | 	Train Accuracy     : 0.9612
Valid Loss     : 1.4527	 | 	Valid Accuracy     : 0.6531

Epoch : 22
Train Loss     : 0.1323	 | 	Train Accuracy     : 0.9607
Valid Loss     : 1.4338	 | 	Valid Accuracy     : 0.6563

Epoch : 23
Train Loss     : 0.1303	 | 	Train Accuracy     : 0.9602
Valid Loss     : 1.3796	 | 	Valid Accuracy     : 0.6665

Epoch : 24
Train Loss     : 0.1286	 | 	Train Accuracy     : 0.9631
Valid Loss     : 1.4438	 | 	Valid Accuracy     : 0.6525

Epoch : 25
Train Loss     : 0.1272	 | 	Train Accuracy     : 0.9628
Valid Loss     : 1.3951	 | 	Valid Accuracy     : 0.6609

Epoch : 26
Train Loss     : 0.1261	 | 	Train Accuracy     : 0.9640
Valid Loss     : 1.4453	 | 	Valid Accuracy     : 0.6564

Epoch : 27
Train Loss     : 0.1284	 | 	Train Accuracy     : 0.9622
Valid Loss     : 1.4608	 | 	Valid Accuracy     : 0.6586

Epoch : 28
Train Loss     : 0.1209	 | 	Train Accuracy     : 0.9667
Valid Loss     : 1.3991	 | 	Valid Accuracy     : 0.6771

Epoch : 29
Train Loss     : 0.1160	 | 	Train Accuracy     : 0.9655
Valid Loss     : 1.4366	 | 	Valid Accuracy     : 0.6664

Epoch : 30
Train Loss     : 0.1180	 | 	Train Accuracy     : 0.9668
Valid Loss     : 1.4343	 | 	Valid Accuracy     : 0.6624

Evaluate on the Test set:
Test loss      :1.1938	 | Test Accuracy      : 0.6991 | Test AUPRC      : 0.7203
tensor([0.9014, 0.9455, 0.9587, 0.9302, 0.9075, 1.0006, 1.0080, 0.8408, 0.8601,
        0.8046, 0.8347, 0.8097, 0.9130, 0.9691, 0.9359, 0.8049, 0.8221, 0.8689,
        0.7820, 0.9137, 0.8225, 0.8174, 0.9031, 1.0077, 0.9076, 0.8360, 0.8749,
        0.8540, 0.8242, 0.8388, 0.8993, 1.0038, 0.8706, 0.8011, 0.7813, 0.8710,
        0.8717, 0.8127, 0.8979, 0.7976, 0.8740, 0.8856, 0.8115, 0.8291, 0.8231,
        0.8704, 0.8168, 0.7982, 0.8106, 0.7962, 0.7996, 0.8492, 0.8207, 0.8267,
        0.8139, 0.7775, 0.8112, 0.9275, 0.9299, 0.8282, 0.9683, 0.8553],
       device='cuda:0', grad_fn=<SqueezeBackward1>)

################## Training is Done! #########################
Training time is : 0:02:38.203892
