=============================================
Dataset: SEED
Method:  TS-TCC
Mode:    fine_tune
=============================================
Data loaded ...
Subjet 15
if scale True
Training started ....

Epoch : 1
Train Loss     : 0.6570	 | 	Train Accuracy     : 0.7271
Valid Loss     : 0.3355	 | 	Valid Accuracy     : 0.9112

Epoch : 2
Train Loss     : 0.1912	 | 	Train Accuracy     : 0.9377
Valid Loss     : 0.1821	 | 	Valid Accuracy     : 0.9442

Epoch : 3
Train Loss     : 0.1182	 | 	Train Accuracy     : 0.9679
Valid Loss     : 0.1345	 | 	Valid Accuracy     : 0.9690

Epoch : 4
Train Loss     : 0.0871	 | 	Train Accuracy     : 0.9783
Valid Loss     : 0.1307	 | 	Valid Accuracy     : 0.9590

Epoch : 5
Train Loss     : 0.0738	 | 	Train Accuracy     : 0.9803
Valid Loss     : 0.3324	 | 	Valid Accuracy     : 0.9690

Epoch : 6
Train Loss     : 0.0535	 | 	Train Accuracy     : 0.9898
Valid Loss     : 0.1275	 | 	Valid Accuracy     : 0.9790

Epoch : 7
Train Loss     : 0.0456	 | 	Train Accuracy     : 0.9911
Valid Loss     : 0.0527	 | 	Valid Accuracy     : 0.9826

Epoch : 8
Train Loss     : 0.0435	 | 	Train Accuracy     : 0.9906
Valid Loss     : 0.4132	 | 	Valid Accuracy     : 0.9536

Epoch : 9
Train Loss     : 0.0382	 | 	Train Accuracy     : 0.9903
Valid Loss     : 0.1977	 | 	Valid Accuracy     : 0.9761

Epoch : 10
Train Loss     : 0.0404	 | 	Train Accuracy     : 0.9898
Valid Loss     : 0.1066	 | 	Valid Accuracy     : 0.9578

Epoch : 11
Train Loss     : 0.0362	 | 	Train Accuracy     : 0.9923
Valid Loss     : 0.1079	 | 	Valid Accuracy     : 0.9600

Epoch : 12
Train Loss     : 0.0382	 | 	Train Accuracy     : 0.9905
Valid Loss     : 0.1562	 | 	Valid Accuracy     : 0.9460

Epoch : 13
Train Loss     : 0.0374	 | 	Train Accuracy     : 0.9890
Valid Loss     : 0.0943	 | 	Valid Accuracy     : 0.9723

Epoch : 14
Train Loss     : 0.0264	 | 	Train Accuracy     : 0.9946
Valid Loss     : 0.0632	 | 	Valid Accuracy     : 0.9733

Epoch : 15
Train Loss     : 0.0279	 | 	Train Accuracy     : 0.9947
Valid Loss     : 0.1982	 | 	Valid Accuracy     : 0.9273

Epoch : 16
Train Loss     : 0.0270	 | 	Train Accuracy     : 0.9950
Valid Loss     : 0.1289	 | 	Valid Accuracy     : 0.9459

Epoch : 17
Train Loss     : 0.0281	 | 	Train Accuracy     : 0.9932
Valid Loss     : 0.1540	 | 	Valid Accuracy     : 0.9397

Epoch : 18
Train Loss     : 0.0275	 | 	Train Accuracy     : 0.9936
Valid Loss     : 0.0963	 | 	Valid Accuracy     : 0.9642

Epoch : 19
Train Loss     : 0.0281	 | 	Train Accuracy     : 0.9937
Valid Loss     : 0.0735	 | 	Valid Accuracy     : 0.9700

Epoch : 20
Train Loss     : 0.0196	 | 	Train Accuracy     : 0.9962
Valid Loss     : 0.0562	 | 	Valid Accuracy     : 0.9779

Epoch : 21
Train Loss     : 0.0161	 | 	Train Accuracy     : 0.9973
Valid Loss     : 0.0605	 | 	Valid Accuracy     : 0.9787

Epoch : 22
Train Loss     : 0.0154	 | 	Train Accuracy     : 0.9985
Valid Loss     : 0.0821	 | 	Valid Accuracy     : 0.9682

Epoch : 23
Train Loss     : 0.0139	 | 	Train Accuracy     : 0.9989
Valid Loss     : 0.0643	 | 	Valid Accuracy     : 0.9749

Epoch : 24
Train Loss     : 0.0142	 | 	Train Accuracy     : 0.9984
Valid Loss     : 0.0509	 | 	Valid Accuracy     : 0.9789

Epoch : 25
Train Loss     : 0.0129	 | 	Train Accuracy     : 0.9990
Valid Loss     : 0.0534	 | 	Valid Accuracy     : 0.9776

Epoch : 26
Train Loss     : 0.0137	 | 	Train Accuracy     : 0.9983
Valid Loss     : 0.0605	 | 	Valid Accuracy     : 0.9760

Epoch : 27
Train Loss     : 0.0131	 | 	Train Accuracy     : 0.9988
Valid Loss     : 0.0492	 | 	Valid Accuracy     : 0.9805

Epoch : 28
Train Loss     : 0.0136	 | 	Train Accuracy     : 0.9984
Valid Loss     : 0.0549	 | 	Valid Accuracy     : 0.9787

Epoch : 29
Train Loss     : 0.0131	 | 	Train Accuracy     : 0.9991
Valid Loss     : 0.0494	 | 	Valid Accuracy     : 0.9796

Epoch : 30
Train Loss     : 0.0125	 | 	Train Accuracy     : 0.9990
Valid Loss     : 0.0555	 | 	Valid Accuracy     : 0.9768

Evaluate on the Test set:
Test loss      :0.3886	 | Test Accuracy      : 0.8668 | Test AUPRC      : 0.8944
tensor([0.7409, 0.7372, 0.9223, 0.8102, 0.7337, 0.7239, 0.8703, 0.7056, 0.6743,
        0.6549, 0.6574, 0.6669, 0.7371, 0.7176, 0.9656, 0.7241, 0.6565, 0.7293,
        0.6258, 0.6837, 0.6476, 0.7527, 0.6906, 0.9220, 0.7889, 0.6904, 0.7926,
        0.6362, 0.6439, 0.6668, 0.8196, 0.8532, 0.7588, 0.6980, 0.6343, 0.7438,
        0.8042, 0.6780, 0.7890, 0.8213, 0.7771, 0.7599, 0.6816, 0.6595, 0.8067,
        0.7310, 0.7253, 0.6432, 0.7076, 0.6618, 0.6464, 0.6745, 0.6468, 0.6765,
        0.6656, 0.6202, 0.7332, 0.7786, 0.7872, 0.7027, 0.8491, 0.7223],
       device='cuda:0', grad_fn=<SqueezeBackward1>)

################## Training is Done! #########################
Training time is : 0:02:29.465385
