=============================================
Dataset: SEED
Method:  TS-TCC
Mode:    fine_tune
=============================================
Data loaded ...
Subjet 12
if scale True
Training started ....

Epoch : 1
Train Loss     : 1.1577	 | 	Train Accuracy     : 0.5320
Valid Loss     : 1.7458	 | 	Valid Accuracy     : 0.4768

Epoch : 2
Train Loss     : 0.6832	 | 	Train Accuracy     : 0.7144
Valid Loss     : 1.2701	 | 	Valid Accuracy     : 0.4690

Epoch : 3
Train Loss     : 0.4990	 | 	Train Accuracy     : 0.8124
Valid Loss     : 1.5393	 | 	Valid Accuracy     : 0.4911

Epoch : 4
Train Loss     : 0.4071	 | 	Train Accuracy     : 0.8508
Valid Loss     : 1.3975	 | 	Valid Accuracy     : 0.5120

Epoch : 5
Train Loss     : 0.3457	 | 	Train Accuracy     : 0.8777
Valid Loss     : 1.2655	 | 	Valid Accuracy     : 0.5675

Epoch : 6
Train Loss     : 0.2865	 | 	Train Accuracy     : 0.9001
Valid Loss     : 1.3303	 | 	Valid Accuracy     : 0.5738

Epoch : 7
Train Loss     : 0.2582	 | 	Train Accuracy     : 0.9161
Valid Loss     : 1.4622	 | 	Valid Accuracy     : 0.5361

Epoch : 8
Train Loss     : 0.2218	 | 	Train Accuracy     : 0.9281
Valid Loss     : 1.3723	 | 	Valid Accuracy     : 0.5665

Epoch : 9
Train Loss     : 0.2174	 | 	Train Accuracy     : 0.9303
Valid Loss     : 1.2869	 | 	Valid Accuracy     : 0.5646

Epoch : 10
Train Loss     : 0.2039	 | 	Train Accuracy     : 0.9281
Valid Loss     : 1.5462	 | 	Valid Accuracy     : 0.5460

Epoch : 11
Train Loss     : 0.1794	 | 	Train Accuracy     : 0.9404
Valid Loss     : 1.7952	 | 	Valid Accuracy     : 0.5202

Epoch : 12
Train Loss     : 0.1805	 | 	Train Accuracy     : 0.9382
Valid Loss     : 1.5738	 | 	Valid Accuracy     : 0.5348

Epoch : 13
Train Loss     : 0.1542	 | 	Train Accuracy     : 0.9519
Valid Loss     : 1.5530	 | 	Valid Accuracy     : 0.5588

Epoch : 14
Train Loss     : 0.1678	 | 	Train Accuracy     : 0.9435
Valid Loss     : 1.5003	 | 	Valid Accuracy     : 0.5684

Epoch : 15
Train Loss     : 0.1534	 | 	Train Accuracy     : 0.9484
Valid Loss     : 1.5448	 | 	Valid Accuracy     : 0.5878

Epoch : 16
Train Loss     : 0.1382	 | 	Train Accuracy     : 0.9548
Valid Loss     : 1.6080	 | 	Valid Accuracy     : 0.5733

Epoch : 17
Train Loss     : 0.1223	 | 	Train Accuracy     : 0.9628
Valid Loss     : 1.5780	 | 	Valid Accuracy     : 0.5648

Epoch : 18
Train Loss     : 0.1044	 | 	Train Accuracy     : 0.9719
Valid Loss     : 1.5577	 | 	Valid Accuracy     : 0.5565

Epoch : 19
Train Loss     : 0.0968	 | 	Train Accuracy     : 0.9741
Valid Loss     : 1.5737	 | 	Valid Accuracy     : 0.5600

Epoch : 20
Train Loss     : 0.0945	 | 	Train Accuracy     : 0.9766
Valid Loss     : 1.5654	 | 	Valid Accuracy     : 0.5676

Epoch : 21
Train Loss     : 0.0962	 | 	Train Accuracy     : 0.9735
Valid Loss     : 1.5916	 | 	Valid Accuracy     : 0.5471

Epoch : 22
Train Loss     : 0.0901	 | 	Train Accuracy     : 0.9799
Valid Loss     : 1.5926	 | 	Valid Accuracy     : 0.5416

Epoch : 23
Train Loss     : 0.0894	 | 	Train Accuracy     : 0.9794
Valid Loss     : 1.5390	 | 	Valid Accuracy     : 0.5611

Epoch : 24
Train Loss     : 0.0851	 | 	Train Accuracy     : 0.9819
Valid Loss     : 1.5810	 | 	Valid Accuracy     : 0.5502

Epoch : 25
Train Loss     : 0.0864	 | 	Train Accuracy     : 0.9782
Valid Loss     : 1.5824	 | 	Valid Accuracy     : 0.5517

Epoch : 26
Train Loss     : 0.0824	 | 	Train Accuracy     : 0.9834
Valid Loss     : 1.5738	 | 	Valid Accuracy     : 0.5569

Epoch : 27
Train Loss     : 0.0821	 | 	Train Accuracy     : 0.9821
Valid Loss     : 1.5506	 | 	Valid Accuracy     : 0.5551

Epoch : 28
Train Loss     : 0.0788	 | 	Train Accuracy     : 0.9817
Valid Loss     : 1.5658	 | 	Valid Accuracy     : 0.5522

Epoch : 29
Train Loss     : 0.0774	 | 	Train Accuracy     : 0.9834
Valid Loss     : 1.5710	 | 	Valid Accuracy     : 0.5534

Epoch : 30
Train Loss     : 0.0794	 | 	Train Accuracy     : 0.9850
Valid Loss     : 1.6093	 | 	Valid Accuracy     : 0.5492

Evaluate on the Test set:
Test loss      :1.2768	 | Test Accuracy      : 0.6144 | Test AUPRC      : 0.6784
tensor([0.8827, 0.9934, 0.9769, 0.8867, 0.8968, 0.9465, 0.9124, 0.8852, 0.8423,
        0.7275, 0.7544, 0.8134, 0.9797, 0.8680, 0.8362, 0.7462, 0.7309, 0.8695,
        0.7438, 0.8288, 0.7541, 0.7488, 0.7718, 0.9897, 0.8616, 0.8366, 0.8465,
        0.9333, 0.7442, 0.7976, 0.8667, 1.0275, 0.8152, 0.7290, 0.7178, 0.8025,
        0.8856, 0.7642, 0.8275, 0.9586, 0.8890, 0.7716, 0.8267, 0.9136, 0.8561,
        0.7772, 0.7536, 0.8306, 0.8739, 0.9079, 0.7286, 0.7605, 0.7289, 0.7524,
        0.7551, 0.6907, 0.9033, 0.8741, 0.9171, 0.7700, 0.8292, 0.7909],
       device='cuda:0', grad_fn=<SqueezeBackward1>)

################## Training is Done! #########################
Training time is : 0:02:13.467217
