=============================================
Dataset: SEED
Method:  TS-TCC
Mode:    fine_tune
=============================================
Data loaded ...
Subjet 2
if scale True
Training started ....

Epoch : 1
Train Loss     : 1.7688	 | 	Train Accuracy     : 0.3279
Valid Loss     : 1.2077	 | 	Valid Accuracy     : 0.3294

Epoch : 2
Train Loss     : 1.1404	 | 	Train Accuracy     : 0.4059
Valid Loss     : 2.2091	 | 	Valid Accuracy     : 0.3334

Epoch : 3
Train Loss     : 0.8449	 | 	Train Accuracy     : 0.6128
Valid Loss     : 1.8715	 | 	Valid Accuracy     : 0.3399

Epoch : 4
Train Loss     : 0.7434	 | 	Train Accuracy     : 0.5834
Valid Loss     : 1.9856	 | 	Valid Accuracy     : 0.3539

Epoch : 5
Train Loss     : 0.4762	 | 	Train Accuracy     : 0.8278
Valid Loss     : 3.2063	 | 	Valid Accuracy     : 0.3383

Epoch : 6
Train Loss     : 0.4535	 | 	Train Accuracy     : 0.8351
Valid Loss     : 3.6800	 | 	Valid Accuracy     : 0.3432

Epoch : 7
Train Loss     : 0.3347	 | 	Train Accuracy     : 0.8757
Valid Loss     : 3.2213	 | 	Valid Accuracy     : 0.3544

Epoch : 8
Train Loss     : 0.3156	 | 	Train Accuracy     : 0.8854
Valid Loss     : 2.9686	 | 	Valid Accuracy     : 0.3803

Epoch : 9
Train Loss     : 0.2922	 | 	Train Accuracy     : 0.8878
Valid Loss     : 3.1448	 | 	Valid Accuracy     : 0.3909

Epoch : 10
Train Loss     : 0.2514	 | 	Train Accuracy     : 0.9178
Valid Loss     : 3.0098	 | 	Valid Accuracy     : 0.3971

Epoch : 11
Train Loss     : 0.2328	 | 	Train Accuracy     : 0.9201
Valid Loss     : 2.8558	 | 	Valid Accuracy     : 0.4251

Epoch : 12
Train Loss     : 0.2046	 | 	Train Accuracy     : 0.9266
Valid Loss     : 2.7084	 | 	Valid Accuracy     : 0.4401

Epoch : 13
Train Loss     : 0.1803	 | 	Train Accuracy     : 0.9385
Valid Loss     : 2.3769	 | 	Valid Accuracy     : 0.4592

Epoch : 14
Train Loss     : 0.1793	 | 	Train Accuracy     : 0.9376
Valid Loss     : 2.0464	 | 	Valid Accuracy     : 0.4804

Epoch : 15
Train Loss     : 0.1783	 | 	Train Accuracy     : 0.9383
Valid Loss     : 1.8178	 | 	Valid Accuracy     : 0.4930

Epoch : 16
Train Loss     : 0.1776	 | 	Train Accuracy     : 0.9349
Valid Loss     : 1.6209	 | 	Valid Accuracy     : 0.5116

Epoch : 17
Train Loss     : 0.1672	 | 	Train Accuracy     : 0.9502
Valid Loss     : 1.4810	 | 	Valid Accuracy     : 0.5268

Epoch : 18
Train Loss     : 0.1706	 | 	Train Accuracy     : 0.9546
Valid Loss     : 1.4154	 | 	Valid Accuracy     : 0.5316

Epoch : 19
Train Loss     : 0.1705	 | 	Train Accuracy     : 0.9441
Valid Loss     : 1.3225	 | 	Valid Accuracy     : 0.5318

Epoch : 20
Train Loss     : 0.1677	 | 	Train Accuracy     : 0.9424
Valid Loss     : 1.2615	 | 	Valid Accuracy     : 0.5311

Epoch : 21
Train Loss     : 0.1599	 | 	Train Accuracy     : 0.9530
Valid Loss     : 1.2154	 | 	Valid Accuracy     : 0.5242

Epoch : 22
Train Loss     : 0.1626	 | 	Train Accuracy     : 0.9533
Valid Loss     : 1.1591	 | 	Valid Accuracy     : 0.5380

Epoch : 23
Train Loss     : 0.1532	 | 	Train Accuracy     : 0.9501
Valid Loss     : 1.1373	 | 	Valid Accuracy     : 0.5465

Epoch : 24
Train Loss     : 0.1588	 | 	Train Accuracy     : 0.9487
Valid Loss     : 1.1107	 | 	Valid Accuracy     : 0.5360

Epoch : 25
Train Loss     : 0.1552	 | 	Train Accuracy     : 0.9500
Valid Loss     : 1.0686	 | 	Valid Accuracy     : 0.5545

Epoch : 26
Train Loss     : 0.1619	 | 	Train Accuracy     : 0.9487
Valid Loss     : 1.0506	 | 	Valid Accuracy     : 0.5496

Epoch : 27
Train Loss     : 0.1439	 | 	Train Accuracy     : 0.9535
Valid Loss     : 1.0509	 | 	Valid Accuracy     : 0.5500

Epoch : 28
Train Loss     : 0.1490	 | 	Train Accuracy     : 0.9528
Valid Loss     : 1.0206	 | 	Valid Accuracy     : 0.5542

Epoch : 29
Train Loss     : 0.1483	 | 	Train Accuracy     : 0.9626
Valid Loss     : 1.0514	 | 	Valid Accuracy     : 0.5456

Epoch : 30
Train Loss     : 0.1432	 | 	Train Accuracy     : 0.9644
Valid Loss     : 1.0228	 | 	Valid Accuracy     : 0.5518

Evaluate on the Test set:
Test loss      :1.7000	 | Test Accuracy      : 0.6052 | Test AUPRC      : 0.5617
tensor([0.9840, 0.9779, 1.0002, 0.9728, 0.9858, 0.9759, 0.9718, 0.9708, 0.9757,
        0.9710, 0.9705, 0.9676, 0.9690, 0.9695, 1.0003, 0.9685, 0.9681, 0.9696,
        0.9633, 0.9825, 0.9853, 0.9823, 0.9720, 1.0146, 0.9968, 0.9811, 0.9774,
        0.9718, 0.9826, 0.9692, 0.9983, 0.9776, 0.9953, 0.9698, 0.9683, 0.9750,
        0.9793, 0.9733, 0.9883, 0.9817, 0.9805, 0.9739, 0.9800, 0.9747, 0.9776,
        0.9718, 0.9753, 0.9683, 0.9763, 0.9630, 0.9690, 0.9718, 0.9726, 0.9670,
        0.9692, 0.9595, 0.9711, 0.9915, 0.9826, 0.9694, 0.9688, 0.9764],
       device='cuda:0', grad_fn=<SqueezeBackward1>)

################## Training is Done! #########################
Training time is : 0:00:48.689792
