=============================================
Dataset: SEED
Method:  TS-TCC
Mode:    fine_tune
=============================================
Data loaded ...
Subjet 1
if scale True
Training started ....

Epoch : 1
Train Loss     : 1.1927	 | 	Train Accuracy     : 0.4847
Valid Loss     : 1.8933	 | 	Valid Accuracy     : 0.3232

Epoch : 2
Train Loss     : 0.6853	 | 	Train Accuracy     : 0.7081
Valid Loss     : 1.2621	 | 	Valid Accuracy     : 0.4781

Epoch : 3
Train Loss     : 0.5641	 | 	Train Accuracy     : 0.7784
Valid Loss     : 0.9627	 | 	Valid Accuracy     : 0.5906

Epoch : 4
Train Loss     : 0.5350	 | 	Train Accuracy     : 0.7805
Valid Loss     : 1.0343	 | 	Valid Accuracy     : 0.5969

Epoch : 5
Train Loss     : 0.4912	 | 	Train Accuracy     : 0.8064
Valid Loss     : 0.9530	 | 	Valid Accuracy     : 0.6039

Epoch : 6
Train Loss     : 0.4480	 | 	Train Accuracy     : 0.8238
Valid Loss     : 0.9379	 | 	Valid Accuracy     : 0.5957

Epoch : 7
Train Loss     : 0.4202	 | 	Train Accuracy     : 0.8448
Valid Loss     : 0.8924	 | 	Valid Accuracy     : 0.6303

Epoch : 8
Train Loss     : 0.4117	 | 	Train Accuracy     : 0.8467
Valid Loss     : 1.1222	 | 	Valid Accuracy     : 0.5805

Epoch : 9
Train Loss     : 0.4300	 | 	Train Accuracy     : 0.8358
Valid Loss     : 1.2366	 | 	Valid Accuracy     : 0.5724

Epoch : 10
Train Loss     : 0.3677	 | 	Train Accuracy     : 0.8610
Valid Loss     : 1.0183	 | 	Valid Accuracy     : 0.5998

Epoch : 11
Train Loss     : 0.3575	 | 	Train Accuracy     : 0.8675
Valid Loss     : 0.9481	 | 	Valid Accuracy     : 0.6056

Epoch : 12
Train Loss     : 0.3471	 | 	Train Accuracy     : 0.8650
Valid Loss     : 1.0841	 | 	Valid Accuracy     : 0.5994

Epoch : 13
Train Loss     : 0.3353	 | 	Train Accuracy     : 0.8766
Valid Loss     : 0.9502	 | 	Valid Accuracy     : 0.6446

Epoch : 14
Train Loss     : 0.3415	 | 	Train Accuracy     : 0.8679
Valid Loss     : 0.8879	 | 	Valid Accuracy     : 0.6402

Epoch : 15
Train Loss     : 0.3385	 | 	Train Accuracy     : 0.8702
Valid Loss     : 1.0154	 | 	Valid Accuracy     : 0.6161

Epoch : 16
Train Loss     : 0.3184	 | 	Train Accuracy     : 0.8803
Valid Loss     : 1.0419	 | 	Valid Accuracy     : 0.6213

Epoch : 17
Train Loss     : 0.3278	 | 	Train Accuracy     : 0.8729
Valid Loss     : 1.0566	 | 	Valid Accuracy     : 0.6106

Epoch : 18
Train Loss     : 0.3057	 | 	Train Accuracy     : 0.8835
Valid Loss     : 1.2019	 | 	Valid Accuracy     : 0.5947

Epoch : 19
Train Loss     : 0.3050	 | 	Train Accuracy     : 0.8820
Valid Loss     : 0.9693	 | 	Valid Accuracy     : 0.6211

Epoch : 20
Train Loss     : 0.3162	 | 	Train Accuracy     : 0.8794
Valid Loss     : 1.0568	 | 	Valid Accuracy     : 0.6095

Epoch : 21
Train Loss     : 0.3452	 | 	Train Accuracy     : 0.8684
Valid Loss     : 1.0557	 | 	Valid Accuracy     : 0.6058

Epoch : 22
Train Loss     : 0.2974	 | 	Train Accuracy     : 0.8878
Valid Loss     : 1.1503	 | 	Valid Accuracy     : 0.6100

Epoch : 23
Train Loss     : 0.2911	 | 	Train Accuracy     : 0.8890
Valid Loss     : 1.1125	 | 	Valid Accuracy     : 0.6112

Epoch : 24
Train Loss     : 0.2847	 | 	Train Accuracy     : 0.8917
Valid Loss     : 1.2136	 | 	Valid Accuracy     : 0.6042

Epoch : 25
Train Loss     : 0.2997	 | 	Train Accuracy     : 0.8906
Valid Loss     : 0.9678	 | 	Valid Accuracy     : 0.6457

Epoch : 26
Train Loss     : 0.2569	 | 	Train Accuracy     : 0.9074
Valid Loss     : 1.0715	 | 	Valid Accuracy     : 0.6216

Epoch : 27
Train Loss     : 0.2206	 | 	Train Accuracy     : 0.9218
Valid Loss     : 0.9757	 | 	Valid Accuracy     : 0.6109

Epoch : 28
Train Loss     : 0.2094	 | 	Train Accuracy     : 0.9290
Valid Loss     : 1.0283	 | 	Valid Accuracy     : 0.6310

Epoch : 29
Train Loss     : 0.2055	 | 	Train Accuracy     : 0.9295
Valid Loss     : 1.0547	 | 	Valid Accuracy     : 0.6301

Epoch : 30
Train Loss     : 0.2035	 | 	Train Accuracy     : 0.9284
Valid Loss     : 1.0612	 | 	Valid Accuracy     : 0.6252

Evaluate on the Test set:
Test loss      :0.8334	 | Test Accuracy      : 0.7168 | Test AUPRC      : 0.7473
tensor([0.7001, 0.9008, 0.8652, 0.8594, 0.7990, 0.8914, 0.8048, 0.7428, 0.7363,
        0.6951, 0.7179, 0.5899, 0.8726, 0.7166, 0.8574, 0.7178, 0.6454, 0.6449,
        0.5895, 0.9148, 0.7397, 0.7433, 0.8219, 0.9701, 0.8698, 0.7885, 0.6894,
        0.7959, 0.5688, 0.6845, 0.7719, 0.8938, 0.8599, 0.7136, 0.5575, 0.6845,
        0.7602, 0.7928, 0.7679, 0.8083, 0.9630, 0.7696, 0.7993, 0.8103, 0.7980,
        0.8069, 0.6404, 0.7076, 0.7098, 0.9097, 0.5585, 0.8287, 0.5754, 0.5927,
        0.5798, 0.9095, 0.8892, 0.9053, 0.8392, 0.6967, 0.7780, 0.6944],
       device='cuda:0', grad_fn=<SqueezeBackward1>)

################## Training is Done! #########################
Training time is : 0:02:33.637969
