=============================================
Dataset: SEED
Method:  TS-TCC
Mode:    fine_tune
=============================================
Data loaded ...
Subjet 14
if scale True
Training started ....

Epoch : 1
Train Loss     : 0.9899	 | 	Train Accuracy     : 0.5870
Valid Loss     : 1.3343	 | 	Valid Accuracy     : 0.4058

Epoch : 2
Train Loss     : 0.5510	 | 	Train Accuracy     : 0.7933
Valid Loss     : 0.8719	 | 	Valid Accuracy     : 0.5161

Epoch : 3
Train Loss     : 0.4904	 | 	Train Accuracy     : 0.8145
Valid Loss     : 0.9995	 | 	Valid Accuracy     : 0.5918

Epoch : 4
Train Loss     : 0.4513	 | 	Train Accuracy     : 0.8257
Valid Loss     : 0.8956	 | 	Valid Accuracy     : 0.5820

Epoch : 5
Train Loss     : 0.4263	 | 	Train Accuracy     : 0.8373
Valid Loss     : 0.9584	 | 	Valid Accuracy     : 0.5830

Epoch : 6
Train Loss     : 0.4037	 | 	Train Accuracy     : 0.8434
Valid Loss     : 0.8531	 | 	Valid Accuracy     : 0.6240

Epoch : 7
Train Loss     : 0.4097	 | 	Train Accuracy     : 0.8427
Valid Loss     : 1.0515	 | 	Valid Accuracy     : 0.5815

Epoch : 8
Train Loss     : 0.4176	 | 	Train Accuracy     : 0.8393
Valid Loss     : 1.0799	 | 	Valid Accuracy     : 0.6226

Epoch : 9
Train Loss     : 0.3814	 | 	Train Accuracy     : 0.8563
Valid Loss     : 0.9495	 | 	Valid Accuracy     : 0.6191

Epoch : 10
Train Loss     : 0.3693	 | 	Train Accuracy     : 0.8570
Valid Loss     : 1.2436	 | 	Valid Accuracy     : 0.6313

Epoch : 11
Train Loss     : 0.3689	 | 	Train Accuracy     : 0.8548
Valid Loss     : 1.0819	 | 	Valid Accuracy     : 0.6484

Epoch : 12
Train Loss     : 0.3646	 | 	Train Accuracy     : 0.8626
Valid Loss     : 1.3530	 | 	Valid Accuracy     : 0.5317

Epoch : 13
Train Loss     : 0.3649	 | 	Train Accuracy     : 0.8578
Valid Loss     : 1.0360	 | 	Valid Accuracy     : 0.6304

Epoch : 14
Train Loss     : 0.3392	 | 	Train Accuracy     : 0.8718
Valid Loss     : 0.8506	 | 	Valid Accuracy     : 0.6655

Epoch : 15
Train Loss     : 0.3382	 | 	Train Accuracy     : 0.8738
Valid Loss     : 1.1923	 | 	Valid Accuracy     : 0.6313

Epoch : 16
Train Loss     : 0.3590	 | 	Train Accuracy     : 0.8629
Valid Loss     : 1.0192	 | 	Valid Accuracy     : 0.6270

Epoch : 17
Train Loss     : 0.3488	 | 	Train Accuracy     : 0.8677
Valid Loss     : 0.9976	 | 	Valid Accuracy     : 0.6494

Epoch : 18
Train Loss     : 0.3437	 | 	Train Accuracy     : 0.8738
Valid Loss     : 0.8663	 | 	Valid Accuracy     : 0.6689

Epoch : 19
Train Loss     : 0.3434	 | 	Train Accuracy     : 0.8635
Valid Loss     : 1.1928	 | 	Valid Accuracy     : 0.6499

Epoch : 20
Train Loss     : 0.3040	 | 	Train Accuracy     : 0.8816
Valid Loss     : 0.9871	 | 	Valid Accuracy     : 0.6885

Epoch : 21
Train Loss     : 0.3155	 | 	Train Accuracy     : 0.8816
Valid Loss     : 1.1741	 | 	Valid Accuracy     : 0.6328

Epoch : 22
Train Loss     : 0.3162	 | 	Train Accuracy     : 0.8762
Valid Loss     : 1.0212	 | 	Valid Accuracy     : 0.6646

Epoch : 23
Train Loss     : 0.3196	 | 	Train Accuracy     : 0.8777
Valid Loss     : 1.1832	 | 	Valid Accuracy     : 0.6523

Epoch : 24
Train Loss     : 0.3130	 | 	Train Accuracy     : 0.8792
Valid Loss     : 1.1882	 | 	Valid Accuracy     : 0.6440

Epoch : 25
Train Loss     : 0.3142	 | 	Train Accuracy     : 0.8777
Valid Loss     : 0.9578	 | 	Valid Accuracy     : 0.6543

Epoch : 26
Train Loss     : 0.2828	 | 	Train Accuracy     : 0.8940
Valid Loss     : 1.0417	 | 	Valid Accuracy     : 0.6694

Epoch : 27
Train Loss     : 0.2674	 | 	Train Accuracy     : 0.8979
Valid Loss     : 1.0979	 | 	Valid Accuracy     : 0.6636

Epoch : 28
Train Loss     : 0.2672	 | 	Train Accuracy     : 0.8988
Valid Loss     : 1.0076	 | 	Valid Accuracy     : 0.6743

Epoch : 29
Train Loss     : 0.2593	 | 	Train Accuracy     : 0.8988
Valid Loss     : 1.0728	 | 	Valid Accuracy     : 0.6768

Epoch : 30
Train Loss     : 0.2550	 | 	Train Accuracy     : 0.9054
Valid Loss     : 1.0975	 | 	Valid Accuracy     : 0.6768

Evaluate on the Test set:
Test loss      :0.7769	 | Test Accuracy      : 0.7148 | Test AUPRC      : 0.6044
tensor([0.6691, 0.8135, 0.7232, 0.6369, 0.7821, 0.5769, 0.9229, 0.8425, 0.7641,
        0.7025, 0.5753, 0.6010, 0.6467, 0.8115, 0.5746, 0.4987, 0.6681, 0.6673,
        0.5396, 0.6538, 0.6387, 0.7457, 0.8011, 0.8687, 0.8361, 0.6192, 0.7010,
        0.6665, 0.6110, 0.5567, 0.6621, 0.9533, 1.0271, 0.6522, 0.4786, 0.6767,
        0.7787, 0.5544, 0.6860, 0.4915, 0.9772, 0.8510, 0.8844, 0.5323, 0.6045,
        0.7776, 0.6096, 0.6037, 0.4964, 0.5557, 0.5186, 0.5535, 0.5467, 0.6825,
        0.6502, 0.4642, 0.8288, 0.7098, 0.7773, 0.5267, 0.7725, 0.6871],
       device='cuda:0', grad_fn=<SqueezeBackward1>)

################## Training is Done! #########################
Training time is : 0:01:50.231389
