=============================================
Dataset: SEED
Method:  TS-TCC
Mode:    fine_tune
=============================================
Data loaded ...
Subjet 5
if scale True
Training started ....

Epoch : 1
Train Loss     : 1.1535	 | 	Train Accuracy     : 0.5180
Valid Loss     : 1.0683	 | 	Valid Accuracy     : 0.5186

Epoch : 2
Train Loss     : 0.6466	 | 	Train Accuracy     : 0.7259
Valid Loss     : 1.1238	 | 	Valid Accuracy     : 0.5518

Epoch : 3
Train Loss     : 0.5445	 | 	Train Accuracy     : 0.7780
Valid Loss     : 1.0980	 | 	Valid Accuracy     : 0.5508

Epoch : 4
Train Loss     : 0.4777	 | 	Train Accuracy     : 0.8049
Valid Loss     : 1.2712	 | 	Valid Accuracy     : 0.5581

Epoch : 5
Train Loss     : 0.4168	 | 	Train Accuracy     : 0.8436
Valid Loss     : 1.3508	 | 	Valid Accuracy     : 0.5581

Epoch : 6
Train Loss     : 0.3727	 | 	Train Accuracy     : 0.8643
Valid Loss     : 1.4153	 | 	Valid Accuracy     : 0.5693

Epoch : 7
Train Loss     : 0.3635	 | 	Train Accuracy     : 0.8665
Valid Loss     : 1.3606	 | 	Valid Accuracy     : 0.5757

Epoch : 8
Train Loss     : 0.3226	 | 	Train Accuracy     : 0.8857
Valid Loss     : 1.3669	 | 	Valid Accuracy     : 0.5703

Epoch : 9
Train Loss     : 0.3128	 | 	Train Accuracy     : 0.8794
Valid Loss     : 1.3617	 | 	Valid Accuracy     : 0.5776

Epoch : 10
Train Loss     : 0.3131	 | 	Train Accuracy     : 0.8852
Valid Loss     : 1.6429	 | 	Valid Accuracy     : 0.5771

Epoch : 11
Train Loss     : 0.3156	 | 	Train Accuracy     : 0.8818
Valid Loss     : 1.6185	 | 	Valid Accuracy     : 0.5898

Epoch : 12
Train Loss     : 0.2913	 | 	Train Accuracy     : 0.8932
Valid Loss     : 1.7464	 | 	Valid Accuracy     : 0.5825

Epoch : 13
Train Loss     : 0.2464	 | 	Train Accuracy     : 0.9137
Valid Loss     : 1.5437	 | 	Valid Accuracy     : 0.5903

Epoch : 14
Train Loss     : 0.2206	 | 	Train Accuracy     : 0.9283
Valid Loss     : 1.5608	 | 	Valid Accuracy     : 0.5996

Epoch : 15
Train Loss     : 0.2105	 | 	Train Accuracy     : 0.9351
Valid Loss     : 1.5274	 | 	Valid Accuracy     : 0.6006

Epoch : 16
Train Loss     : 0.2038	 | 	Train Accuracy     : 0.9348
Valid Loss     : 1.6186	 | 	Valid Accuracy     : 0.5942

Epoch : 17
Train Loss     : 0.1965	 | 	Train Accuracy     : 0.9392
Valid Loss     : 1.6648	 | 	Valid Accuracy     : 0.5977

Epoch : 18
Train Loss     : 0.1928	 | 	Train Accuracy     : 0.9416
Valid Loss     : 1.6381	 | 	Valid Accuracy     : 0.5928

Epoch : 19
Train Loss     : 0.1867	 | 	Train Accuracy     : 0.9453
Valid Loss     : 1.6235	 | 	Valid Accuracy     : 0.5923

Epoch : 20
Train Loss     : 0.1914	 | 	Train Accuracy     : 0.9414
Valid Loss     : 1.7832	 | 	Valid Accuracy     : 0.5889

Epoch : 21
Train Loss     : 0.1818	 | 	Train Accuracy     : 0.9472
Valid Loss     : 1.6653	 | 	Valid Accuracy     : 0.5957

Epoch : 22
Train Loss     : 0.1797	 | 	Train Accuracy     : 0.9443
Valid Loss     : 1.7152	 | 	Valid Accuracy     : 0.5913

Epoch : 23
Train Loss     : 0.1769	 | 	Train Accuracy     : 0.9482
Valid Loss     : 1.7409	 | 	Valid Accuracy     : 0.5947

Epoch : 24
Train Loss     : 0.1701	 | 	Train Accuracy     : 0.9524
Valid Loss     : 1.6765	 | 	Valid Accuracy     : 0.5913

Epoch : 25
Train Loss     : 0.1651	 | 	Train Accuracy     : 0.9541
Valid Loss     : 1.7285	 | 	Valid Accuracy     : 0.5918

Epoch : 26
Train Loss     : 0.1671	 | 	Train Accuracy     : 0.9514
Valid Loss     : 1.7004	 | 	Valid Accuracy     : 0.5903

Epoch : 27
Train Loss     : 0.1635	 | 	Train Accuracy     : 0.9548
Valid Loss     : 1.7040	 | 	Valid Accuracy     : 0.5942

Epoch : 28
Train Loss     : 0.1688	 | 	Train Accuracy     : 0.9479
Valid Loss     : 1.7148	 | 	Valid Accuracy     : 0.5933

Epoch : 29
Train Loss     : 0.1644	 | 	Train Accuracy     : 0.9530
Valid Loss     : 1.7808	 | 	Valid Accuracy     : 0.5859

Epoch : 30
Train Loss     : 0.1645	 | 	Train Accuracy     : 0.9528
Valid Loss     : 1.7454	 | 	Valid Accuracy     : 0.5898

Evaluate on the Test set:
Test loss      :1.1682	 | Test Accuracy      : 0.6980 | Test AUPRC      : 0.5472
tensor([0.8272, 0.9118, 0.8653, 0.8833, 0.8555, 0.8294, 0.9279, 0.7985, 0.8361,
        0.7623, 0.8370, 0.8136, 0.8666, 0.9057, 0.9359, 0.8956, 0.9212, 0.7731,
        0.7629, 0.8287, 0.8492, 0.7871, 0.9225, 1.0136, 0.9515, 0.9021, 0.8024,
        0.7616, 0.8474, 0.8561, 0.9353, 0.9709, 0.9984, 0.7985, 0.8645, 0.8459,
        0.8795, 0.7950, 0.8370, 0.8951, 0.9267, 0.9540, 0.7793, 0.9541, 0.8228,
        0.8180, 0.7867, 0.8054, 0.8827, 0.9266, 0.8138, 0.7903, 0.7454, 0.7514,
        0.7804, 0.7164, 0.8972, 0.9159, 0.9230, 0.8333, 0.8877, 0.8681],
       device='cuda:0', grad_fn=<SqueezeBackward1>)

################## Training is Done! #########################
Training time is : 0:01:42.219865
