=============================================
Dataset: SEED
Method:  TS-TCC
Mode:    fine_tune
=============================================
Data loaded ...
Subjet 8
if scale True
Training started ....

Epoch : 1
Train Loss     : 1.2478	 | 	Train Accuracy     : 0.5371
Valid Loss     : 1.1958	 | 	Valid Accuracy     : 0.6025

Epoch : 2
Train Loss     : 0.6581	 | 	Train Accuracy     : 0.7137
Valid Loss     : 0.6895	 | 	Valid Accuracy     : 0.6804

Epoch : 3
Train Loss     : 0.4442	 | 	Train Accuracy     : 0.8072
Valid Loss     : 0.6102	 | 	Valid Accuracy     : 0.7045

Epoch : 4
Train Loss     : 0.3713	 | 	Train Accuracy     : 0.8515
Valid Loss     : 0.5263	 | 	Valid Accuracy     : 0.7352

Epoch : 5
Train Loss     : 0.3216	 | 	Train Accuracy     : 0.8714
Valid Loss     : 0.5389	 | 	Valid Accuracy     : 0.7344

Epoch : 6
Train Loss     : 0.2855	 | 	Train Accuracy     : 0.8897
Valid Loss     : 0.5441	 | 	Valid Accuracy     : 0.7400

Epoch : 7
Train Loss     : 0.2496	 | 	Train Accuracy     : 0.9089
Valid Loss     : 0.5507	 | 	Valid Accuracy     : 0.7354

Epoch : 8
Train Loss     : 0.2224	 | 	Train Accuracy     : 0.9221
Valid Loss     : 0.5754	 | 	Valid Accuracy     : 0.7364

Epoch : 9
Train Loss     : 0.1962	 | 	Train Accuracy     : 0.9394
Valid Loss     : 0.6282	 | 	Valid Accuracy     : 0.7268

Epoch : 10
Train Loss     : 0.1771	 | 	Train Accuracy     : 0.9378
Valid Loss     : 0.7604	 | 	Valid Accuracy     : 0.7134

Epoch : 11
Train Loss     : 0.1670	 | 	Train Accuracy     : 0.9443
Valid Loss     : 0.8201	 | 	Valid Accuracy     : 0.7085

Epoch : 12
Train Loss     : 0.1475	 | 	Train Accuracy     : 0.9515
Valid Loss     : 0.8455	 | 	Valid Accuracy     : 0.7105

Epoch : 13
Train Loss     : 0.1306	 | 	Train Accuracy     : 0.9651
Valid Loss     : 0.8698	 | 	Valid Accuracy     : 0.6938

Epoch : 14
Train Loss     : 0.1187	 | 	Train Accuracy     : 0.9674
Valid Loss     : 1.2435	 | 	Valid Accuracy     : 0.6728

Epoch : 15
Train Loss     : 0.1204	 | 	Train Accuracy     : 0.9626
Valid Loss     : 1.1290	 | 	Valid Accuracy     : 0.6912

Epoch : 16
Train Loss     : 0.1022	 | 	Train Accuracy     : 0.9728
Valid Loss     : 1.2125	 | 	Valid Accuracy     : 0.6812

Epoch : 17
Train Loss     : 0.0963	 | 	Train Accuracy     : 0.9775
Valid Loss     : 1.2565	 | 	Valid Accuracy     : 0.6748

Epoch : 18
Train Loss     : 0.0907	 | 	Train Accuracy     : 0.9798
Valid Loss     : 1.1950	 | 	Valid Accuracy     : 0.6802

Epoch : 19
Train Loss     : 0.0835	 | 	Train Accuracy     : 0.9832
Valid Loss     : 1.1724	 | 	Valid Accuracy     : 0.6829

Epoch : 20
Train Loss     : 0.0837	 | 	Train Accuracy     : 0.9796
Valid Loss     : 1.1893	 | 	Valid Accuracy     : 0.6858

Epoch : 21
Train Loss     : 0.0792	 | 	Train Accuracy     : 0.9839
Valid Loss     : 1.1601	 | 	Valid Accuracy     : 0.6914

Epoch : 22
Train Loss     : 0.0843	 | 	Train Accuracy     : 0.9762
Valid Loss     : 1.2494	 | 	Valid Accuracy     : 0.6765

Epoch : 23
Train Loss     : 0.0819	 | 	Train Accuracy     : 0.9813
Valid Loss     : 1.2035	 | 	Valid Accuracy     : 0.6813

Epoch : 24
Train Loss     : 0.0826	 | 	Train Accuracy     : 0.9833
Valid Loss     : 1.2170	 | 	Valid Accuracy     : 0.6839

Epoch : 25
Train Loss     : 0.0796	 | 	Train Accuracy     : 0.9802
Valid Loss     : 1.2178	 | 	Valid Accuracy     : 0.6829

Epoch : 26
Train Loss     : 0.0707	 | 	Train Accuracy     : 0.9846
Valid Loss     : 1.1780	 | 	Valid Accuracy     : 0.6898

Epoch : 27
Train Loss     : 0.0740	 | 	Train Accuracy     : 0.9842
Valid Loss     : 1.2248	 | 	Valid Accuracy     : 0.6857

Epoch : 28
Train Loss     : 0.0681	 | 	Train Accuracy     : 0.9889
Valid Loss     : 1.2295	 | 	Valid Accuracy     : 0.6895

Epoch : 29
Train Loss     : 0.0751	 | 	Train Accuracy     : 0.9837
Valid Loss     : 1.2331	 | 	Valid Accuracy     : 0.6849

Epoch : 30
Train Loss     : 0.0722	 | 	Train Accuracy     : 0.9845
Valid Loss     : 1.2116	 | 	Valid Accuracy     : 0.6869

Evaluate on the Test set:
Test loss      :1.0833	 | Test Accuracy      : 0.6933 | Test AUPRC      : 0.7304
tensor([0.9278, 0.9193, 1.0016, 0.9784, 0.9035, 0.9812, 0.9558, 0.9160, 0.9103,
        0.9228, 0.9667, 0.9144, 0.9047, 0.9041, 0.9033, 0.9321, 0.9050, 0.9076,
        0.8941, 0.9313, 0.9702, 0.9104, 0.9408, 0.9915, 0.9505, 0.9142, 0.9213,
        0.9075, 0.9090, 0.9130, 0.9144, 0.9459, 0.9628, 0.9421, 0.9120, 0.9299,
        0.9249, 0.9120, 0.9289, 0.8923, 0.9973, 0.9244, 0.8980, 0.9230, 0.9305,
        0.9266, 0.9030, 0.9200, 0.9035, 0.8862, 0.9099, 0.9098, 0.9099, 0.8975,
        0.9076, 0.8792, 0.9321, 0.9179, 0.9357, 0.8995, 0.9409, 0.9240],
       device='cuda:0', grad_fn=<SqueezeBackward1>)

################## Training is Done! #########################
Training time is : 0:00:57.995400
