=============================================
Dataset: SEED
Method:  TS-TCC
Mode:    fine_tune
=============================================
Data loaded ...
Subjet 14
if scale True
Training started ....

Epoch : 1
Train Loss     : 0.9746	 | 	Train Accuracy     : 0.5939
Valid Loss     : 0.9001	 | 	Valid Accuracy     : 0.4644

Epoch : 2
Train Loss     : 0.5543	 | 	Train Accuracy     : 0.7925
Valid Loss     : 0.8941	 | 	Valid Accuracy     : 0.5576

Epoch : 3
Train Loss     : 0.4900	 | 	Train Accuracy     : 0.8130
Valid Loss     : 0.8903	 | 	Valid Accuracy     : 0.5698

Epoch : 4
Train Loss     : 0.4341	 | 	Train Accuracy     : 0.8331
Valid Loss     : 0.9693	 | 	Valid Accuracy     : 0.6025

Epoch : 5
Train Loss     : 0.4142	 | 	Train Accuracy     : 0.8415
Valid Loss     : 1.0433	 | 	Valid Accuracy     : 0.6143

Epoch : 6
Train Loss     : 0.4046	 | 	Train Accuracy     : 0.8465
Valid Loss     : 0.9984	 | 	Valid Accuracy     : 0.6255

Epoch : 7
Train Loss     : 0.3814	 | 	Train Accuracy     : 0.8536
Valid Loss     : 1.0244	 | 	Valid Accuracy     : 0.6152

Epoch : 8
Train Loss     : 0.3544	 | 	Train Accuracy     : 0.8618
Valid Loss     : 0.9959	 | 	Valid Accuracy     : 0.6372

Epoch : 9
Train Loss     : 0.3601	 | 	Train Accuracy     : 0.8614
Valid Loss     : 1.1093	 | 	Valid Accuracy     : 0.6665

Epoch : 10
Train Loss     : 0.3637	 | 	Train Accuracy     : 0.8602
Valid Loss     : 1.0174	 | 	Valid Accuracy     : 0.6494

Epoch : 11
Train Loss     : 0.3704	 | 	Train Accuracy     : 0.8577
Valid Loss     : 1.1661	 | 	Valid Accuracy     : 0.6553

Epoch : 12
Train Loss     : 0.3485	 | 	Train Accuracy     : 0.8684
Valid Loss     : 0.9977	 | 	Valid Accuracy     : 0.6440

Epoch : 13
Train Loss     : 0.3284	 | 	Train Accuracy     : 0.8736
Valid Loss     : 1.0596	 | 	Valid Accuracy     : 0.6904

Epoch : 14
Train Loss     : 0.3008	 | 	Train Accuracy     : 0.8838
Valid Loss     : 1.0626	 | 	Valid Accuracy     : 0.6514

Epoch : 15
Train Loss     : 0.2793	 | 	Train Accuracy     : 0.8918
Valid Loss     : 1.1064	 | 	Valid Accuracy     : 0.6714

Epoch : 16
Train Loss     : 0.2605	 | 	Train Accuracy     : 0.9003
Valid Loss     : 1.1074	 | 	Valid Accuracy     : 0.6792

Epoch : 17
Train Loss     : 0.2540	 | 	Train Accuracy     : 0.8971
Valid Loss     : 1.1365	 | 	Valid Accuracy     : 0.6904

Epoch : 18
Train Loss     : 0.2509	 | 	Train Accuracy     : 0.9040
Valid Loss     : 1.1084	 | 	Valid Accuracy     : 0.6836

Epoch : 19
Train Loss     : 0.2421	 | 	Train Accuracy     : 0.9069
Valid Loss     : 1.1267	 | 	Valid Accuracy     : 0.6836

Epoch : 20
Train Loss     : 0.2477	 | 	Train Accuracy     : 0.9081
Valid Loss     : 1.1402	 | 	Valid Accuracy     : 0.6885

Epoch : 21
Train Loss     : 0.2386	 | 	Train Accuracy     : 0.9103
Valid Loss     : 1.0780	 | 	Valid Accuracy     : 0.6855

Epoch : 22
Train Loss     : 0.2368	 | 	Train Accuracy     : 0.9107
Valid Loss     : 1.1082	 | 	Valid Accuracy     : 0.6880

Epoch : 23
Train Loss     : 0.2350	 | 	Train Accuracy     : 0.9124
Valid Loss     : 1.1008	 | 	Valid Accuracy     : 0.6870

Epoch : 24
Train Loss     : 0.2317	 | 	Train Accuracy     : 0.9132
Valid Loss     : 1.1001	 | 	Valid Accuracy     : 0.6831

Epoch : 25
Train Loss     : 0.2282	 | 	Train Accuracy     : 0.9154
Valid Loss     : 1.0894	 | 	Valid Accuracy     : 0.6880

Epoch : 26
Train Loss     : 0.2265	 | 	Train Accuracy     : 0.9149
Valid Loss     : 1.0777	 | 	Valid Accuracy     : 0.6895

Epoch : 27
Train Loss     : 0.2192	 | 	Train Accuracy     : 0.9154
Valid Loss     : 1.0749	 | 	Valid Accuracy     : 0.6924

Epoch : 28
Train Loss     : 0.2196	 | 	Train Accuracy     : 0.9163
Valid Loss     : 1.0794	 | 	Valid Accuracy     : 0.6909

Epoch : 29
Train Loss     : 0.2193	 | 	Train Accuracy     : 0.9192
Valid Loss     : 1.0809	 | 	Valid Accuracy     : 0.6914

Epoch : 30
Train Loss     : 0.2166	 | 	Train Accuracy     : 0.9185
Valid Loss     : 1.0784	 | 	Valid Accuracy     : 0.6895

Evaluate on the Test set:
Test loss      :0.8721	 | Test Accuracy      : 0.6992 | Test AUPRC      : 0.5872
tensor([0.8006, 0.8535, 0.7973, 0.7435, 0.8031, 0.8217, 0.9143, 0.8415, 0.8150,
        0.7821, 0.8115, 0.7375, 0.7701, 0.9032, 0.7591, 0.7869, 0.7780, 0.7722,
        0.7204, 0.7714, 0.7443, 0.7131, 0.9348, 0.9325, 0.8723, 0.7433, 0.7804,
        0.7421, 0.7607, 0.7253, 0.8389, 0.9513, 1.0305, 0.8757, 0.6745, 0.7606,
        0.8554, 0.7433, 0.7228, 0.7469, 0.9801, 0.9029, 0.9171, 0.7087, 0.7559,
        0.8439, 0.7782, 0.8481, 0.7450, 0.7637, 0.7374, 0.7186, 0.6923, 0.7840,
        0.8270, 0.6784, 0.8739, 0.7767, 0.8467, 0.6968, 0.8108, 0.7666],
       device='cuda:0', grad_fn=<SqueezeBackward1>)

################## Training is Done! #########################
Training time is : 0:01:44.408209
