=============================================
Dataset: SEED
Method:  TS-TCC
Mode:    fine_tune
=============================================
Data loaded ...
Subjet 9
if scale True
Training started ....

Epoch : 1
Train Loss     : 1.1266	 | 	Train Accuracy     : 0.5411
Valid Loss     : 2.1480	 | 	Valid Accuracy     : 0.3358

Epoch : 2
Train Loss     : 0.5734	 | 	Train Accuracy     : 0.7321
Valid Loss     : 2.8214	 | 	Valid Accuracy     : 0.3317

Epoch : 3
Train Loss     : 0.3927	 | 	Train Accuracy     : 0.8409
Valid Loss     : 2.0612	 | 	Valid Accuracy     : 0.4235

Epoch : 4
Train Loss     : 0.2933	 | 	Train Accuracy     : 0.8864
Valid Loss     : 1.8431	 | 	Valid Accuracy     : 0.4655

Epoch : 5
Train Loss     : 0.2494	 | 	Train Accuracy     : 0.9016
Valid Loss     : 1.6869	 | 	Valid Accuracy     : 0.4816

Epoch : 6
Train Loss     : 0.2209	 | 	Train Accuracy     : 0.9137
Valid Loss     : 1.6674	 | 	Valid Accuracy     : 0.5064

Epoch : 7
Train Loss     : 0.1887	 | 	Train Accuracy     : 0.9292
Valid Loss     : 1.4365	 | 	Valid Accuracy     : 0.5391

Epoch : 8
Train Loss     : 0.1662	 | 	Train Accuracy     : 0.9476
Valid Loss     : 1.3908	 | 	Valid Accuracy     : 0.5655

Epoch : 9
Train Loss     : 0.1572	 | 	Train Accuracy     : 0.9464
Valid Loss     : 1.5295	 | 	Valid Accuracy     : 0.5551

Epoch : 10
Train Loss     : 0.1355	 | 	Train Accuracy     : 0.9544
Valid Loss     : 1.3113	 | 	Valid Accuracy     : 0.5963

Epoch : 11
Train Loss     : 0.1261	 | 	Train Accuracy     : 0.9623
Valid Loss     : 1.5240	 | 	Valid Accuracy     : 0.5858

Epoch : 12
Train Loss     : 0.1323	 | 	Train Accuracy     : 0.9560
Valid Loss     : 1.2519	 | 	Valid Accuracy     : 0.6137

Epoch : 13
Train Loss     : 0.1188	 | 	Train Accuracy     : 0.9651
Valid Loss     : 1.2020	 | 	Valid Accuracy     : 0.6457

Epoch : 14
Train Loss     : 0.1018	 | 	Train Accuracy     : 0.9687
Valid Loss     : 1.1959	 | 	Valid Accuracy     : 0.6352

Epoch : 15
Train Loss     : 0.0901	 | 	Train Accuracy     : 0.9787
Valid Loss     : 1.3865	 | 	Valid Accuracy     : 0.6272

Epoch : 16
Train Loss     : 0.0866	 | 	Train Accuracy     : 0.9718
Valid Loss     : 1.4608	 | 	Valid Accuracy     : 0.6243

Epoch : 17
Train Loss     : 0.0815	 | 	Train Accuracy     : 0.9747
Valid Loss     : 1.4130	 | 	Valid Accuracy     : 0.6219

Epoch : 18
Train Loss     : 0.0702	 | 	Train Accuracy     : 0.9837
Valid Loss     : 1.3210	 | 	Valid Accuracy     : 0.6353

Epoch : 19
Train Loss     : 0.0679	 | 	Train Accuracy     : 0.9865
Valid Loss     : 1.4438	 | 	Valid Accuracy     : 0.6299

Epoch : 20
Train Loss     : 0.0801	 | 	Train Accuracy     : 0.9755
Valid Loss     : 1.4235	 | 	Valid Accuracy     : 0.6277

Epoch : 21
Train Loss     : 0.0682	 | 	Train Accuracy     : 0.9819
Valid Loss     : 1.6821	 | 	Valid Accuracy     : 0.6309

Epoch : 22
Train Loss     : 0.0693	 | 	Train Accuracy     : 0.9842
Valid Loss     : 1.2450	 | 	Valid Accuracy     : 0.6538

Epoch : 23
Train Loss     : 0.0654	 | 	Train Accuracy     : 0.9851
Valid Loss     : 1.4027	 | 	Valid Accuracy     : 0.6458

Epoch : 24
Train Loss     : 0.0645	 | 	Train Accuracy     : 0.9851
Valid Loss     : 1.1892	 | 	Valid Accuracy     : 0.6534

Epoch : 25
Train Loss     : 0.0630	 | 	Train Accuracy     : 0.9856
Valid Loss     : 1.1411	 | 	Valid Accuracy     : 0.6466

Epoch : 26
Train Loss     : 0.0582	 | 	Train Accuracy     : 0.9856
Valid Loss     : 1.4155	 | 	Valid Accuracy     : 0.6407

Epoch : 27
Train Loss     : 0.0540	 | 	Train Accuracy     : 0.9869
Valid Loss     : 1.7653	 | 	Valid Accuracy     : 0.6282

Epoch : 28
Train Loss     : 0.0563	 | 	Train Accuracy     : 0.9875
Valid Loss     : 1.4454	 | 	Valid Accuracy     : 0.6255

Epoch : 29
Train Loss     : 0.0558	 | 	Train Accuracy     : 0.9887
Valid Loss     : 1.1654	 | 	Valid Accuracy     : 0.6390

Epoch : 30
Train Loss     : 0.0546	 | 	Train Accuracy     : 0.9827
Valid Loss     : 1.4298	 | 	Valid Accuracy     : 0.6340

Evaluate on the Test set:
Test loss      :1.4102	 | Test Accuracy      : 0.6610 | Test AUPRC      : 0.7355
tensor([0.8320, 0.8931, 0.8950, 0.8471, 0.7981, 0.9233, 0.9283, 0.8292, 0.8797,
        0.8300, 0.8901, 0.8853, 0.8521, 0.8577, 0.8551, 0.9155, 0.8344, 0.8387,
        0.8080, 0.8179, 0.8292, 0.8313, 1.0012, 1.0067, 0.8782, 0.8528, 0.8268,
        0.8569, 0.8468, 0.8303, 0.8083, 0.9349, 0.8441, 0.8860, 0.8990, 0.8208,
        0.8559, 0.9236, 0.8694, 0.7962, 0.9548, 0.8359, 0.8677, 0.8923, 0.8424,
        0.8628, 0.8406, 0.9057, 0.8195, 0.8726, 0.8330, 0.8414, 0.8050, 0.8068,
        0.8062, 0.7729, 0.8548, 0.8457, 0.8582, 0.8276, 0.8467, 0.8940],
       device='cuda:0', grad_fn=<SqueezeBackward1>)

################## Training is Done! #########################
Training time is : 0:01:03.948220
