=============================================
Dataset: SEED4
Method:  TS-TCC
Mode:    train_linear
=============================================
Data loaded ...
Subjet 1
if scale True
Training started ....

Epoch : 1
Train Loss     : 1.5932	 | 	Train Accuracy     : 0.3311
Valid Loss     : 1.6278	 | 	Valid Accuracy     : 0.2971

Epoch : 2
Train Loss     : 1.2246	 | 	Train Accuracy     : 0.4471
Valid Loss     : 1.3824	 | 	Valid Accuracy     : 0.3595

Epoch : 3
Train Loss     : 1.1913	 | 	Train Accuracy     : 0.4693
Valid Loss     : 1.4030	 | 	Valid Accuracy     : 0.3434

Epoch : 4
Train Loss     : 1.1501	 | 	Train Accuracy     : 0.4949
Valid Loss     : 1.5305	 | 	Valid Accuracy     : 0.2912

Epoch : 5
Train Loss     : 1.1296	 | 	Train Accuracy     : 0.5066
Valid Loss     : 1.5782	 | 	Valid Accuracy     : 0.3063

Epoch : 6
Train Loss     : 1.1222	 | 	Train Accuracy     : 0.5127
Valid Loss     : 1.5384	 | 	Valid Accuracy     : 0.3276

Epoch : 7
Train Loss     : 1.1059	 | 	Train Accuracy     : 0.5164
Valid Loss     : 1.4039	 | 	Valid Accuracy     : 0.3838

Epoch : 8
Train Loss     : 1.1110	 | 	Train Accuracy     : 0.5171
Valid Loss     : 1.4063	 | 	Valid Accuracy     : 0.4020

Epoch : 9
Train Loss     : 1.1109	 | 	Train Accuracy     : 0.5152
Valid Loss     : 1.6119	 | 	Valid Accuracy     : 0.3209

Epoch : 10
Train Loss     : 1.1149	 | 	Train Accuracy     : 0.5163
Valid Loss     : 1.5830	 | 	Valid Accuracy     : 0.3175

Epoch : 11
Train Loss     : 1.0793	 | 	Train Accuracy     : 0.5379
Valid Loss     : 1.5480	 | 	Valid Accuracy     : 0.3346

Epoch : 12
Train Loss     : 1.0727	 | 	Train Accuracy     : 0.5452
Valid Loss     : 1.6333	 | 	Valid Accuracy     : 0.3170

Epoch : 13
Train Loss     : 1.0950	 | 	Train Accuracy     : 0.5263
Valid Loss     : 1.5434	 | 	Valid Accuracy     : 0.3576

Epoch : 14
Train Loss     : 1.0410	 | 	Train Accuracy     : 0.5619
Valid Loss     : 1.5457	 | 	Valid Accuracy     : 0.3583

Epoch : 15
Train Loss     : 1.0222	 | 	Train Accuracy     : 0.5780
Valid Loss     : 1.5020	 | 	Valid Accuracy     : 0.3860

Epoch : 16
Train Loss     : 1.0258	 | 	Train Accuracy     : 0.5679
Valid Loss     : 1.4936	 | 	Valid Accuracy     : 0.3712

Epoch : 17
Train Loss     : 1.0273	 | 	Train Accuracy     : 0.5656
Valid Loss     : 1.5234	 | 	Valid Accuracy     : 0.3687

Epoch : 18
Train Loss     : 1.0318	 | 	Train Accuracy     : 0.5661
Valid Loss     : 1.4701	 | 	Valid Accuracy     : 0.3901

Epoch : 19
Train Loss     : 1.0212	 | 	Train Accuracy     : 0.5726
Valid Loss     : 1.4939	 | 	Valid Accuracy     : 0.3725

Epoch : 20
Train Loss     : 1.0254	 | 	Train Accuracy     : 0.5701
Valid Loss     : 1.5089	 | 	Valid Accuracy     : 0.3682

Epoch : 21
Train Loss     : 1.0191	 | 	Train Accuracy     : 0.5739
Valid Loss     : 1.5008	 | 	Valid Accuracy     : 0.3731

Epoch : 22
Train Loss     : 1.0158	 | 	Train Accuracy     : 0.5762
Valid Loss     : 1.4714	 | 	Valid Accuracy     : 0.3754

Epoch : 23
Train Loss     : 1.0203	 | 	Train Accuracy     : 0.5745
Valid Loss     : 1.5191	 | 	Valid Accuracy     : 0.3541

Epoch : 24
Train Loss     : 1.0236	 | 	Train Accuracy     : 0.5740
Valid Loss     : 1.5587	 | 	Valid Accuracy     : 0.3551

Epoch : 25
Train Loss     : 1.0138	 | 	Train Accuracy     : 0.5739
Valid Loss     : 1.4970	 | 	Valid Accuracy     : 0.3807

Epoch : 26
Train Loss     : 1.0143	 | 	Train Accuracy     : 0.5820
Valid Loss     : 1.5311	 | 	Valid Accuracy     : 0.3582

Epoch : 27
Train Loss     : 1.0129	 | 	Train Accuracy     : 0.5814
Valid Loss     : 1.5622	 | 	Valid Accuracy     : 0.3325

Epoch : 28
Train Loss     : 1.0165	 | 	Train Accuracy     : 0.5815
Valid Loss     : 1.5132	 | 	Valid Accuracy     : 0.3547

Epoch : 29
Train Loss     : 1.0135	 | 	Train Accuracy     : 0.5752
Valid Loss     : 1.5171	 | 	Valid Accuracy     : 0.3668

Epoch : 30
Train Loss     : 1.0158	 | 	Train Accuracy     : 0.5747
Valid Loss     : 1.4935	 | 	Valid Accuracy     : 0.3799

Evaluate on the Test set:
Test loss      :1.7565	 | Test Accuracy      : 0.2809 | Test AUPRC      : 0.2767
tensor([0.8862, 0.9404, 0.9540, 0.8835, 0.9264, 0.8871, 0.7633, 0.7926, 0.8555,
        0.8068, 0.9010, 0.8110, 0.8121, 0.8313, 0.8193, 0.8117, 0.9431, 0.7812,
        0.8834, 0.8074, 0.8609, 0.7505, 0.8664, 0.8550, 0.7409, 0.8043, 0.7638,
        0.8657, 0.8260, 0.7629, 0.8277, 0.7945, 0.8544, 0.8330, 0.8608, 0.8899,
        0.7257, 0.7188, 0.7832, 0.8525, 0.8967, 0.9757, 0.7765, 0.8834, 0.7732,
        0.8455, 0.7073, 0.7329, 0.8019, 0.7934, 0.8361, 0.7818, 0.8225, 0.8414,
        0.9150, 0.7778, 0.8130, 0.7953, 0.8295, 0.8938, 0.8153, 0.8292],
       device='cuda:0', grad_fn=<SqueezeBackward1>)
