=============================================
Dataset: SEED
Method:  TS-TCC
Mode:    supervised
=============================================
Data loaded ...
Subjet 13
if scale True
Training started ....

Epoch : 1
Train Loss     : 1.1672	 | 	Train Accuracy     : 0.5451
Valid Loss     : 0.9107	 | 	Valid Accuracy     : 0.5815

Epoch : 2
Train Loss     : 0.6075	 | 	Train Accuracy     : 0.7052
Valid Loss     : 0.6415	 | 	Valid Accuracy     : 0.7056

Epoch : 3
Train Loss     : 0.4613	 | 	Train Accuracy     : 0.7896
Valid Loss     : 0.7860	 | 	Valid Accuracy     : 0.5942

Epoch : 4
Train Loss     : 0.3949	 | 	Train Accuracy     : 0.8286
Valid Loss     : 0.7256	 | 	Valid Accuracy     : 0.6479

Epoch : 5
Train Loss     : 0.3659	 | 	Train Accuracy     : 0.8451
Valid Loss     : 0.5777	 | 	Valid Accuracy     : 0.7588

Epoch : 6
Train Loss     : 0.3370	 | 	Train Accuracy     : 0.8596
Valid Loss     : 0.6449	 | 	Valid Accuracy     : 0.7505

Epoch : 7
Train Loss     : 0.2811	 | 	Train Accuracy     : 0.8872
Valid Loss     : 0.5263	 | 	Valid Accuracy     : 0.7964

Epoch : 8
Train Loss     : 0.2717	 | 	Train Accuracy     : 0.8940
Valid Loss     : 0.6033	 | 	Valid Accuracy     : 0.7637

Epoch : 9
Train Loss     : 0.2387	 | 	Train Accuracy     : 0.9060
Valid Loss     : 0.7000	 | 	Valid Accuracy     : 0.7324

Epoch : 10
Train Loss     : 0.2195	 | 	Train Accuracy     : 0.9201
Valid Loss     : 0.6944	 | 	Valid Accuracy     : 0.7393

Epoch : 11
Train Loss     : 0.2074	 | 	Train Accuracy     : 0.9203
Valid Loss     : 0.5731	 | 	Valid Accuracy     : 0.7642

Epoch : 12
Train Loss     : 0.1986	 | 	Train Accuracy     : 0.9234
Valid Loss     : 0.7828	 | 	Valid Accuracy     : 0.7168

Epoch : 13
Train Loss     : 0.1818	 | 	Train Accuracy     : 0.9328
Valid Loss     : 0.5863	 | 	Valid Accuracy     : 0.7856

Epoch : 14
Train Loss     : 0.1615	 | 	Train Accuracy     : 0.9406
Valid Loss     : 0.6942	 | 	Valid Accuracy     : 0.7437

Epoch : 15
Train Loss     : 0.1332	 | 	Train Accuracy     : 0.9557
Valid Loss     : 0.7316	 | 	Valid Accuracy     : 0.7314

Epoch : 16
Train Loss     : 0.1343	 | 	Train Accuracy     : 0.9563
Valid Loss     : 0.6485	 | 	Valid Accuracy     : 0.7642

Epoch : 17
Train Loss     : 0.1380	 | 	Train Accuracy     : 0.9497
Valid Loss     : 0.7177	 | 	Valid Accuracy     : 0.7427

Epoch : 18
Train Loss     : 0.1237	 | 	Train Accuracy     : 0.9599
Valid Loss     : 0.6839	 | 	Valid Accuracy     : 0.7422

Epoch : 19
Train Loss     : 0.1045	 | 	Train Accuracy     : 0.9695
Valid Loss     : 0.7319	 | 	Valid Accuracy     : 0.7393

Epoch : 20
Train Loss     : 0.0977	 | 	Train Accuracy     : 0.9750
Valid Loss     : 0.7125	 | 	Valid Accuracy     : 0.7441

Epoch : 21
Train Loss     : 0.0920	 | 	Train Accuracy     : 0.9794
Valid Loss     : 0.7184	 | 	Valid Accuracy     : 0.7466

Epoch : 22
Train Loss     : 0.0872	 | 	Train Accuracy     : 0.9786
Valid Loss     : 0.7124	 | 	Valid Accuracy     : 0.7544

Epoch : 23
Train Loss     : 0.0867	 | 	Train Accuracy     : 0.9807
Valid Loss     : 0.6977	 | 	Valid Accuracy     : 0.7495

Epoch : 24
Train Loss     : 0.0837	 | 	Train Accuracy     : 0.9839
Valid Loss     : 0.7107	 | 	Valid Accuracy     : 0.7471

Epoch : 25
Train Loss     : 0.0798	 | 	Train Accuracy     : 0.9836
Valid Loss     : 0.6949	 | 	Valid Accuracy     : 0.7568

Epoch : 26
Train Loss     : 0.0814	 | 	Train Accuracy     : 0.9846
Valid Loss     : 0.7044	 | 	Valid Accuracy     : 0.7588

Epoch : 27
Train Loss     : 0.0793	 | 	Train Accuracy     : 0.9852
Valid Loss     : 0.7179	 | 	Valid Accuracy     : 0.7559

Epoch : 28
Train Loss     : 0.0806	 | 	Train Accuracy     : 0.9812
Valid Loss     : 0.7256	 | 	Valid Accuracy     : 0.7559

Epoch : 29
Train Loss     : 0.0770	 | 	Train Accuracy     : 0.9841
Valid Loss     : 0.7193	 | 	Valid Accuracy     : 0.7539

Epoch : 30
Train Loss     : 0.0759	 | 	Train Accuracy     : 0.9846
Valid Loss     : 0.7254	 | 	Valid Accuracy     : 0.7534

Evaluate on the Test set:
Test loss      :1.8261	 | Test Accuracy      : 0.6516 | Test AUPRC      : 0.5144
tensor([0.9522, 0.8472, 0.9049, 0.9738, 0.8056, 0.9180, 0.9126, 0.8361, 0.8073,
        0.7970, 0.7847, 0.8687, 0.8414, 0.9102, 0.8826, 0.8490, 0.8870, 0.7794,
        0.8043, 0.8083, 0.7923, 0.8222, 0.8094, 0.9694, 0.9607, 0.7823, 0.8230,
        0.8426, 0.7690, 0.9207, 0.8107, 0.9481, 0.9004, 0.8962, 0.8532, 0.7748,
        0.8404, 0.7722, 0.7896, 0.8322, 0.8355, 0.9513, 0.9661, 0.7666, 0.7728,
        0.7744, 0.7919, 0.7957, 0.8246, 0.7968, 0.8407, 0.8649, 0.8384, 0.9090,
        0.7924, 0.8145, 0.8123, 0.8207, 0.7837, 0.7702, 0.8060, 0.9134],
       device='cuda:0', grad_fn=<SqueezeBackward1>)

################## Training is Done! #########################
Training time is : 0:01:38.722579
