=============================================
Dataset: SEED
Method:  TS-TCC
Mode:    supervised
=============================================
Data loaded ...
Subjet 4
if scale True
Training started ....

Epoch : 1
Train Loss     : 1.3990	 | 	Train Accuracy     : 0.4333
Valid Loss     : 1.0787	 | 	Valid Accuracy     : 0.4487

Epoch : 2
Train Loss     : 0.8486	 | 	Train Accuracy     : 0.6273
Valid Loss     : 0.9515	 | 	Valid Accuracy     : 0.5054

Epoch : 3
Train Loss     : 0.6212	 | 	Train Accuracy     : 0.7758
Valid Loss     : 0.9762	 | 	Valid Accuracy     : 0.5137

Epoch : 4
Train Loss     : 0.5280	 | 	Train Accuracy     : 0.8115
Valid Loss     : 0.9557	 | 	Valid Accuracy     : 0.5215

Epoch : 5
Train Loss     : 0.4607	 | 	Train Accuracy     : 0.8344
Valid Loss     : 0.9376	 | 	Valid Accuracy     : 0.5576

Epoch : 6
Train Loss     : 0.4098	 | 	Train Accuracy     : 0.8529
Valid Loss     : 1.0070	 | 	Valid Accuracy     : 0.5557

Epoch : 7
Train Loss     : 0.4069	 | 	Train Accuracy     : 0.8505
Valid Loss     : 1.0648	 | 	Valid Accuracy     : 0.5630

Epoch : 8
Train Loss     : 0.3739	 | 	Train Accuracy     : 0.8703
Valid Loss     : 0.9159	 | 	Valid Accuracy     : 0.6069

Epoch : 9
Train Loss     : 0.3365	 | 	Train Accuracy     : 0.8854
Valid Loss     : 1.1452	 | 	Valid Accuracy     : 0.5737

Epoch : 10
Train Loss     : 0.3040	 | 	Train Accuracy     : 0.8927
Valid Loss     : 1.1838	 | 	Valid Accuracy     : 0.5786

Epoch : 11
Train Loss     : 0.2840	 | 	Train Accuracy     : 0.9026
Valid Loss     : 1.0113	 | 	Valid Accuracy     : 0.6152

Epoch : 12
Train Loss     : 0.2643	 | 	Train Accuracy     : 0.9125
Valid Loss     : 1.0185	 | 	Valid Accuracy     : 0.6099

Epoch : 13
Train Loss     : 0.2520	 | 	Train Accuracy     : 0.9148
Valid Loss     : 0.9664	 | 	Valid Accuracy     : 0.6250

Epoch : 14
Train Loss     : 0.2293	 | 	Train Accuracy     : 0.9208
Valid Loss     : 0.9828	 | 	Valid Accuracy     : 0.6270

Epoch : 15
Train Loss     : 0.2232	 | 	Train Accuracy     : 0.9255
Valid Loss     : 1.0124	 | 	Valid Accuracy     : 0.6284

Epoch : 16
Train Loss     : 0.2118	 | 	Train Accuracy     : 0.9273
Valid Loss     : 1.0892	 | 	Valid Accuracy     : 0.6143

Epoch : 17
Train Loss     : 0.1967	 | 	Train Accuracy     : 0.9357
Valid Loss     : 1.0178	 | 	Valid Accuracy     : 0.6157

Epoch : 18
Train Loss     : 0.1850	 | 	Train Accuracy     : 0.9370
Valid Loss     : 1.1295	 | 	Valid Accuracy     : 0.6265

Epoch : 19
Train Loss     : 0.1669	 | 	Train Accuracy     : 0.9461
Valid Loss     : 1.0656	 | 	Valid Accuracy     : 0.6294

Epoch : 20
Train Loss     : 0.1443	 | 	Train Accuracy     : 0.9589
Valid Loss     : 1.0580	 | 	Valid Accuracy     : 0.6377

Epoch : 21
Train Loss     : 0.1326	 | 	Train Accuracy     : 0.9615
Valid Loss     : 1.0531	 | 	Valid Accuracy     : 0.6436

Epoch : 22
Train Loss     : 0.1313	 | 	Train Accuracy     : 0.9633
Valid Loss     : 1.0748	 | 	Valid Accuracy     : 0.6445

Epoch : 23
Train Loss     : 0.1279	 | 	Train Accuracy     : 0.9643
Valid Loss     : 1.0711	 | 	Valid Accuracy     : 0.6431

Epoch : 24
Train Loss     : 0.1292	 | 	Train Accuracy     : 0.9677
Valid Loss     : 1.0899	 | 	Valid Accuracy     : 0.6387

Epoch : 25
Train Loss     : 0.1228	 | 	Train Accuracy     : 0.9680
Valid Loss     : 1.0971	 | 	Valid Accuracy     : 0.6401

Epoch : 26
Train Loss     : 0.1203	 | 	Train Accuracy     : 0.9703
Valid Loss     : 1.0808	 | 	Valid Accuracy     : 0.6411

Epoch : 27
Train Loss     : 0.1184	 | 	Train Accuracy     : 0.9724
Valid Loss     : 1.0700	 | 	Valid Accuracy     : 0.6357

Epoch : 28
Train Loss     : 0.1155	 | 	Train Accuracy     : 0.9734
Valid Loss     : 1.0580	 | 	Valid Accuracy     : 0.6377

Epoch : 29
Train Loss     : 0.1178	 | 	Train Accuracy     : 0.9667
Valid Loss     : 1.1020	 | 	Valid Accuracy     : 0.6396

Epoch : 30
Train Loss     : 0.1093	 | 	Train Accuracy     : 0.9747
Valid Loss     : 1.1218	 | 	Valid Accuracy     : 0.6333

Evaluate on the Test set:
Test loss      :1.3479	 | Test Accuracy      : 0.6322 | Test AUPRC      : 0.5429
tensor([0.9464, 0.8481, 0.7886, 0.8827, 0.7974, 0.9748, 0.8295, 0.7837, 0.8227,
        0.7817, 0.8118, 0.8296, 0.8350, 0.9484, 0.9117, 0.8864, 0.8731, 0.7805,
        0.7893, 0.8198, 0.8498, 0.8776, 0.8264, 0.9837, 0.7597, 0.8202, 0.8412,
        0.8310, 0.7854, 0.7557, 0.8120, 1.0474, 0.9725, 0.7886, 0.7963, 0.7916,
        0.8499, 0.7598, 0.7384, 0.7756, 0.9100, 0.8470, 0.7545, 0.7434, 0.7626,
        0.7497, 0.7619, 0.8179, 0.8293, 0.7687, 0.7479, 0.7407, 0.7560, 0.7625,
        0.9327, 0.9559, 0.9008, 0.8233, 0.7688, 0.7448, 0.8857, 0.8351],
       device='cuda:0', grad_fn=<SqueezeBackward1>)

################## Training is Done! #########################
Training time is : 0:01:38.701524
