=============================================
Dataset: SEED
Method:  TS-TCC
Mode:    supervised
=============================================
Data loaded ...
Subjet 14
if scale True
Training started ....

Epoch : 1
Train Loss     : 0.9527	 | 	Train Accuracy     : 0.5664
Valid Loss     : 0.7992	 | 	Valid Accuracy     : 0.6123

Epoch : 2
Train Loss     : 0.6340	 | 	Train Accuracy     : 0.7305
Valid Loss     : 0.8130	 | 	Valid Accuracy     : 0.5923

Epoch : 3
Train Loss     : 0.5386	 | 	Train Accuracy     : 0.7945
Valid Loss     : 0.8945	 | 	Valid Accuracy     : 0.5654

Epoch : 4
Train Loss     : 0.4227	 | 	Train Accuracy     : 0.8456
Valid Loss     : 0.8111	 | 	Valid Accuracy     : 0.6128

Epoch : 5
Train Loss     : 0.4124	 | 	Train Accuracy     : 0.8508
Valid Loss     : 0.9466	 | 	Valid Accuracy     : 0.5786

Epoch : 6
Train Loss     : 0.3902	 | 	Train Accuracy     : 0.8557
Valid Loss     : 0.9834	 | 	Valid Accuracy     : 0.5952

Epoch : 7
Train Loss     : 0.3414	 | 	Train Accuracy     : 0.8724
Valid Loss     : 1.0585	 | 	Valid Accuracy     : 0.5430

Epoch : 8
Train Loss     : 0.3194	 | 	Train Accuracy     : 0.8857
Valid Loss     : 1.0068	 | 	Valid Accuracy     : 0.5991

Epoch : 9
Train Loss     : 0.2947	 | 	Train Accuracy     : 0.8927
Valid Loss     : 1.0444	 | 	Valid Accuracy     : 0.5898

Epoch : 10
Train Loss     : 0.2839	 | 	Train Accuracy     : 0.8888
Valid Loss     : 1.0016	 | 	Valid Accuracy     : 0.6240

Epoch : 11
Train Loss     : 0.2624	 | 	Train Accuracy     : 0.9016
Valid Loss     : 1.0729	 | 	Valid Accuracy     : 0.5825

Epoch : 12
Train Loss     : 0.2490	 | 	Train Accuracy     : 0.9021
Valid Loss     : 1.1340	 | 	Valid Accuracy     : 0.6240

Epoch : 13
Train Loss     : 0.2281	 | 	Train Accuracy     : 0.9185
Valid Loss     : 1.0395	 | 	Valid Accuracy     : 0.6255

Epoch : 14
Train Loss     : 0.2204	 | 	Train Accuracy     : 0.9201
Valid Loss     : 1.0917	 | 	Valid Accuracy     : 0.6240

Epoch : 15
Train Loss     : 0.2079	 | 	Train Accuracy     : 0.9245
Valid Loss     : 1.0527	 | 	Valid Accuracy     : 0.6206

Epoch : 16
Train Loss     : 0.1978	 | 	Train Accuracy     : 0.9299
Valid Loss     : 1.0766	 | 	Valid Accuracy     : 0.6201

Epoch : 17
Train Loss     : 0.1959	 | 	Train Accuracy     : 0.9305
Valid Loss     : 1.0554	 | 	Valid Accuracy     : 0.6216

Epoch : 18
Train Loss     : 0.1907	 | 	Train Accuracy     : 0.9354
Valid Loss     : 1.0643	 | 	Valid Accuracy     : 0.6260

Epoch : 19
Train Loss     : 0.1931	 | 	Train Accuracy     : 0.9315
Valid Loss     : 1.0566	 | 	Valid Accuracy     : 0.6299

Epoch : 20
Train Loss     : 0.1885	 | 	Train Accuracy     : 0.9362
Valid Loss     : 1.0643	 | 	Valid Accuracy     : 0.6226

Epoch : 21
Train Loss     : 0.1782	 | 	Train Accuracy     : 0.9417
Valid Loss     : 1.0588	 | 	Valid Accuracy     : 0.6235

Epoch : 22
Train Loss     : 0.1801	 | 	Train Accuracy     : 0.9383
Valid Loss     : 1.0486	 | 	Valid Accuracy     : 0.6323

Epoch : 23
Train Loss     : 0.1750	 | 	Train Accuracy     : 0.9409
Valid Loss     : 1.0708	 | 	Valid Accuracy     : 0.6289

Epoch : 24
Train Loss     : 0.1761	 | 	Train Accuracy     : 0.9411
Valid Loss     : 1.0655	 | 	Valid Accuracy     : 0.6299

Epoch : 25
Train Loss     : 0.1696	 | 	Train Accuracy     : 0.9477
Valid Loss     : 1.0782	 | 	Valid Accuracy     : 0.6270

Epoch : 26
Train Loss     : 0.1787	 | 	Train Accuracy     : 0.9417
Valid Loss     : 1.0902	 | 	Valid Accuracy     : 0.6289

Epoch : 27
Train Loss     : 0.1732	 | 	Train Accuracy     : 0.9417
Valid Loss     : 1.0789	 | 	Valid Accuracy     : 0.6333

Epoch : 28
Train Loss     : 0.1743	 | 	Train Accuracy     : 0.9440
Valid Loss     : 1.0792	 | 	Valid Accuracy     : 0.6226

Epoch : 29
Train Loss     : 0.1728	 | 	Train Accuracy     : 0.9401
Valid Loss     : 1.0721	 | 	Valid Accuracy     : 0.6211

Epoch : 30
Train Loss     : 0.1738	 | 	Train Accuracy     : 0.9432
Valid Loss     : 1.0761	 | 	Valid Accuracy     : 0.6313

Evaluate on the Test set:
Test loss      :0.9527	 | Test Accuracy      : 0.6830 | Test AUPRC      : 0.5741
tensor([0.8664, 0.8577, 0.8269, 0.8414, 0.8739, 0.9167, 0.9474, 0.8965, 0.8410,
        0.8691, 0.8439, 0.8670, 0.8526, 0.9092, 0.8797, 0.8694, 0.8613, 0.8537,
        0.8324, 0.8760, 0.8731, 0.9172, 0.9536, 0.8742, 0.9475, 0.8384, 0.8934,
        0.8457, 0.8571, 0.8405, 0.9260, 0.9802, 1.0338, 0.8663, 0.8441, 0.8478,
        0.8624, 0.8474, 0.8393, 0.8522, 0.9798, 0.8726, 0.9431, 0.8367, 0.8604,
        0.8311, 0.8369, 0.8523, 0.8486, 0.8813, 0.8973, 0.8945, 0.8484, 0.8480,
        0.8914, 0.9410, 0.8710, 0.8859, 0.8407, 0.8376, 0.8809, 0.9294],
       device='cuda:0', grad_fn=<SqueezeBackward1>)

################## Training is Done! #########################
Training time is : 0:01:43.904548
