=============================================
Dataset: SEED
Method:  TS-TCC
Mode:    supervised
=============================================
Data loaded ...
Subjet 12
if scale True
Training started ....

Epoch : 1
Train Loss     : 1.2437	 | 	Train Accuracy     : 0.4719
Valid Loss     : 1.1963	 | 	Valid Accuracy     : 0.5239

Epoch : 2
Train Loss     : 0.8391	 | 	Train Accuracy     : 0.6451
Valid Loss     : 1.0700	 | 	Valid Accuracy     : 0.5410

Epoch : 3
Train Loss     : 0.6195	 | 	Train Accuracy     : 0.7638
Valid Loss     : 1.0203	 | 	Valid Accuracy     : 0.5996

Epoch : 4
Train Loss     : 0.5060	 | 	Train Accuracy     : 0.8201
Valid Loss     : 0.9730	 | 	Valid Accuracy     : 0.5752

Epoch : 5
Train Loss     : 0.4188	 | 	Train Accuracy     : 0.8552
Valid Loss     : 1.1483	 | 	Valid Accuracy     : 0.5166

Epoch : 6
Train Loss     : 0.3936	 | 	Train Accuracy     : 0.8648
Valid Loss     : 1.1938	 | 	Valid Accuracy     : 0.5420

Epoch : 7
Train Loss     : 0.3281	 | 	Train Accuracy     : 0.8891
Valid Loss     : 1.0438	 | 	Valid Accuracy     : 0.5581

Epoch : 8
Train Loss     : 0.3113	 | 	Train Accuracy     : 0.8870
Valid Loss     : 1.5152	 | 	Valid Accuracy     : 0.4932

Epoch : 9
Train Loss     : 0.2505	 | 	Train Accuracy     : 0.9128
Valid Loss     : 1.2218	 | 	Valid Accuracy     : 0.5269

Epoch : 10
Train Loss     : 0.2421	 | 	Train Accuracy     : 0.9190
Valid Loss     : 1.4747	 | 	Valid Accuracy     : 0.5020

Epoch : 11
Train Loss     : 0.2142	 | 	Train Accuracy     : 0.9294
Valid Loss     : 1.2789	 | 	Valid Accuracy     : 0.5039

Epoch : 12
Train Loss     : 0.2014	 | 	Train Accuracy     : 0.9365
Valid Loss     : 1.3907	 | 	Valid Accuracy     : 0.5171

Epoch : 13
Train Loss     : 0.1859	 | 	Train Accuracy     : 0.9398
Valid Loss     : 1.3559	 | 	Valid Accuracy     : 0.5166

Epoch : 14
Train Loss     : 0.1698	 | 	Train Accuracy     : 0.9461
Valid Loss     : 1.4446	 | 	Valid Accuracy     : 0.5098

Epoch : 15
Train Loss     : 0.1730	 | 	Train Accuracy     : 0.9464
Valid Loss     : 1.6852	 | 	Valid Accuracy     : 0.5000

Epoch : 16
Train Loss     : 0.1399	 | 	Train Accuracy     : 0.9607
Valid Loss     : 1.2449	 | 	Valid Accuracy     : 0.5508

Epoch : 17
Train Loss     : 0.1215	 | 	Train Accuracy     : 0.9672
Valid Loss     : 1.3084	 | 	Valid Accuracy     : 0.5249

Epoch : 18
Train Loss     : 0.1117	 | 	Train Accuracy     : 0.9755
Valid Loss     : 1.3088	 | 	Valid Accuracy     : 0.5396

Epoch : 19
Train Loss     : 0.1155	 | 	Train Accuracy     : 0.9719
Valid Loss     : 1.3009	 | 	Valid Accuracy     : 0.5386

Epoch : 20
Train Loss     : 0.1124	 | 	Train Accuracy     : 0.9755
Valid Loss     : 1.2958	 | 	Valid Accuracy     : 0.5381

Epoch : 21
Train Loss     : 0.1109	 | 	Train Accuracy     : 0.9779
Valid Loss     : 1.3117	 | 	Valid Accuracy     : 0.5234

Epoch : 22
Train Loss     : 0.1084	 | 	Train Accuracy     : 0.9781
Valid Loss     : 1.3134	 | 	Valid Accuracy     : 0.5298

Epoch : 23
Train Loss     : 0.1063	 | 	Train Accuracy     : 0.9773
Valid Loss     : 1.3390	 | 	Valid Accuracy     : 0.5288

Epoch : 24
Train Loss     : 0.1043	 | 	Train Accuracy     : 0.9789
Valid Loss     : 1.3270	 | 	Valid Accuracy     : 0.5352

Epoch : 25
Train Loss     : 0.1025	 | 	Train Accuracy     : 0.9768
Valid Loss     : 1.3426	 | 	Valid Accuracy     : 0.5151

Epoch : 26
Train Loss     : 0.1014	 | 	Train Accuracy     : 0.9789
Valid Loss     : 1.2890	 | 	Valid Accuracy     : 0.5425

Epoch : 27
Train Loss     : 0.0979	 | 	Train Accuracy     : 0.9794
Valid Loss     : 1.2807	 | 	Valid Accuracy     : 0.5444

Epoch : 28
Train Loss     : 0.1021	 | 	Train Accuracy     : 0.9771
Valid Loss     : 1.2957	 | 	Valid Accuracy     : 0.5381

Epoch : 29
Train Loss     : 0.0971	 | 	Train Accuracy     : 0.9810
Valid Loss     : 1.3119	 | 	Valid Accuracy     : 0.5425

Epoch : 30
Train Loss     : 0.0972	 | 	Train Accuracy     : 0.9820
Valid Loss     : 1.3134	 | 	Valid Accuracy     : 0.5396

Evaluate on the Test set:
Test loss      :1.4289	 | Test Accuracy      : 0.6246 | Test AUPRC      : 0.4562
tensor([0.9955, 0.9844, 0.9447, 0.9089, 0.9834, 0.9716, 0.8479, 0.8852, 0.9115,
        0.8418, 0.8434, 0.8531, 0.8688, 0.8682, 0.8640, 0.9024, 0.9325, 0.8023,
        0.8565, 0.8349, 0.8742, 0.8967, 0.8334, 1.0340, 0.8233, 0.8206, 0.8999,
        0.9328, 0.8455, 0.8646, 0.8828, 0.9849, 0.8630, 0.9111, 0.8902, 0.8078,
        0.9493, 0.8235, 0.8106, 0.8630, 0.9089, 0.8762, 0.8533, 0.8544, 0.8177,
        0.8571, 0.8256, 0.8216, 0.8634, 0.8145, 0.9931, 0.8204, 0.8150, 0.8200,
        0.8137, 0.8554, 0.8837, 0.9112, 0.8263, 0.8131, 0.8411, 0.9093],
       device='cuda:0', grad_fn=<SqueezeBackward1>)

################## Training is Done! #########################
Training time is : 0:01:34.484111
