=============================================
Dataset: SEED
Method:  TS-TCC
Mode:    supervised
=============================================
Data loaded ...
Subjet 11
if scale True
Training started ....

Epoch : 1
Train Loss     : 0.9836	 | 	Train Accuracy     : 0.5936
Valid Loss     : 0.6783	 | 	Valid Accuracy     : 0.6929

Epoch : 2
Train Loss     : 0.5051	 | 	Train Accuracy     : 0.7906
Valid Loss     : 0.6871	 | 	Valid Accuracy     : 0.6929

Epoch : 3
Train Loss     : 0.4174	 | 	Train Accuracy     : 0.8359
Valid Loss     : 0.7211	 | 	Valid Accuracy     : 0.6963

Epoch : 4
Train Loss     : 0.3613	 | 	Train Accuracy     : 0.8612
Valid Loss     : 0.6051	 | 	Valid Accuracy     : 0.7354

Epoch : 5
Train Loss     : 0.3343	 | 	Train Accuracy     : 0.8633
Valid Loss     : 0.8035	 | 	Valid Accuracy     : 0.7129

Epoch : 6
Train Loss     : 0.3043	 | 	Train Accuracy     : 0.8854
Valid Loss     : 0.5286	 | 	Valid Accuracy     : 0.7671

Epoch : 7
Train Loss     : 0.2838	 | 	Train Accuracy     : 0.8898
Valid Loss     : 0.5875	 | 	Valid Accuracy     : 0.7593

Epoch : 8
Train Loss     : 0.2806	 | 	Train Accuracy     : 0.8964
Valid Loss     : 0.5657	 | 	Valid Accuracy     : 0.7705

Epoch : 9
Train Loss     : 0.2558	 | 	Train Accuracy     : 0.9081
Valid Loss     : 0.4471	 | 	Valid Accuracy     : 0.8071

Epoch : 10
Train Loss     : 0.2520	 | 	Train Accuracy     : 0.9044
Valid Loss     : 0.5986	 | 	Valid Accuracy     : 0.7656

Epoch : 11
Train Loss     : 0.2235	 | 	Train Accuracy     : 0.9190
Valid Loss     : 0.5431	 | 	Valid Accuracy     : 0.7925

Epoch : 12
Train Loss     : 0.2138	 | 	Train Accuracy     : 0.9212
Valid Loss     : 0.5782	 | 	Valid Accuracy     : 0.7773

Epoch : 13
Train Loss     : 0.2075	 | 	Train Accuracy     : 0.9270
Valid Loss     : 0.3614	 | 	Valid Accuracy     : 0.8438

Epoch : 14
Train Loss     : 0.1985	 | 	Train Accuracy     : 0.9254
Valid Loss     : 0.3637	 | 	Valid Accuracy     : 0.8477

Epoch : 15
Train Loss     : 0.1855	 | 	Train Accuracy     : 0.9326
Valid Loss     : 0.3370	 | 	Valid Accuracy     : 0.8550

Epoch : 16
Train Loss     : 0.1696	 | 	Train Accuracy     : 0.9399
Valid Loss     : 0.5297	 | 	Valid Accuracy     : 0.7896

Epoch : 17
Train Loss     : 0.1581	 | 	Train Accuracy     : 0.9457
Valid Loss     : 0.4470	 | 	Valid Accuracy     : 0.8140

Epoch : 18
Train Loss     : 0.1710	 | 	Train Accuracy     : 0.9368
Valid Loss     : 0.3672	 | 	Valid Accuracy     : 0.8457

Epoch : 19
Train Loss     : 0.1554	 | 	Train Accuracy     : 0.9443
Valid Loss     : 0.6142	 | 	Valid Accuracy     : 0.7759

Epoch : 20
Train Loss     : 0.1560	 | 	Train Accuracy     : 0.9472
Valid Loss     : 0.5569	 | 	Valid Accuracy     : 0.7910

Epoch : 21
Train Loss     : 0.1506	 | 	Train Accuracy     : 0.9474
Valid Loss     : 0.4065	 | 	Valid Accuracy     : 0.8428

Epoch : 22
Train Loss     : 0.1426	 | 	Train Accuracy     : 0.9538
Valid Loss     : 0.5113	 | 	Valid Accuracy     : 0.8091

Epoch : 23
Train Loss     : 0.1453	 | 	Train Accuracy     : 0.9487
Valid Loss     : 0.5622	 | 	Valid Accuracy     : 0.7969

Epoch : 24
Train Loss     : 0.1361	 | 	Train Accuracy     : 0.9535
Valid Loss     : 0.4677	 | 	Valid Accuracy     : 0.8242

Epoch : 25
Train Loss     : 0.1323	 | 	Train Accuracy     : 0.9569
Valid Loss     : 0.3872	 | 	Valid Accuracy     : 0.8306

Epoch : 26
Train Loss     : 0.1469	 | 	Train Accuracy     : 0.9468
Valid Loss     : 0.4009	 | 	Valid Accuracy     : 0.8418

Epoch : 27
Train Loss     : 0.1238	 | 	Train Accuracy     : 0.9591
Valid Loss     : 0.5055	 | 	Valid Accuracy     : 0.8159

Epoch : 28
Train Loss     : 0.1040	 | 	Train Accuracy     : 0.9672
Valid Loss     : 0.4147	 | 	Valid Accuracy     : 0.8408

Epoch : 29
Train Loss     : 0.0968	 | 	Train Accuracy     : 0.9733
Valid Loss     : 0.4487	 | 	Valid Accuracy     : 0.8267

Epoch : 30
Train Loss     : 0.0943	 | 	Train Accuracy     : 0.9747
Valid Loss     : 0.4381	 | 	Valid Accuracy     : 0.8325

Evaluate on the Test set:
Test loss      :0.6384	 | Test Accuracy      : 0.8214 | Test AUPRC      : 0.5737
tensor([0.7391, 0.7823, 0.8348, 0.5915, 0.8804, 0.7685, 0.8167, 0.6595, 0.6159,
        0.6251, 0.5375, 0.6103, 0.5660, 0.7091, 0.7590, 0.7611, 0.7075, 0.5379,
        0.6180, 0.5550, 0.6046, 0.7845, 1.0109, 0.7637, 0.6910, 0.6789, 0.5454,
        0.7757, 0.7151, 0.6981, 0.7678, 0.8568, 0.7567, 0.6636, 0.6959, 0.6588,
        0.6349, 0.5760, 0.6123, 0.6381, 0.8457, 0.6879, 0.5501, 0.5372, 0.6612,
        0.7078, 0.6237, 0.6554, 0.6731, 0.6639, 0.7582, 0.7873, 0.5311, 0.7314,
        0.7938, 0.6885, 0.5590, 0.8741, 0.7810, 0.5728, 0.6907, 0.6386],
       device='cuda:0', grad_fn=<SqueezeBackward1>)

################## Training is Done! #########################
Training time is : 0:02:19.247150
