=============================================
Dataset: SEED
Method:  TS-TCC
Mode:    supervised
=============================================
Data loaded ...
Subjet 3
if scale True
Training started ....

Epoch : 1
Train Loss     : 0.9871	 | 	Train Accuracy     : 0.5504
Valid Loss     : 0.6975	 | 	Valid Accuracy     : 0.7505

Epoch : 2
Train Loss     : 0.6780	 | 	Train Accuracy     : 0.7062
Valid Loss     : 0.6166	 | 	Valid Accuracy     : 0.8003

Epoch : 3
Train Loss     : 0.5705	 | 	Train Accuracy     : 0.7751
Valid Loss     : 0.6883	 | 	Valid Accuracy     : 0.7349

Epoch : 4
Train Loss     : 0.5067	 | 	Train Accuracy     : 0.8028
Valid Loss     : 0.6641	 | 	Valid Accuracy     : 0.7612

Epoch : 5
Train Loss     : 0.4587	 | 	Train Accuracy     : 0.8364
Valid Loss     : 0.6929	 | 	Valid Accuracy     : 0.7388

Epoch : 6
Train Loss     : 0.3904	 | 	Train Accuracy     : 0.8611
Valid Loss     : 0.6770	 | 	Valid Accuracy     : 0.7485

Epoch : 7
Train Loss     : 0.3719	 | 	Train Accuracy     : 0.8674
Valid Loss     : 0.5970	 | 	Valid Accuracy     : 0.8003

Epoch : 8
Train Loss     : 0.3727	 | 	Train Accuracy     : 0.8572
Valid Loss     : 0.5844	 | 	Valid Accuracy     : 0.7979

Epoch : 9
Train Loss     : 0.3510	 | 	Train Accuracy     : 0.8697
Valid Loss     : 0.6515	 | 	Valid Accuracy     : 0.7676

Epoch : 10
Train Loss     : 0.3400	 | 	Train Accuracy     : 0.8745
Valid Loss     : 0.6132	 | 	Valid Accuracy     : 0.7798

Epoch : 11
Train Loss     : 0.2897	 | 	Train Accuracy     : 0.8957
Valid Loss     : 0.7940	 | 	Valid Accuracy     : 0.7490

Epoch : 12
Train Loss     : 0.2695	 | 	Train Accuracy     : 0.9066
Valid Loss     : 0.7779	 | 	Valid Accuracy     : 0.7373

Epoch : 13
Train Loss     : 0.2669	 | 	Train Accuracy     : 0.9068
Valid Loss     : 0.7107	 | 	Valid Accuracy     : 0.7559

Epoch : 14
Train Loss     : 0.2610	 | 	Train Accuracy     : 0.9093
Valid Loss     : 0.7291	 | 	Valid Accuracy     : 0.7222

Epoch : 15
Train Loss     : 0.2479	 | 	Train Accuracy     : 0.9122
Valid Loss     : 0.6094	 | 	Valid Accuracy     : 0.7910

Epoch : 16
Train Loss     : 0.2306	 | 	Train Accuracy     : 0.9188
Valid Loss     : 0.8263	 | 	Valid Accuracy     : 0.7212

Epoch : 17
Train Loss     : 0.2276	 | 	Train Accuracy     : 0.9195
Valid Loss     : 0.8167	 | 	Valid Accuracy     : 0.7368

Epoch : 18
Train Loss     : 0.2188	 | 	Train Accuracy     : 0.9220
Valid Loss     : 0.7434	 | 	Valid Accuracy     : 0.7480

Epoch : 19
Train Loss     : 0.2099	 | 	Train Accuracy     : 0.9268
Valid Loss     : 0.8019	 | 	Valid Accuracy     : 0.7354

Epoch : 20
Train Loss     : 0.1821	 | 	Train Accuracy     : 0.9348
Valid Loss     : 0.7691	 | 	Valid Accuracy     : 0.7432

Epoch : 21
Train Loss     : 0.1654	 | 	Train Accuracy     : 0.9474
Valid Loss     : 0.8187	 | 	Valid Accuracy     : 0.7280

Epoch : 22
Train Loss     : 0.1640	 | 	Train Accuracy     : 0.9462
Valid Loss     : 0.8244	 | 	Valid Accuracy     : 0.7256

Epoch : 23
Train Loss     : 0.1574	 | 	Train Accuracy     : 0.9482
Valid Loss     : 0.7693	 | 	Valid Accuracy     : 0.7402

Epoch : 24
Train Loss     : 0.1565	 | 	Train Accuracy     : 0.9497
Valid Loss     : 0.7930	 | 	Valid Accuracy     : 0.7329

Epoch : 25
Train Loss     : 0.1548	 | 	Train Accuracy     : 0.9504
Valid Loss     : 0.7718	 | 	Valid Accuracy     : 0.7407

Epoch : 26
Train Loss     : 0.1473	 | 	Train Accuracy     : 0.9548
Valid Loss     : 0.8287	 | 	Valid Accuracy     : 0.7207

Epoch : 27
Train Loss     : 0.1498	 | 	Train Accuracy     : 0.9565
Valid Loss     : 0.8010	 | 	Valid Accuracy     : 0.7344

Epoch : 28
Train Loss     : 0.1519	 | 	Train Accuracy     : 0.9533
Valid Loss     : 0.8243	 | 	Valid Accuracy     : 0.7324

Epoch : 29
Train Loss     : 0.1421	 | 	Train Accuracy     : 0.9557
Valid Loss     : 0.8543	 | 	Valid Accuracy     : 0.7188

Epoch : 30
Train Loss     : 0.1397	 | 	Train Accuracy     : 0.9577
Valid Loss     : 0.8382	 | 	Valid Accuracy     : 0.7251

Evaluate on the Test set:
Test loss      :0.6683	 | Test Accuracy      : 0.7567 | Test AUPRC      : 0.5571
tensor([0.7829, 0.9928, 0.6593, 0.8177, 0.8242, 0.9592, 0.8247, 0.8226, 0.6647,
        0.5974, 0.7219, 0.7678, 0.8671, 0.7714, 0.9035, 0.7850, 0.7907, 0.5990,
        0.7079, 0.6448, 0.6803, 0.8117, 0.8210, 1.0123, 0.8850, 0.6482, 0.7470,
        0.8276, 0.6228, 0.6874, 0.8864, 0.9678, 0.8105, 0.6074, 0.6080, 0.6641,
        0.7005, 0.6398, 0.6251, 0.6163, 0.8796, 0.7904, 0.5982, 0.5920, 0.6554,
        0.8147, 0.6567, 0.7122, 0.6092, 0.6050, 0.7346, 0.5988, 0.6537, 0.6760,
        0.5939, 0.7299, 0.7478, 0.8129, 0.6912, 0.7661, 0.6403, 0.7947],
       device='cuda:0', grad_fn=<SqueezeBackward1>)

################## Training is Done! #########################
Training time is : 0:02:15.152751
