=============================================
Dataset: SEED
Method:  TS-TCC
Mode:    supervised
=============================================
Data loaded ...
Subjet 11
if scale True
Training started ....

Epoch : 1
Train Loss     : 1.1020	 | 	Train Accuracy     : 0.5422
Valid Loss     : 0.7297	 | 	Valid Accuracy     : 0.6719

Epoch : 2
Train Loss     : 0.6287	 | 	Train Accuracy     : 0.7367
Valid Loss     : 0.5390	 | 	Valid Accuracy     : 0.7529

Epoch : 3
Train Loss     : 0.4809	 | 	Train Accuracy     : 0.8055
Valid Loss     : 0.6055	 | 	Valid Accuracy     : 0.7251

Epoch : 4
Train Loss     : 0.4011	 | 	Train Accuracy     : 0.8411
Valid Loss     : 0.5989	 | 	Valid Accuracy     : 0.7256

Epoch : 5
Train Loss     : 0.3764	 | 	Train Accuracy     : 0.8529
Valid Loss     : 0.7334	 | 	Valid Accuracy     : 0.7017

Epoch : 6
Train Loss     : 0.3474	 | 	Train Accuracy     : 0.8586
Valid Loss     : 0.4836	 | 	Valid Accuracy     : 0.7910

Epoch : 7
Train Loss     : 0.3018	 | 	Train Accuracy     : 0.8904
Valid Loss     : 0.6615	 | 	Valid Accuracy     : 0.7432

Epoch : 8
Train Loss     : 0.2978	 | 	Train Accuracy     : 0.8870
Valid Loss     : 0.4444	 | 	Valid Accuracy     : 0.8149

Epoch : 9
Train Loss     : 0.2635	 | 	Train Accuracy     : 0.9026
Valid Loss     : 0.4528	 | 	Valid Accuracy     : 0.8076

Epoch : 10
Train Loss     : 0.2378	 | 	Train Accuracy     : 0.9138
Valid Loss     : 0.4058	 | 	Valid Accuracy     : 0.8301

Epoch : 11
Train Loss     : 0.2224	 | 	Train Accuracy     : 0.9221
Valid Loss     : 0.5821	 | 	Valid Accuracy     : 0.7676

Epoch : 12
Train Loss     : 0.2056	 | 	Train Accuracy     : 0.9271
Valid Loss     : 0.4818	 | 	Valid Accuracy     : 0.8115

Epoch : 13
Train Loss     : 0.1893	 | 	Train Accuracy     : 0.9289
Valid Loss     : 0.8187	 | 	Valid Accuracy     : 0.7148

Epoch : 14
Train Loss     : 0.1827	 | 	Train Accuracy     : 0.9419
Valid Loss     : 0.5537	 | 	Valid Accuracy     : 0.7832

Epoch : 15
Train Loss     : 0.1729	 | 	Train Accuracy     : 0.9417
Valid Loss     : 0.5535	 | 	Valid Accuracy     : 0.7954

Epoch : 16
Train Loss     : 0.1695	 | 	Train Accuracy     : 0.9430
Valid Loss     : 0.4793	 | 	Valid Accuracy     : 0.8154

Epoch : 17
Train Loss     : 0.1535	 | 	Train Accuracy     : 0.9539
Valid Loss     : 0.4636	 | 	Valid Accuracy     : 0.8218

Epoch : 18
Train Loss     : 0.1447	 | 	Train Accuracy     : 0.9534
Valid Loss     : 0.6432	 | 	Valid Accuracy     : 0.7715

Epoch : 19
Train Loss     : 0.1318	 | 	Train Accuracy     : 0.9609
Valid Loss     : 0.7460	 | 	Valid Accuracy     : 0.7427

Epoch : 20
Train Loss     : 0.1374	 | 	Train Accuracy     : 0.9534
Valid Loss     : 0.5108	 | 	Valid Accuracy     : 0.8159

Epoch : 21
Train Loss     : 0.1279	 | 	Train Accuracy     : 0.9518
Valid Loss     : 0.4615	 | 	Valid Accuracy     : 0.8198

Epoch : 22
Train Loss     : 0.1114	 | 	Train Accuracy     : 0.9672
Valid Loss     : 0.4346	 | 	Valid Accuracy     : 0.8330

Epoch : 23
Train Loss     : 0.0986	 | 	Train Accuracy     : 0.9766
Valid Loss     : 0.4433	 | 	Valid Accuracy     : 0.8320

Epoch : 24
Train Loss     : 0.0931	 | 	Train Accuracy     : 0.9792
Valid Loss     : 0.4237	 | 	Valid Accuracy     : 0.8340

Epoch : 25
Train Loss     : 0.0953	 | 	Train Accuracy     : 0.9776
Valid Loss     : 0.4330	 | 	Valid Accuracy     : 0.8296

Epoch : 26
Train Loss     : 0.0880	 | 	Train Accuracy     : 0.9826
Valid Loss     : 0.4344	 | 	Valid Accuracy     : 0.8315

Epoch : 27
Train Loss     : 0.0858	 | 	Train Accuracy     : 0.9833
Valid Loss     : 0.4292	 | 	Valid Accuracy     : 0.8340

Epoch : 28
Train Loss     : 0.0837	 | 	Train Accuracy     : 0.9807
Valid Loss     : 0.4279	 | 	Valid Accuracy     : 0.8345

Epoch : 29
Train Loss     : 0.0833	 | 	Train Accuracy     : 0.9826
Valid Loss     : 0.4247	 | 	Valid Accuracy     : 0.8276

Epoch : 30
Train Loss     : 0.0861	 | 	Train Accuracy     : 0.9810
Valid Loss     : 0.4110	 | 	Valid Accuracy     : 0.8340

Evaluate on the Test set:
Test loss      :0.8161	 | Test Accuracy      : 0.7846 | Test AUPRC      : 0.5642
tensor([0.8551, 0.7825, 0.8752, 0.7891, 0.9150, 0.8896, 0.8465, 0.7944, 0.8203,
        0.7816, 0.7590, 0.7880, 0.7857, 0.8110, 0.8865, 0.8821, 0.8515, 0.7492,
        0.7872, 0.7758, 0.8767, 0.9481, 1.0168, 0.8461, 0.8834, 0.7856, 0.7910,
        0.8049, 0.8041, 0.7969, 0.8481, 0.8467, 0.8162, 0.8251, 0.8538, 0.7364,
        0.7655, 0.7688, 0.7482, 0.7969, 0.7990, 0.8417, 0.8089, 0.7396, 0.8229,
        0.8103, 0.7313, 0.8278, 0.8102, 0.8484, 0.8859, 0.8722, 0.7550, 0.8559,
        0.8602, 0.7689, 0.7892, 0.9351, 0.8682, 0.7981, 0.8700, 0.7936],
       device='cuda:0', grad_fn=<SqueezeBackward1>)

################## Training is Done! #########################
Training time is : 0:01:37.775357
