=============================================
Dataset: SEED
Method:  TS-TCC
Mode:    supervised
=============================================
Data loaded ...
Subjet 14
if scale True
Training started ....

Epoch : 1
Train Loss     : 1.1609	 | 	Train Accuracy     : 0.4676
Valid Loss     : 0.9295	 | 	Valid Accuracy     : 0.6045

Epoch : 2
Train Loss     : 0.6093	 | 	Train Accuracy     : 0.7556
Valid Loss     : 0.8335	 | 	Valid Accuracy     : 0.5801

Epoch : 3
Train Loss     : 0.4867	 | 	Train Accuracy     : 0.8382
Valid Loss     : 0.9272	 | 	Valid Accuracy     : 0.6104

Epoch : 4
Train Loss     : 0.4209	 | 	Train Accuracy     : 0.8638
Valid Loss     : 1.1640	 | 	Valid Accuracy     : 0.5923

Epoch : 5
Train Loss     : 0.3482	 | 	Train Accuracy     : 0.9051
Valid Loss     : 1.4799	 | 	Valid Accuracy     : 0.5850

Epoch : 6
Train Loss     : 0.3270	 | 	Train Accuracy     : 0.9146
Valid Loss     : 1.6180	 | 	Valid Accuracy     : 0.5229

Epoch : 7
Train Loss     : 0.2822	 | 	Train Accuracy     : 0.9258
Valid Loss     : 1.3733	 | 	Valid Accuracy     : 0.5952

Epoch : 8
Train Loss     : 0.2434	 | 	Train Accuracy     : 0.9325
Valid Loss     : 1.3444	 | 	Valid Accuracy     : 0.5762

Epoch : 9
Train Loss     : 0.2132	 | 	Train Accuracy     : 0.9448
Valid Loss     : 1.2886	 | 	Valid Accuracy     : 0.6094

Epoch : 10
Train Loss     : 0.1904	 | 	Train Accuracy     : 0.9464
Valid Loss     : 1.2315	 | 	Valid Accuracy     : 0.5947

Epoch : 11
Train Loss     : 0.1736	 | 	Train Accuracy     : 0.9537
Valid Loss     : 1.2187	 | 	Valid Accuracy     : 0.5684

Epoch : 12
Train Loss     : 0.1595	 | 	Train Accuracy     : 0.9526
Valid Loss     : 1.2203	 | 	Valid Accuracy     : 0.5737

Epoch : 13
Train Loss     : 0.1355	 | 	Train Accuracy     : 0.9576
Valid Loss     : 1.2427	 | 	Valid Accuracy     : 0.5762

Epoch : 14
Train Loss     : 0.1331	 | 	Train Accuracy     : 0.9559
Valid Loss     : 1.2323	 | 	Valid Accuracy     : 0.5854

Epoch : 15
Train Loss     : 0.1186	 | 	Train Accuracy     : 0.9648
Valid Loss     : 1.2501	 | 	Valid Accuracy     : 0.6016

Epoch : 16
Train Loss     : 0.1201	 | 	Train Accuracy     : 0.9676
Valid Loss     : 1.2606	 | 	Valid Accuracy     : 0.5962

Epoch : 17
Train Loss     : 0.1136	 | 	Train Accuracy     : 0.9643
Valid Loss     : 1.2853	 | 	Valid Accuracy     : 0.5957

Epoch : 18
Train Loss     : 0.1112	 | 	Train Accuracy     : 0.9682
Valid Loss     : 1.2618	 | 	Valid Accuracy     : 0.5952

Epoch : 19
Train Loss     : 0.1046	 | 	Train Accuracy     : 0.9688
Valid Loss     : 1.4331	 | 	Valid Accuracy     : 0.5874

Epoch : 20
Train Loss     : 0.1050	 | 	Train Accuracy     : 0.9704
Valid Loss     : 1.3093	 | 	Valid Accuracy     : 0.5850

Epoch : 21
Train Loss     : 0.1051	 | 	Train Accuracy     : 0.9688
Valid Loss     : 1.2448	 | 	Valid Accuracy     : 0.5903

Epoch : 22
Train Loss     : 0.1049	 | 	Train Accuracy     : 0.9704
Valid Loss     : 1.2379	 | 	Valid Accuracy     : 0.5957

Epoch : 23
Train Loss     : 0.1029	 | 	Train Accuracy     : 0.9732
Valid Loss     : 1.2317	 | 	Valid Accuracy     : 0.5938

Epoch : 24
Train Loss     : 0.0999	 | 	Train Accuracy     : 0.9682
Valid Loss     : 1.2344	 | 	Valid Accuracy     : 0.5933

Epoch : 25
Train Loss     : 0.0917	 | 	Train Accuracy     : 0.9721
Valid Loss     : 1.3832	 | 	Valid Accuracy     : 0.5967

Epoch : 26
Train Loss     : 0.1025	 | 	Train Accuracy     : 0.9732
Valid Loss     : 1.2923	 | 	Valid Accuracy     : 0.5981

Epoch : 27
Train Loss     : 0.0961	 | 	Train Accuracy     : 0.9704
Valid Loss     : 1.2264	 | 	Valid Accuracy     : 0.5957

Epoch : 28
Train Loss     : 0.0945	 | 	Train Accuracy     : 0.9738
Valid Loss     : 1.3576	 | 	Valid Accuracy     : 0.5938

Epoch : 29
Train Loss     : 0.0987	 | 	Train Accuracy     : 0.9699
Valid Loss     : 1.2605	 | 	Valid Accuracy     : 0.5942

Epoch : 30
Train Loss     : 0.1017	 | 	Train Accuracy     : 0.9693
Valid Loss     : 1.2098	 | 	Valid Accuracy     : 0.5967

Evaluate on the Test set:
Test loss      :1.2769	 | Test Accuracy      : 0.6664 | Test AUPRC      : 0.5569
tensor([0.9244, 0.9203, 0.9146, 0.9414, 0.9724, 0.9537, 0.9819, 0.9711, 0.9213,
        0.9262, 0.9330, 0.9293, 0.9323, 0.9381, 0.9447, 0.9191, 0.9202, 0.9199,
        0.9265, 0.9250, 0.9159, 0.9551, 0.9582, 0.9564, 0.9776, 0.9257, 0.9537,
        0.9233, 0.9185, 0.9197, 0.9606, 0.9911, 1.0425, 0.9287, 0.9257, 0.9185,
        0.9361, 0.9186, 0.9172, 0.9288, 0.9891, 0.9195, 0.9330, 0.9190, 0.9220,
        0.9145, 0.9159, 0.9300, 0.9304, 0.9334, 0.9485, 0.9452, 0.9209, 0.9244,
        0.9242, 0.9373, 0.9433, 0.9477, 0.9216, 0.9213, 0.9466, 0.9658],
       device='cuda:0', grad_fn=<SqueezeBackward1>)

################## Training is Done! #########################
Training time is : 0:00:59.362767
