=============================================
Dataset: SEED
Method:  TS-TCC
Mode:    supervised
=============================================
Data loaded ...
Subjet 11
if scale True
Training started ....

Epoch : 1
Train Loss     : 0.9724	 | 	Train Accuracy     : 0.5695
Valid Loss     : 0.7295	 | 	Valid Accuracy     : 0.7207

Epoch : 2
Train Loss     : 0.5090	 | 	Train Accuracy     : 0.8029
Valid Loss     : 0.6603	 | 	Valid Accuracy     : 0.6914

Epoch : 3
Train Loss     : 0.3945	 | 	Train Accuracy     : 0.8404
Valid Loss     : 0.6915	 | 	Valid Accuracy     : 0.6797

Epoch : 4
Train Loss     : 0.3376	 | 	Train Accuracy     : 0.8682
Valid Loss     : 0.7336	 | 	Valid Accuracy     : 0.6816

Epoch : 5
Train Loss     : 0.3074	 | 	Train Accuracy     : 0.8799
Valid Loss     : 0.8033	 | 	Valid Accuracy     : 0.6826

Epoch : 6
Train Loss     : 0.2899	 | 	Train Accuracy     : 0.8852
Valid Loss     : 0.5616	 | 	Valid Accuracy     : 0.7534

Epoch : 7
Train Loss     : 0.2532	 | 	Train Accuracy     : 0.9057
Valid Loss     : 0.8355	 | 	Valid Accuracy     : 0.6865

Epoch : 8
Train Loss     : 0.2422	 | 	Train Accuracy     : 0.9099
Valid Loss     : 0.7071	 | 	Valid Accuracy     : 0.7271

Epoch : 9
Train Loss     : 0.2272	 | 	Train Accuracy     : 0.9159
Valid Loss     : 0.4822	 | 	Valid Accuracy     : 0.8027

Epoch : 10
Train Loss     : 0.1992	 | 	Train Accuracy     : 0.9289
Valid Loss     : 0.5629	 | 	Valid Accuracy     : 0.7759

Epoch : 11
Train Loss     : 0.1929	 | 	Train Accuracy     : 0.9352
Valid Loss     : 0.7226	 | 	Valid Accuracy     : 0.7407

Epoch : 12
Train Loss     : 0.1831	 | 	Train Accuracy     : 0.9339
Valid Loss     : 0.5954	 | 	Valid Accuracy     : 0.7817

Epoch : 13
Train Loss     : 0.1599	 | 	Train Accuracy     : 0.9456
Valid Loss     : 0.6492	 | 	Valid Accuracy     : 0.7520

Epoch : 14
Train Loss     : 0.1602	 | 	Train Accuracy     : 0.9440
Valid Loss     : 0.6771	 | 	Valid Accuracy     : 0.7646

Epoch : 15
Train Loss     : 0.1804	 | 	Train Accuracy     : 0.9357
Valid Loss     : 0.5596	 | 	Valid Accuracy     : 0.7896

Epoch : 16
Train Loss     : 0.1570	 | 	Train Accuracy     : 0.9438
Valid Loss     : 0.5605	 | 	Valid Accuracy     : 0.7920

Epoch : 17
Train Loss     : 0.1381	 | 	Train Accuracy     : 0.9531
Valid Loss     : 0.6614	 | 	Valid Accuracy     : 0.7627

Epoch : 18
Train Loss     : 0.1119	 | 	Train Accuracy     : 0.9659
Valid Loss     : 0.5411	 | 	Valid Accuracy     : 0.8008

Epoch : 19
Train Loss     : 0.1163	 | 	Train Accuracy     : 0.9596
Valid Loss     : 0.7349	 | 	Valid Accuracy     : 0.7520

Epoch : 20
Train Loss     : 0.1029	 | 	Train Accuracy     : 0.9690
Valid Loss     : 0.5422	 | 	Valid Accuracy     : 0.7935

Epoch : 21
Train Loss     : 0.0895	 | 	Train Accuracy     : 0.9786
Valid Loss     : 0.4506	 | 	Valid Accuracy     : 0.8252

Epoch : 22
Train Loss     : 0.0810	 | 	Train Accuracy     : 0.9812
Valid Loss     : 0.4725	 | 	Valid Accuracy     : 0.8218

Epoch : 23
Train Loss     : 0.0782	 | 	Train Accuracy     : 0.9841
Valid Loss     : 0.4832	 | 	Valid Accuracy     : 0.8149

Epoch : 24
Train Loss     : 0.0731	 | 	Train Accuracy     : 0.9867
Valid Loss     : 0.4612	 | 	Valid Accuracy     : 0.8218

Epoch : 25
Train Loss     : 0.0733	 | 	Train Accuracy     : 0.9849
Valid Loss     : 0.4842	 | 	Valid Accuracy     : 0.8174

Epoch : 26
Train Loss     : 0.0728	 | 	Train Accuracy     : 0.9849
Valid Loss     : 0.4814	 | 	Valid Accuracy     : 0.8184

Epoch : 27
Train Loss     : 0.0696	 | 	Train Accuracy     : 0.9854
Valid Loss     : 0.4644	 | 	Valid Accuracy     : 0.8203

Epoch : 28
Train Loss     : 0.0705	 | 	Train Accuracy     : 0.9841
Valid Loss     : 0.5030	 | 	Valid Accuracy     : 0.8140

Epoch : 29
Train Loss     : 0.0646	 | 	Train Accuracy     : 0.9865
Valid Loss     : 0.4764	 | 	Valid Accuracy     : 0.8159

Epoch : 30
Train Loss     : 0.0664	 | 	Train Accuracy     : 0.9875
Valid Loss     : 0.4937	 | 	Valid Accuracy     : 0.8149

Evaluate on the Test set:
Test loss      :0.8483	 | Test Accuracy      : 0.7989 | Test AUPRC      : 0.5709
tensor([0.8773, 0.8482, 0.8416, 0.8360, 0.9117, 0.8475, 0.8581, 0.7858, 0.8418,
        0.7765, 0.7947, 0.7892, 0.8366, 0.8333, 0.8567, 0.8920, 0.8397, 0.7562,
        0.7351, 0.7907, 0.8702, 0.9225, 1.0200, 0.8831, 0.8308, 0.7687, 0.7591,
        0.8280, 0.7705, 0.8903, 0.9107, 0.9421, 0.8693, 0.8500, 0.8589, 0.7530,
        0.7634, 0.8259, 0.7982, 0.8065, 0.8761, 0.8363, 0.7605, 0.7296, 0.8288,
        0.7694, 0.7973, 0.7777, 0.8589, 0.8093, 0.8679, 0.8814, 0.7546, 0.8643,
        0.8227, 0.8494, 0.7427, 0.8972, 0.8575, 0.7904, 0.8124, 0.8308],
       device='cuda:0', grad_fn=<SqueezeBackward1>)

################## Training is Done! #########################
Training time is : 0:01:37.438188
