=============================================
Dataset: SEED
Method:  TS-TCC
Mode:    supervised
=============================================
Data loaded ...
Subjet 10
if scale True
Training started ....

Epoch : 1
Train Loss     : 1.2332	 | 	Train Accuracy     : 0.4669
Valid Loss     : 1.0283	 | 	Valid Accuracy     : 0.4888

Epoch : 2
Train Loss     : 0.7337	 | 	Train Accuracy     : 0.6766
Valid Loss     : 1.3169	 | 	Valid Accuracy     : 0.3950

Epoch : 3
Train Loss     : 0.5669	 | 	Train Accuracy     : 0.7648
Valid Loss     : 1.8589	 | 	Valid Accuracy     : 0.3770

Epoch : 4
Train Loss     : 0.4723	 | 	Train Accuracy     : 0.8115
Valid Loss     : 2.2000	 | 	Valid Accuracy     : 0.3633

Epoch : 5
Train Loss     : 0.4322	 | 	Train Accuracy     : 0.8378
Valid Loss     : 2.2622	 | 	Valid Accuracy     : 0.4287

Epoch : 6
Train Loss     : 0.3939	 | 	Train Accuracy     : 0.8424
Valid Loss     : 2.3419	 | 	Valid Accuracy     : 0.4189

Epoch : 7
Train Loss     : 0.3538	 | 	Train Accuracy     : 0.8646
Valid Loss     : 2.3266	 | 	Valid Accuracy     : 0.4692

Epoch : 8
Train Loss     : 0.3657	 | 	Train Accuracy     : 0.8497
Valid Loss     : 2.2011	 | 	Valid Accuracy     : 0.4399

Epoch : 9
Train Loss     : 0.3095	 | 	Train Accuracy     : 0.8810
Valid Loss     : 2.4113	 | 	Valid Accuracy     : 0.4492

Epoch : 10
Train Loss     : 0.2904	 | 	Train Accuracy     : 0.8870
Valid Loss     : 2.4280	 | 	Valid Accuracy     : 0.4517

Epoch : 11
Train Loss     : 0.2605	 | 	Train Accuracy     : 0.9042
Valid Loss     : 2.4582	 | 	Valid Accuracy     : 0.4795

Epoch : 12
Train Loss     : 0.2473	 | 	Train Accuracy     : 0.9096
Valid Loss     : 2.5738	 | 	Valid Accuracy     : 0.4658

Epoch : 13
Train Loss     : 0.2254	 | 	Train Accuracy     : 0.9234
Valid Loss     : 2.6997	 | 	Valid Accuracy     : 0.4712

Epoch : 14
Train Loss     : 0.2161	 | 	Train Accuracy     : 0.9227
Valid Loss     : 2.6538	 | 	Valid Accuracy     : 0.4829

Epoch : 15
Train Loss     : 0.2029	 | 	Train Accuracy     : 0.9305
Valid Loss     : 2.5371	 | 	Valid Accuracy     : 0.4834

Epoch : 16
Train Loss     : 0.2014	 | 	Train Accuracy     : 0.9286
Valid Loss     : 2.5245	 | 	Valid Accuracy     : 0.4746

Epoch : 17
Train Loss     : 0.1949	 | 	Train Accuracy     : 0.9411
Valid Loss     : 2.6837	 | 	Valid Accuracy     : 0.4819

Epoch : 18
Train Loss     : 0.1933	 | 	Train Accuracy     : 0.9339
Valid Loss     : 2.5783	 | 	Valid Accuracy     : 0.4819

Epoch : 19
Train Loss     : 0.1748	 | 	Train Accuracy     : 0.9414
Valid Loss     : 2.9120	 | 	Valid Accuracy     : 0.4683

Epoch : 20
Train Loss     : 0.1858	 | 	Train Accuracy     : 0.9411
Valid Loss     : 2.7412	 | 	Valid Accuracy     : 0.4741

Epoch : 21
Train Loss     : 0.1686	 | 	Train Accuracy     : 0.9438
Valid Loss     : 2.9727	 | 	Valid Accuracy     : 0.4507

Epoch : 22
Train Loss     : 0.1816	 | 	Train Accuracy     : 0.9411
Valid Loss     : 2.7078	 | 	Valid Accuracy     : 0.4893

Epoch : 23
Train Loss     : 0.1799	 | 	Train Accuracy     : 0.9432
Valid Loss     : 2.7244	 | 	Valid Accuracy     : 0.4810

Epoch : 24
Train Loss     : 0.1804	 | 	Train Accuracy     : 0.9401
Valid Loss     : 2.6881	 | 	Valid Accuracy     : 0.4810

Epoch : 25
Train Loss     : 0.1730	 | 	Train Accuracy     : 0.9471
Valid Loss     : 2.7923	 | 	Valid Accuracy     : 0.4751

Epoch : 26
Train Loss     : 0.1750	 | 	Train Accuracy     : 0.9451
Valid Loss     : 2.6709	 | 	Valid Accuracy     : 0.4785

Epoch : 27
Train Loss     : 0.1795	 | 	Train Accuracy     : 0.9406
Valid Loss     : 2.7624	 | 	Valid Accuracy     : 0.4800

Epoch : 28
Train Loss     : 0.1698	 | 	Train Accuracy     : 0.9469
Valid Loss     : 2.8725	 | 	Valid Accuracy     : 0.4775

Epoch : 29
Train Loss     : 0.1700	 | 	Train Accuracy     : 0.9484
Valid Loss     : 2.7826	 | 	Valid Accuracy     : 0.4785

Epoch : 30
Train Loss     : 0.1748	 | 	Train Accuracy     : 0.9484
Valid Loss     : 2.6726	 | 	Valid Accuracy     : 0.4800

Evaluate on the Test set:
Test loss      :2.5973	 | Test Accuracy      : 0.4372 | Test AUPRC      : 0.4402
tensor([0.9127, 0.9942, 0.8487, 0.9070, 0.8765, 0.9524, 0.9090, 0.8781, 0.9134,
        0.8512, 0.8526, 0.8734, 0.8853, 0.9397, 0.9834, 0.8789, 0.8663, 0.8753,
        0.8519, 0.8443, 0.8480, 0.9614, 1.0046, 0.8603, 0.9651, 0.8587, 0.8706,
        0.8898, 0.8368, 0.8485, 0.8656, 0.9690, 0.8829, 0.8680, 0.8855, 0.8617,
        0.9086, 0.8618, 0.8504, 0.8670, 0.9294, 0.9152, 0.8436, 0.8566, 0.9299,
        0.8462, 0.8498, 0.8580, 0.8837, 0.8698, 0.8667, 0.8530, 0.8531, 0.8700,
        0.8673, 0.8575, 0.8576, 0.8963, 0.8599, 0.9570, 0.8558, 0.8581],
       device='cuda:0', grad_fn=<SqueezeBackward1>)

################## Training is Done! #########################
Training time is : 0:01:37.070365
