=============================================
Dataset: SEED
Method:  TS-TCC
Mode:    train_linear
=============================================
Data loaded ...
Subjet 15
if scale True
Training started ....

Epoch : 1
Train Loss     : 1.2945	 | 	Train Accuracy     : 0.4467
Valid Loss     : 0.8892	 | 	Valid Accuracy     : 0.5039

Epoch : 2
Train Loss     : 0.7712	 | 	Train Accuracy     : 0.5793
Valid Loss     : 0.6947	 | 	Valid Accuracy     : 0.6437

Epoch : 3
Train Loss     : 0.3641	 | 	Train Accuracy     : 0.8991
Valid Loss     : 0.9293	 | 	Valid Accuracy     : 0.5586

Epoch : 4
Train Loss     : 0.2489	 | 	Train Accuracy     : 0.9339
Valid Loss     : 0.5010	 | 	Valid Accuracy     : 0.8279

Epoch : 5
Train Loss     : 0.1756	 | 	Train Accuracy     : 0.9549
Valid Loss     : 0.5743	 | 	Valid Accuracy     : 0.8166

Epoch : 6
Train Loss     : 0.1600	 | 	Train Accuracy     : 0.9540
Valid Loss     : 0.6717	 | 	Valid Accuracy     : 0.7971

Epoch : 7
Train Loss     : 0.1071	 | 	Train Accuracy     : 0.9780
Valid Loss     : 0.7874	 | 	Valid Accuracy     : 0.8375

Epoch : 8
Train Loss     : 0.0914	 | 	Train Accuracy     : 0.9761
Valid Loss     : 0.7739	 | 	Valid Accuracy     : 0.8678

Epoch : 9
Train Loss     : 0.0907	 | 	Train Accuracy     : 0.9694
Valid Loss     : 1.1577	 | 	Valid Accuracy     : 0.8519

Epoch : 10
Train Loss     : 0.0705	 | 	Train Accuracy     : 0.9798
Valid Loss     : 1.4488	 | 	Valid Accuracy     : 0.8079

Epoch : 11
Train Loss     : 0.0594	 | 	Train Accuracy     : 0.9896
Valid Loss     : 1.8095	 | 	Valid Accuracy     : 0.7807

Epoch : 12
Train Loss     : 0.0598	 | 	Train Accuracy     : 0.9888
Valid Loss     : 2.1328	 | 	Valid Accuracy     : 0.7911

Epoch : 13
Train Loss     : 0.0528	 | 	Train Accuracy     : 0.9873
Valid Loss     : 2.8905	 | 	Valid Accuracy     : 0.7956

Epoch : 14
Train Loss     : 0.0455	 | 	Train Accuracy     : 0.9909
Valid Loss     : 2.5000	 | 	Valid Accuracy     : 0.7926

Epoch : 15
Train Loss     : 0.0387	 | 	Train Accuracy     : 0.9940
Valid Loss     : 2.7122	 | 	Valid Accuracy     : 0.7937

Epoch : 16
Train Loss     : 0.0433	 | 	Train Accuracy     : 0.9912
Valid Loss     : 3.0132	 | 	Valid Accuracy     : 0.7890

Epoch : 17
Train Loss     : 0.0402	 | 	Train Accuracy     : 0.9920
Valid Loss     : 3.2662	 | 	Valid Accuracy     : 0.7815

Epoch : 18
Train Loss     : 0.0434	 | 	Train Accuracy     : 0.9927
Valid Loss     : 3.7274	 | 	Valid Accuracy     : 0.7810

Epoch : 19
Train Loss     : 0.0384	 | 	Train Accuracy     : 0.9920
Valid Loss     : 3.6755	 | 	Valid Accuracy     : 0.7940

Epoch : 20
Train Loss     : 0.0372	 | 	Train Accuracy     : 0.9948
Valid Loss     : 3.8142	 | 	Valid Accuracy     : 0.7983

Epoch : 21
Train Loss     : 0.0359	 | 	Train Accuracy     : 0.9933
Valid Loss     : 3.9704	 | 	Valid Accuracy     : 0.8022

Epoch : 22
Train Loss     : 0.0397	 | 	Train Accuracy     : 0.9894
Valid Loss     : 4.7709	 | 	Valid Accuracy     : 0.8038

Epoch : 23
Train Loss     : 0.0344	 | 	Train Accuracy     : 0.9948
Valid Loss     : 4.1250	 | 	Valid Accuracy     : 0.8103

Epoch : 24
Train Loss     : 0.0369	 | 	Train Accuracy     : 0.9961
Valid Loss     : 4.1116	 | 	Valid Accuracy     : 0.8179

Epoch : 25
Train Loss     : 0.0374	 | 	Train Accuracy     : 0.9920
Valid Loss     : 4.1372	 | 	Valid Accuracy     : 0.8321

Epoch : 26
Train Loss     : 0.0350	 | 	Train Accuracy     : 0.9948
Valid Loss     : 4.2102	 | 	Valid Accuracy     : 0.8303

Epoch : 27
Train Loss     : 0.0348	 | 	Train Accuracy     : 0.9948
Valid Loss     : 4.4409	 | 	Valid Accuracy     : 0.8325

Epoch : 28
Train Loss     : 0.0364	 | 	Train Accuracy     : 0.9940
Valid Loss     : 4.5758	 | 	Valid Accuracy     : 0.8240

Epoch : 29
Train Loss     : 0.0375	 | 	Train Accuracy     : 0.9953
Valid Loss     : 6.2194	 | 	Valid Accuracy     : 0.8330

Epoch : 30
Train Loss     : 0.0415	 | 	Train Accuracy     : 0.9933
Valid Loss     : 4.2491	 | 	Valid Accuracy     : 0.8343

Evaluate on the Test set:
Test loss      :114.3841	 | Test Accuracy      : 0.5509 | Test AUPRC      : 0.4882
tensor([0.9676, 0.9644, 0.9676, 1.0100, 0.9622, 0.9621, 0.9881, 0.9633, 0.9717,
        0.9658, 0.9622, 0.9731, 0.9958, 0.9734, 0.9834, 0.9587, 0.9613, 0.9753,
        0.9610, 0.9969, 0.9611, 0.9728, 0.9643, 1.0117, 0.9937, 0.9641, 0.9772,
        0.9639, 0.9741, 0.9676, 0.9921, 1.0099, 0.9835, 0.9607, 0.9619, 0.9807,
        0.9730, 0.9657, 0.9643, 1.0175, 0.9977, 0.9853, 0.9682, 0.9917, 0.9732,
        0.9663, 0.9611, 0.9621, 0.9644, 0.9600, 0.9587, 0.9634, 0.9613, 0.9678,
        0.9662, 0.9518, 0.9595, 0.9917, 0.9876, 0.9623, 0.9714, 0.9708],
       device='cuda:0', grad_fn=<SqueezeBackward1>)

################## Training is Done! #########################
Training time is : 0:00:37.258194
