=============================================
Dataset: SEED
Method:  TS-TCC
Mode:    train_linear
=============================================
Data loaded ...
Subjet 8
if scale True
Training started ....

Epoch : 1
Train Loss     : 0.8376	 | 	Train Accuracy     : 0.6076
Valid Loss     : 0.4993	 | 	Valid Accuracy     : 0.7974

Epoch : 2
Train Loss     : 0.4432	 | 	Train Accuracy     : 0.8186
Valid Loss     : 0.5472	 | 	Valid Accuracy     : 0.7175

Epoch : 3
Train Loss     : 0.3698	 | 	Train Accuracy     : 0.8553
Valid Loss     : 0.6106	 | 	Valid Accuracy     : 0.6968

Epoch : 4
Train Loss     : 0.3727	 | 	Train Accuracy     : 0.8504
Valid Loss     : 0.5028	 | 	Valid Accuracy     : 0.7560

Epoch : 5
Train Loss     : 0.3448	 | 	Train Accuracy     : 0.8623
Valid Loss     : 0.5356	 | 	Valid Accuracy     : 0.7486

Epoch : 6
Train Loss     : 0.3222	 | 	Train Accuracy     : 0.8693
Valid Loss     : 0.4557	 | 	Valid Accuracy     : 0.7943

Epoch : 7
Train Loss     : 0.3320	 | 	Train Accuracy     : 0.8650
Valid Loss     : 0.4893	 | 	Valid Accuracy     : 0.7708

Epoch : 8
Train Loss     : 0.3106	 | 	Train Accuracy     : 0.8777
Valid Loss     : 0.4884	 | 	Valid Accuracy     : 0.7687

Epoch : 9
Train Loss     : 0.3140	 | 	Train Accuracy     : 0.8779
Valid Loss     : 0.4474	 | 	Valid Accuracy     : 0.7966

Epoch : 10
Train Loss     : 0.3097	 | 	Train Accuracy     : 0.8773
Valid Loss     : 0.5202	 | 	Valid Accuracy     : 0.7612

Epoch : 11
Train Loss     : 0.2893	 | 	Train Accuracy     : 0.8868
Valid Loss     : 0.4682	 | 	Valid Accuracy     : 0.7804

Epoch : 12
Train Loss     : 0.2815	 | 	Train Accuracy     : 0.8894
Valid Loss     : 0.5202	 | 	Valid Accuracy     : 0.7596

Epoch : 13
Train Loss     : 0.3003	 | 	Train Accuracy     : 0.8790
Valid Loss     : 0.4481	 | 	Valid Accuracy     : 0.7963

Epoch : 14
Train Loss     : 0.3188	 | 	Train Accuracy     : 0.8648
Valid Loss     : 0.5845	 | 	Valid Accuracy     : 0.7486

Epoch : 15
Train Loss     : 0.3020	 | 	Train Accuracy     : 0.8775
Valid Loss     : 0.5143	 | 	Valid Accuracy     : 0.7679

Epoch : 16
Train Loss     : 0.2824	 | 	Train Accuracy     : 0.8853
Valid Loss     : 0.5663	 | 	Valid Accuracy     : 0.7572

Epoch : 17
Train Loss     : 0.2797	 | 	Train Accuracy     : 0.8919
Valid Loss     : 0.4685	 | 	Valid Accuracy     : 0.7861

Epoch : 18
Train Loss     : 0.2878	 | 	Train Accuracy     : 0.8892
Valid Loss     : 0.4972	 | 	Valid Accuracy     : 0.7767

Epoch : 19
Train Loss     : 0.2663	 | 	Train Accuracy     : 0.8958
Valid Loss     : 0.4641	 | 	Valid Accuracy     : 0.7896

Epoch : 20
Train Loss     : 0.2708	 | 	Train Accuracy     : 0.8935
Valid Loss     : 0.4680	 | 	Valid Accuracy     : 0.7916

Epoch : 21
Train Loss     : 0.2803	 | 	Train Accuracy     : 0.8855
Valid Loss     : 0.4735	 | 	Valid Accuracy     : 0.7869

Epoch : 22
Train Loss     : 0.2644	 | 	Train Accuracy     : 0.8962
Valid Loss     : 0.4831	 | 	Valid Accuracy     : 0.7796

Epoch : 23
Train Loss     : 0.2577	 | 	Train Accuracy     : 0.9013
Valid Loss     : 0.5329	 | 	Valid Accuracy     : 0.7599

Epoch : 24
Train Loss     : 0.2618	 | 	Train Accuracy     : 0.8960
Valid Loss     : 0.5529	 | 	Valid Accuracy     : 0.7594

Epoch : 25
Train Loss     : 0.2541	 | 	Train Accuracy     : 0.9042
Valid Loss     : 0.5061	 | 	Valid Accuracy     : 0.7742

Epoch : 26
Train Loss     : 0.2577	 | 	Train Accuracy     : 0.8997
Valid Loss     : 0.5095	 | 	Valid Accuracy     : 0.7719

Epoch : 27
Train Loss     : 0.2533	 | 	Train Accuracy     : 0.9009
Valid Loss     : 0.4888	 | 	Valid Accuracy     : 0.7777

Epoch : 28
Train Loss     : 0.2533	 | 	Train Accuracy     : 0.9040
Valid Loss     : 0.5006	 | 	Valid Accuracy     : 0.7745

Epoch : 29
Train Loss     : 0.2543	 | 	Train Accuracy     : 0.9065
Valid Loss     : 0.5103	 | 	Valid Accuracy     : 0.7680

Epoch : 30
Train Loss     : 0.2582	 | 	Train Accuracy     : 0.8979
Valid Loss     : 0.4896	 | 	Valid Accuracy     : 0.7825

Evaluate on the Test set:
Test loss      :0.7419	 | Test Accuracy      : 0.7007 | Test AUPRC      : 0.7284
tensor([0.7902, 0.7607, 0.9863, 0.9460, 0.9326, 0.8816, 0.9201, 0.6867, 0.8700,
        0.7980, 0.8422, 0.8340, 0.9029, 0.8992, 0.7962, 0.6602, 0.6826, 0.6800,
        0.7084, 0.8138, 0.9210, 0.8115, 0.7626, 0.9828, 0.9337, 0.8244, 0.8495,
        0.7178, 0.6827, 0.6774, 0.8177, 0.9712, 0.9026, 0.8102, 0.6433, 0.8250,
        0.7645, 0.7172, 0.8900, 0.8636, 0.9428, 0.8731, 0.8062, 0.8595, 0.8205,
        0.7803, 0.8251, 0.7655, 0.7210, 0.7974, 0.7571, 0.8329, 0.7165, 0.8137,
        0.7334, 0.6225, 0.7109, 0.7485, 0.8763, 0.8594, 0.8716, 0.7321],
       device='cuda:0', grad_fn=<SqueezeBackward1>)

################## Training is Done! #########################
Training time is : 0:01:59.210496
