=============================================
Dataset: SEED
Method:  TS-TCC
Mode:    train_linear
=============================================
Data loaded ...
Subjet 1
if scale True
Training started ....

Epoch : 1
Train Loss     : 1.0536	 | 	Train Accuracy     : 0.5122
Valid Loss     : 2.5849	 | 	Valid Accuracy     : 0.3284

Epoch : 2
Train Loss     : 0.6920	 | 	Train Accuracy     : 0.7169
Valid Loss     : 1.7356	 | 	Valid Accuracy     : 0.3789

Epoch : 3
Train Loss     : 0.6326	 | 	Train Accuracy     : 0.7273
Valid Loss     : 1.0625	 | 	Valid Accuracy     : 0.5532

Epoch : 4
Train Loss     : 0.6448	 | 	Train Accuracy     : 0.7154
Valid Loss     : 1.2515	 | 	Valid Accuracy     : 0.5528

Epoch : 5
Train Loss     : 0.6333	 | 	Train Accuracy     : 0.7123
Valid Loss     : 1.1827	 | 	Valid Accuracy     : 0.5666

Epoch : 6
Train Loss     : 0.5500	 | 	Train Accuracy     : 0.7643
Valid Loss     : 1.0947	 | 	Valid Accuracy     : 0.5796

Epoch : 7
Train Loss     : 0.5494	 | 	Train Accuracy     : 0.7698
Valid Loss     : 1.1396	 | 	Valid Accuracy     : 0.5653

Epoch : 8
Train Loss     : 0.5342	 | 	Train Accuracy     : 0.7784
Valid Loss     : 1.0639	 | 	Valid Accuracy     : 0.5709

Epoch : 9
Train Loss     : 0.5307	 | 	Train Accuracy     : 0.7828
Valid Loss     : 1.0708	 | 	Valid Accuracy     : 0.5642

Epoch : 10
Train Loss     : 0.5196	 | 	Train Accuracy     : 0.7923
Valid Loss     : 1.1238	 | 	Valid Accuracy     : 0.5657

Epoch : 11
Train Loss     : 0.5256	 | 	Train Accuracy     : 0.7867
Valid Loss     : 1.1938	 | 	Valid Accuracy     : 0.5614

Epoch : 12
Train Loss     : 0.5100	 | 	Train Accuracy     : 0.7902
Valid Loss     : 1.2321	 | 	Valid Accuracy     : 0.5636

Epoch : 13
Train Loss     : 0.5031	 | 	Train Accuracy     : 0.7972
Valid Loss     : 1.1622	 | 	Valid Accuracy     : 0.5834

Epoch : 14
Train Loss     : 0.5218	 | 	Train Accuracy     : 0.7839
Valid Loss     : 1.1386	 | 	Valid Accuracy     : 0.5709

Epoch : 15
Train Loss     : 0.4703	 | 	Train Accuracy     : 0.8090
Valid Loss     : 1.1612	 | 	Valid Accuracy     : 0.5801

Epoch : 16
Train Loss     : 0.4613	 | 	Train Accuracy     : 0.8183
Valid Loss     : 1.2396	 | 	Valid Accuracy     : 0.5756

Epoch : 17
Train Loss     : 0.4724	 | 	Train Accuracy     : 0.8171
Valid Loss     : 1.1357	 | 	Valid Accuracy     : 0.5814

Epoch : 18
Train Loss     : 0.4711	 | 	Train Accuracy     : 0.8093
Valid Loss     : 1.1325	 | 	Valid Accuracy     : 0.5818

Epoch : 19
Train Loss     : 0.4617	 | 	Train Accuracy     : 0.8120
Valid Loss     : 1.1317	 | 	Valid Accuracy     : 0.5762

Epoch : 20
Train Loss     : 0.4646	 | 	Train Accuracy     : 0.8225
Valid Loss     : 1.1896	 | 	Valid Accuracy     : 0.5838

Epoch : 21
Train Loss     : 0.4679	 | 	Train Accuracy     : 0.8130
Valid Loss     : 1.1585	 | 	Valid Accuracy     : 0.5803

Epoch : 22
Train Loss     : 0.4684	 | 	Train Accuracy     : 0.8115
Valid Loss     : 1.1994	 | 	Valid Accuracy     : 0.5794

Epoch : 23
Train Loss     : 0.4603	 | 	Train Accuracy     : 0.8215
Valid Loss     : 1.1555	 | 	Valid Accuracy     : 0.5610

Epoch : 24
Train Loss     : 0.4676	 | 	Train Accuracy     : 0.8117
Valid Loss     : 1.1237	 | 	Valid Accuracy     : 0.5808

Epoch : 25
Train Loss     : 0.4739	 | 	Train Accuracy     : 0.8118
Valid Loss     : 1.1567	 | 	Valid Accuracy     : 0.5677

Epoch : 26
Train Loss     : 0.4595	 | 	Train Accuracy     : 0.8204
Valid Loss     : 1.1429	 | 	Valid Accuracy     : 0.5808

Epoch : 27
Train Loss     : 0.4585	 | 	Train Accuracy     : 0.8247
Valid Loss     : 1.1696	 | 	Valid Accuracy     : 0.5819

Epoch : 28
Train Loss     : 0.4611	 | 	Train Accuracy     : 0.8191
Valid Loss     : 1.1648	 | 	Valid Accuracy     : 0.5758

Epoch : 29
Train Loss     : 0.4642	 | 	Train Accuracy     : 0.8141
Valid Loss     : 1.1508	 | 	Valid Accuracy     : 0.5789

Epoch : 30
Train Loss     : 0.4611	 | 	Train Accuracy     : 0.8212
Valid Loss     : 1.1409	 | 	Valid Accuracy     : 0.5786

Evaluate on the Test set:
Test loss      :1.0622	 | Test Accuracy      : 0.5174 | Test AUPRC      : 0.5865
tensor([0.8598, 0.8405, 0.9012, 0.9655, 0.8846, 0.9437, 0.9337, 0.8436, 0.8688,
        0.8241, 0.8444, 0.8354, 0.9522, 0.9054, 0.9222, 0.8376, 0.8348, 0.8568,
        0.7832, 0.8915, 0.8582, 0.8770, 0.8196, 0.9873, 0.9638, 0.9364, 0.8810,
        0.8667, 0.8792, 0.8351, 0.8509, 0.9670, 0.9417, 0.8190, 0.7983, 0.8756,
        0.8976, 0.8320, 0.8575, 0.8736, 0.9566, 0.9101, 0.8140, 0.9659, 0.9470,
        0.8605, 0.8583, 0.8884, 0.8557, 0.9793, 0.7987, 0.8254, 0.8400, 0.8771,
        0.8416, 0.8947, 0.8685, 0.9610, 0.9476, 0.8452, 0.9089, 0.8718],
       device='cuda:0', grad_fn=<SqueezeBackward1>)

################## Training is Done! #########################
Training time is : 0:01:48.293450
