=============================================
Dataset: SEED
Method:  TS-TCC
Mode:    train_linear
=============================================
Data loaded ...
Subjet 5
if scale True
Training started ....

Epoch : 1
Train Loss     : 1.2106	 | 	Train Accuracy     : 0.4562
Valid Loss     : 1.5369	 | 	Valid Accuracy     : 0.3066

Epoch : 2
Train Loss     : 0.6839	 | 	Train Accuracy     : 0.7033
Valid Loss     : 1.5872	 | 	Valid Accuracy     : 0.3707

Epoch : 3
Train Loss     : 0.5351	 | 	Train Accuracy     : 0.7672
Valid Loss     : 2.3453	 | 	Valid Accuracy     : 0.4534

Epoch : 4
Train Loss     : 0.4723	 | 	Train Accuracy     : 0.8125
Valid Loss     : 2.2539	 | 	Valid Accuracy     : 0.4211

Epoch : 5
Train Loss     : 0.4105	 | 	Train Accuracy     : 0.8445
Valid Loss     : 2.2834	 | 	Valid Accuracy     : 0.4593

Epoch : 6
Train Loss     : 0.3820	 | 	Train Accuracy     : 0.8540
Valid Loss     : 2.3652	 | 	Valid Accuracy     : 0.4251

Epoch : 7
Train Loss     : 0.3479	 | 	Train Accuracy     : 0.8750
Valid Loss     : 2.2908	 | 	Valid Accuracy     : 0.4198

Epoch : 8
Train Loss     : 0.3344	 | 	Train Accuracy     : 0.8769
Valid Loss     : 2.3605	 | 	Valid Accuracy     : 0.4287

Epoch : 9
Train Loss     : 0.3203	 | 	Train Accuracy     : 0.8850
Valid Loss     : 2.5969	 | 	Valid Accuracy     : 0.4665

Epoch : 10
Train Loss     : 0.3205	 | 	Train Accuracy     : 0.8848
Valid Loss     : 2.7532	 | 	Valid Accuracy     : 0.4776

Epoch : 11
Train Loss     : 0.3182	 | 	Train Accuracy     : 0.8784
Valid Loss     : 3.0684	 | 	Valid Accuracy     : 0.4664

Epoch : 12
Train Loss     : 0.3184	 | 	Train Accuracy     : 0.8747
Valid Loss     : 3.4170	 | 	Valid Accuracy     : 0.4797

Epoch : 13
Train Loss     : 0.3002	 | 	Train Accuracy     : 0.8877
Valid Loss     : 3.2634	 | 	Valid Accuracy     : 0.4738

Epoch : 14
Train Loss     : 0.2638	 | 	Train Accuracy     : 0.9055
Valid Loss     : 3.1055	 | 	Valid Accuracy     : 0.4668

Epoch : 15
Train Loss     : 0.2685	 | 	Train Accuracy     : 0.9005
Valid Loss     : 3.2498	 | 	Valid Accuracy     : 0.4736

Epoch : 16
Train Loss     : 0.2664	 | 	Train Accuracy     : 0.9077
Valid Loss     : 3.2648	 | 	Valid Accuracy     : 0.4752

Epoch : 17
Train Loss     : 0.2600	 | 	Train Accuracy     : 0.9111
Valid Loss     : 3.2179	 | 	Valid Accuracy     : 0.4743

Epoch : 18
Train Loss     : 0.2651	 | 	Train Accuracy     : 0.9114
Valid Loss     : 3.2002	 | 	Valid Accuracy     : 0.4813

Epoch : 19
Train Loss     : 0.2634	 | 	Train Accuracy     : 0.9111
Valid Loss     : 3.1787	 | 	Valid Accuracy     : 0.4710

Epoch : 20
Train Loss     : 0.2573	 | 	Train Accuracy     : 0.9055
Valid Loss     : 3.2926	 | 	Valid Accuracy     : 0.4801

Epoch : 21
Train Loss     : 0.2550	 | 	Train Accuracy     : 0.9165
Valid Loss     : 3.2188	 | 	Valid Accuracy     : 0.4687

Epoch : 22
Train Loss     : 0.2563	 | 	Train Accuracy     : 0.9116
Valid Loss     : 3.2349	 | 	Valid Accuracy     : 0.4726

Epoch : 23
Train Loss     : 0.2589	 | 	Train Accuracy     : 0.9152
Valid Loss     : 3.2639	 | 	Valid Accuracy     : 0.4729

Epoch : 24
Train Loss     : 0.2547	 | 	Train Accuracy     : 0.9097
Valid Loss     : 3.2823	 | 	Valid Accuracy     : 0.4724

Epoch : 25
Train Loss     : 0.2625	 | 	Train Accuracy     : 0.9021
Valid Loss     : 3.2785	 | 	Valid Accuracy     : 0.4769

Epoch : 26
Train Loss     : 0.2541	 | 	Train Accuracy     : 0.9142
Valid Loss     : 3.3049	 | 	Valid Accuracy     : 0.4721

Epoch : 27
Train Loss     : 0.2524	 | 	Train Accuracy     : 0.9198
Valid Loss     : 3.3102	 | 	Valid Accuracy     : 0.4712

Epoch : 28
Train Loss     : 0.2594	 | 	Train Accuracy     : 0.9058
Valid Loss     : 3.3022	 | 	Valid Accuracy     : 0.4716

Epoch : 29
Train Loss     : 0.2602	 | 	Train Accuracy     : 0.9099
Valid Loss     : 3.3040	 | 	Valid Accuracy     : 0.4679

Epoch : 30
Train Loss     : 0.2559	 | 	Train Accuracy     : 0.9095
Valid Loss     : 3.2917	 | 	Valid Accuracy     : 0.4695

Evaluate on the Test set:
Test loss      :2.1357	 | Test Accuracy      : 0.5644 | Test AUPRC      : 0.5495
tensor([0.9446, 0.9453, 0.9778, 0.9555, 0.9369, 0.9761, 0.9651, 0.9349, 0.9504,
        0.9296, 0.9319, 0.9268, 0.9879, 0.9570, 0.9608, 0.9146, 0.9216, 0.9610,
        0.9149, 0.9486, 0.9281, 0.9694, 0.9437, 0.9789, 0.9367, 0.9341, 0.9428,
        0.9334, 0.9305, 0.9207, 0.9727, 1.0273, 1.0107, 0.9068, 0.9143, 0.9453,
        0.9513, 0.9238, 0.9139, 0.9727, 0.9894, 0.9775, 0.9168, 0.9930, 0.9461,
        0.9345, 0.9336, 0.9593, 0.9516, 0.9236, 0.9205, 0.9239, 0.9146, 0.9425,
        0.9278, 0.8962, 0.9249, 0.9492, 0.9603, 0.9295, 0.9448, 0.9333],
       device='cuda:0', grad_fn=<SqueezeBackward1>)

################## Training is Done! #########################
Training time is : 0:01:12.763393
