=============================================
Dataset: SEED
Method:  TS-TCC
Mode:    train_linear
=============================================
Data loaded ...
Subjet 11
if scale True
Training started ....

Epoch : 1
Train Loss     : 0.8531	 | 	Train Accuracy     : 0.6206
Valid Loss     : 1.0582	 | 	Valid Accuracy     : 0.5802

Epoch : 2
Train Loss     : 0.5094	 | 	Train Accuracy     : 0.7957
Valid Loss     : 0.6261	 | 	Valid Accuracy     : 0.7151

Epoch : 3
Train Loss     : 0.4458	 | 	Train Accuracy     : 0.8283
Valid Loss     : 0.5802	 | 	Valid Accuracy     : 0.7567

Epoch : 4
Train Loss     : 0.4170	 | 	Train Accuracy     : 0.8378
Valid Loss     : 0.5357	 | 	Valid Accuracy     : 0.7967

Epoch : 5
Train Loss     : 0.3960	 | 	Train Accuracy     : 0.8517
Valid Loss     : 0.4741	 | 	Valid Accuracy     : 0.8125

Epoch : 6
Train Loss     : 0.3910	 | 	Train Accuracy     : 0.8492
Valid Loss     : 0.4744	 | 	Valid Accuracy     : 0.8103

Epoch : 7
Train Loss     : 0.3865	 | 	Train Accuracy     : 0.8482
Valid Loss     : 0.5340	 | 	Valid Accuracy     : 0.7858

Epoch : 8
Train Loss     : 0.3647	 | 	Train Accuracy     : 0.8616
Valid Loss     : 0.4745	 | 	Valid Accuracy     : 0.8147

Epoch : 9
Train Loss     : 0.3612	 | 	Train Accuracy     : 0.8631
Valid Loss     : 0.4962	 | 	Valid Accuracy     : 0.8112

Epoch : 10
Train Loss     : 0.3530	 | 	Train Accuracy     : 0.8692
Valid Loss     : 0.5395	 | 	Valid Accuracy     : 0.7884

Epoch : 11
Train Loss     : 0.3537	 | 	Train Accuracy     : 0.8686
Valid Loss     : 0.5270	 | 	Valid Accuracy     : 0.7979

Epoch : 12
Train Loss     : 0.3598	 | 	Train Accuracy     : 0.8631
Valid Loss     : 0.4949	 | 	Valid Accuracy     : 0.8092

Epoch : 13
Train Loss     : 0.3458	 | 	Train Accuracy     : 0.8703
Valid Loss     : 0.4954	 | 	Valid Accuracy     : 0.8079

Epoch : 14
Train Loss     : 0.3429	 | 	Train Accuracy     : 0.8726
Valid Loss     : 0.6426	 | 	Valid Accuracy     : 0.7501

Epoch : 15
Train Loss     : 0.3648	 | 	Train Accuracy     : 0.8566
Valid Loss     : 0.4299	 | 	Valid Accuracy     : 0.8023

Epoch : 16
Train Loss     : 0.3437	 | 	Train Accuracy     : 0.8656
Valid Loss     : 0.4540	 | 	Valid Accuracy     : 0.8303

Epoch : 17
Train Loss     : 0.3388	 | 	Train Accuracy     : 0.8710
Valid Loss     : 0.5090	 | 	Valid Accuracy     : 0.8063

Epoch : 18
Train Loss     : 0.3299	 | 	Train Accuracy     : 0.8769
Valid Loss     : 0.4241	 | 	Valid Accuracy     : 0.8338

Epoch : 19
Train Loss     : 0.3407	 | 	Train Accuracy     : 0.8704
Valid Loss     : 0.4628	 | 	Valid Accuracy     : 0.8156

Epoch : 20
Train Loss     : 0.3345	 | 	Train Accuracy     : 0.8717
Valid Loss     : 0.4522	 | 	Valid Accuracy     : 0.8179

Epoch : 21
Train Loss     : 0.3278	 | 	Train Accuracy     : 0.8755
Valid Loss     : 0.5012	 | 	Valid Accuracy     : 0.8112

Epoch : 22
Train Loss     : 0.3588	 | 	Train Accuracy     : 0.8635
Valid Loss     : 0.5604	 | 	Valid Accuracy     : 0.7809

Epoch : 23
Train Loss     : 0.3317	 | 	Train Accuracy     : 0.8713
Valid Loss     : 0.5061	 | 	Valid Accuracy     : 0.8056

Epoch : 24
Train Loss     : 0.3259	 | 	Train Accuracy     : 0.8743
Valid Loss     : 0.6027	 | 	Valid Accuracy     : 0.7610

Epoch : 25
Train Loss     : 0.3316	 | 	Train Accuracy     : 0.8771
Valid Loss     : 0.5540	 | 	Valid Accuracy     : 0.7868

Epoch : 26
Train Loss     : 0.3400	 | 	Train Accuracy     : 0.8679
Valid Loss     : 0.5304	 | 	Valid Accuracy     : 0.7949

Epoch : 27
Train Loss     : 0.3460	 | 	Train Accuracy     : 0.8685
Valid Loss     : 0.5435	 | 	Valid Accuracy     : 0.7871

Epoch : 28
Train Loss     : 0.3160	 | 	Train Accuracy     : 0.8821
Valid Loss     : 0.4792	 | 	Valid Accuracy     : 0.8086

Epoch : 29
Train Loss     : 0.3172	 | 	Train Accuracy     : 0.8801
Valid Loss     : 0.5870	 | 	Valid Accuracy     : 0.7855

Epoch : 30
Train Loss     : 0.3053	 | 	Train Accuracy     : 0.8842
Valid Loss     : 0.4935	 | 	Valid Accuracy     : 0.8074

Evaluate on the Test set:
Test loss      :0.6916	 | Test Accuracy      : 0.7949 | Test AUPRC      : 0.8164
tensor([0.6388, 0.6798, 0.9048, 0.7808, 0.8485, 0.8021, 0.9437, 0.5093, 0.7651,
        0.6414, 0.7311, 0.7902, 0.9108, 0.7137, 0.5305, 0.4186, 0.7881, 0.6520,
        0.4021, 0.9052, 0.6456, 0.9208, 0.7925, 0.9542, 0.8253, 0.8185, 0.6453,
        0.6701, 0.7384, 0.5512, 0.7436, 0.9212, 0.8165, 0.6654, 0.3932, 0.6130,
        0.7338, 0.4546, 0.7554, 0.5863, 0.9047, 0.8292, 0.5647, 0.7242, 0.7556,
        0.8073, 0.5572, 0.7413, 0.5736, 0.4668, 0.8508, 0.7731, 0.6722, 0.7218,
        0.5323, 0.3688, 0.5539, 0.9271, 0.9040, 0.6331, 0.6181, 0.7138],
       device='cuda:0', grad_fn=<SqueezeBackward1>)

################## Training is Done! #########################
Training time is : 0:01:39.993530
