=============================================
Dataset: SEED
Method:  TS-TCC
Mode:    train_linear
=============================================
Data loaded ...
Subjet 4
if scale True
Training started ....

Epoch : 1
Train Loss     : 1.1204	 | 	Train Accuracy     : 0.4903
Valid Loss     : 1.0350	 | 	Valid Accuracy     : 0.4623

Epoch : 2
Train Loss     : 0.7562	 | 	Train Accuracy     : 0.6754
Valid Loss     : 0.9655	 | 	Valid Accuracy     : 0.5898

Epoch : 3
Train Loss     : 0.6891	 | 	Train Accuracy     : 0.7150
Valid Loss     : 0.9270	 | 	Valid Accuracy     : 0.5617

Epoch : 4
Train Loss     : 0.6617	 | 	Train Accuracy     : 0.7290
Valid Loss     : 0.8187	 | 	Valid Accuracy     : 0.6314

Epoch : 5
Train Loss     : 0.6435	 | 	Train Accuracy     : 0.7338
Valid Loss     : 0.8315	 | 	Valid Accuracy     : 0.6395

Epoch : 6
Train Loss     : 0.6254	 | 	Train Accuracy     : 0.7488
Valid Loss     : 0.8096	 | 	Valid Accuracy     : 0.6630

Epoch : 7
Train Loss     : 0.6149	 | 	Train Accuracy     : 0.7479
Valid Loss     : 0.8033	 | 	Valid Accuracy     : 0.6458

Epoch : 8
Train Loss     : 0.6179	 | 	Train Accuracy     : 0.7482
Valid Loss     : 0.9556	 | 	Valid Accuracy     : 0.6176

Epoch : 9
Train Loss     : 0.6309	 | 	Train Accuracy     : 0.7378
Valid Loss     : 0.8252	 | 	Valid Accuracy     : 0.6453

Epoch : 10
Train Loss     : 0.6095	 | 	Train Accuracy     : 0.7522
Valid Loss     : 0.7944	 | 	Valid Accuracy     : 0.6426

Epoch : 11
Train Loss     : 0.6351	 | 	Train Accuracy     : 0.7385
Valid Loss     : 0.9762	 | 	Valid Accuracy     : 0.6063

Epoch : 12
Train Loss     : 0.6238	 | 	Train Accuracy     : 0.7430
Valid Loss     : 0.9315	 | 	Valid Accuracy     : 0.6208

Epoch : 13
Train Loss     : 0.5712	 | 	Train Accuracy     : 0.7716
Valid Loss     : 0.8867	 | 	Valid Accuracy     : 0.6327

Epoch : 14
Train Loss     : 0.5706	 | 	Train Accuracy     : 0.7718
Valid Loss     : 0.8051	 | 	Valid Accuracy     : 0.6630

Epoch : 15
Train Loss     : 0.5611	 | 	Train Accuracy     : 0.7719
Valid Loss     : 0.8849	 | 	Valid Accuracy     : 0.6348

Epoch : 16
Train Loss     : 0.6140	 | 	Train Accuracy     : 0.7524
Valid Loss     : 0.9599	 | 	Valid Accuracy     : 0.6080

Epoch : 17
Train Loss     : 0.6357	 | 	Train Accuracy     : 0.7329
Valid Loss     : 1.0054	 | 	Valid Accuracy     : 0.6030

Epoch : 18
Train Loss     : 0.5769	 | 	Train Accuracy     : 0.7610
Valid Loss     : 0.8927	 | 	Valid Accuracy     : 0.6461

Epoch : 19
Train Loss     : 0.5762	 | 	Train Accuracy     : 0.7718
Valid Loss     : 0.8502	 | 	Valid Accuracy     : 0.6617

Epoch : 20
Train Loss     : 0.5681	 | 	Train Accuracy     : 0.7649
Valid Loss     : 0.8560	 | 	Valid Accuracy     : 0.6567

Epoch : 21
Train Loss     : 0.5828	 | 	Train Accuracy     : 0.7640
Valid Loss     : 1.0089	 | 	Valid Accuracy     : 0.6017

Epoch : 22
Train Loss     : 0.5754	 | 	Train Accuracy     : 0.7688
Valid Loss     : 0.8475	 | 	Valid Accuracy     : 0.6638

Epoch : 23
Train Loss     : 0.5301	 | 	Train Accuracy     : 0.7939
Valid Loss     : 0.8492	 | 	Valid Accuracy     : 0.6577

Epoch : 24
Train Loss     : 0.5503	 | 	Train Accuracy     : 0.7813
Valid Loss     : 0.8652	 | 	Valid Accuracy     : 0.6551

Epoch : 25
Train Loss     : 0.5373	 | 	Train Accuracy     : 0.7862
Valid Loss     : 0.8526	 | 	Valid Accuracy     : 0.6539

Epoch : 26
Train Loss     : 0.5357	 | 	Train Accuracy     : 0.7863
Valid Loss     : 0.8703	 | 	Valid Accuracy     : 0.6444

Epoch : 27
Train Loss     : 0.5420	 | 	Train Accuracy     : 0.7875
Valid Loss     : 0.9037	 | 	Valid Accuracy     : 0.6353

Epoch : 28
Train Loss     : 0.5330	 | 	Train Accuracy     : 0.7932
Valid Loss     : 0.8185	 | 	Valid Accuracy     : 0.6647

Epoch : 29
Train Loss     : 0.5380	 | 	Train Accuracy     : 0.7878
Valid Loss     : 0.8314	 | 	Valid Accuracy     : 0.6627

Epoch : 30
Train Loss     : 0.5429	 | 	Train Accuracy     : 0.7883
Valid Loss     : 0.8408	 | 	Valid Accuracy     : 0.6510

Evaluate on the Test set:
Test loss      :0.9595	 | Test Accuracy      : 0.6028 | Test AUPRC      : 0.6630
tensor([0.8845, 0.9139, 0.9394, 0.7467, 0.7260, 0.9793, 0.8978, 0.6580, 0.8098,
        0.6643, 0.7717, 0.7918, 0.8790, 0.9429, 0.8380, 0.6290, 0.7893, 0.7646,
        0.6682, 0.8030, 0.8520, 0.8042, 0.7596, 0.9973, 0.8327, 0.8852, 0.8844,
        0.7880, 0.7092, 0.6623, 0.8521, 1.0432, 0.8994, 0.6708, 0.6093, 0.8220,
        0.7636, 0.7038, 0.7312, 0.7510, 0.9001, 0.8853, 0.8470, 0.8176, 0.7551,
        0.8602, 0.8148, 0.7866, 0.7395, 0.7060, 0.7345, 0.7050, 0.6681, 0.7165,
        0.7855, 0.5933, 0.7508, 0.6739, 0.8394, 0.6307, 0.7775, 0.7212],
       device='cuda:0', grad_fn=<SqueezeBackward1>)

################## Training is Done! #########################
Training time is : 0:02:00.813656
