=============================================
Dataset: SEED
Method:  TS-TCC
Mode:    train_linear
=============================================
Data loaded ...
Subjet 4
if scale True
Training started ....

Epoch : 1
Train Loss     : 1.2480	 | 	Train Accuracy     : 0.4403
Valid Loss     : 1.3872	 | 	Valid Accuracy     : 0.3388

Epoch : 2
Train Loss     : 0.6933	 | 	Train Accuracy     : 0.6962
Valid Loss     : 1.3033	 | 	Valid Accuracy     : 0.4399

Epoch : 3
Train Loss     : 0.5388	 | 	Train Accuracy     : 0.7987
Valid Loss     : 1.2071	 | 	Valid Accuracy     : 0.4760

Epoch : 4
Train Loss     : 0.4489	 | 	Train Accuracy     : 0.8360
Valid Loss     : 1.1296	 | 	Valid Accuracy     : 0.4950

Epoch : 5
Train Loss     : 0.4075	 | 	Train Accuracy     : 0.8497
Valid Loss     : 1.2714	 | 	Valid Accuracy     : 0.5169

Epoch : 6
Train Loss     : 0.3755	 | 	Train Accuracy     : 0.8585
Valid Loss     : 1.2446	 | 	Valid Accuracy     : 0.5320

Epoch : 7
Train Loss     : 0.3422	 | 	Train Accuracy     : 0.8921
Valid Loss     : 1.2184	 | 	Valid Accuracy     : 0.5265

Epoch : 8
Train Loss     : 0.3386	 | 	Train Accuracy     : 0.8865
Valid Loss     : 1.2707	 | 	Valid Accuracy     : 0.5373

Epoch : 9
Train Loss     : 0.3305	 | 	Train Accuracy     : 0.8838
Valid Loss     : 1.3257	 | 	Valid Accuracy     : 0.5270

Epoch : 10
Train Loss     : 0.3460	 | 	Train Accuracy     : 0.8747
Valid Loss     : 1.4501	 | 	Valid Accuracy     : 0.5216

Epoch : 11
Train Loss     : 0.3528	 | 	Train Accuracy     : 0.8584
Valid Loss     : 1.4306	 | 	Valid Accuracy     : 0.5334

Epoch : 12
Train Loss     : 0.3453	 | 	Train Accuracy     : 0.8678
Valid Loss     : 1.4133	 | 	Valid Accuracy     : 0.5296

Epoch : 13
Train Loss     : 0.3104	 | 	Train Accuracy     : 0.8874
Valid Loss     : 1.3459	 | 	Valid Accuracy     : 0.5374

Epoch : 14
Train Loss     : 0.2932	 | 	Train Accuracy     : 0.8918
Valid Loss     : 1.2931	 | 	Valid Accuracy     : 0.5527

Epoch : 15
Train Loss     : 0.2861	 | 	Train Accuracy     : 0.9020
Valid Loss     : 1.2947	 | 	Valid Accuracy     : 0.5458

Epoch : 16
Train Loss     : 0.2693	 | 	Train Accuracy     : 0.9144
Valid Loss     : 1.2321	 | 	Valid Accuracy     : 0.5634

Epoch : 17
Train Loss     : 0.2680	 | 	Train Accuracy     : 0.9152
Valid Loss     : 1.2696	 | 	Valid Accuracy     : 0.5507

Epoch : 18
Train Loss     : 0.2663	 | 	Train Accuracy     : 0.9161
Valid Loss     : 1.2410	 | 	Valid Accuracy     : 0.5662

Epoch : 19
Train Loss     : 0.2674	 | 	Train Accuracy     : 0.9181
Valid Loss     : 1.2633	 | 	Valid Accuracy     : 0.5528

Epoch : 20
Train Loss     : 0.2643	 | 	Train Accuracy     : 0.9184
Valid Loss     : 1.2427	 | 	Valid Accuracy     : 0.5639

Epoch : 21
Train Loss     : 0.2625	 | 	Train Accuracy     : 0.9141
Valid Loss     : 1.2500	 | 	Valid Accuracy     : 0.5564

Epoch : 22
Train Loss     : 0.2614	 | 	Train Accuracy     : 0.9128
Valid Loss     : 1.2423	 | 	Valid Accuracy     : 0.5641

Epoch : 23
Train Loss     : 0.2694	 | 	Train Accuracy     : 0.9143
Valid Loss     : 1.2645	 | 	Valid Accuracy     : 0.5627

Epoch : 24
Train Loss     : 0.2595	 | 	Train Accuracy     : 0.9172
Valid Loss     : 1.2842	 | 	Valid Accuracy     : 0.5520

Epoch : 25
Train Loss     : 0.2613	 | 	Train Accuracy     : 0.9199
Valid Loss     : 1.2508	 | 	Valid Accuracy     : 0.5585

Epoch : 26
Train Loss     : 0.2606	 | 	Train Accuracy     : 0.9164
Valid Loss     : 1.2462	 | 	Valid Accuracy     : 0.5510

Epoch : 27
Train Loss     : 0.2614	 | 	Train Accuracy     : 0.9152
Valid Loss     : 1.2583	 | 	Valid Accuracy     : 0.5440

Epoch : 28
Train Loss     : 0.2628	 | 	Train Accuracy     : 0.9114
Valid Loss     : 1.2736	 | 	Valid Accuracy     : 0.5483

Epoch : 29
Train Loss     : 0.2565	 | 	Train Accuracy     : 0.9209
Valid Loss     : 1.2405	 | 	Valid Accuracy     : 0.5545

Epoch : 30
Train Loss     : 0.2542	 | 	Train Accuracy     : 0.9249
Valid Loss     : 1.2568	 | 	Valid Accuracy     : 0.5567

Evaluate on the Test set:
Test loss      :1.2259	 | Test Accuracy      : 0.5746 | Test AUPRC      : 0.6741
tensor([0.9468, 0.9610, 0.9704, 0.9405, 0.8964, 0.9803, 0.9613, 0.9036, 0.9398,
        0.9064, 0.9015, 0.9044, 0.9671, 0.9595, 0.9588, 0.8957, 0.9330, 0.9255,
        0.8857, 0.9421, 0.9090, 0.9042, 0.9386, 1.0451, 0.9534, 0.9607, 0.9369,
        0.9043, 0.9146, 0.9178, 0.9180, 1.0150, 1.0049, 0.8911, 0.8973, 0.9296,
        0.9071, 0.9065, 0.9086, 0.9052, 0.9977, 0.9603, 0.9292, 0.9019, 0.9394,
        0.9262, 0.9205, 0.9249, 0.9158, 0.9088, 0.8939, 0.9185, 0.9233, 0.9464,
        0.9269, 0.8822, 0.8966, 0.9242, 0.9482, 0.9599, 0.9456, 0.9186],
       device='cuda:0', grad_fn=<SqueezeBackward1>)

################## Training is Done! #########################
Training time is : 0:01:11.114545
