=============================================
Dataset: SEED
Method:  TS-TCC
Mode:    train_linear
=============================================
Data loaded ...
Subjet 1
if scale True
Training started ....

Epoch : 1
Train Loss     : 1.0942	 | 	Train Accuracy     : 0.5026
Valid Loss     : 2.1280	 | 	Valid Accuracy     : 0.3306

Epoch : 2
Train Loss     : 0.7452	 | 	Train Accuracy     : 0.6881
Valid Loss     : 0.9317	 | 	Valid Accuracy     : 0.5900

Epoch : 3
Train Loss     : 0.6560	 | 	Train Accuracy     : 0.7236
Valid Loss     : 1.0123	 | 	Valid Accuracy     : 0.5518

Epoch : 4
Train Loss     : 0.6434	 | 	Train Accuracy     : 0.7323
Valid Loss     : 0.9935	 | 	Valid Accuracy     : 0.5965

Epoch : 5
Train Loss     : 0.6515	 | 	Train Accuracy     : 0.7041
Valid Loss     : 0.8540	 | 	Valid Accuracy     : 0.5975

Epoch : 6
Train Loss     : 0.5990	 | 	Train Accuracy     : 0.7386
Valid Loss     : 0.8494	 | 	Valid Accuracy     : 0.6157

Epoch : 7
Train Loss     : 0.5850	 | 	Train Accuracy     : 0.7612
Valid Loss     : 0.9131	 | 	Valid Accuracy     : 0.6208

Epoch : 8
Train Loss     : 0.5804	 | 	Train Accuracy     : 0.7552
Valid Loss     : 0.8734	 | 	Valid Accuracy     : 0.5824

Epoch : 9
Train Loss     : 0.5933	 | 	Train Accuracy     : 0.7534
Valid Loss     : 0.8977	 | 	Valid Accuracy     : 0.5961

Epoch : 10
Train Loss     : 0.5520	 | 	Train Accuracy     : 0.7706
Valid Loss     : 0.8577	 | 	Valid Accuracy     : 0.6013

Epoch : 11
Train Loss     : 0.5654	 | 	Train Accuracy     : 0.7583
Valid Loss     : 0.8689	 | 	Valid Accuracy     : 0.6022

Epoch : 12
Train Loss     : 0.5634	 | 	Train Accuracy     : 0.7581
Valid Loss     : 0.8767	 | 	Valid Accuracy     : 0.6041

Epoch : 13
Train Loss     : 0.5501	 | 	Train Accuracy     : 0.7703
Valid Loss     : 1.0398	 | 	Valid Accuracy     : 0.5666

Epoch : 14
Train Loss     : 0.5988	 | 	Train Accuracy     : 0.7372
Valid Loss     : 0.9342	 | 	Valid Accuracy     : 0.5726

Epoch : 15
Train Loss     : 0.5674	 | 	Train Accuracy     : 0.7672
Valid Loss     : 0.8744	 | 	Valid Accuracy     : 0.5857

Epoch : 16
Train Loss     : 0.5639	 | 	Train Accuracy     : 0.7599
Valid Loss     : 0.9306	 | 	Valid Accuracy     : 0.6123

Epoch : 17
Train Loss     : 0.5298	 | 	Train Accuracy     : 0.7838
Valid Loss     : 0.8735	 | 	Valid Accuracy     : 0.6152

Epoch : 18
Train Loss     : 0.5170	 | 	Train Accuracy     : 0.7842
Valid Loss     : 0.8652	 | 	Valid Accuracy     : 0.6180

Epoch : 19
Train Loss     : 0.5027	 | 	Train Accuracy     : 0.7910
Valid Loss     : 0.8818	 | 	Valid Accuracy     : 0.6080

Epoch : 20
Train Loss     : 0.5150	 | 	Train Accuracy     : 0.7865
Valid Loss     : 0.8774	 | 	Valid Accuracy     : 0.6157

Epoch : 21
Train Loss     : 0.5096	 | 	Train Accuracy     : 0.7982
Valid Loss     : 0.8971	 | 	Valid Accuracy     : 0.6171

Epoch : 22
Train Loss     : 0.5163	 | 	Train Accuracy     : 0.7840
Valid Loss     : 0.8975	 | 	Valid Accuracy     : 0.6067

Epoch : 23
Train Loss     : 0.5076	 | 	Train Accuracy     : 0.7924
Valid Loss     : 0.8943	 | 	Valid Accuracy     : 0.6024

Epoch : 24
Train Loss     : 0.5099	 | 	Train Accuracy     : 0.7910
Valid Loss     : 0.8782	 | 	Valid Accuracy     : 0.6178

Epoch : 25
Train Loss     : 0.5014	 | 	Train Accuracy     : 0.8002
Valid Loss     : 0.8850	 | 	Valid Accuracy     : 0.6086

Epoch : 26
Train Loss     : 0.5117	 | 	Train Accuracy     : 0.7970
Valid Loss     : 0.8898	 | 	Valid Accuracy     : 0.6025

Epoch : 27
Train Loss     : 0.5060	 | 	Train Accuracy     : 0.7923
Valid Loss     : 0.8906	 | 	Valid Accuracy     : 0.6131

Epoch : 28
Train Loss     : 0.5152	 | 	Train Accuracy     : 0.7939
Valid Loss     : 0.8927	 | 	Valid Accuracy     : 0.6001

Epoch : 29
Train Loss     : 0.5125	 | 	Train Accuracy     : 0.7904
Valid Loss     : 0.8869	 | 	Valid Accuracy     : 0.6046

Epoch : 30
Train Loss     : 0.5089	 | 	Train Accuracy     : 0.7881
Valid Loss     : 0.8960	 | 	Valid Accuracy     : 0.6052

Evaluate on the Test set:
Test loss      :0.8561	 | Test Accuracy      : 0.6118 | Test AUPRC      : 0.6492
tensor([0.8292, 0.8231, 0.8397, 0.9620, 0.8417, 0.9298, 0.9195, 0.7995, 0.8466,
        0.7797, 0.8545, 0.7949, 0.9302, 0.8964, 0.8909, 0.7533, 0.8107, 0.8162,
        0.8724, 0.9193, 0.8157, 0.8199, 0.7939, 0.9819, 0.9331, 0.9023, 0.8025,
        0.8508, 0.7103, 0.7729, 0.8132, 0.9494, 0.9141, 0.7591, 0.7202, 0.8568,
        0.9135, 0.7633, 0.8824, 0.8629, 0.9408, 0.9030, 0.8110, 0.9362, 0.9113,
        0.7743, 0.8335, 0.8558, 0.7832, 0.9560, 0.7456, 0.7921, 0.7592, 0.8048,
        0.7686, 0.8913, 0.8145, 0.9739, 0.9256, 0.7716, 0.8934, 0.8437],
       device='cuda:0', grad_fn=<SqueezeBackward1>)

################## Training is Done! #########################
Training time is : 0:01:46.516220
