=============================================
Dataset: SEED
Method:  TS-TCC
Mode:    train_linear
=============================================
Data loaded ...
Subjet 9
if scale True
Training started ....

Epoch : 1
Train Loss     : 1.0347	 | 	Train Accuracy     : 0.5415
Valid Loss     : 1.1806	 | 	Valid Accuracy     : 0.4253

Epoch : 2
Train Loss     : 0.6299	 | 	Train Accuracy     : 0.7353
Valid Loss     : 0.6511	 | 	Valid Accuracy     : 0.7007

Epoch : 3
Train Loss     : 0.5250	 | 	Train Accuracy     : 0.7908
Valid Loss     : 0.7535	 | 	Valid Accuracy     : 0.6794

Epoch : 4
Train Loss     : 0.5164	 | 	Train Accuracy     : 0.7844
Valid Loss     : 0.8221	 | 	Valid Accuracy     : 0.6555

Epoch : 5
Train Loss     : 0.4890	 | 	Train Accuracy     : 0.7977
Valid Loss     : 0.5959	 | 	Valid Accuracy     : 0.7465

Epoch : 6
Train Loss     : 0.4588	 | 	Train Accuracy     : 0.8119
Valid Loss     : 0.6032	 | 	Valid Accuracy     : 0.7565

Epoch : 7
Train Loss     : 0.4565	 | 	Train Accuracy     : 0.8070
Valid Loss     : 0.6103	 | 	Valid Accuracy     : 0.7478

Epoch : 8
Train Loss     : 0.4457	 | 	Train Accuracy     : 0.8175
Valid Loss     : 0.6272	 | 	Valid Accuracy     : 0.7441

Epoch : 9
Train Loss     : 0.4435	 | 	Train Accuracy     : 0.8214
Valid Loss     : 0.6048	 | 	Valid Accuracy     : 0.7499

Epoch : 10
Train Loss     : 0.4299	 | 	Train Accuracy     : 0.8241
Valid Loss     : 0.5890	 | 	Valid Accuracy     : 0.7544

Epoch : 11
Train Loss     : 0.4149	 | 	Train Accuracy     : 0.8344
Valid Loss     : 0.6294	 | 	Valid Accuracy     : 0.7363

Epoch : 12
Train Loss     : 0.4292	 | 	Train Accuracy     : 0.8179
Valid Loss     : 0.6002	 | 	Valid Accuracy     : 0.7517

Epoch : 13
Train Loss     : 0.4140	 | 	Train Accuracy     : 0.8270
Valid Loss     : 0.6191	 | 	Valid Accuracy     : 0.7361

Epoch : 14
Train Loss     : 0.4875	 | 	Train Accuracy     : 0.7871
Valid Loss     : 0.6348	 | 	Valid Accuracy     : 0.7458

Epoch : 15
Train Loss     : 0.4394	 | 	Train Accuracy     : 0.8208
Valid Loss     : 0.6129	 | 	Valid Accuracy     : 0.7554

Epoch : 16
Train Loss     : 0.3900	 | 	Train Accuracy     : 0.8426
Valid Loss     : 0.5916	 | 	Valid Accuracy     : 0.7599

Epoch : 17
Train Loss     : 0.3870	 | 	Train Accuracy     : 0.8438
Valid Loss     : 0.6523	 | 	Valid Accuracy     : 0.7341

Epoch : 18
Train Loss     : 0.3970	 | 	Train Accuracy     : 0.8309
Valid Loss     : 0.6223	 | 	Valid Accuracy     : 0.7463

Epoch : 19
Train Loss     : 0.3882	 | 	Train Accuracy     : 0.8381
Valid Loss     : 0.6309	 | 	Valid Accuracy     : 0.7295

Epoch : 20
Train Loss     : 0.3888	 | 	Train Accuracy     : 0.8397
Valid Loss     : 0.6235	 | 	Valid Accuracy     : 0.7390

Epoch : 21
Train Loss     : 0.4037	 | 	Train Accuracy     : 0.8366
Valid Loss     : 0.5804	 | 	Valid Accuracy     : 0.7624

Epoch : 22
Train Loss     : 0.3934	 | 	Train Accuracy     : 0.8342
Valid Loss     : 0.5908	 | 	Valid Accuracy     : 0.7524

Epoch : 23
Train Loss     : 0.3934	 | 	Train Accuracy     : 0.8448
Valid Loss     : 0.6059	 | 	Valid Accuracy     : 0.7484

Epoch : 24
Train Loss     : 0.3831	 | 	Train Accuracy     : 0.8436
Valid Loss     : 0.5825	 | 	Valid Accuracy     : 0.7569

Epoch : 25
Train Loss     : 0.3874	 | 	Train Accuracy     : 0.8325
Valid Loss     : 0.6735	 | 	Valid Accuracy     : 0.7106

Epoch : 26
Train Loss     : 0.3863	 | 	Train Accuracy     : 0.8405
Valid Loss     : 0.6017	 | 	Valid Accuracy     : 0.7489

Epoch : 27
Train Loss     : 0.3738	 | 	Train Accuracy     : 0.8428
Valid Loss     : 0.7031	 | 	Valid Accuracy     : 0.7123

Epoch : 28
Train Loss     : 0.3907	 | 	Train Accuracy     : 0.8321
Valid Loss     : 0.6513	 | 	Valid Accuracy     : 0.7310

Epoch : 29
Train Loss     : 0.3968	 | 	Train Accuracy     : 0.8350
Valid Loss     : 0.6317	 | 	Valid Accuracy     : 0.7490

Epoch : 30
Train Loss     : 0.3930	 | 	Train Accuracy     : 0.8334
Valid Loss     : 0.6069	 | 	Valid Accuracy     : 0.7547

Evaluate on the Test set:
Test loss      :0.9529	 | Test Accuracy      : 0.6628 | Test AUPRC      : 0.6923
tensor([0.5835, 0.7484, 0.9680, 0.8146, 0.6247, 0.9242, 0.9309, 0.7020, 0.7904,
        0.8235, 0.7534, 0.8031, 0.9329, 0.8229, 0.7475, 0.6343, 0.6154, 0.6021,
        0.5610, 0.8587, 0.8650, 0.8571, 0.7156, 1.0964, 0.8702, 0.7700, 0.7833,
        0.8276, 0.6428, 0.6433, 0.5958, 0.7790, 0.9296, 0.8098, 0.6409, 0.8036,
        0.6693, 0.5809, 0.8696, 0.6975, 0.8435, 0.8904, 0.7652, 0.7796, 0.7671,
        0.8313, 0.6013, 0.8869, 0.6239, 0.6872, 0.8400, 0.5413, 0.5736, 0.7323,
        0.5937, 0.4825, 0.6920, 0.7539, 0.7860, 0.7441, 0.8616, 0.8096],
       device='cuda:0', grad_fn=<SqueezeBackward1>)

################## Training is Done! #########################
Training time is : 0:01:50.357795
