=============================================
Dataset: SEED
Method:  TS-TCC
Mode:    train_linear
=============================================
Data loaded ...
Subjet 3
if scale True
Training started ....

Epoch : 1
Train Loss     : 1.2267	 | 	Train Accuracy     : 0.5065
Valid Loss     : 3.2028	 | 	Valid Accuracy     : 0.3300

Epoch : 2
Train Loss     : 0.9169	 | 	Train Accuracy     : 0.6146
Valid Loss     : 2.3980	 | 	Valid Accuracy     : 0.3413

Epoch : 3
Train Loss     : 0.5687	 | 	Train Accuracy     : 0.7266
Valid Loss     : 2.8806	 | 	Valid Accuracy     : 0.3237

Epoch : 4
Train Loss     : 0.6481	 | 	Train Accuracy     : 0.7509
Valid Loss     : 1.8053	 | 	Valid Accuracy     : 0.4801

Epoch : 5
Train Loss     : 0.6379	 | 	Train Accuracy     : 0.7129
Valid Loss     : 1.5316	 | 	Valid Accuracy     : 0.4842

Epoch : 6
Train Loss     : 0.4801	 | 	Train Accuracy     : 0.8268
Valid Loss     : 2.1278	 | 	Valid Accuracy     : 0.4462

Epoch : 7
Train Loss     : 0.4065	 | 	Train Accuracy     : 0.8444
Valid Loss     : 1.2287	 | 	Valid Accuracy     : 0.6127

Epoch : 8
Train Loss     : 0.3452	 | 	Train Accuracy     : 0.8789
Valid Loss     : 1.9220	 | 	Valid Accuracy     : 0.5130

Epoch : 9
Train Loss     : 0.3813	 | 	Train Accuracy     : 0.8655
Valid Loss     : 1.3102	 | 	Valid Accuracy     : 0.6236

Epoch : 10
Train Loss     : 0.3718	 | 	Train Accuracy     : 0.8600
Valid Loss     : 1.5128	 | 	Valid Accuracy     : 0.5770

Epoch : 11
Train Loss     : 0.3136	 | 	Train Accuracy     : 0.9004
Valid Loss     : 1.3786	 | 	Valid Accuracy     : 0.5890

Epoch : 12
Train Loss     : 0.3167	 | 	Train Accuracy     : 0.8878
Valid Loss     : 1.3904	 | 	Valid Accuracy     : 0.6106

Epoch : 13
Train Loss     : 0.4402	 | 	Train Accuracy     : 0.8507
Valid Loss     : 1.4578	 | 	Valid Accuracy     : 0.5767

Epoch : 14
Train Loss     : 0.3172	 | 	Train Accuracy     : 0.8796
Valid Loss     : 1.3689	 | 	Valid Accuracy     : 0.5832

Epoch : 15
Train Loss     : 0.3374	 | 	Train Accuracy     : 0.8700
Valid Loss     : 1.3766	 | 	Valid Accuracy     : 0.6026

Epoch : 16
Train Loss     : 0.3523	 | 	Train Accuracy     : 0.8572
Valid Loss     : 1.3700	 | 	Valid Accuracy     : 0.5727

Epoch : 17
Train Loss     : 0.3754	 | 	Train Accuracy     : 0.8615
Valid Loss     : 1.3249	 | 	Valid Accuracy     : 0.5501

Epoch : 18
Train Loss     : 0.3463	 | 	Train Accuracy     : 0.8730
Valid Loss     : 1.3942	 | 	Valid Accuracy     : 0.5911

Epoch : 19
Train Loss     : 0.2896	 | 	Train Accuracy     : 0.8817
Valid Loss     : 1.3977	 | 	Valid Accuracy     : 0.5872

Epoch : 20
Train Loss     : 0.2865	 | 	Train Accuracy     : 0.8757
Valid Loss     : 1.3681	 | 	Valid Accuracy     : 0.5915

Epoch : 21
Train Loss     : 0.3691	 | 	Train Accuracy     : 0.8570
Valid Loss     : 1.3835	 | 	Valid Accuracy     : 0.5919

Epoch : 22
Train Loss     : 0.2537	 | 	Train Accuracy     : 0.9186
Valid Loss     : 1.3467	 | 	Valid Accuracy     : 0.6090

Epoch : 23
Train Loss     : 0.2811	 | 	Train Accuracy     : 0.9132
Valid Loss     : 1.3653	 | 	Valid Accuracy     : 0.6067

Epoch : 24
Train Loss     : 0.3010	 | 	Train Accuracy     : 0.8715
Valid Loss     : 1.3520	 | 	Valid Accuracy     : 0.6000

Epoch : 25
Train Loss     : 0.2387	 | 	Train Accuracy     : 0.9086
Valid Loss     : 1.4176	 | 	Valid Accuracy     : 0.5670

Epoch : 26
Train Loss     : 0.2407	 | 	Train Accuracy     : 0.9112
Valid Loss     : 1.4181	 | 	Valid Accuracy     : 0.5625

Epoch : 27
Train Loss     : 0.2728	 | 	Train Accuracy     : 0.9145
Valid Loss     : 1.3913	 | 	Valid Accuracy     : 0.5727

Epoch : 28
Train Loss     : 0.2431	 | 	Train Accuracy     : 0.9193
Valid Loss     : 1.4409	 | 	Valid Accuracy     : 0.5481

Epoch : 29
Train Loss     : 0.2918	 | 	Train Accuracy     : 0.8841
Valid Loss     : 1.4395	 | 	Valid Accuracy     : 0.5532

Epoch : 30
Train Loss     : 0.2520	 | 	Train Accuracy     : 0.9151
Valid Loss     : 1.3881	 | 	Valid Accuracy     : 0.5687

Evaluate on the Test set:
Test loss      :1.3764	 | Test Accuracy      : 0.4735 | Test AUPRC      : 0.5590
tensor([0.9396, 0.9497, 0.9874, 0.9845, 0.9277, 0.9588, 1.0053, 0.9246, 0.9482,
        0.9239, 0.9401, 0.9255, 0.9715, 0.9324, 0.9713, 0.9249, 0.9241, 0.9553,
        0.8973, 0.9725, 0.9337, 0.9388, 0.9597, 0.9862, 0.9619, 0.9528, 0.9708,
        0.9379, 0.9511, 0.9543, 0.9678, 1.0083, 0.9618, 0.9232, 0.9053, 0.9388,
        0.9423, 0.9251, 0.9260, 0.9316, 0.9598, 0.9624, 0.9305, 0.9552, 0.9405,
        0.9269, 0.9145, 0.9219, 0.9286, 0.9478, 0.9060, 0.9176, 0.9387, 0.9239,
        0.9297, 0.9016, 0.9353, 0.9677, 0.9665, 0.9866, 1.0109, 0.9361],
       device='cuda:0', grad_fn=<SqueezeBackward1>)

################## Training is Done! #########################
Training time is : 0:00:42.037113
