=============================================
Dataset: SEED
Method:  TS-TCC
Mode:    train_linear
=============================================
Data loaded ...
Subjet 2
if scale True
Training started ....

Epoch : 1
Train Loss     : 1.1920	 | 	Train Accuracy     : 0.4698
Valid Loss     : 1.2298	 | 	Valid Accuracy     : 0.5049

Epoch : 2
Train Loss     : 0.7367	 | 	Train Accuracy     : 0.6826
Valid Loss     : 1.3555	 | 	Valid Accuracy     : 0.4492

Epoch : 3
Train Loss     : 0.6784	 | 	Train Accuracy     : 0.7201
Valid Loss     : 1.4440	 | 	Valid Accuracy     : 0.5830

Epoch : 4
Train Loss     : 0.6559	 | 	Train Accuracy     : 0.7245
Valid Loss     : 1.1326	 | 	Valid Accuracy     : 0.6064

Epoch : 5
Train Loss     : 0.6353	 | 	Train Accuracy     : 0.7328
Valid Loss     : 0.9070	 | 	Valid Accuracy     : 0.6523

Epoch : 6
Train Loss     : 0.6140	 | 	Train Accuracy     : 0.7505
Valid Loss     : 1.0410	 | 	Valid Accuracy     : 0.6172

Epoch : 7
Train Loss     : 0.6130	 | 	Train Accuracy     : 0.7456
Valid Loss     : 0.8907	 | 	Valid Accuracy     : 0.6494

Epoch : 8
Train Loss     : 0.5881	 | 	Train Accuracy     : 0.7544
Valid Loss     : 0.8171	 | 	Valid Accuracy     : 0.6758

Epoch : 9
Train Loss     : 0.6241	 | 	Train Accuracy     : 0.7427
Valid Loss     : 1.1185	 | 	Valid Accuracy     : 0.5879

Epoch : 10
Train Loss     : 0.6161	 | 	Train Accuracy     : 0.7396
Valid Loss     : 1.2238	 | 	Valid Accuracy     : 0.5981

Epoch : 11
Train Loss     : 0.5794	 | 	Train Accuracy     : 0.7621
Valid Loss     : 0.9557	 | 	Valid Accuracy     : 0.6465

Epoch : 12
Train Loss     : 0.5835	 | 	Train Accuracy     : 0.7604
Valid Loss     : 1.2670	 | 	Valid Accuracy     : 0.6064

Epoch : 13
Train Loss     : 0.5995	 | 	Train Accuracy     : 0.7485
Valid Loss     : 1.5763	 | 	Valid Accuracy     : 0.5713

Epoch : 14
Train Loss     : 0.5865	 | 	Train Accuracy     : 0.7634
Valid Loss     : 1.3733	 | 	Valid Accuracy     : 0.5532

Epoch : 15
Train Loss     : 0.5809	 | 	Train Accuracy     : 0.7632
Valid Loss     : 0.9350	 | 	Valid Accuracy     : 0.6567

Epoch : 16
Train Loss     : 0.5623	 | 	Train Accuracy     : 0.7738
Valid Loss     : 0.9571	 | 	Valid Accuracy     : 0.6523

Epoch : 17
Train Loss     : 0.5764	 | 	Train Accuracy     : 0.7661
Valid Loss     : 1.3041	 | 	Valid Accuracy     : 0.5952

Epoch : 18
Train Loss     : 0.5730	 | 	Train Accuracy     : 0.7627
Valid Loss     : 1.0030	 | 	Valid Accuracy     : 0.6479

Epoch : 19
Train Loss     : 0.5891	 | 	Train Accuracy     : 0.7551
Valid Loss     : 1.0220	 | 	Valid Accuracy     : 0.6216

Epoch : 20
Train Loss     : 0.5515	 | 	Train Accuracy     : 0.7782
Valid Loss     : 1.1505	 | 	Valid Accuracy     : 0.6064

Epoch : 21
Train Loss     : 0.5411	 | 	Train Accuracy     : 0.7852
Valid Loss     : 1.1429	 | 	Valid Accuracy     : 0.6157

Epoch : 22
Train Loss     : 0.5463	 | 	Train Accuracy     : 0.7804
Valid Loss     : 1.1538	 | 	Valid Accuracy     : 0.6147

Epoch : 23
Train Loss     : 0.5420	 | 	Train Accuracy     : 0.7814
Valid Loss     : 1.3201	 | 	Valid Accuracy     : 0.5986

Epoch : 24
Train Loss     : 0.5363	 | 	Train Accuracy     : 0.7833
Valid Loss     : 1.0509	 | 	Valid Accuracy     : 0.6294

Epoch : 25
Train Loss     : 0.5448	 | 	Train Accuracy     : 0.7848
Valid Loss     : 1.0168	 | 	Valid Accuracy     : 0.6274

Epoch : 26
Train Loss     : 0.5351	 | 	Train Accuracy     : 0.7860
Valid Loss     : 1.1286	 | 	Valid Accuracy     : 0.5986

Epoch : 27
Train Loss     : 0.5373	 | 	Train Accuracy     : 0.7874
Valid Loss     : 1.0003	 | 	Valid Accuracy     : 0.6406

Epoch : 28
Train Loss     : 0.5397	 | 	Train Accuracy     : 0.7884
Valid Loss     : 1.2367	 | 	Valid Accuracy     : 0.6089

Epoch : 29
Train Loss     : 0.5356	 | 	Train Accuracy     : 0.7858
Valid Loss     : 1.3807	 | 	Valid Accuracy     : 0.5850

Epoch : 30
Train Loss     : 0.5370	 | 	Train Accuracy     : 0.7863
Valid Loss     : 1.0619	 | 	Valid Accuracy     : 0.6211

Evaluate on the Test set:
Test loss      :1.2935	 | Test Accuracy      : 0.4818 | Test AUPRC      : 0.4258
tensor([0.8008, 0.8277, 0.9936, 0.8827, 0.8924, 0.8098, 0.9269, 0.6970, 0.8017,
        0.7388, 0.8526, 0.7522, 0.8075, 0.8475, 0.7663, 0.6790, 0.6651, 0.7933,
        0.6740, 0.7190, 0.8167, 0.8090, 0.6638, 0.9728, 0.8892, 0.7104, 0.8217,
        0.8024, 0.8278, 0.6461, 0.7554, 0.6958, 0.9011, 0.7834, 0.6086, 0.8359,
        0.7264, 0.6929, 0.8678, 0.6594, 0.8370, 0.8346, 0.6741, 0.9481, 0.9306,
        0.8323, 0.8560, 0.7453, 0.7340, 0.8196, 0.8137, 0.7667, 0.7887, 0.6649,
        0.7419, 0.5713, 0.7293, 0.9530, 0.9739, 0.7017, 0.8439, 0.7546],
       device='cuda:0', grad_fn=<SqueezeBackward1>)

################## Training is Done! #########################
Training time is : 0:00:56.948376
