=============================================
Dataset: SEED
Method:  TS-TCC
Mode:    train_linear
=============================================
Data loaded ...
Subjet 5
if scale True
Training started ....

Epoch : 1
Train Loss     : 1.1506	 | 	Train Accuracy     : 0.4908
Valid Loss     : 1.3045	 | 	Valid Accuracy     : 0.4771

Epoch : 2
Train Loss     : 0.7446	 | 	Train Accuracy     : 0.6785
Valid Loss     : 1.2137	 | 	Valid Accuracy     : 0.5400

Epoch : 3
Train Loss     : 0.6517	 | 	Train Accuracy     : 0.7323
Valid Loss     : 1.0116	 | 	Valid Accuracy     : 0.5420

Epoch : 4
Train Loss     : 0.6178	 | 	Train Accuracy     : 0.7512
Valid Loss     : 1.0374	 | 	Valid Accuracy     : 0.5654

Epoch : 5
Train Loss     : 0.5821	 | 	Train Accuracy     : 0.7753
Valid Loss     : 1.1145	 | 	Valid Accuracy     : 0.5825

Epoch : 6
Train Loss     : 0.5706	 | 	Train Accuracy     : 0.7716
Valid Loss     : 1.1681	 | 	Valid Accuracy     : 0.5386

Epoch : 7
Train Loss     : 0.5470	 | 	Train Accuracy     : 0.7772
Valid Loss     : 1.0798	 | 	Valid Accuracy     : 0.5566

Epoch : 8
Train Loss     : 0.5525	 | 	Train Accuracy     : 0.7807
Valid Loss     : 0.9825	 | 	Valid Accuracy     : 0.5469

Epoch : 9
Train Loss     : 0.5578	 | 	Train Accuracy     : 0.7741
Valid Loss     : 1.1605	 | 	Valid Accuracy     : 0.5410

Epoch : 10
Train Loss     : 0.5497	 | 	Train Accuracy     : 0.7758
Valid Loss     : 1.1069	 | 	Valid Accuracy     : 0.5649

Epoch : 11
Train Loss     : 0.5388	 | 	Train Accuracy     : 0.7767
Valid Loss     : 1.2814	 | 	Valid Accuracy     : 0.5791

Epoch : 12
Train Loss     : 0.5558	 | 	Train Accuracy     : 0.7661
Valid Loss     : 1.2333	 | 	Valid Accuracy     : 0.5669

Epoch : 13
Train Loss     : 0.5306	 | 	Train Accuracy     : 0.7836
Valid Loss     : 1.1825	 | 	Valid Accuracy     : 0.5703

Epoch : 14
Train Loss     : 0.5104	 | 	Train Accuracy     : 0.7964
Valid Loss     : 1.3041	 | 	Valid Accuracy     : 0.5156

Epoch : 15
Train Loss     : 0.5131	 | 	Train Accuracy     : 0.7957
Valid Loss     : 1.1533	 | 	Valid Accuracy     : 0.5527

Epoch : 16
Train Loss     : 0.4978	 | 	Train Accuracy     : 0.8076
Valid Loss     : 1.2847	 | 	Valid Accuracy     : 0.5312

Epoch : 17
Train Loss     : 0.5143	 | 	Train Accuracy     : 0.7908
Valid Loss     : 1.1859	 | 	Valid Accuracy     : 0.5430

Epoch : 18
Train Loss     : 0.5272	 | 	Train Accuracy     : 0.7860
Valid Loss     : 1.2819	 | 	Valid Accuracy     : 0.5439

Epoch : 19
Train Loss     : 0.5259	 | 	Train Accuracy     : 0.7889
Valid Loss     : 1.2922	 | 	Valid Accuracy     : 0.5449

Epoch : 20
Train Loss     : 0.4928	 | 	Train Accuracy     : 0.8083
Valid Loss     : 1.2146	 | 	Valid Accuracy     : 0.5381

Epoch : 21
Train Loss     : 0.4823	 | 	Train Accuracy     : 0.8052
Valid Loss     : 1.1851	 | 	Valid Accuracy     : 0.5352

Epoch : 22
Train Loss     : 0.4842	 | 	Train Accuracy     : 0.8113
Valid Loss     : 1.2060	 | 	Valid Accuracy     : 0.5435

Epoch : 23
Train Loss     : 0.4841	 | 	Train Accuracy     : 0.8091
Valid Loss     : 1.2080	 | 	Valid Accuracy     : 0.5391

Epoch : 24
Train Loss     : 0.4770	 | 	Train Accuracy     : 0.8176
Valid Loss     : 1.1741	 | 	Valid Accuracy     : 0.5532

Epoch : 25
Train Loss     : 0.4809	 | 	Train Accuracy     : 0.8110
Valid Loss     : 1.2109	 | 	Valid Accuracy     : 0.5347

Epoch : 26
Train Loss     : 0.4820	 | 	Train Accuracy     : 0.8118
Valid Loss     : 1.2711	 | 	Valid Accuracy     : 0.5322

Epoch : 27
Train Loss     : 0.4864	 | 	Train Accuracy     : 0.8038
Valid Loss     : 1.1743	 | 	Valid Accuracy     : 0.5439

Epoch : 28
Train Loss     : 0.4840	 | 	Train Accuracy     : 0.8081
Valid Loss     : 1.2300	 | 	Valid Accuracy     : 0.5312

Epoch : 29
Train Loss     : 0.4729	 | 	Train Accuracy     : 0.8135
Valid Loss     : 1.2154	 | 	Valid Accuracy     : 0.5381

Epoch : 30
Train Loss     : 0.4849	 | 	Train Accuracy     : 0.8145
Valid Loss     : 1.2359	 | 	Valid Accuracy     : 0.5352

Evaluate on the Test set:
Test loss      :1.2544	 | Test Accuracy      : 0.6106 | Test AUPRC      : 0.5172
tensor([0.8380, 0.8616, 0.8736, 0.8635, 0.8663, 0.8306, 0.9325, 0.6742, 0.8162,
        0.6928, 0.7635, 0.8296, 0.8307, 0.9096, 0.9445, 0.6398, 0.6862, 0.7443,
        0.7843, 0.8707, 0.7862, 0.8703, 0.7568, 1.0042, 0.9046, 0.9073, 0.8505,
        0.8396, 0.7840, 0.6443, 0.7711, 1.0174, 0.9580, 0.6613, 0.6227, 0.8451,
        0.8276, 0.6584, 0.7092, 0.8448, 0.9324, 0.9582, 0.6992, 0.9267, 0.7917,
        0.8442, 0.7787, 0.7892, 0.7914, 0.8365, 0.7383, 0.7180, 0.6973, 0.7917,
        0.6544, 0.5804, 0.6999, 0.8049, 0.8767, 0.6675, 0.8282, 0.7729],
       device='cuda:0', grad_fn=<SqueezeBackward1>)

################## Training is Done! #########################
Training time is : 0:00:54.562117
