=============================================
Dataset: SEED
Method:  TS-TCC
Mode:    train_linear
=============================================
Data loaded ...
Subjet 8
if scale True
Training started ....

Epoch : 1
Train Loss     : 0.7757	 | 	Train Accuracy     : 0.6522
Valid Loss     : 0.5879	 | 	Valid Accuracy     : 0.6724

Epoch : 2
Train Loss     : 0.4292	 | 	Train Accuracy     : 0.8315
Valid Loss     : 0.5894	 | 	Valid Accuracy     : 0.6895

Epoch : 3
Train Loss     : 0.3916	 | 	Train Accuracy     : 0.8387
Valid Loss     : 0.4828	 | 	Valid Accuracy     : 0.7588

Epoch : 4
Train Loss     : 0.3534	 | 	Train Accuracy     : 0.8677
Valid Loss     : 0.4277	 | 	Valid Accuracy     : 0.7998

Epoch : 5
Train Loss     : 0.3319	 | 	Train Accuracy     : 0.8687
Valid Loss     : 0.4986	 | 	Valid Accuracy     : 0.7661

Epoch : 6
Train Loss     : 0.3350	 | 	Train Accuracy     : 0.8635
Valid Loss     : 0.4294	 | 	Valid Accuracy     : 0.8022

Epoch : 7
Train Loss     : 0.3225	 | 	Train Accuracy     : 0.8775
Valid Loss     : 0.4466	 | 	Valid Accuracy     : 0.7871

Epoch : 8
Train Loss     : 0.3038	 | 	Train Accuracy     : 0.8854
Valid Loss     : 0.4090	 | 	Valid Accuracy     : 0.8218

Epoch : 9
Train Loss     : 0.3117	 | 	Train Accuracy     : 0.8779
Valid Loss     : 0.4794	 | 	Valid Accuracy     : 0.7798

Epoch : 10
Train Loss     : 0.3096	 | 	Train Accuracy     : 0.8818
Valid Loss     : 0.5346	 | 	Valid Accuracy     : 0.7622

Epoch : 11
Train Loss     : 0.2961	 | 	Train Accuracy     : 0.8847
Valid Loss     : 0.5192	 | 	Valid Accuracy     : 0.7588

Epoch : 12
Train Loss     : 0.2944	 | 	Train Accuracy     : 0.8833
Valid Loss     : 0.4411	 | 	Valid Accuracy     : 0.7930

Epoch : 13
Train Loss     : 0.2851	 | 	Train Accuracy     : 0.8933
Valid Loss     : 0.4612	 | 	Valid Accuracy     : 0.7886

Epoch : 14
Train Loss     : 0.2921	 | 	Train Accuracy     : 0.8816
Valid Loss     : 0.4757	 | 	Valid Accuracy     : 0.7817

Epoch : 15
Train Loss     : 0.2825	 | 	Train Accuracy     : 0.8913
Valid Loss     : 0.4924	 | 	Valid Accuracy     : 0.7783

Epoch : 16
Train Loss     : 0.2865	 | 	Train Accuracy     : 0.8893
Valid Loss     : 0.4754	 | 	Valid Accuracy     : 0.7769

Epoch : 17
Train Loss     : 0.2916	 | 	Train Accuracy     : 0.8832
Valid Loss     : 0.4419	 | 	Valid Accuracy     : 0.7964

Epoch : 18
Train Loss     : 0.2973	 | 	Train Accuracy     : 0.8815
Valid Loss     : 0.4592	 | 	Valid Accuracy     : 0.7881

Epoch : 19
Train Loss     : 0.2754	 | 	Train Accuracy     : 0.8911
Valid Loss     : 0.4719	 | 	Valid Accuracy     : 0.7852

Epoch : 20
Train Loss     : 0.2674	 | 	Train Accuracy     : 0.8971
Valid Loss     : 0.4594	 | 	Valid Accuracy     : 0.7837

Epoch : 21
Train Loss     : 0.2636	 | 	Train Accuracy     : 0.9003
Valid Loss     : 0.4560	 | 	Valid Accuracy     : 0.7861

Epoch : 22
Train Loss     : 0.2650	 | 	Train Accuracy     : 0.8988
Valid Loss     : 0.4710	 | 	Valid Accuracy     : 0.7832

Epoch : 23
Train Loss     : 0.2658	 | 	Train Accuracy     : 0.8991
Valid Loss     : 0.4834	 | 	Valid Accuracy     : 0.7798

Epoch : 24
Train Loss     : 0.2604	 | 	Train Accuracy     : 0.9005
Valid Loss     : 0.5031	 | 	Valid Accuracy     : 0.7739

Epoch : 25
Train Loss     : 0.2638	 | 	Train Accuracy     : 0.8998
Valid Loss     : 0.4698	 | 	Valid Accuracy     : 0.7812

Epoch : 26
Train Loss     : 0.2632	 | 	Train Accuracy     : 0.9015
Valid Loss     : 0.4594	 | 	Valid Accuracy     : 0.7847

Epoch : 27
Train Loss     : 0.2628	 | 	Train Accuracy     : 0.9040
Valid Loss     : 0.4793	 | 	Valid Accuracy     : 0.7817

Epoch : 28
Train Loss     : 0.2669	 | 	Train Accuracy     : 0.8993
Valid Loss     : 0.4637	 | 	Valid Accuracy     : 0.7803

Epoch : 29
Train Loss     : 0.2633	 | 	Train Accuracy     : 0.8998
Valid Loss     : 0.4711	 | 	Valid Accuracy     : 0.7798

Epoch : 30
Train Loss     : 0.2631	 | 	Train Accuracy     : 0.9003
Valid Loss     : 0.4646	 | 	Valid Accuracy     : 0.7817

Evaluate on the Test set:
Test loss      :0.6577	 | Test Accuracy      : 0.7356 | Test AUPRC      : 0.6002
tensor([0.8139, 0.7435, 0.9911, 0.9098, 0.8715, 0.7499, 0.9027, 0.6867, 0.7808,
        0.6919, 0.8294, 0.7943, 0.8435, 0.8933, 0.7954, 0.6117, 0.7176, 0.6138,
        0.6522, 0.7314, 0.8904, 0.7858, 0.7213, 1.0039, 0.9068, 0.8040, 0.7660,
        0.6739, 0.6018, 0.6291, 0.7652, 0.9547, 0.8657, 0.7807, 0.5846, 0.7180,
        0.7254, 0.6630, 0.8559, 0.8679, 0.9389, 0.8374, 0.7362, 0.7818, 0.7866,
        0.7852, 0.7598, 0.7128, 0.6811, 0.7707, 0.6984, 0.7421, 0.7194, 0.8312,
        0.7061, 0.5666, 0.6593, 0.7032, 0.8468, 0.7685, 0.6650, 0.7308],
       device='cuda:0', grad_fn=<SqueezeBackward1>)

################## Training is Done! #########################
Training time is : 0:00:48.385230
