=============================================
Dataset: SEED
Method:  TS-TCC
Mode:    train_linear
=============================================
Data loaded ...
Subjet 2
if scale True
Training started ....

Epoch : 1
Train Loss     : 1.1079	 | 	Train Accuracy     : 0.4771
Valid Loss     : 1.5956	 | 	Valid Accuracy     : 0.4988

Epoch : 2
Train Loss     : 0.7359	 | 	Train Accuracy     : 0.6845
Valid Loss     : 1.8824	 | 	Valid Accuracy     : 0.5482

Epoch : 3
Train Loss     : 0.6602	 | 	Train Accuracy     : 0.7357
Valid Loss     : 1.7131	 | 	Valid Accuracy     : 0.5530

Epoch : 4
Train Loss     : 0.6328	 | 	Train Accuracy     : 0.7421
Valid Loss     : 1.5230	 | 	Valid Accuracy     : 0.5453

Epoch : 5
Train Loss     : 0.6499	 | 	Train Accuracy     : 0.7282
Valid Loss     : 1.5692	 | 	Valid Accuracy     : 0.5401

Epoch : 6
Train Loss     : 0.6606	 | 	Train Accuracy     : 0.7201
Valid Loss     : 1.2674	 | 	Valid Accuracy     : 0.5844

Epoch : 7
Train Loss     : 0.6307	 | 	Train Accuracy     : 0.7465
Valid Loss     : 1.2150	 | 	Valid Accuracy     : 0.5752

Epoch : 8
Train Loss     : 0.5997	 | 	Train Accuracy     : 0.7557
Valid Loss     : 1.5912	 | 	Valid Accuracy     : 0.5219

Epoch : 9
Train Loss     : 0.5922	 | 	Train Accuracy     : 0.7607
Valid Loss     : 1.0104	 | 	Valid Accuracy     : 0.6178

Epoch : 10
Train Loss     : 0.6042	 | 	Train Accuracy     : 0.7541
Valid Loss     : 1.2936	 | 	Valid Accuracy     : 0.5619

Epoch : 11
Train Loss     : 0.5788	 | 	Train Accuracy     : 0.7659
Valid Loss     : 1.5660	 | 	Valid Accuracy     : 0.5423

Epoch : 12
Train Loss     : 0.5900	 | 	Train Accuracy     : 0.7535
Valid Loss     : 1.2275	 | 	Valid Accuracy     : 0.5630

Epoch : 13
Train Loss     : 0.5729	 | 	Train Accuracy     : 0.7717
Valid Loss     : 1.5128	 | 	Valid Accuracy     : 0.5566

Epoch : 14
Train Loss     : 0.5935	 | 	Train Accuracy     : 0.7541
Valid Loss     : 0.9895	 | 	Valid Accuracy     : 0.6285

Epoch : 15
Train Loss     : 0.5817	 | 	Train Accuracy     : 0.7706
Valid Loss     : 1.2734	 | 	Valid Accuracy     : 0.5441

Epoch : 16
Train Loss     : 0.5626	 | 	Train Accuracy     : 0.7734
Valid Loss     : 1.1183	 | 	Valid Accuracy     : 0.5970

Epoch : 17
Train Loss     : 0.5702	 | 	Train Accuracy     : 0.7692
Valid Loss     : 1.4786	 | 	Valid Accuracy     : 0.5310

Epoch : 18
Train Loss     : 0.5847	 | 	Train Accuracy     : 0.7599
Valid Loss     : 1.4456	 | 	Valid Accuracy     : 0.5729

Epoch : 19
Train Loss     : 0.5902	 | 	Train Accuracy     : 0.7676
Valid Loss     : 1.4988	 | 	Valid Accuracy     : 0.5317

Epoch : 20
Train Loss     : 0.5781	 | 	Train Accuracy     : 0.7626
Valid Loss     : 1.2936	 | 	Valid Accuracy     : 0.5918

Epoch : 21
Train Loss     : 0.5864	 | 	Train Accuracy     : 0.7626
Valid Loss     : 1.4369	 | 	Valid Accuracy     : 0.5673

Epoch : 22
Train Loss     : 0.5681	 | 	Train Accuracy     : 0.7646
Valid Loss     : 1.0834	 | 	Valid Accuracy     : 0.6038

Epoch : 23
Train Loss     : 0.5479	 | 	Train Accuracy     : 0.7793
Valid Loss     : 1.4538	 | 	Valid Accuracy     : 0.5495

Epoch : 24
Train Loss     : 0.5808	 | 	Train Accuracy     : 0.7693
Valid Loss     : 1.7101	 | 	Valid Accuracy     : 0.5431

Epoch : 25
Train Loss     : 0.5568	 | 	Train Accuracy     : 0.7773
Valid Loss     : 1.3470	 | 	Valid Accuracy     : 0.5690

Epoch : 26
Train Loss     : 0.5287	 | 	Train Accuracy     : 0.7867
Valid Loss     : 1.6567	 | 	Valid Accuracy     : 0.5369

Epoch : 27
Train Loss     : 0.5258	 | 	Train Accuracy     : 0.7944
Valid Loss     : 1.8279	 | 	Valid Accuracy     : 0.5253

Epoch : 28
Train Loss     : 0.5358	 | 	Train Accuracy     : 0.7891
Valid Loss     : 1.2724	 | 	Valid Accuracy     : 0.5762

Epoch : 29
Train Loss     : 0.5309	 | 	Train Accuracy     : 0.7892
Valid Loss     : 1.1994	 | 	Valid Accuracy     : 0.5876

Epoch : 30
Train Loss     : 0.5273	 | 	Train Accuracy     : 0.7922
Valid Loss     : 1.3608	 | 	Valid Accuracy     : 0.5730

Evaluate on the Test set:
Test loss      :1.3044	 | Test Accuracy      : 0.4813 | Test AUPRC      : 0.5634
tensor([0.7841, 0.7879, 0.9835, 0.8896, 0.9041, 0.8362, 0.9357, 0.6251, 0.7962,
        0.6766, 0.8566, 0.8054, 0.8218, 0.8320, 0.6931, 0.6445, 0.6132, 0.7794,
        0.6511, 0.6652, 0.8298, 0.8397, 0.6140, 0.9640, 0.8859, 0.6501, 0.8259,
        0.8148, 0.7983, 0.5993, 0.7360, 0.6353, 0.8752, 0.7492, 0.5473, 0.8349,
        0.7323, 0.6765, 0.8564, 0.6166, 0.8364, 0.8111, 0.6501, 0.9294, 0.9063,
        0.8253, 0.8343, 0.7342, 0.7710, 0.7748, 0.8490, 0.7985, 0.7711, 0.6270,
        0.7259, 0.5177, 0.7155, 0.9438, 0.9772, 0.7157, 0.8016, 0.7665],
       device='cuda:0', grad_fn=<SqueezeBackward1>)

################## Training is Done! #########################
Training time is : 0:02:03.277775
