=============================================
Dataset: SEED
Method:  TS-TCC
Mode:    train_linear
=============================================
Data loaded ...
Subjet 4
if scale True
Training started ....

Epoch : 1
Train Loss     : 1.3692	 | 	Train Accuracy     : 0.4086
Valid Loss     : 1.6116	 | 	Valid Accuracy     : 0.3296

Epoch : 2
Train Loss     : 0.9273	 | 	Train Accuracy     : 0.5230
Valid Loss     : 1.2464	 | 	Valid Accuracy     : 0.4382

Epoch : 3
Train Loss     : 0.8505	 | 	Train Accuracy     : 0.6617
Valid Loss     : 2.4705	 | 	Valid Accuracy     : 0.3475

Epoch : 4
Train Loss     : 0.8412	 | 	Train Accuracy     : 0.6612
Valid Loss     : 1.5967	 | 	Valid Accuracy     : 0.4346

Epoch : 5
Train Loss     : 0.7069	 | 	Train Accuracy     : 0.6790
Valid Loss     : 1.3822	 | 	Valid Accuracy     : 0.4968

Epoch : 6
Train Loss     : 0.6309	 | 	Train Accuracy     : 0.7409
Valid Loss     : 1.2459	 | 	Valid Accuracy     : 0.4779

Epoch : 7
Train Loss     : 0.6376	 | 	Train Accuracy     : 0.7732
Valid Loss     : 1.3355	 | 	Valid Accuracy     : 0.5014

Epoch : 8
Train Loss     : 0.5194	 | 	Train Accuracy     : 0.7941
Valid Loss     : 1.4095	 | 	Valid Accuracy     : 0.5123

Epoch : 9
Train Loss     : 0.5324	 | 	Train Accuracy     : 0.7678
Valid Loss     : 1.3278	 | 	Valid Accuracy     : 0.5248

Epoch : 10
Train Loss     : 0.5241	 | 	Train Accuracy     : 0.8186
Valid Loss     : 1.3842	 | 	Valid Accuracy     : 0.5285

Epoch : 11
Train Loss     : 0.4172	 | 	Train Accuracy     : 0.8507
Valid Loss     : 1.4125	 | 	Valid Accuracy     : 0.5305

Epoch : 12
Train Loss     : 0.4057	 | 	Train Accuracy     : 0.8605
Valid Loss     : 1.3814	 | 	Valid Accuracy     : 0.5264

Epoch : 13
Train Loss     : 0.3980	 | 	Train Accuracy     : 0.8657
Valid Loss     : 1.4725	 | 	Valid Accuracy     : 0.5208

Epoch : 14
Train Loss     : 0.4199	 | 	Train Accuracy     : 0.8531
Valid Loss     : 1.4177	 | 	Valid Accuracy     : 0.5345

Epoch : 15
Train Loss     : 0.4213	 | 	Train Accuracy     : 0.8353
Valid Loss     : 1.4801	 | 	Valid Accuracy     : 0.5207

Epoch : 16
Train Loss     : 0.3881	 | 	Train Accuracy     : 0.8548
Valid Loss     : 1.7148	 | 	Valid Accuracy     : 0.5105

Epoch : 17
Train Loss     : 0.5673	 | 	Train Accuracy     : 0.7693
Valid Loss     : 1.5178	 | 	Valid Accuracy     : 0.4984

Epoch : 18
Train Loss     : 0.3879	 | 	Train Accuracy     : 0.8509
Valid Loss     : 1.3736	 | 	Valid Accuracy     : 0.5424

Epoch : 19
Train Loss     : 0.4950	 | 	Train Accuracy     : 0.8581
Valid Loss     : 1.4598	 | 	Valid Accuracy     : 0.5304

Epoch : 20
Train Loss     : 0.3309	 | 	Train Accuracy     : 0.8978
Valid Loss     : 1.4237	 | 	Valid Accuracy     : 0.5371

Epoch : 21
Train Loss     : 0.4121	 | 	Train Accuracy     : 0.8765
Valid Loss     : 1.3581	 | 	Valid Accuracy     : 0.5519

Epoch : 22
Train Loss     : 0.3218	 | 	Train Accuracy     : 0.9004
Valid Loss     : 1.3733	 | 	Valid Accuracy     : 0.5453

Epoch : 23
Train Loss     : 0.3692	 | 	Train Accuracy     : 0.8522
Valid Loss     : 1.4183	 | 	Valid Accuracy     : 0.5346

Epoch : 24
Train Loss     : 0.3199	 | 	Train Accuracy     : 0.9023
Valid Loss     : 1.4416	 | 	Valid Accuracy     : 0.5301

Epoch : 25
Train Loss     : 0.3592	 | 	Train Accuracy     : 0.8726
Valid Loss     : 1.3890	 | 	Valid Accuracy     : 0.5363

Epoch : 26
Train Loss     : 0.3565	 | 	Train Accuracy     : 0.8626
Valid Loss     : 1.4019	 | 	Valid Accuracy     : 0.5419

Epoch : 27
Train Loss     : 0.4111	 | 	Train Accuracy     : 0.8303
Valid Loss     : 1.4021	 | 	Valid Accuracy     : 0.5262

Epoch : 28
Train Loss     : 0.3224	 | 	Train Accuracy     : 0.8832
Valid Loss     : 1.3869	 | 	Valid Accuracy     : 0.5429

Epoch : 29
Train Loss     : 0.4405	 | 	Train Accuracy     : 0.8863
Valid Loss     : 1.3879	 | 	Valid Accuracy     : 0.5314

Epoch : 30
Train Loss     : 0.3211	 | 	Train Accuracy     : 0.8991
Valid Loss     : 1.4078	 | 	Valid Accuracy     : 0.5379

Evaluate on the Test set:
Test loss      :1.1735	 | Test Accuracy      : 0.5779 | Test AUPRC      : 0.6492
tensor([0.9537, 0.9740, 0.9778, 0.9581, 0.9243, 0.9872, 0.9795, 0.9158, 0.9566,
        0.9340, 0.9225, 0.9252, 0.9741, 0.9651, 0.9870, 0.9208, 0.9344, 0.9252,
        0.9160, 0.9587, 0.9311, 0.9337, 0.9557, 1.0279, 0.9696, 0.9601, 0.9633,
        0.9503, 0.9576, 0.9271, 0.9508, 1.0083, 1.0046, 0.9185, 0.9195, 0.9565,
        0.9366, 0.9255, 0.9249, 0.9315, 0.9902, 0.9662, 0.9725, 0.9236, 0.9424,
        0.9345, 0.9414, 0.9526, 0.9435, 0.9439, 0.9163, 0.9238, 0.9552, 0.9566,
        0.9333, 0.8972, 0.9148, 0.9439, 0.9558, 0.9660, 0.9586, 0.9393],
       device='cuda:0', grad_fn=<SqueezeBackward1>)

################## Training is Done! #########################
Training time is : 0:00:41.012082
