=============================================
Dataset: SEED
Method:  TS-TCC
Mode:    train_linear
=============================================
Data loaded ...
Subjet 5
if scale True
Training started ....

Epoch : 1
Train Loss     : 1.2043	 | 	Train Accuracy     : 0.4816
Valid Loss     : 1.5691	 | 	Valid Accuracy     : 0.5228

Epoch : 2
Train Loss     : 0.7270	 | 	Train Accuracy     : 0.6800
Valid Loss     : 1.5418	 | 	Valid Accuracy     : 0.4912

Epoch : 3
Train Loss     : 0.6079	 | 	Train Accuracy     : 0.7602
Valid Loss     : 1.9202	 | 	Valid Accuracy     : 0.4821

Epoch : 4
Train Loss     : 0.5108	 | 	Train Accuracy     : 0.8083
Valid Loss     : 1.7423	 | 	Valid Accuracy     : 0.4917

Epoch : 5
Train Loss     : 0.4863	 | 	Train Accuracy     : 0.8201
Valid Loss     : 1.7497	 | 	Valid Accuracy     : 0.4951

Epoch : 6
Train Loss     : 0.4554	 | 	Train Accuracy     : 0.8300
Valid Loss     : 1.5907	 | 	Valid Accuracy     : 0.5259

Epoch : 7
Train Loss     : 0.4240	 | 	Train Accuracy     : 0.8477
Valid Loss     : 1.7807	 | 	Valid Accuracy     : 0.5133

Epoch : 8
Train Loss     : 0.4096	 | 	Train Accuracy     : 0.8541
Valid Loss     : 1.7215	 | 	Valid Accuracy     : 0.5307

Epoch : 9
Train Loss     : 0.4096	 | 	Train Accuracy     : 0.8540
Valid Loss     : 1.6991	 | 	Valid Accuracy     : 0.5335

Epoch : 10
Train Loss     : 0.3864	 | 	Train Accuracy     : 0.8617
Valid Loss     : 1.7927	 | 	Valid Accuracy     : 0.5288

Epoch : 11
Train Loss     : 0.3757	 | 	Train Accuracy     : 0.8670
Valid Loss     : 1.8220	 | 	Valid Accuracy     : 0.5276

Epoch : 12
Train Loss     : 0.3799	 | 	Train Accuracy     : 0.8615
Valid Loss     : 1.8305	 | 	Valid Accuracy     : 0.5372

Epoch : 13
Train Loss     : 0.3478	 | 	Train Accuracy     : 0.8758
Valid Loss     : 1.7756	 | 	Valid Accuracy     : 0.5260

Epoch : 14
Train Loss     : 0.3456	 | 	Train Accuracy     : 0.8798
Valid Loss     : 1.9767	 | 	Valid Accuracy     : 0.5273

Epoch : 15
Train Loss     : 0.3388	 | 	Train Accuracy     : 0.8888
Valid Loss     : 1.8190	 | 	Valid Accuracy     : 0.5390

Epoch : 16
Train Loss     : 0.3385	 | 	Train Accuracy     : 0.8816
Valid Loss     : 1.8798	 | 	Valid Accuracy     : 0.5338

Epoch : 17
Train Loss     : 0.3402	 | 	Train Accuracy     : 0.8819
Valid Loss     : 1.8445	 | 	Valid Accuracy     : 0.5373

Epoch : 18
Train Loss     : 0.3408	 | 	Train Accuracy     : 0.8832
Valid Loss     : 1.7864	 | 	Valid Accuracy     : 0.5431

Epoch : 19
Train Loss     : 0.3422	 | 	Train Accuracy     : 0.8817
Valid Loss     : 1.8889	 | 	Valid Accuracy     : 0.5373

Epoch : 20
Train Loss     : 0.3357	 | 	Train Accuracy     : 0.8805
Valid Loss     : 1.8049	 | 	Valid Accuracy     : 0.5472

Epoch : 21
Train Loss     : 0.3368	 | 	Train Accuracy     : 0.8897
Valid Loss     : 1.8792	 | 	Valid Accuracy     : 0.5361

Epoch : 22
Train Loss     : 0.3271	 | 	Train Accuracy     : 0.8883
Valid Loss     : 1.7986	 | 	Valid Accuracy     : 0.5461

Epoch : 23
Train Loss     : 0.3400	 | 	Train Accuracy     : 0.8826
Valid Loss     : 2.0275	 | 	Valid Accuracy     : 0.5261

Epoch : 24
Train Loss     : 0.3343	 | 	Train Accuracy     : 0.8801
Valid Loss     : 1.9185	 | 	Valid Accuracy     : 0.5371

Epoch : 25
Train Loss     : 0.3265	 | 	Train Accuracy     : 0.8822
Valid Loss     : 1.9659	 | 	Valid Accuracy     : 0.5289

Epoch : 26
Train Loss     : 0.3336	 | 	Train Accuracy     : 0.8851
Valid Loss     : 1.8792	 | 	Valid Accuracy     : 0.5426

Epoch : 27
Train Loss     : 0.3348	 | 	Train Accuracy     : 0.8831
Valid Loss     : 1.9367	 | 	Valid Accuracy     : 0.5316

Epoch : 28
Train Loss     : 0.3301	 | 	Train Accuracy     : 0.8884
Valid Loss     : 1.9216	 | 	Valid Accuracy     : 0.5318

Epoch : 29
Train Loss     : 0.3362	 | 	Train Accuracy     : 0.8802
Valid Loss     : 1.9059	 | 	Valid Accuracy     : 0.5308

Epoch : 30
Train Loss     : 0.3315	 | 	Train Accuracy     : 0.8798
Valid Loss     : 1.9095	 | 	Valid Accuracy     : 0.5309

Evaluate on the Test set:
Test loss      :1.4665	 | Test Accuracy      : 0.5937 | Test AUPRC      : 0.6290
tensor([0.9019, 0.9015, 0.9763, 0.9241, 0.8954, 0.9669, 0.9359, 0.8697, 0.9085,
        0.8840, 0.8704, 0.9063, 0.9651, 0.9531, 0.9259, 0.8489, 0.8832, 0.9025,
        0.8525, 0.9335, 0.9530, 0.9215, 0.8947, 0.9777, 0.9194, 0.9340, 0.9529,
        0.8933, 0.9263, 0.8568, 0.9590, 1.0300, 1.0003, 0.8725, 0.8526, 0.9198,
        0.8895, 0.8687, 0.9029, 0.9223, 0.9904, 0.9829, 0.8760, 0.9384, 0.9335,
        0.8935, 0.9053, 0.9276, 0.8950, 0.9695, 0.8603, 0.8757, 0.8622, 0.9195,
        0.8762, 0.8263, 0.8735, 0.8792, 0.9255, 0.8812, 0.8926, 0.8866],
       device='cuda:0', grad_fn=<SqueezeBackward1>)

################## Training is Done! #########################
Training time is : 0:01:27.838297
