=============================================
Dataset: SEED
Method:  TS-TCC
Mode:    train_linear
=============================================
Data loaded ...
Subjet 10
if scale True
Training started ....

Epoch : 1
Train Loss     : 1.0667	 | 	Train Accuracy     : 0.5216
Valid Loss     : 1.3636	 | 	Valid Accuracy     : 0.3955

Epoch : 2
Train Loss     : 0.6897	 | 	Train Accuracy     : 0.6736
Valid Loss     : 0.9386	 | 	Valid Accuracy     : 0.5708

Epoch : 3
Train Loss     : 0.6239	 | 	Train Accuracy     : 0.7108
Valid Loss     : 1.1425	 | 	Valid Accuracy     : 0.5757

Epoch : 4
Train Loss     : 0.5751	 | 	Train Accuracy     : 0.7549
Valid Loss     : 1.2226	 | 	Valid Accuracy     : 0.5801

Epoch : 5
Train Loss     : 0.5638	 | 	Train Accuracy     : 0.7536
Valid Loss     : 1.4309	 | 	Valid Accuracy     : 0.5610

Epoch : 6
Train Loss     : 0.5524	 | 	Train Accuracy     : 0.7592
Valid Loss     : 1.2029	 | 	Valid Accuracy     : 0.5771

Epoch : 7
Train Loss     : 0.5318	 | 	Train Accuracy     : 0.7648
Valid Loss     : 1.2439	 | 	Valid Accuracy     : 0.5703

Epoch : 8
Train Loss     : 0.5228	 | 	Train Accuracy     : 0.7797
Valid Loss     : 1.2956	 | 	Valid Accuracy     : 0.5864

Epoch : 9
Train Loss     : 0.5332	 | 	Train Accuracy     : 0.7728
Valid Loss     : 1.2614	 | 	Valid Accuracy     : 0.5703

Epoch : 10
Train Loss     : 0.5511	 | 	Train Accuracy     : 0.7512
Valid Loss     : 1.6207	 | 	Valid Accuracy     : 0.5469

Epoch : 11
Train Loss     : 0.5122	 | 	Train Accuracy     : 0.7743
Valid Loss     : 1.5752	 | 	Valid Accuracy     : 0.5420

Epoch : 12
Train Loss     : 0.4971	 | 	Train Accuracy     : 0.7909
Valid Loss     : 1.3584	 | 	Valid Accuracy     : 0.5664

Epoch : 13
Train Loss     : 0.4959	 | 	Train Accuracy     : 0.7891
Valid Loss     : 1.5132	 | 	Valid Accuracy     : 0.5615

Epoch : 14
Train Loss     : 0.4828	 | 	Train Accuracy     : 0.8016
Valid Loss     : 1.4501	 | 	Valid Accuracy     : 0.5771

Epoch : 15
Train Loss     : 0.4818	 | 	Train Accuracy     : 0.8013
Valid Loss     : 1.5343	 | 	Valid Accuracy     : 0.5508

Epoch : 16
Train Loss     : 0.4857	 | 	Train Accuracy     : 0.7999
Valid Loss     : 1.3057	 | 	Valid Accuracy     : 0.5737

Epoch : 17
Train Loss     : 0.4786	 | 	Train Accuracy     : 0.8033
Valid Loss     : 1.4450	 | 	Valid Accuracy     : 0.5557

Epoch : 18
Train Loss     : 0.4767	 | 	Train Accuracy     : 0.8003
Valid Loss     : 1.4264	 | 	Valid Accuracy     : 0.5605

Epoch : 19
Train Loss     : 0.4765	 | 	Train Accuracy     : 0.7969
Valid Loss     : 1.3972	 | 	Valid Accuracy     : 0.5752

Epoch : 20
Train Loss     : 0.4897	 | 	Train Accuracy     : 0.7960
Valid Loss     : 1.3944	 | 	Valid Accuracy     : 0.5562

Epoch : 21
Train Loss     : 0.4771	 | 	Train Accuracy     : 0.8093
Valid Loss     : 1.3239	 | 	Valid Accuracy     : 0.5688

Epoch : 22
Train Loss     : 0.4839	 | 	Train Accuracy     : 0.8004
Valid Loss     : 1.4288	 | 	Valid Accuracy     : 0.5596

Epoch : 23
Train Loss     : 0.4802	 | 	Train Accuracy     : 0.8045
Valid Loss     : 1.5157	 | 	Valid Accuracy     : 0.5615

Epoch : 24
Train Loss     : 0.4761	 | 	Train Accuracy     : 0.8042
Valid Loss     : 1.2468	 | 	Valid Accuracy     : 0.5894

Epoch : 25
Train Loss     : 0.4772	 | 	Train Accuracy     : 0.8043
Valid Loss     : 1.4370	 | 	Valid Accuracy     : 0.5630

Epoch : 26
Train Loss     : 0.4699	 | 	Train Accuracy     : 0.8060
Valid Loss     : 1.3809	 | 	Valid Accuracy     : 0.5684

Epoch : 27
Train Loss     : 0.4778	 | 	Train Accuracy     : 0.8013
Valid Loss     : 1.3917	 | 	Valid Accuracy     : 0.5610

Epoch : 28
Train Loss     : 0.4731	 | 	Train Accuracy     : 0.8026
Valid Loss     : 1.4856	 | 	Valid Accuracy     : 0.5625

Epoch : 29
Train Loss     : 0.4710	 | 	Train Accuracy     : 0.8077
Valid Loss     : 1.3665	 | 	Valid Accuracy     : 0.5674

Epoch : 30
Train Loss     : 0.4706	 | 	Train Accuracy     : 0.8030
Valid Loss     : 1.3875	 | 	Valid Accuracy     : 0.5679

Evaluate on the Test set:
Test loss      :1.6578	 | Test Accuracy      : 0.5831 | Test AUPRC      : 0.4501
tensor([0.8262, 0.8824, 0.9287, 0.8859, 0.8204, 0.9494, 0.9277, 0.7890, 0.8965,
        0.7982, 0.8374, 0.8558, 0.9386, 0.7752, 0.9189, 0.7930, 0.7932, 0.7474,
        0.7477, 0.8105, 0.8196, 0.8932, 0.8224, 0.9876, 0.9427, 0.9372, 0.8685,
        0.8472, 0.7808, 0.7515, 0.8324, 0.9649, 0.9364, 0.7737, 0.7156, 0.8080,
        0.7801, 0.7382, 0.8216, 0.8135, 0.8484, 0.9348, 0.8271, 0.8695, 0.9168,
        0.8382, 0.7733, 0.8237, 0.8232, 0.7579, 0.8339, 0.7570, 0.7819, 0.8147,
        0.7682, 0.6918, 0.7631, 0.9266, 0.8778, 0.9448, 0.9063, 0.7894],
       device='cuda:0', grad_fn=<SqueezeBackward1>)

################## Training is Done! #########################
Training time is : 0:00:50.322914
