=============================================
Dataset: SEED
Method:  TS-TCC
Mode:    train_linear
=============================================
Data loaded ...
Subjet 2
if scale True
Training started ....

Epoch : 1
Train Loss     : 1.0964	 | 	Train Accuracy     : 0.4926
Valid Loss     : 1.4878	 | 	Valid Accuracy     : 0.3483

Epoch : 2
Train Loss     : 0.7176	 | 	Train Accuracy     : 0.7021
Valid Loss     : 1.8829	 | 	Valid Accuracy     : 0.5116

Epoch : 3
Train Loss     : 0.6468	 | 	Train Accuracy     : 0.7397
Valid Loss     : 1.9008	 | 	Valid Accuracy     : 0.5326

Epoch : 4
Train Loss     : 0.6134	 | 	Train Accuracy     : 0.7566
Valid Loss     : 1.3233	 | 	Valid Accuracy     : 0.5399

Epoch : 5
Train Loss     : 0.6068	 | 	Train Accuracy     : 0.7591
Valid Loss     : 1.5022	 | 	Valid Accuracy     : 0.5431

Epoch : 6
Train Loss     : 0.5821	 | 	Train Accuracy     : 0.7773
Valid Loss     : 1.4395	 | 	Valid Accuracy     : 0.5494

Epoch : 7
Train Loss     : 0.5743	 | 	Train Accuracy     : 0.7753
Valid Loss     : 1.2536	 | 	Valid Accuracy     : 0.5822

Epoch : 8
Train Loss     : 0.5557	 | 	Train Accuracy     : 0.7773
Valid Loss     : 1.5706	 | 	Valid Accuracy     : 0.5322

Epoch : 9
Train Loss     : 0.5506	 | 	Train Accuracy     : 0.7826
Valid Loss     : 1.3744	 | 	Valid Accuracy     : 0.5752

Epoch : 10
Train Loss     : 0.5779	 | 	Train Accuracy     : 0.7709
Valid Loss     : 1.5416	 | 	Valid Accuracy     : 0.5229

Epoch : 11
Train Loss     : 0.5853	 | 	Train Accuracy     : 0.7631
Valid Loss     : 1.5056	 | 	Valid Accuracy     : 0.5371

Epoch : 12
Train Loss     : 0.5296	 | 	Train Accuracy     : 0.7923
Valid Loss     : 1.3747	 | 	Valid Accuracy     : 0.5781

Epoch : 13
Train Loss     : 0.5197	 | 	Train Accuracy     : 0.7958
Valid Loss     : 1.3374	 | 	Valid Accuracy     : 0.5715

Epoch : 14
Train Loss     : 0.5430	 | 	Train Accuracy     : 0.7901
Valid Loss     : 1.7260	 | 	Valid Accuracy     : 0.5483

Epoch : 15
Train Loss     : 0.5160	 | 	Train Accuracy     : 0.7983
Valid Loss     : 1.6463	 | 	Valid Accuracy     : 0.5356

Epoch : 16
Train Loss     : 0.5286	 | 	Train Accuracy     : 0.7952
Valid Loss     : 1.3990	 | 	Valid Accuracy     : 0.5598

Epoch : 17
Train Loss     : 0.5319	 | 	Train Accuracy     : 0.7844
Valid Loss     : 1.4218	 | 	Valid Accuracy     : 0.5551

Epoch : 18
Train Loss     : 0.5353	 | 	Train Accuracy     : 0.7863
Valid Loss     : 1.4243	 | 	Valid Accuracy     : 0.5562

Epoch : 19
Train Loss     : 0.5137	 | 	Train Accuracy     : 0.8002
Valid Loss     : 1.3678	 | 	Valid Accuracy     : 0.5851

Epoch : 20
Train Loss     : 0.5012	 | 	Train Accuracy     : 0.8050
Valid Loss     : 1.4034	 | 	Valid Accuracy     : 0.5736

Epoch : 21
Train Loss     : 0.4886	 | 	Train Accuracy     : 0.8174
Valid Loss     : 1.3150	 | 	Valid Accuracy     : 0.5731

Epoch : 22
Train Loss     : 0.4922	 | 	Train Accuracy     : 0.8162
Valid Loss     : 1.5461	 | 	Valid Accuracy     : 0.5590

Epoch : 23
Train Loss     : 0.4866	 | 	Train Accuracy     : 0.8140
Valid Loss     : 1.5488	 | 	Valid Accuracy     : 0.5531

Epoch : 24
Train Loss     : 0.4906	 | 	Train Accuracy     : 0.8109
Valid Loss     : 1.4016	 | 	Valid Accuracy     : 0.5765

Epoch : 25
Train Loss     : 0.4914	 | 	Train Accuracy     : 0.8096
Valid Loss     : 1.3929	 | 	Valid Accuracy     : 0.5685

Epoch : 26
Train Loss     : 0.4910	 | 	Train Accuracy     : 0.8121
Valid Loss     : 1.4961	 | 	Valid Accuracy     : 0.5685

Epoch : 27
Train Loss     : 0.4902	 | 	Train Accuracy     : 0.8071
Valid Loss     : 1.6076	 | 	Valid Accuracy     : 0.5511

Epoch : 28
Train Loss     : 0.4908	 | 	Train Accuracy     : 0.8153
Valid Loss     : 1.8193	 | 	Valid Accuracy     : 0.5509

Epoch : 29
Train Loss     : 0.4849	 | 	Train Accuracy     : 0.8176
Valid Loss     : 1.5409	 | 	Valid Accuracy     : 0.5496

Epoch : 30
Train Loss     : 0.4887	 | 	Train Accuracy     : 0.8143
Valid Loss     : 1.4051	 | 	Valid Accuracy     : 0.5652

Evaluate on the Test set:
Test loss      :1.2183	 | Test Accuracy      : 0.5220 | Test AUPRC      : 0.5930
tensor([0.8571, 0.8248, 0.9878, 0.9318, 0.9131, 0.8702, 0.9423, 0.7546, 0.8588,
        0.8328, 0.8949, 0.8667, 0.8155, 0.8944, 0.8644, 0.7650, 0.7794, 0.8848,
        0.7280, 0.8236, 0.8684, 0.9207, 0.7616, 0.9875, 0.9210, 0.8642, 0.8871,
        0.8531, 0.8553, 0.7548, 0.8546, 0.9220, 0.9417, 0.8090, 0.7389, 0.8899,
        0.8566, 0.7738, 0.8924, 0.7837, 0.8571, 0.9173, 0.7939, 0.9551, 0.9257,
        0.8594, 0.8411, 0.8224, 0.7882, 0.7534, 0.8626, 0.8312, 0.8396, 0.8151,
        0.8588, 0.7115, 0.8388, 0.9645, 0.9934, 0.7966, 0.7654, 0.8298],
       device='cuda:0', grad_fn=<SqueezeBackward1>)

################## Training is Done! #########################
Training time is : 0:01:42.529551
