=============================================
Dataset: SEED
Method:  TS-TCC
Mode:    train_linear
=============================================
Data loaded ...
Subjet 4
if scale True
Training started ....

Epoch : 1
Train Loss     : 1.1756	 | 	Train Accuracy     : 0.4699
Valid Loss     : 1.5119	 | 	Valid Accuracy     : 0.4250

Epoch : 2
Train Loss     : 0.7091	 | 	Train Accuracy     : 0.6786
Valid Loss     : 1.1540	 | 	Valid Accuracy     : 0.4550

Epoch : 3
Train Loss     : 0.5496	 | 	Train Accuracy     : 0.7806
Valid Loss     : 1.1080	 | 	Valid Accuracy     : 0.4735

Epoch : 4
Train Loss     : 0.5070	 | 	Train Accuracy     : 0.7913
Valid Loss     : 1.1395	 | 	Valid Accuracy     : 0.5296

Epoch : 5
Train Loss     : 0.4958	 | 	Train Accuracy     : 0.7902
Valid Loss     : 1.0831	 | 	Valid Accuracy     : 0.5268

Epoch : 6
Train Loss     : 0.5019	 | 	Train Accuracy     : 0.7783
Valid Loss     : 1.1530	 | 	Valid Accuracy     : 0.5418

Epoch : 7
Train Loss     : 0.4446	 | 	Train Accuracy     : 0.8244
Valid Loss     : 1.0738	 | 	Valid Accuracy     : 0.5610

Epoch : 8
Train Loss     : 0.4046	 | 	Train Accuracy     : 0.8374
Valid Loss     : 1.0878	 | 	Valid Accuracy     : 0.5613

Epoch : 9
Train Loss     : 0.4001	 | 	Train Accuracy     : 0.8444
Valid Loss     : 1.0633	 | 	Valid Accuracy     : 0.5751

Epoch : 10
Train Loss     : 0.3903	 | 	Train Accuracy     : 0.8483
Valid Loss     : 1.0626	 | 	Valid Accuracy     : 0.5689

Epoch : 11
Train Loss     : 0.3851	 | 	Train Accuracy     : 0.8529
Valid Loss     : 1.0759	 | 	Valid Accuracy     : 0.5745

Epoch : 12
Train Loss     : 0.3736	 | 	Train Accuracy     : 0.8598
Valid Loss     : 1.1055	 | 	Valid Accuracy     : 0.5669

Epoch : 13
Train Loss     : 0.3650	 | 	Train Accuracy     : 0.8643
Valid Loss     : 1.1178	 | 	Valid Accuracy     : 0.5613

Epoch : 14
Train Loss     : 0.3590	 | 	Train Accuracy     : 0.8601
Valid Loss     : 1.1186	 | 	Valid Accuracy     : 0.5695

Epoch : 15
Train Loss     : 0.3541	 | 	Train Accuracy     : 0.8704
Valid Loss     : 1.0889	 | 	Valid Accuracy     : 0.5673

Epoch : 16
Train Loss     : 0.3337	 | 	Train Accuracy     : 0.8856
Valid Loss     : 1.0952	 | 	Valid Accuracy     : 0.5872

Epoch : 17
Train Loss     : 0.3592	 | 	Train Accuracy     : 0.8560
Valid Loss     : 1.1315	 | 	Valid Accuracy     : 0.5810

Epoch : 18
Train Loss     : 0.3590	 | 	Train Accuracy     : 0.8595
Valid Loss     : 1.1190	 | 	Valid Accuracy     : 0.5874

Epoch : 19
Train Loss     : 0.3390	 | 	Train Accuracy     : 0.8733
Valid Loss     : 1.1883	 | 	Valid Accuracy     : 0.5616

Epoch : 20
Train Loss     : 0.3407	 | 	Train Accuracy     : 0.8735
Valid Loss     : 1.1078	 | 	Valid Accuracy     : 0.5903

Epoch : 21
Train Loss     : 0.3300	 | 	Train Accuracy     : 0.8811
Valid Loss     : 1.1578	 | 	Valid Accuracy     : 0.5845

Epoch : 22
Train Loss     : 0.3186	 | 	Train Accuracy     : 0.8872
Valid Loss     : 1.1055	 | 	Valid Accuracy     : 0.5852

Epoch : 23
Train Loss     : 0.3154	 | 	Train Accuracy     : 0.8878
Valid Loss     : 1.1487	 | 	Valid Accuracy     : 0.5767

Epoch : 24
Train Loss     : 0.3194	 | 	Train Accuracy     : 0.8895
Valid Loss     : 1.1234	 | 	Valid Accuracy     : 0.5759

Epoch : 25
Train Loss     : 0.3130	 | 	Train Accuracy     : 0.8868
Valid Loss     : 1.1083	 | 	Valid Accuracy     : 0.5859

Epoch : 26
Train Loss     : 0.3063	 | 	Train Accuracy     : 0.8967
Valid Loss     : 1.1421	 | 	Valid Accuracy     : 0.5812

Epoch : 27
Train Loss     : 0.3058	 | 	Train Accuracy     : 0.8905
Valid Loss     : 1.1456	 | 	Valid Accuracy     : 0.5751

Epoch : 28
Train Loss     : 0.3022	 | 	Train Accuracy     : 0.8915
Valid Loss     : 1.1542	 | 	Valid Accuracy     : 0.5908

Epoch : 29
Train Loss     : 0.3153	 | 	Train Accuracy     : 0.8882
Valid Loss     : 1.1207	 | 	Valid Accuracy     : 0.5864

Epoch : 30
Train Loss     : 0.3081	 | 	Train Accuracy     : 0.8967
Valid Loss     : 1.1309	 | 	Valid Accuracy     : 0.5820

Evaluate on the Test set:
Test loss      :1.2533	 | Test Accuracy      : 0.5769 | Test AUPRC      : 0.6614
tensor([0.9078, 0.9277, 0.9404, 0.8748, 0.8071, 0.9650, 0.9644, 0.8136, 0.8836,
        0.8251, 0.8325, 0.8215, 0.9041, 0.9390, 0.9108, 0.8088, 0.8941, 0.8592,
        0.7916, 0.8741, 0.8458, 0.8103, 0.8729, 1.0592, 0.9199, 0.9491, 0.9068,
        0.8386, 0.8499, 0.8242, 0.8572, 1.0331, 0.9607, 0.8038, 0.8005, 0.8523,
        0.8993, 0.8272, 0.8295, 0.8657, 0.9684, 0.9369, 0.8487, 0.8683, 0.8708,
        0.8804, 0.8766, 0.8669, 0.8803, 0.8359, 0.8046, 0.8645, 0.8702, 0.8828,
        0.8509, 0.7889, 0.8112, 0.8955, 0.9404, 0.9062, 0.9186, 0.8518],
       device='cuda:0', grad_fn=<SqueezeBackward1>)

################## Training is Done! #########################
Training time is : 0:01:21.588569
