=============================================
Dataset: SEED
Method:  TS-TCC
Mode:    train_linear
=============================================
Data loaded ...
Subjet 8
if scale True
Training started ....

Epoch : 1
Train Loss     : 1.2426	 | 	Train Accuracy     : 0.4788
Valid Loss     : 0.7561	 | 	Valid Accuracy     : 0.6414

Epoch : 2
Train Loss     : 0.7062	 | 	Train Accuracy     : 0.6941
Valid Loss     : 0.5653	 | 	Valid Accuracy     : 0.7535

Epoch : 3
Train Loss     : 0.5193	 | 	Train Accuracy     : 0.7709
Valid Loss     : 0.5314	 | 	Valid Accuracy     : 0.7428

Epoch : 4
Train Loss     : 0.4352	 | 	Train Accuracy     : 0.7934
Valid Loss     : 0.5965	 | 	Valid Accuracy     : 0.6706

Epoch : 5
Train Loss     : 0.3899	 | 	Train Accuracy     : 0.8434
Valid Loss     : 0.5607	 | 	Valid Accuracy     : 0.7066

Epoch : 6
Train Loss     : 0.3564	 | 	Train Accuracy     : 0.8579
Valid Loss     : 0.5481	 | 	Valid Accuracy     : 0.7289

Epoch : 7
Train Loss     : 0.3405	 | 	Train Accuracy     : 0.8637
Valid Loss     : 0.5657	 | 	Valid Accuracy     : 0.7139

Epoch : 8
Train Loss     : 0.3388	 | 	Train Accuracy     : 0.8671
Valid Loss     : 0.5157	 | 	Valid Accuracy     : 0.7611

Epoch : 9
Train Loss     : 0.3201	 | 	Train Accuracy     : 0.8775
Valid Loss     : 0.5396	 | 	Valid Accuracy     : 0.7526

Epoch : 10
Train Loss     : 0.3085	 | 	Train Accuracy     : 0.8778
Valid Loss     : 0.6395	 | 	Valid Accuracy     : 0.7365

Epoch : 11
Train Loss     : 0.3003	 | 	Train Accuracy     : 0.8875
Valid Loss     : 0.7183	 | 	Valid Accuracy     : 0.7111

Epoch : 12
Train Loss     : 0.3008	 | 	Train Accuracy     : 0.8878
Valid Loss     : 0.7644	 | 	Valid Accuracy     : 0.7153

Epoch : 13
Train Loss     : 0.2946	 | 	Train Accuracy     : 0.8825
Valid Loss     : 0.7146	 | 	Valid Accuracy     : 0.7343

Epoch : 14
Train Loss     : 0.2847	 | 	Train Accuracy     : 0.8887
Valid Loss     : 0.7282	 | 	Valid Accuracy     : 0.7294

Epoch : 15
Train Loss     : 0.2731	 | 	Train Accuracy     : 0.8960
Valid Loss     : 0.7479	 | 	Valid Accuracy     : 0.7244

Epoch : 16
Train Loss     : 0.2617	 | 	Train Accuracy     : 0.9031
Valid Loss     : 0.7462	 | 	Valid Accuracy     : 0.7270

Epoch : 17
Train Loss     : 0.2576	 | 	Train Accuracy     : 0.9014
Valid Loss     : 0.7777	 | 	Valid Accuracy     : 0.7241

Epoch : 18
Train Loss     : 0.2578	 | 	Train Accuracy     : 0.9030
Valid Loss     : 0.7385	 | 	Valid Accuracy     : 0.7350

Epoch : 19
Train Loss     : 0.2590	 | 	Train Accuracy     : 0.9065
Valid Loss     : 0.8868	 | 	Valid Accuracy     : 0.7145

Epoch : 20
Train Loss     : 0.2508	 | 	Train Accuracy     : 0.9059
Valid Loss     : 0.7314	 | 	Valid Accuracy     : 0.7431

Epoch : 21
Train Loss     : 0.2504	 | 	Train Accuracy     : 0.9065
Valid Loss     : 0.7256	 | 	Valid Accuracy     : 0.7380

Epoch : 22
Train Loss     : 0.2456	 | 	Train Accuracy     : 0.9075
Valid Loss     : 0.7680	 | 	Valid Accuracy     : 0.7361

Epoch : 23
Train Loss     : 0.2423	 | 	Train Accuracy     : 0.9102
Valid Loss     : 0.7717	 | 	Valid Accuracy     : 0.7281

Epoch : 24
Train Loss     : 0.2401	 | 	Train Accuracy     : 0.9101
Valid Loss     : 0.7733	 | 	Valid Accuracy     : 0.7332

Epoch : 25
Train Loss     : 0.2433	 | 	Train Accuracy     : 0.9148
Valid Loss     : 0.7872	 | 	Valid Accuracy     : 0.7259

Epoch : 26
Train Loss     : 0.2371	 | 	Train Accuracy     : 0.9161
Valid Loss     : 0.7829	 | 	Valid Accuracy     : 0.7249

Epoch : 27
Train Loss     : 0.2347	 | 	Train Accuracy     : 0.9108
Valid Loss     : 0.7642	 | 	Valid Accuracy     : 0.7342

Epoch : 28
Train Loss     : 0.2356	 | 	Train Accuracy     : 0.9186
Valid Loss     : 0.7893	 | 	Valid Accuracy     : 0.7272

Epoch : 29
Train Loss     : 0.2346	 | 	Train Accuracy     : 0.9160
Valid Loss     : 0.7629	 | 	Valid Accuracy     : 0.7321

Epoch : 30
Train Loss     : 0.2357	 | 	Train Accuracy     : 0.9139
Valid Loss     : 0.7860	 | 	Valid Accuracy     : 0.7272

Evaluate on the Test set:
Test loss      :0.9844	 | Test Accuracy      : 0.6839 | Test AUPRC      : 0.7389
tensor([0.9202, 0.9119, 1.0005, 0.9707, 0.9063, 0.9756, 0.9475, 0.8817, 0.9081,
        0.8957, 0.9268, 0.9030, 0.9052, 0.8998, 0.9317, 0.8745, 0.8931, 0.8887,
        0.8730, 0.9161, 0.9689, 0.9228, 0.8980, 0.9955, 0.9267, 0.9197, 0.9467,
        0.8917, 0.8786, 0.9126, 0.9272, 0.9907, 0.9414, 0.8819, 0.8593, 0.9613,
        0.9133, 0.8827, 0.9412, 0.8857, 1.0010, 0.9407, 0.9135, 0.9099, 0.9116,
        0.9254, 0.8881, 0.9081, 0.8791, 0.8519, 0.8703, 0.8924, 0.8739, 0.8859,
        0.9036, 0.8421, 0.8831, 0.9107, 0.9164, 0.9141, 0.9580, 0.8933],
       device='cuda:0', grad_fn=<SqueezeBackward1>)

################## Training is Done! #########################
Training time is : 0:01:12.685562
