=============================================
Dataset: SEED
Method:  TS-TCC
Mode:    train_linear
=============================================
Data loaded ...
Subjet 14
if scale True
Training started ....

Epoch : 1
Train Loss     : 0.9172	 | 	Train Accuracy     : 0.6053
Valid Loss     : 1.0134	 | 	Valid Accuracy     : 0.4810

Epoch : 2
Train Loss     : 0.6162	 | 	Train Accuracy     : 0.7770
Valid Loss     : 0.8179	 | 	Valid Accuracy     : 0.5762

Epoch : 3
Train Loss     : 0.5540	 | 	Train Accuracy     : 0.7950
Valid Loss     : 0.8136	 | 	Valid Accuracy     : 0.6035

Epoch : 4
Train Loss     : 0.5208	 | 	Train Accuracy     : 0.7999
Valid Loss     : 0.8151	 | 	Valid Accuracy     : 0.6030

Epoch : 5
Train Loss     : 0.5007	 | 	Train Accuracy     : 0.8096
Valid Loss     : 0.8599	 | 	Valid Accuracy     : 0.5957

Epoch : 6
Train Loss     : 0.4896	 | 	Train Accuracy     : 0.8101
Valid Loss     : 0.9290	 | 	Valid Accuracy     : 0.6104

Epoch : 7
Train Loss     : 0.4786	 | 	Train Accuracy     : 0.8162
Valid Loss     : 0.9206	 | 	Valid Accuracy     : 0.6113

Epoch : 8
Train Loss     : 0.4679	 | 	Train Accuracy     : 0.8224
Valid Loss     : 1.0250	 | 	Valid Accuracy     : 0.5908

Epoch : 9
Train Loss     : 0.4944	 | 	Train Accuracy     : 0.8088
Valid Loss     : 0.9669	 | 	Valid Accuracy     : 0.6187

Epoch : 10
Train Loss     : 0.4861	 | 	Train Accuracy     : 0.8159
Valid Loss     : 0.9211	 | 	Valid Accuracy     : 0.6235

Epoch : 11
Train Loss     : 0.4662	 | 	Train Accuracy     : 0.8213
Valid Loss     : 0.8314	 | 	Valid Accuracy     : 0.6211

Epoch : 12
Train Loss     : 0.4769	 | 	Train Accuracy     : 0.8147
Valid Loss     : 0.9076	 | 	Valid Accuracy     : 0.6021

Epoch : 13
Train Loss     : 0.4718	 | 	Train Accuracy     : 0.8164
Valid Loss     : 0.8769	 | 	Valid Accuracy     : 0.6128

Epoch : 14
Train Loss     : 0.4613	 | 	Train Accuracy     : 0.8193
Valid Loss     : 0.9367	 | 	Valid Accuracy     : 0.6162

Epoch : 15
Train Loss     : 0.4490	 | 	Train Accuracy     : 0.8251
Valid Loss     : 0.9516	 | 	Valid Accuracy     : 0.6206

Epoch : 16
Train Loss     : 0.4319	 | 	Train Accuracy     : 0.8331
Valid Loss     : 0.9853	 | 	Valid Accuracy     : 0.6133

Epoch : 17
Train Loss     : 0.4376	 | 	Train Accuracy     : 0.8268
Valid Loss     : 0.9785	 | 	Valid Accuracy     : 0.6089

Epoch : 18
Train Loss     : 0.4385	 | 	Train Accuracy     : 0.8278
Valid Loss     : 0.9661	 | 	Valid Accuracy     : 0.6245

Epoch : 19
Train Loss     : 0.4328	 | 	Train Accuracy     : 0.8332
Valid Loss     : 0.9539	 | 	Valid Accuracy     : 0.6187

Epoch : 20
Train Loss     : 0.4369	 | 	Train Accuracy     : 0.8276
Valid Loss     : 0.9874	 | 	Valid Accuracy     : 0.6235

Epoch : 21
Train Loss     : 0.4386	 | 	Train Accuracy     : 0.8329
Valid Loss     : 0.9835	 | 	Valid Accuracy     : 0.6216

Epoch : 22
Train Loss     : 0.4385	 | 	Train Accuracy     : 0.8346
Valid Loss     : 0.9933	 | 	Valid Accuracy     : 0.6245

Epoch : 23
Train Loss     : 0.4293	 | 	Train Accuracy     : 0.8388
Valid Loss     : 0.9378	 | 	Valid Accuracy     : 0.6196

Epoch : 24
Train Loss     : 0.4325	 | 	Train Accuracy     : 0.8281
Valid Loss     : 0.9308	 | 	Valid Accuracy     : 0.6113

Epoch : 25
Train Loss     : 0.4272	 | 	Train Accuracy     : 0.8383
Valid Loss     : 0.9743	 | 	Valid Accuracy     : 0.6240

Epoch : 26
Train Loss     : 0.4290	 | 	Train Accuracy     : 0.8308
Valid Loss     : 0.9560	 | 	Valid Accuracy     : 0.6167

Epoch : 27
Train Loss     : 0.4220	 | 	Train Accuracy     : 0.8390
Valid Loss     : 0.9709	 | 	Valid Accuracy     : 0.6245

Epoch : 28
Train Loss     : 0.4308	 | 	Train Accuracy     : 0.8358
Valid Loss     : 0.9312	 | 	Valid Accuracy     : 0.6270

Epoch : 29
Train Loss     : 0.4264	 | 	Train Accuracy     : 0.8327
Valid Loss     : 0.9585	 | 	Valid Accuracy     : 0.6196

Epoch : 30
Train Loss     : 0.4281	 | 	Train Accuracy     : 0.8354
Valid Loss     : 0.9755	 | 	Valid Accuracy     : 0.6250

Evaluate on the Test set:
Test loss      :0.8871	 | Test Accuracy      : 0.6682 | Test AUPRC      : 0.5636
tensor([0.7964, 0.8244, 0.7646, 0.8364, 0.8719, 0.7413, 0.9051, 0.7899, 0.8840,
        0.7715, 0.7372, 0.7477, 0.8194, 0.9014, 0.8263, 0.7100, 0.8093, 0.7798,
        0.6980, 0.8290, 0.7284, 0.9003, 0.7640, 0.8705, 0.9219, 0.7886, 0.8025,
        0.7536, 0.7568, 0.7229, 0.8483, 0.9699, 1.0334, 0.7769, 0.6913, 0.8238,
        0.7912, 0.7222, 0.7488, 0.7979, 1.0043, 0.9303, 0.8212, 0.8320, 0.7915,
        0.8443, 0.7638, 0.8218, 0.7369, 0.7471, 0.8171, 0.7217, 0.7751, 0.7365,
        0.7905, 0.7078, 0.7454, 0.7590, 0.9084, 0.7407, 0.8600, 0.7644],
       device='cuda:0', grad_fn=<SqueezeBackward1>)

################## Training is Done! #########################
Training time is : 0:00:50.264879
