=============================================
Dataset: SEED
Method:  TS-TCC
Mode:    train_linear
=============================================
Data loaded ...
Subjet 13
if scale True
Training started ....

Epoch : 1
Train Loss     : 1.0515	 | 	Train Accuracy     : 0.5404
Valid Loss     : 2.0330	 | 	Valid Accuracy     : 0.3430

Epoch : 2
Train Loss     : 0.5461	 | 	Train Accuracy     : 0.7655
Valid Loss     : 1.1958	 | 	Valid Accuracy     : 0.5059

Epoch : 3
Train Loss     : 0.3989	 | 	Train Accuracy     : 0.8330
Valid Loss     : 1.1111	 | 	Valid Accuracy     : 0.4830

Epoch : 4
Train Loss     : 0.3604	 | 	Train Accuracy     : 0.8577
Valid Loss     : 1.0141	 | 	Valid Accuracy     : 0.5974

Epoch : 5
Train Loss     : 0.3120	 | 	Train Accuracy     : 0.8746
Valid Loss     : 1.0033	 | 	Valid Accuracy     : 0.6015

Epoch : 6
Train Loss     : 0.3005	 | 	Train Accuracy     : 0.8817
Valid Loss     : 1.0741	 | 	Valid Accuracy     : 0.6211

Epoch : 7
Train Loss     : 0.2755	 | 	Train Accuracy     : 0.9012
Valid Loss     : 1.2029	 | 	Valid Accuracy     : 0.6605

Epoch : 8
Train Loss     : 0.2615	 | 	Train Accuracy     : 0.8983
Valid Loss     : 1.1904	 | 	Valid Accuracy     : 0.6643

Epoch : 9
Train Loss     : 0.2549	 | 	Train Accuracy     : 0.9042
Valid Loss     : 1.1817	 | 	Valid Accuracy     : 0.6552

Epoch : 10
Train Loss     : 0.2618	 | 	Train Accuracy     : 0.8943
Valid Loss     : 1.1362	 | 	Valid Accuracy     : 0.6346

Epoch : 11
Train Loss     : 0.2748	 | 	Train Accuracy     : 0.8900
Valid Loss     : 1.2251	 | 	Valid Accuracy     : 0.6439

Epoch : 12
Train Loss     : 0.2799	 | 	Train Accuracy     : 0.8787
Valid Loss     : 1.2672	 | 	Valid Accuracy     : 0.6367

Epoch : 13
Train Loss     : 0.2866	 | 	Train Accuracy     : 0.8793
Valid Loss     : 1.2053	 | 	Valid Accuracy     : 0.6488

Epoch : 14
Train Loss     : 0.2511	 | 	Train Accuracy     : 0.8951
Valid Loss     : 1.3525	 | 	Valid Accuracy     : 0.6697

Epoch : 15
Train Loss     : 0.2208	 | 	Train Accuracy     : 0.9208
Valid Loss     : 1.3289	 | 	Valid Accuracy     : 0.6702

Epoch : 16
Train Loss     : 0.2236	 | 	Train Accuracy     : 0.9161
Valid Loss     : 1.3718	 | 	Valid Accuracy     : 0.6811

Epoch : 17
Train Loss     : 0.2090	 | 	Train Accuracy     : 0.9186
Valid Loss     : 1.4305	 | 	Valid Accuracy     : 0.6830

Epoch : 18
Train Loss     : 0.2051	 | 	Train Accuracy     : 0.9257
Valid Loss     : 1.4691	 | 	Valid Accuracy     : 0.6811

Epoch : 19
Train Loss     : 0.2127	 | 	Train Accuracy     : 0.9235
Valid Loss     : 1.4225	 | 	Valid Accuracy     : 0.6831

Epoch : 20
Train Loss     : 0.2030	 | 	Train Accuracy     : 0.9244
Valid Loss     : 1.4114	 | 	Valid Accuracy     : 0.6812

Epoch : 21
Train Loss     : 0.2033	 | 	Train Accuracy     : 0.9239
Valid Loss     : 1.4441	 | 	Valid Accuracy     : 0.6760

Epoch : 22
Train Loss     : 0.2055	 | 	Train Accuracy     : 0.9235
Valid Loss     : 1.4200	 | 	Valid Accuracy     : 0.6867

Epoch : 23
Train Loss     : 0.2044	 | 	Train Accuracy     : 0.9229
Valid Loss     : 1.4046	 | 	Valid Accuracy     : 0.6795

Epoch : 24
Train Loss     : 0.2013	 | 	Train Accuracy     : 0.9252
Valid Loss     : 1.4423	 | 	Valid Accuracy     : 0.6830

Epoch : 25
Train Loss     : 0.2002	 | 	Train Accuracy     : 0.9270
Valid Loss     : 1.3922	 | 	Valid Accuracy     : 0.6780

Epoch : 26
Train Loss     : 0.2007	 | 	Train Accuracy     : 0.9286
Valid Loss     : 1.4041	 | 	Valid Accuracy     : 0.6792

Epoch : 27
Train Loss     : 0.2030	 | 	Train Accuracy     : 0.9208
Valid Loss     : 1.4611	 | 	Valid Accuracy     : 0.6822

Epoch : 28
Train Loss     : 0.2045	 | 	Train Accuracy     : 0.9249
Valid Loss     : 1.4671	 | 	Valid Accuracy     : 0.6684

Epoch : 29
Train Loss     : 0.2003	 | 	Train Accuracy     : 0.9256
Valid Loss     : 1.4100	 | 	Valid Accuracy     : 0.6791

Epoch : 30
Train Loss     : 0.2034	 | 	Train Accuracy     : 0.9208
Valid Loss     : 1.3763	 | 	Valid Accuracy     : 0.6810

Evaluate on the Test set:
Test loss      :2.0359	 | Test Accuracy      : 0.5602 | Test AUPRC      : 0.5722
tensor([0.9389, 0.9432, 0.9770, 0.9723, 0.9305, 0.9631, 1.0027, 0.9180, 0.9506,
        0.9208, 0.8907, 0.8913, 0.9813, 0.9294, 0.9280, 0.8837, 0.9280, 0.9047,
        0.8800, 0.9659, 0.9232, 0.9102, 0.9072, 1.0197, 0.9788, 0.9413, 0.9563,
        0.9161, 0.8901, 0.8965, 0.9291, 0.9941, 0.9847, 0.9372, 0.8829, 0.9334,
        0.9089, 0.8934, 0.9431, 0.8950, 0.9461, 0.9436, 0.9248, 0.9211, 0.9119,
        0.8936, 0.9495, 0.8982, 0.9156, 0.8848, 0.8910, 0.8929, 0.8911, 0.9479,
        0.9199, 0.8672, 0.9024, 0.9001, 0.9223, 0.9606, 0.9269, 0.9086],
       device='cuda:0', grad_fn=<SqueezeBackward1>)

################## Training is Done! #########################
Training time is : 0:01:10.966892
