=============================================
Dataset: SEED
Method:  TS-TCC
Mode:    train_linear
=============================================
Data loaded ...
Subjet 9
if scale True
Training started ....

Epoch : 1
Train Loss     : 1.0799	 | 	Train Accuracy     : 0.5309
Valid Loss     : 0.9474	 | 	Valid Accuracy     : 0.4880

Epoch : 2
Train Loss     : 0.7262	 | 	Train Accuracy     : 0.6885
Valid Loss     : 0.6613	 | 	Valid Accuracy     : 0.6683

Epoch : 3
Train Loss     : 0.5527	 | 	Train Accuracy     : 0.7595
Valid Loss     : 0.6552	 | 	Valid Accuracy     : 0.6932

Epoch : 4
Train Loss     : 0.4804	 | 	Train Accuracy     : 0.8053
Valid Loss     : 0.6125	 | 	Valid Accuracy     : 0.7306

Epoch : 5
Train Loss     : 0.4702	 | 	Train Accuracy     : 0.8063
Valid Loss     : 0.5758	 | 	Valid Accuracy     : 0.7474

Epoch : 6
Train Loss     : 0.4829	 | 	Train Accuracy     : 0.7929
Valid Loss     : 0.6557	 | 	Valid Accuracy     : 0.6984

Epoch : 7
Train Loss     : 0.4398	 | 	Train Accuracy     : 0.8089
Valid Loss     : 0.6667	 | 	Valid Accuracy     : 0.6891

Epoch : 8
Train Loss     : 0.4155	 | 	Train Accuracy     : 0.8296
Valid Loss     : 0.6753	 | 	Valid Accuracy     : 0.6907

Epoch : 9
Train Loss     : 0.4007	 | 	Train Accuracy     : 0.8373
Valid Loss     : 0.6374	 | 	Valid Accuracy     : 0.7034

Epoch : 10
Train Loss     : 0.3840	 | 	Train Accuracy     : 0.8497
Valid Loss     : 0.6225	 | 	Valid Accuracy     : 0.7170

Epoch : 11
Train Loss     : 0.3774	 | 	Train Accuracy     : 0.8456
Valid Loss     : 0.6089	 | 	Valid Accuracy     : 0.7246

Epoch : 12
Train Loss     : 0.3744	 | 	Train Accuracy     : 0.8484
Valid Loss     : 0.5964	 | 	Valid Accuracy     : 0.7324

Epoch : 13
Train Loss     : 0.3597	 | 	Train Accuracy     : 0.8575
Valid Loss     : 0.6225	 | 	Valid Accuracy     : 0.7144

Epoch : 14
Train Loss     : 0.3583	 | 	Train Accuracy     : 0.8529
Valid Loss     : 0.6261	 | 	Valid Accuracy     : 0.7106

Epoch : 15
Train Loss     : 0.3441	 | 	Train Accuracy     : 0.8652
Valid Loss     : 0.6500	 | 	Valid Accuracy     : 0.7112

Epoch : 16
Train Loss     : 0.3513	 | 	Train Accuracy     : 0.8598
Valid Loss     : 0.6474	 | 	Valid Accuracy     : 0.7081

Epoch : 17
Train Loss     : 0.3425	 | 	Train Accuracy     : 0.8612
Valid Loss     : 0.6334	 | 	Valid Accuracy     : 0.7216

Epoch : 18
Train Loss     : 0.3367	 | 	Train Accuracy     : 0.8697
Valid Loss     : 0.6206	 | 	Valid Accuracy     : 0.7168

Epoch : 19
Train Loss     : 0.3328	 | 	Train Accuracy     : 0.8664
Valid Loss     : 0.6197	 | 	Valid Accuracy     : 0.7155

Epoch : 20
Train Loss     : 0.3308	 | 	Train Accuracy     : 0.8712
Valid Loss     : 0.6254	 | 	Valid Accuracy     : 0.7126

Epoch : 21
Train Loss     : 0.3298	 | 	Train Accuracy     : 0.8700
Valid Loss     : 0.6027	 | 	Valid Accuracy     : 0.7281

Epoch : 22
Train Loss     : 0.3306	 | 	Train Accuracy     : 0.8655
Valid Loss     : 0.6145	 | 	Valid Accuracy     : 0.7188

Epoch : 23
Train Loss     : 0.3258	 | 	Train Accuracy     : 0.8733
Valid Loss     : 0.6478	 | 	Valid Accuracy     : 0.7017

Epoch : 24
Train Loss     : 0.3320	 | 	Train Accuracy     : 0.8698
Valid Loss     : 0.6169	 | 	Valid Accuracy     : 0.7151

Epoch : 25
Train Loss     : 0.3271	 | 	Train Accuracy     : 0.8705
Valid Loss     : 0.6376	 | 	Valid Accuracy     : 0.7131

Epoch : 26
Train Loss     : 0.3310	 | 	Train Accuracy     : 0.8699
Valid Loss     : 0.6347	 | 	Valid Accuracy     : 0.7181

Epoch : 27
Train Loss     : 0.3330	 | 	Train Accuracy     : 0.8732
Valid Loss     : 0.6288	 | 	Valid Accuracy     : 0.7188

Epoch : 28
Train Loss     : 0.3291	 | 	Train Accuracy     : 0.8718
Valid Loss     : 0.6249	 | 	Valid Accuracy     : 0.7138

Epoch : 29
Train Loss     : 0.3218	 | 	Train Accuracy     : 0.8697
Valid Loss     : 0.6422	 | 	Valid Accuracy     : 0.7093

Epoch : 30
Train Loss     : 0.3251	 | 	Train Accuracy     : 0.8776
Valid Loss     : 0.6312	 | 	Valid Accuracy     : 0.7134

Evaluate on the Test set:
Test loss      :0.9162	 | Test Accuracy      : 0.6408 | Test AUPRC      : 0.6711
tensor([0.8408, 0.8827, 0.9832, 0.8960, 0.8325, 0.9627, 0.9758, 0.8454, 0.8914,
        0.8932, 0.8725, 0.8433, 0.9360, 0.9382, 0.9217, 0.8108, 0.8254, 0.8728,
        0.8145, 0.9043, 0.9323, 0.9672, 0.8721, 1.0777, 0.9114, 0.8848, 0.9078,
        0.9126, 0.8384, 0.8273, 0.8421, 0.9456, 0.9896, 0.8818, 0.8130, 0.9020,
        0.8369, 0.8442, 0.9270, 0.8750, 0.9692, 0.9276, 0.8794, 0.9359, 0.8874,
        0.8946, 0.8551, 0.9394, 0.8417, 0.8597, 0.8805, 0.8320, 0.8177, 0.8653,
        0.8436, 0.7881, 0.8424, 0.8752, 0.8856, 0.8559, 0.9340, 0.8868],
       device='cuda:0', grad_fn=<SqueezeBackward1>)

################## Training is Done! #########################
Training time is : 0:01:32.840147
