=============================================
Dataset: SEED
Method:  TS-TCC
Mode:    fine_tune
=============================================
Data loaded ...
Subjet 11
if scale True
Training started ....

Epoch : 1
Train Loss     : 0.7484	 | 	Train Accuracy     : 0.6625
Valid Loss     : 1.0549	 | 	Valid Accuracy     : 0.5166

Epoch : 2
Train Loss     : 0.4746	 | 	Train Accuracy     : 0.8054
Valid Loss     : 0.4692	 | 	Valid Accuracy     : 0.7969

Epoch : 3
Train Loss     : 0.3829	 | 	Train Accuracy     : 0.8578
Valid Loss     : 0.4551	 | 	Valid Accuracy     : 0.8086

Epoch : 4
Train Loss     : 0.3239	 | 	Train Accuracy     : 0.8879
Valid Loss     : 0.4089	 | 	Valid Accuracy     : 0.8394

Epoch : 5
Train Loss     : 0.2941	 | 	Train Accuracy     : 0.8942
Valid Loss     : 0.4344	 | 	Valid Accuracy     : 0.8247

Epoch : 6
Train Loss     : 0.2756	 | 	Train Accuracy     : 0.9040
Valid Loss     : 0.3978	 | 	Valid Accuracy     : 0.8354

Epoch : 7
Train Loss     : 0.2463	 | 	Train Accuracy     : 0.9181
Valid Loss     : 0.3549	 | 	Valid Accuracy     : 0.8506

Epoch : 8
Train Loss     : 0.2358	 | 	Train Accuracy     : 0.9227
Valid Loss     : 0.3636	 | 	Valid Accuracy     : 0.8447

Epoch : 9
Train Loss     : 0.2213	 | 	Train Accuracy     : 0.9299
Valid Loss     : 0.3683	 | 	Valid Accuracy     : 0.8521

Epoch : 10
Train Loss     : 0.2053	 | 	Train Accuracy     : 0.9309
Valid Loss     : 0.4093	 | 	Valid Accuracy     : 0.8325

Epoch : 11
Train Loss     : 0.1890	 | 	Train Accuracy     : 0.9377
Valid Loss     : 0.4189	 | 	Valid Accuracy     : 0.8325

Epoch : 12
Train Loss     : 0.1857	 | 	Train Accuracy     : 0.9389
Valid Loss     : 0.4536	 | 	Valid Accuracy     : 0.8193

Epoch : 13
Train Loss     : 0.1832	 | 	Train Accuracy     : 0.9373
Valid Loss     : 0.3711	 | 	Valid Accuracy     : 0.8477

Epoch : 14
Train Loss     : 0.1740	 | 	Train Accuracy     : 0.9392
Valid Loss     : 0.3761	 | 	Valid Accuracy     : 0.8438

Epoch : 15
Train Loss     : 0.1601	 | 	Train Accuracy     : 0.9455
Valid Loss     : 0.3781	 | 	Valid Accuracy     : 0.8408

Epoch : 16
Train Loss     : 0.1538	 | 	Train Accuracy     : 0.9480
Valid Loss     : 0.3923	 | 	Valid Accuracy     : 0.8418

Epoch : 17
Train Loss     : 0.1488	 | 	Train Accuracy     : 0.9494
Valid Loss     : 0.4151	 | 	Valid Accuracy     : 0.8398

Epoch : 18
Train Loss     : 0.1470	 | 	Train Accuracy     : 0.9502
Valid Loss     : 0.3775	 | 	Valid Accuracy     : 0.8481

Epoch : 19
Train Loss     : 0.1274	 | 	Train Accuracy     : 0.9606
Valid Loss     : 0.4095	 | 	Valid Accuracy     : 0.8423

Epoch : 20
Train Loss     : 0.1269	 | 	Train Accuracy     : 0.9586
Valid Loss     : 0.3972	 | 	Valid Accuracy     : 0.8452

Epoch : 21
Train Loss     : 0.1244	 | 	Train Accuracy     : 0.9587
Valid Loss     : 0.4021	 | 	Valid Accuracy     : 0.8457

Epoch : 22
Train Loss     : 0.1239	 | 	Train Accuracy     : 0.9606
Valid Loss     : 0.4038	 | 	Valid Accuracy     : 0.8423

Epoch : 23
Train Loss     : 0.1194	 | 	Train Accuracy     : 0.9626
Valid Loss     : 0.3905	 | 	Valid Accuracy     : 0.8462

Epoch : 24
Train Loss     : 0.1176	 | 	Train Accuracy     : 0.9611
Valid Loss     : 0.3932	 | 	Valid Accuracy     : 0.8467

Epoch : 25
Train Loss     : 0.1231	 | 	Train Accuracy     : 0.9575
Valid Loss     : 0.4026	 | 	Valid Accuracy     : 0.8462

Epoch : 26
Train Loss     : 0.1241	 | 	Train Accuracy     : 0.9594
Valid Loss     : 0.4060	 | 	Valid Accuracy     : 0.8428

Epoch : 27
Train Loss     : 0.1178	 | 	Train Accuracy     : 0.9655
Valid Loss     : 0.4103	 | 	Valid Accuracy     : 0.8433

Epoch : 28
Train Loss     : 0.1183	 | 	Train Accuracy     : 0.9626
Valid Loss     : 0.4006	 | 	Valid Accuracy     : 0.8452

Epoch : 29
Train Loss     : 0.1162	 | 	Train Accuracy     : 0.9633
Valid Loss     : 0.4103	 | 	Valid Accuracy     : 0.8438

Epoch : 30
Train Loss     : 0.1157	 | 	Train Accuracy     : 0.9626
Valid Loss     : 0.4039	 | 	Valid Accuracy     : 0.8457

Evaluate on the Test set:
Test loss      :0.5698	 | Test Accuracy      : 0.8230 | Test AUPRC      : 0.6014
tensor([0.9858, 1.0072, 1.0215, 0.9993, 0.9962, 1.0148, 1.0171, 0.9935, 0.9932,
        1.0055, 0.9829, 1.0019, 1.0092, 1.0046, 1.0099, 1.0077, 1.0096, 0.9908,
        1.0011, 1.0081, 1.0024, 1.0262, 1.0436, 1.0121, 1.0078, 1.0147, 1.0015,
        1.0128, 1.0096, 0.9805, 1.0203, 1.0237, 1.0211, 1.0078, 0.9717, 1.0047,
        0.9916, 0.9583, 1.0000, 1.0028, 1.0379, 1.0007, 1.0037, 1.0010, 0.9973,
        1.0035, 0.9943, 1.0013, 1.0107, 1.0023, 1.0058, 0.9976, 0.9958, 1.0091,
        1.0051, 0.9838, 0.9945, 1.0271, 1.0078, 0.9940, 0.9958, 0.9919],
       device='cuda:0', grad_fn=<SqueezeBackward1>)

################## Training is Done! #########################
Training time is : 0:01:31.858210
