=============================================
Dataset: SEED
Method:  TS-TCC
Mode:    fine_tune
=============================================
Data loaded ...
Subjet 4
if scale True
Training started ....

Epoch : 1
Train Loss     : 1.0737	 | 	Train Accuracy     : 0.5310
Valid Loss     : 0.9732	 | 	Valid Accuracy     : 0.4714

Epoch : 2
Train Loss     : 0.6584	 | 	Train Accuracy     : 0.7383
Valid Loss     : 0.8439	 | 	Valid Accuracy     : 0.5802

Epoch : 3
Train Loss     : 0.5585	 | 	Train Accuracy     : 0.7824
Valid Loss     : 0.7693	 | 	Valid Accuracy     : 0.6625

Epoch : 4
Train Loss     : 0.4847	 | 	Train Accuracy     : 0.8176
Valid Loss     : 0.7392	 | 	Valid Accuracy     : 0.6828

Epoch : 5
Train Loss     : 0.4546	 | 	Train Accuracy     : 0.8292
Valid Loss     : 0.7159	 | 	Valid Accuracy     : 0.6890

Epoch : 6
Train Loss     : 0.4379	 | 	Train Accuracy     : 0.8327
Valid Loss     : 0.7886	 | 	Valid Accuracy     : 0.6875

Epoch : 7
Train Loss     : 0.4418	 | 	Train Accuracy     : 0.8347
Valid Loss     : 0.8262	 | 	Valid Accuracy     : 0.6741

Epoch : 8
Train Loss     : 0.4129	 | 	Train Accuracy     : 0.8428
Valid Loss     : 0.7974	 | 	Valid Accuracy     : 0.6822

Epoch : 9
Train Loss     : 0.4290	 | 	Train Accuracy     : 0.8357
Valid Loss     : 0.8217	 | 	Valid Accuracy     : 0.6873

Epoch : 10
Train Loss     : 0.3799	 | 	Train Accuracy     : 0.8588
Valid Loss     : 0.8910	 | 	Valid Accuracy     : 0.6742

Epoch : 11
Train Loss     : 0.3662	 | 	Train Accuracy     : 0.8653
Valid Loss     : 0.8104	 | 	Valid Accuracy     : 0.6766

Epoch : 12
Train Loss     : 0.3757	 | 	Train Accuracy     : 0.8597
Valid Loss     : 0.9483	 | 	Valid Accuracy     : 0.6679

Epoch : 13
Train Loss     : 0.3774	 | 	Train Accuracy     : 0.8568
Valid Loss     : 0.9379	 | 	Valid Accuracy     : 0.6733

Epoch : 14
Train Loss     : 0.3699	 | 	Train Accuracy     : 0.8589
Valid Loss     : 0.9992	 | 	Valid Accuracy     : 0.6677

Epoch : 15
Train Loss     : 0.3459	 | 	Train Accuracy     : 0.8722
Valid Loss     : 0.9319	 | 	Valid Accuracy     : 0.6695

Epoch : 16
Train Loss     : 0.3323	 | 	Train Accuracy     : 0.8751
Valid Loss     : 1.0206	 | 	Valid Accuracy     : 0.6671

Epoch : 17
Train Loss     : 0.3068	 | 	Train Accuracy     : 0.8927
Valid Loss     : 0.8021	 | 	Valid Accuracy     : 0.6916

Epoch : 18
Train Loss     : 0.2959	 | 	Train Accuracy     : 0.8948
Valid Loss     : 0.8368	 | 	Valid Accuracy     : 0.7071

Epoch : 19
Train Loss     : 0.2835	 | 	Train Accuracy     : 0.9062
Valid Loss     : 0.8498	 | 	Valid Accuracy     : 0.6855

Epoch : 20
Train Loss     : 0.2870	 | 	Train Accuracy     : 0.9034
Valid Loss     : 0.9114	 | 	Valid Accuracy     : 0.6739

Epoch : 21
Train Loss     : 0.2765	 | 	Train Accuracy     : 0.9095
Valid Loss     : 0.8004	 | 	Valid Accuracy     : 0.6992

Epoch : 22
Train Loss     : 0.2763	 | 	Train Accuracy     : 0.9023
Valid Loss     : 0.7730	 | 	Valid Accuracy     : 0.7091

Epoch : 23
Train Loss     : 0.2706	 | 	Train Accuracy     : 0.9067
Valid Loss     : 0.8756	 | 	Valid Accuracy     : 0.6883

Epoch : 24
Train Loss     : 0.2644	 | 	Train Accuracy     : 0.9101
Valid Loss     : 0.8166	 | 	Valid Accuracy     : 0.7045

Epoch : 25
Train Loss     : 0.2677	 | 	Train Accuracy     : 0.9041
Valid Loss     : 0.7941	 | 	Valid Accuracy     : 0.7095

Epoch : 26
Train Loss     : 0.2680	 | 	Train Accuracy     : 0.9083
Valid Loss     : 0.8158	 | 	Valid Accuracy     : 0.7017

Epoch : 27
Train Loss     : 0.2639	 | 	Train Accuracy     : 0.9100
Valid Loss     : 0.8750	 | 	Valid Accuracy     : 0.6772

Epoch : 28
Train Loss     : 0.2546	 | 	Train Accuracy     : 0.9149
Valid Loss     : 0.8276	 | 	Valid Accuracy     : 0.6982

Epoch : 29
Train Loss     : 0.2488	 | 	Train Accuracy     : 0.9133
Valid Loss     : 0.7885	 | 	Valid Accuracy     : 0.7046

Epoch : 30
Train Loss     : 0.2540	 | 	Train Accuracy     : 0.9148
Valid Loss     : 0.7974	 | 	Valid Accuracy     : 0.6966

Evaluate on the Test set:
Test loss      :0.7328	 | Test Accuracy      : 0.7189 | Test AUPRC      : 0.7792
tensor([0.8352, 0.9036, 0.9496, 0.7520, 0.7764, 0.9519, 0.7728, 0.7284, 0.7404,
        0.6869, 0.6798, 0.6930, 0.8432, 0.9634, 0.8563, 0.6717, 0.7849, 0.7357,
        0.6890, 0.7505, 0.7614, 0.6575, 0.8038, 1.0104, 0.9333, 0.8025, 0.8375,
        0.6948, 0.6858, 0.7420, 0.7030, 1.0470, 0.9097, 0.7009, 0.6310, 0.8001,
        0.8686, 0.6786, 0.6937, 0.7458, 0.8564, 0.8548, 0.8533, 0.8447, 0.7528,
        0.8418, 0.8012, 0.6813, 0.7506, 0.6427, 0.6369, 0.7099, 0.7097, 0.6667,
        0.7214, 0.9381, 0.7527, 0.6833, 0.6953, 0.6583, 0.8203, 0.7189],
       device='cuda:0', grad_fn=<SqueezeBackward1>)

################## Training is Done! #########################
Training time is : 0:02:58.220441
