=============================================
Dataset: SEED
Method:  TS-TCC
Mode:    fine_tune
=============================================
Data loaded ...
Subjet 2
if scale True
Training started ....

Epoch : 1
Train Loss     : 1.1332	 | 	Train Accuracy     : 0.4960
Valid Loss     : 1.5428	 | 	Valid Accuracy     : 0.3560

Epoch : 2
Train Loss     : 0.6383	 | 	Train Accuracy     : 0.7446
Valid Loss     : 1.5401	 | 	Valid Accuracy     : 0.5237

Epoch : 3
Train Loss     : 0.5167	 | 	Train Accuracy     : 0.7941
Valid Loss     : 1.4156	 | 	Valid Accuracy     : 0.4998

Epoch : 4
Train Loss     : 0.4622	 | 	Train Accuracy     : 0.8222
Valid Loss     : 1.2808	 | 	Valid Accuracy     : 0.5536

Epoch : 5
Train Loss     : 0.4153	 | 	Train Accuracy     : 0.8458
Valid Loss     : 1.2675	 | 	Valid Accuracy     : 0.5559

Epoch : 6
Train Loss     : 0.3966	 | 	Train Accuracy     : 0.8553
Valid Loss     : 1.7973	 | 	Valid Accuracy     : 0.5327

Epoch : 7
Train Loss     : 0.3899	 | 	Train Accuracy     : 0.8547
Valid Loss     : 1.5378	 | 	Valid Accuracy     : 0.5027

Epoch : 8
Train Loss     : 0.3612	 | 	Train Accuracy     : 0.8603
Valid Loss     : 1.4356	 | 	Valid Accuracy     : 0.5781

Epoch : 9
Train Loss     : 0.3301	 | 	Train Accuracy     : 0.8812
Valid Loss     : 1.3304	 | 	Valid Accuracy     : 0.5716

Epoch : 10
Train Loss     : 0.3431	 | 	Train Accuracy     : 0.8732
Valid Loss     : 1.2971	 | 	Valid Accuracy     : 0.5929

Epoch : 11
Train Loss     : 0.3226	 | 	Train Accuracy     : 0.8794
Valid Loss     : 1.3793	 | 	Valid Accuracy     : 0.5727

Epoch : 12
Train Loss     : 0.3162	 | 	Train Accuracy     : 0.8858
Valid Loss     : 1.5349	 | 	Valid Accuracy     : 0.5642

Epoch : 13
Train Loss     : 0.2988	 | 	Train Accuracy     : 0.8913
Valid Loss     : 1.3118	 | 	Valid Accuracy     : 0.5625

Epoch : 14
Train Loss     : 0.3138	 | 	Train Accuracy     : 0.8798
Valid Loss     : 1.4514	 | 	Valid Accuracy     : 0.5457

Epoch : 15
Train Loss     : 0.3003	 | 	Train Accuracy     : 0.8896
Valid Loss     : 1.7225	 | 	Valid Accuracy     : 0.5071

Epoch : 16
Train Loss     : 0.2776	 | 	Train Accuracy     : 0.9042
Valid Loss     : 1.6178	 | 	Valid Accuracy     : 0.4947

Epoch : 17
Train Loss     : 0.2573	 | 	Train Accuracy     : 0.9092
Valid Loss     : 1.4145	 | 	Valid Accuracy     : 0.5806

Epoch : 18
Train Loss     : 0.2421	 | 	Train Accuracy     : 0.9147
Valid Loss     : 1.3851	 | 	Valid Accuracy     : 0.5832

Epoch : 19
Train Loss     : 0.2300	 | 	Train Accuracy     : 0.9172
Valid Loss     : 1.4215	 | 	Valid Accuracy     : 0.5708

Epoch : 20
Train Loss     : 0.2301	 | 	Train Accuracy     : 0.9273
Valid Loss     : 1.5048	 | 	Valid Accuracy     : 0.5775

Epoch : 21
Train Loss     : 0.2435	 | 	Train Accuracy     : 0.9183
Valid Loss     : 1.3881	 | 	Valid Accuracy     : 0.5201

Epoch : 22
Train Loss     : 0.2213	 | 	Train Accuracy     : 0.9277
Valid Loss     : 1.4462	 | 	Valid Accuracy     : 0.5690

Epoch : 23
Train Loss     : 0.2156	 | 	Train Accuracy     : 0.9338
Valid Loss     : 1.4924	 | 	Valid Accuracy     : 0.5635

Epoch : 24
Train Loss     : 0.2137	 | 	Train Accuracy     : 0.9305
Valid Loss     : 1.4977	 | 	Valid Accuracy     : 0.5801

Epoch : 25
Train Loss     : 0.2097	 | 	Train Accuracy     : 0.9314
Valid Loss     : 1.5007	 | 	Valid Accuracy     : 0.5615

Epoch : 26
Train Loss     : 0.2126	 | 	Train Accuracy     : 0.9326
Valid Loss     : 1.4071	 | 	Valid Accuracy     : 0.5700

Epoch : 27
Train Loss     : 0.2138	 | 	Train Accuracy     : 0.9326
Valid Loss     : 1.4721	 | 	Valid Accuracy     : 0.5513

Epoch : 28
Train Loss     : 0.2027	 | 	Train Accuracy     : 0.9338
Valid Loss     : 1.5182	 | 	Valid Accuracy     : 0.5619

Epoch : 29
Train Loss     : 0.2008	 | 	Train Accuracy     : 0.9365
Valid Loss     : 1.5466	 | 	Valid Accuracy     : 0.5627

Epoch : 30
Train Loss     : 0.2070	 | 	Train Accuracy     : 0.9394
Valid Loss     : 1.5323	 | 	Valid Accuracy     : 0.5574

Evaluate on the Test set:
Test loss      :1.4691	 | Test Accuracy      : 0.5605 | Test AUPRC      : 0.6231
tensor([0.8246, 0.8882, 0.9820, 0.8168, 0.8268, 0.9519, 0.9237, 0.7585, 0.7815,
        0.7412, 0.8432, 0.7144, 0.7753, 0.7886, 0.9699, 0.8418, 0.7364, 0.8022,
        0.7107, 0.8043, 0.8107, 0.8637, 0.8533, 0.9839, 0.8690, 0.7949, 0.7779,
        0.7897, 0.8410, 0.7570, 0.8279, 0.8897, 0.9145, 0.7255, 0.7277, 0.8455,
        0.8401, 0.7766, 0.7990, 0.7325, 0.8990, 0.8606, 0.9832, 0.9424, 0.8907,
        0.8744, 0.8403, 0.7489, 0.7882, 0.8557, 0.7715, 0.8153, 0.7314, 0.8456,
        0.7698, 0.6909, 0.7461, 0.8967, 0.9347, 0.7265, 0.8144, 0.8222],
       device='cuda:0', grad_fn=<SqueezeBackward1>)

################## Training is Done! #########################
Training time is : 0:02:10.820341
