=============================================
Dataset: SEED
Method:  TS-TCC
Mode:    fine_tune
=============================================
Data loaded ...
Subjet 5
if scale True
Training started ....

Epoch : 1
Train Loss     : 1.1914	 | 	Train Accuracy     : 0.4905
Valid Loss     : 1.6048	 | 	Valid Accuracy     : 0.5116

Epoch : 2
Train Loss     : 0.6824	 | 	Train Accuracy     : 0.6949
Valid Loss     : 1.6335	 | 	Valid Accuracy     : 0.4515

Epoch : 3
Train Loss     : 0.4911	 | 	Train Accuracy     : 0.8116
Valid Loss     : 1.8787	 | 	Valid Accuracy     : 0.4312

Epoch : 4
Train Loss     : 0.3707	 | 	Train Accuracy     : 0.8815
Valid Loss     : 2.3467	 | 	Valid Accuracy     : 0.4513

Epoch : 5
Train Loss     : 0.3143	 | 	Train Accuracy     : 0.8967
Valid Loss     : 2.5889	 | 	Valid Accuracy     : 0.4722

Epoch : 6
Train Loss     : 0.2768	 | 	Train Accuracy     : 0.9079
Valid Loss     : 2.4274	 | 	Valid Accuracy     : 0.4923

Epoch : 7
Train Loss     : 0.2369	 | 	Train Accuracy     : 0.9221
Valid Loss     : 2.7849	 | 	Valid Accuracy     : 0.4801

Epoch : 8
Train Loss     : 0.1920	 | 	Train Accuracy     : 0.9439
Valid Loss     : 2.8680	 | 	Valid Accuracy     : 0.5040

Epoch : 9
Train Loss     : 0.2015	 | 	Train Accuracy     : 0.9342
Valid Loss     : 3.0616	 | 	Valid Accuracy     : 0.4892

Epoch : 10
Train Loss     : 0.1861	 | 	Train Accuracy     : 0.9427
Valid Loss     : 3.1983	 | 	Valid Accuracy     : 0.4894

Epoch : 11
Train Loss     : 0.1598	 | 	Train Accuracy     : 0.9505
Valid Loss     : 4.1892	 | 	Valid Accuracy     : 0.5032

Epoch : 12
Train Loss     : 0.1620	 | 	Train Accuracy     : 0.9491
Valid Loss     : 3.8304	 | 	Valid Accuracy     : 0.4939

Epoch : 13
Train Loss     : 0.1308	 | 	Train Accuracy     : 0.9678
Valid Loss     : 3.8927	 | 	Valid Accuracy     : 0.5044

Epoch : 14
Train Loss     : 0.1107	 | 	Train Accuracy     : 0.9706
Valid Loss     : 3.8838	 | 	Valid Accuracy     : 0.5052

Epoch : 15
Train Loss     : 0.1036	 | 	Train Accuracy     : 0.9764
Valid Loss     : 3.9828	 | 	Valid Accuracy     : 0.4968

Epoch : 16
Train Loss     : 0.1007	 | 	Train Accuracy     : 0.9785
Valid Loss     : 3.8772	 | 	Valid Accuracy     : 0.5074

Epoch : 17
Train Loss     : 0.0954	 | 	Train Accuracy     : 0.9780
Valid Loss     : 3.9210	 | 	Valid Accuracy     : 0.5028

Epoch : 18
Train Loss     : 0.0969	 | 	Train Accuracy     : 0.9779
Valid Loss     : 3.8697	 | 	Valid Accuracy     : 0.5143

Epoch : 19
Train Loss     : 0.0924	 | 	Train Accuracy     : 0.9819
Valid Loss     : 3.8929	 | 	Valid Accuracy     : 0.5099

Epoch : 20
Train Loss     : 0.0908	 | 	Train Accuracy     : 0.9818
Valid Loss     : 4.0073	 | 	Valid Accuracy     : 0.5090

Epoch : 21
Train Loss     : 0.0861	 | 	Train Accuracy     : 0.9806
Valid Loss     : 4.0676	 | 	Valid Accuracy     : 0.5043

Epoch : 22
Train Loss     : 0.0828	 | 	Train Accuracy     : 0.9852
Valid Loss     : 3.9895	 | 	Valid Accuracy     : 0.5072

Epoch : 23
Train Loss     : 0.0798	 | 	Train Accuracy     : 0.9855
Valid Loss     : 4.2275	 | 	Valid Accuracy     : 0.4884

Epoch : 24
Train Loss     : 0.0792	 | 	Train Accuracy     : 0.9852
Valid Loss     : 4.1501	 | 	Valid Accuracy     : 0.5067

Epoch : 25
Train Loss     : 0.0758	 | 	Train Accuracy     : 0.9854
Valid Loss     : 4.3555	 | 	Valid Accuracy     : 0.4894

Epoch : 26
Train Loss     : 0.0797	 | 	Train Accuracy     : 0.9849
Valid Loss     : 4.2051	 | 	Valid Accuracy     : 0.5063

Epoch : 27
Train Loss     : 0.0798	 | 	Train Accuracy     : 0.9837
Valid Loss     : 4.3178	 | 	Valid Accuracy     : 0.5036

Epoch : 28
Train Loss     : 0.0818	 | 	Train Accuracy     : 0.9836
Valid Loss     : 4.2150	 | 	Valid Accuracy     : 0.5104

Epoch : 29
Train Loss     : 0.0809	 | 	Train Accuracy     : 0.9836
Valid Loss     : 4.2490	 | 	Valid Accuracy     : 0.5031

Epoch : 30
Train Loss     : 0.0796	 | 	Train Accuracy     : 0.9840
Valid Loss     : 4.2779	 | 	Valid Accuracy     : 0.5016

Evaluate on the Test set:
Test loss      :3.3045	 | Test Accuracy      : 0.5661 | Test AUPRC      : 0.6170
tensor([0.8935, 0.9050, 0.9749, 0.9358, 0.8618, 0.9674, 0.9424, 0.8710, 0.9184,
        0.8702, 0.8902, 0.8781, 0.9656, 0.9710, 0.9126, 0.8573, 0.8668, 0.9150,
        0.8468, 0.9055, 0.9501, 0.8935, 0.8910, 0.9981, 0.9028, 0.9161, 0.9368,
        0.8515, 0.9431, 0.8685, 0.9681, 1.0145, 0.9950, 0.9213, 0.8583, 0.9136,
        0.8915, 0.8761, 0.8910, 0.9586, 0.9772, 1.0071, 0.8850, 0.8828, 0.8981,
        0.8861, 0.9678, 0.9112, 0.8886, 0.9522, 0.8547, 0.8790, 0.8640, 0.8877,
        0.8930, 0.8673, 0.8694, 0.9155, 0.8992, 0.8690, 0.8747, 0.8903],
       device='cuda:0', grad_fn=<SqueezeBackward1>)

################## Training is Done! #########################
Training time is : 0:02:35.383893
