=============================================
Dataset: SEED
Method:  TS-TCC
Mode:    fine_tune
=============================================
Data loaded ...
Subjet 3
if scale True
Training started ....

Epoch : 1
Train Loss     : 1.2117	 | 	Train Accuracy     : 0.5111
Valid Loss     : 2.8219	 | 	Valid Accuracy     : 0.3373

Epoch : 2
Train Loss     : 0.8508	 | 	Train Accuracy     : 0.6461
Valid Loss     : 2.1666	 | 	Valid Accuracy     : 0.3457

Epoch : 3
Train Loss     : 0.5216	 | 	Train Accuracy     : 0.7652
Valid Loss     : 2.6225	 | 	Valid Accuracy     : 0.3298

Epoch : 4
Train Loss     : 0.5405	 | 	Train Accuracy     : 0.8025
Valid Loss     : 1.9827	 | 	Valid Accuracy     : 0.3736

Epoch : 5
Train Loss     : 0.5357	 | 	Train Accuracy     : 0.7776
Valid Loss     : 1.6195	 | 	Valid Accuracy     : 0.4133

Epoch : 6
Train Loss     : 0.4075	 | 	Train Accuracy     : 0.8522
Valid Loss     : 2.2522	 | 	Valid Accuracy     : 0.3894

Epoch : 7
Train Loss     : 0.3235	 | 	Train Accuracy     : 0.8778
Valid Loss     : 1.3223	 | 	Valid Accuracy     : 0.6142

Epoch : 8
Train Loss     : 0.3044	 | 	Train Accuracy     : 0.8819
Valid Loss     : 1.9546	 | 	Valid Accuracy     : 0.4589

Epoch : 9
Train Loss     : 0.3226	 | 	Train Accuracy     : 0.8845
Valid Loss     : 1.5905	 | 	Valid Accuracy     : 0.5454

Epoch : 10
Train Loss     : 0.3066	 | 	Train Accuracy     : 0.8835
Valid Loss     : 1.6176	 | 	Valid Accuracy     : 0.5355

Epoch : 11
Train Loss     : 0.2364	 | 	Train Accuracy     : 0.9284
Valid Loss     : 1.7630	 | 	Valid Accuracy     : 0.4980

Epoch : 12
Train Loss     : 0.2298	 | 	Train Accuracy     : 0.9219
Valid Loss     : 1.5272	 | 	Valid Accuracy     : 0.5819

Epoch : 13
Train Loss     : 0.2758	 | 	Train Accuracy     : 0.9169
Valid Loss     : 1.6492	 | 	Valid Accuracy     : 0.5599

Epoch : 14
Train Loss     : 0.2412	 | 	Train Accuracy     : 0.9115
Valid Loss     : 1.5297	 | 	Valid Accuracy     : 0.5686

Epoch : 15
Train Loss     : 0.2825	 | 	Train Accuracy     : 0.8828
Valid Loss     : 1.5265	 | 	Valid Accuracy     : 0.5695

Epoch : 16
Train Loss     : 0.2823	 | 	Train Accuracy     : 0.9082
Valid Loss     : 1.6750	 | 	Valid Accuracy     : 0.5171

Epoch : 17
Train Loss     : 0.2811	 | 	Train Accuracy     : 0.9067
Valid Loss     : 1.4816	 | 	Valid Accuracy     : 0.5522

Epoch : 18
Train Loss     : 0.2639	 | 	Train Accuracy     : 0.9071
Valid Loss     : 1.5459	 | 	Valid Accuracy     : 0.5315

Epoch : 19
Train Loss     : 0.1815	 | 	Train Accuracy     : 0.9399
Valid Loss     : 1.5785	 | 	Valid Accuracy     : 0.5359

Epoch : 20
Train Loss     : 0.1850	 | 	Train Accuracy     : 0.9121
Valid Loss     : 1.5707	 | 	Valid Accuracy     : 0.5541

Epoch : 21
Train Loss     : 0.2286	 | 	Train Accuracy     : 0.8895
Valid Loss     : 1.6100	 | 	Valid Accuracy     : 0.5454

Epoch : 22
Train Loss     : 0.1558	 | 	Train Accuracy     : 0.9457
Valid Loss     : 1.5929	 | 	Valid Accuracy     : 0.5439

Epoch : 23
Train Loss     : 0.1571	 | 	Train Accuracy     : 0.9564
Valid Loss     : 1.6229	 | 	Valid Accuracy     : 0.5345

Epoch : 24
Train Loss     : 0.1465	 | 	Train Accuracy     : 0.9642
Valid Loss     : 1.5444	 | 	Valid Accuracy     : 0.5565

Epoch : 25
Train Loss     : 0.1558	 | 	Train Accuracy     : 0.9490
Valid Loss     : 1.6273	 | 	Valid Accuracy     : 0.5362

Epoch : 26
Train Loss     : 0.1240	 | 	Train Accuracy     : 0.9616
Valid Loss     : 1.6149	 | 	Valid Accuracy     : 0.5430

Epoch : 27
Train Loss     : 0.1935	 | 	Train Accuracy     : 0.9503
Valid Loss     : 1.6127	 | 	Valid Accuracy     : 0.5392

Epoch : 28
Train Loss     : 0.1269	 | 	Train Accuracy     : 0.9603
Valid Loss     : 1.6508	 | 	Valid Accuracy     : 0.5333

Epoch : 29
Train Loss     : 0.2453	 | 	Train Accuracy     : 0.9306
Valid Loss     : 1.6776	 | 	Valid Accuracy     : 0.5222

Epoch : 30
Train Loss     : 0.1390	 | 	Train Accuracy     : 0.9477
Valid Loss     : 1.6364	 | 	Valid Accuracy     : 0.5307

Evaluate on the Test set:
Test loss      :1.8463	 | Test Accuracy      : 0.3729 | Test AUPRC      : 0.4690
tensor([0.9354, 0.9353, 0.9844, 0.9726, 0.9273, 0.9390, 1.0102, 0.9249, 0.9400,
        0.9211, 0.9315, 0.9106, 0.9643, 1.0012, 0.9671, 0.9141, 0.9162, 0.9597,
        0.9014, 0.9654, 0.9253, 0.9432, 0.9554, 0.9832, 0.9498, 0.9393, 0.9528,
        0.9251, 0.9205, 0.9344, 0.9321, 1.0033, 0.9557, 0.9036, 0.9013, 0.9398,
        0.9408, 0.9281, 0.9307, 0.9225, 0.9602, 0.9654, 0.9372, 0.9520, 0.9385,
        0.9263, 0.9079, 0.9091, 0.9163, 0.9163, 0.9023, 0.9195, 0.9277, 0.9137,
        0.9267, 0.8912, 0.9064, 0.9355, 0.9564, 0.9807, 1.0237, 0.9383],
       device='cuda:0', grad_fn=<SqueezeBackward1>)

################## Training is Done! #########################
Training time is : 0:00:57.931304
