=============================================
Dataset: SEED
Method:  TS-TCC
Mode:    fine_tune
=============================================
Data loaded ...
Subjet 11
if scale True
Training started ....

Epoch : 1
Train Loss     : 1.2124	 | 	Train Accuracy     : 0.4353
Valid Loss     : 2.3976	 | 	Valid Accuracy     : 0.3318

Epoch : 2
Train Loss     : 0.7501	 | 	Train Accuracy     : 0.6756
Valid Loss     : 2.9490	 | 	Valid Accuracy     : 0.3294

Epoch : 3
Train Loss     : 0.5769	 | 	Train Accuracy     : 0.7799
Valid Loss     : 3.4465	 | 	Valid Accuracy     : 0.3367

Epoch : 4
Train Loss     : 0.5611	 | 	Train Accuracy     : 0.7921
Valid Loss     : 3.8216	 | 	Valid Accuracy     : 0.3455

Epoch : 5
Train Loss     : 0.3857	 | 	Train Accuracy     : 0.8566
Valid Loss     : 1.7016	 | 	Valid Accuracy     : 0.4960

Epoch : 6
Train Loss     : 0.4126	 | 	Train Accuracy     : 0.8314
Valid Loss     : 1.5822	 | 	Valid Accuracy     : 0.5195

Epoch : 7
Train Loss     : 0.2575	 | 	Train Accuracy     : 0.9076
Valid Loss     : 1.0730	 | 	Valid Accuracy     : 0.6237

Epoch : 8
Train Loss     : 0.2857	 | 	Train Accuracy     : 0.8828
Valid Loss     : 0.8598	 | 	Valid Accuracy     : 0.6813

Epoch : 9
Train Loss     : 0.2236	 | 	Train Accuracy     : 0.9243
Valid Loss     : 0.6915	 | 	Valid Accuracy     : 0.7234

Epoch : 10
Train Loss     : 0.2489	 | 	Train Accuracy     : 0.9108
Valid Loss     : 0.6666	 | 	Valid Accuracy     : 0.7426

Epoch : 11
Train Loss     : 0.1630	 | 	Train Accuracy     : 0.9525
Valid Loss     : 0.7466	 | 	Valid Accuracy     : 0.7173

Epoch : 12
Train Loss     : 0.1634	 | 	Train Accuracy     : 0.9551
Valid Loss     : 0.5973	 | 	Valid Accuracy     : 0.7639

Epoch : 13
Train Loss     : 0.1924	 | 	Train Accuracy     : 0.9232
Valid Loss     : 0.6445	 | 	Valid Accuracy     : 0.7543

Epoch : 14
Train Loss     : 0.1634	 | 	Train Accuracy     : 0.9525
Valid Loss     : 0.6112	 | 	Valid Accuracy     : 0.7655

Epoch : 15
Train Loss     : 0.1381	 | 	Train Accuracy     : 0.9557
Valid Loss     : 0.7512	 | 	Valid Accuracy     : 0.7320

Epoch : 16
Train Loss     : 0.1616	 | 	Train Accuracy     : 0.9351
Valid Loss     : 0.7195	 | 	Valid Accuracy     : 0.7529

Epoch : 17
Train Loss     : 0.1964	 | 	Train Accuracy     : 0.9290
Valid Loss     : 0.5808	 | 	Valid Accuracy     : 0.7765

Epoch : 18
Train Loss     : 0.1443	 | 	Train Accuracy     : 0.9499
Valid Loss     : 0.7569	 | 	Valid Accuracy     : 0.7477

Epoch : 19
Train Loss     : 0.1710	 | 	Train Accuracy     : 0.9290
Valid Loss     : 0.5614	 | 	Valid Accuracy     : 0.7823

Epoch : 20
Train Loss     : 0.1390	 | 	Train Accuracy     : 0.9564
Valid Loss     : 0.6446	 | 	Valid Accuracy     : 0.7696

Epoch : 21
Train Loss     : 0.1616	 | 	Train Accuracy     : 0.9442
Valid Loss     : 0.6950	 | 	Valid Accuracy     : 0.7611

Epoch : 22
Train Loss     : 0.1378	 | 	Train Accuracy     : 0.9510
Valid Loss     : 0.7766	 | 	Valid Accuracy     : 0.7688

Epoch : 23
Train Loss     : 0.1418	 | 	Train Accuracy     : 0.9577
Valid Loss     : 0.8060	 | 	Valid Accuracy     : 0.7508

Epoch : 24
Train Loss     : 0.1081	 | 	Train Accuracy     : 0.9674
Valid Loss     : 0.6645	 | 	Valid Accuracy     : 0.7720

Epoch : 25
Train Loss     : 0.1804	 | 	Train Accuracy     : 0.9423
Valid Loss     : 0.6540	 | 	Valid Accuracy     : 0.7782

Epoch : 26
Train Loss     : 0.1848	 | 	Train Accuracy     : 0.9366
Valid Loss     : 0.7042	 | 	Valid Accuracy     : 0.7620

Epoch : 27
Train Loss     : 0.2025	 | 	Train Accuracy     : 0.9325
Valid Loss     : 0.6170	 | 	Valid Accuracy     : 0.7842

Epoch : 28
Train Loss     : 0.1629	 | 	Train Accuracy     : 0.9371
Valid Loss     : 0.9182	 | 	Valid Accuracy     : 0.7141

Epoch : 29
Train Loss     : 0.1997	 | 	Train Accuracy     : 0.9110
Valid Loss     : 0.6812	 | 	Valid Accuracy     : 0.7678

Epoch : 30
Train Loss     : 0.2056	 | 	Train Accuracy     : 0.9316
Valid Loss     : 0.8175	 | 	Valid Accuracy     : 0.7369

Evaluate on the Test set:
Test loss      :1.9267	 | Test Accuracy      : 0.5878 | Test AUPRC      : 0.7110
tensor([0.9400, 0.9476, 0.9255, 0.9380, 0.8906, 0.9121, 0.9955, 0.8588, 0.9145,
        0.8760, 0.8578, 0.8860, 0.9674, 0.9094, 0.9563, 0.8496, 0.8908, 0.8766,
        0.8702, 0.9439, 0.9425, 0.9931, 0.9958, 0.9907, 0.9440, 0.8913, 0.9446,
        0.8964, 0.9010, 0.8951, 0.9474, 0.9597, 0.9721, 0.9305, 0.8670, 0.9390,
        0.8962, 0.9569, 0.8631, 0.8893, 0.9812, 0.9432, 0.9239, 0.9571, 0.9389,
        0.8978, 0.8657, 0.8884, 0.9474, 0.8972, 0.8762, 0.8628, 0.8989, 0.8782,
        0.8951, 0.8265, 0.8639, 0.9635, 0.9408, 0.9161, 0.9199, 0.8718],
       device='cuda:0', grad_fn=<SqueezeBackward1>)

################## Training is Done! #########################
Training time is : 0:01:01.748028
