=============================================
Dataset: SEED
Method:  TS-TCC
Mode:    fine_tune
=============================================
Data loaded ...
Subjet 11
if scale True
Training started ....

Epoch : 1
Train Loss     : 0.9995	 | 	Train Accuracy     : 0.5873
Valid Loss     : 1.4711	 | 	Valid Accuracy     : 0.3927

Epoch : 2
Train Loss     : 0.5315	 | 	Train Accuracy     : 0.7981
Valid Loss     : 1.3074	 | 	Valid Accuracy     : 0.5685

Epoch : 3
Train Loss     : 0.3758	 | 	Train Accuracy     : 0.8701
Valid Loss     : 0.5080	 | 	Valid Accuracy     : 0.8073

Epoch : 4
Train Loss     : 0.2964	 | 	Train Accuracy     : 0.9004
Valid Loss     : 0.6096	 | 	Valid Accuracy     : 0.7961

Epoch : 5
Train Loss     : 0.2591	 | 	Train Accuracy     : 0.9141
Valid Loss     : 0.4321	 | 	Valid Accuracy     : 0.8356

Epoch : 6
Train Loss     : 0.2322	 | 	Train Accuracy     : 0.9235
Valid Loss     : 0.4689	 | 	Valid Accuracy     : 0.8314

Epoch : 7
Train Loss     : 0.2004	 | 	Train Accuracy     : 0.9402
Valid Loss     : 0.4482	 | 	Valid Accuracy     : 0.8357

Epoch : 8
Train Loss     : 0.2068	 | 	Train Accuracy     : 0.9312
Valid Loss     : 0.5427	 | 	Valid Accuracy     : 0.8273

Epoch : 9
Train Loss     : 0.1919	 | 	Train Accuracy     : 0.9380
Valid Loss     : 0.4446	 | 	Valid Accuracy     : 0.8452

Epoch : 10
Train Loss     : 0.1616	 | 	Train Accuracy     : 0.9477
Valid Loss     : 0.4721	 | 	Valid Accuracy     : 0.8395

Epoch : 11
Train Loss     : 0.1663	 | 	Train Accuracy     : 0.9427
Valid Loss     : 0.5282	 | 	Valid Accuracy     : 0.8351

Epoch : 12
Train Loss     : 0.1551	 | 	Train Accuracy     : 0.9477
Valid Loss     : 0.3945	 | 	Valid Accuracy     : 0.8562

Epoch : 13
Train Loss     : 0.1294	 | 	Train Accuracy     : 0.9576
Valid Loss     : 0.4309	 | 	Valid Accuracy     : 0.8415

Epoch : 14
Train Loss     : 0.1210	 | 	Train Accuracy     : 0.9648
Valid Loss     : 0.3977	 | 	Valid Accuracy     : 0.8581

Epoch : 15
Train Loss     : 0.1278	 | 	Train Accuracy     : 0.9566
Valid Loss     : 0.4543	 | 	Valid Accuracy     : 0.8421

Epoch : 16
Train Loss     : 0.1320	 | 	Train Accuracy     : 0.9557
Valid Loss     : 0.4819	 | 	Valid Accuracy     : 0.8431

Epoch : 17
Train Loss     : 0.1085	 | 	Train Accuracy     : 0.9667
Valid Loss     : 0.4019	 | 	Valid Accuracy     : 0.8600

Epoch : 18
Train Loss     : 0.1078	 | 	Train Accuracy     : 0.9647
Valid Loss     : 0.4033	 | 	Valid Accuracy     : 0.8542

Epoch : 19
Train Loss     : 0.1039	 | 	Train Accuracy     : 0.9654
Valid Loss     : 0.4862	 | 	Valid Accuracy     : 0.8491

Epoch : 20
Train Loss     : 0.1042	 | 	Train Accuracy     : 0.9620
Valid Loss     : 0.4349	 | 	Valid Accuracy     : 0.8462

Epoch : 21
Train Loss     : 0.1209	 | 	Train Accuracy     : 0.9609
Valid Loss     : 0.5307	 | 	Valid Accuracy     : 0.8286

Epoch : 22
Train Loss     : 0.1131	 | 	Train Accuracy     : 0.9646
Valid Loss     : 0.4266	 | 	Valid Accuracy     : 0.8336

Epoch : 23
Train Loss     : 0.0970	 | 	Train Accuracy     : 0.9677
Valid Loss     : 0.5530	 | 	Valid Accuracy     : 0.8305

Epoch : 24
Train Loss     : 0.0825	 | 	Train Accuracy     : 0.9730
Valid Loss     : 0.4762	 | 	Valid Accuracy     : 0.8544

Epoch : 25
Train Loss     : 0.0681	 | 	Train Accuracy     : 0.9827
Valid Loss     : 0.4636	 | 	Valid Accuracy     : 0.8547

Epoch : 26
Train Loss     : 0.0641	 | 	Train Accuracy     : 0.9849
Valid Loss     : 0.4540	 | 	Valid Accuracy     : 0.8636

Epoch : 27
Train Loss     : 0.0619	 | 	Train Accuracy     : 0.9869
Valid Loss     : 0.4275	 | 	Valid Accuracy     : 0.8631

Epoch : 28
Train Loss     : 0.0613	 | 	Train Accuracy     : 0.9864
Valid Loss     : 0.4282	 | 	Valid Accuracy     : 0.8581

Epoch : 29
Train Loss     : 0.0637	 | 	Train Accuracy     : 0.9836
Valid Loss     : 0.4625	 | 	Valid Accuracy     : 0.8525

Epoch : 30
Train Loss     : 0.0569	 | 	Train Accuracy     : 0.9884
Valid Loss     : 0.4032	 | 	Valid Accuracy     : 0.8669

Evaluate on the Test set:
Test loss      :0.8789	 | Test Accuracy      : 0.7920 | Test AUPRC      : 0.8298
tensor([0.8246, 0.8932, 0.9018, 0.8816, 0.8086, 0.9385, 0.9846, 0.8140, 0.8157,
        0.7881, 0.7607, 0.7480, 0.8935, 0.8112, 0.8757, 0.7488, 0.7785, 0.7545,
        0.7715, 0.8628, 0.8235, 0.9429, 0.9204, 0.9374, 0.8699, 0.8811, 0.8511,
        0.7903, 0.7924, 0.8021, 0.8421, 0.9386, 0.9284, 0.7802, 0.7537, 0.8393,
        0.8241, 0.7780, 0.7680, 0.7370, 0.9101, 0.8682, 0.7662, 0.8749, 0.8594,
        0.8337, 0.7574, 0.8509, 0.7978, 0.7581, 0.8186, 0.7978, 0.7440, 0.7733,
        0.8445, 0.7832, 0.7540, 0.9552, 0.9305, 0.8448, 0.8692, 0.7821],
       device='cuda:0', grad_fn=<SqueezeBackward1>)

################## Training is Done! #########################
Training time is : 0:02:34.752502
