=============================================
Dataset: SEED
Method:  TS-TCC
Mode:    fine_tune
=============================================
Data loaded ...
Subjet 10
if scale True
Training started ....

Epoch : 1
Train Loss     : 0.9892	 | 	Train Accuracy     : 0.5583
Valid Loss     : 1.5387	 | 	Valid Accuracy     : 0.3721

Epoch : 2
Train Loss     : 0.5618	 | 	Train Accuracy     : 0.7366
Valid Loss     : 1.1042	 | 	Valid Accuracy     : 0.5571

Epoch : 3
Train Loss     : 0.4586	 | 	Train Accuracy     : 0.8029
Valid Loss     : 1.5131	 | 	Valid Accuracy     : 0.5350

Epoch : 4
Train Loss     : 0.4158	 | 	Train Accuracy     : 0.8261
Valid Loss     : 1.4740	 | 	Valid Accuracy     : 0.6047

Epoch : 5
Train Loss     : 0.3685	 | 	Train Accuracy     : 0.8482
Valid Loss     : 0.9956	 | 	Valid Accuracy     : 0.6221

Epoch : 6
Train Loss     : 0.3505	 | 	Train Accuracy     : 0.8619
Valid Loss     : 1.2352	 | 	Valid Accuracy     : 0.5923

Epoch : 7
Train Loss     : 0.3358	 | 	Train Accuracy     : 0.8639
Valid Loss     : 1.4726	 | 	Valid Accuracy     : 0.6047

Epoch : 8
Train Loss     : 0.3169	 | 	Train Accuracy     : 0.8776
Valid Loss     : 1.4138	 | 	Valid Accuracy     : 0.5914

Epoch : 9
Train Loss     : 0.3186	 | 	Train Accuracy     : 0.8679
Valid Loss     : 2.0743	 | 	Valid Accuracy     : 0.6125

Epoch : 10
Train Loss     : 0.2962	 | 	Train Accuracy     : 0.8851
Valid Loss     : 1.7534	 | 	Valid Accuracy     : 0.6303

Epoch : 11
Train Loss     : 0.3045	 | 	Train Accuracy     : 0.8765
Valid Loss     : 2.2923	 | 	Valid Accuracy     : 0.5836

Epoch : 12
Train Loss     : 0.2901	 | 	Train Accuracy     : 0.8895
Valid Loss     : 1.8537	 | 	Valid Accuracy     : 0.6378

Epoch : 13
Train Loss     : 0.2769	 | 	Train Accuracy     : 0.8876
Valid Loss     : 1.7935	 | 	Valid Accuracy     : 0.6084

Epoch : 14
Train Loss     : 0.2649	 | 	Train Accuracy     : 0.8934
Valid Loss     : 1.3642	 | 	Valid Accuracy     : 0.6414

Epoch : 15
Train Loss     : 0.2696	 | 	Train Accuracy     : 0.8928
Valid Loss     : 1.9073	 | 	Valid Accuracy     : 0.6301

Epoch : 16
Train Loss     : 0.2350	 | 	Train Accuracy     : 0.9091
Valid Loss     : 1.7802	 | 	Valid Accuracy     : 0.5966

Epoch : 17
Train Loss     : 0.2199	 | 	Train Accuracy     : 0.9170
Valid Loss     : 1.7713	 | 	Valid Accuracy     : 0.6186

Epoch : 18
Train Loss     : 0.2008	 | 	Train Accuracy     : 0.9263
Valid Loss     : 1.6613	 | 	Valid Accuracy     : 0.6263

Epoch : 19
Train Loss     : 0.1968	 | 	Train Accuracy     : 0.9310
Valid Loss     : 1.6852	 | 	Valid Accuracy     : 0.6297

Epoch : 20
Train Loss     : 0.1917	 | 	Train Accuracy     : 0.9295
Valid Loss     : 1.4948	 | 	Valid Accuracy     : 0.6399

Epoch : 21
Train Loss     : 0.1883	 | 	Train Accuracy     : 0.9350
Valid Loss     : 1.5934	 | 	Valid Accuracy     : 0.6182

Epoch : 22
Train Loss     : 0.1876	 | 	Train Accuracy     : 0.9294
Valid Loss     : 1.4687	 | 	Valid Accuracy     : 0.6025

Epoch : 23
Train Loss     : 0.1792	 | 	Train Accuracy     : 0.9386
Valid Loss     : 1.4585	 | 	Valid Accuracy     : 0.6237

Epoch : 24
Train Loss     : 0.1812	 | 	Train Accuracy     : 0.9324
Valid Loss     : 1.6246	 | 	Valid Accuracy     : 0.6051

Epoch : 25
Train Loss     : 0.1784	 | 	Train Accuracy     : 0.9361
Valid Loss     : 1.4902	 | 	Valid Accuracy     : 0.6196

Epoch : 26
Train Loss     : 0.1817	 | 	Train Accuracy     : 0.9315
Valid Loss     : 1.4951	 | 	Valid Accuracy     : 0.5917

Epoch : 27
Train Loss     : 0.1729	 | 	Train Accuracy     : 0.9386
Valid Loss     : 1.5670	 | 	Valid Accuracy     : 0.5976

Epoch : 28
Train Loss     : 0.1690	 | 	Train Accuracy     : 0.9380
Valid Loss     : 1.5811	 | 	Valid Accuracy     : 0.6022

Epoch : 29
Train Loss     : 0.1637	 | 	Train Accuracy     : 0.9430
Valid Loss     : 1.5607	 | 	Valid Accuracy     : 0.6060

Epoch : 30
Train Loss     : 0.1665	 | 	Train Accuracy     : 0.9408
Valid Loss     : 1.5699	 | 	Valid Accuracy     : 0.6160

Evaluate on the Test set:
Test loss      :1.7637	 | Test Accuracy      : 0.5951 | Test AUPRC      : 0.6142
tensor([0.7164, 0.9692, 0.8958, 0.7329, 0.8560, 0.9325, 0.9520, 0.7557, 0.8638,
        0.7242, 0.7797, 0.7832, 0.8528, 0.8500, 0.9461, 0.7800, 0.7804, 0.7084,
        0.6794, 0.6946, 0.7978, 0.8723, 0.7956, 0.9893, 0.8517, 0.8253, 0.7098,
        0.8068, 0.7373, 0.7000, 0.7917, 0.8879, 0.9227, 0.6374, 0.6993, 0.7730,
        0.7252, 0.6913, 0.7995, 0.6684, 0.7371, 0.8684, 0.7259, 0.6808, 0.8917,
        0.8087, 0.6591, 0.7276, 0.7272, 0.6623, 0.6766, 0.7116, 0.6688, 0.8650,
        0.6945, 0.6223, 0.6765, 0.8478, 0.7303, 0.9274, 0.8156, 0.7232],
       device='cuda:0', grad_fn=<SqueezeBackward1>)

################## Training is Done! #########################
Training time is : 0:02:58.705766
