=============================================
Dataset: SEED
Method:  TS-TCC
Mode:    fine_tune
=============================================
Data loaded ...
Subjet 15
if scale False
Training started ....

Epoch : 1
Train Loss     : 0.5734	 | 	Train Accuracy     : 0.7549
Valid Loss     : 0.4606	 | 	Valid Accuracy     : 0.7441

Epoch : 2
Train Loss     : 0.1746	 | 	Train Accuracy     : 0.9409
Valid Loss     : 0.2129	 | 	Valid Accuracy     : 0.9263

Epoch : 3
Train Loss     : 0.1136	 | 	Train Accuracy     : 0.9686
Valid Loss     : 0.1031	 | 	Valid Accuracy     : 0.9785

Epoch : 4
Train Loss     : 0.0803	 | 	Train Accuracy     : 0.9796
Valid Loss     : 0.0560	 | 	Valid Accuracy     : 0.9844

Epoch : 5
Train Loss     : 0.0675	 | 	Train Accuracy     : 0.9825
Valid Loss     : 0.2319	 | 	Valid Accuracy     : 0.9663

Epoch : 6
Train Loss     : 0.0595	 | 	Train Accuracy     : 0.9849
Valid Loss     : 0.1847	 | 	Valid Accuracy     : 0.9663

Epoch : 7
Train Loss     : 0.0486	 | 	Train Accuracy     : 0.9890
Valid Loss     : 0.0971	 | 	Valid Accuracy     : 0.9644

Epoch : 8
Train Loss     : 0.0424	 | 	Train Accuracy     : 0.9893
Valid Loss     : 0.0924	 | 	Valid Accuracy     : 0.9702

Epoch : 9
Train Loss     : 0.0408	 | 	Train Accuracy     : 0.9888
Valid Loss     : 0.2726	 | 	Valid Accuracy     : 0.9551

Epoch : 10
Train Loss     : 0.0398	 | 	Train Accuracy     : 0.9895
Valid Loss     : 0.2260	 | 	Valid Accuracy     : 0.9419

Epoch : 11
Train Loss     : 0.0366	 | 	Train Accuracy     : 0.9905
Valid Loss     : 0.0498	 | 	Valid Accuracy     : 0.9810

Epoch : 12
Train Loss     : 0.0324	 | 	Train Accuracy     : 0.9925
Valid Loss     : 0.2169	 | 	Valid Accuracy     : 0.9419

Epoch : 13
Train Loss     : 0.0326	 | 	Train Accuracy     : 0.9908
Valid Loss     : 0.0555	 | 	Valid Accuracy     : 0.9824

Epoch : 14
Train Loss     : 0.0362	 | 	Train Accuracy     : 0.9885
Valid Loss     : 0.3088	 | 	Valid Accuracy     : 0.9302

Epoch : 15
Train Loss     : 0.0306	 | 	Train Accuracy     : 0.9917
Valid Loss     : 0.1323	 | 	Valid Accuracy     : 0.9531

Epoch : 16
Train Loss     : 0.0266	 | 	Train Accuracy     : 0.9934
Valid Loss     : 0.0500	 | 	Valid Accuracy     : 0.9868

Epoch : 17
Train Loss     : 0.0278	 | 	Train Accuracy     : 0.9924
Valid Loss     : 0.2787	 | 	Valid Accuracy     : 0.9282

Epoch : 18
Train Loss     : 0.0303	 | 	Train Accuracy     : 0.9913
Valid Loss     : 0.1965	 | 	Valid Accuracy     : 0.9463

Epoch : 19
Train Loss     : 0.0314	 | 	Train Accuracy     : 0.9915
Valid Loss     : 0.2503	 | 	Valid Accuracy     : 0.9302

Epoch : 20
Train Loss     : 0.0277	 | 	Train Accuracy     : 0.9922
Valid Loss     : 0.2303	 | 	Valid Accuracy     : 0.9263

Epoch : 21
Train Loss     : 0.0267	 | 	Train Accuracy     : 0.9917
Valid Loss     : 0.1953	 | 	Valid Accuracy     : 0.9370

Epoch : 22
Train Loss     : 0.0228	 | 	Train Accuracy     : 0.9942
Valid Loss     : 0.2966	 | 	Valid Accuracy     : 0.9121

Epoch : 23
Train Loss     : 0.0184	 | 	Train Accuracy     : 0.9964
Valid Loss     : 0.0879	 | 	Valid Accuracy     : 0.9731

Epoch : 24
Train Loss     : 0.0121	 | 	Train Accuracy     : 0.9985
Valid Loss     : 0.0871	 | 	Valid Accuracy     : 0.9707

Epoch : 25
Train Loss     : 0.0117	 | 	Train Accuracy     : 0.9985
Valid Loss     : 0.1049	 | 	Valid Accuracy     : 0.9648

Epoch : 26
Train Loss     : 0.0119	 | 	Train Accuracy     : 0.9981
Valid Loss     : 0.0968	 | 	Valid Accuracy     : 0.9663

Epoch : 27
Train Loss     : 0.0116	 | 	Train Accuracy     : 0.9985
Valid Loss     : 0.0796	 | 	Valid Accuracy     : 0.9727

Epoch : 28
Train Loss     : 0.0107	 | 	Train Accuracy     : 0.9990
Valid Loss     : 0.0603	 | 	Valid Accuracy     : 0.9790

Epoch : 29
Train Loss     : 0.0100	 | 	Train Accuracy     : 0.9993
Valid Loss     : 0.0793	 | 	Valid Accuracy     : 0.9717

Epoch : 30
Train Loss     : 0.0109	 | 	Train Accuracy     : 0.9986
Valid Loss     : 0.0532	 | 	Valid Accuracy     : 0.9805

Evaluate on the Test set:
Test loss      :0.4570	 | Test Accuracy      : 0.8716 | Test AUPRC      : 0.6317
tensor([1., 1., 1., 1., 1., 1., 1., 1., 1., 1., 1., 1., 1., 1., 1., 1., 1., 1.,
        1., 1., 1., 1., 1., 1., 1., 1., 1., 1., 1., 1., 1., 1., 1., 1., 1., 1.,
        1., 1., 1., 1., 1., 1., 1., 1., 1., 1., 1., 1., 1., 1., 1., 1., 1., 1.,
        1., 1., 1., 1., 1., 1., 1., 1.], device='cuda:0',
       grad_fn=<SqueezeBackward1>)

################## Training is Done! #########################
Training time is : 0:01:35.979488
