=============================================
Dataset: SEED
Method:  TS-TCC
Mode:    fine_tune
=============================================
Data loaded ...
Subjet 4
if scale True
Training started ....

Epoch : 1
Train Loss     : 1.2348	 | 	Train Accuracy     : 0.4499
Valid Loss     : 1.5126	 | 	Valid Accuracy     : 0.3421

Epoch : 2
Train Loss     : 0.6248	 | 	Train Accuracy     : 0.7369
Valid Loss     : 1.8171	 | 	Valid Accuracy     : 0.3587

Epoch : 3
Train Loss     : 0.4186	 | 	Train Accuracy     : 0.8487
Valid Loss     : 1.3750	 | 	Valid Accuracy     : 0.4450

Epoch : 4
Train Loss     : 0.3153	 | 	Train Accuracy     : 0.9040
Valid Loss     : 1.5737	 | 	Valid Accuracy     : 0.4463

Epoch : 5
Train Loss     : 0.2375	 | 	Train Accuracy     : 0.9251
Valid Loss     : 1.4906	 | 	Valid Accuracy     : 0.4517

Epoch : 6
Train Loss     : 0.1869	 | 	Train Accuracy     : 0.9499
Valid Loss     : 1.4674	 | 	Valid Accuracy     : 0.4517

Epoch : 7
Train Loss     : 0.1555	 | 	Train Accuracy     : 0.9580
Valid Loss     : 1.4371	 | 	Valid Accuracy     : 0.4753

Epoch : 8
Train Loss     : 0.1453	 | 	Train Accuracy     : 0.9645
Valid Loss     : 1.2686	 | 	Valid Accuracy     : 0.5050

Epoch : 9
Train Loss     : 0.1317	 | 	Train Accuracy     : 0.9662
Valid Loss     : 1.3719	 | 	Valid Accuracy     : 0.4860

Epoch : 10
Train Loss     : 0.1224	 | 	Train Accuracy     : 0.9661
Valid Loss     : 1.2696	 | 	Valid Accuracy     : 0.5031

Epoch : 11
Train Loss     : 0.1017	 | 	Train Accuracy     : 0.9748
Valid Loss     : 1.4374	 | 	Valid Accuracy     : 0.5183

Epoch : 12
Train Loss     : 0.0905	 | 	Train Accuracy     : 0.9788
Valid Loss     : 1.5613	 | 	Valid Accuracy     : 0.5077

Epoch : 13
Train Loss     : 0.0823	 | 	Train Accuracy     : 0.9800
Valid Loss     : 1.3701	 | 	Valid Accuracy     : 0.5258

Epoch : 14
Train Loss     : 0.0749	 | 	Train Accuracy     : 0.9818
Valid Loss     : 1.7253	 | 	Valid Accuracy     : 0.4990

Epoch : 15
Train Loss     : 0.0734	 | 	Train Accuracy     : 0.9842
Valid Loss     : 1.5474	 | 	Valid Accuracy     : 0.5229

Epoch : 16
Train Loss     : 0.0709	 | 	Train Accuracy     : 0.9836
Valid Loss     : 1.4753	 | 	Valid Accuracy     : 0.5191

Epoch : 17
Train Loss     : 0.0672	 | 	Train Accuracy     : 0.9851
Valid Loss     : 1.7450	 | 	Valid Accuracy     : 0.5245

Epoch : 18
Train Loss     : 0.0748	 | 	Train Accuracy     : 0.9800
Valid Loss     : 2.0824	 | 	Valid Accuracy     : 0.5077

Epoch : 19
Train Loss     : 0.0707	 | 	Train Accuracy     : 0.9814
Valid Loss     : 1.5625	 | 	Valid Accuracy     : 0.5348

Epoch : 20
Train Loss     : 0.0577	 | 	Train Accuracy     : 0.9833
Valid Loss     : 1.6095	 | 	Valid Accuracy     : 0.5340

Epoch : 21
Train Loss     : 0.0513	 | 	Train Accuracy     : 0.9882
Valid Loss     : 1.7122	 | 	Valid Accuracy     : 0.5339

Epoch : 22
Train Loss     : 0.0491	 | 	Train Accuracy     : 0.9919
Valid Loss     : 1.8184	 | 	Valid Accuracy     : 0.5285

Epoch : 23
Train Loss     : 0.0476	 | 	Train Accuracy     : 0.9921
Valid Loss     : 1.7749	 | 	Valid Accuracy     : 0.5286

Epoch : 24
Train Loss     : 0.0453	 | 	Train Accuracy     : 0.9911
Valid Loss     : 1.8352	 | 	Valid Accuracy     : 0.5340

Epoch : 25
Train Loss     : 0.0430	 | 	Train Accuracy     : 0.9924
Valid Loss     : 1.7486	 | 	Valid Accuracy     : 0.5282

Epoch : 26
Train Loss     : 0.0423	 | 	Train Accuracy     : 0.9950
Valid Loss     : 1.7187	 | 	Valid Accuracy     : 0.5348

Epoch : 27
Train Loss     : 0.0414	 | 	Train Accuracy     : 0.9941
Valid Loss     : 1.7181	 | 	Valid Accuracy     : 0.5285

Epoch : 28
Train Loss     : 0.0425	 | 	Train Accuracy     : 0.9890
Valid Loss     : 1.6653	 | 	Valid Accuracy     : 0.5258

Epoch : 29
Train Loss     : 0.0399	 | 	Train Accuracy     : 0.9932
Valid Loss     : 1.6431	 | 	Valid Accuracy     : 0.5228

Epoch : 30
Train Loss     : 0.0386	 | 	Train Accuracy     : 0.9941
Valid Loss     : 1.7301	 | 	Valid Accuracy     : 0.5311

Evaluate on the Test set:
Test loss      :1.4340	 | Test Accuracy      : 0.5780 | Test AUPRC      : 0.7507
tensor([0.9078, 0.9296, 0.9464, 0.9079, 0.8716, 0.9471, 0.9282, 0.8804, 0.9067,
        0.8783, 0.8774, 0.8637, 0.9247, 0.9007, 0.9524, 0.8719, 0.8823, 0.8923,
        0.8686, 0.9206, 0.8892, 0.8650, 0.9186, 1.0327, 0.9384, 0.9235, 0.9102,
        0.8714, 0.8827, 0.8871, 0.8769, 1.0017, 0.9744, 0.8590, 0.8655, 0.9048,
        0.8780, 0.8907, 0.8651, 0.8787, 0.9783, 0.9280, 0.8856, 0.8764, 0.8986,
        0.8890, 0.8689, 0.8937, 0.8965, 0.8522, 0.8644, 0.8745, 0.8787, 0.9166,
        0.9015, 0.9762, 1.0054, 0.8686, 0.8799, 0.8927, 0.8943, 0.9015],
       device='cuda:0', grad_fn=<SqueezeBackward1>)

################## Training is Done! #########################
Training time is : 0:01:52.571926
