=============================================
Dataset: SEED
Method:  TS-TCC
Mode:    fine_tune
=============================================
Data loaded ...
Subjet 7
if scale True
Training started ....

Epoch : 1
Train Loss     : 0.9520	 | 	Train Accuracy     : 0.5764
Valid Loss     : 0.7568	 | 	Valid Accuracy     : 0.5972

Epoch : 2
Train Loss     : 0.4543	 | 	Train Accuracy     : 0.8215
Valid Loss     : 0.5150	 | 	Valid Accuracy     : 0.7705

Epoch : 3
Train Loss     : 0.3852	 | 	Train Accuracy     : 0.8460
Valid Loss     : 0.4440	 | 	Valid Accuracy     : 0.8359

Epoch : 4
Train Loss     : 0.3426	 | 	Train Accuracy     : 0.8682
Valid Loss     : 0.4154	 | 	Valid Accuracy     : 0.8213

Epoch : 5
Train Loss     : 0.3343	 | 	Train Accuracy     : 0.8685
Valid Loss     : 0.4480	 | 	Valid Accuracy     : 0.8271

Epoch : 6
Train Loss     : 0.3140	 | 	Train Accuracy     : 0.8823
Valid Loss     : 0.3920	 | 	Valid Accuracy     : 0.8555

Epoch : 7
Train Loss     : 0.3022	 | 	Train Accuracy     : 0.8832
Valid Loss     : 0.4044	 | 	Valid Accuracy     : 0.8452

Epoch : 8
Train Loss     : 0.2834	 | 	Train Accuracy     : 0.8932
Valid Loss     : 0.3679	 | 	Valid Accuracy     : 0.8633

Epoch : 9
Train Loss     : 0.2710	 | 	Train Accuracy     : 0.8976
Valid Loss     : 0.3981	 | 	Valid Accuracy     : 0.8560

Epoch : 10
Train Loss     : 0.2847	 | 	Train Accuracy     : 0.8935
Valid Loss     : 0.4562	 | 	Valid Accuracy     : 0.8423

Epoch : 11
Train Loss     : 0.2639	 | 	Train Accuracy     : 0.8972
Valid Loss     : 0.4886	 | 	Valid Accuracy     : 0.8008

Epoch : 12
Train Loss     : 0.2447	 | 	Train Accuracy     : 0.9017
Valid Loss     : 0.3993	 | 	Valid Accuracy     : 0.8467

Epoch : 13
Train Loss     : 0.2338	 | 	Train Accuracy     : 0.9205
Valid Loss     : 0.4158	 | 	Valid Accuracy     : 0.8315

Epoch : 14
Train Loss     : 0.2467	 | 	Train Accuracy     : 0.9122
Valid Loss     : 0.4132	 | 	Valid Accuracy     : 0.8472

Epoch : 15
Train Loss     : 0.2318	 | 	Train Accuracy     : 0.9166
Valid Loss     : 0.3623	 | 	Valid Accuracy     : 0.8584

Epoch : 16
Train Loss     : 0.2278	 | 	Train Accuracy     : 0.9181
Valid Loss     : 0.5230	 | 	Valid Accuracy     : 0.8076

Epoch : 17
Train Loss     : 0.2246	 | 	Train Accuracy     : 0.9195
Valid Loss     : 0.3878	 | 	Valid Accuracy     : 0.8545

Epoch : 18
Train Loss     : 0.2068	 | 	Train Accuracy     : 0.9273
Valid Loss     : 0.3725	 | 	Valid Accuracy     : 0.8564

Epoch : 19
Train Loss     : 0.2108	 | 	Train Accuracy     : 0.9202
Valid Loss     : 0.4409	 | 	Valid Accuracy     : 0.8335

Epoch : 20
Train Loss     : 0.2081	 | 	Train Accuracy     : 0.9224
Valid Loss     : 0.5028	 | 	Valid Accuracy     : 0.8218

Epoch : 21
Train Loss     : 0.1929	 | 	Train Accuracy     : 0.9350
Valid Loss     : 0.3838	 | 	Valid Accuracy     : 0.8521

Epoch : 22
Train Loss     : 0.1939	 | 	Train Accuracy     : 0.9243
Valid Loss     : 0.5279	 | 	Valid Accuracy     : 0.8130

Epoch : 23
Train Loss     : 0.1930	 | 	Train Accuracy     : 0.9278
Valid Loss     : 0.5414	 | 	Valid Accuracy     : 0.8140

Epoch : 24
Train Loss     : 0.1887	 | 	Train Accuracy     : 0.9324
Valid Loss     : 0.4564	 | 	Valid Accuracy     : 0.8325

Epoch : 25
Train Loss     : 0.1853	 | 	Train Accuracy     : 0.9314
Valid Loss     : 0.4299	 | 	Valid Accuracy     : 0.8369

Epoch : 26
Train Loss     : 0.1938	 | 	Train Accuracy     : 0.9239
Valid Loss     : 0.4476	 | 	Valid Accuracy     : 0.8398

Epoch : 27
Train Loss     : 0.1645	 | 	Train Accuracy     : 0.9429
Valid Loss     : 0.3964	 | 	Valid Accuracy     : 0.8589

Epoch : 28
Train Loss     : 0.1511	 | 	Train Accuracy     : 0.9477
Valid Loss     : 0.3892	 | 	Valid Accuracy     : 0.8564

Epoch : 29
Train Loss     : 0.1410	 | 	Train Accuracy     : 0.9562
Valid Loss     : 0.4149	 | 	Valid Accuracy     : 0.8511

Epoch : 30
Train Loss     : 0.1422	 | 	Train Accuracy     : 0.9516
Valid Loss     : 0.4079	 | 	Valid Accuracy     : 0.8506

Evaluate on the Test set:
Test loss      :0.8794	 | Test Accuracy      : 0.6727 | Test AUPRC      : 0.5745
tensor([0.7228, 0.8400, 0.9603, 0.6973, 0.9107, 0.8855, 0.9237, 0.6624, 0.5356,
        0.6865, 0.5419, 0.4776, 0.8885, 0.8434, 0.5574, 0.5249, 0.6689, 0.5642,
        0.5429, 0.6894, 0.5248, 0.8252, 0.7869, 1.0301, 0.7235, 0.8068, 0.5787,
        0.5806, 0.5418, 0.5245, 0.5815, 0.9374, 0.8061, 0.7662, 0.5678, 0.6161,
        0.6252, 0.5997, 0.4988, 0.7289, 0.7082, 0.5655, 0.5231, 0.5408, 0.5686,
        0.6361, 0.7323, 0.5523, 0.5473, 0.5398, 0.5658, 0.5263, 0.5185, 0.6248,
        0.5199, 0.4466, 0.6172, 0.8803, 0.8735, 0.5567, 0.6008, 0.6001],
       device='cuda:0', grad_fn=<SqueezeBackward1>)

################## Training is Done! #########################
Training time is : 0:01:45.658991
