=============================================
Dataset: SEED
Method:  TS-TCC
Mode:    fine_tune
=============================================
Data loaded ...
Subjet 4
if scale True
Training started ....

Epoch : 1
Train Loss     : 1.1466	 | 	Train Accuracy     : 0.4784
Valid Loss     : 1.2319	 | 	Valid Accuracy     : 0.4296

Epoch : 2
Train Loss     : 0.7082	 | 	Train Accuracy     : 0.7111
Valid Loss     : 0.8897	 | 	Valid Accuracy     : 0.5176

Epoch : 3
Train Loss     : 0.5663	 | 	Train Accuracy     : 0.7716
Valid Loss     : 0.8407	 | 	Valid Accuracy     : 0.5929

Epoch : 4
Train Loss     : 0.5179	 | 	Train Accuracy     : 0.7982
Valid Loss     : 0.7598	 | 	Valid Accuracy     : 0.6803

Epoch : 5
Train Loss     : 0.4619	 | 	Train Accuracy     : 0.8241
Valid Loss     : 0.7509	 | 	Valid Accuracy     : 0.6799

Epoch : 6
Train Loss     : 0.4193	 | 	Train Accuracy     : 0.8376
Valid Loss     : 0.8113	 | 	Valid Accuracy     : 0.6742

Epoch : 7
Train Loss     : 0.4293	 | 	Train Accuracy     : 0.8391
Valid Loss     : 0.7623	 | 	Valid Accuracy     : 0.6867

Epoch : 8
Train Loss     : 0.4525	 | 	Train Accuracy     : 0.8304
Valid Loss     : 1.0106	 | 	Valid Accuracy     : 0.6303

Epoch : 9
Train Loss     : 0.3980	 | 	Train Accuracy     : 0.8506
Valid Loss     : 1.0253	 | 	Valid Accuracy     : 0.6486

Epoch : 10
Train Loss     : 0.3952	 | 	Train Accuracy     : 0.8494
Valid Loss     : 0.8425	 | 	Valid Accuracy     : 0.6688

Epoch : 11
Train Loss     : 0.3614	 | 	Train Accuracy     : 0.8656
Valid Loss     : 1.0994	 | 	Valid Accuracy     : 0.6542

Epoch : 12
Train Loss     : 0.3523	 | 	Train Accuracy     : 0.8677
Valid Loss     : 1.1937	 | 	Valid Accuracy     : 0.6410

Epoch : 13
Train Loss     : 0.3612	 | 	Train Accuracy     : 0.8636
Valid Loss     : 0.9144	 | 	Valid Accuracy     : 0.6458

Epoch : 14
Train Loss     : 0.4016	 | 	Train Accuracy     : 0.8426
Valid Loss     : 0.9383	 | 	Valid Accuracy     : 0.6739

Epoch : 15
Train Loss     : 0.3611	 | 	Train Accuracy     : 0.8664
Valid Loss     : 1.1418	 | 	Valid Accuracy     : 0.6458

Epoch : 16
Train Loss     : 0.3286	 | 	Train Accuracy     : 0.8767
Valid Loss     : 1.0503	 | 	Valid Accuracy     : 0.6476

Epoch : 17
Train Loss     : 0.2861	 | 	Train Accuracy     : 0.8969
Valid Loss     : 0.8912	 | 	Valid Accuracy     : 0.6696

Epoch : 18
Train Loss     : 0.2734	 | 	Train Accuracy     : 0.9059
Valid Loss     : 0.8696	 | 	Valid Accuracy     : 0.6795

Epoch : 19
Train Loss     : 0.2595	 | 	Train Accuracy     : 0.9125
Valid Loss     : 0.8758	 | 	Valid Accuracy     : 0.6796

Epoch : 20
Train Loss     : 0.2672	 | 	Train Accuracy     : 0.9075
Valid Loss     : 0.9861	 | 	Valid Accuracy     : 0.6700

Epoch : 21
Train Loss     : 0.2628	 | 	Train Accuracy     : 0.9102
Valid Loss     : 0.9006	 | 	Valid Accuracy     : 0.6796

Epoch : 22
Train Loss     : 0.2632	 | 	Train Accuracy     : 0.9125
Valid Loss     : 0.9297	 | 	Valid Accuracy     : 0.6741

Epoch : 23
Train Loss     : 0.2556	 | 	Train Accuracy     : 0.9096
Valid Loss     : 0.9912	 | 	Valid Accuracy     : 0.6603

Epoch : 24
Train Loss     : 0.2509	 | 	Train Accuracy     : 0.9158
Valid Loss     : 1.0119	 | 	Valid Accuracy     : 0.6655

Epoch : 25
Train Loss     : 0.2532	 | 	Train Accuracy     : 0.9139
Valid Loss     : 0.9804	 | 	Valid Accuracy     : 0.6711

Epoch : 26
Train Loss     : 0.2477	 | 	Train Accuracy     : 0.9168
Valid Loss     : 0.9137	 | 	Valid Accuracy     : 0.6813

Epoch : 27
Train Loss     : 0.2455	 | 	Train Accuracy     : 0.9163
Valid Loss     : 0.8657	 | 	Valid Accuracy     : 0.6827

Epoch : 28
Train Loss     : 0.2426	 | 	Train Accuracy     : 0.9205
Valid Loss     : 0.8985	 | 	Valid Accuracy     : 0.6863

Epoch : 29
Train Loss     : 0.2398	 | 	Train Accuracy     : 0.9209
Valid Loss     : 0.9990	 | 	Valid Accuracy     : 0.6605

Epoch : 30
Train Loss     : 0.2400	 | 	Train Accuracy     : 0.9197
Valid Loss     : 0.9111	 | 	Valid Accuracy     : 0.6753

Evaluate on the Test set:
Test loss      :0.8307	 | Test Accuracy      : 0.6961 | Test AUPRC      : 0.7458
tensor([0.8590, 0.9065, 0.9476, 0.7868, 0.8111, 0.9382, 0.9097, 0.7884, 0.7952,
        0.7687, 0.8162, 0.7515, 0.8942, 0.9563, 0.8643, 0.7592, 0.7788, 0.8329,
        0.7444, 0.7908, 0.7719, 0.7381, 0.8291, 1.0248, 0.9670, 0.8731, 0.8633,
        0.7747, 0.7278, 0.7464, 0.7582, 1.0307, 0.9157, 0.8036, 0.7127, 0.8625,
        0.8732, 0.7734, 0.7247, 0.7731, 0.8922, 0.9122, 0.8321, 0.7956, 0.7680,
        0.8483, 0.8323, 0.7979, 0.7416, 0.7192, 0.7195, 0.7513, 0.7365, 0.7384,
        0.8312, 0.9814, 0.7821, 0.7249, 0.7771, 0.7107, 0.8649, 0.8202],
       device='cuda:0', grad_fn=<SqueezeBackward1>)

################## Training is Done! #########################
Training time is : 0:02:09.245114
