=============================================
Dataset: SEED
Method:  TS-TCC
Mode:    fine_tune
=============================================
Data loaded ...
Subjet 13
if scale True
Training started ....

Epoch : 1
Train Loss     : 0.8945	 | 	Train Accuracy     : 0.5938
Valid Loss     : 1.0255	 | 	Valid Accuracy     : 0.5239

Epoch : 2
Train Loss     : 0.4991	 | 	Train Accuracy     : 0.7658
Valid Loss     : 0.7983	 | 	Valid Accuracy     : 0.6260

Epoch : 3
Train Loss     : 0.4271	 | 	Train Accuracy     : 0.8125
Valid Loss     : 0.5185	 | 	Valid Accuracy     : 0.7432

Epoch : 4
Train Loss     : 0.3609	 | 	Train Accuracy     : 0.8528
Valid Loss     : 0.4547	 | 	Valid Accuracy     : 0.7866

Epoch : 5
Train Loss     : 0.3187	 | 	Train Accuracy     : 0.8719
Valid Loss     : 0.4800	 | 	Valid Accuracy     : 0.7817

Epoch : 6
Train Loss     : 0.2907	 | 	Train Accuracy     : 0.8894
Valid Loss     : 0.5883	 | 	Valid Accuracy     : 0.7319

Epoch : 7
Train Loss     : 0.2599	 | 	Train Accuracy     : 0.9025
Valid Loss     : 0.5542	 | 	Valid Accuracy     : 0.7598

Epoch : 8
Train Loss     : 0.2538	 | 	Train Accuracy     : 0.9051
Valid Loss     : 0.5456	 | 	Valid Accuracy     : 0.7661

Epoch : 9
Train Loss     : 0.2356	 | 	Train Accuracy     : 0.9117
Valid Loss     : 0.6083	 | 	Valid Accuracy     : 0.7500

Epoch : 10
Train Loss     : 0.2666	 | 	Train Accuracy     : 0.8877
Valid Loss     : 0.5485	 | 	Valid Accuracy     : 0.7773

Epoch : 11
Train Loss     : 0.2151	 | 	Train Accuracy     : 0.9205
Valid Loss     : 0.6637	 | 	Valid Accuracy     : 0.7339

Epoch : 12
Train Loss     : 0.2293	 | 	Train Accuracy     : 0.9044
Valid Loss     : 0.6950	 | 	Valid Accuracy     : 0.7368

Epoch : 13
Train Loss     : 0.1881	 | 	Train Accuracy     : 0.9348
Valid Loss     : 0.6095	 | 	Valid Accuracy     : 0.7559

Epoch : 14
Train Loss     : 0.1861	 | 	Train Accuracy     : 0.9312
Valid Loss     : 0.6725	 | 	Valid Accuracy     : 0.7310

Epoch : 15
Train Loss     : 0.1806	 | 	Train Accuracy     : 0.9316
Valid Loss     : 0.7167	 | 	Valid Accuracy     : 0.7168

Epoch : 16
Train Loss     : 0.1577	 | 	Train Accuracy     : 0.9482
Valid Loss     : 0.6420	 | 	Valid Accuracy     : 0.7339

Epoch : 17
Train Loss     : 0.1483	 | 	Train Accuracy     : 0.9499
Valid Loss     : 0.6077	 | 	Valid Accuracy     : 0.7534

Epoch : 18
Train Loss     : 0.1483	 | 	Train Accuracy     : 0.9504
Valid Loss     : 0.6421	 | 	Valid Accuracy     : 0.7417

Epoch : 19
Train Loss     : 0.1452	 | 	Train Accuracy     : 0.9530
Valid Loss     : 0.6229	 | 	Valid Accuracy     : 0.7495

Epoch : 20
Train Loss     : 0.1422	 | 	Train Accuracy     : 0.9560
Valid Loss     : 0.6104	 | 	Valid Accuracy     : 0.7524

Epoch : 21
Train Loss     : 0.1388	 | 	Train Accuracy     : 0.9572
Valid Loss     : 0.6086	 | 	Valid Accuracy     : 0.7559

Epoch : 22
Train Loss     : 0.1418	 | 	Train Accuracy     : 0.9553
Valid Loss     : 0.6298	 | 	Valid Accuracy     : 0.7456

Epoch : 23
Train Loss     : 0.1385	 | 	Train Accuracy     : 0.9574
Valid Loss     : 0.6233	 | 	Valid Accuracy     : 0.7515

Epoch : 24
Train Loss     : 0.1340	 | 	Train Accuracy     : 0.9565
Valid Loss     : 0.6698	 | 	Valid Accuracy     : 0.7295

Epoch : 25
Train Loss     : 0.1348	 | 	Train Accuracy     : 0.9577
Valid Loss     : 0.6359	 | 	Valid Accuracy     : 0.7466

Epoch : 26
Train Loss     : 0.1339	 | 	Train Accuracy     : 0.9591
Valid Loss     : 0.6182	 | 	Valid Accuracy     : 0.7534

Epoch : 27
Train Loss     : 0.1251	 | 	Train Accuracy     : 0.9630
Valid Loss     : 0.6500	 | 	Valid Accuracy     : 0.7349

Epoch : 28
Train Loss     : 0.1296	 | 	Train Accuracy     : 0.9620
Valid Loss     : 0.6502	 | 	Valid Accuracy     : 0.7339

Epoch : 29
Train Loss     : 0.1264	 | 	Train Accuracy     : 0.9635
Valid Loss     : 0.6444	 | 	Valid Accuracy     : 0.7407

Epoch : 30
Train Loss     : 0.1249	 | 	Train Accuracy     : 0.9633
Valid Loss     : 0.6338	 | 	Valid Accuracy     : 0.7471

Evaluate on the Test set:
Test loss      :1.3609	 | Test Accuracy      : 0.7199 | Test AUPRC      : 0.5322
tensor([0.8518, 0.8501, 0.9660, 0.9075, 0.7355, 0.9575, 0.9476, 0.7110, 0.8179,
        0.7996, 0.7830, 0.7907, 0.9207, 0.9454, 0.8799, 0.7536, 0.7547, 0.8101,
        0.7309, 0.8933, 0.7461, 0.7694, 0.7575, 0.9649, 0.8912, 0.7254, 0.8086,
        0.7573, 0.7334, 0.7344, 0.7135, 0.9571, 0.8807, 0.7950, 0.6731, 0.7817,
        0.9196, 0.7712, 0.8511, 0.9297, 0.8878, 0.9312, 0.9146, 0.8362, 0.7703,
        0.7897, 0.7392, 0.8367, 0.8678, 0.6829, 0.7013, 0.7859, 0.7019, 0.8487,
        0.7689, 0.6650, 0.6951, 0.7000, 0.8038, 0.8455, 0.7747, 0.8102],
       device='cuda:0', grad_fn=<SqueezeBackward1>)

################## Training is Done! #########################
Training time is : 0:01:28.797547
