=============================================
Dataset: SEED
Method:  TS-TCC
Mode:    fine_tune
=============================================
Data loaded ...
Subjet 14
if scale True
Training started ....

Epoch : 1
Train Loss     : 0.9311	 | 	Train Accuracy     : 0.5740
Valid Loss     : 1.1681	 | 	Valid Accuracy     : 0.4161

Epoch : 2
Train Loss     : 0.5426	 | 	Train Accuracy     : 0.8181
Valid Loss     : 1.0006	 | 	Valid Accuracy     : 0.5080

Epoch : 3
Train Loss     : 0.4740	 | 	Train Accuracy     : 0.8306
Valid Loss     : 0.9286	 | 	Valid Accuracy     : 0.5277

Epoch : 4
Train Loss     : 0.4248	 | 	Train Accuracy     : 0.8424
Valid Loss     : 1.2219	 | 	Valid Accuracy     : 0.5823

Epoch : 5
Train Loss     : 0.4191	 | 	Train Accuracy     : 0.8476
Valid Loss     : 1.1813	 | 	Valid Accuracy     : 0.5405

Epoch : 6
Train Loss     : 0.3781	 | 	Train Accuracy     : 0.8557
Valid Loss     : 1.1753	 | 	Valid Accuracy     : 0.5432

Epoch : 7
Train Loss     : 0.3562	 | 	Train Accuracy     : 0.8636
Valid Loss     : 1.3329	 | 	Valid Accuracy     : 0.5442

Epoch : 8
Train Loss     : 0.3330	 | 	Train Accuracy     : 0.8768
Valid Loss     : 1.3894	 | 	Valid Accuracy     : 0.5420

Epoch : 9
Train Loss     : 0.3207	 | 	Train Accuracy     : 0.8726
Valid Loss     : 1.1657	 | 	Valid Accuracy     : 0.5595

Epoch : 10
Train Loss     : 0.3062	 | 	Train Accuracy     : 0.8765
Valid Loss     : 1.4763	 | 	Valid Accuracy     : 0.5490

Epoch : 11
Train Loss     : 0.2975	 | 	Train Accuracy     : 0.8785
Valid Loss     : 1.3116	 | 	Valid Accuracy     : 0.5480

Epoch : 12
Train Loss     : 0.2812	 | 	Train Accuracy     : 0.8916
Valid Loss     : 1.5485	 | 	Valid Accuracy     : 0.5336

Epoch : 13
Train Loss     : 0.2773	 | 	Train Accuracy     : 0.8908
Valid Loss     : 1.4602	 | 	Valid Accuracy     : 0.5444

Epoch : 14
Train Loss     : 0.2602	 | 	Train Accuracy     : 0.8964
Valid Loss     : 1.3644	 | 	Valid Accuracy     : 0.5263

Epoch : 15
Train Loss     : 0.2317	 | 	Train Accuracy     : 0.9019
Valid Loss     : 1.4457	 | 	Valid Accuracy     : 0.5652

Epoch : 16
Train Loss     : 0.2151	 | 	Train Accuracy     : 0.9162
Valid Loss     : 1.4178	 | 	Valid Accuracy     : 0.5628

Epoch : 17
Train Loss     : 0.2115	 | 	Train Accuracy     : 0.9203
Valid Loss     : 1.4604	 | 	Valid Accuracy     : 0.5644

Epoch : 18
Train Loss     : 0.2114	 | 	Train Accuracy     : 0.9177
Valid Loss     : 1.4451	 | 	Valid Accuracy     : 0.5497

Epoch : 19
Train Loss     : 0.2061	 | 	Train Accuracy     : 0.9191
Valid Loss     : 1.5069	 | 	Valid Accuracy     : 0.5584

Epoch : 20
Train Loss     : 0.1993	 | 	Train Accuracy     : 0.9197
Valid Loss     : 1.4847	 | 	Valid Accuracy     : 0.5496

Epoch : 21
Train Loss     : 0.2014	 | 	Train Accuracy     : 0.9246
Valid Loss     : 1.4746	 | 	Valid Accuracy     : 0.5498

Epoch : 22
Train Loss     : 0.1941	 | 	Train Accuracy     : 0.9250
Valid Loss     : 1.5432	 | 	Valid Accuracy     : 0.5598

Epoch : 23
Train Loss     : 0.1903	 | 	Train Accuracy     : 0.9328
Valid Loss     : 1.5010	 | 	Valid Accuracy     : 0.5427

Epoch : 24
Train Loss     : 0.1901	 | 	Train Accuracy     : 0.9287
Valid Loss     : 1.5184	 | 	Valid Accuracy     : 0.5549

Epoch : 25
Train Loss     : 0.1872	 | 	Train Accuracy     : 0.9344
Valid Loss     : 1.4773	 | 	Valid Accuracy     : 0.5478

Epoch : 26
Train Loss     : 0.1795	 | 	Train Accuracy     : 0.9348
Valid Loss     : 1.4565	 | 	Valid Accuracy     : 0.5478

Epoch : 27
Train Loss     : 0.1786	 | 	Train Accuracy     : 0.9349
Valid Loss     : 1.4661	 | 	Valid Accuracy     : 0.5473

Epoch : 28
Train Loss     : 0.1808	 | 	Train Accuracy     : 0.9311
Valid Loss     : 1.5653	 | 	Valid Accuracy     : 0.5453

Epoch : 29
Train Loss     : 0.1821	 | 	Train Accuracy     : 0.9333
Valid Loss     : 1.5154	 | 	Valid Accuracy     : 0.5476

Epoch : 30
Train Loss     : 0.1830	 | 	Train Accuracy     : 0.9348
Valid Loss     : 1.5577	 | 	Valid Accuracy     : 0.5543

Evaluate on the Test set:
Test loss      :0.5911	 | Test Accuracy      : 0.8193 | Test AUPRC      : 0.8713
tensor([0.8605, 0.8878, 0.8222, 0.8549, 0.8940, 0.8653, 0.9581, 0.9226, 0.8633,
        0.8140, 0.8005, 0.7872, 0.8392, 0.9050, 0.9584, 0.7911, 0.8026, 0.8324,
        0.7835, 0.8332, 0.8185, 0.8380, 0.8392, 0.9497, 0.9346, 0.8105, 0.8457,
        0.7843, 0.8192, 0.8072, 0.9000, 0.9811, 1.0349, 0.8671, 0.7834, 0.8381,
        0.8657, 0.8162, 0.7885, 0.7987, 0.9960, 0.9489, 0.8646, 0.8502, 0.8248,
        0.8357, 0.8145, 0.8596, 0.7836, 0.8251, 0.8026, 0.8068, 0.7912, 0.7921,
        0.8204, 0.7792, 0.8047, 0.8042, 0.9346, 0.7859, 0.8472, 0.8351],
       device='cuda:0', grad_fn=<SqueezeBackward1>)

################## Training is Done! #########################
Training time is : 0:02:56.962532
