=============================================
Dataset: SEED
Method:  TS-TCC
Mode:    fine_tune
=============================================
Data loaded ...
Subjet 6
if scale True
Training started ....

Epoch : 1
Train Loss     : 1.3501	 | 	Train Accuracy     : 0.3848
Valid Loss     : 1.1438	 | 	Valid Accuracy     : 0.3763

Epoch : 2
Train Loss     : 1.0084	 | 	Train Accuracy     : 0.5673
Valid Loss     : 0.9589	 | 	Valid Accuracy     : 0.4505

Epoch : 3
Train Loss     : 0.8736	 | 	Train Accuracy     : 0.6378
Valid Loss     : 0.6682	 | 	Valid Accuracy     : 0.6578

Epoch : 4
Train Loss     : 0.6880	 | 	Train Accuracy     : 0.7103
Valid Loss     : 1.0631	 | 	Valid Accuracy     : 0.5087

Epoch : 5
Train Loss     : 0.5597	 | 	Train Accuracy     : 0.7526
Valid Loss     : 1.1574	 | 	Valid Accuracy     : 0.6533

Epoch : 6
Train Loss     : 0.5421	 | 	Train Accuracy     : 0.7810
Valid Loss     : 1.2321	 | 	Valid Accuracy     : 0.6025

Epoch : 7
Train Loss     : 0.3877	 | 	Train Accuracy     : 0.8509
Valid Loss     : 1.3057	 | 	Valid Accuracy     : 0.6262

Epoch : 8
Train Loss     : 0.3304	 | 	Train Accuracy     : 0.8917
Valid Loss     : 1.5435	 | 	Valid Accuracy     : 0.5469

Epoch : 9
Train Loss     : 0.3780	 | 	Train Accuracy     : 0.8689
Valid Loss     : 1.3278	 | 	Valid Accuracy     : 0.6331

Epoch : 10
Train Loss     : 0.2917	 | 	Train Accuracy     : 0.8895
Valid Loss     : 1.4988	 | 	Valid Accuracy     : 0.5964

Epoch : 11
Train Loss     : 0.2647	 | 	Train Accuracy     : 0.8934
Valid Loss     : 1.2530	 | 	Valid Accuracy     : 0.6286

Epoch : 12
Train Loss     : 0.2314	 | 	Train Accuracy     : 0.9375
Valid Loss     : 1.4916	 | 	Valid Accuracy     : 0.6253

Epoch : 13
Train Loss     : 0.3149	 | 	Train Accuracy     : 0.8956
Valid Loss     : 1.5849	 | 	Valid Accuracy     : 0.6095

Epoch : 14
Train Loss     : 0.2240	 | 	Train Accuracy     : 0.9282
Valid Loss     : 1.4305	 | 	Valid Accuracy     : 0.6219

Epoch : 15
Train Loss     : 0.2018	 | 	Train Accuracy     : 0.9306
Valid Loss     : 1.4537	 | 	Valid Accuracy     : 0.6193

Epoch : 16
Train Loss     : 0.2592	 | 	Train Accuracy     : 0.9121
Valid Loss     : 1.3641	 | 	Valid Accuracy     : 0.6350

Epoch : 17
Train Loss     : 0.2083	 | 	Train Accuracy     : 0.9338
Valid Loss     : 1.6416	 | 	Valid Accuracy     : 0.5236

Epoch : 18
Train Loss     : 0.2138	 | 	Train Accuracy     : 0.9299
Valid Loss     : 1.4544	 | 	Valid Accuracy     : 0.5732

Epoch : 19
Train Loss     : 0.1802	 | 	Train Accuracy     : 0.9622
Valid Loss     : 1.2954	 | 	Valid Accuracy     : 0.6322

Epoch : 20
Train Loss     : 0.1837	 | 	Train Accuracy     : 0.9358
Valid Loss     : 1.3010	 | 	Valid Accuracy     : 0.6372

Epoch : 21
Train Loss     : 0.2333	 | 	Train Accuracy     : 0.9212
Valid Loss     : 1.3976	 | 	Valid Accuracy     : 0.6090

Epoch : 22
Train Loss     : 0.1739	 | 	Train Accuracy     : 0.9635
Valid Loss     : 1.3977	 | 	Valid Accuracy     : 0.6274

Epoch : 23
Train Loss     : 0.1614	 | 	Train Accuracy     : 0.9603
Valid Loss     : 1.4217	 | 	Valid Accuracy     : 0.6201

Epoch : 24
Train Loss     : 0.1647	 | 	Train Accuracy     : 0.9688
Valid Loss     : 1.4614	 | 	Valid Accuracy     : 0.6116

Epoch : 25
Train Loss     : 0.1766	 | 	Train Accuracy     : 0.9581
Valid Loss     : 1.3935	 | 	Valid Accuracy     : 0.6235

Epoch : 26
Train Loss     : 0.1837	 | 	Train Accuracy     : 0.9549
Valid Loss     : 1.4263	 | 	Valid Accuracy     : 0.6217

Epoch : 27
Train Loss     : 0.2410	 | 	Train Accuracy     : 0.9164
Valid Loss     : 1.4540	 | 	Valid Accuracy     : 0.6152

Epoch : 28
Train Loss     : 0.1684	 | 	Train Accuracy     : 0.9516
Valid Loss     : 1.4044	 | 	Valid Accuracy     : 0.6310

Epoch : 29
Train Loss     : 0.1650	 | 	Train Accuracy     : 0.9594
Valid Loss     : 1.4292	 | 	Valid Accuracy     : 0.6301

Epoch : 30
Train Loss     : 0.1757	 | 	Train Accuracy     : 0.9371
Valid Loss     : 1.4481	 | 	Valid Accuracy     : 0.6301

Evaluate on the Test set:
Test loss      :1.7326	 | Test Accuracy      : 0.5685 | Test AUPRC      : 0.6082
tensor([0.9730, 0.9854, 0.9487, 0.9614, 0.9783, 0.9828, 0.9796, 0.9929, 0.9551,
        0.9363, 0.9412, 0.9393, 0.9662, 0.9705, 0.9888, 0.9477, 0.9391, 0.9490,
        0.9239, 0.9541, 0.9409, 0.9409, 0.9523, 1.0054, 0.9692, 0.9384, 0.9642,
        0.9305, 0.9563, 0.9485, 0.9473, 1.0411, 0.9765, 0.9317, 0.9399, 0.9497,
        0.9813, 0.9450, 0.9441, 0.9618, 0.9714, 0.9759, 0.9618, 0.9691, 1.0057,
        0.9488, 0.9447, 0.9647, 0.9373, 0.9474, 0.9300, 0.9356, 0.9577, 0.9633,
        0.9448, 0.9105, 0.9479, 0.9276, 0.9336, 0.9447, 0.9392, 0.9488],
       device='cuda:0', grad_fn=<SqueezeBackward1>)

################## Training is Done! #########################
Training time is : 0:00:48.494293
