=============================================
Dataset: SEED
Method:  TS-TCC
Mode:    fine_tune
=============================================
Data loaded ...
Subjet 13
if scale True
Training started ....

Epoch : 1
Train Loss     : 0.8749	 | 	Train Accuracy     : 0.6033
Valid Loss     : 0.9289	 | 	Valid Accuracy     : 0.5683

Epoch : 2
Train Loss     : 0.4949	 | 	Train Accuracy     : 0.7599
Valid Loss     : 0.7588	 | 	Valid Accuracy     : 0.6473

Epoch : 3
Train Loss     : 0.4114	 | 	Train Accuracy     : 0.8227
Valid Loss     : 0.5175	 | 	Valid Accuracy     : 0.7565

Epoch : 4
Train Loss     : 0.3505	 | 	Train Accuracy     : 0.8574
Valid Loss     : 0.5026	 | 	Valid Accuracy     : 0.7615

Epoch : 5
Train Loss     : 0.3061	 | 	Train Accuracy     : 0.8831
Valid Loss     : 0.5321	 | 	Valid Accuracy     : 0.7664

Epoch : 6
Train Loss     : 0.3000	 | 	Train Accuracy     : 0.8809
Valid Loss     : 0.5164	 | 	Valid Accuracy     : 0.7693

Epoch : 7
Train Loss     : 0.2730	 | 	Train Accuracy     : 0.8909
Valid Loss     : 0.6726	 | 	Valid Accuracy     : 0.7299

Epoch : 8
Train Loss     : 0.2466	 | 	Train Accuracy     : 0.9046
Valid Loss     : 0.6183	 | 	Valid Accuracy     : 0.7405

Epoch : 9
Train Loss     : 0.2520	 | 	Train Accuracy     : 0.9017
Valid Loss     : 0.9511	 | 	Valid Accuracy     : 0.6765

Epoch : 10
Train Loss     : 0.2201	 | 	Train Accuracy     : 0.9129
Valid Loss     : 0.6413	 | 	Valid Accuracy     : 0.7422

Epoch : 11
Train Loss     : 0.2128	 | 	Train Accuracy     : 0.9218
Valid Loss     : 0.6235	 | 	Valid Accuracy     : 0.7401

Epoch : 12
Train Loss     : 0.2268	 | 	Train Accuracy     : 0.9101
Valid Loss     : 0.6790	 | 	Valid Accuracy     : 0.7193

Epoch : 13
Train Loss     : 0.2156	 | 	Train Accuracy     : 0.9165
Valid Loss     : 0.7283	 | 	Valid Accuracy     : 0.7259

Epoch : 14
Train Loss     : 0.1845	 | 	Train Accuracy     : 0.9306
Valid Loss     : 0.6454	 | 	Valid Accuracy     : 0.7304

Epoch : 15
Train Loss     : 0.1776	 | 	Train Accuracy     : 0.9351
Valid Loss     : 0.5950	 | 	Valid Accuracy     : 0.7593

Epoch : 16
Train Loss     : 0.1537	 | 	Train Accuracy     : 0.9478
Valid Loss     : 0.6193	 | 	Valid Accuracy     : 0.7478

Epoch : 17
Train Loss     : 0.1398	 | 	Train Accuracy     : 0.9533
Valid Loss     : 0.6422	 | 	Valid Accuracy     : 0.7430

Epoch : 18
Train Loss     : 0.1432	 | 	Train Accuracy     : 0.9506
Valid Loss     : 0.6390	 | 	Valid Accuracy     : 0.7511

Epoch : 19
Train Loss     : 0.1323	 | 	Train Accuracy     : 0.9552
Valid Loss     : 0.6622	 | 	Valid Accuracy     : 0.7385

Epoch : 20
Train Loss     : 0.1292	 | 	Train Accuracy     : 0.9582
Valid Loss     : 0.6519	 | 	Valid Accuracy     : 0.7426

Epoch : 21
Train Loss     : 0.1251	 | 	Train Accuracy     : 0.9601
Valid Loss     : 0.6403	 | 	Valid Accuracy     : 0.7469

Epoch : 22
Train Loss     : 0.1306	 | 	Train Accuracy     : 0.9580
Valid Loss     : 0.6685	 | 	Valid Accuracy     : 0.7454

Epoch : 23
Train Loss     : 0.1265	 | 	Train Accuracy     : 0.9561
Valid Loss     : 0.6688	 | 	Valid Accuracy     : 0.7408

Epoch : 24
Train Loss     : 0.1226	 | 	Train Accuracy     : 0.9595
Valid Loss     : 0.6559	 | 	Valid Accuracy     : 0.7413

Epoch : 25
Train Loss     : 0.1259	 | 	Train Accuracy     : 0.9574
Valid Loss     : 0.6235	 | 	Valid Accuracy     : 0.7574

Epoch : 26
Train Loss     : 0.1227	 | 	Train Accuracy     : 0.9596
Valid Loss     : 0.6404	 | 	Valid Accuracy     : 0.7559

Epoch : 27
Train Loss     : 0.1175	 | 	Train Accuracy     : 0.9639
Valid Loss     : 0.6786	 | 	Valid Accuracy     : 0.7386

Epoch : 28
Train Loss     : 0.1129	 | 	Train Accuracy     : 0.9637
Valid Loss     : 0.6764	 | 	Valid Accuracy     : 0.7315

Epoch : 29
Train Loss     : 0.1148	 | 	Train Accuracy     : 0.9654
Valid Loss     : 0.6121	 | 	Valid Accuracy     : 0.7508

Epoch : 30
Train Loss     : 0.1137	 | 	Train Accuracy     : 0.9653
Valid Loss     : 0.6335	 | 	Valid Accuracy     : 0.7507

Evaluate on the Test set:
Test loss      :1.2487	 | Test Accuracy      : 0.7354 | Test AUPRC      : 0.7029
tensor([0.8788, 0.8573, 0.9632, 0.9004, 0.7096, 0.9577, 0.9461, 0.7174, 0.8143,
        0.7869, 0.7783, 0.7773, 0.9075, 0.9618, 0.8852, 0.7095, 0.7285, 0.7156,
        0.7035, 0.8387, 0.6818, 0.7617, 0.7571, 0.9611, 0.8734, 0.6951, 0.7553,
        0.7388, 0.6906, 0.7504, 0.6973, 0.9622, 0.8685, 0.7649, 0.6646, 0.7653,
        0.9228, 0.7611, 0.8069, 0.8950, 0.9102, 0.9239, 0.9136, 0.7878, 0.7762,
        0.7308, 0.7126, 0.7820, 0.8417, 0.7113, 0.7386, 0.7849, 0.6927, 0.8473,
        0.7671, 0.6370, 0.6953, 0.6760, 0.7670, 0.8162, 0.8529, 0.8110],
       device='cuda:0', grad_fn=<SqueezeBackward1>)

################## Training is Done! #########################
Training time is : 0:02:55.220033
