=============================================
Dataset: SEED
Method:  TS-TCC
Mode:    fine_tune
=============================================
Data loaded ...
Subjet 4
if scale True
Training started ....

Epoch : 1
Train Loss     : 1.0929	 | 	Train Accuracy     : 0.5061
Valid Loss     : 1.0906	 | 	Valid Accuracy     : 0.4903

Epoch : 2
Train Loss     : 0.6797	 | 	Train Accuracy     : 0.7138
Valid Loss     : 0.8165	 | 	Valid Accuracy     : 0.6451

Epoch : 3
Train Loss     : 0.5606	 | 	Train Accuracy     : 0.7718
Valid Loss     : 0.7291	 | 	Valid Accuracy     : 0.6605

Epoch : 4
Train Loss     : 0.4889	 | 	Train Accuracy     : 0.8126
Valid Loss     : 0.7224	 | 	Valid Accuracy     : 0.6976

Epoch : 5
Train Loss     : 0.4754	 | 	Train Accuracy     : 0.8092
Valid Loss     : 0.7540	 | 	Valid Accuracy     : 0.6873

Epoch : 6
Train Loss     : 0.4261	 | 	Train Accuracy     : 0.8387
Valid Loss     : 0.7241	 | 	Valid Accuracy     : 0.6855

Epoch : 7
Train Loss     : 0.4109	 | 	Train Accuracy     : 0.8451
Valid Loss     : 0.6816	 | 	Valid Accuracy     : 0.7063

Epoch : 8
Train Loss     : 0.3981	 | 	Train Accuracy     : 0.8482
Valid Loss     : 0.7924	 | 	Valid Accuracy     : 0.6758

Epoch : 9
Train Loss     : 0.3894	 | 	Train Accuracy     : 0.8539
Valid Loss     : 0.7159	 | 	Valid Accuracy     : 0.7065

Epoch : 10
Train Loss     : 0.3658	 | 	Train Accuracy     : 0.8593
Valid Loss     : 1.0264	 | 	Valid Accuracy     : 0.6449

Epoch : 11
Train Loss     : 0.3609	 | 	Train Accuracy     : 0.8672
Valid Loss     : 0.8524	 | 	Valid Accuracy     : 0.6716

Epoch : 12
Train Loss     : 0.3646	 | 	Train Accuracy     : 0.8601
Valid Loss     : 1.0805	 | 	Valid Accuracy     : 0.6622

Epoch : 13
Train Loss     : 0.3421	 | 	Train Accuracy     : 0.8720
Valid Loss     : 0.8194	 | 	Valid Accuracy     : 0.6855

Epoch : 14
Train Loss     : 0.3265	 | 	Train Accuracy     : 0.8792
Valid Loss     : 0.7747	 | 	Valid Accuracy     : 0.6891

Epoch : 15
Train Loss     : 0.3534	 | 	Train Accuracy     : 0.8687
Valid Loss     : 1.0176	 | 	Valid Accuracy     : 0.6657

Epoch : 16
Train Loss     : 0.3486	 | 	Train Accuracy     : 0.8692
Valid Loss     : 1.0819	 | 	Valid Accuracy     : 0.6687

Epoch : 17
Train Loss     : 0.3283	 | 	Train Accuracy     : 0.8768
Valid Loss     : 1.0274	 | 	Valid Accuracy     : 0.6540

Epoch : 18
Train Loss     : 0.3248	 | 	Train Accuracy     : 0.8782
Valid Loss     : 0.8662	 | 	Valid Accuracy     : 0.7002

Epoch : 19
Train Loss     : 0.2830	 | 	Train Accuracy     : 0.8978
Valid Loss     : 0.8541	 | 	Valid Accuracy     : 0.6959

Epoch : 20
Train Loss     : 0.2642	 | 	Train Accuracy     : 0.9105
Valid Loss     : 0.9175	 | 	Valid Accuracy     : 0.6842

Epoch : 21
Train Loss     : 0.2589	 | 	Train Accuracy     : 0.9123
Valid Loss     : 0.8809	 | 	Valid Accuracy     : 0.6917

Epoch : 22
Train Loss     : 0.2489	 | 	Train Accuracy     : 0.9188
Valid Loss     : 0.8636	 | 	Valid Accuracy     : 0.7004

Epoch : 23
Train Loss     : 0.2494	 | 	Train Accuracy     : 0.9170
Valid Loss     : 0.8282	 | 	Valid Accuracy     : 0.6983

Epoch : 24
Train Loss     : 0.2483	 | 	Train Accuracy     : 0.9148
Valid Loss     : 0.9031	 | 	Valid Accuracy     : 0.6926

Epoch : 25
Train Loss     : 0.2382	 | 	Train Accuracy     : 0.9218
Valid Loss     : 0.8487	 | 	Valid Accuracy     : 0.6957

Epoch : 26
Train Loss     : 0.2382	 | 	Train Accuracy     : 0.9185
Valid Loss     : 0.9177	 | 	Valid Accuracy     : 0.6887

Epoch : 27
Train Loss     : 0.2341	 | 	Train Accuracy     : 0.9223
Valid Loss     : 0.9476	 | 	Valid Accuracy     : 0.6860

Epoch : 28
Train Loss     : 0.2394	 | 	Train Accuracy     : 0.9195
Valid Loss     : 0.7661	 | 	Valid Accuracy     : 0.7163

Epoch : 29
Train Loss     : 0.2330	 | 	Train Accuracy     : 0.9226
Valid Loss     : 0.8298	 | 	Valid Accuracy     : 0.6980

Epoch : 30
Train Loss     : 0.2327	 | 	Train Accuracy     : 0.9239
Valid Loss     : 0.8635	 | 	Valid Accuracy     : 0.6869

Evaluate on the Test set:
Test loss      :0.8173	 | Test Accuracy      : 0.7012 | Test AUPRC      : 0.7525
tensor([0.8090, 0.9085, 0.9401, 0.7541, 0.7274, 0.9495, 0.8948, 0.7376, 0.7261,
        0.7096, 0.6691, 0.6517, 0.8379, 0.9494, 0.8478, 0.6598, 0.7545, 0.8081,
        0.7033, 0.7370, 0.7932, 0.6894, 0.7895, 1.0126, 0.9393, 0.8465, 0.8402,
        0.6743, 0.6822, 0.7163, 0.6863, 1.0451, 0.8857, 0.7626, 0.6445, 0.8067,
        0.8497, 0.7265, 0.7056, 0.7343, 0.8869, 0.8895, 0.8489, 0.8289, 0.7559,
        0.8198, 0.8301, 0.7058, 0.7507, 0.6663, 0.6674, 0.6631, 0.6887, 0.7397,
        0.7901, 0.9380, 0.8115, 0.6485, 0.6873, 0.6634, 0.8355, 0.7793],
       device='cuda:0', grad_fn=<SqueezeBackward1>)

################## Training is Done! #########################
Training time is : 0:02:43.261402
