=============================================
Dataset: SEED
Method:  TS-TCC
Mode:    fine_tune
=============================================
Data loaded ...
Subjet 9
if scale True
Training started ....

Epoch : 1
Train Loss     : 0.9576	 | 	Train Accuracy     : 0.5717
Valid Loss     : 0.8248	 | 	Valid Accuracy     : 0.6045

Epoch : 2
Train Loss     : 0.5219	 | 	Train Accuracy     : 0.7952
Valid Loss     : 0.5523	 | 	Valid Accuracy     : 0.7578

Epoch : 3
Train Loss     : 0.4020	 | 	Train Accuracy     : 0.8468
Valid Loss     : 0.5211	 | 	Valid Accuracy     : 0.7769

Epoch : 4
Train Loss     : 0.3287	 | 	Train Accuracy     : 0.8818
Valid Loss     : 0.4900	 | 	Valid Accuracy     : 0.7998

Epoch : 5
Train Loss     : 0.3148	 | 	Train Accuracy     : 0.8811
Valid Loss     : 0.5061	 | 	Valid Accuracy     : 0.7988

Epoch : 6
Train Loss     : 0.2870	 | 	Train Accuracy     : 0.8983
Valid Loss     : 0.6595	 | 	Valid Accuracy     : 0.7480

Epoch : 7
Train Loss     : 0.2975	 | 	Train Accuracy     : 0.8864
Valid Loss     : 0.5472	 | 	Valid Accuracy     : 0.7905

Epoch : 8
Train Loss     : 0.2510	 | 	Train Accuracy     : 0.9110
Valid Loss     : 0.5079	 | 	Valid Accuracy     : 0.8091

Epoch : 9
Train Loss     : 0.2338	 | 	Train Accuracy     : 0.9163
Valid Loss     : 0.6144	 | 	Valid Accuracy     : 0.7656

Epoch : 10
Train Loss     : 0.2382	 | 	Train Accuracy     : 0.9086
Valid Loss     : 0.5374	 | 	Valid Accuracy     : 0.8047

Epoch : 11
Train Loss     : 0.2111	 | 	Train Accuracy     : 0.9217
Valid Loss     : 0.5807	 | 	Valid Accuracy     : 0.7852

Epoch : 12
Train Loss     : 0.2042	 | 	Train Accuracy     : 0.9248
Valid Loss     : 0.5849	 | 	Valid Accuracy     : 0.7817

Epoch : 13
Train Loss     : 0.2019	 | 	Train Accuracy     : 0.9243
Valid Loss     : 0.5135	 | 	Valid Accuracy     : 0.8105

Epoch : 14
Train Loss     : 0.2053	 | 	Train Accuracy     : 0.9256
Valid Loss     : 0.5365	 | 	Valid Accuracy     : 0.8076

Epoch : 15
Train Loss     : 0.1883	 | 	Train Accuracy     : 0.9334
Valid Loss     : 0.5177	 | 	Valid Accuracy     : 0.8125

Epoch : 16
Train Loss     : 0.1727	 | 	Train Accuracy     : 0.9394
Valid Loss     : 0.5634	 | 	Valid Accuracy     : 0.7964

Epoch : 17
Train Loss     : 0.1588	 | 	Train Accuracy     : 0.9472
Valid Loss     : 0.5341	 | 	Valid Accuracy     : 0.8105

Epoch : 18
Train Loss     : 0.1490	 | 	Train Accuracy     : 0.9552
Valid Loss     : 0.5176	 | 	Valid Accuracy     : 0.8174

Epoch : 19
Train Loss     : 0.1484	 | 	Train Accuracy     : 0.9518
Valid Loss     : 0.5174	 | 	Valid Accuracy     : 0.8169

Epoch : 20
Train Loss     : 0.1450	 | 	Train Accuracy     : 0.9543
Valid Loss     : 0.5290	 | 	Valid Accuracy     : 0.8140

Epoch : 21
Train Loss     : 0.1447	 | 	Train Accuracy     : 0.9514
Valid Loss     : 0.5140	 | 	Valid Accuracy     : 0.8188

Epoch : 22
Train Loss     : 0.1425	 | 	Train Accuracy     : 0.9557
Valid Loss     : 0.5370	 | 	Valid Accuracy     : 0.8120

Epoch : 23
Train Loss     : 0.1398	 | 	Train Accuracy     : 0.9581
Valid Loss     : 0.5288	 | 	Valid Accuracy     : 0.8169

Epoch : 24
Train Loss     : 0.1390	 | 	Train Accuracy     : 0.9587
Valid Loss     : 0.5277	 | 	Valid Accuracy     : 0.8179

Epoch : 25
Train Loss     : 0.1383	 | 	Train Accuracy     : 0.9555
Valid Loss     : 0.5420	 | 	Valid Accuracy     : 0.8120

Epoch : 26
Train Loss     : 0.1374	 | 	Train Accuracy     : 0.9567
Valid Loss     : 0.5204	 | 	Valid Accuracy     : 0.8228

Epoch : 27
Train Loss     : 0.1314	 | 	Train Accuracy     : 0.9618
Valid Loss     : 0.5452	 | 	Valid Accuracy     : 0.8120

Epoch : 28
Train Loss     : 0.1348	 | 	Train Accuracy     : 0.9596
Valid Loss     : 0.5318	 | 	Valid Accuracy     : 0.8154

Epoch : 29
Train Loss     : 0.1313	 | 	Train Accuracy     : 0.9606
Valid Loss     : 0.5282	 | 	Valid Accuracy     : 0.8179

Epoch : 30
Train Loss     : 0.1285	 | 	Train Accuracy     : 0.9599
Valid Loss     : 0.5291	 | 	Valid Accuracy     : 0.8164

Evaluate on the Test set:
Test loss      :0.6921	 | Test Accuracy      : 0.7629 | Test AUPRC      : 0.5686
tensor([0.7972, 0.8118, 0.9924, 0.7227, 0.7305, 0.8985, 0.8967, 0.7032, 0.7498,
        0.8460, 0.7136, 0.8784, 0.9324, 0.8976, 0.8595, 0.7034, 0.7734, 0.7587,
        0.7766, 0.8889, 0.8299, 0.8879, 0.9051, 1.0573, 0.8348, 0.7867, 0.8909,
        0.7931, 0.7040, 0.7782, 0.7800, 0.8439, 0.9055, 0.8133, 0.6670, 0.7986,
        0.7204, 0.8343, 0.9089, 0.7260, 0.8363, 0.8495, 0.7866, 0.8406, 0.8149,
        0.8438, 0.7435, 0.9679, 0.8288, 0.7687, 0.8510, 0.7712, 0.7147, 0.7134,
        0.7209, 0.6503, 0.8203, 0.8372, 0.8106, 0.7124, 0.8657, 0.7349],
       device='cuda:0', grad_fn=<SqueezeBackward1>)

################## Training is Done! #########################
Training time is : 0:01:30.717276
