=============================================
Dataset: SEED
Method:  TS-TCC
Mode:    fine_tune
=============================================
Data loaded ...
Subjet 11
if scale True
Training started ....

Epoch : 1
Train Loss     : 1.2796	 | 	Train Accuracy     : 0.4670
Valid Loss     : 2.2814	 | 	Valid Accuracy     : 0.3313

Epoch : 2
Train Loss     : 0.6645	 | 	Train Accuracy     : 0.7048
Valid Loss     : 2.0576	 | 	Valid Accuracy     : 0.3523

Epoch : 3
Train Loss     : 0.4793	 | 	Train Accuracy     : 0.8003
Valid Loss     : 2.3300	 | 	Valid Accuracy     : 0.3673

Epoch : 4
Train Loss     : 0.3822	 | 	Train Accuracy     : 0.8522
Valid Loss     : 1.0182	 | 	Valid Accuracy     : 0.5943

Epoch : 5
Train Loss     : 0.3018	 | 	Train Accuracy     : 0.9081
Valid Loss     : 0.7167	 | 	Valid Accuracy     : 0.7269

Epoch : 6
Train Loss     : 0.2463	 | 	Train Accuracy     : 0.9304
Valid Loss     : 0.6652	 | 	Valid Accuracy     : 0.7385

Epoch : 7
Train Loss     : 0.2190	 | 	Train Accuracy     : 0.9367
Valid Loss     : 0.5879	 | 	Valid Accuracy     : 0.7641

Epoch : 8
Train Loss     : 0.2003	 | 	Train Accuracy     : 0.9392
Valid Loss     : 0.5384	 | 	Valid Accuracy     : 0.7795

Epoch : 9
Train Loss     : 0.1809	 | 	Train Accuracy     : 0.9477
Valid Loss     : 0.5593	 | 	Valid Accuracy     : 0.7809

Epoch : 10
Train Loss     : 0.1625	 | 	Train Accuracy     : 0.9556
Valid Loss     : 0.5668	 | 	Valid Accuracy     : 0.7770

Epoch : 11
Train Loss     : 0.1379	 | 	Train Accuracy     : 0.9606
Valid Loss     : 0.5480	 | 	Valid Accuracy     : 0.7697

Epoch : 12
Train Loss     : 0.1387	 | 	Train Accuracy     : 0.9654
Valid Loss     : 0.6014	 | 	Valid Accuracy     : 0.7815

Epoch : 13
Train Loss     : 0.1317	 | 	Train Accuracy     : 0.9597
Valid Loss     : 0.5127	 | 	Valid Accuracy     : 0.7898

Epoch : 14
Train Loss     : 0.1128	 | 	Train Accuracy     : 0.9718
Valid Loss     : 0.5662	 | 	Valid Accuracy     : 0.7948

Epoch : 15
Train Loss     : 0.1098	 | 	Train Accuracy     : 0.9710
Valid Loss     : 0.5773	 | 	Valid Accuracy     : 0.7977

Epoch : 16
Train Loss     : 0.0908	 | 	Train Accuracy     : 0.9779
Valid Loss     : 0.5345	 | 	Valid Accuracy     : 0.7881

Epoch : 17
Train Loss     : 0.0859	 | 	Train Accuracy     : 0.9796
Valid Loss     : 0.5513	 | 	Valid Accuracy     : 0.7902

Epoch : 18
Train Loss     : 0.0890	 | 	Train Accuracy     : 0.9796
Valid Loss     : 0.6551	 | 	Valid Accuracy     : 0.7746

Epoch : 19
Train Loss     : 0.0923	 | 	Train Accuracy     : 0.9725
Valid Loss     : 0.7353	 | 	Valid Accuracy     : 0.7332

Epoch : 20
Train Loss     : 0.0844	 | 	Train Accuracy     : 0.9766
Valid Loss     : 0.9076	 | 	Valid Accuracy     : 0.7052

Epoch : 21
Train Loss     : 0.0936	 | 	Train Accuracy     : 0.9741
Valid Loss     : 0.7206	 | 	Valid Accuracy     : 0.7349

Epoch : 22
Train Loss     : 0.0833	 | 	Train Accuracy     : 0.9801
Valid Loss     : 0.7297	 | 	Valid Accuracy     : 0.7482

Epoch : 23
Train Loss     : 0.0732	 | 	Train Accuracy     : 0.9835
Valid Loss     : 0.6803	 | 	Valid Accuracy     : 0.7669

Epoch : 24
Train Loss     : 0.0723	 | 	Train Accuracy     : 0.9807
Valid Loss     : 0.6067	 | 	Valid Accuracy     : 0.7715

Epoch : 25
Train Loss     : 0.0599	 | 	Train Accuracy     : 0.9866
Valid Loss     : 0.5992	 | 	Valid Accuracy     : 0.7804

Epoch : 26
Train Loss     : 0.0477	 | 	Train Accuracy     : 0.9955
Valid Loss     : 0.5918	 | 	Valid Accuracy     : 0.7807

Epoch : 27
Train Loss     : 0.0480	 | 	Train Accuracy     : 0.9916
Valid Loss     : 0.6150	 | 	Valid Accuracy     : 0.7803

Epoch : 28
Train Loss     : 0.0481	 | 	Train Accuracy     : 0.9915
Valid Loss     : 0.5836	 | 	Valid Accuracy     : 0.7878

Epoch : 29
Train Loss     : 0.0458	 | 	Train Accuracy     : 0.9959
Valid Loss     : 0.5934	 | 	Valid Accuracy     : 0.7804

Epoch : 30
Train Loss     : 0.0444	 | 	Train Accuracy     : 0.9931
Valid Loss     : 0.5650	 | 	Valid Accuracy     : 0.7938

Evaluate on the Test set:
Test loss      :1.3997	 | Test Accuracy      : 0.6904 | Test AUPRC      : 0.7625
tensor([0.9122, 0.9487, 0.9173, 0.8871, 0.8490, 0.9141, 0.9931, 0.8695, 0.8880,
        0.8512, 0.8550, 0.8354, 0.9832, 0.8828, 0.9017, 0.8464, 0.8622, 0.8498,
        0.8249, 0.9276, 0.9093, 0.9813, 0.9587, 0.9575, 0.8791, 0.8937, 0.9136,
        0.8493, 0.8557, 0.8869, 0.9104, 0.9218, 0.9653, 0.8537, 0.8390, 0.9024,
        0.8722, 0.8914, 0.8577, 0.8637, 0.9303, 0.9109, 0.8806, 0.9152, 0.9088,
        0.8706, 0.8367, 0.8869, 0.8939, 0.8640, 0.8519, 0.8642, 0.8459, 0.8604,
        0.8768, 0.8097, 0.8375, 0.9574, 0.9353, 0.8919, 0.9444, 0.8742],
       device='cuda:0', grad_fn=<SqueezeBackward1>)

################## Training is Done! #########################
Training time is : 0:01:47.078461
