=============================================
Dataset: SEED
Method:  TS-TCC
Mode:    fine_tune
=============================================
Data loaded ...
Subjet 15
if scale True
Training started ....

Epoch : 1
Train Loss     : 1.0523	 | 	Train Accuracy     : 0.5189
Valid Loss     : 0.8650	 | 	Valid Accuracy     : 0.5307

Epoch : 2
Train Loss     : 0.4727	 | 	Train Accuracy     : 0.7912
Valid Loss     : 0.6247	 | 	Valid Accuracy     : 0.7208

Epoch : 3
Train Loss     : 0.2612	 | 	Train Accuracy     : 0.9253
Valid Loss     : 0.5308	 | 	Valid Accuracy     : 0.8180

Epoch : 4
Train Loss     : 0.1176	 | 	Train Accuracy     : 0.9555
Valid Loss     : 0.5299	 | 	Valid Accuracy     : 0.8635

Epoch : 5
Train Loss     : 0.1262	 | 	Train Accuracy     : 0.9607
Valid Loss     : 0.7251	 | 	Valid Accuracy     : 0.8382

Epoch : 6
Train Loss     : 0.1022	 | 	Train Accuracy     : 0.9672
Valid Loss     : 1.0793	 | 	Valid Accuracy     : 0.8433

Epoch : 7
Train Loss     : 0.0705	 | 	Train Accuracy     : 0.9724
Valid Loss     : 1.7666	 | 	Valid Accuracy     : 0.7611

Epoch : 8
Train Loss     : 0.0475	 | 	Train Accuracy     : 0.9863
Valid Loss     : 1.7055	 | 	Valid Accuracy     : 0.7841

Epoch : 9
Train Loss     : 0.0795	 | 	Train Accuracy     : 0.9638
Valid Loss     : 2.5395	 | 	Valid Accuracy     : 0.8076

Epoch : 10
Train Loss     : 0.0624	 | 	Train Accuracy     : 0.9783
Valid Loss     : 2.0671	 | 	Valid Accuracy     : 0.7288

Epoch : 11
Train Loss     : 0.0507	 | 	Train Accuracy     : 0.9896
Valid Loss     : 2.2438	 | 	Valid Accuracy     : 0.8342

Epoch : 12
Train Loss     : 0.0440	 | 	Train Accuracy     : 0.9896
Valid Loss     : 3.0626	 | 	Valid Accuracy     : 0.8332

Epoch : 13
Train Loss     : 0.0378	 | 	Train Accuracy     : 0.9961
Valid Loss     : 4.6134	 | 	Valid Accuracy     : 0.8271

Epoch : 14
Train Loss     : 0.0284	 | 	Train Accuracy     : 0.9915
Valid Loss     : 3.4196	 | 	Valid Accuracy     : 0.8113

Epoch : 15
Train Loss     : 0.0296	 | 	Train Accuracy     : 0.9961
Valid Loss     : 3.2459	 | 	Valid Accuracy     : 0.8366

Epoch : 16
Train Loss     : 0.0381	 | 	Train Accuracy     : 0.9848
Valid Loss     : 3.7295	 | 	Valid Accuracy     : 0.8375

Epoch : 17
Train Loss     : 0.0140	 | 	Train Accuracy     : 0.9974
Valid Loss     : 3.9635	 | 	Valid Accuracy     : 0.8282

Epoch : 18
Train Loss     : 0.0227	 | 	Train Accuracy     : 0.9974
Valid Loss     : 4.3223	 | 	Valid Accuracy     : 0.8206

Epoch : 19
Train Loss     : 0.0197	 | 	Train Accuracy     : 0.9980
Valid Loss     : 4.5874	 | 	Valid Accuracy     : 0.8272

Epoch : 20
Train Loss     : 0.0165	 | 	Train Accuracy     : 0.9987
Valid Loss     : 4.7727	 | 	Valid Accuracy     : 0.8282

Epoch : 21
Train Loss     : 0.0243	 | 	Train Accuracy     : 0.9987
Valid Loss     : 4.5203	 | 	Valid Accuracy     : 0.8165

Epoch : 22
Train Loss     : 0.0150	 | 	Train Accuracy     : 0.9993
Valid Loss     : 5.7822	 | 	Valid Accuracy     : 0.8198

Epoch : 23
Train Loss     : 0.0117	 | 	Train Accuracy     : 0.9993
Valid Loss     : 4.8608	 | 	Valid Accuracy     : 0.8213

Epoch : 24
Train Loss     : 0.0109	 | 	Train Accuracy     : 0.9993
Valid Loss     : 4.5066	 | 	Valid Accuracy     : 0.8165

Epoch : 25
Train Loss     : 0.0666	 | 	Train Accuracy     : 0.9722
Valid Loss     : 4.3502	 | 	Valid Accuracy     : 0.8318

Epoch : 26
Train Loss     : 0.0117	 | 	Train Accuracy     : 0.9987
Valid Loss     : 4.3217	 | 	Valid Accuracy     : 0.8018

Epoch : 27
Train Loss     : 0.0235	 | 	Train Accuracy     : 0.9980
Valid Loss     : 4.6665	 | 	Valid Accuracy     : 0.8040

Epoch : 28
Train Loss     : 0.0220	 | 	Train Accuracy     : 0.9987
Valid Loss     : 4.3520	 | 	Valid Accuracy     : 0.8023

Epoch : 29
Train Loss     : 0.0225	 | 	Train Accuracy     : 0.9993
Valid Loss     : 6.0310	 | 	Valid Accuracy     : 0.8014

Epoch : 30
Train Loss     : 0.0297	 | 	Train Accuracy     : 0.9848
Valid Loss     : 4.4559	 | 	Valid Accuracy     : 0.7973

Evaluate on the Test set:
Test loss      :134.3022	 | Test Accuracy      : 0.6525 | Test AUPRC      : 0.5716
tensor([0.9417, 0.9437, 0.9419, 1.0056, 0.9339, 0.9290, 0.9859, 0.9342, 0.9434,
        0.9298, 0.9240, 0.9297, 0.9726, 0.9359, 0.9742, 0.9374, 0.9253, 0.9375,
        0.9048, 0.9765, 0.9303, 0.9374, 0.9291, 1.0056, 0.9702, 0.9395, 0.9562,
        0.9205, 0.9410, 0.9320, 0.9772, 1.0081, 0.9713, 0.9230, 0.9176, 0.9553,
        0.9536, 0.9351, 0.9336, 1.0007, 0.9905, 0.9683, 0.9624, 0.9888, 0.9435,
        0.9334, 0.9367, 0.9250, 0.9294, 0.9277, 0.9191, 0.9286, 0.9216, 0.9408,
        0.9328, 0.9044, 0.9221, 0.9773, 0.9719, 0.9234, 0.9672, 0.9376],
       device='cuda:0', grad_fn=<SqueezeBackward1>)

################## Training is Done! #########################
Training time is : 0:00:59.700143
