=============================================
Dataset: SEED
Method:  TS-TCC
Mode:    fine_tune
=============================================
Data loaded ...
Subjet 4
if scale False
Training started ....

Epoch : 1
Train Loss     : 1.0888	 | 	Train Accuracy     : 0.5263
Valid Loss     : 1.0224	 | 	Valid Accuracy     : 0.4473

Epoch : 2
Train Loss     : 0.6688	 | 	Train Accuracy     : 0.7255
Valid Loss     : 0.8460	 | 	Valid Accuracy     : 0.5439

Epoch : 3
Train Loss     : 0.5800	 | 	Train Accuracy     : 0.7612
Valid Loss     : 0.7635	 | 	Valid Accuracy     : 0.6357

Epoch : 4
Train Loss     : 0.5125	 | 	Train Accuracy     : 0.8026
Valid Loss     : 0.7791	 | 	Valid Accuracy     : 0.6831

Epoch : 5
Train Loss     : 0.4750	 | 	Train Accuracy     : 0.8166
Valid Loss     : 0.8865	 | 	Valid Accuracy     : 0.6660

Epoch : 6
Train Loss     : 0.4418	 | 	Train Accuracy     : 0.8305
Valid Loss     : 0.7671	 | 	Valid Accuracy     : 0.6919

Epoch : 7
Train Loss     : 0.4277	 | 	Train Accuracy     : 0.8378
Valid Loss     : 0.7529	 | 	Valid Accuracy     : 0.6831

Epoch : 8
Train Loss     : 0.4124	 | 	Train Accuracy     : 0.8461
Valid Loss     : 0.8307	 | 	Valid Accuracy     : 0.6724

Epoch : 9
Train Loss     : 0.4334	 | 	Train Accuracy     : 0.8354
Valid Loss     : 0.7950	 | 	Valid Accuracy     : 0.6816

Epoch : 10
Train Loss     : 0.3899	 | 	Train Accuracy     : 0.8590
Valid Loss     : 0.9885	 | 	Valid Accuracy     : 0.6865

Epoch : 11
Train Loss     : 0.3779	 | 	Train Accuracy     : 0.8580
Valid Loss     : 0.9037	 | 	Valid Accuracy     : 0.6836

Epoch : 12
Train Loss     : 0.3653	 | 	Train Accuracy     : 0.8597
Valid Loss     : 0.8208	 | 	Valid Accuracy     : 0.6938

Epoch : 13
Train Loss     : 0.3577	 | 	Train Accuracy     : 0.8631
Valid Loss     : 0.9005	 | 	Valid Accuracy     : 0.6890

Epoch : 14
Train Loss     : 0.3639	 | 	Train Accuracy     : 0.8658
Valid Loss     : 0.8058	 | 	Valid Accuracy     : 0.7017

Epoch : 15
Train Loss     : 0.3694	 | 	Train Accuracy     : 0.8626
Valid Loss     : 0.8685	 | 	Valid Accuracy     : 0.6729

Epoch : 16
Train Loss     : 0.3512	 | 	Train Accuracy     : 0.8653
Valid Loss     : 0.8586	 | 	Valid Accuracy     : 0.6929

Epoch : 17
Train Loss     : 0.3360	 | 	Train Accuracy     : 0.8767
Valid Loss     : 0.9336	 | 	Valid Accuracy     : 0.6777

Epoch : 18
Train Loss     : 0.3279	 | 	Train Accuracy     : 0.8753
Valid Loss     : 0.7682	 | 	Valid Accuracy     : 0.6973

Epoch : 19
Train Loss     : 0.2824	 | 	Train Accuracy     : 0.9001
Valid Loss     : 0.7984	 | 	Valid Accuracy     : 0.7012

Epoch : 20
Train Loss     : 0.2622	 | 	Train Accuracy     : 0.9112
Valid Loss     : 0.8391	 | 	Valid Accuracy     : 0.6958

Epoch : 21
Train Loss     : 0.2633	 | 	Train Accuracy     : 0.9068
Valid Loss     : 0.8483	 | 	Valid Accuracy     : 0.6924

Epoch : 22
Train Loss     : 0.2569	 | 	Train Accuracy     : 0.9129
Valid Loss     : 0.8373	 | 	Valid Accuracy     : 0.6982

Epoch : 23
Train Loss     : 0.2604	 | 	Train Accuracy     : 0.9096
Valid Loss     : 0.8573	 | 	Valid Accuracy     : 0.6943

Epoch : 24
Train Loss     : 0.2476	 | 	Train Accuracy     : 0.9168
Valid Loss     : 0.8519	 | 	Valid Accuracy     : 0.6929

Epoch : 25
Train Loss     : 0.2458	 | 	Train Accuracy     : 0.9168
Valid Loss     : 0.8585	 | 	Valid Accuracy     : 0.6904

Epoch : 26
Train Loss     : 0.2419	 | 	Train Accuracy     : 0.9183
Valid Loss     : 0.7737	 | 	Valid Accuracy     : 0.7227

Epoch : 27
Train Loss     : 0.2421	 | 	Train Accuracy     : 0.9224
Valid Loss     : 0.8602	 | 	Valid Accuracy     : 0.6953

Epoch : 28
Train Loss     : 0.2450	 | 	Train Accuracy     : 0.9107
Valid Loss     : 0.8388	 | 	Valid Accuracy     : 0.7012

Epoch : 29
Train Loss     : 0.2377	 | 	Train Accuracy     : 0.9236
Valid Loss     : 0.7985	 | 	Valid Accuracy     : 0.7134

Epoch : 30
Train Loss     : 0.2318	 | 	Train Accuracy     : 0.9192
Valid Loss     : 0.8488	 | 	Valid Accuracy     : 0.6943

Evaluate on the Test set:
Test loss      :0.8031	 | Test Accuracy      : 0.7056 | Test AUPRC      : 0.5583
tensor([1., 1., 1., 1., 1., 1., 1., 1., 1., 1., 1., 1., 1., 1., 1., 1., 1., 1.,
        1., 1., 1., 1., 1., 1., 1., 1., 1., 1., 1., 1., 1., 1., 1., 1., 1., 1.,
        1., 1., 1., 1., 1., 1., 1., 1., 1., 1., 1., 1., 1., 1., 1., 1., 1., 1.,
        1., 1., 1., 1., 1., 1., 1., 1.], device='cuda:0',
       grad_fn=<SqueezeBackward1>)

################## Training is Done! #########################
Training time is : 0:01:31.191791
