=============================================
Dataset: SEED
Method:  TS-TCC
Mode:    fine_tune
=============================================
Data loaded ...
Subjet 14
if scale True
Training started ....

Epoch : 1
Train Loss     : 1.2222	 | 	Train Accuracy     : 0.3911
Valid Loss     : 1.8227	 | 	Valid Accuracy     : 0.3309

Epoch : 2
Train Loss     : 0.7029	 | 	Train Accuracy     : 0.7365
Valid Loss     : 2.5503	 | 	Valid Accuracy     : 0.3377

Epoch : 3
Train Loss     : 0.4359	 | 	Train Accuracy     : 0.8670
Valid Loss     : 1.7147	 | 	Valid Accuracy     : 0.4208

Epoch : 4
Train Loss     : 0.3910	 | 	Train Accuracy     : 0.8709
Valid Loss     : 2.6000	 | 	Valid Accuracy     : 0.3819

Epoch : 5
Train Loss     : 0.3200	 | 	Train Accuracy     : 0.8507
Valid Loss     : 2.9328	 | 	Valid Accuracy     : 0.3983

Epoch : 6
Train Loss     : 0.2133	 | 	Train Accuracy     : 0.9282
Valid Loss     : 2.0655	 | 	Valid Accuracy     : 0.4583

Epoch : 7
Train Loss     : 0.2344	 | 	Train Accuracy     : 0.9327
Valid Loss     : 2.6750	 | 	Valid Accuracy     : 0.4246

Epoch : 8
Train Loss     : 0.1795	 | 	Train Accuracy     : 0.9431
Valid Loss     : 2.2569	 | 	Valid Accuracy     : 0.4689

Epoch : 9
Train Loss     : 0.1493	 | 	Train Accuracy     : 0.9492
Valid Loss     : 2.4423	 | 	Valid Accuracy     : 0.4755

Epoch : 10
Train Loss     : 0.1472	 | 	Train Accuracy     : 0.9655
Valid Loss     : 2.9907	 | 	Valid Accuracy     : 0.4418

Epoch : 11
Train Loss     : 0.1027	 | 	Train Accuracy     : 0.9746
Valid Loss     : 2.9410	 | 	Valid Accuracy     : 0.4346

Epoch : 12
Train Loss     : 0.1087	 | 	Train Accuracy     : 0.9720
Valid Loss     : 2.9515	 | 	Valid Accuracy     : 0.4438

Epoch : 13
Train Loss     : 0.1461	 | 	Train Accuracy     : 0.9514
Valid Loss     : 2.6990	 | 	Valid Accuracy     : 0.4720

Epoch : 14
Train Loss     : 0.1395	 | 	Train Accuracy     : 0.9622
Valid Loss     : 2.6530	 | 	Valid Accuracy     : 0.4861

Epoch : 15
Train Loss     : 0.1077	 | 	Train Accuracy     : 0.9601
Valid Loss     : 2.7383	 | 	Valid Accuracy     : 0.4762

Epoch : 16
Train Loss     : 0.1327	 | 	Train Accuracy     : 0.9462
Valid Loss     : 2.5475	 | 	Valid Accuracy     : 0.4889

Epoch : 17
Train Loss     : 0.0888	 | 	Train Accuracy     : 0.9798
Valid Loss     : 2.7413	 | 	Valid Accuracy     : 0.4734

Epoch : 18
Train Loss     : 0.1112	 | 	Train Accuracy     : 0.9705
Valid Loss     : 2.7311	 | 	Valid Accuracy     : 0.4739

Epoch : 19
Train Loss     : 0.0885	 | 	Train Accuracy     : 0.9824
Valid Loss     : 2.6227	 | 	Valid Accuracy     : 0.4879

Epoch : 20
Train Loss     : 0.0771	 | 	Train Accuracy     : 0.9811
Valid Loss     : 2.6229	 | 	Valid Accuracy     : 0.4937

Epoch : 21
Train Loss     : 0.2479	 | 	Train Accuracy     : 0.8984
Valid Loss     : 4.6225	 | 	Valid Accuracy     : 0.3826

Epoch : 22
Train Loss     : 0.0915	 | 	Train Accuracy     : 0.9672
Valid Loss     : 3.8129	 | 	Valid Accuracy     : 0.4263

Epoch : 23
Train Loss     : 0.1141	 | 	Train Accuracy     : 0.9633
Valid Loss     : 3.5321	 | 	Valid Accuracy     : 0.4349

Epoch : 24
Train Loss     : 0.0853	 | 	Train Accuracy     : 0.9753
Valid Loss     : 3.3700	 | 	Valid Accuracy     : 0.4385

Epoch : 25
Train Loss     : 0.1158	 | 	Train Accuracy     : 0.9546
Valid Loss     : 3.2039	 | 	Valid Accuracy     : 0.4500

Epoch : 26
Train Loss     : 0.0864	 | 	Train Accuracy     : 0.9705
Valid Loss     : 2.9387	 | 	Valid Accuracy     : 0.4701

Epoch : 27
Train Loss     : 0.0981	 | 	Train Accuracy     : 0.9659
Valid Loss     : 2.8756	 | 	Valid Accuracy     : 0.4743

Epoch : 28
Train Loss     : 0.0999	 | 	Train Accuracy     : 0.9679
Valid Loss     : 2.7621	 | 	Valid Accuracy     : 0.4888

Epoch : 29
Train Loss     : 0.1074	 | 	Train Accuracy     : 0.9718
Valid Loss     : 2.7940	 | 	Valid Accuracy     : 0.4761

Epoch : 30
Train Loss     : 0.0821	 | 	Train Accuracy     : 0.9805
Valid Loss     : 2.7703	 | 	Valid Accuracy     : 0.4897

Evaluate on the Test set:
Test loss      :2.9662	 | Test Accuracy      : 0.4896 | Test AUPRC      : 0.6666
tensor([0.9387, 0.9429, 0.9651, 0.9625, 0.9995, 0.9635, 0.9711, 0.9861, 0.9507,
        0.9382, 0.9338, 0.9280, 0.9544, 0.9374, 0.9769, 0.9277, 0.9312, 0.9437,
        0.9180, 0.9543, 0.9261, 0.9482, 0.9401, 0.9931, 0.9867, 0.9435, 0.9697,
        0.9301, 0.9476, 0.9372, 0.9772, 1.0021, 1.0311, 0.9338, 0.9218, 0.9468,
        0.9378, 0.9353, 0.9307, 0.9360, 0.9978, 1.0003, 0.9525, 0.9316, 0.9578,
        0.9431, 0.9381, 0.9489, 0.9179, 0.9325, 0.9325, 0.9352, 0.9539, 0.9359,
        0.9476, 0.9106, 0.9324, 0.9407, 0.9869, 0.9366, 0.9341, 0.9456],
       device='cuda:0', grad_fn=<SqueezeBackward1>)

################## Training is Done! #########################
Training time is : 0:00:58.715043
