=============================================
Dataset: SEED
Method:  TS-TCC
Mode:    fine_tune
=============================================
Data loaded ...
Subjet 8
if scale True
Training started ....

Epoch : 1
Train Loss     : 1.0387	 | 	Train Accuracy     : 0.5228
Valid Loss     : 1.0420	 | 	Valid Accuracy     : 0.5314

Epoch : 2
Train Loss     : 0.6223	 | 	Train Accuracy     : 0.7424
Valid Loss     : 1.1223	 | 	Valid Accuracy     : 0.5382

Epoch : 3
Train Loss     : 0.4823	 | 	Train Accuracy     : 0.7921
Valid Loss     : 0.7524	 | 	Valid Accuracy     : 0.6644

Epoch : 4
Train Loss     : 0.3500	 | 	Train Accuracy     : 0.8398
Valid Loss     : 0.8744	 | 	Valid Accuracy     : 0.6243

Epoch : 5
Train Loss     : 0.3540	 | 	Train Accuracy     : 0.8494
Valid Loss     : 1.1061	 | 	Valid Accuracy     : 0.6116

Epoch : 6
Train Loss     : 0.2661	 | 	Train Accuracy     : 0.8924
Valid Loss     : 0.9273	 | 	Valid Accuracy     : 0.6650

Epoch : 7
Train Loss     : 0.2214	 | 	Train Accuracy     : 0.9086
Valid Loss     : 0.8374	 | 	Valid Accuracy     : 0.6993

Epoch : 8
Train Loss     : 0.1967	 | 	Train Accuracy     : 0.9269
Valid Loss     : 1.1706	 | 	Valid Accuracy     : 0.6543

Epoch : 9
Train Loss     : 0.1680	 | 	Train Accuracy     : 0.9503
Valid Loss     : 1.0816	 | 	Valid Accuracy     : 0.6762

Epoch : 10
Train Loss     : 0.1538	 | 	Train Accuracy     : 0.9531
Valid Loss     : 1.1569	 | 	Valid Accuracy     : 0.6766

Epoch : 11
Train Loss     : 0.1370	 | 	Train Accuracy     : 0.9607
Valid Loss     : 1.3602	 | 	Valid Accuracy     : 0.6433

Epoch : 12
Train Loss     : 0.1155	 | 	Train Accuracy     : 0.9701
Valid Loss     : 1.3753	 | 	Valid Accuracy     : 0.6657

Epoch : 13
Train Loss     : 0.1302	 | 	Train Accuracy     : 0.9646
Valid Loss     : 1.3039	 | 	Valid Accuracy     : 0.6845

Epoch : 14
Train Loss     : 0.1043	 | 	Train Accuracy     : 0.9811
Valid Loss     : 1.3656	 | 	Valid Accuracy     : 0.6830

Epoch : 15
Train Loss     : 0.1063	 | 	Train Accuracy     : 0.9770
Valid Loss     : 1.3405	 | 	Valid Accuracy     : 0.6830

Epoch : 16
Train Loss     : 0.1601	 | 	Train Accuracy     : 0.9505
Valid Loss     : 1.1919	 | 	Valid Accuracy     : 0.7074

Epoch : 17
Train Loss     : 0.0829	 | 	Train Accuracy     : 0.9870
Valid Loss     : 1.3372	 | 	Valid Accuracy     : 0.6932

Epoch : 18
Train Loss     : 0.1153	 | 	Train Accuracy     : 0.9698
Valid Loss     : 1.2661	 | 	Valid Accuracy     : 0.7049

Epoch : 19
Train Loss     : 0.1023	 | 	Train Accuracy     : 0.9863
Valid Loss     : 1.1897	 | 	Valid Accuracy     : 0.7133

Epoch : 20
Train Loss     : 0.0724	 | 	Train Accuracy     : 0.9837
Valid Loss     : 1.2297	 | 	Valid Accuracy     : 0.7099

Epoch : 21
Train Loss     : 0.1111	 | 	Train Accuracy     : 0.9757
Valid Loss     : 1.3276	 | 	Valid Accuracy     : 0.6868

Epoch : 22
Train Loss     : 0.0766	 | 	Train Accuracy     : 0.9909
Valid Loss     : 1.3365	 | 	Valid Accuracy     : 0.6963

Epoch : 23
Train Loss     : 0.0733	 | 	Train Accuracy     : 0.9889
Valid Loss     : 1.4474	 | 	Valid Accuracy     : 0.6889

Epoch : 24
Train Loss     : 0.0757	 | 	Train Accuracy     : 0.9863
Valid Loss     : 1.4222	 | 	Valid Accuracy     : 0.6876

Epoch : 25
Train Loss     : 0.1408	 | 	Train Accuracy     : 0.9625
Valid Loss     : 1.3670	 | 	Valid Accuracy     : 0.6932

Epoch : 26
Train Loss     : 0.0802	 | 	Train Accuracy     : 0.9902
Valid Loss     : 1.3754	 | 	Valid Accuracy     : 0.6912

Epoch : 27
Train Loss     : 0.1551	 | 	Train Accuracy     : 0.9340
Valid Loss     : 1.3941	 | 	Valid Accuracy     : 0.6914

Epoch : 28
Train Loss     : 0.0896	 | 	Train Accuracy     : 0.9783
Valid Loss     : 1.3345	 | 	Valid Accuracy     : 0.6997

Epoch : 29
Train Loss     : 0.0741	 | 	Train Accuracy     : 0.9915
Valid Loss     : 1.3518	 | 	Valid Accuracy     : 0.6975

Epoch : 30
Train Loss     : 0.0716	 | 	Train Accuracy     : 0.9909
Valid Loss     : 1.3784	 | 	Valid Accuracy     : 0.6879

Evaluate on the Test set:
Test loss      :1.1663	 | Test Accuracy      : 0.7073 | Test AUPRC      : 0.7387
tensor([0.9534, 0.9336, 1.0111, 0.9892, 0.9341, 0.9876, 1.0075, 0.9303, 0.9464,
        0.9408, 0.9498, 0.9223, 0.9493, 0.9620, 0.9687, 0.9355, 0.9542, 0.9445,
        0.9238, 0.9532, 0.9779, 0.9726, 0.9481, 1.0002, 0.9590, 0.9643, 0.9669,
        0.9351, 0.9432, 0.9520, 0.9542, 0.9983, 0.9857, 0.9284, 0.9210, 0.9788,
        0.9346, 0.9530, 0.9546, 0.9332, 0.9798, 0.9779, 0.9550, 0.9633, 0.9602,
        0.9678, 0.9345, 0.9473, 0.9381, 0.9517, 0.9248, 0.9331, 0.9390, 0.9428,
        0.9508, 0.9183, 0.9288, 0.9492, 0.9639, 0.9421, 0.9734, 0.9408],
       device='cuda:0', grad_fn=<SqueezeBackward1>)

################## Training is Done! #########################
Training time is : 0:01:34.598330
