=============================================
Dataset: SEED
Method:  TS-TCC
Mode:    fine_tune
=============================================
Data loaded ...
Subjet 2
if scale False
Training started ....

Epoch : 1
Train Loss     : 1.1395	 | 	Train Accuracy     : 0.4988
Valid Loss     : 1.1529	 | 	Valid Accuracy     : 0.5698

Epoch : 2
Train Loss     : 0.6154	 | 	Train Accuracy     : 0.7497
Valid Loss     : 1.4612	 | 	Valid Accuracy     : 0.4736

Epoch : 3
Train Loss     : 0.5016	 | 	Train Accuracy     : 0.8059
Valid Loss     : 1.5174	 | 	Valid Accuracy     : 0.5488

Epoch : 4
Train Loss     : 0.4344	 | 	Train Accuracy     : 0.8371
Valid Loss     : 1.6251	 | 	Valid Accuracy     : 0.4634

Epoch : 5
Train Loss     : 0.4065	 | 	Train Accuracy     : 0.8434
Valid Loss     : 1.9197	 | 	Valid Accuracy     : 0.5181

Epoch : 6
Train Loss     : 0.3830	 | 	Train Accuracy     : 0.8572
Valid Loss     : 2.0410	 | 	Valid Accuracy     : 0.5142

Epoch : 7
Train Loss     : 0.3735	 | 	Train Accuracy     : 0.8597
Valid Loss     : 2.2870	 | 	Valid Accuracy     : 0.5054

Epoch : 8
Train Loss     : 0.3682	 | 	Train Accuracy     : 0.8570
Valid Loss     : 1.8683	 | 	Valid Accuracy     : 0.6147

Epoch : 9
Train Loss     : 0.3540	 | 	Train Accuracy     : 0.8662
Valid Loss     : 2.4339	 | 	Valid Accuracy     : 0.5513

Epoch : 10
Train Loss     : 0.3300	 | 	Train Accuracy     : 0.8808
Valid Loss     : 3.0692	 | 	Valid Accuracy     : 0.5586

Epoch : 11
Train Loss     : 0.3176	 | 	Train Accuracy     : 0.8833
Valid Loss     : 2.9073	 | 	Valid Accuracy     : 0.5396

Epoch : 12
Train Loss     : 0.3208	 | 	Train Accuracy     : 0.8813
Valid Loss     : 2.8836	 | 	Valid Accuracy     : 0.5518

Epoch : 13
Train Loss     : 0.2974	 | 	Train Accuracy     : 0.8928
Valid Loss     : 2.9758	 | 	Valid Accuracy     : 0.5591

Epoch : 14
Train Loss     : 0.2713	 | 	Train Accuracy     : 0.9051
Valid Loss     : 2.9697	 | 	Valid Accuracy     : 0.5645

Epoch : 15
Train Loss     : 0.2662	 | 	Train Accuracy     : 0.9083
Valid Loss     : 2.8895	 | 	Valid Accuracy     : 0.5562

Epoch : 16
Train Loss     : 0.2574	 | 	Train Accuracy     : 0.9124
Valid Loss     : 2.7172	 | 	Valid Accuracy     : 0.5679

Epoch : 17
Train Loss     : 0.2577	 | 	Train Accuracy     : 0.9086
Valid Loss     : 2.8318	 | 	Valid Accuracy     : 0.5801

Epoch : 18
Train Loss     : 0.2571	 | 	Train Accuracy     : 0.9112
Valid Loss     : 2.6478	 | 	Valid Accuracy     : 0.5713

Epoch : 19
Train Loss     : 0.2470	 | 	Train Accuracy     : 0.9161
Valid Loss     : 2.6453	 | 	Valid Accuracy     : 0.5786

Epoch : 20
Train Loss     : 0.2529	 | 	Train Accuracy     : 0.9108
Valid Loss     : 2.7688	 | 	Valid Accuracy     : 0.5723

Epoch : 21
Train Loss     : 0.2437	 | 	Train Accuracy     : 0.9178
Valid Loss     : 2.9326	 | 	Valid Accuracy     : 0.5762

Epoch : 22
Train Loss     : 0.2443	 | 	Train Accuracy     : 0.9181
Valid Loss     : 2.8648	 | 	Valid Accuracy     : 0.5732

Epoch : 23
Train Loss     : 0.2443	 | 	Train Accuracy     : 0.9190
Valid Loss     : 3.0914	 | 	Valid Accuracy     : 0.5845

Epoch : 24
Train Loss     : 0.2344	 | 	Train Accuracy     : 0.9195
Valid Loss     : 2.8445	 | 	Valid Accuracy     : 0.5742

Epoch : 25
Train Loss     : 0.2336	 | 	Train Accuracy     : 0.9190
Valid Loss     : 2.8044	 | 	Valid Accuracy     : 0.5815

Epoch : 26
Train Loss     : 0.2318	 | 	Train Accuracy     : 0.9229
Valid Loss     : 2.7507	 | 	Valid Accuracy     : 0.5825

Epoch : 27
Train Loss     : 0.2341	 | 	Train Accuracy     : 0.9222
Valid Loss     : 2.7637	 | 	Valid Accuracy     : 0.5757

Epoch : 28
Train Loss     : 0.2355	 | 	Train Accuracy     : 0.9217
Valid Loss     : 2.9258	 | 	Valid Accuracy     : 0.5889

Epoch : 29
Train Loss     : 0.2308	 | 	Train Accuracy     : 0.9210
Valid Loss     : 2.9708	 | 	Valid Accuracy     : 0.5806

Epoch : 30
Train Loss     : 0.2293	 | 	Train Accuracy     : 0.9227
Valid Loss     : 2.7876	 | 	Valid Accuracy     : 0.5659

Evaluate on the Test set:
Test loss      :1.4747	 | Test Accuracy      : 0.5722 | Test AUPRC      : 0.4906
tensor([1., 1., 1., 1., 1., 1., 1., 1., 1., 1., 1., 1., 1., 1., 1., 1., 1., 1.,
        1., 1., 1., 1., 1., 1., 1., 1., 1., 1., 1., 1., 1., 1., 1., 1., 1., 1.,
        1., 1., 1., 1., 1., 1., 1., 1., 1., 1., 1., 1., 1., 1., 1., 1., 1., 1.,
        1., 1., 1., 1., 1., 1., 1., 1.], device='cuda:0',
       grad_fn=<SqueezeBackward1>)

################## Training is Done! #########################
Training time is : 0:01:34.199465
