=============================================
Dataset: SEED
Method:  TS-TCC
Mode:    fine_tune
=============================================
Data loaded ...
Subjet 13
if scale False
Training started ....

Epoch : 1
Train Loss     : 0.8917	 | 	Train Accuracy     : 0.5961
Valid Loss     : 1.1010	 | 	Valid Accuracy     : 0.5122

Epoch : 2
Train Loss     : 0.4952	 | 	Train Accuracy     : 0.7632
Valid Loss     : 0.8492	 | 	Valid Accuracy     : 0.6230

Epoch : 3
Train Loss     : 0.4142	 | 	Train Accuracy     : 0.8268
Valid Loss     : 0.5520	 | 	Valid Accuracy     : 0.7437

Epoch : 4
Train Loss     : 0.3449	 | 	Train Accuracy     : 0.8623
Valid Loss     : 0.4750	 | 	Valid Accuracy     : 0.7759

Epoch : 5
Train Loss     : 0.3080	 | 	Train Accuracy     : 0.8787
Valid Loss     : 0.4885	 | 	Valid Accuracy     : 0.7754

Epoch : 6
Train Loss     : 0.2883	 | 	Train Accuracy     : 0.8859
Valid Loss     : 0.5719	 | 	Valid Accuracy     : 0.7549

Epoch : 7
Train Loss     : 0.2649	 | 	Train Accuracy     : 0.8957
Valid Loss     : 0.5960	 | 	Valid Accuracy     : 0.7437

Epoch : 8
Train Loss     : 0.2422	 | 	Train Accuracy     : 0.9098
Valid Loss     : 0.5831	 | 	Valid Accuracy     : 0.7588

Epoch : 9
Train Loss     : 0.2259	 | 	Train Accuracy     : 0.9151
Valid Loss     : 0.6869	 | 	Valid Accuracy     : 0.7368

Epoch : 10
Train Loss     : 0.2880	 | 	Train Accuracy     : 0.8809
Valid Loss     : 0.6507	 | 	Valid Accuracy     : 0.7603

Epoch : 11
Train Loss     : 0.2193	 | 	Train Accuracy     : 0.9098
Valid Loss     : 0.8286	 | 	Valid Accuracy     : 0.7236

Epoch : 12
Train Loss     : 0.2099	 | 	Train Accuracy     : 0.9175
Valid Loss     : 0.6998	 | 	Valid Accuracy     : 0.7500

Epoch : 13
Train Loss     : 0.1864	 | 	Train Accuracy     : 0.9336
Valid Loss     : 0.6295	 | 	Valid Accuracy     : 0.7524

Epoch : 14
Train Loss     : 0.1802	 | 	Train Accuracy     : 0.9355
Valid Loss     : 0.6445	 | 	Valid Accuracy     : 0.7500

Epoch : 15
Train Loss     : 0.1649	 | 	Train Accuracy     : 0.9372
Valid Loss     : 0.6935	 | 	Valid Accuracy     : 0.7495

Epoch : 16
Train Loss     : 0.1397	 | 	Train Accuracy     : 0.9519
Valid Loss     : 0.6416	 | 	Valid Accuracy     : 0.7622

Epoch : 17
Train Loss     : 0.1314	 | 	Train Accuracy     : 0.9536
Valid Loss     : 0.6513	 | 	Valid Accuracy     : 0.7671

Epoch : 18
Train Loss     : 0.1262	 | 	Train Accuracy     : 0.9572
Valid Loss     : 0.6594	 | 	Valid Accuracy     : 0.7612

Epoch : 19
Train Loss     : 0.1247	 | 	Train Accuracy     : 0.9597
Valid Loss     : 0.6531	 | 	Valid Accuracy     : 0.7607

Epoch : 20
Train Loss     : 0.1229	 | 	Train Accuracy     : 0.9628
Valid Loss     : 0.6349	 | 	Valid Accuracy     : 0.7666

Epoch : 21
Train Loss     : 0.1198	 | 	Train Accuracy     : 0.9616
Valid Loss     : 0.6328	 | 	Valid Accuracy     : 0.7632

Epoch : 22
Train Loss     : 0.1215	 | 	Train Accuracy     : 0.9608
Valid Loss     : 0.6550	 | 	Valid Accuracy     : 0.7627

Epoch : 23
Train Loss     : 0.1198	 | 	Train Accuracy     : 0.9582
Valid Loss     : 0.6221	 | 	Valid Accuracy     : 0.7671

Epoch : 24
Train Loss     : 0.1126	 | 	Train Accuracy     : 0.9664
Valid Loss     : 0.6511	 | 	Valid Accuracy     : 0.7607

Epoch : 25
Train Loss     : 0.1095	 | 	Train Accuracy     : 0.9682
Valid Loss     : 0.6496	 | 	Valid Accuracy     : 0.7588

Epoch : 26
Train Loss     : 0.1110	 | 	Train Accuracy     : 0.9652
Valid Loss     : 0.6421	 | 	Valid Accuracy     : 0.7642

Epoch : 27
Train Loss     : 0.1064	 | 	Train Accuracy     : 0.9665
Valid Loss     : 0.6665	 | 	Valid Accuracy     : 0.7598

Epoch : 28
Train Loss     : 0.1092	 | 	Train Accuracy     : 0.9669
Valid Loss     : 0.6568	 | 	Valid Accuracy     : 0.7617

Epoch : 29
Train Loss     : 0.1051	 | 	Train Accuracy     : 0.9716
Valid Loss     : 0.6484	 | 	Valid Accuracy     : 0.7598

Epoch : 30
Train Loss     : 0.1006	 | 	Train Accuracy     : 0.9710
Valid Loss     : 0.6440	 | 	Valid Accuracy     : 0.7651

Evaluate on the Test set:
Test loss      :1.3864	 | Test Accuracy      : 0.7364 | Test AUPRC      : 0.5431
tensor([1., 1., 1., 1., 1., 1., 1., 1., 1., 1., 1., 1., 1., 1., 1., 1., 1., 1.,
        1., 1., 1., 1., 1., 1., 1., 1., 1., 1., 1., 1., 1., 1., 1., 1., 1., 1.,
        1., 1., 1., 1., 1., 1., 1., 1., 1., 1., 1., 1., 1., 1., 1., 1., 1., 1.,
        1., 1., 1., 1., 1., 1., 1., 1.], device='cuda:0',
       grad_fn=<SqueezeBackward1>)

################## Training is Done! #########################
Training time is : 0:01:34.624456
