=============================================
Dataset: SEED
Method:  TS-TCC
Mode:    fine_tune
=============================================
Data loaded ...
Subjet 3
if scale False
Training started ....

Epoch : 1
Train Loss     : 0.9955	 | 	Train Accuracy     : 0.5521
Valid Loss     : 1.0691	 | 	Valid Accuracy     : 0.5332

Epoch : 2
Train Loss     : 0.6228	 | 	Train Accuracy     : 0.7407
Valid Loss     : 0.8200	 | 	Valid Accuracy     : 0.6836

Epoch : 3
Train Loss     : 0.5381	 | 	Train Accuracy     : 0.7872
Valid Loss     : 0.8016	 | 	Valid Accuracy     : 0.6914

Epoch : 4
Train Loss     : 0.4543	 | 	Train Accuracy     : 0.8336
Valid Loss     : 0.7069	 | 	Valid Accuracy     : 0.7275

Epoch : 5
Train Loss     : 0.4172	 | 	Train Accuracy     : 0.8432
Valid Loss     : 0.7392	 | 	Valid Accuracy     : 0.7251

Epoch : 6
Train Loss     : 0.3695	 | 	Train Accuracy     : 0.8674
Valid Loss     : 0.6799	 | 	Valid Accuracy     : 0.7358

Epoch : 7
Train Loss     : 0.3467	 | 	Train Accuracy     : 0.8733
Valid Loss     : 0.6312	 | 	Valid Accuracy     : 0.7588

Epoch : 8
Train Loss     : 0.3375	 | 	Train Accuracy     : 0.8804
Valid Loss     : 0.6338	 | 	Valid Accuracy     : 0.7617

Epoch : 9
Train Loss     : 0.3514	 | 	Train Accuracy     : 0.8696
Valid Loss     : 0.8093	 | 	Valid Accuracy     : 0.6885

Epoch : 10
Train Loss     : 0.3133	 | 	Train Accuracy     : 0.8852
Valid Loss     : 0.6470	 | 	Valid Accuracy     : 0.7563

Epoch : 11
Train Loss     : 0.2817	 | 	Train Accuracy     : 0.8952
Valid Loss     : 0.8256	 | 	Valid Accuracy     : 0.7202

Epoch : 12
Train Loss     : 0.2852	 | 	Train Accuracy     : 0.8949
Valid Loss     : 0.8569	 | 	Valid Accuracy     : 0.6885

Epoch : 13
Train Loss     : 0.2803	 | 	Train Accuracy     : 0.8989
Valid Loss     : 0.7221	 | 	Valid Accuracy     : 0.7476

Epoch : 14
Train Loss     : 0.2769	 | 	Train Accuracy     : 0.8959
Valid Loss     : 0.8440	 | 	Valid Accuracy     : 0.6909

Epoch : 15
Train Loss     : 0.2672	 | 	Train Accuracy     : 0.9012
Valid Loss     : 0.6296	 | 	Valid Accuracy     : 0.7598

Epoch : 16
Train Loss     : 0.2648	 | 	Train Accuracy     : 0.9034
Valid Loss     : 0.8112	 | 	Valid Accuracy     : 0.7251

Epoch : 17
Train Loss     : 0.2604	 | 	Train Accuracy     : 0.9062
Valid Loss     : 0.8817	 | 	Valid Accuracy     : 0.7046

Epoch : 18
Train Loss     : 0.2477	 | 	Train Accuracy     : 0.9069
Valid Loss     : 0.7333	 | 	Valid Accuracy     : 0.7603

Epoch : 19
Train Loss     : 0.2654	 | 	Train Accuracy     : 0.8989
Valid Loss     : 0.7248	 | 	Valid Accuracy     : 0.7217

Epoch : 20
Train Loss     : 0.2745	 | 	Train Accuracy     : 0.9001
Valid Loss     : 0.7208	 | 	Valid Accuracy     : 0.7349

Epoch : 21
Train Loss     : 0.2281	 | 	Train Accuracy     : 0.9136
Valid Loss     : 0.8938	 | 	Valid Accuracy     : 0.7026

Epoch : 22
Train Loss     : 0.2378	 | 	Train Accuracy     : 0.9127
Valid Loss     : 0.7954	 | 	Valid Accuracy     : 0.7261

Epoch : 23
Train Loss     : 0.2126	 | 	Train Accuracy     : 0.9273
Valid Loss     : 0.7565	 | 	Valid Accuracy     : 0.7358

Epoch : 24
Train Loss     : 0.2242	 | 	Train Accuracy     : 0.9147
Valid Loss     : 0.7606	 | 	Valid Accuracy     : 0.7368

Epoch : 25
Train Loss     : 0.2135	 | 	Train Accuracy     : 0.9212
Valid Loss     : 0.9257	 | 	Valid Accuracy     : 0.6885

Epoch : 26
Train Loss     : 0.2135	 | 	Train Accuracy     : 0.9168
Valid Loss     : 1.1530	 | 	Valid Accuracy     : 0.6709

Epoch : 27
Train Loss     : 0.1816	 | 	Train Accuracy     : 0.9356
Valid Loss     : 0.7952	 | 	Valid Accuracy     : 0.7495

Epoch : 28
Train Loss     : 0.1640	 | 	Train Accuracy     : 0.9428
Valid Loss     : 0.7988	 | 	Valid Accuracy     : 0.7378

Epoch : 29
Train Loss     : 0.1568	 | 	Train Accuracy     : 0.9468
Valid Loss     : 0.8380	 | 	Valid Accuracy     : 0.7324

Epoch : 30
Train Loss     : 0.1538	 | 	Train Accuracy     : 0.9470
Valid Loss     : 0.8153	 | 	Valid Accuracy     : 0.7271

Evaluate on the Test set:
Test loss      :0.7571	 | Test Accuracy      : 0.7462 | Test AUPRC      : 0.5683
tensor([1., 1., 1., 1., 1., 1., 1., 1., 1., 1., 1., 1., 1., 1., 1., 1., 1., 1.,
        1., 1., 1., 1., 1., 1., 1., 1., 1., 1., 1., 1., 1., 1., 1., 1., 1., 1.,
        1., 1., 1., 1., 1., 1., 1., 1., 1., 1., 1., 1., 1., 1., 1., 1., 1., 1.,
        1., 1., 1., 1., 1., 1., 1., 1.], device='cuda:0',
       grad_fn=<SqueezeBackward1>)

################## Training is Done! #########################
Training time is : 0:01:33.990468
