=============================================
Dataset: SEED
Method:  TS-TCC
Mode:    fine_tune
=============================================
Data loaded ...
Subjet 15
if scale True
Training started ....

Epoch : 1
Train Loss     : 0.8962	 | 	Train Accuracy     : 0.6133
Valid Loss     : 0.7301	 | 	Valid Accuracy     : 0.6422

Epoch : 2
Train Loss     : 0.2680	 | 	Train Accuracy     : 0.9054
Valid Loss     : 0.4882	 | 	Valid Accuracy     : 0.8144

Epoch : 3
Train Loss     : 0.1094	 | 	Train Accuracy     : 0.9702
Valid Loss     : 0.6001	 | 	Valid Accuracy     : 0.8344

Epoch : 4
Train Loss     : 0.0568	 | 	Train Accuracy     : 0.9862
Valid Loss     : 0.7331	 | 	Valid Accuracy     : 0.8322

Epoch : 5
Train Loss     : 0.0369	 | 	Train Accuracy     : 0.9926
Valid Loss     : 0.8418	 | 	Valid Accuracy     : 0.8181

Epoch : 6
Train Loss     : 0.0294	 | 	Train Accuracy     : 0.9941
Valid Loss     : 0.9609	 | 	Valid Accuracy     : 0.8005

Epoch : 7
Train Loss     : 0.0243	 | 	Train Accuracy     : 0.9941
Valid Loss     : 1.3689	 | 	Valid Accuracy     : 0.7947

Epoch : 8
Train Loss     : 0.0221	 | 	Train Accuracy     : 0.9973
Valid Loss     : 1.2850	 | 	Valid Accuracy     : 0.8062

Epoch : 9
Train Loss     : 0.0170	 | 	Train Accuracy     : 0.9980
Valid Loss     : 2.2234	 | 	Valid Accuracy     : 0.7948

Epoch : 10
Train Loss     : 0.0153	 | 	Train Accuracy     : 0.9995
Valid Loss     : 2.3760	 | 	Valid Accuracy     : 0.8188

Epoch : 11
Train Loss     : 0.0141	 | 	Train Accuracy     : 0.9980
Valid Loss     : 2.4005	 | 	Valid Accuracy     : 0.7877

Epoch : 12
Train Loss     : 0.0126	 | 	Train Accuracy     : 0.9990
Valid Loss     : 3.0383	 | 	Valid Accuracy     : 0.7950

Epoch : 13
Train Loss     : 0.0115	 | 	Train Accuracy     : 0.9995
Valid Loss     : 3.6997	 | 	Valid Accuracy     : 0.8065

Epoch : 14
Train Loss     : 0.0095	 | 	Train Accuracy     : 1.0000
Valid Loss     : 3.2191	 | 	Valid Accuracy     : 0.7957

Epoch : 15
Train Loss     : 0.0091	 | 	Train Accuracy     : 1.0000
Valid Loss     : 3.3701	 | 	Valid Accuracy     : 0.8037

Epoch : 16
Train Loss     : 0.0091	 | 	Train Accuracy     : 0.9995
Valid Loss     : 3.6534	 | 	Valid Accuracy     : 0.8055

Epoch : 17
Train Loss     : 0.0084	 | 	Train Accuracy     : 1.0000
Valid Loss     : 3.7172	 | 	Valid Accuracy     : 0.7993

Epoch : 18
Train Loss     : 0.0082	 | 	Train Accuracy     : 1.0000
Valid Loss     : 3.7065	 | 	Valid Accuracy     : 0.7924

Epoch : 19
Train Loss     : 0.0091	 | 	Train Accuracy     : 1.0000
Valid Loss     : 3.6815	 | 	Valid Accuracy     : 0.8022

Epoch : 20
Train Loss     : 0.0079	 | 	Train Accuracy     : 1.0000
Valid Loss     : 3.7685	 | 	Valid Accuracy     : 0.8022

Epoch : 21
Train Loss     : 0.0076	 | 	Train Accuracy     : 1.0000
Valid Loss     : 3.6463	 | 	Valid Accuracy     : 0.8009

Epoch : 22
Train Loss     : 0.0077	 | 	Train Accuracy     : 1.0000
Valid Loss     : 4.7481	 | 	Valid Accuracy     : 0.7918

Epoch : 23
Train Loss     : 0.0081	 | 	Train Accuracy     : 1.0000
Valid Loss     : 3.7007	 | 	Valid Accuracy     : 0.7972

Epoch : 24
Train Loss     : 0.0073	 | 	Train Accuracy     : 1.0000
Valid Loss     : 3.5451	 | 	Valid Accuracy     : 0.8010

Epoch : 25
Train Loss     : 0.0074	 | 	Train Accuracy     : 1.0000
Valid Loss     : 3.6188	 | 	Valid Accuracy     : 0.8058

Epoch : 26
Train Loss     : 0.0072	 | 	Train Accuracy     : 1.0000
Valid Loss     : 3.5860	 | 	Valid Accuracy     : 0.8013

Epoch : 27
Train Loss     : 0.0070	 | 	Train Accuracy     : 1.0000
Valid Loss     : 4.0733	 | 	Valid Accuracy     : 0.7985

Epoch : 28
Train Loss     : 0.0080	 | 	Train Accuracy     : 1.0000
Valid Loss     : 3.7970	 | 	Valid Accuracy     : 0.7936

Epoch : 29
Train Loss     : 0.0068	 | 	Train Accuracy     : 1.0000
Valid Loss     : 4.7892	 | 	Valid Accuracy     : 0.8006

Epoch : 30
Train Loss     : 0.0070	 | 	Train Accuracy     : 1.0000
Valid Loss     : 3.8544	 | 	Valid Accuracy     : 0.7965

Evaluate on the Test set:
Test loss      :79.9584	 | Test Accuracy      : 0.5731 | Test AUPRC      : 0.5417
tensor([0.9297, 0.9213, 0.9264, 0.9929, 0.9116, 0.9067, 0.9731, 0.9120, 0.9259,
        0.9136, 0.9092, 0.9076, 0.9355, 0.9205, 0.9450, 0.9120, 0.9061, 0.9331,
        0.8962, 0.9478, 0.9087, 0.9381, 0.9193, 0.9864, 0.9207, 0.9127, 0.9555,
        0.9027, 0.9121, 0.9168, 0.9485, 0.9910, 0.9382, 0.8990, 0.9011, 0.9396,
        0.9301, 0.9167, 0.9155, 0.9923, 0.9607, 0.9575, 0.9275, 0.9048, 0.9308,
        0.9197, 0.9070, 0.9075, 0.9017, 0.9162, 0.9042, 0.9145, 0.9040, 0.9098,
        0.9229, 0.8888, 0.9054, 0.9592, 0.9599, 0.9039, 0.9106, 0.9272],
       device='cuda:0', grad_fn=<SqueezeBackward1>)

################## Training is Done! #########################
Training time is : 0:01:08.961810
