=============================================
Dataset: SEED
Method:  TS-TCC
Mode:    fine_tune
=============================================
Data loaded ...
Subjet 8
if scale True
Training started ....

Epoch : 1
Train Loss     : 0.7436	 | 	Train Accuracy     : 0.6666
Valid Loss     : 0.4896	 | 	Valid Accuracy     : 0.8042

Epoch : 2
Train Loss     : 0.3543	 | 	Train Accuracy     : 0.8655
Valid Loss     : 0.4545	 | 	Valid Accuracy     : 0.7939

Epoch : 3
Train Loss     : 0.2779	 | 	Train Accuracy     : 0.8962
Valid Loss     : 0.3602	 | 	Valid Accuracy     : 0.8530

Epoch : 4
Train Loss     : 0.2341	 | 	Train Accuracy     : 0.9139
Valid Loss     : 0.3513	 | 	Valid Accuracy     : 0.8472

Epoch : 5
Train Loss     : 0.2226	 | 	Train Accuracy     : 0.9154
Valid Loss     : 0.4041	 | 	Valid Accuracy     : 0.8232

Epoch : 6
Train Loss     : 0.2024	 | 	Train Accuracy     : 0.9254
Valid Loss     : 0.4144	 | 	Valid Accuracy     : 0.8135

Epoch : 7
Train Loss     : 0.2067	 | 	Train Accuracy     : 0.9231
Valid Loss     : 0.4508	 | 	Valid Accuracy     : 0.8218

Epoch : 8
Train Loss     : 0.1841	 | 	Train Accuracy     : 0.9304
Valid Loss     : 0.3861	 | 	Valid Accuracy     : 0.8398

Epoch : 9
Train Loss     : 0.1682	 | 	Train Accuracy     : 0.9385
Valid Loss     : 0.4472	 | 	Valid Accuracy     : 0.8232

Epoch : 10
Train Loss     : 0.1766	 | 	Train Accuracy     : 0.9365
Valid Loss     : 0.4847	 | 	Valid Accuracy     : 0.8057

Epoch : 11
Train Loss     : 0.1516	 | 	Train Accuracy     : 0.9409
Valid Loss     : 0.6976	 | 	Valid Accuracy     : 0.7578

Epoch : 12
Train Loss     : 0.1573	 | 	Train Accuracy     : 0.9399
Valid Loss     : 0.5287	 | 	Valid Accuracy     : 0.7842

Epoch : 13
Train Loss     : 0.1400	 | 	Train Accuracy     : 0.9462
Valid Loss     : 0.4964	 | 	Valid Accuracy     : 0.8013

Epoch : 14
Train Loss     : 0.1406	 | 	Train Accuracy     : 0.9472
Valid Loss     : 0.4740	 | 	Valid Accuracy     : 0.8066

Epoch : 15
Train Loss     : 0.1299	 | 	Train Accuracy     : 0.9523
Valid Loss     : 0.5666	 | 	Valid Accuracy     : 0.7920

Epoch : 16
Train Loss     : 0.1114	 | 	Train Accuracy     : 0.9599
Valid Loss     : 0.4926	 | 	Valid Accuracy     : 0.8076

Epoch : 17
Train Loss     : 0.1034	 | 	Train Accuracy     : 0.9655
Valid Loss     : 0.4840	 | 	Valid Accuracy     : 0.8052

Epoch : 18
Train Loss     : 0.1015	 | 	Train Accuracy     : 0.9677
Valid Loss     : 0.5234	 | 	Valid Accuracy     : 0.7993

Epoch : 19
Train Loss     : 0.0962	 | 	Train Accuracy     : 0.9704
Valid Loss     : 0.5148	 | 	Valid Accuracy     : 0.8042

Epoch : 20
Train Loss     : 0.0990	 | 	Train Accuracy     : 0.9696
Valid Loss     : 0.4890	 | 	Valid Accuracy     : 0.8105

Epoch : 21
Train Loss     : 0.0950	 | 	Train Accuracy     : 0.9713
Valid Loss     : 0.4915	 | 	Valid Accuracy     : 0.8125

Epoch : 22
Train Loss     : 0.0972	 | 	Train Accuracy     : 0.9677
Valid Loss     : 0.4841	 | 	Valid Accuracy     : 0.8071

Epoch : 23
Train Loss     : 0.0906	 | 	Train Accuracy     : 0.9706
Valid Loss     : 0.4798	 | 	Valid Accuracy     : 0.8149

Epoch : 24
Train Loss     : 0.0897	 | 	Train Accuracy     : 0.9720
Valid Loss     : 0.5579	 | 	Valid Accuracy     : 0.7920

Epoch : 25
Train Loss     : 0.0919	 | 	Train Accuracy     : 0.9698
Valid Loss     : 0.5386	 | 	Valid Accuracy     : 0.7920

Epoch : 26
Train Loss     : 0.0887	 | 	Train Accuracy     : 0.9710
Valid Loss     : 0.5062	 | 	Valid Accuracy     : 0.8013

Epoch : 27
Train Loss     : 0.0882	 | 	Train Accuracy     : 0.9755
Valid Loss     : 0.5078	 | 	Valid Accuracy     : 0.8042

Epoch : 28
Train Loss     : 0.0849	 | 	Train Accuracy     : 0.9749
Valid Loss     : 0.5161	 | 	Valid Accuracy     : 0.8013

Epoch : 29
Train Loss     : 0.0818	 | 	Train Accuracy     : 0.9771
Valid Loss     : 0.5053	 | 	Valid Accuracy     : 0.8042

Epoch : 30
Train Loss     : 0.0836	 | 	Train Accuracy     : 0.9755
Valid Loss     : 0.5110	 | 	Valid Accuracy     : 0.7993

Evaluate on the Test set:
Test loss      :0.6779	 | Test Accuracy      : 0.7691 | Test AUPRC      : 0.6242
tensor([0.8188, 0.7821, 0.9967, 0.8482, 0.8724, 0.8674, 0.9023, 0.7894, 0.7538,
        0.7148, 0.8257, 0.6879, 0.8649, 0.8151, 0.8057, 0.6794, 0.7997, 0.6945,
        0.6755, 0.7721, 0.8615, 0.7662, 0.7323, 0.9670, 0.8364, 0.7315, 0.7762,
        0.6867, 0.7260, 0.8325, 0.7703, 0.9331, 0.8786, 0.8267, 0.6693, 0.7379,
        0.7512, 0.7438, 0.8279, 0.6861, 1.0053, 0.8053, 0.7299, 0.7850, 0.7773,
        0.8225, 0.7618, 0.7122, 0.6802, 0.7525, 0.6840, 0.7032, 0.6958, 0.6859,
        0.7745, 0.6740, 0.6897, 0.7028, 0.7310, 0.6833, 0.7151, 0.7332],
       device='cuda:0', grad_fn=<SqueezeBackward1>)

################## Training is Done! #########################
Training time is : 0:01:39.746400
