=============================================
Dataset: SEED
Method:  TS-TCC
Mode:    fine_tune
=============================================
Data loaded ...
Subjet 1
if scale True
Training started ....

Epoch : 1
Train Loss     : 1.2699	 | 	Train Accuracy     : 0.4542
Valid Loss     : 1.3328	 | 	Valid Accuracy     : 0.3296

Epoch : 2
Train Loss     : 0.7483	 | 	Train Accuracy     : 0.6012
Valid Loss     : 2.5565	 | 	Valid Accuracy     : 0.3247

Epoch : 3
Train Loss     : 0.3423	 | 	Train Accuracy     : 0.8811
Valid Loss     : 5.3278	 | 	Valid Accuracy     : 0.3293

Epoch : 4
Train Loss     : 0.2766	 | 	Train Accuracy     : 0.8922
Valid Loss     : 5.3763	 | 	Valid Accuracy     : 0.3308

Epoch : 5
Train Loss     : 0.1780	 | 	Train Accuracy     : 0.9441
Valid Loss     : 5.9472	 | 	Valid Accuracy     : 0.3308

Epoch : 6
Train Loss     : 0.1654	 | 	Train Accuracy     : 0.9480
Valid Loss     : 6.9366	 | 	Valid Accuracy     : 0.3319

Epoch : 7
Train Loss     : 0.1341	 | 	Train Accuracy     : 0.9556
Valid Loss     : 7.4772	 | 	Valid Accuracy     : 0.3274

Epoch : 8
Train Loss     : 0.0970	 | 	Train Accuracy     : 0.9648
Valid Loss     : 7.7470	 | 	Valid Accuracy     : 0.3256

Epoch : 9
Train Loss     : 0.0839	 | 	Train Accuracy     : 0.9748
Valid Loss     : 8.0201	 | 	Valid Accuracy     : 0.3187

Epoch : 10
Train Loss     : 0.0812	 | 	Train Accuracy     : 0.9819
Valid Loss     : 7.5564	 | 	Valid Accuracy     : 0.3346

Epoch : 11
Train Loss     : 0.0605	 | 	Train Accuracy     : 0.9855
Valid Loss     : 6.9397	 | 	Valid Accuracy     : 0.3206

Epoch : 12
Train Loss     : 0.0551	 | 	Train Accuracy     : 0.9873
Valid Loss     : 6.3513	 | 	Valid Accuracy     : 0.3310

Epoch : 13
Train Loss     : 0.0475	 | 	Train Accuracy     : 0.9940
Valid Loss     : 5.8522	 | 	Valid Accuracy     : 0.3232

Epoch : 14
Train Loss     : 0.0417	 | 	Train Accuracy     : 0.9974
Valid Loss     : 5.2020	 | 	Valid Accuracy     : 0.3404

Epoch : 15
Train Loss     : 0.0383	 | 	Train Accuracy     : 0.9974
Valid Loss     : 4.8451	 | 	Valid Accuracy     : 0.3408

Epoch : 16
Train Loss     : 0.0398	 | 	Train Accuracy     : 0.9961
Valid Loss     : 4.4508	 | 	Valid Accuracy     : 0.3613

Epoch : 17
Train Loss     : 0.0379	 | 	Train Accuracy     : 0.9961
Valid Loss     : 4.2252	 | 	Valid Accuracy     : 0.3707

Epoch : 18
Train Loss     : 0.0445	 | 	Train Accuracy     : 0.9953
Valid Loss     : 3.9534	 | 	Valid Accuracy     : 0.3956

Epoch : 19
Train Loss     : 0.0394	 | 	Train Accuracy     : 0.9974
Valid Loss     : 3.8270	 | 	Valid Accuracy     : 0.4108

Epoch : 20
Train Loss     : 0.0373	 | 	Train Accuracy     : 0.9953
Valid Loss     : 3.7061	 | 	Valid Accuracy     : 0.4230

Epoch : 21
Train Loss     : 0.0360	 | 	Train Accuracy     : 0.9966
Valid Loss     : 3.6476	 | 	Valid Accuracy     : 0.4355

Epoch : 22
Train Loss     : 0.0400	 | 	Train Accuracy     : 0.9948
Valid Loss     : 3.5269	 | 	Valid Accuracy     : 0.4474

Epoch : 23
Train Loss     : 0.0323	 | 	Train Accuracy     : 0.9987
Valid Loss     : 3.6054	 | 	Valid Accuracy     : 0.4486

Epoch : 24
Train Loss     : 0.0379	 | 	Train Accuracy     : 0.9966
Valid Loss     : 3.5334	 | 	Valid Accuracy     : 0.4474

Epoch : 25
Train Loss     : 0.0361	 | 	Train Accuracy     : 0.9987
Valid Loss     : 3.4658	 | 	Valid Accuracy     : 0.4600

Epoch : 26
Train Loss     : 0.0350	 | 	Train Accuracy     : 0.9953
Valid Loss     : 3.3241	 | 	Valid Accuracy     : 0.4684

Epoch : 27
Train Loss     : 0.0360	 | 	Train Accuracy     : 0.9974
Valid Loss     : 3.3262	 | 	Valid Accuracy     : 0.4725

Epoch : 28
Train Loss     : 0.0339	 | 	Train Accuracy     : 0.9974
Valid Loss     : 3.2358	 | 	Valid Accuracy     : 0.4864

Epoch : 29
Train Loss     : 0.0332	 | 	Train Accuracy     : 0.9961
Valid Loss     : 3.2089	 | 	Valid Accuracy     : 0.4843

Epoch : 30
Train Loss     : 0.0351	 | 	Train Accuracy     : 0.9987
Valid Loss     : 3.2138	 | 	Valid Accuracy     : 0.4888

Evaluate on the Test set:
Test loss      :2.3194	 | Test Accuracy      : 0.5739 | Test AUPRC      : 0.6711
tensor([0.9722, 0.9763, 0.9744, 0.9816, 0.9706, 1.0037, 0.9929, 0.9704, 0.9788,
        0.9730, 0.9682, 0.9682, 0.9897, 0.9858, 0.9931, 0.9690, 0.9699, 0.9717,
        0.9633, 0.9745, 0.9697, 0.9732, 0.9737, 1.0090, 0.9842, 0.9754, 0.9875,
        0.9790, 0.9719, 0.9738, 0.9720, 1.0065, 0.9980, 0.9645, 0.9670, 0.9868,
        0.9832, 0.9711, 0.9657, 0.9734, 0.9945, 0.9916, 0.9710, 0.9838, 0.9865,
        0.9712, 0.9675, 0.9757, 0.9656, 0.9852, 0.9665, 0.9698, 0.9688, 0.9722,
        0.9728, 0.9649, 0.9676, 0.9726, 0.9904, 0.9877, 0.9867, 0.9741],
       device='cuda:0', grad_fn=<SqueezeBackward1>)

################## Training is Done! #########################
Training time is : 0:00:50.647192
