=============================================
Dataset: SEED
Method:  TS-TCC
Mode:    fine_tune
=============================================
Data loaded ...
Subjet 7
if scale True
Training started ....

Epoch : 1
Train Loss     : 1.2463	 | 	Train Accuracy     : 0.4243
Valid Loss     : 2.0419	 | 	Valid Accuracy     : 0.3386

Epoch : 2
Train Loss     : 0.6619	 | 	Train Accuracy     : 0.7168
Valid Loss     : 1.6057	 | 	Valid Accuracy     : 0.4179

Epoch : 3
Train Loss     : 0.4894	 | 	Train Accuracy     : 0.7933
Valid Loss     : 0.9896	 | 	Valid Accuracy     : 0.5341

Epoch : 4
Train Loss     : 0.3901	 | 	Train Accuracy     : 0.8483
Valid Loss     : 0.9043	 | 	Valid Accuracy     : 0.5860

Epoch : 5
Train Loss     : 0.3269	 | 	Train Accuracy     : 0.8721
Valid Loss     : 0.7245	 | 	Valid Accuracy     : 0.6785

Epoch : 6
Train Loss     : 0.2754	 | 	Train Accuracy     : 0.9023
Valid Loss     : 0.7200	 | 	Valid Accuracy     : 0.6858

Epoch : 7
Train Loss     : 0.2550	 | 	Train Accuracy     : 0.9059
Valid Loss     : 0.8168	 | 	Valid Accuracy     : 0.6825

Epoch : 8
Train Loss     : 0.2420	 | 	Train Accuracy     : 0.9114
Valid Loss     : 0.8546	 | 	Valid Accuracy     : 0.6742

Epoch : 9
Train Loss     : 0.2230	 | 	Train Accuracy     : 0.9217
Valid Loss     : 0.7633	 | 	Valid Accuracy     : 0.6973

Epoch : 10
Train Loss     : 0.2220	 | 	Train Accuracy     : 0.9081
Valid Loss     : 0.8614	 | 	Valid Accuracy     : 0.6956

Epoch : 11
Train Loss     : 0.2103	 | 	Train Accuracy     : 0.9255
Valid Loss     : 0.9036	 | 	Valid Accuracy     : 0.6854

Epoch : 12
Train Loss     : 0.1795	 | 	Train Accuracy     : 0.9374
Valid Loss     : 0.8629	 | 	Valid Accuracy     : 0.6832

Epoch : 13
Train Loss     : 0.1583	 | 	Train Accuracy     : 0.9470
Valid Loss     : 0.7821	 | 	Valid Accuracy     : 0.7073

Epoch : 14
Train Loss     : 0.1500	 | 	Train Accuracy     : 0.9527
Valid Loss     : 0.9359	 | 	Valid Accuracy     : 0.6831

Epoch : 15
Train Loss     : 0.1419	 | 	Train Accuracy     : 0.9576
Valid Loss     : 0.9954	 | 	Valid Accuracy     : 0.6922

Epoch : 16
Train Loss     : 0.1381	 | 	Train Accuracy     : 0.9592
Valid Loss     : 0.9470	 | 	Valid Accuracy     : 0.6924

Epoch : 17
Train Loss     : 0.1293	 | 	Train Accuracy     : 0.9642
Valid Loss     : 0.9867	 | 	Valid Accuracy     : 0.6911

Epoch : 18
Train Loss     : 0.1103	 | 	Train Accuracy     : 0.9694
Valid Loss     : 0.9810	 | 	Valid Accuracy     : 0.6959

Epoch : 19
Train Loss     : 0.1125	 | 	Train Accuracy     : 0.9703
Valid Loss     : 0.9943	 | 	Valid Accuracy     : 0.6951

Epoch : 20
Train Loss     : 0.1016	 | 	Train Accuracy     : 0.9770
Valid Loss     : 0.9871	 | 	Valid Accuracy     : 0.7018

Epoch : 21
Train Loss     : 0.1020	 | 	Train Accuracy     : 0.9756
Valid Loss     : 1.0098	 | 	Valid Accuracy     : 0.6981

Epoch : 22
Train Loss     : 0.1013	 | 	Train Accuracy     : 0.9776
Valid Loss     : 0.9958	 | 	Valid Accuracy     : 0.6948

Epoch : 23
Train Loss     : 0.0955	 | 	Train Accuracy     : 0.9799
Valid Loss     : 1.0176	 | 	Valid Accuracy     : 0.6944

Epoch : 24
Train Loss     : 0.0953	 | 	Train Accuracy     : 0.9816
Valid Loss     : 1.0138	 | 	Valid Accuracy     : 0.6960

Epoch : 25
Train Loss     : 0.0951	 | 	Train Accuracy     : 0.9818
Valid Loss     : 1.0136	 | 	Valid Accuracy     : 0.6915

Epoch : 26
Train Loss     : 0.0942	 | 	Train Accuracy     : 0.9794
Valid Loss     : 1.0139	 | 	Valid Accuracy     : 0.6988

Epoch : 27
Train Loss     : 0.0893	 | 	Train Accuracy     : 0.9823
Valid Loss     : 1.0162	 | 	Valid Accuracy     : 0.6884

Epoch : 28
Train Loss     : 0.0897	 | 	Train Accuracy     : 0.9835
Valid Loss     : 0.9999	 | 	Valid Accuracy     : 0.6932

Epoch : 29
Train Loss     : 0.0890	 | 	Train Accuracy     : 0.9813
Valid Loss     : 1.0119	 | 	Valid Accuracy     : 0.6845

Epoch : 30
Train Loss     : 0.0863	 | 	Train Accuracy     : 0.9826
Valid Loss     : 0.9767	 | 	Valid Accuracy     : 0.7025

Evaluate on the Test set:
Test loss      :1.0275	 | Test Accuracy      : 0.6550 | Test AUPRC      : 0.6607
tensor([0.9137, 0.9231, 0.9945, 0.9277, 0.9769, 0.9421, 1.0172, 0.8862, 0.9100,
        0.9218, 0.8849, 0.8825, 0.9036, 0.9497, 0.9323, 0.8769, 0.9004, 0.8944,
        0.8724, 0.9100, 0.8995, 0.9118, 0.9203, 1.0420, 0.9686, 0.9311, 0.9244,
        0.9050, 0.8860, 0.8891, 0.8982, 0.9934, 0.9457, 0.8775, 0.8789, 0.9149,
        0.9095, 0.9046, 0.8847, 0.9008, 0.9522, 0.9355, 0.8915, 0.9085, 0.9213,
        0.9102, 0.9326, 0.9215, 0.8982, 0.8768, 0.8812, 0.8890, 0.8876, 0.8838,
        0.9085, 0.8588, 0.8794, 0.9248, 0.8884, 0.8754, 0.9083, 0.9116],
       device='cuda:0', grad_fn=<SqueezeBackward1>)

################## Training is Done! #########################
Training time is : 0:01:54.475658
