=============================================
Dataset: SEED
Method:  TS-TCC
Mode:    fine_tune
=============================================
Data loaded ...
Subjet 12
if scale True
Training started ....

Epoch : 1
Train Loss     : 1.0987	 | 	Train Accuracy     : 0.5148
Valid Loss     : 0.9848	 | 	Valid Accuracy     : 0.5034

Epoch : 2
Train Loss     : 0.6580	 | 	Train Accuracy     : 0.7317
Valid Loss     : 1.0784	 | 	Valid Accuracy     : 0.5811

Epoch : 3
Train Loss     : 0.5206	 | 	Train Accuracy     : 0.8066
Valid Loss     : 0.9071	 | 	Valid Accuracy     : 0.6318

Epoch : 4
Train Loss     : 0.4038	 | 	Train Accuracy     : 0.8589
Valid Loss     : 0.7185	 | 	Valid Accuracy     : 0.6953

Epoch : 5
Train Loss     : 0.3456	 | 	Train Accuracy     : 0.8816
Valid Loss     : 0.9269	 | 	Valid Accuracy     : 0.6504

Epoch : 6
Train Loss     : 0.3110	 | 	Train Accuracy     : 0.8899
Valid Loss     : 0.8819	 | 	Valid Accuracy     : 0.6841

Epoch : 7
Train Loss     : 0.2950	 | 	Train Accuracy     : 0.8949
Valid Loss     : 0.9326	 | 	Valid Accuracy     : 0.6626

Epoch : 8
Train Loss     : 0.2726	 | 	Train Accuracy     : 0.9022
Valid Loss     : 0.8327	 | 	Valid Accuracy     : 0.6641

Epoch : 9
Train Loss     : 0.2340	 | 	Train Accuracy     : 0.9158
Valid Loss     : 0.8837	 | 	Valid Accuracy     : 0.6875

Epoch : 10
Train Loss     : 0.2110	 | 	Train Accuracy     : 0.9249
Valid Loss     : 0.9848	 | 	Valid Accuracy     : 0.6860

Epoch : 11
Train Loss     : 0.1893	 | 	Train Accuracy     : 0.9355
Valid Loss     : 0.9700	 | 	Valid Accuracy     : 0.6714

Epoch : 12
Train Loss     : 0.1927	 | 	Train Accuracy     : 0.9334
Valid Loss     : 0.8231	 | 	Valid Accuracy     : 0.7080

Epoch : 13
Train Loss     : 0.1912	 | 	Train Accuracy     : 0.9324
Valid Loss     : 1.0421	 | 	Valid Accuracy     : 0.6748

Epoch : 14
Train Loss     : 0.2120	 | 	Train Accuracy     : 0.9248
Valid Loss     : 0.8948	 | 	Valid Accuracy     : 0.6890

Epoch : 15
Train Loss     : 0.1824	 | 	Train Accuracy     : 0.9334
Valid Loss     : 0.9484	 | 	Valid Accuracy     : 0.6885

Epoch : 16
Train Loss     : 0.1336	 | 	Train Accuracy     : 0.9613
Valid Loss     : 0.9524	 | 	Valid Accuracy     : 0.7026

Epoch : 17
Train Loss     : 0.1250	 | 	Train Accuracy     : 0.9620
Valid Loss     : 0.8795	 | 	Valid Accuracy     : 0.7026

Epoch : 18
Train Loss     : 0.1158	 | 	Train Accuracy     : 0.9693
Valid Loss     : 0.8785	 | 	Valid Accuracy     : 0.6992

Epoch : 19
Train Loss     : 0.1147	 | 	Train Accuracy     : 0.9664
Valid Loss     : 0.8618	 | 	Valid Accuracy     : 0.7046

Epoch : 20
Train Loss     : 0.1110	 | 	Train Accuracy     : 0.9708
Valid Loss     : 0.8159	 | 	Valid Accuracy     : 0.7139

Epoch : 21
Train Loss     : 0.1098	 | 	Train Accuracy     : 0.9696
Valid Loss     : 0.8482	 | 	Valid Accuracy     : 0.7124

Epoch : 22
Train Loss     : 0.1084	 | 	Train Accuracy     : 0.9710
Valid Loss     : 0.8772	 | 	Valid Accuracy     : 0.7056

Epoch : 23
Train Loss     : 0.1089	 | 	Train Accuracy     : 0.9701
Valid Loss     : 0.8811	 | 	Valid Accuracy     : 0.7036

Epoch : 24
Train Loss     : 0.1048	 | 	Train Accuracy     : 0.9710
Valid Loss     : 0.9334	 | 	Valid Accuracy     : 0.6992

Epoch : 25
Train Loss     : 0.1051	 | 	Train Accuracy     : 0.9733
Valid Loss     : 0.8567	 | 	Valid Accuracy     : 0.7036

Epoch : 26
Train Loss     : 0.1028	 | 	Train Accuracy     : 0.9721
Valid Loss     : 0.8835	 | 	Valid Accuracy     : 0.7041

Epoch : 27
Train Loss     : 0.1037	 | 	Train Accuracy     : 0.9715
Valid Loss     : 0.8879	 | 	Valid Accuracy     : 0.7080

Epoch : 28
Train Loss     : 0.0990	 | 	Train Accuracy     : 0.9735
Valid Loss     : 0.9006	 | 	Valid Accuracy     : 0.6963

Epoch : 29
Train Loss     : 0.0909	 | 	Train Accuracy     : 0.9788
Valid Loss     : 0.9063	 | 	Valid Accuracy     : 0.6982

Epoch : 30
Train Loss     : 0.0939	 | 	Train Accuracy     : 0.9769
Valid Loss     : 0.9022	 | 	Valid Accuracy     : 0.6982

Evaluate on the Test set:
Test loss      :1.0324	 | Test Accuracy      : 0.6664 | Test AUPRC      : 0.5038
tensor([0.9153, 0.9919, 0.9758, 0.8376, 0.8739, 0.9488, 0.7654, 0.8753, 0.8671,
        0.7928, 0.7006, 0.8197, 0.9666, 0.8322, 0.8453, 0.7163, 0.8391, 0.8307,
        0.6867, 0.7407, 0.8166, 0.7671, 0.7767, 0.9935, 0.7628, 0.7823, 0.9094,
        0.9281, 0.7337, 0.7610, 0.9119, 1.0243, 0.8001, 0.6749, 0.7162, 0.8331,
        0.8373, 0.7397, 0.7207, 0.8767, 0.8522, 0.8002, 0.8109, 0.9432, 0.8425,
        0.7983, 0.7970, 0.7299, 0.8064, 0.8668, 0.9123, 0.7735, 0.6952, 0.7714,
        0.7217, 0.7136, 0.8252, 0.7965, 0.9331, 0.7211, 0.7985, 0.8134],
       device='cuda:0', grad_fn=<SqueezeBackward1>)

################## Training is Done! #########################
Training time is : 0:01:45.333165
