=============================================
Dataset: SEED
Method:  TS-TCC
Mode:    fine_tune
=============================================
Data loaded ...
Subjet 3
if scale True
Training started ....

Epoch : 1
Train Loss     : 0.8839	 | 	Train Accuracy     : 0.5734
Valid Loss     : 1.0408	 | 	Valid Accuracy     : 0.4966

Epoch : 2
Train Loss     : 0.6691	 | 	Train Accuracy     : 0.7181
Valid Loss     : 0.7467	 | 	Valid Accuracy     : 0.6768

Epoch : 3
Train Loss     : 0.5844	 | 	Train Accuracy     : 0.7638
Valid Loss     : 0.6559	 | 	Valid Accuracy     : 0.7129

Epoch : 4
Train Loss     : 0.5135	 | 	Train Accuracy     : 0.8098
Valid Loss     : 0.6330	 | 	Valid Accuracy     : 0.7183

Epoch : 5
Train Loss     : 0.4816	 | 	Train Accuracy     : 0.8188
Valid Loss     : 0.6531	 | 	Valid Accuracy     : 0.7148

Epoch : 6
Train Loss     : 0.4440	 | 	Train Accuracy     : 0.8341
Valid Loss     : 0.6548	 | 	Valid Accuracy     : 0.7134

Epoch : 7
Train Loss     : 0.4012	 | 	Train Accuracy     : 0.8531
Valid Loss     : 0.6357	 | 	Valid Accuracy     : 0.6997

Epoch : 8
Train Loss     : 0.3991	 | 	Train Accuracy     : 0.8509
Valid Loss     : 0.6742	 | 	Valid Accuracy     : 0.6982

Epoch : 9
Train Loss     : 0.3586	 | 	Train Accuracy     : 0.8701
Valid Loss     : 0.6699	 | 	Valid Accuracy     : 0.7104

Epoch : 10
Train Loss     : 0.3334	 | 	Train Accuracy     : 0.8833
Valid Loss     : 0.6341	 | 	Valid Accuracy     : 0.7202

Epoch : 11
Train Loss     : 0.3034	 | 	Train Accuracy     : 0.8939
Valid Loss     : 0.6548	 | 	Valid Accuracy     : 0.7275

Epoch : 12
Train Loss     : 0.2954	 | 	Train Accuracy     : 0.8979
Valid Loss     : 0.7009	 | 	Valid Accuracy     : 0.7070

Epoch : 13
Train Loss     : 0.2841	 | 	Train Accuracy     : 0.9015
Valid Loss     : 0.6037	 | 	Valid Accuracy     : 0.7495

Epoch : 14
Train Loss     : 0.2812	 | 	Train Accuracy     : 0.9006
Valid Loss     : 0.7476	 | 	Valid Accuracy     : 0.7134

Epoch : 15
Train Loss     : 0.2615	 | 	Train Accuracy     : 0.9091
Valid Loss     : 0.7567	 | 	Valid Accuracy     : 0.6943

Epoch : 16
Train Loss     : 0.2680	 | 	Train Accuracy     : 0.9034
Valid Loss     : 0.7365	 | 	Valid Accuracy     : 0.7100

Epoch : 17
Train Loss     : 0.2485	 | 	Train Accuracy     : 0.9103
Valid Loss     : 0.8432	 | 	Valid Accuracy     : 0.6812

Epoch : 18
Train Loss     : 0.2502	 | 	Train Accuracy     : 0.9139
Valid Loss     : 0.7920	 | 	Valid Accuracy     : 0.6992

Epoch : 19
Train Loss     : 0.2363	 | 	Train Accuracy     : 0.9151
Valid Loss     : 0.6617	 | 	Valid Accuracy     : 0.7324

Epoch : 20
Train Loss     : 0.2358	 | 	Train Accuracy     : 0.9168
Valid Loss     : 0.7128	 | 	Valid Accuracy     : 0.7261

Epoch : 21
Train Loss     : 0.2275	 | 	Train Accuracy     : 0.9164
Valid Loss     : 0.9266	 | 	Valid Accuracy     : 0.6792

Epoch : 22
Train Loss     : 0.2340	 | 	Train Accuracy     : 0.9136
Valid Loss     : 0.7107	 | 	Valid Accuracy     : 0.7388

Epoch : 23
Train Loss     : 0.2171	 | 	Train Accuracy     : 0.9210
Valid Loss     : 0.7969	 | 	Valid Accuracy     : 0.7153

Epoch : 24
Train Loss     : 0.1985	 | 	Train Accuracy     : 0.9282
Valid Loss     : 0.7335	 | 	Valid Accuracy     : 0.7339

Epoch : 25
Train Loss     : 0.1900	 | 	Train Accuracy     : 0.9338
Valid Loss     : 0.8292	 | 	Valid Accuracy     : 0.7031

Epoch : 26
Train Loss     : 0.1785	 | 	Train Accuracy     : 0.9404
Valid Loss     : 0.7781	 | 	Valid Accuracy     : 0.7202

Epoch : 27
Train Loss     : 0.1785	 | 	Train Accuracy     : 0.9409
Valid Loss     : 0.8232	 | 	Valid Accuracy     : 0.7104

Epoch : 28
Train Loss     : 0.1824	 | 	Train Accuracy     : 0.9406
Valid Loss     : 0.8054	 | 	Valid Accuracy     : 0.7202

Epoch : 29
Train Loss     : 0.1785	 | 	Train Accuracy     : 0.9424
Valid Loss     : 0.8293	 | 	Valid Accuracy     : 0.7173

Epoch : 30
Train Loss     : 0.1749	 | 	Train Accuracy     : 0.9406
Valid Loss     : 0.8236	 | 	Valid Accuracy     : 0.7100

Evaluate on the Test set:
Test loss      :0.8082	 | Test Accuracy      : 0.7295 | Test AUPRC      : 0.5615
tensor([0.9881, 1.0189, 1.0096, 1.0052, 1.0108, 1.0248, 1.0160, 1.0027, 0.9921,
        1.0040, 0.9850, 1.0088, 0.9963, 1.0122, 1.0124, 0.9911, 0.9982, 1.0033,
        0.9880, 1.0111, 0.9973, 0.9932, 1.0051, 1.0504, 1.0219, 0.9930, 1.0110,
        1.0077, 0.9974, 0.9738, 1.0196, 1.0296, 1.0225, 0.9976, 0.9616, 0.9989,
        0.9948, 0.9497, 0.9915, 1.0037, 1.0257, 1.0108, 0.9816, 1.0012, 0.9934,
        1.0042, 0.9952, 0.9975, 0.9917, 1.0044, 0.9964, 0.9849, 0.9924, 0.9902,
        0.9782, 0.9884, 0.9780, 1.0203, 1.0108, 1.0117, 1.0233, 0.9400],
       device='cuda:0', grad_fn=<SqueezeBackward1>)

################## Training is Done! #########################
Training time is : 0:01:30.801026
