=============================================
Dataset: SEED
Method:  TS-TCC
Mode:    fine_tune
=============================================
Data loaded ...
Subjet 8
if scale True
Training started ....

Epoch : 1
Train Loss     : 0.7461	 | 	Train Accuracy     : 0.6656
Valid Loss     : 0.5216	 | 	Valid Accuracy     : 0.7246

Epoch : 2
Train Loss     : 0.3664	 | 	Train Accuracy     : 0.8584
Valid Loss     : 0.5701	 | 	Valid Accuracy     : 0.6992

Epoch : 3
Train Loss     : 0.2949	 | 	Train Accuracy     : 0.8894
Valid Loss     : 0.4241	 | 	Valid Accuracy     : 0.8140

Epoch : 4
Train Loss     : 0.2396	 | 	Train Accuracy     : 0.9142
Valid Loss     : 0.4038	 | 	Valid Accuracy     : 0.8257

Epoch : 5
Train Loss     : 0.2153	 | 	Train Accuracy     : 0.9210
Valid Loss     : 0.4074	 | 	Valid Accuracy     : 0.8213

Epoch : 6
Train Loss     : 0.2015	 | 	Train Accuracy     : 0.9273
Valid Loss     : 0.4724	 | 	Valid Accuracy     : 0.7822

Epoch : 7
Train Loss     : 0.1929	 | 	Train Accuracy     : 0.9287
Valid Loss     : 0.3941	 | 	Valid Accuracy     : 0.8359

Epoch : 8
Train Loss     : 0.1700	 | 	Train Accuracy     : 0.9373
Valid Loss     : 0.5192	 | 	Valid Accuracy     : 0.7773

Epoch : 9
Train Loss     : 0.1649	 | 	Train Accuracy     : 0.9367
Valid Loss     : 0.4451	 | 	Valid Accuracy     : 0.8286

Epoch : 10
Train Loss     : 0.1566	 | 	Train Accuracy     : 0.9440
Valid Loss     : 0.5062	 | 	Valid Accuracy     : 0.7964

Epoch : 11
Train Loss     : 0.1429	 | 	Train Accuracy     : 0.9487
Valid Loss     : 0.6938	 | 	Valid Accuracy     : 0.7534

Epoch : 12
Train Loss     : 0.1447	 | 	Train Accuracy     : 0.9465
Valid Loss     : 0.5417	 | 	Valid Accuracy     : 0.7949

Epoch : 13
Train Loss     : 0.1324	 | 	Train Accuracy     : 0.9523
Valid Loss     : 0.6655	 | 	Valid Accuracy     : 0.7617

Epoch : 14
Train Loss     : 0.1303	 | 	Train Accuracy     : 0.9523
Valid Loss     : 0.4905	 | 	Valid Accuracy     : 0.8096

Epoch : 15
Train Loss     : 0.1238	 | 	Train Accuracy     : 0.9548
Valid Loss     : 0.5368	 | 	Valid Accuracy     : 0.7876

Epoch : 16
Train Loss     : 0.1202	 | 	Train Accuracy     : 0.9584
Valid Loss     : 0.5565	 | 	Valid Accuracy     : 0.7852

Epoch : 17
Train Loss     : 0.1361	 | 	Train Accuracy     : 0.9460
Valid Loss     : 0.4416	 | 	Valid Accuracy     : 0.8247

Epoch : 18
Train Loss     : 0.1210	 | 	Train Accuracy     : 0.9581
Valid Loss     : 0.6075	 | 	Valid Accuracy     : 0.7896

Epoch : 19
Train Loss     : 0.1065	 | 	Train Accuracy     : 0.9643
Valid Loss     : 0.5380	 | 	Valid Accuracy     : 0.8032

Epoch : 20
Train Loss     : 0.0976	 | 	Train Accuracy     : 0.9669
Valid Loss     : 0.5366	 | 	Valid Accuracy     : 0.7998

Epoch : 21
Train Loss     : 0.0905	 | 	Train Accuracy     : 0.9710
Valid Loss     : 0.5353	 | 	Valid Accuracy     : 0.8042

Epoch : 22
Train Loss     : 0.0934	 | 	Train Accuracy     : 0.9708
Valid Loss     : 0.5449	 | 	Valid Accuracy     : 0.7959

Epoch : 23
Train Loss     : 0.0844	 | 	Train Accuracy     : 0.9759
Valid Loss     : 0.5286	 | 	Valid Accuracy     : 0.8022

Epoch : 24
Train Loss     : 0.0856	 | 	Train Accuracy     : 0.9754
Valid Loss     : 0.5618	 | 	Valid Accuracy     : 0.7949

Epoch : 25
Train Loss     : 0.0873	 | 	Train Accuracy     : 0.9761
Valid Loss     : 0.5612	 | 	Valid Accuracy     : 0.7915

Epoch : 26
Train Loss     : 0.0853	 | 	Train Accuracy     : 0.9749
Valid Loss     : 0.5841	 | 	Valid Accuracy     : 0.7876

Epoch : 27
Train Loss     : 0.0865	 | 	Train Accuracy     : 0.9732
Valid Loss     : 0.5391	 | 	Valid Accuracy     : 0.7993

Epoch : 28
Train Loss     : 0.0829	 | 	Train Accuracy     : 0.9752
Valid Loss     : 0.5536	 | 	Valid Accuracy     : 0.7939

Epoch : 29
Train Loss     : 0.0810	 | 	Train Accuracy     : 0.9764
Valid Loss     : 0.5298	 | 	Valid Accuracy     : 0.8018

Epoch : 30
Train Loss     : 0.0783	 | 	Train Accuracy     : 0.9791
Valid Loss     : 0.5518	 | 	Valid Accuracy     : 0.7959

Evaluate on the Test set:
Test loss      :0.6430	 | Test Accuracy      : 0.7702 | Test AUPRC      : 0.6216
tensor([0.7713, 0.7397, 0.9958, 0.8716, 0.8626, 0.8332, 0.8760, 0.7167, 0.7184,
        0.6964, 0.7974, 0.6478, 0.8305, 0.8228, 0.7821, 0.6331, 0.7567, 0.6242,
        0.6603, 0.7840, 0.8326, 0.7275, 0.6767, 0.9568, 0.8315, 0.6802, 0.8033,
        0.6396, 0.6720, 0.7952, 0.7179, 0.9107, 0.8477, 0.8170, 0.6862, 0.7423,
        0.7494, 0.7012, 0.8105, 0.6792, 0.9888, 0.7964, 0.6905, 0.8178, 0.6855,
        0.7806, 0.7670, 0.6839, 0.6249, 0.7896, 0.6291, 0.6554, 0.6467, 0.6654,
        0.7204, 0.6031, 0.6253, 0.6812, 0.6876, 0.7390, 0.6702, 0.6847],
       device='cuda:0', grad_fn=<SqueezeBackward1>)

################## Training is Done! #########################
Training time is : 0:01:28.477392
