=============================================
Dataset: SEED
Method:  TS-TCC
Mode:    supervised
=============================================
Data loaded ...
Subjet 11
if scale True
Training started ....

Epoch : 1
Train Loss     : 0.9834	 | 	Train Accuracy     : 0.5927
Valid Loss     : 1.2078	 | 	Valid Accuracy     : 0.4429

Epoch : 2
Train Loss     : 0.5056	 | 	Train Accuracy     : 0.7908
Valid Loss     : 0.8230	 | 	Valid Accuracy     : 0.6680

Epoch : 3
Train Loss     : 0.4170	 | 	Train Accuracy     : 0.8378
Valid Loss     : 0.7531	 | 	Valid Accuracy     : 0.6914

Epoch : 4
Train Loss     : 0.3604	 | 	Train Accuracy     : 0.8618
Valid Loss     : 0.6253	 | 	Valid Accuracy     : 0.7373

Epoch : 5
Train Loss     : 0.3357	 | 	Train Accuracy     : 0.8633
Valid Loss     : 0.7667	 | 	Valid Accuracy     : 0.7183

Epoch : 6
Train Loss     : 0.3061	 | 	Train Accuracy     : 0.8818
Valid Loss     : 0.6031	 | 	Valid Accuracy     : 0.7451

Epoch : 7
Train Loss     : 0.2814	 | 	Train Accuracy     : 0.8925
Valid Loss     : 0.4921	 | 	Valid Accuracy     : 0.7920

Epoch : 8
Train Loss     : 0.2719	 | 	Train Accuracy     : 0.9010
Valid Loss     : 0.5709	 | 	Valid Accuracy     : 0.7607

Epoch : 9
Train Loss     : 0.2533	 | 	Train Accuracy     : 0.9081
Valid Loss     : 0.4398	 | 	Valid Accuracy     : 0.8125

Epoch : 10
Train Loss     : 0.2577	 | 	Train Accuracy     : 0.8991
Valid Loss     : 0.7769	 | 	Valid Accuracy     : 0.7437

Epoch : 11
Train Loss     : 0.2332	 | 	Train Accuracy     : 0.9137
Valid Loss     : 0.4296	 | 	Valid Accuracy     : 0.8169

Epoch : 12
Train Loss     : 0.2186	 | 	Train Accuracy     : 0.9193
Valid Loss     : 0.5662	 | 	Valid Accuracy     : 0.7861

Epoch : 13
Train Loss     : 0.2058	 | 	Train Accuracy     : 0.9271
Valid Loss     : 0.3347	 | 	Valid Accuracy     : 0.8550

Epoch : 14
Train Loss     : 0.2039	 | 	Train Accuracy     : 0.9234
Valid Loss     : 0.4048	 | 	Valid Accuracy     : 0.8345

Epoch : 15
Train Loss     : 0.1883	 | 	Train Accuracy     : 0.9304
Valid Loss     : 0.3578	 | 	Valid Accuracy     : 0.8462

Epoch : 16
Train Loss     : 0.1705	 | 	Train Accuracy     : 0.9389
Valid Loss     : 0.5583	 | 	Valid Accuracy     : 0.7886

Epoch : 17
Train Loss     : 0.1649	 | 	Train Accuracy     : 0.9429
Valid Loss     : 0.3962	 | 	Valid Accuracy     : 0.8389

Epoch : 18
Train Loss     : 0.1772	 | 	Train Accuracy     : 0.9338
Valid Loss     : 0.3632	 | 	Valid Accuracy     : 0.8491

Epoch : 19
Train Loss     : 0.1582	 | 	Train Accuracy     : 0.9411
Valid Loss     : 0.6790	 | 	Valid Accuracy     : 0.7686

Epoch : 20
Train Loss     : 0.1534	 | 	Train Accuracy     : 0.9489
Valid Loss     : 0.5501	 | 	Valid Accuracy     : 0.7915

Epoch : 21
Train Loss     : 0.1531	 | 	Train Accuracy     : 0.9438
Valid Loss     : 0.4125	 | 	Valid Accuracy     : 0.8384

Epoch : 22
Train Loss     : 0.1423	 | 	Train Accuracy     : 0.9513
Valid Loss     : 0.4919	 | 	Valid Accuracy     : 0.8159

Epoch : 23
Train Loss     : 0.1490	 | 	Train Accuracy     : 0.9455
Valid Loss     : 0.5669	 | 	Valid Accuracy     : 0.7964

Epoch : 24
Train Loss     : 0.1357	 | 	Train Accuracy     : 0.9540
Valid Loss     : 0.4037	 | 	Valid Accuracy     : 0.8379

Epoch : 25
Train Loss     : 0.1217	 | 	Train Accuracy     : 0.9633
Valid Loss     : 0.4163	 | 	Valid Accuracy     : 0.8320

Epoch : 26
Train Loss     : 0.1061	 | 	Train Accuracy     : 0.9711
Valid Loss     : 0.4287	 | 	Valid Accuracy     : 0.8262

Epoch : 27
Train Loss     : 0.1008	 | 	Train Accuracy     : 0.9744
Valid Loss     : 0.4014	 | 	Valid Accuracy     : 0.8413

Epoch : 28
Train Loss     : 0.1010	 | 	Train Accuracy     : 0.9711
Valid Loss     : 0.4143	 | 	Valid Accuracy     : 0.8359

Epoch : 29
Train Loss     : 0.0981	 | 	Train Accuracy     : 0.9733
Valid Loss     : 0.4321	 | 	Valid Accuracy     : 0.8262

Epoch : 30
Train Loss     : 0.0933	 | 	Train Accuracy     : 0.9747
Valid Loss     : 0.4478	 | 	Valid Accuracy     : 0.8276

Evaluate on the Test set:
Test loss      :0.6657	 | Test Accuracy      : 0.8185 | Test AUPRC      : 0.5716
tensor([0.7593, 0.7908, 0.8412, 0.6367, 0.8904, 0.7924, 0.8246, 0.6916, 0.6273,
        0.6611, 0.5613, 0.6360, 0.5924, 0.7306, 0.7703, 0.7464, 0.7222, 0.5797,
        0.6266, 0.5899, 0.6301, 0.8010, 1.0146, 0.7750, 0.6932, 0.6974, 0.5791,
        0.7869, 0.7115, 0.7154, 0.7830, 0.8619, 0.7680, 0.6772, 0.7251, 0.6812,
        0.6497, 0.6160, 0.6250, 0.6536, 0.8529, 0.7069, 0.5681, 0.5443, 0.6835,
        0.7113, 0.6573, 0.6849, 0.6955, 0.6772, 0.7931, 0.7966, 0.5597, 0.7341,
        0.7916, 0.6863, 0.6034, 0.8797, 0.7989, 0.6238, 0.7168, 0.6666],
       device='cuda:0', grad_fn=<SqueezeBackward1>)

################## Training is Done! #########################
Training time is : 0:01:41.285191
