=============================================
Dataset: SEED
Method:  TS-TCC
Mode:    fine_tune
=============================================
Data loaded ...
Subjet 12
if scale True
Training started ....

Epoch : 1
Train Loss     : 1.2917	 | 	Train Accuracy     : 0.4779
Valid Loss     : 1.2364	 | 	Valid Accuracy     : 0.5273

Epoch : 2
Train Loss     : 0.8059	 | 	Train Accuracy     : 0.6443
Valid Loss     : 0.8993	 | 	Valid Accuracy     : 0.5708

Epoch : 3
Train Loss     : 0.5960	 | 	Train Accuracy     : 0.7513
Valid Loss     : 1.1088	 | 	Valid Accuracy     : 0.5264

Epoch : 4
Train Loss     : 0.5002	 | 	Train Accuracy     : 0.8083
Valid Loss     : 1.0507	 | 	Valid Accuracy     : 0.5596

Epoch : 5
Train Loss     : 0.4421	 | 	Train Accuracy     : 0.8404
Valid Loss     : 0.8603	 | 	Valid Accuracy     : 0.6284

Epoch : 6
Train Loss     : 0.3600	 | 	Train Accuracy     : 0.8747
Valid Loss     : 0.8556	 | 	Valid Accuracy     : 0.6353

Epoch : 7
Train Loss     : 0.3036	 | 	Train Accuracy     : 0.9057
Valid Loss     : 0.8339	 | 	Valid Accuracy     : 0.6553

Epoch : 8
Train Loss     : 0.2840	 | 	Train Accuracy     : 0.9029
Valid Loss     : 1.0173	 | 	Valid Accuracy     : 0.6055

Epoch : 9
Train Loss     : 0.2532	 | 	Train Accuracy     : 0.9201
Valid Loss     : 1.1304	 | 	Valid Accuracy     : 0.6191

Epoch : 10
Train Loss     : 0.2416	 | 	Train Accuracy     : 0.9206
Valid Loss     : 0.8747	 | 	Valid Accuracy     : 0.6797

Epoch : 11
Train Loss     : 0.2018	 | 	Train Accuracy     : 0.9365
Valid Loss     : 0.7937	 | 	Valid Accuracy     : 0.6860

Epoch : 12
Train Loss     : 0.1831	 | 	Train Accuracy     : 0.9414
Valid Loss     : 1.0947	 | 	Valid Accuracy     : 0.6343

Epoch : 13
Train Loss     : 0.1660	 | 	Train Accuracy     : 0.9474
Valid Loss     : 0.9655	 | 	Valid Accuracy     : 0.6694

Epoch : 14
Train Loss     : 0.1552	 | 	Train Accuracy     : 0.9508
Valid Loss     : 0.8708	 | 	Valid Accuracy     : 0.6816

Epoch : 15
Train Loss     : 0.1366	 | 	Train Accuracy     : 0.9607
Valid Loss     : 0.9182	 | 	Valid Accuracy     : 0.6665

Epoch : 16
Train Loss     : 0.1320	 | 	Train Accuracy     : 0.9599
Valid Loss     : 1.1910	 | 	Valid Accuracy     : 0.6377

Epoch : 17
Train Loss     : 0.1456	 | 	Train Accuracy     : 0.9544
Valid Loss     : 0.9351	 | 	Valid Accuracy     : 0.6738

Epoch : 18
Train Loss     : 0.1220	 | 	Train Accuracy     : 0.9609
Valid Loss     : 0.8978	 | 	Valid Accuracy     : 0.6885

Epoch : 19
Train Loss     : 0.1427	 | 	Train Accuracy     : 0.9521
Valid Loss     : 0.9150	 | 	Valid Accuracy     : 0.6914

Epoch : 20
Train Loss     : 0.1196	 | 	Train Accuracy     : 0.9638
Valid Loss     : 0.9226	 | 	Valid Accuracy     : 0.6826

Epoch : 21
Train Loss     : 0.1075	 | 	Train Accuracy     : 0.9688
Valid Loss     : 1.1192	 | 	Valid Accuracy     : 0.6284

Epoch : 22
Train Loss     : 0.0960	 | 	Train Accuracy     : 0.9740
Valid Loss     : 1.0650	 | 	Valid Accuracy     : 0.6523

Epoch : 23
Train Loss     : 0.0880	 | 	Train Accuracy     : 0.9768
Valid Loss     : 0.9827	 | 	Valid Accuracy     : 0.6982

Epoch : 24
Train Loss     : 0.0766	 | 	Train Accuracy     : 0.9833
Valid Loss     : 1.0187	 | 	Valid Accuracy     : 0.6880

Epoch : 25
Train Loss     : 0.0704	 | 	Train Accuracy     : 0.9862
Valid Loss     : 0.9741	 | 	Valid Accuracy     : 0.6958

Epoch : 26
Train Loss     : 0.0667	 | 	Train Accuracy     : 0.9883
Valid Loss     : 0.9847	 | 	Valid Accuracy     : 0.6919

Epoch : 27
Train Loss     : 0.0641	 | 	Train Accuracy     : 0.9896
Valid Loss     : 0.9749	 | 	Valid Accuracy     : 0.6943

Epoch : 28
Train Loss     : 0.0688	 | 	Train Accuracy     : 0.9867
Valid Loss     : 1.0167	 | 	Valid Accuracy     : 0.6978

Epoch : 29
Train Loss     : 0.0624	 | 	Train Accuracy     : 0.9904
Valid Loss     : 1.0406	 | 	Valid Accuracy     : 0.6870

Epoch : 30
Train Loss     : 0.0609	 | 	Train Accuracy     : 0.9896
Valid Loss     : 1.0668	 | 	Valid Accuracy     : 0.6992

Evaluate on the Test set:
Test loss      :1.5231	 | Test Accuracy      : 0.5922 | Test AUPRC      : 0.4796
tensor([0.9153, 0.9965, 0.9637, 0.8402, 0.9739, 0.9281, 0.9247, 0.8786, 0.7742,
        0.8015, 0.7793, 0.7981, 0.8742, 0.8315, 0.8761, 0.7620, 0.9174, 0.8379,
        0.7784, 0.8548, 0.8508, 0.7761, 0.8378, 1.0261, 0.8324, 0.8233, 0.9121,
        0.9408, 0.7733, 0.8121, 0.9176, 0.9825, 0.8199, 0.7753, 0.7969, 0.8488,
        0.9303, 0.7674, 0.7777, 0.8258, 0.8641, 0.8322, 0.8220, 0.8993, 0.8285,
        0.8083, 0.8585, 0.8212, 0.7406, 0.8766, 0.9069, 0.8026, 0.7445, 0.7132,
        0.7470, 0.6974, 0.7505, 0.8172, 0.8538, 0.7146, 0.7522, 0.8363],
       device='cuda:0', grad_fn=<SqueezeBackward1>)

################## Training is Done! #########################
Training time is : 0:01:34.632132
