=============================================
Dataset: SEED
Method:  TS-TCC
Mode:    fine_tune
=============================================
Data loaded ...
Subjet 11
if scale True
Training started ....

Epoch : 1
Train Loss     : 1.5273	 | 	Train Accuracy     : 0.5017
Valid Loss     : 1.3756	 | 	Valid Accuracy     : 0.3735

Epoch : 2
Train Loss     : 0.7096	 | 	Train Accuracy     : 0.6881
Valid Loss     : 2.0481	 | 	Valid Accuracy     : 0.3584

Epoch : 3
Train Loss     : 0.5129	 | 	Train Accuracy     : 0.7985
Valid Loss     : 2.4447	 | 	Valid Accuracy     : 0.3711

Epoch : 4
Train Loss     : 0.4142	 | 	Train Accuracy     : 0.8253
Valid Loss     : 1.9750	 | 	Valid Accuracy     : 0.4297

Epoch : 5
Train Loss     : 0.3048	 | 	Train Accuracy     : 0.8917
Valid Loss     : 0.8855	 | 	Valid Accuracy     : 0.6338

Epoch : 6
Train Loss     : 0.2727	 | 	Train Accuracy     : 0.9107
Valid Loss     : 0.9335	 | 	Valid Accuracy     : 0.6743

Epoch : 7
Train Loss     : 0.2369	 | 	Train Accuracy     : 0.9252
Valid Loss     : 0.6673	 | 	Valid Accuracy     : 0.7397

Epoch : 8
Train Loss     : 0.1973	 | 	Train Accuracy     : 0.9392
Valid Loss     : 0.6974	 | 	Valid Accuracy     : 0.7480

Epoch : 9
Train Loss     : 0.1696	 | 	Train Accuracy     : 0.9509
Valid Loss     : 0.6524	 | 	Valid Accuracy     : 0.7583

Epoch : 10
Train Loss     : 0.1704	 | 	Train Accuracy     : 0.9453
Valid Loss     : 0.7430	 | 	Valid Accuracy     : 0.7285

Epoch : 11
Train Loss     : 0.1481	 | 	Train Accuracy     : 0.9604
Valid Loss     : 0.6318	 | 	Valid Accuracy     : 0.7627

Epoch : 12
Train Loss     : 0.1358	 | 	Train Accuracy     : 0.9632
Valid Loss     : 0.6473	 | 	Valid Accuracy     : 0.7622

Epoch : 13
Train Loss     : 0.1244	 | 	Train Accuracy     : 0.9676
Valid Loss     : 0.6171	 | 	Valid Accuracy     : 0.7695

Epoch : 14
Train Loss     : 0.1163	 | 	Train Accuracy     : 0.9699
Valid Loss     : 0.7293	 | 	Valid Accuracy     : 0.7236

Epoch : 15
Train Loss     : 0.1170	 | 	Train Accuracy     : 0.9637
Valid Loss     : 0.6725	 | 	Valid Accuracy     : 0.7534

Epoch : 16
Train Loss     : 0.0981	 | 	Train Accuracy     : 0.9782
Valid Loss     : 0.6829	 | 	Valid Accuracy     : 0.7686

Epoch : 17
Train Loss     : 0.0902	 | 	Train Accuracy     : 0.9805
Valid Loss     : 0.6129	 | 	Valid Accuracy     : 0.7729

Epoch : 18
Train Loss     : 0.0920	 | 	Train Accuracy     : 0.9782
Valid Loss     : 0.6843	 | 	Valid Accuracy     : 0.7500

Epoch : 19
Train Loss     : 0.0900	 | 	Train Accuracy     : 0.9788
Valid Loss     : 0.6532	 | 	Valid Accuracy     : 0.7690

Epoch : 20
Train Loss     : 0.0839	 | 	Train Accuracy     : 0.9760
Valid Loss     : 0.7462	 | 	Valid Accuracy     : 0.7480

Epoch : 21
Train Loss     : 0.0826	 | 	Train Accuracy     : 0.9794
Valid Loss     : 0.6707	 | 	Valid Accuracy     : 0.7695

Epoch : 22
Train Loss     : 0.0816	 | 	Train Accuracy     : 0.9805
Valid Loss     : 0.6711	 | 	Valid Accuracy     : 0.7593

Epoch : 23
Train Loss     : 0.0798	 | 	Train Accuracy     : 0.9805
Valid Loss     : 0.6395	 | 	Valid Accuracy     : 0.7759

Epoch : 24
Train Loss     : 0.0763	 | 	Train Accuracy     : 0.9805
Valid Loss     : 0.7029	 | 	Valid Accuracy     : 0.7720

Epoch : 25
Train Loss     : 0.0820	 | 	Train Accuracy     : 0.9777
Valid Loss     : 0.5777	 | 	Valid Accuracy     : 0.8008

Epoch : 26
Train Loss     : 0.0705	 | 	Train Accuracy     : 0.9849
Valid Loss     : 0.9704	 | 	Valid Accuracy     : 0.7100

Epoch : 27
Train Loss     : 0.0605	 | 	Train Accuracy     : 0.9855
Valid Loss     : 0.8018	 | 	Valid Accuracy     : 0.7339

Epoch : 28
Train Loss     : 0.0592	 | 	Train Accuracy     : 0.9872
Valid Loss     : 0.7088	 | 	Valid Accuracy     : 0.7744

Epoch : 29
Train Loss     : 0.0603	 | 	Train Accuracy     : 0.9866
Valid Loss     : 0.6940	 | 	Valid Accuracy     : 0.7715

Epoch : 30
Train Loss     : 0.0509	 | 	Train Accuracy     : 0.9911
Valid Loss     : 0.6747	 | 	Valid Accuracy     : 0.7705

Evaluate on the Test set:
Test loss      :1.3790	 | Test Accuracy      : 0.6791 | Test AUPRC      : 0.5420
tensor([0.8845, 0.9388, 0.8902, 0.8876, 0.8844, 0.8766, 0.9818, 0.8717, 0.8710,
        0.8512, 0.8749, 0.8834, 0.9692, 0.8912, 0.8601, 0.8656, 0.8822, 0.8523,
        0.8285, 0.9289, 0.8772, 0.9093, 1.0179, 0.9586, 0.9375, 0.8753, 0.8856,
        0.8477, 0.8546, 0.8682, 0.8864, 0.8746, 0.9640, 0.8929, 0.8767, 0.8910,
        0.8630, 0.8686, 0.8474, 0.8823, 0.9246, 0.8545, 0.8379, 0.8880, 0.9070,
        0.8776, 0.8397, 0.8995, 0.8877, 0.8725, 0.8707, 0.8662, 0.8409, 0.8971,
        0.8963, 0.8106, 0.8445, 0.9231, 0.9148, 0.8674, 0.9168, 0.8411],
       device='cuda:0', grad_fn=<SqueezeBackward1>)

################## Training is Done! #########################
Training time is : 0:00:54.717463
