=============================================
Dataset: SEED
Method:  TS-TCC
Mode:    fine_tune
=============================================
Data loaded ...
Subjet 8
if scale True
Training started ....

Epoch : 1
Train Loss     : 0.6937	 | 	Train Accuracy     : 0.6990
Valid Loss     : 0.4689	 | 	Valid Accuracy     : 0.7920

Epoch : 2
Train Loss     : 0.3465	 | 	Train Accuracy     : 0.8646
Valid Loss     : 0.4569	 | 	Valid Accuracy     : 0.7935

Epoch : 3
Train Loss     : 0.2913	 | 	Train Accuracy     : 0.8930
Valid Loss     : 0.3742	 | 	Valid Accuracy     : 0.8325

Epoch : 4
Train Loss     : 0.2444	 | 	Train Accuracy     : 0.9105
Valid Loss     : 0.4510	 | 	Valid Accuracy     : 0.8159

Epoch : 5
Train Loss     : 0.2220	 | 	Train Accuracy     : 0.9161
Valid Loss     : 0.4030	 | 	Valid Accuracy     : 0.8330

Epoch : 6
Train Loss     : 0.1987	 | 	Train Accuracy     : 0.9265
Valid Loss     : 0.3821	 | 	Valid Accuracy     : 0.8438

Epoch : 7
Train Loss     : 0.1827	 | 	Train Accuracy     : 0.9331
Valid Loss     : 0.3839	 | 	Valid Accuracy     : 0.8418

Epoch : 8
Train Loss     : 0.1755	 | 	Train Accuracy     : 0.9346
Valid Loss     : 0.4134	 | 	Valid Accuracy     : 0.8320

Epoch : 9
Train Loss     : 0.1760	 | 	Train Accuracy     : 0.9338
Valid Loss     : 0.3980	 | 	Valid Accuracy     : 0.8428

Epoch : 10
Train Loss     : 0.1475	 | 	Train Accuracy     : 0.9460
Valid Loss     : 0.4688	 | 	Valid Accuracy     : 0.8062

Epoch : 11
Train Loss     : 0.1465	 | 	Train Accuracy     : 0.9441
Valid Loss     : 0.5962	 | 	Valid Accuracy     : 0.7739

Epoch : 12
Train Loss     : 0.1376	 | 	Train Accuracy     : 0.9463
Valid Loss     : 0.4548	 | 	Valid Accuracy     : 0.8232

Epoch : 13
Train Loss     : 0.1484	 | 	Train Accuracy     : 0.9419
Valid Loss     : 0.6027	 | 	Valid Accuracy     : 0.7759

Epoch : 14
Train Loss     : 0.1371	 | 	Train Accuracy     : 0.9455
Valid Loss     : 0.4220	 | 	Valid Accuracy     : 0.8369

Epoch : 15
Train Loss     : 0.1060	 | 	Train Accuracy     : 0.9655
Valid Loss     : 0.4159	 | 	Valid Accuracy     : 0.8350

Epoch : 16
Train Loss     : 0.0982	 | 	Train Accuracy     : 0.9686
Valid Loss     : 0.4171	 | 	Valid Accuracy     : 0.8330

Epoch : 17
Train Loss     : 0.0965	 | 	Train Accuracy     : 0.9693
Valid Loss     : 0.4278	 | 	Valid Accuracy     : 0.8340

Epoch : 18
Train Loss     : 0.0974	 | 	Train Accuracy     : 0.9688
Valid Loss     : 0.4181	 | 	Valid Accuracy     : 0.8359

Epoch : 19
Train Loss     : 0.0924	 | 	Train Accuracy     : 0.9715
Valid Loss     : 0.4179	 | 	Valid Accuracy     : 0.8330

Epoch : 20
Train Loss     : 0.0892	 | 	Train Accuracy     : 0.9733
Valid Loss     : 0.4257	 | 	Valid Accuracy     : 0.8315

Epoch : 21
Train Loss     : 0.0900	 | 	Train Accuracy     : 0.9728
Valid Loss     : 0.4264	 | 	Valid Accuracy     : 0.8340

Epoch : 22
Train Loss     : 0.0852	 | 	Train Accuracy     : 0.9750
Valid Loss     : 0.4668	 | 	Valid Accuracy     : 0.8237

Epoch : 23
Train Loss     : 0.0829	 | 	Train Accuracy     : 0.9754
Valid Loss     : 0.4435	 | 	Valid Accuracy     : 0.8286

Epoch : 24
Train Loss     : 0.0817	 | 	Train Accuracy     : 0.9772
Valid Loss     : 0.4273	 | 	Valid Accuracy     : 0.8330

Epoch : 25
Train Loss     : 0.0817	 | 	Train Accuracy     : 0.9783
Valid Loss     : 0.4353	 | 	Valid Accuracy     : 0.8345

Epoch : 26
Train Loss     : 0.0800	 | 	Train Accuracy     : 0.9772
Valid Loss     : 0.4273	 | 	Valid Accuracy     : 0.8384

Epoch : 27
Train Loss     : 0.0788	 | 	Train Accuracy     : 0.9779
Valid Loss     : 0.4258	 | 	Valid Accuracy     : 0.8320

Epoch : 28
Train Loss     : 0.0783	 | 	Train Accuracy     : 0.9788
Valid Loss     : 0.4296	 | 	Valid Accuracy     : 0.8359

Epoch : 29
Train Loss     : 0.0768	 | 	Train Accuracy     : 0.9796
Valid Loss     : 0.4233	 | 	Valid Accuracy     : 0.8364

Epoch : 30
Train Loss     : 0.0786	 | 	Train Accuracy     : 0.9794
Valid Loss     : 0.4310	 | 	Valid Accuracy     : 0.8350

Evaluate on the Test set:
Test loss      :0.6452	 | Test Accuracy      : 0.7752 | Test AUPRC      : 0.6185
tensor([0.8387, 0.8158, 0.9982, 0.8551, 0.9100, 0.9009, 0.9249, 0.7561, 0.7364,
        0.8370, 0.8757, 0.7229, 0.8959, 0.8426, 0.7663, 0.7757, 0.8066, 0.7623,
        0.6858, 0.7569, 0.8694, 0.8450, 0.7967, 0.9713, 0.8957, 0.8570, 0.7380,
        0.7147, 0.7504, 0.8065, 0.7522, 0.9228, 0.8937, 0.7970, 0.7291, 0.7607,
        0.7465, 0.7946, 0.7266, 0.7162, 0.9752, 0.7923, 0.7735, 0.7102, 0.8251,
        0.8095, 0.7533, 0.7156, 0.7661, 0.8430, 0.7998, 0.7125, 0.7166, 0.7321,
        0.7524, 0.6741, 0.7779, 0.7449, 0.7746, 0.7458, 0.7347, 0.7695],
       device='cuda:0', grad_fn=<SqueezeBackward1>)

################## Training is Done! #########################
Training time is : 0:02:18.542125
