=============================================
Dataset: SEED
Method:  TS-TCC
Mode:    fine_tune
=============================================
Data loaded ...
Subjet 4
if scale True
Training started ....

Epoch : 1
Train Loss     : 1.1091	 | 	Train Accuracy     : 0.5250
Valid Loss     : 1.5158	 | 	Valid Accuracy     : 0.3086

Epoch : 2
Train Loss     : 0.6566	 | 	Train Accuracy     : 0.7342
Valid Loss     : 1.8635	 | 	Valid Accuracy     : 0.3091

Epoch : 3
Train Loss     : 0.5488	 | 	Train Accuracy     : 0.7889
Valid Loss     : 2.0218	 | 	Valid Accuracy     : 0.4658

Epoch : 4
Train Loss     : 0.5006	 | 	Train Accuracy     : 0.8037
Valid Loss     : 1.7067	 | 	Valid Accuracy     : 0.4512

Epoch : 5
Train Loss     : 0.4537	 | 	Train Accuracy     : 0.8307
Valid Loss     : 1.0991	 | 	Valid Accuracy     : 0.5420

Epoch : 6
Train Loss     : 0.4474	 | 	Train Accuracy     : 0.8288
Valid Loss     : 0.7917	 | 	Valid Accuracy     : 0.6562

Epoch : 7
Train Loss     : 0.4141	 | 	Train Accuracy     : 0.8446
Valid Loss     : 0.7861	 | 	Valid Accuracy     : 0.6797

Epoch : 8
Train Loss     : 0.4002	 | 	Train Accuracy     : 0.8487
Valid Loss     : 0.8927	 | 	Valid Accuracy     : 0.6709

Epoch : 9
Train Loss     : 0.3895	 | 	Train Accuracy     : 0.8550
Valid Loss     : 0.8471	 | 	Valid Accuracy     : 0.6616

Epoch : 10
Train Loss     : 0.3780	 | 	Train Accuracy     : 0.8594
Valid Loss     : 0.8686	 | 	Valid Accuracy     : 0.6787

Epoch : 11
Train Loss     : 0.3646	 | 	Train Accuracy     : 0.8653
Valid Loss     : 1.1683	 | 	Valid Accuracy     : 0.6553

Epoch : 12
Train Loss     : 0.3791	 | 	Train Accuracy     : 0.8599
Valid Loss     : 0.9041	 | 	Valid Accuracy     : 0.6846

Epoch : 13
Train Loss     : 0.3723	 | 	Train Accuracy     : 0.8561
Valid Loss     : 1.0397	 | 	Valid Accuracy     : 0.6655

Epoch : 14
Train Loss     : 0.3337	 | 	Train Accuracy     : 0.8786
Valid Loss     : 0.9831	 | 	Valid Accuracy     : 0.6812

Epoch : 15
Train Loss     : 0.3365	 | 	Train Accuracy     : 0.8740
Valid Loss     : 0.9525	 | 	Valid Accuracy     : 0.6860

Epoch : 16
Train Loss     : 0.3387	 | 	Train Accuracy     : 0.8663
Valid Loss     : 1.1785	 | 	Valid Accuracy     : 0.6650

Epoch : 17
Train Loss     : 0.3239	 | 	Train Accuracy     : 0.8799
Valid Loss     : 0.8267	 | 	Valid Accuracy     : 0.6670

Epoch : 18
Train Loss     : 0.3178	 | 	Train Accuracy     : 0.8852
Valid Loss     : 1.3179	 | 	Valid Accuracy     : 0.6577

Epoch : 19
Train Loss     : 0.2725	 | 	Train Accuracy     : 0.9059
Valid Loss     : 0.9471	 | 	Valid Accuracy     : 0.6841

Epoch : 20
Train Loss     : 0.2567	 | 	Train Accuracy     : 0.9151
Valid Loss     : 0.9697	 | 	Valid Accuracy     : 0.6826

Epoch : 21
Train Loss     : 0.2585	 | 	Train Accuracy     : 0.9136
Valid Loss     : 0.9939	 | 	Valid Accuracy     : 0.6816

Epoch : 22
Train Loss     : 0.2453	 | 	Train Accuracy     : 0.9185
Valid Loss     : 0.9648	 | 	Valid Accuracy     : 0.6885

Epoch : 23
Train Loss     : 0.2521	 | 	Train Accuracy     : 0.9134
Valid Loss     : 0.9684	 | 	Valid Accuracy     : 0.6846

Epoch : 24
Train Loss     : 0.2358	 | 	Train Accuracy     : 0.9209
Valid Loss     : 0.9435	 | 	Valid Accuracy     : 0.6890

Epoch : 25
Train Loss     : 0.2380	 | 	Train Accuracy     : 0.9244
Valid Loss     : 0.9237	 | 	Valid Accuracy     : 0.6865

Epoch : 26
Train Loss     : 0.2338	 | 	Train Accuracy     : 0.9200
Valid Loss     : 0.9377	 | 	Valid Accuracy     : 0.6904

Epoch : 27
Train Loss     : 0.2424	 | 	Train Accuracy     : 0.9180
Valid Loss     : 0.9517	 | 	Valid Accuracy     : 0.6846

Epoch : 28
Train Loss     : 0.2389	 | 	Train Accuracy     : 0.9198
Valid Loss     : 0.9834	 | 	Valid Accuracy     : 0.6904

Epoch : 29
Train Loss     : 0.2350	 | 	Train Accuracy     : 0.9224
Valid Loss     : 0.9932	 | 	Valid Accuracy     : 0.6895

Epoch : 30
Train Loss     : 0.2217	 | 	Train Accuracy     : 0.9304
Valid Loss     : 0.9142	 | 	Valid Accuracy     : 0.6938

Evaluate on the Test set:
Test loss      :0.8150	 | Test Accuracy      : 0.6906 | Test AUPRC      : 0.5668
tensor([0.7803, 0.8926, 0.9579, 0.7842, 0.6919, 0.9636, 0.8256, 0.7008, 0.6903,
        0.6629, 0.7916, 0.6706, 0.8512, 0.9604, 0.7308, 0.7654, 0.8387, 0.7913,
        0.6899, 0.8343, 0.7835, 0.6501, 0.9664, 0.9991, 0.9051, 0.8447, 0.8266,
        0.7546, 0.6411, 0.7209, 0.7157, 1.0301, 0.9107, 0.7263, 0.6289, 0.7380,
        0.7985, 0.7115, 0.6819, 0.6608, 0.8594, 0.7483, 0.7943, 0.7364, 0.7617,
        0.7612, 0.7268, 0.7508, 0.8020, 0.6214, 0.7212, 0.7216, 0.6330, 0.7602,
        0.9060, 0.7392, 0.8014, 0.6808, 0.6403, 0.6883, 0.8339, 0.7751],
       device='cuda:0', grad_fn=<SqueezeBackward1>)

################## Training is Done! #########################
Training time is : 0:01:42.435178
