=============================================
Dataset: SEED
Method:  TS-TCC
Mode:    fine_tune
=============================================
Data loaded ...
Subjet 1
if scale True
Training started ....

Epoch : 1
Train Loss     : 1.1842	 | 	Train Accuracy     : 0.5403
Valid Loss     : 1.5987	 | 	Valid Accuracy     : 0.3433

Epoch : 2
Train Loss     : 0.6460	 | 	Train Accuracy     : 0.7357
Valid Loss     : 1.0262	 | 	Valid Accuracy     : 0.5600

Epoch : 3
Train Loss     : 0.5415	 | 	Train Accuracy     : 0.7885
Valid Loss     : 1.1426	 | 	Valid Accuracy     : 0.5782

Epoch : 4
Train Loss     : 0.4826	 | 	Train Accuracy     : 0.8182
Valid Loss     : 1.0265	 | 	Valid Accuracy     : 0.6142

Epoch : 5
Train Loss     : 0.4554	 | 	Train Accuracy     : 0.8323
Valid Loss     : 0.9328	 | 	Valid Accuracy     : 0.5944

Epoch : 6
Train Loss     : 0.4366	 | 	Train Accuracy     : 0.8344
Valid Loss     : 1.0257	 | 	Valid Accuracy     : 0.6082

Epoch : 7
Train Loss     : 0.4217	 | 	Train Accuracy     : 0.8393
Valid Loss     : 0.9980	 | 	Valid Accuracy     : 0.5788

Epoch : 8
Train Loss     : 0.3921	 | 	Train Accuracy     : 0.8513
Valid Loss     : 1.0633	 | 	Valid Accuracy     : 0.6064

Epoch : 9
Train Loss     : 0.3753	 | 	Train Accuracy     : 0.8606
Valid Loss     : 1.0321	 | 	Valid Accuracy     : 0.5966

Epoch : 10
Train Loss     : 0.3561	 | 	Train Accuracy     : 0.8685
Valid Loss     : 1.0397	 | 	Valid Accuracy     : 0.5828

Epoch : 11
Train Loss     : 0.3765	 | 	Train Accuracy     : 0.8513
Valid Loss     : 1.3016	 | 	Valid Accuracy     : 0.5897

Epoch : 12
Train Loss     : 0.3691	 | 	Train Accuracy     : 0.8551
Valid Loss     : 1.0179	 | 	Valid Accuracy     : 0.6161

Epoch : 13
Train Loss     : 0.3343	 | 	Train Accuracy     : 0.8763
Valid Loss     : 1.1120	 | 	Valid Accuracy     : 0.6012

Epoch : 14
Train Loss     : 0.3512	 | 	Train Accuracy     : 0.8680
Valid Loss     : 1.1277	 | 	Valid Accuracy     : 0.5882

Epoch : 15
Train Loss     : 0.3440	 | 	Train Accuracy     : 0.8700
Valid Loss     : 1.1343	 | 	Valid Accuracy     : 0.6074

Epoch : 16
Train Loss     : 0.3250	 | 	Train Accuracy     : 0.8757
Valid Loss     : 1.4476	 | 	Valid Accuracy     : 0.6063

Epoch : 17
Train Loss     : 0.2897	 | 	Train Accuracy     : 0.8911
Valid Loss     : 1.1926	 | 	Valid Accuracy     : 0.6080

Epoch : 18
Train Loss     : 0.2636	 | 	Train Accuracy     : 0.9063
Valid Loss     : 1.2533	 | 	Valid Accuracy     : 0.6032

Epoch : 19
Train Loss     : 0.2513	 | 	Train Accuracy     : 0.9098
Valid Loss     : 1.1720	 | 	Valid Accuracy     : 0.6066

Epoch : 20
Train Loss     : 0.2443	 | 	Train Accuracy     : 0.9178
Valid Loss     : 1.0755	 | 	Valid Accuracy     : 0.6183

Epoch : 21
Train Loss     : 0.2429	 | 	Train Accuracy     : 0.9168
Valid Loss     : 1.1376	 | 	Valid Accuracy     : 0.6123

Epoch : 22
Train Loss     : 0.2437	 | 	Train Accuracy     : 0.9189
Valid Loss     : 1.2340	 | 	Valid Accuracy     : 0.6112

Epoch : 23
Train Loss     : 0.2375	 | 	Train Accuracy     : 0.9216
Valid Loss     : 1.1808	 | 	Valid Accuracy     : 0.6003

Epoch : 24
Train Loss     : 0.2361	 | 	Train Accuracy     : 0.9185
Valid Loss     : 1.1346	 | 	Valid Accuracy     : 0.6065

Epoch : 25
Train Loss     : 0.2363	 | 	Train Accuracy     : 0.9203
Valid Loss     : 1.2422	 | 	Valid Accuracy     : 0.6044

Epoch : 26
Train Loss     : 0.2302	 | 	Train Accuracy     : 0.9244
Valid Loss     : 1.1440	 | 	Valid Accuracy     : 0.6114

Epoch : 27
Train Loss     : 0.2311	 | 	Train Accuracy     : 0.9185
Valid Loss     : 1.1344	 | 	Valid Accuracy     : 0.6137

Epoch : 28
Train Loss     : 0.2268	 | 	Train Accuracy     : 0.9227
Valid Loss     : 1.0762	 | 	Valid Accuracy     : 0.6179

Epoch : 29
Train Loss     : 0.2152	 | 	Train Accuracy     : 0.9306
Valid Loss     : 1.1358	 | 	Valid Accuracy     : 0.6089

Epoch : 30
Train Loss     : 0.2225	 | 	Train Accuracy     : 0.9243
Valid Loss     : 1.1014	 | 	Valid Accuracy     : 0.6161

Evaluate on the Test set:
Test loss      :0.7446	 | Test Accuracy      : 0.7299 | Test AUPRC      : 0.7834
tensor([0.7435, 0.8907, 0.8830, 0.8834, 0.6740, 0.8962, 0.8305, 0.7293, 0.7792,
        0.7682, 0.8134, 0.7823, 0.8364, 0.8052, 0.7978, 0.7441, 0.7164, 0.7084,
        0.6690, 0.9129, 0.7812, 0.7543, 0.9434, 0.9742, 0.8901, 0.7994, 0.7007,
        0.7225, 0.6892, 0.7398, 0.7111, 0.8817, 0.9166, 0.6903, 0.7945, 0.7529,
        0.7937, 0.8236, 0.8025, 0.7232, 0.9736, 0.7600, 0.8245, 0.7874, 0.8893,
        0.8187, 0.6988, 0.7924, 0.7859, 0.9444, 0.7638, 0.7896, 0.6867, 0.6727,
        0.6685, 0.9343, 0.8297, 0.8899, 0.8509, 0.7361, 0.8020, 0.7801],
       device='cuda:0', grad_fn=<SqueezeBackward1>)

################## Training is Done! #########################
Training time is : 0:02:17.792482
