=============================================
Dataset: SEED
Method:  TS-TCC
Mode:    fine_tune
=============================================
Data loaded ...
Subjet 3
if scale True
Training started ....

Epoch : 1
Train Loss     : 0.9819	 | 	Train Accuracy     : 0.5664
Valid Loss     : 1.1287	 | 	Valid Accuracy     : 0.6572

Epoch : 2
Train Loss     : 0.6034	 | 	Train Accuracy     : 0.7473
Valid Loss     : 0.9153	 | 	Valid Accuracy     : 0.6890

Epoch : 3
Train Loss     : 0.5138	 | 	Train Accuracy     : 0.7982
Valid Loss     : 0.9281	 | 	Valid Accuracy     : 0.6836

Epoch : 4
Train Loss     : 0.4542	 | 	Train Accuracy     : 0.8188
Valid Loss     : 0.7759	 | 	Valid Accuracy     : 0.7051

Epoch : 5
Train Loss     : 0.3983	 | 	Train Accuracy     : 0.8465
Valid Loss     : 0.7138	 | 	Valid Accuracy     : 0.7271

Epoch : 6
Train Loss     : 0.3649	 | 	Train Accuracy     : 0.8612
Valid Loss     : 0.7222	 | 	Valid Accuracy     : 0.7524

Epoch : 7
Train Loss     : 0.3552	 | 	Train Accuracy     : 0.8633
Valid Loss     : 0.7102	 | 	Valid Accuracy     : 0.7153

Epoch : 8
Train Loss     : 0.3563	 | 	Train Accuracy     : 0.8668
Valid Loss     : 0.6872	 | 	Valid Accuracy     : 0.7334

Epoch : 9
Train Loss     : 0.3807	 | 	Train Accuracy     : 0.8533
Valid Loss     : 0.7431	 | 	Valid Accuracy     : 0.7505

Epoch : 10
Train Loss     : 0.3258	 | 	Train Accuracy     : 0.8809
Valid Loss     : 0.9407	 | 	Valid Accuracy     : 0.6978

Epoch : 11
Train Loss     : 0.3060	 | 	Train Accuracy     : 0.8833
Valid Loss     : 0.8138	 | 	Valid Accuracy     : 0.7192

Epoch : 12
Train Loss     : 0.2897	 | 	Train Accuracy     : 0.8894
Valid Loss     : 0.9400	 | 	Valid Accuracy     : 0.7026

Epoch : 13
Train Loss     : 0.2786	 | 	Train Accuracy     : 0.9013
Valid Loss     : 0.6760	 | 	Valid Accuracy     : 0.7363

Epoch : 14
Train Loss     : 0.2599	 | 	Train Accuracy     : 0.9023
Valid Loss     : 0.8628	 | 	Valid Accuracy     : 0.6943

Epoch : 15
Train Loss     : 0.2549	 | 	Train Accuracy     : 0.9113
Valid Loss     : 1.0255	 | 	Valid Accuracy     : 0.6558

Epoch : 16
Train Loss     : 0.2574	 | 	Train Accuracy     : 0.9083
Valid Loss     : 0.7944	 | 	Valid Accuracy     : 0.7300

Epoch : 17
Train Loss     : 0.2693	 | 	Train Accuracy     : 0.8991
Valid Loss     : 0.7708	 | 	Valid Accuracy     : 0.7354

Epoch : 18
Train Loss     : 0.2627	 | 	Train Accuracy     : 0.9012
Valid Loss     : 0.7718	 | 	Valid Accuracy     : 0.7095

Epoch : 19
Train Loss     : 0.2522	 | 	Train Accuracy     : 0.9073
Valid Loss     : 0.8935	 | 	Valid Accuracy     : 0.7036

Epoch : 20
Train Loss     : 0.2368	 | 	Train Accuracy     : 0.9129
Valid Loss     : 0.7813	 | 	Valid Accuracy     : 0.7173

Epoch : 21
Train Loss     : 0.2220	 | 	Train Accuracy     : 0.9175
Valid Loss     : 1.1336	 | 	Valid Accuracy     : 0.6646

Epoch : 22
Train Loss     : 0.2270	 | 	Train Accuracy     : 0.9153
Valid Loss     : 0.9170	 | 	Valid Accuracy     : 0.6880

Epoch : 23
Train Loss     : 0.2601	 | 	Train Accuracy     : 0.9027
Valid Loss     : 0.7801	 | 	Valid Accuracy     : 0.7095

Epoch : 24
Train Loss     : 0.2378	 | 	Train Accuracy     : 0.9129
Valid Loss     : 0.8790	 | 	Valid Accuracy     : 0.6943

Epoch : 25
Train Loss     : 0.2018	 | 	Train Accuracy     : 0.9273
Valid Loss     : 0.8605	 | 	Valid Accuracy     : 0.7124

Epoch : 26
Train Loss     : 0.1770	 | 	Train Accuracy     : 0.9406
Valid Loss     : 0.8024	 | 	Valid Accuracy     : 0.7241

Epoch : 27
Train Loss     : 0.1677	 | 	Train Accuracy     : 0.9440
Valid Loss     : 0.8873	 | 	Valid Accuracy     : 0.6982

Epoch : 28
Train Loss     : 0.1678	 | 	Train Accuracy     : 0.9428
Valid Loss     : 0.8753	 | 	Valid Accuracy     : 0.7021

Epoch : 29
Train Loss     : 0.1642	 | 	Train Accuracy     : 0.9440
Valid Loss     : 0.9422	 | 	Valid Accuracy     : 0.6865

Epoch : 30
Train Loss     : 0.1655	 | 	Train Accuracy     : 0.9423
Valid Loss     : 0.8662	 | 	Valid Accuracy     : 0.7085

Evaluate on the Test set:
Test loss      :0.6227	 | Test Accuracy      : 0.7821 | Test AUPRC      : 0.5685
tensor([0.7796, 0.9397, 0.9343, 0.8739, 0.5973, 0.9338, 0.9173, 0.8411, 0.7301,
        0.6029, 0.6906, 0.7502, 0.7814, 0.8771, 0.8344, 0.7745, 0.6535, 0.7306,
        0.5301, 0.8584, 0.6418, 0.5319, 0.8710, 0.9773, 0.9384, 0.7381, 0.7797,
        0.7562, 0.6632, 0.7195, 0.8442, 0.9659, 0.8855, 0.5865, 0.6323, 0.7413,
        0.7238, 0.5928, 0.5680, 0.5167, 0.9127, 0.7663, 0.5418, 0.6790, 0.7515,
        0.8545, 0.5452, 0.7408, 0.5359, 0.6293, 0.7940, 0.6352, 0.5465, 0.5182,
        0.5141, 0.6194, 0.6220, 0.7871, 0.8961, 0.6345, 0.8583, 0.8451],
       device='cuda:0', grad_fn=<SqueezeBackward1>)

################## Training is Done! #########################
Training time is : 0:01:35.036389
