=============================================
Dataset: SEED
Method:  TS-TCC
Mode:    fine_tune
=============================================
Data loaded ...
Subjet 5
if scale True
Training started ....

Epoch : 1
Train Loss     : 0.9773	 | 	Train Accuracy     : 0.5504
Valid Loss     : 0.9467	 | 	Valid Accuracy     : 0.5864

Epoch : 2
Train Loss     : 0.6193	 | 	Train Accuracy     : 0.7391
Valid Loss     : 0.8978	 | 	Valid Accuracy     : 0.5742

Epoch : 3
Train Loss     : 0.4970	 | 	Train Accuracy     : 0.8003
Valid Loss     : 1.0241	 | 	Valid Accuracy     : 0.5430

Epoch : 4
Train Loss     : 0.4476	 | 	Train Accuracy     : 0.8247
Valid Loss     : 1.1486	 | 	Valid Accuracy     : 0.5815

Epoch : 5
Train Loss     : 0.3924	 | 	Train Accuracy     : 0.8524
Valid Loss     : 1.3220	 | 	Valid Accuracy     : 0.5918

Epoch : 6
Train Loss     : 0.3532	 | 	Train Accuracy     : 0.8706
Valid Loss     : 1.5062	 | 	Valid Accuracy     : 0.5791

Epoch : 7
Train Loss     : 0.3380	 | 	Train Accuracy     : 0.8718
Valid Loss     : 1.1946	 | 	Valid Accuracy     : 0.5864

Epoch : 8
Train Loss     : 0.3282	 | 	Train Accuracy     : 0.8735
Valid Loss     : 1.3588	 | 	Valid Accuracy     : 0.5967

Epoch : 9
Train Loss     : 0.3353	 | 	Train Accuracy     : 0.8779
Valid Loss     : 1.8287	 | 	Valid Accuracy     : 0.5859

Epoch : 10
Train Loss     : 0.2983	 | 	Train Accuracy     : 0.8876
Valid Loss     : 1.4060	 | 	Valid Accuracy     : 0.5537

Epoch : 11
Train Loss     : 0.3120	 | 	Train Accuracy     : 0.8816
Valid Loss     : 1.8485	 | 	Valid Accuracy     : 0.5781

Epoch : 12
Train Loss     : 0.2757	 | 	Train Accuracy     : 0.9029
Valid Loss     : 1.5865	 | 	Valid Accuracy     : 0.5708

Epoch : 13
Train Loss     : 0.2529	 | 	Train Accuracy     : 0.9088
Valid Loss     : 1.6627	 | 	Valid Accuracy     : 0.5835

Epoch : 14
Train Loss     : 0.2075	 | 	Train Accuracy     : 0.9336
Valid Loss     : 1.5878	 | 	Valid Accuracy     : 0.5845

Epoch : 15
Train Loss     : 0.1968	 | 	Train Accuracy     : 0.9400
Valid Loss     : 1.6039	 | 	Valid Accuracy     : 0.5801

Epoch : 16
Train Loss     : 0.1897	 | 	Train Accuracy     : 0.9404
Valid Loss     : 1.5846	 | 	Valid Accuracy     : 0.5864

Epoch : 17
Train Loss     : 0.1789	 | 	Train Accuracy     : 0.9441
Valid Loss     : 1.6603	 | 	Valid Accuracy     : 0.5820

Epoch : 18
Train Loss     : 0.1898	 | 	Train Accuracy     : 0.9387
Valid Loss     : 1.6642	 | 	Valid Accuracy     : 0.5923

Epoch : 19
Train Loss     : 0.1772	 | 	Train Accuracy     : 0.9440
Valid Loss     : 1.7324	 | 	Valid Accuracy     : 0.5898

Epoch : 20
Train Loss     : 0.1735	 | 	Train Accuracy     : 0.9479
Valid Loss     : 1.6746	 | 	Valid Accuracy     : 0.5830

Epoch : 21
Train Loss     : 0.1706	 | 	Train Accuracy     : 0.9496
Valid Loss     : 1.6970	 | 	Valid Accuracy     : 0.5801

Epoch : 22
Train Loss     : 0.1682	 | 	Train Accuracy     : 0.9521
Valid Loss     : 1.7882	 | 	Valid Accuracy     : 0.5879

Epoch : 23
Train Loss     : 0.1718	 | 	Train Accuracy     : 0.9446
Valid Loss     : 1.7253	 | 	Valid Accuracy     : 0.5815

Epoch : 24
Train Loss     : 0.1634	 | 	Train Accuracy     : 0.9545
Valid Loss     : 1.7892	 | 	Valid Accuracy     : 0.5815

Epoch : 25
Train Loss     : 0.1634	 | 	Train Accuracy     : 0.9501
Valid Loss     : 1.7544	 | 	Valid Accuracy     : 0.5806

Epoch : 26
Train Loss     : 0.1567	 | 	Train Accuracy     : 0.9506
Valid Loss     : 1.7289	 | 	Valid Accuracy     : 0.5830

Epoch : 27
Train Loss     : 0.1521	 | 	Train Accuracy     : 0.9591
Valid Loss     : 1.7485	 | 	Valid Accuracy     : 0.5796

Epoch : 28
Train Loss     : 0.1568	 | 	Train Accuracy     : 0.9516
Valid Loss     : 1.7664	 | 	Valid Accuracy     : 0.5801

Epoch : 29
Train Loss     : 0.1514	 | 	Train Accuracy     : 0.9574
Valid Loss     : 1.7589	 | 	Valid Accuracy     : 0.5845

Epoch : 30
Train Loss     : 0.1524	 | 	Train Accuracy     : 0.9548
Valid Loss     : 1.7388	 | 	Valid Accuracy     : 0.5874

Evaluate on the Test set:
Test loss      :1.2002	 | Test Accuracy      : 0.7094 | Test AUPRC      : 0.5607
tensor([0.8252, 0.8878, 0.8801, 0.8905, 0.8557, 0.8609, 0.9325, 0.7626, 0.8423,
        0.7538, 0.8312, 0.8167, 0.8067, 0.9000, 0.9246, 0.9169, 0.8969, 0.7769,
        0.7710, 0.8052, 0.8582, 0.7757, 0.9185, 1.0142, 0.9613, 0.8844, 0.8631,
        0.7865, 0.8400, 0.7994, 0.9263, 0.9863, 0.9961, 0.8544, 0.7981, 0.8250,
        0.8300, 0.8409, 0.8420, 0.8908, 0.9327, 0.9593, 0.7319, 0.9582, 0.8500,
        0.8217, 0.7304, 0.8418, 0.8344, 0.9319, 0.8486, 0.7797, 0.7610, 0.7857,
        0.7511, 0.7028, 0.8026, 0.9317, 0.9083, 0.7679, 0.8361, 0.8521],
       device='cuda:0', grad_fn=<SqueezeBackward1>)

################## Training is Done! #########################
Training time is : 0:01:31.080263
