=============================================
Dataset: SEED
Method:  TS-TCC
Mode:    fine_tune
=============================================
Data loaded ...
Subjet 9
if scale True
Training started ....

Epoch : 1
Train Loss     : 0.9021	 | 	Train Accuracy     : 0.6221
Valid Loss     : 3.1967	 | 	Valid Accuracy     : 0.3086

Epoch : 2
Train Loss     : 0.4764	 | 	Train Accuracy     : 0.8110
Valid Loss     : 2.4558	 | 	Valid Accuracy     : 0.3101

Epoch : 3
Train Loss     : 0.3690	 | 	Train Accuracy     : 0.8582
Valid Loss     : 0.6880	 | 	Valid Accuracy     : 0.7031

Epoch : 4
Train Loss     : 0.3389	 | 	Train Accuracy     : 0.8650
Valid Loss     : 0.5788	 | 	Valid Accuracy     : 0.7578

Epoch : 5
Train Loss     : 0.2870	 | 	Train Accuracy     : 0.8922
Valid Loss     : 0.6593	 | 	Valid Accuracy     : 0.7334

Epoch : 6
Train Loss     : 0.2784	 | 	Train Accuracy     : 0.8972
Valid Loss     : 0.5322	 | 	Valid Accuracy     : 0.7769

Epoch : 7
Train Loss     : 0.2678	 | 	Train Accuracy     : 0.9010
Valid Loss     : 0.5205	 | 	Valid Accuracy     : 0.7964

Epoch : 8
Train Loss     : 0.2539	 | 	Train Accuracy     : 0.9035
Valid Loss     : 0.5003	 | 	Valid Accuracy     : 0.8052

Epoch : 9
Train Loss     : 0.2379	 | 	Train Accuracy     : 0.9095
Valid Loss     : 0.5763	 | 	Valid Accuracy     : 0.7808

Epoch : 10
Train Loss     : 0.2077	 | 	Train Accuracy     : 0.9248
Valid Loss     : 0.5572	 | 	Valid Accuracy     : 0.7891

Epoch : 11
Train Loss     : 0.2109	 | 	Train Accuracy     : 0.9243
Valid Loss     : 0.5546	 | 	Valid Accuracy     : 0.7974

Epoch : 12
Train Loss     : 0.2347	 | 	Train Accuracy     : 0.9108
Valid Loss     : 0.6271	 | 	Valid Accuracy     : 0.7578

Epoch : 13
Train Loss     : 0.2127	 | 	Train Accuracy     : 0.9200
Valid Loss     : 0.8235	 | 	Valid Accuracy     : 0.7192

Epoch : 14
Train Loss     : 0.1927	 | 	Train Accuracy     : 0.9304
Valid Loss     : 0.5506	 | 	Valid Accuracy     : 0.7983

Epoch : 15
Train Loss     : 0.1982	 | 	Train Accuracy     : 0.9241
Valid Loss     : 0.6333	 | 	Valid Accuracy     : 0.7656

Epoch : 16
Train Loss     : 0.1800	 | 	Train Accuracy     : 0.9317
Valid Loss     : 0.5459	 | 	Valid Accuracy     : 0.8042

Epoch : 17
Train Loss     : 0.1928	 | 	Train Accuracy     : 0.9290
Valid Loss     : 0.6321	 | 	Valid Accuracy     : 0.7949

Epoch : 18
Train Loss     : 0.1800	 | 	Train Accuracy     : 0.9317
Valid Loss     : 0.6547	 | 	Valid Accuracy     : 0.7744

Epoch : 19
Train Loss     : 0.1702	 | 	Train Accuracy     : 0.9358
Valid Loss     : 0.6300	 | 	Valid Accuracy     : 0.7773

Epoch : 20
Train Loss     : 0.1463	 | 	Train Accuracy     : 0.9509
Valid Loss     : 0.5778	 | 	Valid Accuracy     : 0.7930

Epoch : 21
Train Loss     : 0.1286	 | 	Train Accuracy     : 0.9625
Valid Loss     : 0.5567	 | 	Valid Accuracy     : 0.8062

Epoch : 22
Train Loss     : 0.1243	 | 	Train Accuracy     : 0.9633
Valid Loss     : 0.5488	 | 	Valid Accuracy     : 0.8081

Epoch : 23
Train Loss     : 0.1210	 | 	Train Accuracy     : 0.9648
Valid Loss     : 0.5293	 | 	Valid Accuracy     : 0.8115

Epoch : 24
Train Loss     : 0.1193	 | 	Train Accuracy     : 0.9642
Valid Loss     : 0.5310	 | 	Valid Accuracy     : 0.8193

Epoch : 25
Train Loss     : 0.1143	 | 	Train Accuracy     : 0.9684
Valid Loss     : 0.5164	 | 	Valid Accuracy     : 0.8223

Epoch : 26
Train Loss     : 0.1155	 | 	Train Accuracy     : 0.9659
Valid Loss     : 0.5469	 | 	Valid Accuracy     : 0.8076

Epoch : 27
Train Loss     : 0.1110	 | 	Train Accuracy     : 0.9689
Valid Loss     : 0.5175	 | 	Valid Accuracy     : 0.8218

Epoch : 28
Train Loss     : 0.1114	 | 	Train Accuracy     : 0.9655
Valid Loss     : 0.5231	 | 	Valid Accuracy     : 0.8252

Epoch : 29
Train Loss     : 0.1141	 | 	Train Accuracy     : 0.9657
Valid Loss     : 0.5303	 | 	Valid Accuracy     : 0.8232

Epoch : 30
Train Loss     : 0.1075	 | 	Train Accuracy     : 0.9688
Valid Loss     : 0.5324	 | 	Valid Accuracy     : 0.8174

Evaluate on the Test set:
Test loss      :0.8733	 | Test Accuracy      : 0.7403 | Test AUPRC      : 0.5521
tensor([0.7008, 0.8318, 0.9846, 0.7243, 0.6397, 0.7728, 0.8138, 0.6466, 0.7228,
        0.8601, 0.8567, 0.8954, 0.9020, 0.8566, 0.7881, 0.9179, 0.7056, 0.6374,
        0.7432, 0.7225, 0.7685, 0.7737, 0.9971, 1.0130, 0.8737, 0.7190, 0.8014,
        0.6228, 0.6223, 0.6734, 0.6980, 0.7673, 0.8378, 0.8642, 0.7083, 0.6550,
        0.6460, 0.8770, 0.8462, 0.5891, 0.8909, 0.8878, 0.7517, 0.6711, 0.7532,
        0.6588, 0.6949, 0.9475, 0.7334, 0.7142, 0.8918, 0.7374, 0.5939, 0.6330,
        0.7737, 0.5732, 0.8303, 0.6339, 0.7747, 0.6667, 0.8507, 0.6995],
       device='cuda:0', grad_fn=<SqueezeBackward1>)

################## Training is Done! #########################
Training time is : 0:01:38.691924
