=============================================
Dataset: SEED
Method:  TS-TCC
Mode:    fine_tune
=============================================
Data loaded ...
Subjet 1
if scale True
Training started ....

Epoch : 1
Train Loss     : 1.0650	 | 	Train Accuracy     : 0.5304
Valid Loss     : 6.4689	 | 	Valid Accuracy     : 0.3442

Epoch : 2
Train Loss     : 0.6716	 | 	Train Accuracy     : 0.7179
Valid Loss     : 7.6676	 | 	Valid Accuracy     : 0.3442

Epoch : 3
Train Loss     : 0.5774	 | 	Train Accuracy     : 0.7622
Valid Loss     : 8.0011	 | 	Valid Accuracy     : 0.3442

Epoch : 4
Train Loss     : 0.5236	 | 	Train Accuracy     : 0.7930
Valid Loss     : 9.0139	 | 	Valid Accuracy     : 0.3442

Epoch : 5
Train Loss     : 0.4819	 | 	Train Accuracy     : 0.8067
Valid Loss     : 6.1454	 | 	Valid Accuracy     : 0.3384

Epoch : 6
Train Loss     : 0.4573	 | 	Train Accuracy     : 0.8220
Valid Loss     : 2.9909	 | 	Valid Accuracy     : 0.3589

Epoch : 7
Train Loss     : 0.4216	 | 	Train Accuracy     : 0.8376
Valid Loss     : 1.0825	 | 	Valid Accuracy     : 0.5884

Epoch : 8
Train Loss     : 0.4161	 | 	Train Accuracy     : 0.8398
Valid Loss     : 1.0072	 | 	Valid Accuracy     : 0.5718

Epoch : 9
Train Loss     : 0.4204	 | 	Train Accuracy     : 0.8346
Valid Loss     : 1.0701	 | 	Valid Accuracy     : 0.5698

Epoch : 10
Train Loss     : 0.4028	 | 	Train Accuracy     : 0.8422
Valid Loss     : 1.1014	 | 	Valid Accuracy     : 0.6006

Epoch : 11
Train Loss     : 0.3846	 | 	Train Accuracy     : 0.8548
Valid Loss     : 1.1201	 | 	Valid Accuracy     : 0.6172

Epoch : 12
Train Loss     : 0.3577	 | 	Train Accuracy     : 0.8607
Valid Loss     : 1.1490	 | 	Valid Accuracy     : 0.6064

Epoch : 13
Train Loss     : 0.3469	 | 	Train Accuracy     : 0.8640
Valid Loss     : 1.0127	 | 	Valid Accuracy     : 0.5986

Epoch : 14
Train Loss     : 0.3517	 | 	Train Accuracy     : 0.8636
Valid Loss     : 0.9886	 | 	Valid Accuracy     : 0.6069

Epoch : 15
Train Loss     : 0.3311	 | 	Train Accuracy     : 0.8770
Valid Loss     : 1.1008	 | 	Valid Accuracy     : 0.5991

Epoch : 16
Train Loss     : 0.3343	 | 	Train Accuracy     : 0.8723
Valid Loss     : 1.0675	 | 	Valid Accuracy     : 0.5864

Epoch : 17
Train Loss     : 0.3259	 | 	Train Accuracy     : 0.8728
Valid Loss     : 1.0243	 | 	Valid Accuracy     : 0.6011

Epoch : 18
Train Loss     : 0.3251	 | 	Train Accuracy     : 0.8762
Valid Loss     : 1.3552	 | 	Valid Accuracy     : 0.6045

Epoch : 19
Train Loss     : 0.3154	 | 	Train Accuracy     : 0.8762
Valid Loss     : 1.0168	 | 	Valid Accuracy     : 0.5942

Epoch : 20
Train Loss     : 0.3111	 | 	Train Accuracy     : 0.8833
Valid Loss     : 0.9649	 | 	Valid Accuracy     : 0.5967

Epoch : 21
Train Loss     : 0.3141	 | 	Train Accuracy     : 0.8808
Valid Loss     : 1.1087	 | 	Valid Accuracy     : 0.6167

Epoch : 22
Train Loss     : 0.3012	 | 	Train Accuracy     : 0.8864
Valid Loss     : 1.1469	 | 	Valid Accuracy     : 0.5918

Epoch : 23
Train Loss     : 0.3277	 | 	Train Accuracy     : 0.8770
Valid Loss     : 1.0944	 | 	Valid Accuracy     : 0.5884

Epoch : 24
Train Loss     : 0.2953	 | 	Train Accuracy     : 0.8927
Valid Loss     : 1.1068	 | 	Valid Accuracy     : 0.6191

Epoch : 25
Train Loss     : 0.2848	 | 	Train Accuracy     : 0.8939
Valid Loss     : 1.1577	 | 	Valid Accuracy     : 0.6206

Epoch : 26
Train Loss     : 0.2840	 | 	Train Accuracy     : 0.8935
Valid Loss     : 0.9958	 | 	Valid Accuracy     : 0.6147

Epoch : 27
Train Loss     : 0.2714	 | 	Train Accuracy     : 0.9022
Valid Loss     : 1.0996	 | 	Valid Accuracy     : 0.6191

Epoch : 28
Train Loss     : 0.2570	 | 	Train Accuracy     : 0.9081
Valid Loss     : 1.0694	 | 	Valid Accuracy     : 0.6104

Epoch : 29
Train Loss     : 0.2695	 | 	Train Accuracy     : 0.8967
Valid Loss     : 1.1591	 | 	Valid Accuracy     : 0.6221

Epoch : 30
Train Loss     : 0.2784	 | 	Train Accuracy     : 0.8933
Valid Loss     : 1.0285	 | 	Valid Accuracy     : 0.6069

Evaluate on the Test set:
Test loss      :0.7068	 | Test Accuracy      : 0.7326 | Test AUPRC      : 0.5859
tensor([0.6558, 0.8633, 0.8694, 0.8418, 0.7202, 0.8416, 0.8017, 0.4966, 0.7644,
        0.6964, 0.7467, 0.6843, 0.7388, 0.7390, 0.7421, 0.6818, 0.5304, 0.6296,
        0.4662, 0.8323, 0.6931, 0.5655, 0.9173, 0.9588, 0.8881, 0.7191, 0.5559,
        0.5837, 0.4489, 0.4809, 0.4588, 0.8064, 0.8708, 0.4771, 0.7277, 0.5994,
        0.7302, 0.7502, 0.7031, 0.4945, 0.9531, 0.7373, 0.8290, 0.7719, 0.8545,
        0.7472, 0.4782, 0.6864, 0.7082, 0.9345, 0.6658, 0.6703, 0.4519, 0.4707,
        0.4502, 0.9111, 0.6220, 0.8507, 0.7872, 0.5674, 0.6830, 0.7005],
       device='cuda:0', grad_fn=<SqueezeBackward1>)

################## Training is Done! #########################
Training time is : 0:01:44.587900
