=============================================
Dataset: SEED
Method:  TS-TCC
Mode:    fine_tune
=============================================
Data loaded ...
Subjet 7
if scale True
Training started ....

Epoch : 1
Train Loss     : 1.1440	 | 	Train Accuracy     : 0.5438
Valid Loss     : 3.5633	 | 	Valid Accuracy     : 0.3086

Epoch : 2
Train Loss     : 0.5077	 | 	Train Accuracy     : 0.7925
Valid Loss     : 2.7527	 | 	Valid Accuracy     : 0.3081

Epoch : 3
Train Loss     : 0.4052	 | 	Train Accuracy     : 0.8402
Valid Loss     : 1.9933	 | 	Valid Accuracy     : 0.3413

Epoch : 4
Train Loss     : 0.3739	 | 	Train Accuracy     : 0.8473
Valid Loss     : 0.7698	 | 	Valid Accuracy     : 0.6382

Epoch : 5
Train Loss     : 0.3447	 | 	Train Accuracy     : 0.8653
Valid Loss     : 0.5749	 | 	Valid Accuracy     : 0.7607

Epoch : 6
Train Loss     : 0.3276	 | 	Train Accuracy     : 0.8742
Valid Loss     : 0.6734	 | 	Valid Accuracy     : 0.7354

Epoch : 7
Train Loss     : 0.3096	 | 	Train Accuracy     : 0.8830
Valid Loss     : 0.4519	 | 	Valid Accuracy     : 0.8184

Epoch : 8
Train Loss     : 0.3047	 | 	Train Accuracy     : 0.8779
Valid Loss     : 0.4574	 | 	Valid Accuracy     : 0.8262

Epoch : 9
Train Loss     : 0.3037	 | 	Train Accuracy     : 0.8865
Valid Loss     : 0.4412	 | 	Valid Accuracy     : 0.8193

Epoch : 10
Train Loss     : 0.2745	 | 	Train Accuracy     : 0.8972
Valid Loss     : 0.4361	 | 	Valid Accuracy     : 0.8311

Epoch : 11
Train Loss     : 0.2892	 | 	Train Accuracy     : 0.8877
Valid Loss     : 0.5008	 | 	Valid Accuracy     : 0.8120

Epoch : 12
Train Loss     : 0.2915	 | 	Train Accuracy     : 0.8916
Valid Loss     : 0.4998	 | 	Valid Accuracy     : 0.7969

Epoch : 13
Train Loss     : 0.2710	 | 	Train Accuracy     : 0.8932
Valid Loss     : 0.4483	 | 	Valid Accuracy     : 0.8164

Epoch : 14
Train Loss     : 0.2435	 | 	Train Accuracy     : 0.9103
Valid Loss     : 0.4604	 | 	Valid Accuracy     : 0.8140

Epoch : 15
Train Loss     : 0.2466	 | 	Train Accuracy     : 0.9073
Valid Loss     : 0.4994	 | 	Valid Accuracy     : 0.8223

Epoch : 16
Train Loss     : 0.2405	 | 	Train Accuracy     : 0.9081
Valid Loss     : 0.5099	 | 	Valid Accuracy     : 0.8101

Epoch : 17
Train Loss     : 0.2327	 | 	Train Accuracy     : 0.9124
Valid Loss     : 0.4591	 | 	Valid Accuracy     : 0.8184

Epoch : 18
Train Loss     : 0.2210	 | 	Train Accuracy     : 0.9181
Valid Loss     : 0.4787	 | 	Valid Accuracy     : 0.8193

Epoch : 19
Train Loss     : 0.2310	 | 	Train Accuracy     : 0.9105
Valid Loss     : 0.5487	 | 	Valid Accuracy     : 0.7925

Epoch : 20
Train Loss     : 0.2087	 | 	Train Accuracy     : 0.9224
Valid Loss     : 0.5937	 | 	Valid Accuracy     : 0.7920

Epoch : 21
Train Loss     : 0.2068	 | 	Train Accuracy     : 0.9222
Valid Loss     : 0.5250	 | 	Valid Accuracy     : 0.8110

Epoch : 22
Train Loss     : 0.1898	 | 	Train Accuracy     : 0.9321
Valid Loss     : 0.4439	 | 	Valid Accuracy     : 0.8271

Epoch : 23
Train Loss     : 0.1705	 | 	Train Accuracy     : 0.9383
Valid Loss     : 0.4378	 | 	Valid Accuracy     : 0.8315

Epoch : 24
Train Loss     : 0.1644	 | 	Train Accuracy     : 0.9445
Valid Loss     : 0.4276	 | 	Valid Accuracy     : 0.8364

Epoch : 25
Train Loss     : 0.1656	 | 	Train Accuracy     : 0.9429
Valid Loss     : 0.4337	 | 	Valid Accuracy     : 0.8335

Epoch : 26
Train Loss     : 0.1567	 | 	Train Accuracy     : 0.9460
Valid Loss     : 0.4246	 | 	Valid Accuracy     : 0.8335

Epoch : 27
Train Loss     : 0.1555	 | 	Train Accuracy     : 0.9472
Valid Loss     : 0.4325	 | 	Valid Accuracy     : 0.8330

Epoch : 28
Train Loss     : 0.1545	 | 	Train Accuracy     : 0.9474
Valid Loss     : 0.4291	 | 	Valid Accuracy     : 0.8335

Epoch : 29
Train Loss     : 0.1523	 | 	Train Accuracy     : 0.9479
Valid Loss     : 0.4421	 | 	Valid Accuracy     : 0.8281

Epoch : 30
Train Loss     : 0.1514	 | 	Train Accuracy     : 0.9492
Valid Loss     : 0.4460	 | 	Valid Accuracy     : 0.8291

Evaluate on the Test set:
Test loss      :0.8394	 | Test Accuracy      : 0.6351 | Test AUPRC      : 0.5681
tensor([0.7257, 0.8629, 0.9568, 0.8393, 0.9035, 0.8115, 0.9338, 0.7321, 0.6744,
        0.6410, 0.6364, 0.5967, 0.9342, 0.6258, 0.6890, 0.7447, 0.7352, 0.6454,
        0.5616, 0.7720, 0.7007, 0.6136, 0.9239, 1.0108, 0.7742, 0.8386, 0.6723,
        0.6387, 0.6104, 0.6132, 0.6654, 0.9441, 0.8009, 0.8284, 0.6251, 0.7717,
        0.8346, 0.6909, 0.6461, 0.7790, 0.7005, 0.6903, 0.5788, 0.6931, 0.6638,
        0.6564, 0.7527, 0.6730, 0.6375, 0.5896, 0.6408, 0.6369, 0.6165, 0.6611,
        0.6239, 0.6916, 0.6747, 0.9097, 0.8739, 0.6291, 0.6025, 0.6253],
       device='cuda:0', grad_fn=<SqueezeBackward1>)

################## Training is Done! #########################
Training time is : 0:01:40.600038
