=============================================
Dataset: SEED
Method:  TS-TCC
Mode:    fine_tune
=============================================
Data loaded ...
Subjet 13
if scale True
Training started ....

Epoch : 1
Train Loss     : 1.0901	 | 	Train Accuracy     : 0.5839
Valid Loss     : 1.8474	 | 	Valid Accuracy     : 0.4175

Epoch : 2
Train Loss     : 0.5585	 | 	Train Accuracy     : 0.7352
Valid Loss     : 0.7755	 | 	Valid Accuracy     : 0.6943

Epoch : 3
Train Loss     : 0.4233	 | 	Train Accuracy     : 0.8122
Valid Loss     : 0.8715	 | 	Valid Accuracy     : 0.6895

Epoch : 4
Train Loss     : 0.3545	 | 	Train Accuracy     : 0.8492
Valid Loss     : 0.6781	 | 	Valid Accuracy     : 0.7710

Epoch : 5
Train Loss     : 0.3042	 | 	Train Accuracy     : 0.8846
Valid Loss     : 0.9751	 | 	Valid Accuracy     : 0.7310

Epoch : 6
Train Loss     : 0.2749	 | 	Train Accuracy     : 0.8953
Valid Loss     : 0.9057	 | 	Valid Accuracy     : 0.7715

Epoch : 7
Train Loss     : 0.2489	 | 	Train Accuracy     : 0.9091
Valid Loss     : 0.9882	 | 	Valid Accuracy     : 0.7734

Epoch : 8
Train Loss     : 0.2314	 | 	Train Accuracy     : 0.9164
Valid Loss     : 1.0581	 | 	Valid Accuracy     : 0.7739

Epoch : 9
Train Loss     : 0.2417	 | 	Train Accuracy     : 0.9052
Valid Loss     : 1.2192	 | 	Valid Accuracy     : 0.7583

Epoch : 10
Train Loss     : 0.2045	 | 	Train Accuracy     : 0.9242
Valid Loss     : 1.0881	 | 	Valid Accuracy     : 0.7612

Epoch : 11
Train Loss     : 0.1915	 | 	Train Accuracy     : 0.9336
Valid Loss     : 1.1723	 | 	Valid Accuracy     : 0.7676

Epoch : 12
Train Loss     : 0.1647	 | 	Train Accuracy     : 0.9445
Valid Loss     : 1.4367	 | 	Valid Accuracy     : 0.7295

Epoch : 13
Train Loss     : 0.1512	 | 	Train Accuracy     : 0.9482
Valid Loss     : 1.3431	 | 	Valid Accuracy     : 0.7510

Epoch : 14
Train Loss     : 0.1615	 | 	Train Accuracy     : 0.9453
Valid Loss     : 1.3573	 | 	Valid Accuracy     : 0.7583

Epoch : 15
Train Loss     : 0.1375	 | 	Train Accuracy     : 0.9555
Valid Loss     : 1.2992	 | 	Valid Accuracy     : 0.7192

Epoch : 16
Train Loss     : 0.1217	 | 	Train Accuracy     : 0.9630
Valid Loss     : 1.3972	 | 	Valid Accuracy     : 0.7705

Epoch : 17
Train Loss     : 0.1163	 | 	Train Accuracy     : 0.9654
Valid Loss     : 1.3580	 | 	Valid Accuracy     : 0.7695

Epoch : 18
Train Loss     : 0.1086	 | 	Train Accuracy     : 0.9708
Valid Loss     : 1.2951	 | 	Valid Accuracy     : 0.7690

Epoch : 19
Train Loss     : 0.1069	 | 	Train Accuracy     : 0.9714
Valid Loss     : 1.3087	 | 	Valid Accuracy     : 0.7725

Epoch : 20
Train Loss     : 0.1015	 | 	Train Accuracy     : 0.9750
Valid Loss     : 1.3094	 | 	Valid Accuracy     : 0.7676

Epoch : 21
Train Loss     : 0.1019	 | 	Train Accuracy     : 0.9737
Valid Loss     : 1.3340	 | 	Valid Accuracy     : 0.7695

Epoch : 22
Train Loss     : 0.0957	 | 	Train Accuracy     : 0.9766
Valid Loss     : 1.3335	 | 	Valid Accuracy     : 0.7666

Epoch : 23
Train Loss     : 0.0981	 | 	Train Accuracy     : 0.9760
Valid Loss     : 1.3082	 | 	Valid Accuracy     : 0.7734

Epoch : 24
Train Loss     : 0.0947	 | 	Train Accuracy     : 0.9755
Valid Loss     : 1.3414	 | 	Valid Accuracy     : 0.7700

Epoch : 25
Train Loss     : 0.0944	 | 	Train Accuracy     : 0.9768
Valid Loss     : 1.3511	 | 	Valid Accuracy     : 0.7646

Epoch : 26
Train Loss     : 0.0927	 | 	Train Accuracy     : 0.9779
Valid Loss     : 1.3288	 | 	Valid Accuracy     : 0.7681

Epoch : 27
Train Loss     : 0.0918	 | 	Train Accuracy     : 0.9773
Valid Loss     : 1.3351	 | 	Valid Accuracy     : 0.7666

Epoch : 28
Train Loss     : 0.0838	 | 	Train Accuracy     : 0.9812
Valid Loss     : 1.3354	 | 	Valid Accuracy     : 0.7661

Epoch : 29
Train Loss     : 0.0869	 | 	Train Accuracy     : 0.9799
Valid Loss     : 1.3402	 | 	Valid Accuracy     : 0.7666

Epoch : 30
Train Loss     : 0.0866	 | 	Train Accuracy     : 0.9815
Valid Loss     : 1.3407	 | 	Valid Accuracy     : 0.7661

Evaluate on the Test set:
Test loss      :1.9255	 | Test Accuracy      : 0.6535 | Test AUPRC      : 0.5463
tensor([0.8704, 0.9288, 0.9465, 0.9565, 0.8653, 1.0149, 0.9713, 0.8454, 0.8595,
        0.8375, 0.8763, 0.8487, 0.9862, 0.8575, 0.9229, 0.9235, 0.8791, 0.8263,
        0.7847, 0.8524, 0.8720, 0.8400, 0.9148, 0.9686, 0.8860, 0.8218, 0.9071,
        0.8141, 0.8086, 0.8620, 0.8240, 0.9221, 0.9010, 0.8672, 0.8289, 0.8989,
        0.8775, 0.8383, 0.8635, 0.8989, 0.8587, 0.8622, 0.8100, 0.8531, 0.8693,
        0.8356, 0.8151, 0.8527, 0.8617, 0.8505, 0.8303, 0.8201, 0.8207, 0.9202,
        0.8355, 0.7717, 0.8190, 0.8816, 0.8351, 0.8487, 0.8613, 0.8317],
       device='cuda:0', grad_fn=<SqueezeBackward1>)

################## Training is Done! #########################
Training time is : 0:01:38.928005
