=============================================
Dataset: SEED
Method:  TS-TCC
Mode:    fine_tune
=============================================
Data loaded ...
Subjet 5
if scale True
Training started ....

Epoch : 1
Train Loss     : 0.9873	 | 	Train Accuracy     : 0.5641
Valid Loss     : 1.5025	 | 	Valid Accuracy     : 0.3140

Epoch : 2
Train Loss     : 0.5795	 | 	Train Accuracy     : 0.7468
Valid Loss     : 1.6803	 | 	Valid Accuracy     : 0.3851

Epoch : 3
Train Loss     : 0.4440	 | 	Train Accuracy     : 0.8123
Valid Loss     : 2.5284	 | 	Valid Accuracy     : 0.4233

Epoch : 4
Train Loss     : 0.3348	 | 	Train Accuracy     : 0.8802
Valid Loss     : 2.7478	 | 	Valid Accuracy     : 0.4339

Epoch : 5
Train Loss     : 0.2574	 | 	Train Accuracy     : 0.9167
Valid Loss     : 2.8319	 | 	Valid Accuracy     : 0.3871

Epoch : 6
Train Loss     : 0.2296	 | 	Train Accuracy     : 0.9205
Valid Loss     : 3.0796	 | 	Valid Accuracy     : 0.3943

Epoch : 7
Train Loss     : 0.1878	 | 	Train Accuracy     : 0.9446
Valid Loss     : 3.5214	 | 	Valid Accuracy     : 0.3929

Epoch : 8
Train Loss     : 0.1467	 | 	Train Accuracy     : 0.9564
Valid Loss     : 3.9539	 | 	Valid Accuracy     : 0.3861

Epoch : 9
Train Loss     : 0.1304	 | 	Train Accuracy     : 0.9664
Valid Loss     : 4.0745	 | 	Valid Accuracy     : 0.3843

Epoch : 10
Train Loss     : 0.1153	 | 	Train Accuracy     : 0.9772
Valid Loss     : 4.1656	 | 	Valid Accuracy     : 0.3924

Epoch : 11
Train Loss     : 0.1090	 | 	Train Accuracy     : 0.9759
Valid Loss     : 4.0155	 | 	Valid Accuracy     : 0.3982

Epoch : 12
Train Loss     : 0.1069	 | 	Train Accuracy     : 0.9702
Valid Loss     : 4.0863	 | 	Valid Accuracy     : 0.3977

Epoch : 13
Train Loss     : 0.0909	 | 	Train Accuracy     : 0.9781
Valid Loss     : 4.5053	 | 	Valid Accuracy     : 0.3897

Epoch : 14
Train Loss     : 0.0726	 | 	Train Accuracy     : 0.9870
Valid Loss     : 4.6330	 | 	Valid Accuracy     : 0.3961

Epoch : 15
Train Loss     : 0.0727	 | 	Train Accuracy     : 0.9861
Valid Loss     : 4.8022	 | 	Valid Accuracy     : 0.4022

Epoch : 16
Train Loss     : 0.0654	 | 	Train Accuracy     : 0.9915
Valid Loss     : 4.9395	 | 	Valid Accuracy     : 0.4027

Epoch : 17
Train Loss     : 0.0650	 | 	Train Accuracy     : 0.9914
Valid Loss     : 4.8881	 | 	Valid Accuracy     : 0.4022

Epoch : 18
Train Loss     : 0.0635	 | 	Train Accuracy     : 0.9910
Valid Loss     : 4.8708	 | 	Valid Accuracy     : 0.4002

Epoch : 19
Train Loss     : 0.0656	 | 	Train Accuracy     : 0.9896
Valid Loss     : 4.8554	 | 	Valid Accuracy     : 0.3977

Epoch : 20
Train Loss     : 0.0625	 | 	Train Accuracy     : 0.9915
Valid Loss     : 4.9851	 | 	Valid Accuracy     : 0.4066

Epoch : 21
Train Loss     : 0.0594	 | 	Train Accuracy     : 0.9945
Valid Loss     : 4.9994	 | 	Valid Accuracy     : 0.4011

Epoch : 22
Train Loss     : 0.0541	 | 	Train Accuracy     : 0.9966
Valid Loss     : 4.9738	 | 	Valid Accuracy     : 0.4010

Epoch : 23
Train Loss     : 0.0587	 | 	Train Accuracy     : 0.9914
Valid Loss     : 4.9733	 | 	Valid Accuracy     : 0.3907

Epoch : 24
Train Loss     : 0.0565	 | 	Train Accuracy     : 0.9931
Valid Loss     : 5.0162	 | 	Valid Accuracy     : 0.4061

Epoch : 25
Train Loss     : 0.0530	 | 	Train Accuracy     : 0.9946
Valid Loss     : 5.0981	 | 	Valid Accuracy     : 0.4033

Epoch : 26
Train Loss     : 0.0557	 | 	Train Accuracy     : 0.9949
Valid Loss     : 4.9387	 | 	Valid Accuracy     : 0.4118

Epoch : 27
Train Loss     : 0.0567	 | 	Train Accuracy     : 0.9941
Valid Loss     : 5.0707	 | 	Valid Accuracy     : 0.3995

Epoch : 28
Train Loss     : 0.0541	 | 	Train Accuracy     : 0.9925
Valid Loss     : 5.1490	 | 	Valid Accuracy     : 0.4101

Epoch : 29
Train Loss     : 0.0528	 | 	Train Accuracy     : 0.9950
Valid Loss     : 5.1085	 | 	Valid Accuracy     : 0.4043

Epoch : 30
Train Loss     : 0.0528	 | 	Train Accuracy     : 0.9949
Valid Loss     : 5.0677	 | 	Valid Accuracy     : 0.4017

Evaluate on the Test set:
Test loss      :3.3572	 | Test Accuracy      : 0.4623 | Test AUPRC      : 0.4789
tensor([0.9322, 0.9483, 0.9675, 0.9566, 0.9424, 0.9800, 0.9465, 0.9148, 0.9393,
        0.9236, 0.9339, 0.9317, 0.9894, 0.9393, 0.9603, 0.9648, 0.9233, 0.9420,
        0.9177, 0.9391, 0.9621, 0.9502, 0.9626, 0.9738, 0.9629, 0.9302, 0.9573,
        0.9217, 0.9268, 0.9188, 0.9389, 1.0116, 1.0035, 0.9539, 0.9318, 0.9587,
        0.9523, 0.9499, 0.9514, 0.9647, 0.9880, 0.9882, 0.9127, 0.9801, 0.9473,
        0.9354, 0.9623, 0.9289, 0.9101, 0.9226, 0.9477, 0.9144, 0.9164, 0.9375,
        0.9205, 0.9014, 0.9242, 0.9191, 0.9548, 0.9307, 0.9459, 0.9192],
       device='cuda:0', grad_fn=<SqueezeBackward1>)

################## Training is Done! #########################
Training time is : 0:00:58.889184
