=============================================
Dataset: SEED
Method:  TS-TCC
Mode:    fine_tune
=============================================
Data loaded ...
Subjet 9
if scale True
Training started ....

Epoch : 1
Train Loss     : 0.9063	 | 	Train Accuracy     : 0.5795
Valid Loss     : 2.9126	 | 	Valid Accuracy     : 0.3300

Epoch : 2
Train Loss     : 0.5225	 | 	Train Accuracy     : 0.7913
Valid Loss     : 2.0898	 | 	Valid Accuracy     : 0.3571

Epoch : 3
Train Loss     : 0.3867	 | 	Train Accuracy     : 0.8261
Valid Loss     : 2.1923	 | 	Valid Accuracy     : 0.3635

Epoch : 4
Train Loss     : 0.2718	 | 	Train Accuracy     : 0.8937
Valid Loss     : 1.6456	 | 	Valid Accuracy     : 0.4673

Epoch : 5
Train Loss     : 0.2326	 | 	Train Accuracy     : 0.9107
Valid Loss     : 1.6573	 | 	Valid Accuracy     : 0.4765

Epoch : 6
Train Loss     : 0.2163	 | 	Train Accuracy     : 0.9090
Valid Loss     : 1.7138	 | 	Valid Accuracy     : 0.4744

Epoch : 7
Train Loss     : 0.1772	 | 	Train Accuracy     : 0.9396
Valid Loss     : 1.5091	 | 	Valid Accuracy     : 0.5245

Epoch : 8
Train Loss     : 0.1434	 | 	Train Accuracy     : 0.9510
Valid Loss     : 1.6600	 | 	Valid Accuracy     : 0.5147

Epoch : 9
Train Loss     : 0.1219	 | 	Train Accuracy     : 0.9648
Valid Loss     : 1.3287	 | 	Valid Accuracy     : 0.5721

Epoch : 10
Train Loss     : 0.1250	 | 	Train Accuracy     : 0.9569
Valid Loss     : 1.2623	 | 	Valid Accuracy     : 0.5978

Epoch : 11
Train Loss     : 0.1019	 | 	Train Accuracy     : 0.9723
Valid Loss     : 1.2297	 | 	Valid Accuracy     : 0.6157

Epoch : 12
Train Loss     : 0.1003	 | 	Train Accuracy     : 0.9679
Valid Loss     : 1.2084	 | 	Valid Accuracy     : 0.6372

Epoch : 13
Train Loss     : 0.1037	 | 	Train Accuracy     : 0.9649
Valid Loss     : 1.4578	 | 	Valid Accuracy     : 0.6207

Epoch : 14
Train Loss     : 0.0896	 | 	Train Accuracy     : 0.9741
Valid Loss     : 1.2924	 | 	Valid Accuracy     : 0.6351

Epoch : 15
Train Loss     : 0.0901	 | 	Train Accuracy     : 0.9757
Valid Loss     : 1.3592	 | 	Valid Accuracy     : 0.6160

Epoch : 16
Train Loss     : 0.0788	 | 	Train Accuracy     : 0.9774
Valid Loss     : 1.3390	 | 	Valid Accuracy     : 0.6302

Epoch : 17
Train Loss     : 0.0764	 | 	Train Accuracy     : 0.9811
Valid Loss     : 1.4068	 | 	Valid Accuracy     : 0.6300

Epoch : 18
Train Loss     : 0.0637	 | 	Train Accuracy     : 0.9879
Valid Loss     : 1.5001	 | 	Valid Accuracy     : 0.6140

Epoch : 19
Train Loss     : 0.0690	 | 	Train Accuracy     : 0.9809
Valid Loss     : 1.0718	 | 	Valid Accuracy     : 0.6479

Epoch : 20
Train Loss     : 0.0609	 | 	Train Accuracy     : 0.9829
Valid Loss     : 1.2037	 | 	Valid Accuracy     : 0.6559

Epoch : 21
Train Loss     : 0.0580	 | 	Train Accuracy     : 0.9858
Valid Loss     : 1.4359	 | 	Valid Accuracy     : 0.6430

Epoch : 22
Train Loss     : 0.0506	 | 	Train Accuracy     : 0.9916
Valid Loss     : 1.4352	 | 	Valid Accuracy     : 0.6597

Epoch : 23
Train Loss     : 0.0604	 | 	Train Accuracy     : 0.9879
Valid Loss     : 1.5080	 | 	Valid Accuracy     : 0.6471

Epoch : 24
Train Loss     : 0.0587	 | 	Train Accuracy     : 0.9856
Valid Loss     : 1.6067	 | 	Valid Accuracy     : 0.6383

Epoch : 25
Train Loss     : 0.0591	 | 	Train Accuracy     : 0.9829
Valid Loss     : 1.2363	 | 	Valid Accuracy     : 0.6528

Epoch : 26
Train Loss     : 0.0540	 | 	Train Accuracy     : 0.9857
Valid Loss     : 1.6119	 | 	Valid Accuracy     : 0.6477

Epoch : 27
Train Loss     : 0.0493	 | 	Train Accuracy     : 0.9915
Valid Loss     : 1.5576	 | 	Valid Accuracy     : 0.6524

Epoch : 28
Train Loss     : 0.0458	 | 	Train Accuracy     : 0.9914
Valid Loss     : 1.2466	 | 	Valid Accuracy     : 0.6483

Epoch : 29
Train Loss     : 0.0417	 | 	Train Accuracy     : 0.9914
Valid Loss     : 1.5736	 | 	Valid Accuracy     : 0.6276

Epoch : 30
Train Loss     : 0.0362	 | 	Train Accuracy     : 0.9930
Valid Loss     : 1.2598	 | 	Valid Accuracy     : 0.6545

Evaluate on the Test set:
Test loss      :1.2794	 | Test Accuracy      : 0.6525 | Test AUPRC      : 0.7569
tensor([0.8314, 0.8846, 0.9041, 0.8569, 0.8353, 0.8964, 0.9563, 0.8150, 0.8579,
        0.8319, 0.8913, 0.8858, 0.8444, 0.8112, 0.8685, 0.9498, 0.8220, 0.8089,
        0.8896, 0.8066, 0.8187, 0.8899, 0.9962, 1.0011, 0.9243, 0.8509, 0.8213,
        0.8109, 0.8061, 0.8090, 0.7952, 0.9508, 0.8585, 0.8265, 0.9290, 0.8251,
        0.8293, 0.9450, 0.8284, 0.8116, 0.9754, 0.8364, 0.8709, 0.8893, 0.8297,
        0.8566, 0.8477, 0.9225, 0.8363, 0.8510, 0.8494, 0.8371, 0.7926, 0.8190,
        0.8089, 0.7784, 0.8584, 0.8426, 0.8402, 0.8558, 0.7998, 0.9025],
       device='cuda:0', grad_fn=<SqueezeBackward1>)

################## Training is Done! #########################
Training time is : 0:01:00.402258
