=============================================
Dataset: SEED
Method:  TS-TCC
Mode:    fine_tune
=============================================
Data loaded ...
Subjet 13
if scale True
Training started ....

Epoch : 1
Train Loss     : 0.7742	 | 	Train Accuracy     : 0.6432
Valid Loss     : 1.1514	 | 	Valid Accuracy     : 0.5430

Epoch : 2
Train Loss     : 0.4562	 | 	Train Accuracy     : 0.8064
Valid Loss     : 0.6197	 | 	Valid Accuracy     : 0.7134

Epoch : 3
Train Loss     : 0.3623	 | 	Train Accuracy     : 0.8511
Valid Loss     : 0.4863	 | 	Valid Accuracy     : 0.7676

Epoch : 4
Train Loss     : 0.2984	 | 	Train Accuracy     : 0.8837
Valid Loss     : 0.4823	 | 	Valid Accuracy     : 0.7925

Epoch : 5
Train Loss     : 0.2926	 | 	Train Accuracy     : 0.8728
Valid Loss     : 0.4322	 | 	Valid Accuracy     : 0.8042

Epoch : 6
Train Loss     : 0.2764	 | 	Train Accuracy     : 0.8867
Valid Loss     : 0.4612	 | 	Valid Accuracy     : 0.7983

Epoch : 7
Train Loss     : 0.2496	 | 	Train Accuracy     : 0.9018
Valid Loss     : 0.5357	 | 	Valid Accuracy     : 0.7778

Epoch : 8
Train Loss     : 0.2246	 | 	Train Accuracy     : 0.9134
Valid Loss     : 0.5436	 | 	Valid Accuracy     : 0.7842

Epoch : 9
Train Loss     : 0.2165	 | 	Train Accuracy     : 0.9161
Valid Loss     : 0.6362	 | 	Valid Accuracy     : 0.7617

Epoch : 10
Train Loss     : 0.1931	 | 	Train Accuracy     : 0.9292
Valid Loss     : 0.6832	 | 	Valid Accuracy     : 0.7393

Epoch : 11
Train Loss     : 0.1878	 | 	Train Accuracy     : 0.9307
Valid Loss     : 0.6054	 | 	Valid Accuracy     : 0.7612

Epoch : 12
Train Loss     : 0.2047	 | 	Train Accuracy     : 0.9210
Valid Loss     : 0.6682	 | 	Valid Accuracy     : 0.7485

Epoch : 13
Train Loss     : 0.1848	 | 	Train Accuracy     : 0.9314
Valid Loss     : 0.8515	 | 	Valid Accuracy     : 0.7295

Epoch : 14
Train Loss     : 0.1837	 | 	Train Accuracy     : 0.9316
Valid Loss     : 0.7223	 | 	Valid Accuracy     : 0.7554

Epoch : 15
Train Loss     : 0.1645	 | 	Train Accuracy     : 0.9394
Valid Loss     : 0.7162	 | 	Valid Accuracy     : 0.7559

Epoch : 16
Train Loss     : 0.1406	 | 	Train Accuracy     : 0.9528
Valid Loss     : 0.6889	 | 	Valid Accuracy     : 0.7510

Epoch : 17
Train Loss     : 0.1177	 | 	Train Accuracy     : 0.9642
Valid Loss     : 0.6545	 | 	Valid Accuracy     : 0.7588

Epoch : 18
Train Loss     : 0.1157	 | 	Train Accuracy     : 0.9654
Valid Loss     : 0.6248	 | 	Valid Accuracy     : 0.7710

Epoch : 19
Train Loss     : 0.1077	 | 	Train Accuracy     : 0.9682
Valid Loss     : 0.6099	 | 	Valid Accuracy     : 0.7710

Epoch : 20
Train Loss     : 0.1044	 | 	Train Accuracy     : 0.9711
Valid Loss     : 0.6093	 | 	Valid Accuracy     : 0.7725

Epoch : 21
Train Loss     : 0.1001	 | 	Train Accuracy     : 0.9740
Valid Loss     : 0.6321	 | 	Valid Accuracy     : 0.7666

Epoch : 22
Train Loss     : 0.1024	 | 	Train Accuracy     : 0.9708
Valid Loss     : 0.6098	 | 	Valid Accuracy     : 0.7725

Epoch : 23
Train Loss     : 0.1056	 | 	Train Accuracy     : 0.9708
Valid Loss     : 0.6170	 | 	Valid Accuracy     : 0.7705

Epoch : 24
Train Loss     : 0.0998	 | 	Train Accuracy     : 0.9725
Valid Loss     : 0.6810	 | 	Valid Accuracy     : 0.7534

Epoch : 25
Train Loss     : 0.0965	 | 	Train Accuracy     : 0.9723
Valid Loss     : 0.6990	 | 	Valid Accuracy     : 0.7534

Epoch : 26
Train Loss     : 0.0954	 | 	Train Accuracy     : 0.9745
Valid Loss     : 0.5788	 | 	Valid Accuracy     : 0.7876

Epoch : 27
Train Loss     : 0.0957	 | 	Train Accuracy     : 0.9745
Valid Loss     : 0.6771	 | 	Valid Accuracy     : 0.7593

Epoch : 28
Train Loss     : 0.0900	 | 	Train Accuracy     : 0.9764
Valid Loss     : 0.6436	 | 	Valid Accuracy     : 0.7656

Epoch : 29
Train Loss     : 0.0888	 | 	Train Accuracy     : 0.9788
Valid Loss     : 0.6439	 | 	Valid Accuracy     : 0.7661

Epoch : 30
Train Loss     : 0.0900	 | 	Train Accuracy     : 0.9767
Valid Loss     : 0.6374	 | 	Valid Accuracy     : 0.7690

Evaluate on the Test set:
Test loss      :1.3995	 | Test Accuracy      : 0.7036 | Test AUPRC      : 0.5514
tensor([0.8208, 0.8295, 0.9566, 0.9029, 0.7796, 0.9731, 0.9517, 0.6894, 0.7833,
        0.7770, 0.7248, 0.7104, 0.9517, 0.9271, 0.8724, 0.9145, 0.7973, 0.7325,
        0.6471, 0.7042, 0.8269, 0.7545, 0.9438, 0.9422, 0.8478, 0.7837, 0.8377,
        0.7311, 0.6617, 0.7392, 0.7024, 0.9147, 0.9009, 0.7984, 0.7391, 0.7922,
        0.9305, 0.6863, 0.7876, 0.8774, 0.8055, 0.9421, 0.9317, 0.7613, 0.7019,
        0.7340, 0.7459, 0.7652, 0.8144, 0.7540, 0.7102, 0.6657, 0.8347, 0.8682,
        0.7282, 0.6389, 0.7502, 0.7157, 0.7083, 0.7554, 0.6857, 0.8828],
       device='cuda:0', grad_fn=<SqueezeBackward1>)

################## Training is Done! #########################
Training time is : 0:02:16.564097
