=============================================
Dataset: SEED
Method:  TS-TCC
Mode:    fine_tune
=============================================
Data loaded ...
Subjet 2
if scale True
Training started ....

Epoch : 1
Train Loss     : 1.3442	 | 	Train Accuracy     : 0.5013
Valid Loss     : 1.3355	 | 	Valid Accuracy     : 0.3657

Epoch : 2
Train Loss     : 0.6908	 | 	Train Accuracy     : 0.6956
Valid Loss     : 1.5148	 | 	Valid Accuracy     : 0.4453

Epoch : 3
Train Loss     : 0.5218	 | 	Train Accuracy     : 0.7846
Valid Loss     : 1.6918	 | 	Valid Accuracy     : 0.5806

Epoch : 4
Train Loss     : 0.4460	 | 	Train Accuracy     : 0.8279
Valid Loss     : 1.9376	 | 	Valid Accuracy     : 0.5044

Epoch : 5
Train Loss     : 0.3781	 | 	Train Accuracy     : 0.8591
Valid Loss     : 1.8550	 | 	Valid Accuracy     : 0.5107

Epoch : 6
Train Loss     : 0.3692	 | 	Train Accuracy     : 0.8609
Valid Loss     : 2.8490	 | 	Valid Accuracy     : 0.4663

Epoch : 7
Train Loss     : 0.3518	 | 	Train Accuracy     : 0.8721
Valid Loss     : 1.7007	 | 	Valid Accuracy     : 0.5073

Epoch : 8
Train Loss     : 0.3361	 | 	Train Accuracy     : 0.8721
Valid Loss     : 2.6323	 | 	Valid Accuracy     : 0.4868

Epoch : 9
Train Loss     : 0.3397	 | 	Train Accuracy     : 0.8727
Valid Loss     : 2.2982	 | 	Valid Accuracy     : 0.5034

Epoch : 10
Train Loss     : 0.3212	 | 	Train Accuracy     : 0.8753
Valid Loss     : 3.1430	 | 	Valid Accuracy     : 0.5205

Epoch : 11
Train Loss     : 0.3072	 | 	Train Accuracy     : 0.8870
Valid Loss     : 2.7998	 | 	Valid Accuracy     : 0.5303

Epoch : 12
Train Loss     : 0.3036	 | 	Train Accuracy     : 0.8781
Valid Loss     : 2.6313	 | 	Valid Accuracy     : 0.4863

Epoch : 13
Train Loss     : 0.2713	 | 	Train Accuracy     : 0.9055
Valid Loss     : 2.9342	 | 	Valid Accuracy     : 0.5186

Epoch : 14
Train Loss     : 0.2476	 | 	Train Accuracy     : 0.9169
Valid Loss     : 3.2774	 | 	Valid Accuracy     : 0.4829

Epoch : 15
Train Loss     : 0.2361	 | 	Train Accuracy     : 0.9164
Valid Loss     : 3.4928	 | 	Valid Accuracy     : 0.5020

Epoch : 16
Train Loss     : 0.2369	 | 	Train Accuracy     : 0.9201
Valid Loss     : 3.4584	 | 	Valid Accuracy     : 0.5034

Epoch : 17
Train Loss     : 0.2332	 | 	Train Accuracy     : 0.9247
Valid Loss     : 3.3788	 | 	Valid Accuracy     : 0.5059

Epoch : 18
Train Loss     : 0.2275	 | 	Train Accuracy     : 0.9255
Valid Loss     : 3.2212	 | 	Valid Accuracy     : 0.5010

Epoch : 19
Train Loss     : 0.2260	 | 	Train Accuracy     : 0.9253
Valid Loss     : 3.5061	 | 	Valid Accuracy     : 0.5029

Epoch : 20
Train Loss     : 0.2183	 | 	Train Accuracy     : 0.9276
Valid Loss     : 3.5793	 | 	Valid Accuracy     : 0.5146

Epoch : 21
Train Loss     : 0.2221	 | 	Train Accuracy     : 0.9253
Valid Loss     : 3.5040	 | 	Valid Accuracy     : 0.4966

Epoch : 22
Train Loss     : 0.2222	 | 	Train Accuracy     : 0.9299
Valid Loss     : 3.4576	 | 	Valid Accuracy     : 0.5093

Epoch : 23
Train Loss     : 0.2050	 | 	Train Accuracy     : 0.9333
Valid Loss     : 2.8648	 | 	Valid Accuracy     : 0.4868

Epoch : 24
Train Loss     : 0.2074	 | 	Train Accuracy     : 0.9281
Valid Loss     : 3.0872	 | 	Valid Accuracy     : 0.5005

Epoch : 25
Train Loss     : 0.2079	 | 	Train Accuracy     : 0.9341
Valid Loss     : 3.3087	 | 	Valid Accuracy     : 0.5020

Epoch : 26
Train Loss     : 0.2039	 | 	Train Accuracy     : 0.9362
Valid Loss     : 3.2214	 | 	Valid Accuracy     : 0.5093

Epoch : 27
Train Loss     : 0.2062	 | 	Train Accuracy     : 0.9349
Valid Loss     : 3.2992	 | 	Valid Accuracy     : 0.5044

Epoch : 28
Train Loss     : 0.2055	 | 	Train Accuracy     : 0.9328
Valid Loss     : 3.4950	 | 	Valid Accuracy     : 0.5063

Epoch : 29
Train Loss     : 0.1925	 | 	Train Accuracy     : 0.9391
Valid Loss     : 3.0414	 | 	Valid Accuracy     : 0.5151

Epoch : 30
Train Loss     : 0.2012	 | 	Train Accuracy     : 0.9388
Valid Loss     : 3.1274	 | 	Valid Accuracy     : 0.5098

Evaluate on the Test set:
Test loss      :1.1603	 | Test Accuracy      : 0.6140 | Test AUPRC      : 0.4916
tensor([0.8920, 0.9153, 0.9914, 0.9018, 0.9023, 0.9088, 0.9414, 0.8792, 0.8580,
        0.8695, 0.8873, 0.8805, 0.8782, 0.9071, 0.9149, 0.8729, 0.9011, 0.8646,
        0.8658, 0.8774, 0.8832, 0.8549, 0.9252, 1.0046, 0.9014, 0.8452, 0.8700,
        0.8541, 0.9093, 0.8644, 0.9226, 0.8701, 0.9073, 0.9178, 0.8773, 0.9350,
        0.8928, 0.8606, 0.8881, 0.8372, 0.9562, 0.9254, 0.9859, 0.9988, 0.9319,
        0.9281, 0.8892, 0.9087, 0.9066, 0.9578, 0.8780, 0.9029, 0.8414, 0.8799,
        0.8596, 0.8158, 0.8619, 0.8656, 0.9152, 0.8325, 0.9057, 0.8570],
       device='cuda:0', grad_fn=<SqueezeBackward1>)

################## Training is Done! #########################
Training time is : 0:01:35.444738
