=============================================
Dataset: SEED
Method:  TS-TCC
Mode:    fine_tune
=============================================
Data loaded ...
Subjet 7
if scale True
Training started ....

Epoch : 1
Train Loss     : 1.9567	 | 	Train Accuracy     : 0.4353
Valid Loss     : 2.3013	 | 	Valid Accuracy     : 0.3257

Epoch : 2
Train Loss     : 1.0137	 | 	Train Accuracy     : 0.5831
Valid Loss     : 1.5073	 | 	Valid Accuracy     : 0.4048

Epoch : 3
Train Loss     : 0.6947	 | 	Train Accuracy     : 0.7109
Valid Loss     : 0.9979	 | 	Valid Accuracy     : 0.5518

Epoch : 4
Train Loss     : 0.5090	 | 	Train Accuracy     : 0.7567
Valid Loss     : 1.1249	 | 	Valid Accuracy     : 0.5518

Epoch : 5
Train Loss     : 0.4014	 | 	Train Accuracy     : 0.8225
Valid Loss     : 0.6604	 | 	Valid Accuracy     : 0.7314

Epoch : 6
Train Loss     : 0.3283	 | 	Train Accuracy     : 0.8739
Valid Loss     : 0.6977	 | 	Valid Accuracy     : 0.7310

Epoch : 7
Train Loss     : 0.2957	 | 	Train Accuracy     : 0.8823
Valid Loss     : 0.7786	 | 	Valid Accuracy     : 0.7148

Epoch : 8
Train Loss     : 0.2765	 | 	Train Accuracy     : 0.9029
Valid Loss     : 0.9132	 | 	Valid Accuracy     : 0.7056

Epoch : 9
Train Loss     : 0.2428	 | 	Train Accuracy     : 0.9135
Valid Loss     : 1.1800	 | 	Valid Accuracy     : 0.6851

Epoch : 10
Train Loss     : 0.2173	 | 	Train Accuracy     : 0.9263
Valid Loss     : 1.7644	 | 	Valid Accuracy     : 0.6401

Epoch : 11
Train Loss     : 0.2079	 | 	Train Accuracy     : 0.9275
Valid Loss     : 1.8614	 | 	Valid Accuracy     : 0.6489

Epoch : 12
Train Loss     : 0.2024	 | 	Train Accuracy     : 0.9291
Valid Loss     : 2.3309	 | 	Valid Accuracy     : 0.6460

Epoch : 13
Train Loss     : 0.1835	 | 	Train Accuracy     : 0.9392
Valid Loss     : 3.1693	 | 	Valid Accuracy     : 0.5952

Epoch : 14
Train Loss     : 0.1792	 | 	Train Accuracy     : 0.9408
Valid Loss     : 4.5135	 | 	Valid Accuracy     : 0.5674

Epoch : 15
Train Loss     : 0.1581	 | 	Train Accuracy     : 0.9554
Valid Loss     : 5.1534	 | 	Valid Accuracy     : 0.5527

Epoch : 16
Train Loss     : 0.1455	 | 	Train Accuracy     : 0.9587
Valid Loss     : 4.0797	 | 	Valid Accuracy     : 0.5703

Epoch : 17
Train Loss     : 0.1233	 | 	Train Accuracy     : 0.9637
Valid Loss     : 4.7703	 | 	Valid Accuracy     : 0.5576

Epoch : 18
Train Loss     : 0.1314	 | 	Train Accuracy     : 0.9648
Valid Loss     : 4.8096	 | 	Valid Accuracy     : 0.5591

Epoch : 19
Train Loss     : 0.1341	 | 	Train Accuracy     : 0.9593
Valid Loss     : 4.9931	 | 	Valid Accuracy     : 0.5547

Epoch : 20
Train Loss     : 0.1263	 | 	Train Accuracy     : 0.9693
Valid Loss     : 5.1214	 | 	Valid Accuracy     : 0.5493

Epoch : 21
Train Loss     : 0.1169	 | 	Train Accuracy     : 0.9721
Valid Loss     : 4.9225	 | 	Valid Accuracy     : 0.5557

Epoch : 22
Train Loss     : 0.1179	 | 	Train Accuracy     : 0.9715
Valid Loss     : 6.5022	 | 	Valid Accuracy     : 0.5283

Epoch : 23
Train Loss     : 0.1202	 | 	Train Accuracy     : 0.9699
Valid Loss     : 5.1680	 | 	Valid Accuracy     : 0.5542

Epoch : 24
Train Loss     : 0.1195	 | 	Train Accuracy     : 0.9693
Valid Loss     : 6.6857	 | 	Valid Accuracy     : 0.5273

Epoch : 25
Train Loss     : 0.1138	 | 	Train Accuracy     : 0.9721
Valid Loss     : 5.5582	 | 	Valid Accuracy     : 0.5464

Epoch : 26
Train Loss     : 0.1161	 | 	Train Accuracy     : 0.9676
Valid Loss     : 7.0249	 | 	Valid Accuracy     : 0.5244

Epoch : 27
Train Loss     : 0.1170	 | 	Train Accuracy     : 0.9688
Valid Loss     : 6.0365	 | 	Valid Accuracy     : 0.5366

Epoch : 28
Train Loss     : 0.1039	 | 	Train Accuracy     : 0.9777
Valid Loss     : 5.4104	 | 	Valid Accuracy     : 0.5488

Epoch : 29
Train Loss     : 0.1142	 | 	Train Accuracy     : 0.9727
Valid Loss     : 5.2008	 | 	Valid Accuracy     : 0.5513

Epoch : 30
Train Loss     : 0.1079	 | 	Train Accuracy     : 0.9766
Valid Loss     : 5.6339	 | 	Valid Accuracy     : 0.5444

Evaluate on the Test set:
Test loss      :5.5264	 | Test Accuracy      : 0.4297 | Test AUPRC      : 0.4860
tensor([0.9375, 0.9488, 0.9816, 0.9420, 0.9817, 0.9350, 1.0070, 0.9435, 0.9390,
        0.9362, 0.9454, 0.9271, 0.9453, 0.9399, 0.9419, 0.9393, 0.9465, 0.9199,
        0.9026, 0.9358, 0.9250, 0.9243, 0.9643, 1.0436, 0.9712, 0.9239, 0.9420,
        0.9348, 0.9269, 0.9285, 0.9195, 0.9676, 0.9248, 0.9456, 0.9320, 0.9621,
        0.9409, 0.9317, 0.9242, 0.9148, 0.9508, 0.9411, 0.9168, 0.9337, 0.9565,
        0.9488, 0.9468, 0.9528, 0.9405, 0.8999, 0.9318, 0.9246, 0.9144, 0.9103,
        0.9281, 0.8879, 0.9304, 0.9200, 0.9199, 0.9080, 0.9343, 0.9252],
       device='cuda:0', grad_fn=<SqueezeBackward1>)

################## Training is Done! #########################
Training time is : 0:00:55.985465
