=============================================
Dataset: SEED
Method:  TS-TCC
Mode:    supervised
=============================================
Data loaded ...
Subjet 11
if scale True
Training started ....

Epoch : 1
Train Loss     : 0.9546	 | 	Train Accuracy     : 0.6012
Valid Loss     : 1.0837	 | 	Valid Accuracy     : 0.4971

Epoch : 2
Train Loss     : 0.5326	 | 	Train Accuracy     : 0.7721
Valid Loss     : 0.9082	 | 	Valid Accuracy     : 0.6123

Epoch : 3
Train Loss     : 0.4198	 | 	Train Accuracy     : 0.8370
Valid Loss     : 0.6237	 | 	Valid Accuracy     : 0.7036

Epoch : 4
Train Loss     : 0.3596	 | 	Train Accuracy     : 0.8636
Valid Loss     : 0.6833	 | 	Valid Accuracy     : 0.6787

Epoch : 5
Train Loss     : 0.3312	 | 	Train Accuracy     : 0.8789
Valid Loss     : 0.6216	 | 	Valid Accuracy     : 0.7305

Epoch : 6
Train Loss     : 0.2894	 | 	Train Accuracy     : 0.8906
Valid Loss     : 0.7232	 | 	Valid Accuracy     : 0.7031

Epoch : 7
Train Loss     : 0.2755	 | 	Train Accuracy     : 0.8986
Valid Loss     : 0.5875	 | 	Valid Accuracy     : 0.7500

Epoch : 8
Train Loss     : 0.2595	 | 	Train Accuracy     : 0.9051
Valid Loss     : 0.6326	 | 	Valid Accuracy     : 0.7485

Epoch : 9
Train Loss     : 0.2316	 | 	Train Accuracy     : 0.9205
Valid Loss     : 0.5225	 | 	Valid Accuracy     : 0.7690

Epoch : 10
Train Loss     : 0.2138	 | 	Train Accuracy     : 0.9219
Valid Loss     : 0.5363	 | 	Valid Accuracy     : 0.7710

Epoch : 11
Train Loss     : 0.2138	 | 	Train Accuracy     : 0.9261
Valid Loss     : 0.4988	 | 	Valid Accuracy     : 0.7915

Epoch : 12
Train Loss     : 0.2110	 | 	Train Accuracy     : 0.9232
Valid Loss     : 0.7095	 | 	Valid Accuracy     : 0.7354

Epoch : 13
Train Loss     : 0.2154	 | 	Train Accuracy     : 0.9153
Valid Loss     : 0.6067	 | 	Valid Accuracy     : 0.7598

Epoch : 14
Train Loss     : 0.2106	 | 	Train Accuracy     : 0.9185
Valid Loss     : 0.5201	 | 	Valid Accuracy     : 0.7910

Epoch : 15
Train Loss     : 0.1974	 | 	Train Accuracy     : 0.9260
Valid Loss     : 0.5485	 | 	Valid Accuracy     : 0.7734

Epoch : 16
Train Loss     : 0.1630	 | 	Train Accuracy     : 0.9431
Valid Loss     : 0.5145	 | 	Valid Accuracy     : 0.7944

Epoch : 17
Train Loss     : 0.1624	 | 	Train Accuracy     : 0.9412
Valid Loss     : 0.4797	 | 	Valid Accuracy     : 0.8130

Epoch : 18
Train Loss     : 0.1553	 | 	Train Accuracy     : 0.9475
Valid Loss     : 0.3784	 | 	Valid Accuracy     : 0.8428

Epoch : 19
Train Loss     : 0.1494	 | 	Train Accuracy     : 0.9467
Valid Loss     : 0.5437	 | 	Valid Accuracy     : 0.7969

Epoch : 20
Train Loss     : 0.1631	 | 	Train Accuracy     : 0.9394
Valid Loss     : 0.6805	 | 	Valid Accuracy     : 0.7725

Epoch : 21
Train Loss     : 0.1425	 | 	Train Accuracy     : 0.9507
Valid Loss     : 0.5909	 | 	Valid Accuracy     : 0.7769

Epoch : 22
Train Loss     : 0.1383	 | 	Train Accuracy     : 0.9530
Valid Loss     : 0.4490	 | 	Valid Accuracy     : 0.8218

Epoch : 23
Train Loss     : 0.1306	 | 	Train Accuracy     : 0.9545
Valid Loss     : 0.4011	 | 	Valid Accuracy     : 0.8394

Epoch : 24
Train Loss     : 0.1341	 | 	Train Accuracy     : 0.9538
Valid Loss     : 0.6901	 | 	Valid Accuracy     : 0.7588

Epoch : 25
Train Loss     : 0.1397	 | 	Train Accuracy     : 0.9509
Valid Loss     : 0.4785	 | 	Valid Accuracy     : 0.8188

Epoch : 26
Train Loss     : 0.1380	 | 	Train Accuracy     : 0.9511
Valid Loss     : 0.4933	 | 	Valid Accuracy     : 0.8228

Epoch : 27
Train Loss     : 0.1259	 | 	Train Accuracy     : 0.9587
Valid Loss     : 0.5173	 | 	Valid Accuracy     : 0.8091

Epoch : 28
Train Loss     : 0.1298	 | 	Train Accuracy     : 0.9552
Valid Loss     : 0.4331	 | 	Valid Accuracy     : 0.8354

Epoch : 29
Train Loss     : 0.1154	 | 	Train Accuracy     : 0.9642
Valid Loss     : 0.5445	 | 	Valid Accuracy     : 0.8042

Epoch : 30
Train Loss     : 0.0958	 | 	Train Accuracy     : 0.9720
Valid Loss     : 0.4562	 | 	Valid Accuracy     : 0.8315

Evaluate on the Test set:
Test loss      :0.7394	 | Test Accuracy      : 0.8033 | Test AUPRC      : 0.5762
tensor([0.5693, 0.7194, 0.4734, 0.7397, 0.7622, 0.7554, 0.8531, 0.5581, 0.5923,
        0.5939, 0.6222, 0.5389, 0.6584, 0.5982, 0.7509, 0.8601, 0.7523, 0.6370,
        0.5734, 0.5011, 0.6427, 0.7942, 1.0221, 0.7381, 0.7452, 0.5923, 0.5182,
        0.7123, 0.6835, 0.6940, 0.6200, 0.8284, 0.8164, 0.7159, 0.6368, 0.6298,
        0.6005, 0.5060, 0.6694, 0.7286, 0.6657, 0.5921, 0.5310, 0.4805, 0.5613,
        0.7052, 0.7400, 0.4860, 0.5984, 0.6008, 0.4680, 0.8208, 0.5688, 0.7478,
        0.7858, 0.6372, 0.6153, 0.8831, 0.8686, 0.6452, 0.6546, 0.6645],
       device='cuda:0', grad_fn=<SqueezeBackward1>)

################## Training is Done! #########################
Training time is : 0:01:44.791674
