=============================================
Dataset: SEED
Method:  TS-TCC
Mode:    train_linear
=============================================
Data loaded ...
Subjet 14
if scale True
Training started ....

Epoch : 1
Train Loss     : 1.0123	 | 	Train Accuracy     : 0.5846
Valid Loss     : 1.2964	 | 	Valid Accuracy     : 0.3998

Epoch : 2
Train Loss     : 0.6008	 | 	Train Accuracy     : 0.7667
Valid Loss     : 0.8096	 | 	Valid Accuracy     : 0.5567

Epoch : 3
Train Loss     : 0.5405	 | 	Train Accuracy     : 0.7926
Valid Loss     : 0.8285	 | 	Valid Accuracy     : 0.5820

Epoch : 4
Train Loss     : 0.5060	 | 	Train Accuracy     : 0.8112
Valid Loss     : 0.8475	 | 	Valid Accuracy     : 0.5823

Epoch : 5
Train Loss     : 0.5124	 | 	Train Accuracy     : 0.8045
Valid Loss     : 0.9410	 | 	Valid Accuracy     : 0.5699

Epoch : 6
Train Loss     : 0.5090	 | 	Train Accuracy     : 0.8095
Valid Loss     : 0.8838	 | 	Valid Accuracy     : 0.5874

Epoch : 7
Train Loss     : 0.4958	 | 	Train Accuracy     : 0.8113
Valid Loss     : 0.9310	 | 	Valid Accuracy     : 0.6113

Epoch : 8
Train Loss     : 0.4873	 | 	Train Accuracy     : 0.8103
Valid Loss     : 0.9954	 | 	Valid Accuracy     : 0.6474

Epoch : 9
Train Loss     : 0.4924	 | 	Train Accuracy     : 0.8069
Valid Loss     : 0.8928	 | 	Valid Accuracy     : 0.5965

Epoch : 10
Train Loss     : 0.4747	 | 	Train Accuracy     : 0.8191
Valid Loss     : 0.9442	 | 	Valid Accuracy     : 0.5956

Epoch : 11
Train Loss     : 0.4866	 | 	Train Accuracy     : 0.8122
Valid Loss     : 1.0196	 | 	Valid Accuracy     : 0.6155

Epoch : 12
Train Loss     : 0.4874	 | 	Train Accuracy     : 0.8111
Valid Loss     : 0.8873	 | 	Valid Accuracy     : 0.6039

Epoch : 13
Train Loss     : 0.5110	 | 	Train Accuracy     : 0.8020
Valid Loss     : 0.9367	 | 	Valid Accuracy     : 0.5902

Epoch : 14
Train Loss     : 0.4569	 | 	Train Accuracy     : 0.8234
Valid Loss     : 0.9331	 | 	Valid Accuracy     : 0.5945

Epoch : 15
Train Loss     : 0.4399	 | 	Train Accuracy     : 0.8298
Valid Loss     : 0.9415	 | 	Valid Accuracy     : 0.6003

Epoch : 16
Train Loss     : 0.4346	 | 	Train Accuracy     : 0.8355
Valid Loss     : 0.9304	 | 	Valid Accuracy     : 0.6122

Epoch : 17
Train Loss     : 0.4311	 | 	Train Accuracy     : 0.8312
Valid Loss     : 0.9935	 | 	Valid Accuracy     : 0.6068

Epoch : 18
Train Loss     : 0.4395	 | 	Train Accuracy     : 0.8298
Valid Loss     : 0.9167	 | 	Valid Accuracy     : 0.6107

Epoch : 19
Train Loss     : 0.4367	 | 	Train Accuracy     : 0.8334
Valid Loss     : 0.9799	 | 	Valid Accuracy     : 0.6067

Epoch : 20
Train Loss     : 0.4328	 | 	Train Accuracy     : 0.8296
Valid Loss     : 0.9292	 | 	Valid Accuracy     : 0.6065

Epoch : 21
Train Loss     : 0.4383	 | 	Train Accuracy     : 0.8303
Valid Loss     : 0.9048	 | 	Valid Accuracy     : 0.6216

Epoch : 22
Train Loss     : 0.4363	 | 	Train Accuracy     : 0.8278
Valid Loss     : 0.9683	 | 	Valid Accuracy     : 0.6032

Epoch : 23
Train Loss     : 0.4329	 | 	Train Accuracy     : 0.8325
Valid Loss     : 0.9743	 | 	Valid Accuracy     : 0.6105

Epoch : 24
Train Loss     : 0.4409	 | 	Train Accuracy     : 0.8307
Valid Loss     : 0.9135	 | 	Valid Accuracy     : 0.6187

Epoch : 25
Train Loss     : 0.4325	 | 	Train Accuracy     : 0.8339
Valid Loss     : 0.9374	 | 	Valid Accuracy     : 0.6199

Epoch : 26
Train Loss     : 0.4282	 | 	Train Accuracy     : 0.8364
Valid Loss     : 0.9242	 | 	Valid Accuracy     : 0.6257

Epoch : 27
Train Loss     : 0.4335	 | 	Train Accuracy     : 0.8356
Valid Loss     : 0.9246	 | 	Valid Accuracy     : 0.6183

Epoch : 28
Train Loss     : 0.4314	 | 	Train Accuracy     : 0.8333
Valid Loss     : 0.8845	 | 	Valid Accuracy     : 0.6257

Epoch : 29
Train Loss     : 0.4332	 | 	Train Accuracy     : 0.8323
Valid Loss     : 0.9505	 | 	Valid Accuracy     : 0.6094

Epoch : 30
Train Loss     : 0.4344	 | 	Train Accuracy     : 0.8323
Valid Loss     : 0.9679	 | 	Valid Accuracy     : 0.6138

Evaluate on the Test set:
Test loss      :0.8904	 | Test Accuracy      : 0.6720 | Test AUPRC      : 0.7477
tensor([0.8233, 0.8142, 0.7577, 0.8367, 0.8953, 0.7370, 0.8858, 0.8031, 0.8830,
        0.7782, 0.7319, 0.7748, 0.8478, 0.9020, 0.7708, 0.7198, 0.7820, 0.7855,
        0.7018, 0.8360, 0.7591, 0.9013, 0.7828, 0.8295, 0.9143, 0.8032, 0.8068,
        0.7611, 0.7729, 0.7263, 0.8264, 0.9678, 1.0346, 0.7908, 0.7079, 0.8124,
        0.8059, 0.7409, 0.8140, 0.7838, 1.0096, 0.8911, 0.8207, 0.8319, 0.8014,
        0.8547, 0.7826, 0.7982, 0.7332, 0.7634, 0.8392, 0.7446, 0.7878, 0.7363,
        0.8032, 0.7116, 0.7426, 0.7444, 0.9094, 0.7438, 0.8502, 0.8218],
       device='cuda:0', grad_fn=<SqueezeBackward1>)

################## Training is Done! #########################
Training time is : 0:01:40.059405
