=============================================
Dataset: SEED
Method:  TS-TCC
Mode:    train_linear
=============================================
Data loaded ...
Subjet 12
if scale True
Training started ....

Epoch : 1
Train Loss     : 1.1288	 | 	Train Accuracy     : 0.5122
Valid Loss     : 1.1584	 | 	Valid Accuracy     : 0.4446

Epoch : 2
Train Loss     : 0.7332	 | 	Train Accuracy     : 0.6846
Valid Loss     : 1.1016	 | 	Valid Accuracy     : 0.5211

Epoch : 3
Train Loss     : 0.6934	 | 	Train Accuracy     : 0.7010
Valid Loss     : 0.8885	 | 	Valid Accuracy     : 0.5929

Epoch : 4
Train Loss     : 0.6516	 | 	Train Accuracy     : 0.7188
Valid Loss     : 1.0133	 | 	Valid Accuracy     : 0.5522

Epoch : 5
Train Loss     : 0.6330	 | 	Train Accuracy     : 0.7280
Valid Loss     : 0.9392	 | 	Valid Accuracy     : 0.5984

Epoch : 6
Train Loss     : 0.6247	 | 	Train Accuracy     : 0.7336
Valid Loss     : 0.9609	 | 	Valid Accuracy     : 0.5772

Epoch : 7
Train Loss     : 0.6010	 | 	Train Accuracy     : 0.7468
Valid Loss     : 0.9552	 | 	Valid Accuracy     : 0.5955

Epoch : 8
Train Loss     : 0.6124	 | 	Train Accuracy     : 0.7366
Valid Loss     : 0.9544	 | 	Valid Accuracy     : 0.5930

Epoch : 9
Train Loss     : 0.6150	 | 	Train Accuracy     : 0.7388
Valid Loss     : 0.9381	 | 	Valid Accuracy     : 0.5921

Epoch : 10
Train Loss     : 0.5998	 | 	Train Accuracy     : 0.7382
Valid Loss     : 0.9495	 | 	Valid Accuracy     : 0.6011

Epoch : 11
Train Loss     : 0.5872	 | 	Train Accuracy     : 0.7519
Valid Loss     : 0.9294	 | 	Valid Accuracy     : 0.5981

Epoch : 12
Train Loss     : 0.5921	 | 	Train Accuracy     : 0.7445
Valid Loss     : 0.9839	 | 	Valid Accuracy     : 0.5669

Epoch : 13
Train Loss     : 0.5794	 | 	Train Accuracy     : 0.7583
Valid Loss     : 1.0566	 | 	Valid Accuracy     : 0.5803

Epoch : 14
Train Loss     : 0.5645	 | 	Train Accuracy     : 0.7660
Valid Loss     : 1.0004	 | 	Valid Accuracy     : 0.5968

Epoch : 15
Train Loss     : 0.5515	 | 	Train Accuracy     : 0.7688
Valid Loss     : 0.9834	 | 	Valid Accuracy     : 0.6024

Epoch : 16
Train Loss     : 0.5397	 | 	Train Accuracy     : 0.7771
Valid Loss     : 0.9338	 | 	Valid Accuracy     : 0.6019

Epoch : 17
Train Loss     : 0.5371	 | 	Train Accuracy     : 0.7875
Valid Loss     : 0.9720	 | 	Valid Accuracy     : 0.6108

Epoch : 18
Train Loss     : 0.5434	 | 	Train Accuracy     : 0.7766
Valid Loss     : 0.9574	 | 	Valid Accuracy     : 0.6097

Epoch : 19
Train Loss     : 0.5420	 | 	Train Accuracy     : 0.7782
Valid Loss     : 0.9679	 | 	Valid Accuracy     : 0.5998

Epoch : 20
Train Loss     : 0.5441	 | 	Train Accuracy     : 0.7806
Valid Loss     : 0.9898	 | 	Valid Accuracy     : 0.5954

Epoch : 21
Train Loss     : 0.5412	 | 	Train Accuracy     : 0.7743
Valid Loss     : 0.9637	 | 	Valid Accuracy     : 0.5977

Epoch : 22
Train Loss     : 0.5454	 | 	Train Accuracy     : 0.7731
Valid Loss     : 0.9760	 | 	Valid Accuracy     : 0.5880

Epoch : 23
Train Loss     : 0.5460	 | 	Train Accuracy     : 0.7728
Valid Loss     : 0.9440	 | 	Valid Accuracy     : 0.5930

Epoch : 24
Train Loss     : 0.5399	 | 	Train Accuracy     : 0.7786
Valid Loss     : 0.9363	 | 	Valid Accuracy     : 0.5972

Epoch : 25
Train Loss     : 0.5411	 | 	Train Accuracy     : 0.7806
Valid Loss     : 0.9563	 | 	Valid Accuracy     : 0.6047

Epoch : 26
Train Loss     : 0.5352	 | 	Train Accuracy     : 0.7807
Valid Loss     : 0.9285	 | 	Valid Accuracy     : 0.6107

Epoch : 27
Train Loss     : 0.5353	 | 	Train Accuracy     : 0.7846
Valid Loss     : 0.9539	 | 	Valid Accuracy     : 0.6006

Epoch : 28
Train Loss     : 0.5350	 | 	Train Accuracy     : 0.7769
Valid Loss     : 0.9358	 | 	Valid Accuracy     : 0.5998

Epoch : 29
Train Loss     : 0.5364	 | 	Train Accuracy     : 0.7818
Valid Loss     : 0.9843	 | 	Valid Accuracy     : 0.5952

Epoch : 30
Train Loss     : 0.5339	 | 	Train Accuracy     : 0.7823
Valid Loss     : 0.9507	 | 	Valid Accuracy     : 0.5996

Evaluate on the Test set:
Test loss      :1.1934	 | Test Accuracy      : 0.5564 | Test AUPRC      : 0.5832
tensor([0.8964, 0.9131, 0.9641, 0.9463, 0.8988, 0.8223, 0.7854, 0.7731, 0.7484,
        0.7485, 0.7623, 0.8872, 0.9500, 0.9112, 0.9087, 0.7062, 0.8216, 0.8588,
        0.8523, 0.8644, 0.9008, 0.8182, 0.7955, 0.9712, 0.8652, 0.8185, 0.9049,
        0.9031, 0.7517, 0.7632, 0.8729, 1.0144, 0.7976, 0.7220, 0.6804, 0.8618,
        0.9007, 0.7323, 0.8104, 0.8782, 0.8590, 0.7905, 0.7542, 0.9221, 0.8914,
        0.8169, 0.8964, 0.7920, 0.8493, 0.8796, 0.7184, 0.7879, 0.7449, 0.8420,
        0.7086, 0.6616, 0.6982, 0.9003, 0.9567, 0.8249, 0.9130, 0.7841],
       device='cuda:0', grad_fn=<SqueezeBackward1>)

################## Training is Done! #########################
Training time is : 0:01:43.006426
