=============================================
Dataset: SEED
Method:  TS-TCC
Mode:    train_linear
=============================================
Data loaded ...
Subjet 14
if scale True
Training started ....

Epoch : 1
Train Loss     : 1.0432	 | 	Train Accuracy     : 0.5743
Valid Loss     : 1.9232	 | 	Valid Accuracy     : 0.3624

Epoch : 2
Train Loss     : 0.5952	 | 	Train Accuracy     : 0.7384
Valid Loss     : 1.5926	 | 	Valid Accuracy     : 0.4516

Epoch : 3
Train Loss     : 0.4659	 | 	Train Accuracy     : 0.8346
Valid Loss     : 0.9861	 | 	Valid Accuracy     : 0.5202

Epoch : 4
Train Loss     : 0.4043	 | 	Train Accuracy     : 0.8666
Valid Loss     : 0.7092	 | 	Valid Accuracy     : 0.6375

Epoch : 5
Train Loss     : 0.3499	 | 	Train Accuracy     : 0.8885
Valid Loss     : 0.7176	 | 	Valid Accuracy     : 0.6659

Epoch : 6
Train Loss     : 0.3372	 | 	Train Accuracy     : 0.8845
Valid Loss     : 0.7485	 | 	Valid Accuracy     : 0.6928

Epoch : 7
Train Loss     : 0.3135	 | 	Train Accuracy     : 0.9032
Valid Loss     : 0.6801	 | 	Valid Accuracy     : 0.7389

Epoch : 8
Train Loss     : 0.3026	 | 	Train Accuracy     : 0.9012
Valid Loss     : 0.6852	 | 	Valid Accuracy     : 0.7421

Epoch : 9
Train Loss     : 0.2952	 | 	Train Accuracy     : 0.9002
Valid Loss     : 0.7164	 | 	Valid Accuracy     : 0.7067

Epoch : 10
Train Loss     : 0.2833	 | 	Train Accuracy     : 0.9060
Valid Loss     : 0.6920	 | 	Valid Accuracy     : 0.7650

Epoch : 11
Train Loss     : 0.2652	 | 	Train Accuracy     : 0.9063
Valid Loss     : 0.7285	 | 	Valid Accuracy     : 0.7610

Epoch : 12
Train Loss     : 0.2706	 | 	Train Accuracy     : 0.9095
Valid Loss     : 0.7435	 | 	Valid Accuracy     : 0.7623

Epoch : 13
Train Loss     : 0.2547	 | 	Train Accuracy     : 0.9081
Valid Loss     : 0.7306	 | 	Valid Accuracy     : 0.7667

Epoch : 14
Train Loss     : 0.2510	 | 	Train Accuracy     : 0.9094
Valid Loss     : 0.7358	 | 	Valid Accuracy     : 0.7653

Epoch : 15
Train Loss     : 0.2702	 | 	Train Accuracy     : 0.9070
Valid Loss     : 0.7818	 | 	Valid Accuracy     : 0.7047

Epoch : 16
Train Loss     : 0.2474	 | 	Train Accuracy     : 0.9185
Valid Loss     : 0.7354	 | 	Valid Accuracy     : 0.7605

Epoch : 17
Train Loss     : 0.2365	 | 	Train Accuracy     : 0.9262
Valid Loss     : 0.7712	 | 	Valid Accuracy     : 0.7571

Epoch : 18
Train Loss     : 0.2561	 | 	Train Accuracy     : 0.9139
Valid Loss     : 0.7571	 | 	Valid Accuracy     : 0.7450

Epoch : 19
Train Loss     : 0.2233	 | 	Train Accuracy     : 0.9260
Valid Loss     : 0.7758	 | 	Valid Accuracy     : 0.7400

Epoch : 20
Train Loss     : 0.2320	 | 	Train Accuracy     : 0.9276
Valid Loss     : 0.7691	 | 	Valid Accuracy     : 0.7584

Epoch : 21
Train Loss     : 0.2318	 | 	Train Accuracy     : 0.9213
Valid Loss     : 0.7413	 | 	Valid Accuracy     : 0.7764

Epoch : 22
Train Loss     : 0.2256	 | 	Train Accuracy     : 0.9237
Valid Loss     : 0.7903	 | 	Valid Accuracy     : 0.7557

Epoch : 23
Train Loss     : 0.2328	 | 	Train Accuracy     : 0.9284
Valid Loss     : 0.7651	 | 	Valid Accuracy     : 0.7706

Epoch : 24
Train Loss     : 0.2284	 | 	Train Accuracy     : 0.9216
Valid Loss     : 0.7798	 | 	Valid Accuracy     : 0.7620

Epoch : 25
Train Loss     : 0.2294	 | 	Train Accuracy     : 0.9205
Valid Loss     : 0.7715	 | 	Valid Accuracy     : 0.7563

Epoch : 26
Train Loss     : 0.2234	 | 	Train Accuracy     : 0.9295
Valid Loss     : 0.7527	 | 	Valid Accuracy     : 0.7629

Epoch : 27
Train Loss     : 0.2198	 | 	Train Accuracy     : 0.9288
Valid Loss     : 0.8070	 | 	Valid Accuracy     : 0.7583

Epoch : 28
Train Loss     : 0.2177	 | 	Train Accuracy     : 0.9288
Valid Loss     : 0.7551	 | 	Valid Accuracy     : 0.7535

Epoch : 29
Train Loss     : 0.2185	 | 	Train Accuracy     : 0.9264
Valid Loss     : 0.7690	 | 	Valid Accuracy     : 0.7612

Epoch : 30
Train Loss     : 0.2093	 | 	Train Accuracy     : 0.9288
Valid Loss     : 0.7823	 | 	Valid Accuracy     : 0.7603

Evaluate on the Test set:
Test loss      :1.3262	 | Test Accuracy      : 0.5497 | Test AUPRC      : 0.6773
tensor([0.8931, 0.8748, 0.9252, 0.8949, 0.9407, 0.8933, 0.9601, 0.9021, 0.8792,
        0.8424, 0.8510, 0.8328, 0.9126, 0.9037, 0.8867, 0.8194, 0.8371, 0.8328,
        0.8269, 0.9004, 0.8594, 0.8781, 0.8390, 1.0028, 0.9599, 0.8337, 0.8840,
        0.8194, 0.8724, 0.8433, 0.9018, 0.9985, 1.0577, 0.8308, 0.8068, 0.8752,
        0.8945, 0.8348, 0.8663, 0.8455, 1.0071, 0.8799, 0.8761, 0.8617, 0.8756,
        0.8448, 0.8861, 0.8321, 0.8287, 0.8386, 0.8554, 0.8544, 0.8759, 0.8314,
        0.8765, 0.8126, 0.8579, 0.8865, 0.9654, 0.8697, 0.9336, 0.8622],
       device='cuda:0', grad_fn=<SqueezeBackward1>)

################## Training is Done! #########################
Training time is : 0:01:21.433561
