=============================================
Dataset: SEED
Method:  TS-TCC
Mode:    train_linear
=============================================
Data loaded ...
Subjet 11
if scale True
Training started ....

Epoch : 1
Train Loss     : 1.1454	 | 	Train Accuracy     : 0.5428
Valid Loss     : 1.4316	 | 	Valid Accuracy     : 0.4252

Epoch : 2
Train Loss     : 0.6363	 | 	Train Accuracy     : 0.7322
Valid Loss     : 0.8494	 | 	Valid Accuracy     : 0.6475

Epoch : 3
Train Loss     : 0.5320	 | 	Train Accuracy     : 0.7856
Valid Loss     : 0.4816	 | 	Valid Accuracy     : 0.8054

Epoch : 4
Train Loss     : 0.4624	 | 	Train Accuracy     : 0.8255
Valid Loss     : 0.5108	 | 	Valid Accuracy     : 0.7972

Epoch : 5
Train Loss     : 0.4282	 | 	Train Accuracy     : 0.8465
Valid Loss     : 0.5554	 | 	Valid Accuracy     : 0.7891

Epoch : 6
Train Loss     : 0.4154	 | 	Train Accuracy     : 0.8482
Valid Loss     : 0.5533	 | 	Valid Accuracy     : 0.7942

Epoch : 7
Train Loss     : 0.3999	 | 	Train Accuracy     : 0.8470
Valid Loss     : 0.4713	 | 	Valid Accuracy     : 0.8197

Epoch : 8
Train Loss     : 0.3840	 | 	Train Accuracy     : 0.8630
Valid Loss     : 0.5400	 | 	Valid Accuracy     : 0.7993

Epoch : 9
Train Loss     : 0.3721	 | 	Train Accuracy     : 0.8636
Valid Loss     : 0.4746	 | 	Valid Accuracy     : 0.8299

Epoch : 10
Train Loss     : 0.3741	 | 	Train Accuracy     : 0.8608
Valid Loss     : 0.5254	 | 	Valid Accuracy     : 0.8027

Epoch : 11
Train Loss     : 0.3660	 | 	Train Accuracy     : 0.8660
Valid Loss     : 0.5228	 | 	Valid Accuracy     : 0.8048

Epoch : 12
Train Loss     : 0.3612	 | 	Train Accuracy     : 0.8584
Valid Loss     : 0.5006	 | 	Valid Accuracy     : 0.7924

Epoch : 13
Train Loss     : 0.3600	 | 	Train Accuracy     : 0.8604
Valid Loss     : 0.6221	 | 	Valid Accuracy     : 0.7737

Epoch : 14
Train Loss     : 0.3492	 | 	Train Accuracy     : 0.8741
Valid Loss     : 0.5135	 | 	Valid Accuracy     : 0.8078

Epoch : 15
Train Loss     : 0.3600	 | 	Train Accuracy     : 0.8614
Valid Loss     : 0.5536	 | 	Valid Accuracy     : 0.8044

Epoch : 16
Train Loss     : 0.3449	 | 	Train Accuracy     : 0.8736
Valid Loss     : 0.5295	 | 	Valid Accuracy     : 0.7968

Epoch : 17
Train Loss     : 0.3833	 | 	Train Accuracy     : 0.8523
Valid Loss     : 0.4749	 | 	Valid Accuracy     : 0.8147

Epoch : 18
Train Loss     : 0.3761	 | 	Train Accuracy     : 0.8507
Valid Loss     : 0.5156	 | 	Valid Accuracy     : 0.8038

Epoch : 19
Train Loss     : 0.3263	 | 	Train Accuracy     : 0.8775
Valid Loss     : 0.5791	 | 	Valid Accuracy     : 0.7992

Epoch : 20
Train Loss     : 0.3151	 | 	Train Accuracy     : 0.8843
Valid Loss     : 0.5507	 | 	Valid Accuracy     : 0.8068

Epoch : 21
Train Loss     : 0.3187	 | 	Train Accuracy     : 0.8838
Valid Loss     : 0.5297	 | 	Valid Accuracy     : 0.8081

Epoch : 22
Train Loss     : 0.3113	 | 	Train Accuracy     : 0.8871
Valid Loss     : 0.5736	 | 	Valid Accuracy     : 0.7991

Epoch : 23
Train Loss     : 0.3173	 | 	Train Accuracy     : 0.8792
Valid Loss     : 0.5773	 | 	Valid Accuracy     : 0.7975

Epoch : 24
Train Loss     : 0.3201	 | 	Train Accuracy     : 0.8797
Valid Loss     : 0.5379	 | 	Valid Accuracy     : 0.8083

Epoch : 25
Train Loss     : 0.3152	 | 	Train Accuracy     : 0.8827
Valid Loss     : 0.5555	 | 	Valid Accuracy     : 0.8023

Epoch : 26
Train Loss     : 0.3137	 | 	Train Accuracy     : 0.8872
Valid Loss     : 0.5972	 | 	Valid Accuracy     : 0.7895

Epoch : 27
Train Loss     : 0.3200	 | 	Train Accuracy     : 0.8831
Valid Loss     : 0.5520	 | 	Valid Accuracy     : 0.8057

Epoch : 28
Train Loss     : 0.3135	 | 	Train Accuracy     : 0.8873
Valid Loss     : 0.5268	 | 	Valid Accuracy     : 0.8115

Epoch : 29
Train Loss     : 0.3107	 | 	Train Accuracy     : 0.8888
Valid Loss     : 0.5857	 | 	Valid Accuracy     : 0.7933

Epoch : 30
Train Loss     : 0.3078	 | 	Train Accuracy     : 0.8863
Valid Loss     : 0.5770	 | 	Valid Accuracy     : 0.7954

Evaluate on the Test set:
Test loss      :0.7095	 | Test Accuracy      : 0.7628 | Test AUPRC      : 0.7920
tensor([0.8510, 0.8343, 0.9512, 0.8130, 0.9060, 0.8940, 0.9769, 0.7867, 0.8455,
        0.7958, 0.8292, 0.8797, 0.9453, 0.8034, 0.8380, 0.7404, 0.8643, 0.7955,
        0.7517, 0.9450, 0.8117, 0.9633, 0.8778, 0.9917, 0.9217, 0.9075, 0.8673,
        0.7935, 0.8630, 0.7927, 0.8578, 0.9172, 0.9315, 0.8518, 0.7295, 0.8253,
        0.8354, 0.7726, 0.8882, 0.7575, 0.9589, 0.8610, 0.7619, 0.8705, 0.8844,
        0.8894, 0.7746, 0.8571, 0.7980, 0.7591, 0.8895, 0.8461, 0.8570, 0.8293,
        0.7631, 0.7087, 0.8066, 0.9847, 0.9420, 0.8494, 0.8670, 0.8253],
       device='cuda:0', grad_fn=<SqueezeBackward1>)

################## Training is Done! #########################
Training time is : 0:01:37.069076
