=============================================
Dataset: SEED
Method:  TS-TCC
Mode:    train_linear
=============================================
Data loaded ...
Subjet 8
if scale True
Training started ....

Epoch : 1
Train Loss     : 0.8225	 | 	Train Accuracy     : 0.6486
Valid Loss     : 0.5242	 | 	Valid Accuracy     : 0.7358

Epoch : 2
Train Loss     : 0.4164	 | 	Train Accuracy     : 0.8299
Valid Loss     : 0.5404	 | 	Valid Accuracy     : 0.7147

Epoch : 3
Train Loss     : 0.3825	 | 	Train Accuracy     : 0.8505
Valid Loss     : 0.4816	 | 	Valid Accuracy     : 0.7648

Epoch : 4
Train Loss     : 0.3595	 | 	Train Accuracy     : 0.8607
Valid Loss     : 0.4842	 | 	Valid Accuracy     : 0.7606

Epoch : 5
Train Loss     : 0.3484	 | 	Train Accuracy     : 0.8658
Valid Loss     : 0.4870	 | 	Valid Accuracy     : 0.7705

Epoch : 6
Train Loss     : 0.3224	 | 	Train Accuracy     : 0.8757
Valid Loss     : 0.4504	 | 	Valid Accuracy     : 0.7815

Epoch : 7
Train Loss     : 0.3169	 | 	Train Accuracy     : 0.8752
Valid Loss     : 0.4307	 | 	Valid Accuracy     : 0.8046

Epoch : 8
Train Loss     : 0.3209	 | 	Train Accuracy     : 0.8716
Valid Loss     : 0.4342	 | 	Valid Accuracy     : 0.7908

Epoch : 9
Train Loss     : 0.3176	 | 	Train Accuracy     : 0.8709
Valid Loss     : 0.4813	 | 	Valid Accuracy     : 0.7731

Epoch : 10
Train Loss     : 0.2999	 | 	Train Accuracy     : 0.8849
Valid Loss     : 0.4775	 | 	Valid Accuracy     : 0.7764

Epoch : 11
Train Loss     : 0.2916	 | 	Train Accuracy     : 0.8892
Valid Loss     : 0.4243	 | 	Valid Accuracy     : 0.7985

Epoch : 12
Train Loss     : 0.3115	 | 	Train Accuracy     : 0.8738
Valid Loss     : 0.4434	 | 	Valid Accuracy     : 0.8000

Epoch : 13
Train Loss     : 0.3108	 | 	Train Accuracy     : 0.8746
Valid Loss     : 0.4960	 | 	Valid Accuracy     : 0.7688

Epoch : 14
Train Loss     : 0.2958	 | 	Train Accuracy     : 0.8826
Valid Loss     : 0.4525	 | 	Valid Accuracy     : 0.7840

Epoch : 15
Train Loss     : 0.2909	 | 	Train Accuracy     : 0.8842
Valid Loss     : 0.5250	 | 	Valid Accuracy     : 0.7658

Epoch : 16
Train Loss     : 0.2905	 | 	Train Accuracy     : 0.8865
Valid Loss     : 0.4520	 | 	Valid Accuracy     : 0.7874

Epoch : 17
Train Loss     : 0.2829	 | 	Train Accuracy     : 0.8903
Valid Loss     : 0.5558	 | 	Valid Accuracy     : 0.7512

Epoch : 18
Train Loss     : 0.2833	 | 	Train Accuracy     : 0.8894
Valid Loss     : 0.4777	 | 	Valid Accuracy     : 0.7844

Epoch : 19
Train Loss     : 0.2788	 | 	Train Accuracy     : 0.8930
Valid Loss     : 0.6131	 | 	Valid Accuracy     : 0.7345

Epoch : 20
Train Loss     : 0.3006	 | 	Train Accuracy     : 0.8813
Valid Loss     : 0.4397	 | 	Valid Accuracy     : 0.7904

Epoch : 21
Train Loss     : 0.2822	 | 	Train Accuracy     : 0.8885
Valid Loss     : 0.4754	 | 	Valid Accuracy     : 0.7755

Epoch : 22
Train Loss     : 0.2710	 | 	Train Accuracy     : 0.8962
Valid Loss     : 0.5024	 | 	Valid Accuracy     : 0.7703

Epoch : 23
Train Loss     : 0.2611	 | 	Train Accuracy     : 0.8997
Valid Loss     : 0.4836	 | 	Valid Accuracy     : 0.7783

Epoch : 24
Train Loss     : 0.2597	 | 	Train Accuracy     : 0.9040
Valid Loss     : 0.4897	 | 	Valid Accuracy     : 0.7719

Epoch : 25
Train Loss     : 0.2599	 | 	Train Accuracy     : 0.9009
Valid Loss     : 0.4780	 | 	Valid Accuracy     : 0.7737

Epoch : 26
Train Loss     : 0.2600	 | 	Train Accuracy     : 0.9017
Valid Loss     : 0.4790	 | 	Valid Accuracy     : 0.7791

Epoch : 27
Train Loss     : 0.2614	 | 	Train Accuracy     : 0.8990
Valid Loss     : 0.4825	 | 	Valid Accuracy     : 0.7774

Epoch : 28
Train Loss     : 0.2608	 | 	Train Accuracy     : 0.8997
Valid Loss     : 0.5135	 | 	Valid Accuracy     : 0.7643

Epoch : 29
Train Loss     : 0.2639	 | 	Train Accuracy     : 0.9004
Valid Loss     : 0.4913	 | 	Valid Accuracy     : 0.7742

Epoch : 30
Train Loss     : 0.2600	 | 	Train Accuracy     : 0.9027
Valid Loss     : 0.5052	 | 	Valid Accuracy     : 0.7729

Evaluate on the Test set:
Test loss      :0.6409	 | Test Accuracy      : 0.7435 | Test AUPRC      : 0.7464
tensor([0.7784, 0.6903, 0.9871, 0.8995, 0.8741, 0.7001, 0.8831, 0.6578, 0.7241,
        0.6711, 0.8158, 0.7755, 0.8283, 0.8811, 0.7346, 0.5828, 0.6687, 0.5973,
        0.5981, 0.7029, 0.8697, 0.7513, 0.6643, 0.9937, 0.8932, 0.8014, 0.7312,
        0.6032, 0.5420, 0.5645, 0.7291, 0.9331, 0.8293, 0.7513, 0.5351, 0.6685,
        0.7242, 0.6067, 0.8673, 0.8599, 0.9275, 0.8052, 0.7221, 0.7774, 0.7847,
        0.7734, 0.7570, 0.6816, 0.6710, 0.7281, 0.6748, 0.7342, 0.6935, 0.8148,
        0.6737, 0.4952, 0.6235, 0.6801, 0.8461, 0.7487, 0.5894, 0.6244],
       device='cuda:0', grad_fn=<SqueezeBackward1>)

################## Training is Done! #########################
Training time is : 0:01:45.150200
