=============================================
Dataset: SEED
Method:  TS-TCC
Mode:    train_linear
=============================================
Data loaded ...
Subjet 11
if scale True
Training started ....

Epoch : 1
Train Loss     : 0.9865	 | 	Train Accuracy     : 0.6029
Valid Loss     : 1.4982	 | 	Valid Accuracy     : 0.4854

Epoch : 2
Train Loss     : 0.5234	 | 	Train Accuracy     : 0.7881
Valid Loss     : 0.5419	 | 	Valid Accuracy     : 0.7564

Epoch : 3
Train Loss     : 0.4483	 | 	Train Accuracy     : 0.8289
Valid Loss     : 0.4861	 | 	Valid Accuracy     : 0.8002

Epoch : 4
Train Loss     : 0.4180	 | 	Train Accuracy     : 0.8376
Valid Loss     : 0.4791	 | 	Valid Accuracy     : 0.8131

Epoch : 5
Train Loss     : 0.4069	 | 	Train Accuracy     : 0.8459
Valid Loss     : 0.5575	 | 	Valid Accuracy     : 0.7713

Epoch : 6
Train Loss     : 0.3965	 | 	Train Accuracy     : 0.8490
Valid Loss     : 0.4675	 | 	Valid Accuracy     : 0.8124

Epoch : 7
Train Loss     : 0.3720	 | 	Train Accuracy     : 0.8629
Valid Loss     : 0.4342	 | 	Valid Accuracy     : 0.8262

Epoch : 8
Train Loss     : 0.3737	 | 	Train Accuracy     : 0.8543
Valid Loss     : 0.4478	 | 	Valid Accuracy     : 0.8283

Epoch : 9
Train Loss     : 0.3603	 | 	Train Accuracy     : 0.8641
Valid Loss     : 0.4718	 | 	Valid Accuracy     : 0.8216

Epoch : 10
Train Loss     : 0.3588	 | 	Train Accuracy     : 0.8648
Valid Loss     : 0.5393	 | 	Valid Accuracy     : 0.7881

Epoch : 11
Train Loss     : 0.3444	 | 	Train Accuracy     : 0.8719
Valid Loss     : 0.5132	 | 	Valid Accuracy     : 0.7956

Epoch : 12
Train Loss     : 0.3723	 | 	Train Accuracy     : 0.8550
Valid Loss     : 0.4480	 | 	Valid Accuracy     : 0.8145

Epoch : 13
Train Loss     : 0.3653	 | 	Train Accuracy     : 0.8634
Valid Loss     : 0.5591	 | 	Valid Accuracy     : 0.7873

Epoch : 14
Train Loss     : 0.3512	 | 	Train Accuracy     : 0.8671
Valid Loss     : 0.5277	 | 	Valid Accuracy     : 0.7908

Epoch : 15
Train Loss     : 0.3545	 | 	Train Accuracy     : 0.8614
Valid Loss     : 0.5304	 | 	Valid Accuracy     : 0.7995

Epoch : 16
Train Loss     : 0.3521	 | 	Train Accuracy     : 0.8648
Valid Loss     : 0.4815	 | 	Valid Accuracy     : 0.8152

Epoch : 17
Train Loss     : 0.3462	 | 	Train Accuracy     : 0.8643
Valid Loss     : 0.5054	 | 	Valid Accuracy     : 0.8057

Epoch : 18
Train Loss     : 0.3290	 | 	Train Accuracy     : 0.8767
Valid Loss     : 0.4959	 | 	Valid Accuracy     : 0.8076

Epoch : 19
Train Loss     : 0.3217	 | 	Train Accuracy     : 0.8802
Valid Loss     : 0.4761	 | 	Valid Accuracy     : 0.8135

Epoch : 20
Train Loss     : 0.3113	 | 	Train Accuracy     : 0.8864
Valid Loss     : 0.4954	 | 	Valid Accuracy     : 0.8069

Epoch : 21
Train Loss     : 0.3197	 | 	Train Accuracy     : 0.8823
Valid Loss     : 0.5328	 | 	Valid Accuracy     : 0.7946

Epoch : 22
Train Loss     : 0.3182	 | 	Train Accuracy     : 0.8803
Valid Loss     : 0.5416	 | 	Valid Accuracy     : 0.7927

Epoch : 23
Train Loss     : 0.3113	 | 	Train Accuracy     : 0.8823
Valid Loss     : 0.5027	 | 	Valid Accuracy     : 0.8041

Epoch : 24
Train Loss     : 0.3127	 | 	Train Accuracy     : 0.8859
Valid Loss     : 0.4975	 | 	Valid Accuracy     : 0.8058

Epoch : 25
Train Loss     : 0.3106	 | 	Train Accuracy     : 0.8850
Valid Loss     : 0.4917	 | 	Valid Accuracy     : 0.8074

Epoch : 26
Train Loss     : 0.3166	 | 	Train Accuracy     : 0.8853
Valid Loss     : 0.5310	 | 	Valid Accuracy     : 0.7956

Epoch : 27
Train Loss     : 0.3112	 | 	Train Accuracy     : 0.8857
Valid Loss     : 0.4789	 | 	Valid Accuracy     : 0.8143

Epoch : 28
Train Loss     : 0.3151	 | 	Train Accuracy     : 0.8826
Valid Loss     : 0.5019	 | 	Valid Accuracy     : 0.8046

Epoch : 29
Train Loss     : 0.3171	 | 	Train Accuracy     : 0.8841
Valid Loss     : 0.5079	 | 	Valid Accuracy     : 0.7977

Epoch : 30
Train Loss     : 0.3106	 | 	Train Accuracy     : 0.8852
Valid Loss     : 0.4923	 | 	Valid Accuracy     : 0.8075

Evaluate on the Test set:
Test loss      :0.6634	 | Test Accuracy      : 0.7966 | Test AUPRC      : 0.8225
tensor([0.7599, 0.7705, 0.9264, 0.8208, 0.9009, 0.8464, 0.9486, 0.6645, 0.8080,
        0.7066, 0.7852, 0.8434, 0.9367, 0.7612, 0.7094, 0.6195, 0.8260, 0.7231,
        0.5948, 0.9258, 0.7297, 0.9370, 0.8433, 0.9713, 0.8713, 0.8547, 0.7523,
        0.7468, 0.8066, 0.6742, 0.8130, 0.9473, 0.8862, 0.7430, 0.5923, 0.7292,
        0.8081, 0.6639, 0.8431, 0.6907, 0.9433, 0.8359, 0.6707, 0.8068, 0.7868,
        0.8329, 0.7116, 0.7775, 0.7284, 0.6482, 0.8775, 0.8253, 0.7813, 0.7936,
        0.6670, 0.5704, 0.6911, 0.9520, 0.9240, 0.7117, 0.7446, 0.7365],
       device='cuda:0', grad_fn=<SqueezeBackward1>)

################## Training is Done! #########################
Training time is : 0:01:36.912756
