=============================================
Dataset: SEED
Method:  TS-TCC
Mode:    train_linear
=============================================
Data loaded ...
Subjet 11
if scale True
Training started ....

Epoch : 1
Train Loss     : 1.0395	 | 	Train Accuracy     : 0.5702
Valid Loss     : 2.2111	 | 	Valid Accuracy     : 0.3957

Epoch : 2
Train Loss     : 0.5981	 | 	Train Accuracy     : 0.7481
Valid Loss     : 0.7727	 | 	Valid Accuracy     : 0.6971

Epoch : 3
Train Loss     : 0.5175	 | 	Train Accuracy     : 0.7959
Valid Loss     : 0.5194	 | 	Valid Accuracy     : 0.7714

Epoch : 4
Train Loss     : 0.4502	 | 	Train Accuracy     : 0.8272
Valid Loss     : 0.5847	 | 	Valid Accuracy     : 0.7603

Epoch : 5
Train Loss     : 0.4302	 | 	Train Accuracy     : 0.8399
Valid Loss     : 0.4567	 | 	Valid Accuracy     : 0.8294

Epoch : 6
Train Loss     : 0.4123	 | 	Train Accuracy     : 0.8442
Valid Loss     : 0.5371	 | 	Valid Accuracy     : 0.7938

Epoch : 7
Train Loss     : 0.4045	 | 	Train Accuracy     : 0.8500
Valid Loss     : 0.4777	 | 	Valid Accuracy     : 0.8119

Epoch : 8
Train Loss     : 0.3802	 | 	Train Accuracy     : 0.8602
Valid Loss     : 0.4407	 | 	Valid Accuracy     : 0.8312

Epoch : 9
Train Loss     : 0.3886	 | 	Train Accuracy     : 0.8508
Valid Loss     : 0.4229	 | 	Valid Accuracy     : 0.8204

Epoch : 10
Train Loss     : 0.4176	 | 	Train Accuracy     : 0.8335
Valid Loss     : 0.5041	 | 	Valid Accuracy     : 0.8137

Epoch : 11
Train Loss     : 0.3843	 | 	Train Accuracy     : 0.8541
Valid Loss     : 0.6713	 | 	Valid Accuracy     : 0.7532

Epoch : 12
Train Loss     : 0.3703	 | 	Train Accuracy     : 0.8586
Valid Loss     : 0.4731	 | 	Valid Accuracy     : 0.8223

Epoch : 13
Train Loss     : 0.3523	 | 	Train Accuracy     : 0.8722
Valid Loss     : 0.4759	 | 	Valid Accuracy     : 0.8218

Epoch : 14
Train Loss     : 0.3681	 | 	Train Accuracy     : 0.8599
Valid Loss     : 0.4782	 | 	Valid Accuracy     : 0.8178

Epoch : 15
Train Loss     : 0.3537	 | 	Train Accuracy     : 0.8724
Valid Loss     : 0.4703	 | 	Valid Accuracy     : 0.8224

Epoch : 16
Train Loss     : 0.3651	 | 	Train Accuracy     : 0.8623
Valid Loss     : 0.5902	 | 	Valid Accuracy     : 0.7777

Epoch : 17
Train Loss     : 0.3428	 | 	Train Accuracy     : 0.8699
Valid Loss     : 0.4507	 | 	Valid Accuracy     : 0.8287

Epoch : 18
Train Loss     : 0.3498	 | 	Train Accuracy     : 0.8666
Valid Loss     : 0.6108	 | 	Valid Accuracy     : 0.7787

Epoch : 19
Train Loss     : 0.3711	 | 	Train Accuracy     : 0.8613
Valid Loss     : 0.5036	 | 	Valid Accuracy     : 0.8195

Epoch : 20
Train Loss     : 0.3264	 | 	Train Accuracy     : 0.8763
Valid Loss     : 0.5477	 | 	Valid Accuracy     : 0.7951

Epoch : 21
Train Loss     : 0.3266	 | 	Train Accuracy     : 0.8765
Valid Loss     : 0.5280	 | 	Valid Accuracy     : 0.8024

Epoch : 22
Train Loss     : 0.3195	 | 	Train Accuracy     : 0.8829
Valid Loss     : 0.5099	 | 	Valid Accuracy     : 0.8158

Epoch : 23
Train Loss     : 0.3178	 | 	Train Accuracy     : 0.8818
Valid Loss     : 0.5127	 | 	Valid Accuracy     : 0.8058

Epoch : 24
Train Loss     : 0.3205	 | 	Train Accuracy     : 0.8792
Valid Loss     : 0.5164	 | 	Valid Accuracy     : 0.8074

Epoch : 25
Train Loss     : 0.3137	 | 	Train Accuracy     : 0.8831
Valid Loss     : 0.5128	 | 	Valid Accuracy     : 0.8059

Epoch : 26
Train Loss     : 0.3232	 | 	Train Accuracy     : 0.8792
Valid Loss     : 0.5625	 | 	Valid Accuracy     : 0.7900

Epoch : 27
Train Loss     : 0.3171	 | 	Train Accuracy     : 0.8866
Valid Loss     : 0.5099	 | 	Valid Accuracy     : 0.8092

Epoch : 28
Train Loss     : 0.3268	 | 	Train Accuracy     : 0.8794
Valid Loss     : 0.4834	 | 	Valid Accuracy     : 0.8209

Epoch : 29
Train Loss     : 0.3147	 | 	Train Accuracy     : 0.8874
Valid Loss     : 0.4682	 | 	Valid Accuracy     : 0.8179

Epoch : 30
Train Loss     : 0.3138	 | 	Train Accuracy     : 0.8845
Valid Loss     : 0.5003	 | 	Valid Accuracy     : 0.8144

Evaluate on the Test set:
Test loss      :0.6946	 | Test Accuracy      : 0.7800 | Test AUPRC      : 0.8029
tensor([0.8034, 0.8088, 0.9339, 0.8210, 0.8967, 0.8664, 0.9609, 0.7076, 0.8247,
        0.7563, 0.8113, 0.8718, 0.9300, 0.7940, 0.7654, 0.6596, 0.8531, 0.7612,
        0.6648, 0.9439, 0.7795, 0.9503, 0.8522, 0.9891, 0.8956, 0.8935, 0.8177,
        0.7271, 0.8356, 0.7219, 0.8390, 0.9184, 0.9099, 0.8238, 0.6494, 0.7938,
        0.8153, 0.6849, 0.8756, 0.7275, 0.9399, 0.8492, 0.7210, 0.8484, 0.8344,
        0.8574, 0.7514, 0.8219, 0.7310, 0.6935, 0.8981, 0.8305, 0.8327, 0.8397,
        0.7411, 0.6245, 0.7632, 0.9745, 0.9389, 0.8155, 0.8130, 0.7911],
       device='cuda:0', grad_fn=<SqueezeBackward1>)

################## Training is Done! #########################
Training time is : 0:01:52.656352
