=============================================
Dataset: SEED
Method:  TS-TCC
Mode:    train_linear
=============================================
Data loaded ...
Subjet 4
if scale True
Training started ....

Epoch : 1
Train Loss     : 1.3319	 | 	Train Accuracy     : 0.4317
Valid Loss     : 1.7830	 | 	Valid Accuracy     : 0.4251

Epoch : 2
Train Loss     : 0.8839	 | 	Train Accuracy     : 0.6130
Valid Loss     : 1.0581	 | 	Valid Accuracy     : 0.4588

Epoch : 3
Train Loss     : 0.7137	 | 	Train Accuracy     : 0.7068
Valid Loss     : 1.2148	 | 	Valid Accuracy     : 0.4393

Epoch : 4
Train Loss     : 0.6510	 | 	Train Accuracy     : 0.7271
Valid Loss     : 0.9282	 | 	Valid Accuracy     : 0.5985

Epoch : 5
Train Loss     : 0.6156	 | 	Train Accuracy     : 0.7589
Valid Loss     : 0.9005	 | 	Valid Accuracy     : 0.6204

Epoch : 6
Train Loss     : 0.5929	 | 	Train Accuracy     : 0.7654
Valid Loss     : 0.9573	 | 	Valid Accuracy     : 0.6278

Epoch : 7
Train Loss     : 0.5930	 | 	Train Accuracy     : 0.7625
Valid Loss     : 0.8982	 | 	Valid Accuracy     : 0.6179

Epoch : 8
Train Loss     : 0.5601	 | 	Train Accuracy     : 0.7790
Valid Loss     : 0.9675	 | 	Valid Accuracy     : 0.6265

Epoch : 9
Train Loss     : 0.5538	 | 	Train Accuracy     : 0.7849
Valid Loss     : 0.9808	 | 	Valid Accuracy     : 0.6164

Epoch : 10
Train Loss     : 0.5630	 | 	Train Accuracy     : 0.7741
Valid Loss     : 1.0094	 | 	Valid Accuracy     : 0.6001

Epoch : 11
Train Loss     : 0.5278	 | 	Train Accuracy     : 0.7868
Valid Loss     : 0.9151	 | 	Valid Accuracy     : 0.6169

Epoch : 12
Train Loss     : 0.5378	 | 	Train Accuracy     : 0.7804
Valid Loss     : 0.9808	 | 	Valid Accuracy     : 0.6092

Epoch : 13
Train Loss     : 0.5291	 | 	Train Accuracy     : 0.7828
Valid Loss     : 0.9680	 | 	Valid Accuracy     : 0.6176

Epoch : 14
Train Loss     : 0.5201	 | 	Train Accuracy     : 0.7958
Valid Loss     : 0.9481	 | 	Valid Accuracy     : 0.6213

Epoch : 15
Train Loss     : 0.5100	 | 	Train Accuracy     : 0.7965
Valid Loss     : 0.9338	 | 	Valid Accuracy     : 0.6336

Epoch : 16
Train Loss     : 0.5034	 | 	Train Accuracy     : 0.8038
Valid Loss     : 1.0207	 | 	Valid Accuracy     : 0.6238

Epoch : 17
Train Loss     : 0.5041	 | 	Train Accuracy     : 0.8036
Valid Loss     : 0.9514	 | 	Valid Accuracy     : 0.6350

Epoch : 18
Train Loss     : 0.5085	 | 	Train Accuracy     : 0.7951
Valid Loss     : 1.0268	 | 	Valid Accuracy     : 0.6041

Epoch : 19
Train Loss     : 0.4962	 | 	Train Accuracy     : 0.8060
Valid Loss     : 0.9718	 | 	Valid Accuracy     : 0.6344

Epoch : 20
Train Loss     : 0.4744	 | 	Train Accuracy     : 0.8152
Valid Loss     : 0.9750	 | 	Valid Accuracy     : 0.6249

Epoch : 21
Train Loss     : 0.4721	 | 	Train Accuracy     : 0.8189
Valid Loss     : 0.9434	 | 	Valid Accuracy     : 0.6387

Epoch : 22
Train Loss     : 0.4738	 | 	Train Accuracy     : 0.8199
Valid Loss     : 0.9482	 | 	Valid Accuracy     : 0.6378

Epoch : 23
Train Loss     : 0.4691	 | 	Train Accuracy     : 0.8215
Valid Loss     : 0.9523	 | 	Valid Accuracy     : 0.6319

Epoch : 24
Train Loss     : 0.4611	 | 	Train Accuracy     : 0.8293
Valid Loss     : 0.9658	 | 	Valid Accuracy     : 0.6359

Epoch : 25
Train Loss     : 0.4676	 | 	Train Accuracy     : 0.8243
Valid Loss     : 0.9530	 | 	Valid Accuracy     : 0.6350

Epoch : 26
Train Loss     : 0.4695	 | 	Train Accuracy     : 0.8225
Valid Loss     : 0.9201	 | 	Valid Accuracy     : 0.6473

Epoch : 27
Train Loss     : 0.4672	 | 	Train Accuracy     : 0.8233
Valid Loss     : 0.9309	 | 	Valid Accuracy     : 0.6412

Epoch : 28
Train Loss     : 0.4733	 | 	Train Accuracy     : 0.8190
Valid Loss     : 0.9362	 | 	Valid Accuracy     : 0.6374

Epoch : 29
Train Loss     : 0.4620	 | 	Train Accuracy     : 0.8224
Valid Loss     : 0.9407	 | 	Valid Accuracy     : 0.6384

Epoch : 30
Train Loss     : 0.4697	 | 	Train Accuracy     : 0.8236
Valid Loss     : 0.9352	 | 	Valid Accuracy     : 0.6379

Evaluate on the Test set:
Test loss      :0.9669	 | Test Accuracy      : 0.6116 | Test AUPRC      : 0.6854
tensor([0.9215, 0.9317, 0.9604, 0.8530, 0.8635, 0.9730, 0.9313, 0.8197, 0.8695,
        0.8224, 0.8407, 0.8124, 0.9149, 0.9610, 0.9179, 0.8301, 0.8852, 0.8586,
        0.7790, 0.8856, 0.8375, 0.8854, 0.8514, 1.0314, 0.8574, 0.9296, 0.9080,
        0.8237, 0.8202, 0.8057, 0.8724, 1.0332, 0.9150, 0.8158, 0.7809, 0.8871,
        0.8797, 0.8195, 0.8909, 0.8235, 0.9662, 0.8752, 0.8430, 0.8361, 0.8923,
        0.8504, 0.8441, 0.8474, 0.8714, 0.8269, 0.8131, 0.8336, 0.8478, 0.8779,
        0.8578, 0.7878, 0.8388, 0.8727, 0.9214, 0.8892, 0.8801, 0.8397],
       device='cuda:0', grad_fn=<SqueezeBackward1>)

################## Training is Done! #########################
Training time is : 0:01:28.130968
