=============================================
Dataset: SEED
Method:  TS-TCC
Mode:    train_linear
=============================================
Data loaded ...
Subjet 10
if scale True
Training started ....

Epoch : 1
Train Loss     : 1.1017	 | 	Train Accuracy     : 0.5432
Valid Loss     : 1.3588	 | 	Valid Accuracy     : 0.3401

Epoch : 2
Train Loss     : 0.7277	 | 	Train Accuracy     : 0.6521
Valid Loss     : 1.4022	 | 	Valid Accuracy     : 0.3841

Epoch : 3
Train Loss     : 0.5582	 | 	Train Accuracy     : 0.7335
Valid Loss     : 1.6870	 | 	Valid Accuracy     : 0.3961

Epoch : 4
Train Loss     : 0.5537	 | 	Train Accuracy     : 0.7306
Valid Loss     : 1.2413	 | 	Valid Accuracy     : 0.4594

Epoch : 5
Train Loss     : 0.4933	 | 	Train Accuracy     : 0.7807
Valid Loss     : 1.0561	 | 	Valid Accuracy     : 0.5166

Epoch : 6
Train Loss     : 0.4891	 | 	Train Accuracy     : 0.7842
Valid Loss     : 1.3290	 | 	Valid Accuracy     : 0.5189

Epoch : 7
Train Loss     : 0.4707	 | 	Train Accuracy     : 0.7876
Valid Loss     : 1.1438	 | 	Valid Accuracy     : 0.5238

Epoch : 8
Train Loss     : 0.4686	 | 	Train Accuracy     : 0.7953
Valid Loss     : 1.2210	 | 	Valid Accuracy     : 0.5623

Epoch : 9
Train Loss     : 0.4657	 | 	Train Accuracy     : 0.7812
Valid Loss     : 1.1534	 | 	Valid Accuracy     : 0.5678

Epoch : 10
Train Loss     : 0.4428	 | 	Train Accuracy     : 0.8032
Valid Loss     : 1.2085	 | 	Valid Accuracy     : 0.5643

Epoch : 11
Train Loss     : 0.4204	 | 	Train Accuracy     : 0.8265
Valid Loss     : 1.2774	 | 	Valid Accuracy     : 0.5503

Epoch : 12
Train Loss     : 0.4365	 | 	Train Accuracy     : 0.8168
Valid Loss     : 1.3797	 | 	Valid Accuracy     : 0.5569

Epoch : 13
Train Loss     : 0.4397	 | 	Train Accuracy     : 0.8117
Valid Loss     : 1.2877	 | 	Valid Accuracy     : 0.5427

Epoch : 14
Train Loss     : 0.4258	 | 	Train Accuracy     : 0.8184
Valid Loss     : 1.6504	 | 	Valid Accuracy     : 0.5358

Epoch : 15
Train Loss     : 0.4169	 | 	Train Accuracy     : 0.8156
Valid Loss     : 1.2135	 | 	Valid Accuracy     : 0.5359

Epoch : 16
Train Loss     : 0.3972	 | 	Train Accuracy     : 0.8255
Valid Loss     : 1.6369	 | 	Valid Accuracy     : 0.4848

Epoch : 17
Train Loss     : 0.3921	 | 	Train Accuracy     : 0.8310
Valid Loss     : 1.3021	 | 	Valid Accuracy     : 0.5299

Epoch : 18
Train Loss     : 0.3878	 | 	Train Accuracy     : 0.8344
Valid Loss     : 1.5017	 | 	Valid Accuracy     : 0.5376

Epoch : 19
Train Loss     : 0.3786	 | 	Train Accuracy     : 0.8420
Valid Loss     : 1.3721	 | 	Valid Accuracy     : 0.5187

Epoch : 20
Train Loss     : 0.3855	 | 	Train Accuracy     : 0.8383
Valid Loss     : 1.3473	 | 	Valid Accuracy     : 0.5297

Epoch : 21
Train Loss     : 0.3798	 | 	Train Accuracy     : 0.8491
Valid Loss     : 1.4151	 | 	Valid Accuracy     : 0.5273

Epoch : 22
Train Loss     : 0.3761	 | 	Train Accuracy     : 0.8441
Valid Loss     : 1.3623	 | 	Valid Accuracy     : 0.5305

Epoch : 23
Train Loss     : 0.3818	 | 	Train Accuracy     : 0.8498
Valid Loss     : 1.4160	 | 	Valid Accuracy     : 0.5426

Epoch : 24
Train Loss     : 0.3875	 | 	Train Accuracy     : 0.8413
Valid Loss     : 1.3633	 | 	Valid Accuracy     : 0.5149

Epoch : 25
Train Loss     : 0.3871	 | 	Train Accuracy     : 0.8423
Valid Loss     : 1.3962	 | 	Valid Accuracy     : 0.5388

Epoch : 26
Train Loss     : 0.3702	 | 	Train Accuracy     : 0.8512
Valid Loss     : 1.5360	 | 	Valid Accuracy     : 0.5228

Epoch : 27
Train Loss     : 0.3860	 | 	Train Accuracy     : 0.8385
Valid Loss     : 1.5093	 | 	Valid Accuracy     : 0.5159

Epoch : 28
Train Loss     : 0.3675	 | 	Train Accuracy     : 0.8485
Valid Loss     : 1.5092	 | 	Valid Accuracy     : 0.5097

Epoch : 29
Train Loss     : 0.3805	 | 	Train Accuracy     : 0.8480
Valid Loss     : 1.5017	 | 	Valid Accuracy     : 0.4984

Epoch : 30
Train Loss     : 0.3770	 | 	Train Accuracy     : 0.8551
Valid Loss     : 1.4265	 | 	Valid Accuracy     : 0.5241

Evaluate on the Test set:
Test loss      :1.7424	 | Test Accuracy      : 0.5107 | Test AUPRC      : 0.5579
tensor([0.9219, 0.9340, 0.9428, 0.8756, 0.8958, 0.9586, 0.9302, 0.8722, 0.9011,
        0.8564, 0.8658, 0.8871, 0.9423, 0.8731, 0.9705, 0.8403, 0.8730, 0.8602,
        0.8397, 0.9225, 0.8829, 0.9445, 0.8906, 0.9968, 0.9400, 0.9152, 0.8944,
        0.8463, 0.8996, 0.8580, 0.8801, 0.9931, 0.9498, 0.8936, 0.8265, 0.9245,
        0.8769, 0.8735, 0.8976, 0.8710, 0.9564, 0.9475, 0.9029, 0.9024, 0.9443,
        0.8771, 0.8948, 0.8787, 0.8832, 0.8456, 0.9202, 0.8692, 0.9060, 0.9248,
        0.8790, 0.8176, 0.8868, 0.9031, 0.9491, 0.9696, 0.9403, 0.8817],
       device='cuda:0', grad_fn=<SqueezeBackward1>)

################## Training is Done! #########################
Training time is : 0:01:23.217653
