=============================================
Dataset: SEED
Method:  TS-TCC
Mode:    train_linear
=============================================
Data loaded ...
Subjet 8
if scale True
Training started ....

Epoch : 1
Train Loss     : 0.9895	 | 	Train Accuracy     : 0.6025
Valid Loss     : 0.7165	 | 	Valid Accuracy     : 0.6456

Epoch : 2
Train Loss     : 0.5759	 | 	Train Accuracy     : 0.7271
Valid Loss     : 0.5946	 | 	Valid Accuracy     : 0.6765

Epoch : 3
Train Loss     : 0.4510	 | 	Train Accuracy     : 0.8031
Valid Loss     : 0.4868	 | 	Valid Accuracy     : 0.7730

Epoch : 4
Train Loss     : 0.4000	 | 	Train Accuracy     : 0.8125
Valid Loss     : 0.5240	 | 	Valid Accuracy     : 0.7519

Epoch : 5
Train Loss     : 0.3564	 | 	Train Accuracy     : 0.8516
Valid Loss     : 0.5607	 | 	Valid Accuracy     : 0.7146

Epoch : 6
Train Loss     : 0.3570	 | 	Train Accuracy     : 0.8596
Valid Loss     : 0.4784	 | 	Valid Accuracy     : 0.7845

Epoch : 7
Train Loss     : 0.3262	 | 	Train Accuracy     : 0.8636
Valid Loss     : 0.5081	 | 	Valid Accuracy     : 0.7578

Epoch : 8
Train Loss     : 0.3136	 | 	Train Accuracy     : 0.8826
Valid Loss     : 0.5563	 | 	Valid Accuracy     : 0.7386

Epoch : 9
Train Loss     : 0.3148	 | 	Train Accuracy     : 0.8746
Valid Loss     : 0.5253	 | 	Valid Accuracy     : 0.7594

Epoch : 10
Train Loss     : 0.3040	 | 	Train Accuracy     : 0.8800
Valid Loss     : 0.5445	 | 	Valid Accuracy     : 0.7563

Epoch : 11
Train Loss     : 0.2889	 | 	Train Accuracy     : 0.8867
Valid Loss     : 0.4966	 | 	Valid Accuracy     : 0.7720

Epoch : 12
Train Loss     : 0.2811	 | 	Train Accuracy     : 0.8918
Valid Loss     : 0.5147	 | 	Valid Accuracy     : 0.7629

Epoch : 13
Train Loss     : 0.2860	 | 	Train Accuracy     : 0.8885
Valid Loss     : 0.5541	 | 	Valid Accuracy     : 0.7598

Epoch : 14
Train Loss     : 0.2861	 | 	Train Accuracy     : 0.8849
Valid Loss     : 0.5535	 | 	Valid Accuracy     : 0.7703

Epoch : 15
Train Loss     : 0.2816	 | 	Train Accuracy     : 0.8903
Valid Loss     : 0.6484	 | 	Valid Accuracy     : 0.7344

Epoch : 16
Train Loss     : 0.2753	 | 	Train Accuracy     : 0.8925
Valid Loss     : 0.5845	 | 	Valid Accuracy     : 0.7447

Epoch : 17
Train Loss     : 0.2569	 | 	Train Accuracy     : 0.8999
Valid Loss     : 0.5862	 | 	Valid Accuracy     : 0.7580

Epoch : 18
Train Loss     : 0.2564	 | 	Train Accuracy     : 0.9011
Valid Loss     : 0.5830	 | 	Valid Accuracy     : 0.7533

Epoch : 19
Train Loss     : 0.2573	 | 	Train Accuracy     : 0.8995
Valid Loss     : 0.5549	 | 	Valid Accuracy     : 0.7635

Epoch : 20
Train Loss     : 0.2553	 | 	Train Accuracy     : 0.8985
Valid Loss     : 0.5535	 | 	Valid Accuracy     : 0.7617

Epoch : 21
Train Loss     : 0.2509	 | 	Train Accuracy     : 0.9031
Valid Loss     : 0.5983	 | 	Valid Accuracy     : 0.7414

Epoch : 22
Train Loss     : 0.2486	 | 	Train Accuracy     : 0.9001
Valid Loss     : 0.5581	 | 	Valid Accuracy     : 0.7590

Epoch : 23
Train Loss     : 0.2458	 | 	Train Accuracy     : 0.9050
Valid Loss     : 0.5834	 | 	Valid Accuracy     : 0.7474

Epoch : 24
Train Loss     : 0.2517	 | 	Train Accuracy     : 0.9006
Valid Loss     : 0.5730	 | 	Valid Accuracy     : 0.7560

Epoch : 25
Train Loss     : 0.2499	 | 	Train Accuracy     : 0.9056
Valid Loss     : 0.5781	 | 	Valid Accuracy     : 0.7578

Epoch : 26
Train Loss     : 0.2498	 | 	Train Accuracy     : 0.9045
Valid Loss     : 0.5824	 | 	Valid Accuracy     : 0.7537

Epoch : 27
Train Loss     : 0.2413	 | 	Train Accuracy     : 0.9106
Valid Loss     : 0.5532	 | 	Valid Accuracy     : 0.7613

Epoch : 28
Train Loss     : 0.2493	 | 	Train Accuracy     : 0.9046
Valid Loss     : 0.6132	 | 	Valid Accuracy     : 0.7454

Epoch : 29
Train Loss     : 0.2476	 | 	Train Accuracy     : 0.9002
Valid Loss     : 0.6018	 | 	Valid Accuracy     : 0.7478

Epoch : 30
Train Loss     : 0.2435	 | 	Train Accuracy     : 0.9071
Valid Loss     : 0.5875	 | 	Valid Accuracy     : 0.7492

Evaluate on the Test set:
Test loss      :0.8701	 | Test Accuracy      : 0.6960 | Test AUPRC      : 0.7286
tensor([0.8837, 0.8612, 1.0003, 0.9541, 0.8802, 0.9721, 0.9358, 0.8555, 0.8760,
        0.8597, 0.9018, 0.8783, 0.9048, 0.8662, 0.8708, 0.8269, 0.8445, 0.8568,
        0.8400, 0.9092, 0.9560, 0.8946, 0.8432, 0.9855, 0.9574, 0.8643, 0.9292,
        0.8501, 0.8533, 0.8466, 0.9128, 0.9766, 0.9390, 0.8667, 0.8192, 0.9281,
        0.8877, 0.8483, 0.9619, 0.8977, 0.9675, 0.9111, 0.8961, 0.8696, 0.9191,
        0.8811, 0.8738, 0.8854, 0.8456, 0.8770, 0.8425, 0.9034, 0.8636, 0.8398,
        0.8512, 0.8065, 0.8655, 0.8745, 0.9142, 0.8820, 0.9301, 0.8786],
       device='cuda:0', grad_fn=<SqueezeBackward1>)

################## Training is Done! #########################
Training time is : 0:01:20.974133
