=============================================
Dataset: SEED
Method:  TS-TCC
Mode:    train_linear
=============================================
Data loaded ...
Subjet 13
if scale True
Training started ....

Epoch : 1
Train Loss     : 1.5397	 | 	Train Accuracy     : 0.4570
Valid Loss     : 1.3192	 | 	Valid Accuracy     : 0.3613

Epoch : 2
Train Loss     : 0.7889	 | 	Train Accuracy     : 0.6611
Valid Loss     : 1.6941	 | 	Valid Accuracy     : 0.4028

Epoch : 3
Train Loss     : 0.5852	 | 	Train Accuracy     : 0.7259
Valid Loss     : 0.7406	 | 	Valid Accuracy     : 0.6381

Epoch : 4
Train Loss     : 0.4402	 | 	Train Accuracy     : 0.8151
Valid Loss     : 0.8642	 | 	Valid Accuracy     : 0.6157

Epoch : 5
Train Loss     : 0.3625	 | 	Train Accuracy     : 0.8467
Valid Loss     : 0.8030	 | 	Valid Accuracy     : 0.6652

Epoch : 6
Train Loss     : 0.3367	 | 	Train Accuracy     : 0.8619
Valid Loss     : 0.8995	 | 	Valid Accuracy     : 0.6702

Epoch : 7
Train Loss     : 0.3088	 | 	Train Accuracy     : 0.8793
Valid Loss     : 0.8970	 | 	Valid Accuracy     : 0.6840

Epoch : 8
Train Loss     : 0.2852	 | 	Train Accuracy     : 0.8869
Valid Loss     : 0.9789	 | 	Valid Accuracy     : 0.6875

Epoch : 9
Train Loss     : 0.2816	 | 	Train Accuracy     : 0.8944
Valid Loss     : 1.0417	 | 	Valid Accuracy     : 0.6880

Epoch : 10
Train Loss     : 0.2780	 | 	Train Accuracy     : 0.8880
Valid Loss     : 1.0729	 | 	Valid Accuracy     : 0.6905

Epoch : 11
Train Loss     : 0.2749	 | 	Train Accuracy     : 0.8962
Valid Loss     : 1.1498	 | 	Valid Accuracy     : 0.6759

Epoch : 12
Train Loss     : 0.2668	 | 	Train Accuracy     : 0.8944
Valid Loss     : 1.0775	 | 	Valid Accuracy     : 0.6615

Epoch : 13
Train Loss     : 0.2473	 | 	Train Accuracy     : 0.9051
Valid Loss     : 1.1304	 | 	Valid Accuracy     : 0.6683

Epoch : 14
Train Loss     : 0.2497	 | 	Train Accuracy     : 0.9039
Valid Loss     : 1.1260	 | 	Valid Accuracy     : 0.6748

Epoch : 15
Train Loss     : 0.2316	 | 	Train Accuracy     : 0.9122
Valid Loss     : 1.1548	 | 	Valid Accuracy     : 0.6809

Epoch : 16
Train Loss     : 0.2356	 | 	Train Accuracy     : 0.9087
Valid Loss     : 1.1791	 | 	Valid Accuracy     : 0.6809

Epoch : 17
Train Loss     : 0.2289	 | 	Train Accuracy     : 0.9124
Valid Loss     : 1.1601	 | 	Valid Accuracy     : 0.6850

Epoch : 18
Train Loss     : 0.2375	 | 	Train Accuracy     : 0.9128
Valid Loss     : 1.1428	 | 	Valid Accuracy     : 0.6818

Epoch : 19
Train Loss     : 0.2320	 | 	Train Accuracy     : 0.9106
Valid Loss     : 1.2144	 | 	Valid Accuracy     : 0.6709

Epoch : 20
Train Loss     : 0.2270	 | 	Train Accuracy     : 0.9199
Valid Loss     : 1.1835	 | 	Valid Accuracy     : 0.6818

Epoch : 21
Train Loss     : 0.2311	 | 	Train Accuracy     : 0.9143
Valid Loss     : 1.1614	 | 	Valid Accuracy     : 0.6809

Epoch : 22
Train Loss     : 0.2338	 | 	Train Accuracy     : 0.9140
Valid Loss     : 1.1869	 | 	Valid Accuracy     : 0.6815

Epoch : 23
Train Loss     : 0.2319	 | 	Train Accuracy     : 0.9163
Valid Loss     : 1.1902	 | 	Valid Accuracy     : 0.6769

Epoch : 24
Train Loss     : 0.2273	 | 	Train Accuracy     : 0.9135
Valid Loss     : 1.1607	 | 	Valid Accuracy     : 0.6860

Epoch : 25
Train Loss     : 0.2330	 | 	Train Accuracy     : 0.9147
Valid Loss     : 1.2288	 | 	Valid Accuracy     : 0.6793

Epoch : 26
Train Loss     : 0.2290	 | 	Train Accuracy     : 0.9138
Valid Loss     : 1.1656	 | 	Valid Accuracy     : 0.6902

Epoch : 27
Train Loss     : 0.2257	 | 	Train Accuracy     : 0.9199
Valid Loss     : 1.1953	 | 	Valid Accuracy     : 0.6841

Epoch : 28
Train Loss     : 0.2247	 | 	Train Accuracy     : 0.9155
Valid Loss     : 1.1721	 | 	Valid Accuracy     : 0.6874

Epoch : 29
Train Loss     : 0.2279	 | 	Train Accuracy     : 0.9137
Valid Loss     : 1.1889	 | 	Valid Accuracy     : 0.6763

Epoch : 30
Train Loss     : 0.2240	 | 	Train Accuracy     : 0.9193
Valid Loss     : 1.1862	 | 	Valid Accuracy     : 0.6767

Evaluate on the Test set:
Test loss      :1.8142	 | Test Accuracy      : 0.5667 | Test AUPRC      : 0.5631
tensor([0.9576, 0.9504, 0.9709, 0.9784, 0.9615, 0.9518, 1.0008, 0.9239, 0.9534,
        0.9192, 0.9216, 0.9196, 0.9791, 0.9367, 0.9415, 0.9117, 0.9219, 0.9377,
        0.8984, 0.9700, 0.9283, 0.9338, 0.9259, 1.0173, 0.9732, 0.9423, 0.9483,
        0.9292, 0.9062, 0.9194, 0.9246, 0.9927, 0.9926, 0.9518, 0.8942, 0.9429,
        0.9473, 0.9202, 0.9469, 0.9283, 0.9619, 0.9528, 0.9338, 0.9342, 0.9527,
        0.9408, 0.9625, 0.9342, 0.9332, 0.8975, 0.9192, 0.9368, 0.9145, 0.9511,
        0.9261, 0.8825, 0.9134, 0.9199, 0.9439, 0.9563, 0.9371, 0.9446],
       device='cuda:0', grad_fn=<SqueezeBackward1>)

################## Training is Done! #########################
Training time is : 0:01:07.177226
