=============================================
Dataset: SEED
Method:  TS-TCC
Mode:    train_linear
=============================================
Data loaded ...
Subjet 2
if scale True
Training started ....

Epoch : 1
Train Loss     : 1.1169	 | 	Train Accuracy     : 0.5049
Valid Loss     : 1.1336	 | 	Valid Accuracy     : 0.5305

Epoch : 2
Train Loss     : 0.7088	 | 	Train Accuracy     : 0.7000
Valid Loss     : 1.2549	 | 	Valid Accuracy     : 0.5844

Epoch : 3
Train Loss     : 0.6579	 | 	Train Accuracy     : 0.7282
Valid Loss     : 1.1250	 | 	Valid Accuracy     : 0.6028

Epoch : 4
Train Loss     : 0.6312	 | 	Train Accuracy     : 0.7400
Valid Loss     : 1.1388	 | 	Valid Accuracy     : 0.5063

Epoch : 5
Train Loss     : 0.6267	 | 	Train Accuracy     : 0.7403
Valid Loss     : 0.9477	 | 	Valid Accuracy     : 0.6350

Epoch : 6
Train Loss     : 0.6406	 | 	Train Accuracy     : 0.7273
Valid Loss     : 1.0961	 | 	Valid Accuracy     : 0.6163

Epoch : 7
Train Loss     : 0.6107	 | 	Train Accuracy     : 0.7486
Valid Loss     : 1.1158	 | 	Valid Accuracy     : 0.5619

Epoch : 8
Train Loss     : 0.6234	 | 	Train Accuracy     : 0.7437
Valid Loss     : 1.3966	 | 	Valid Accuracy     : 0.5575

Epoch : 9
Train Loss     : 0.6474	 | 	Train Accuracy     : 0.7359
Valid Loss     : 1.1628	 | 	Valid Accuracy     : 0.5463

Epoch : 10
Train Loss     : 0.6011	 | 	Train Accuracy     : 0.7538
Valid Loss     : 1.1561	 | 	Valid Accuracy     : 0.6118

Epoch : 11
Train Loss     : 0.5797	 | 	Train Accuracy     : 0.7582
Valid Loss     : 1.3540	 | 	Valid Accuracy     : 0.5766

Epoch : 12
Train Loss     : 0.6278	 | 	Train Accuracy     : 0.7417
Valid Loss     : 1.2942	 | 	Valid Accuracy     : 0.5887

Epoch : 13
Train Loss     : 0.6302	 | 	Train Accuracy     : 0.7353
Valid Loss     : 1.9783	 | 	Valid Accuracy     : 0.5221

Epoch : 14
Train Loss     : 0.5736	 | 	Train Accuracy     : 0.7720
Valid Loss     : 1.0240	 | 	Valid Accuracy     : 0.6321

Epoch : 15
Train Loss     : 0.5711	 | 	Train Accuracy     : 0.7694
Valid Loss     : 1.2456	 | 	Valid Accuracy     : 0.6024

Epoch : 16
Train Loss     : 0.5687	 | 	Train Accuracy     : 0.7695
Valid Loss     : 1.0829	 | 	Valid Accuracy     : 0.6215

Epoch : 17
Train Loss     : 0.5519	 | 	Train Accuracy     : 0.7745
Valid Loss     : 1.4413	 | 	Valid Accuracy     : 0.5720

Epoch : 18
Train Loss     : 0.5470	 | 	Train Accuracy     : 0.7853
Valid Loss     : 1.4528	 | 	Valid Accuracy     : 0.5592

Epoch : 19
Train Loss     : 0.5410	 | 	Train Accuracy     : 0.7803
Valid Loss     : 1.3694	 | 	Valid Accuracy     : 0.5781

Epoch : 20
Train Loss     : 0.5440	 | 	Train Accuracy     : 0.7852
Valid Loss     : 1.0683	 | 	Valid Accuracy     : 0.6164

Epoch : 21
Train Loss     : 0.5440	 | 	Train Accuracy     : 0.7854
Valid Loss     : 1.5566	 | 	Valid Accuracy     : 0.5538

Epoch : 22
Train Loss     : 0.5422	 | 	Train Accuracy     : 0.7802
Valid Loss     : 1.6142	 | 	Valid Accuracy     : 0.5606

Epoch : 23
Train Loss     : 0.5387	 | 	Train Accuracy     : 0.7841
Valid Loss     : 1.1915	 | 	Valid Accuracy     : 0.6033

Epoch : 24
Train Loss     : 0.5442	 | 	Train Accuracy     : 0.7901
Valid Loss     : 1.4780	 | 	Valid Accuracy     : 0.5617

Epoch : 25
Train Loss     : 0.5486	 | 	Train Accuracy     : 0.7816
Valid Loss     : 1.0533	 | 	Valid Accuracy     : 0.6180

Epoch : 26
Train Loss     : 0.5378	 | 	Train Accuracy     : 0.7873
Valid Loss     : 1.1260	 | 	Valid Accuracy     : 0.5973

Epoch : 27
Train Loss     : 0.5400	 | 	Train Accuracy     : 0.7842
Valid Loss     : 1.0354	 | 	Valid Accuracy     : 0.6266

Epoch : 28
Train Loss     : 0.5406	 | 	Train Accuracy     : 0.7796
Valid Loss     : 1.1684	 | 	Valid Accuracy     : 0.6021

Epoch : 29
Train Loss     : 0.5407	 | 	Train Accuracy     : 0.7867
Valid Loss     : 1.3350	 | 	Valid Accuracy     : 0.5815

Epoch : 30
Train Loss     : 0.5370	 | 	Train Accuracy     : 0.7803
Valid Loss     : 1.3529	 | 	Valid Accuracy     : 0.5787

Evaluate on the Test set:
Test loss      :1.2730	 | Test Accuracy      : 0.5003 | Test AUPRC      : 0.5688
tensor([0.8209, 0.8632, 0.9946, 0.8926, 0.9285, 0.8253, 0.9363, 0.7267, 0.8167,
        0.7371, 0.8690, 0.7985, 0.8027, 0.8652, 0.7711, 0.6768, 0.6688, 0.7828,
        0.7061, 0.7317, 0.8352, 0.8164, 0.6880, 0.9770, 0.8982, 0.6950, 0.8448,
        0.8391, 0.8576, 0.6798, 0.7866, 0.6983, 0.9009, 0.7937, 0.6533, 0.8483,
        0.7827, 0.7419, 0.9106, 0.6537, 0.8454, 0.8712, 0.6874, 0.9369, 0.9161,
        0.8343, 0.8884, 0.7615, 0.7358, 0.8372, 0.8402, 0.7995, 0.8269, 0.6926,
        0.7829, 0.6201, 0.7686, 0.9621, 0.9713, 0.7061, 0.8461, 0.7415],
       device='cuda:0', grad_fn=<SqueezeBackward1>)

################## Training is Done! #########################
Training time is : 0:01:41.356760
