=============================================
Dataset: SEED
Method:  TS-TCC
Mode:    train_linear
=============================================
Data loaded ...
Subjet 11
if scale True
Training started ....

Epoch : 1
Train Loss     : 1.2922	 | 	Train Accuracy     : 0.4937
Valid Loss     : 2.0288	 | 	Valid Accuracy     : 0.3321

Epoch : 2
Train Loss     : 0.7741	 | 	Train Accuracy     : 0.6443
Valid Loss     : 3.3964	 | 	Valid Accuracy     : 0.3457

Epoch : 3
Train Loss     : 0.6662	 | 	Train Accuracy     : 0.7064
Valid Loss     : 3.9637	 | 	Valid Accuracy     : 0.3334

Epoch : 4
Train Loss     : 0.5791	 | 	Train Accuracy     : 0.7663
Valid Loss     : 3.3714	 | 	Valid Accuracy     : 0.3534

Epoch : 5
Train Loss     : 0.4472	 | 	Train Accuracy     : 0.8160
Valid Loss     : 2.4283	 | 	Valid Accuracy     : 0.4047

Epoch : 6
Train Loss     : 0.3880	 | 	Train Accuracy     : 0.8349
Valid Loss     : 1.9051	 | 	Valid Accuracy     : 0.4487

Epoch : 7
Train Loss     : 0.4144	 | 	Train Accuracy     : 0.8205
Valid Loss     : 1.0068	 | 	Valid Accuracy     : 0.6296

Epoch : 8
Train Loss     : 0.4220	 | 	Train Accuracy     : 0.8385
Valid Loss     : 0.9982	 | 	Valid Accuracy     : 0.6137

Epoch : 9
Train Loss     : 0.3849	 | 	Train Accuracy     : 0.8355
Valid Loss     : 0.9365	 | 	Valid Accuracy     : 0.6369

Epoch : 10
Train Loss     : 0.3997	 | 	Train Accuracy     : 0.8483
Valid Loss     : 0.7354	 | 	Valid Accuracy     : 0.6863

Epoch : 11
Train Loss     : 0.3231	 | 	Train Accuracy     : 0.8683
Valid Loss     : 0.9482	 | 	Valid Accuracy     : 0.6443

Epoch : 12
Train Loss     : 0.3331	 | 	Train Accuracy     : 0.8806
Valid Loss     : 0.6075	 | 	Valid Accuracy     : 0.7242

Epoch : 13
Train Loss     : 0.2801	 | 	Train Accuracy     : 0.9002
Valid Loss     : 0.7100	 | 	Valid Accuracy     : 0.7089

Epoch : 14
Train Loss     : 0.2964	 | 	Train Accuracy     : 0.8941
Valid Loss     : 0.7582	 | 	Valid Accuracy     : 0.7071

Epoch : 15
Train Loss     : 0.2619	 | 	Train Accuracy     : 0.9015
Valid Loss     : 0.5558	 | 	Valid Accuracy     : 0.7554

Epoch : 16
Train Loss     : 0.3185	 | 	Train Accuracy     : 0.8592
Valid Loss     : 1.0408	 | 	Valid Accuracy     : 0.6710

Epoch : 17
Train Loss     : 0.3118	 | 	Train Accuracy     : 0.8735
Valid Loss     : 0.5470	 | 	Valid Accuracy     : 0.7572

Epoch : 18
Train Loss     : 0.2906	 | 	Train Accuracy     : 0.9023
Valid Loss     : 0.8263	 | 	Valid Accuracy     : 0.6971

Epoch : 19
Train Loss     : 0.3048	 | 	Train Accuracy     : 0.8850
Valid Loss     : 0.5902	 | 	Valid Accuracy     : 0.7445

Epoch : 20
Train Loss     : 0.3492	 | 	Train Accuracy     : 0.8611
Valid Loss     : 0.8290	 | 	Valid Accuracy     : 0.6989

Epoch : 21
Train Loss     : 0.2594	 | 	Train Accuracy     : 0.9008
Valid Loss     : 0.6347	 | 	Valid Accuracy     : 0.7200

Epoch : 22
Train Loss     : 0.2488	 | 	Train Accuracy     : 0.9032
Valid Loss     : 0.7363	 | 	Valid Accuracy     : 0.7086

Epoch : 23
Train Loss     : 0.2442	 | 	Train Accuracy     : 0.9171
Valid Loss     : 0.6099	 | 	Valid Accuracy     : 0.7338

Epoch : 24
Train Loss     : 0.2657	 | 	Train Accuracy     : 0.8961
Valid Loss     : 0.7303	 | 	Valid Accuracy     : 0.7200

Epoch : 25
Train Loss     : 0.2023	 | 	Train Accuracy     : 0.9249
Valid Loss     : 0.6869	 | 	Valid Accuracy     : 0.7115

Epoch : 26
Train Loss     : 0.2221	 | 	Train Accuracy     : 0.9106
Valid Loss     : 0.5818	 | 	Valid Accuracy     : 0.7539

Epoch : 27
Train Loss     : 0.2224	 | 	Train Accuracy     : 0.9323
Valid Loss     : 0.8931	 | 	Valid Accuracy     : 0.7013

Epoch : 28
Train Loss     : 0.2307	 | 	Train Accuracy     : 0.9193
Valid Loss     : 0.5376	 | 	Valid Accuracy     : 0.7606

Epoch : 29
Train Loss     : 0.2687	 | 	Train Accuracy     : 0.8778
Valid Loss     : 0.7392	 | 	Valid Accuracy     : 0.7304

Epoch : 30
Train Loss     : 0.2009	 | 	Train Accuracy     : 0.9264
Valid Loss     : 0.6439	 | 	Valid Accuracy     : 0.7469

Evaluate on the Test set:
Test loss      :0.9170	 | Test Accuracy      : 0.6768 | Test AUPRC      : 0.7105
tensor([0.9395, 0.9421, 0.9073, 0.9212, 0.9471, 0.9090, 0.9850, 0.8945, 0.9162,
        0.8660, 0.8543, 0.9267, 0.9891, 0.9097, 0.9141, 0.8499, 0.8719, 0.8884,
        0.8579, 0.9841, 0.9307, 0.9844, 0.9437, 0.9993, 0.9542, 0.9319, 0.9058,
        0.8894, 0.9265, 0.8750, 0.9398, 0.8950, 0.9849, 0.9322, 0.8474, 0.8989,
        0.9137, 0.8795, 0.9378, 0.9077, 0.9963, 0.9199, 0.9026, 0.9502, 0.9413,
        0.8948, 0.8823, 0.9284, 0.9444, 0.8775, 0.8967, 0.8807, 0.9096, 0.9360,
        0.8851, 0.8299, 0.8729, 0.9868, 0.9713, 0.9381, 0.9559, 0.8908],
       device='cuda:0', grad_fn=<SqueezeBackward1>)

################## Training is Done! #########################
Training time is : 0:00:41.127611
