=============================================
Dataset: SEED
Method:  TS-TCC
Mode:    train_linear
=============================================
Data loaded ...
Subjet 2
if scale True
Training started ....

Epoch : 1
Train Loss     : 1.1763	 | 	Train Accuracy     : 0.4829
Valid Loss     : 1.5090	 | 	Valid Accuracy     : 0.3909

Epoch : 2
Train Loss     : 0.7823	 | 	Train Accuracy     : 0.6482
Valid Loss     : 1.5928	 | 	Valid Accuracy     : 0.5297

Epoch : 3
Train Loss     : 0.6908	 | 	Train Accuracy     : 0.7088
Valid Loss     : 1.5242	 | 	Valid Accuracy     : 0.5187

Epoch : 4
Train Loss     : 0.6546	 | 	Train Accuracy     : 0.7335
Valid Loss     : 1.5714	 | 	Valid Accuracy     : 0.5289

Epoch : 5
Train Loss     : 0.6523	 | 	Train Accuracy     : 0.7353
Valid Loss     : 1.1039	 | 	Valid Accuracy     : 0.5522

Epoch : 6
Train Loss     : 0.6325	 | 	Train Accuracy     : 0.7464
Valid Loss     : 1.2489	 | 	Valid Accuracy     : 0.5702

Epoch : 7
Train Loss     : 0.6057	 | 	Train Accuracy     : 0.7569
Valid Loss     : 1.3929	 | 	Valid Accuracy     : 0.5511

Epoch : 8
Train Loss     : 0.5895	 | 	Train Accuracy     : 0.7676
Valid Loss     : 1.1843	 | 	Valid Accuracy     : 0.5646

Epoch : 9
Train Loss     : 0.5776	 | 	Train Accuracy     : 0.7785
Valid Loss     : 1.2577	 | 	Valid Accuracy     : 0.5410

Epoch : 10
Train Loss     : 0.5929	 | 	Train Accuracy     : 0.7597
Valid Loss     : 1.4649	 | 	Valid Accuracy     : 0.5142

Epoch : 11
Train Loss     : 0.5889	 | 	Train Accuracy     : 0.7589
Valid Loss     : 1.5592	 | 	Valid Accuracy     : 0.5513

Epoch : 12
Train Loss     : 0.5913	 | 	Train Accuracy     : 0.7571
Valid Loss     : 1.6338	 | 	Valid Accuracy     : 0.5249

Epoch : 13
Train Loss     : 0.5551	 | 	Train Accuracy     : 0.7820
Valid Loss     : 1.5533	 | 	Valid Accuracy     : 0.4975

Epoch : 14
Train Loss     : 0.5849	 | 	Train Accuracy     : 0.7653
Valid Loss     : 1.7184	 | 	Valid Accuracy     : 0.5495

Epoch : 15
Train Loss     : 0.5640	 | 	Train Accuracy     : 0.7741
Valid Loss     : 1.1873	 | 	Valid Accuracy     : 0.5664

Epoch : 16
Train Loss     : 0.5541	 | 	Train Accuracy     : 0.7793
Valid Loss     : 1.3572	 | 	Valid Accuracy     : 0.5615

Epoch : 17
Train Loss     : 0.5377	 | 	Train Accuracy     : 0.7885
Valid Loss     : 1.6967	 | 	Valid Accuracy     : 0.5111

Epoch : 18
Train Loss     : 0.5324	 | 	Train Accuracy     : 0.7953
Valid Loss     : 1.6507	 | 	Valid Accuracy     : 0.5321

Epoch : 19
Train Loss     : 0.5363	 | 	Train Accuracy     : 0.7931
Valid Loss     : 1.4881	 | 	Valid Accuracy     : 0.5398

Epoch : 20
Train Loss     : 0.5404	 | 	Train Accuracy     : 0.7861
Valid Loss     : 1.4277	 | 	Valid Accuracy     : 0.5318

Epoch : 21
Train Loss     : 0.5381	 | 	Train Accuracy     : 0.7916
Valid Loss     : 1.4398	 | 	Valid Accuracy     : 0.5307

Epoch : 22
Train Loss     : 0.5411	 | 	Train Accuracy     : 0.7877
Valid Loss     : 1.5428	 | 	Valid Accuracy     : 0.5198

Epoch : 23
Train Loss     : 0.5284	 | 	Train Accuracy     : 0.8005
Valid Loss     : 1.6054	 | 	Valid Accuracy     : 0.5277

Epoch : 24
Train Loss     : 0.5372	 | 	Train Accuracy     : 0.7854
Valid Loss     : 1.5080	 | 	Valid Accuracy     : 0.5296

Epoch : 25
Train Loss     : 0.5298	 | 	Train Accuracy     : 0.7963
Valid Loss     : 1.5473	 | 	Valid Accuracy     : 0.5323

Epoch : 26
Train Loss     : 0.5240	 | 	Train Accuracy     : 0.7967
Valid Loss     : 1.5837	 | 	Valid Accuracy     : 0.5468

Epoch : 27
Train Loss     : 0.5315	 | 	Train Accuracy     : 0.7920
Valid Loss     : 1.3565	 | 	Valid Accuracy     : 0.5523

Epoch : 28
Train Loss     : 0.5259	 | 	Train Accuracy     : 0.7945
Valid Loss     : 1.5070	 | 	Valid Accuracy     : 0.5447

Epoch : 29
Train Loss     : 0.5239	 | 	Train Accuracy     : 0.7992
Valid Loss     : 1.3577	 | 	Valid Accuracy     : 0.5436

Epoch : 30
Train Loss     : 0.5248	 | 	Train Accuracy     : 0.8005
Valid Loss     : 1.3977	 | 	Valid Accuracy     : 0.5350

Evaluate on the Test set:
Test loss      :1.3632	 | Test Accuracy      : 0.4973 | Test AUPRC      : 0.5531
tensor([0.8541, 0.8376, 0.9845, 0.8860, 0.9411, 0.8575, 0.9402, 0.7683, 0.8422,
        0.7834, 0.8960, 0.8230, 0.8264, 0.8727, 0.8386, 0.7428, 0.7431, 0.8006,
        0.7374, 0.8101, 0.8784, 0.8869, 0.7445, 0.9922, 0.9333, 0.7975, 0.8583,
        0.8917, 0.8875, 0.7500, 0.8236, 0.8458, 0.9253, 0.8154, 0.7112, 0.9017,
        0.8286, 0.7856, 0.9175, 0.7593, 0.9100, 0.9020, 0.7769, 0.9497, 0.9238,
        0.8213, 0.9008, 0.7737, 0.8140, 0.7319, 0.8719, 0.8468, 0.8662, 0.8130,
        0.8664, 0.6936, 0.8554, 0.9675, 0.9904, 0.7735, 0.7385, 0.7864],
       device='cuda:0', grad_fn=<SqueezeBackward1>)

################## Training is Done! #########################
Training time is : 0:01:46.989933
