=============================================
Dataset: SEED
Method:  TS-TCC
Mode:    train_linear
=============================================
Data loaded ...
Subjet 2
if scale True
Training started ....

Epoch : 1
Train Loss     : 1.7814	 | 	Train Accuracy     : 0.3258
Valid Loss     : 1.1961	 | 	Valid Accuracy     : 0.3220

Epoch : 2
Train Loss     : 1.1655	 | 	Train Accuracy     : 0.3727
Valid Loss     : 2.2958	 | 	Valid Accuracy     : 0.3316

Epoch : 3
Train Loss     : 0.9095	 | 	Train Accuracy     : 0.5777
Valid Loss     : 2.0338	 | 	Valid Accuracy     : 0.3300

Epoch : 4
Train Loss     : 0.8338	 | 	Train Accuracy     : 0.5296
Valid Loss     : 2.2214	 | 	Valid Accuracy     : 0.3362

Epoch : 5
Train Loss     : 0.5855	 | 	Train Accuracy     : 0.7686
Valid Loss     : 3.5679	 | 	Valid Accuracy     : 0.3374

Epoch : 6
Train Loss     : 0.5781	 | 	Train Accuracy     : 0.7506
Valid Loss     : 3.4919	 | 	Valid Accuracy     : 0.3432

Epoch : 7
Train Loss     : 0.4376	 | 	Train Accuracy     : 0.8367
Valid Loss     : 2.7621	 | 	Valid Accuracy     : 0.3919

Epoch : 8
Train Loss     : 0.4503	 | 	Train Accuracy     : 0.8144
Valid Loss     : 2.9211	 | 	Valid Accuracy     : 0.3886

Epoch : 9
Train Loss     : 0.3894	 | 	Train Accuracy     : 0.8663
Valid Loss     : 3.2351	 | 	Valid Accuracy     : 0.3888

Epoch : 10
Train Loss     : 0.3936	 | 	Train Accuracy     : 0.8556
Valid Loss     : 2.5993	 | 	Valid Accuracy     : 0.4170

Epoch : 11
Train Loss     : 0.3360	 | 	Train Accuracy     : 0.8905
Valid Loss     : 2.3320	 | 	Valid Accuracy     : 0.4327

Epoch : 12
Train Loss     : 0.3364	 | 	Train Accuracy     : 0.8770
Valid Loss     : 2.3796	 | 	Valid Accuracy     : 0.4291

Epoch : 13
Train Loss     : 0.3192	 | 	Train Accuracy     : 0.8800
Valid Loss     : 2.2234	 | 	Valid Accuracy     : 0.4339

Epoch : 14
Train Loss     : 0.3087	 | 	Train Accuracy     : 0.8783
Valid Loss     : 2.0051	 | 	Valid Accuracy     : 0.4395

Epoch : 15
Train Loss     : 0.3150	 | 	Train Accuracy     : 0.8874
Valid Loss     : 1.8520	 | 	Valid Accuracy     : 0.4500

Epoch : 16
Train Loss     : 0.3091	 | 	Train Accuracy     : 0.8917
Valid Loss     : 1.7087	 | 	Valid Accuracy     : 0.4643

Epoch : 17
Train Loss     : 0.2901	 | 	Train Accuracy     : 0.9074
Valid Loss     : 1.5929	 | 	Valid Accuracy     : 0.4715

Epoch : 18
Train Loss     : 0.2870	 | 	Train Accuracy     : 0.8960
Valid Loss     : 1.5555	 | 	Valid Accuracy     : 0.4706

Epoch : 19
Train Loss     : 0.2925	 | 	Train Accuracy     : 0.8917
Valid Loss     : 1.4927	 | 	Valid Accuracy     : 0.4711

Epoch : 20
Train Loss     : 0.2914	 | 	Train Accuracy     : 0.9041
Valid Loss     : 1.4643	 | 	Valid Accuracy     : 0.4728

Epoch : 21
Train Loss     : 0.2886	 | 	Train Accuracy     : 0.9035
Valid Loss     : 1.4704	 | 	Valid Accuracy     : 0.4625

Epoch : 22
Train Loss     : 0.2919	 | 	Train Accuracy     : 0.9020
Valid Loss     : 1.4044	 | 	Valid Accuracy     : 0.4639

Epoch : 23
Train Loss     : 0.2710	 | 	Train Accuracy     : 0.9018
Valid Loss     : 1.3856	 | 	Valid Accuracy     : 0.4672

Epoch : 24
Train Loss     : 0.2868	 | 	Train Accuracy     : 0.8984
Valid Loss     : 1.3643	 | 	Valid Accuracy     : 0.4653

Epoch : 25
Train Loss     : 0.2840	 | 	Train Accuracy     : 0.9023
Valid Loss     : 1.2990	 | 	Valid Accuracy     : 0.4886

Epoch : 26
Train Loss     : 0.2916	 | 	Train Accuracy     : 0.8870
Valid Loss     : 1.2899	 | 	Valid Accuracy     : 0.4802

Epoch : 27
Train Loss     : 0.2748	 | 	Train Accuracy     : 0.9093
Valid Loss     : 1.2671	 | 	Valid Accuracy     : 0.4818

Epoch : 28
Train Loss     : 0.2801	 | 	Train Accuracy     : 0.8988
Valid Loss     : 1.2806	 | 	Valid Accuracy     : 0.4877

Epoch : 29
Train Loss     : 0.2871	 | 	Train Accuracy     : 0.8893
Valid Loss     : 1.2885	 | 	Valid Accuracy     : 0.4792

Epoch : 30
Train Loss     : 0.2768	 | 	Train Accuracy     : 0.9046
Valid Loss     : 1.2280	 | 	Valid Accuracy     : 0.4951

Evaluate on the Test set:
Test loss      :1.6313	 | Test Accuracy      : 0.4902 | Test AUPRC      : 0.5208
tensor([0.9845, 0.9785, 1.0014, 0.9753, 0.9868, 0.9794, 0.9730, 0.9725, 0.9768,
        0.9731, 0.9710, 0.9692, 0.9710, 0.9711, 0.9926, 0.9714, 0.9691, 0.9707,
        0.9658, 0.9845, 0.9851, 0.9878, 0.9726, 1.0147, 0.9969, 0.9828, 0.9800,
        0.9741, 0.9834, 0.9701, 1.0011, 0.9784, 0.9963, 0.9723, 0.9714, 0.9777,
        0.9808, 0.9752, 0.9896, 0.9854, 0.9836, 0.9760, 0.9783, 0.9756, 0.9794,
        0.9723, 0.9761, 0.9691, 0.9794, 0.9683, 0.9705, 0.9732, 0.9797, 0.9695,
        0.9718, 0.9621, 0.9734, 0.9914, 0.9857, 0.9716, 0.9713, 0.9775],
       device='cuda:0', grad_fn=<SqueezeBackward1>)

################## Training is Done! #########################
Training time is : 0:00:37.982413
