=============================================
Dataset: SEED
Method:  TS-TCC
Mode:    train_linear
=============================================
Data loaded ...
Subjet 3
if scale True
Training started ....

Epoch : 1
Train Loss     : 1.0637	 | 	Train Accuracy     : 0.5326
Valid Loss     : 1.0493	 | 	Valid Accuracy     : 0.5337

Epoch : 2
Train Loss     : 0.6950	 | 	Train Accuracy     : 0.6915
Valid Loss     : 1.7687	 | 	Valid Accuracy     : 0.5909

Epoch : 3
Train Loss     : 0.5765	 | 	Train Accuracy     : 0.7592
Valid Loss     : 1.4501	 | 	Valid Accuracy     : 0.5989

Epoch : 4
Train Loss     : 0.5125	 | 	Train Accuracy     : 0.8120
Valid Loss     : 0.9772	 | 	Valid Accuracy     : 0.6454

Epoch : 5
Train Loss     : 0.4883	 | 	Train Accuracy     : 0.8192
Valid Loss     : 1.0819	 | 	Valid Accuracy     : 0.6449

Epoch : 6
Train Loss     : 0.4530	 | 	Train Accuracy     : 0.8292
Valid Loss     : 1.0077	 | 	Valid Accuracy     : 0.6295

Epoch : 7
Train Loss     : 0.4591	 | 	Train Accuracy     : 0.8281
Valid Loss     : 1.1896	 | 	Valid Accuracy     : 0.5531

Epoch : 8
Train Loss     : 0.4268	 | 	Train Accuracy     : 0.8467
Valid Loss     : 1.1296	 | 	Valid Accuracy     : 0.5828

Epoch : 9
Train Loss     : 0.4222	 | 	Train Accuracy     : 0.8415
Valid Loss     : 1.2144	 | 	Valid Accuracy     : 0.5741

Epoch : 10
Train Loss     : 0.4130	 | 	Train Accuracy     : 0.8432
Valid Loss     : 1.3926	 | 	Valid Accuracy     : 0.5345

Epoch : 11
Train Loss     : 0.3882	 | 	Train Accuracy     : 0.8599
Valid Loss     : 1.3904	 | 	Valid Accuracy     : 0.5033

Epoch : 12
Train Loss     : 0.4068	 | 	Train Accuracy     : 0.8477
Valid Loss     : 1.7157	 | 	Valid Accuracy     : 0.5487

Epoch : 13
Train Loss     : 0.3937	 | 	Train Accuracy     : 0.8489
Valid Loss     : 1.5188	 | 	Valid Accuracy     : 0.5235

Epoch : 14
Train Loss     : 0.3821	 | 	Train Accuracy     : 0.8598
Valid Loss     : 1.4800	 | 	Valid Accuracy     : 0.5152

Epoch : 15
Train Loss     : 0.4113	 | 	Train Accuracy     : 0.8410
Valid Loss     : 1.7625	 | 	Valid Accuracy     : 0.5468

Epoch : 16
Train Loss     : 0.3745	 | 	Train Accuracy     : 0.8642
Valid Loss     : 1.6012	 | 	Valid Accuracy     : 0.5194

Epoch : 17
Train Loss     : 0.3585	 | 	Train Accuracy     : 0.8688
Valid Loss     : 1.6259	 | 	Valid Accuracy     : 0.5418

Epoch : 18
Train Loss     : 0.3622	 | 	Train Accuracy     : 0.8594
Valid Loss     : 1.5827	 | 	Valid Accuracy     : 0.5277

Epoch : 19
Train Loss     : 0.3647	 | 	Train Accuracy     : 0.8666
Valid Loss     : 1.6036	 | 	Valid Accuracy     : 0.5313

Epoch : 20
Train Loss     : 0.3601	 | 	Train Accuracy     : 0.8687
Valid Loss     : 1.5882	 | 	Valid Accuracy     : 0.5275

Epoch : 21
Train Loss     : 0.3608	 | 	Train Accuracy     : 0.8621
Valid Loss     : 1.6556	 | 	Valid Accuracy     : 0.5264

Epoch : 22
Train Loss     : 0.3598	 | 	Train Accuracy     : 0.8692
Valid Loss     : 1.6375	 | 	Valid Accuracy     : 0.5413

Epoch : 23
Train Loss     : 0.3544	 | 	Train Accuracy     : 0.8695
Valid Loss     : 1.5951	 | 	Valid Accuracy     : 0.5367

Epoch : 24
Train Loss     : 0.3484	 | 	Train Accuracy     : 0.8754
Valid Loss     : 1.6749	 | 	Valid Accuracy     : 0.5384

Epoch : 25
Train Loss     : 0.3497	 | 	Train Accuracy     : 0.8749
Valid Loss     : 1.6438	 | 	Valid Accuracy     : 0.5356

Epoch : 26
Train Loss     : 0.3547	 | 	Train Accuracy     : 0.8737
Valid Loss     : 1.6670	 | 	Valid Accuracy     : 0.5334

Epoch : 27
Train Loss     : 0.3516	 | 	Train Accuracy     : 0.8766
Valid Loss     : 1.6673	 | 	Valid Accuracy     : 0.5372

Epoch : 28
Train Loss     : 0.3523	 | 	Train Accuracy     : 0.8759
Valid Loss     : 1.6753	 | 	Valid Accuracy     : 0.5332

Epoch : 29
Train Loss     : 0.3471	 | 	Train Accuracy     : 0.8770
Valid Loss     : 1.6796	 | 	Valid Accuracy     : 0.5391

Epoch : 30
Train Loss     : 0.3491	 | 	Train Accuracy     : 0.8751
Valid Loss     : 1.6782	 | 	Valid Accuracy     : 0.5305

Evaluate on the Test set:
Test loss      :1.4686	 | Test Accuracy      : 0.6062 | Test AUPRC      : 0.6313
tensor([0.9127, 0.9214, 0.9615, 0.9625, 0.9163, 1.0218, 0.9824, 0.8532, 0.8624,
        0.8396, 0.8723, 0.9094, 0.9506, 0.9247, 0.9372, 0.8255, 0.8509, 0.8928,
        0.8082, 0.9620, 0.8611, 0.8766, 0.8824, 1.0176, 0.9246, 0.8609, 0.9361,
        0.8584, 0.9034, 0.8882, 0.9155, 0.9963, 0.8802, 0.8318, 0.8079, 0.9009,
        0.8800, 0.8351, 0.9201, 0.8409, 0.8963, 0.8389, 0.8295, 0.8779, 0.8456,
        0.9033, 0.8600, 0.8593, 0.8468, 0.8557, 0.8757, 0.8697, 0.8738, 0.8423,
        0.8466, 0.8260, 0.8350, 0.9539, 0.9544, 0.9043, 0.9669, 0.8785],
       device='cuda:0', grad_fn=<SqueezeBackward1>)

################## Training is Done! #########################
Training time is : 0:01:29.303523
