=============================================
Dataset: SEED
Method:  TS-TCC
Mode:    train_linear
=============================================
Data loaded ...
Subjet 5
if scale True
Training started ....

Epoch : 1
Train Loss     : 1.1187	 | 	Train Accuracy     : 0.5267
Valid Loss     : 1.0753	 | 	Valid Accuracy     : 0.5083

Epoch : 2
Train Loss     : 0.7004	 | 	Train Accuracy     : 0.7129
Valid Loss     : 1.2424	 | 	Valid Accuracy     : 0.4904

Epoch : 3
Train Loss     : 0.6229	 | 	Train Accuracy     : 0.7479
Valid Loss     : 1.0541	 | 	Valid Accuracy     : 0.5367

Epoch : 4
Train Loss     : 0.5827	 | 	Train Accuracy     : 0.7607
Valid Loss     : 1.1392	 | 	Valid Accuracy     : 0.5245

Epoch : 5
Train Loss     : 0.5467	 | 	Train Accuracy     : 0.7822
Valid Loss     : 1.2156	 | 	Valid Accuracy     : 0.5770

Epoch : 6
Train Loss     : 0.5254	 | 	Train Accuracy     : 0.7935
Valid Loss     : 1.1244	 | 	Valid Accuracy     : 0.5789

Epoch : 7
Train Loss     : 0.5186	 | 	Train Accuracy     : 0.7953
Valid Loss     : 1.2062	 | 	Valid Accuracy     : 0.5673

Epoch : 8
Train Loss     : 0.4947	 | 	Train Accuracy     : 0.8056
Valid Loss     : 1.4285	 | 	Valid Accuracy     : 0.5179

Epoch : 9
Train Loss     : 0.4911	 | 	Train Accuracy     : 0.8093
Valid Loss     : 1.2643	 | 	Valid Accuracy     : 0.5667

Epoch : 10
Train Loss     : 0.4821	 | 	Train Accuracy     : 0.8063
Valid Loss     : 1.3214	 | 	Valid Accuracy     : 0.5355

Epoch : 11
Train Loss     : 0.4723	 | 	Train Accuracy     : 0.8170
Valid Loss     : 1.3996	 | 	Valid Accuracy     : 0.5451

Epoch : 12
Train Loss     : 0.4693	 | 	Train Accuracy     : 0.8178
Valid Loss     : 1.3056	 | 	Valid Accuracy     : 0.5373

Epoch : 13
Train Loss     : 0.4800	 | 	Train Accuracy     : 0.8107
Valid Loss     : 1.2244	 | 	Valid Accuracy     : 0.5462

Epoch : 14
Train Loss     : 0.4587	 | 	Train Accuracy     : 0.8264
Valid Loss     : 1.3402	 | 	Valid Accuracy     : 0.5279

Epoch : 15
Train Loss     : 0.4419	 | 	Train Accuracy     : 0.8380
Valid Loss     : 1.4076	 | 	Valid Accuracy     : 0.5304

Epoch : 16
Train Loss     : 0.4329	 | 	Train Accuracy     : 0.8387
Valid Loss     : 1.2946	 | 	Valid Accuracy     : 0.5524

Epoch : 17
Train Loss     : 0.4405	 | 	Train Accuracy     : 0.8345
Valid Loss     : 1.2714	 | 	Valid Accuracy     : 0.5541

Epoch : 18
Train Loss     : 0.4293	 | 	Train Accuracy     : 0.8421
Valid Loss     : 1.2890	 | 	Valid Accuracy     : 0.5660

Epoch : 19
Train Loss     : 0.4345	 | 	Train Accuracy     : 0.8405
Valid Loss     : 1.3179	 | 	Valid Accuracy     : 0.5408

Epoch : 20
Train Loss     : 0.4414	 | 	Train Accuracy     : 0.8367
Valid Loss     : 1.3018	 | 	Valid Accuracy     : 0.5502

Epoch : 21
Train Loss     : 0.4339	 | 	Train Accuracy     : 0.8357
Valid Loss     : 1.3778	 | 	Valid Accuracy     : 0.5403

Epoch : 22
Train Loss     : 0.4356	 | 	Train Accuracy     : 0.8366
Valid Loss     : 1.3229	 | 	Valid Accuracy     : 0.5537

Epoch : 23
Train Loss     : 0.4286	 | 	Train Accuracy     : 0.8433
Valid Loss     : 1.3309	 | 	Valid Accuracy     : 0.5519

Epoch : 24
Train Loss     : 0.4310	 | 	Train Accuracy     : 0.8336
Valid Loss     : 1.3199	 | 	Valid Accuracy     : 0.5590

Epoch : 25
Train Loss     : 0.4360	 | 	Train Accuracy     : 0.8356
Valid Loss     : 1.3197	 | 	Valid Accuracy     : 0.5559

Epoch : 26
Train Loss     : 0.4243	 | 	Train Accuracy     : 0.8420
Valid Loss     : 1.3569	 | 	Valid Accuracy     : 0.5581

Epoch : 27
Train Loss     : 0.4227	 | 	Train Accuracy     : 0.8406
Valid Loss     : 1.2565	 | 	Valid Accuracy     : 0.5664

Epoch : 28
Train Loss     : 0.4245	 | 	Train Accuracy     : 0.8452
Valid Loss     : 1.3040	 | 	Valid Accuracy     : 0.5522

Epoch : 29
Train Loss     : 0.4245	 | 	Train Accuracy     : 0.8450
Valid Loss     : 1.2969	 | 	Valid Accuracy     : 0.5558

Epoch : 30
Train Loss     : 0.4232	 | 	Train Accuracy     : 0.8429
Valid Loss     : 1.3235	 | 	Valid Accuracy     : 0.5629

Evaluate on the Test set:
Test loss      :1.2557	 | Test Accuracy      : 0.6207 | Test AUPRC      : 0.6261
tensor([0.8662, 0.8769, 0.9190, 0.9130, 0.9055, 0.8926, 0.9511, 0.7990, 0.8679,
        0.7783, 0.8147, 0.8888, 0.8333, 0.9327, 0.9473, 0.7776, 0.7982, 0.7392,
        0.8020, 0.8783, 0.8849, 0.8612, 0.8339, 0.9974, 0.9622, 0.9374, 0.8913,
        0.8883, 0.8391, 0.7547, 0.8700, 1.0345, 0.9841, 0.7869, 0.7203, 0.9269,
        0.8078, 0.7703, 0.8803, 0.8794, 0.9509, 0.9578, 0.7877, 0.9528, 0.8391,
        0.8566, 0.8445, 0.8465, 0.8245, 0.8687, 0.8220, 0.7926, 0.7946, 0.8378,
        0.7479, 0.7051, 0.8061, 0.8413, 0.9338, 0.8115, 0.8918, 0.8575],
       device='cuda:0', grad_fn=<SqueezeBackward1>)

################## Training is Done! #########################
Training time is : 0:02:01.364491
