=============================================
Dataset: SEED
Method:  TS-TCC
Mode:    train_linear
=============================================
Data loaded ...
Subjet 7
if scale True
Training started ....

Epoch : 1
Train Loss     : 1.0164	 | 	Train Accuracy     : 0.5803
Valid Loss     : 0.8818	 | 	Valid Accuracy     : 0.5857

Epoch : 2
Train Loss     : 0.5086	 | 	Train Accuracy     : 0.7975
Valid Loss     : 0.6173	 | 	Valid Accuracy     : 0.7604

Epoch : 3
Train Loss     : 0.4104	 | 	Train Accuracy     : 0.8389
Valid Loss     : 0.5517	 | 	Valid Accuracy     : 0.7850

Epoch : 4
Train Loss     : 0.3612	 | 	Train Accuracy     : 0.8638
Valid Loss     : 0.6481	 | 	Valid Accuracy     : 0.7208

Epoch : 5
Train Loss     : 0.3508	 | 	Train Accuracy     : 0.8726
Valid Loss     : 0.5670	 | 	Valid Accuracy     : 0.7603

Epoch : 6
Train Loss     : 0.3333	 | 	Train Accuracy     : 0.8750
Valid Loss     : 0.6217	 | 	Valid Accuracy     : 0.7323

Epoch : 7
Train Loss     : 0.3355	 | 	Train Accuracy     : 0.8728
Valid Loss     : 0.5608	 | 	Valid Accuracy     : 0.7622

Epoch : 8
Train Loss     : 0.3199	 | 	Train Accuracy     : 0.8750
Valid Loss     : 0.5945	 | 	Valid Accuracy     : 0.7427

Epoch : 9
Train Loss     : 0.3017	 | 	Train Accuracy     : 0.8849
Valid Loss     : 0.5122	 | 	Valid Accuracy     : 0.7849

Epoch : 10
Train Loss     : 0.3215	 | 	Train Accuracy     : 0.8718
Valid Loss     : 0.8065	 | 	Valid Accuracy     : 0.7100

Epoch : 11
Train Loss     : 0.2985	 | 	Train Accuracy     : 0.8882
Valid Loss     : 0.8368	 | 	Valid Accuracy     : 0.7054

Epoch : 12
Train Loss     : 0.2919	 | 	Train Accuracy     : 0.8868
Valid Loss     : 0.6313	 | 	Valid Accuracy     : 0.7425

Epoch : 13
Train Loss     : 0.2757	 | 	Train Accuracy     : 0.8966
Valid Loss     : 0.6438	 | 	Valid Accuracy     : 0.7373

Epoch : 14
Train Loss     : 0.2717	 | 	Train Accuracy     : 0.8987
Valid Loss     : 0.5928	 | 	Valid Accuracy     : 0.7633

Epoch : 15
Train Loss     : 0.2790	 | 	Train Accuracy     : 0.8948
Valid Loss     : 0.6961	 | 	Valid Accuracy     : 0.7387

Epoch : 16
Train Loss     : 0.2869	 | 	Train Accuracy     : 0.8857
Valid Loss     : 0.6191	 | 	Valid Accuracy     : 0.7612

Epoch : 17
Train Loss     : 0.2889	 | 	Train Accuracy     : 0.8847
Valid Loss     : 0.6845	 | 	Valid Accuracy     : 0.7338

Epoch : 18
Train Loss     : 0.2746	 | 	Train Accuracy     : 0.8948
Valid Loss     : 0.7896	 | 	Valid Accuracy     : 0.7309

Epoch : 19
Train Loss     : 0.2707	 | 	Train Accuracy     : 0.8979
Valid Loss     : 0.6772	 | 	Valid Accuracy     : 0.7447

Epoch : 20
Train Loss     : 0.2628	 | 	Train Accuracy     : 0.9001
Valid Loss     : 0.8308	 | 	Valid Accuracy     : 0.7161

Epoch : 21
Train Loss     : 0.2634	 | 	Train Accuracy     : 0.9067
Valid Loss     : 0.7378	 | 	Valid Accuracy     : 0.7396

Epoch : 22
Train Loss     : 0.2466	 | 	Train Accuracy     : 0.9094
Valid Loss     : 0.6590	 | 	Valid Accuracy     : 0.7507

Epoch : 23
Train Loss     : 0.2450	 | 	Train Accuracy     : 0.9088
Valid Loss     : 0.7516	 | 	Valid Accuracy     : 0.7368

Epoch : 24
Train Loss     : 0.2435	 | 	Train Accuracy     : 0.9118
Valid Loss     : 0.7328	 | 	Valid Accuracy     : 0.7361

Epoch : 25
Train Loss     : 0.2483	 | 	Train Accuracy     : 0.9098
Valid Loss     : 0.7632	 | 	Valid Accuracy     : 0.7344

Epoch : 26
Train Loss     : 0.2542	 | 	Train Accuracy     : 0.9014
Valid Loss     : 0.8102	 | 	Valid Accuracy     : 0.7239

Epoch : 27
Train Loss     : 0.2459	 | 	Train Accuracy     : 0.9139
Valid Loss     : 0.7635	 | 	Valid Accuracy     : 0.7383

Epoch : 28
Train Loss     : 0.2531	 | 	Train Accuracy     : 0.9030
Valid Loss     : 0.7009	 | 	Valid Accuracy     : 0.7389

Epoch : 29
Train Loss     : 0.2459	 | 	Train Accuracy     : 0.9114
Valid Loss     : 0.6754	 | 	Valid Accuracy     : 0.7454

Epoch : 30
Train Loss     : 0.2454	 | 	Train Accuracy     : 0.9104
Valid Loss     : 0.6962	 | 	Valid Accuracy     : 0.7351

Evaluate on the Test set:
Test loss      :1.0958	 | Test Accuracy      : 0.6278 | Test AUPRC      : 0.6730
tensor([0.7582, 0.7707, 0.9433, 0.8915, 0.9670, 0.7759, 0.9969, 0.7355, 0.7894,
        0.7440, 0.6797, 0.7556, 0.9693, 0.8704, 0.8483, 0.6898, 0.7182, 0.7978,
        0.6737, 0.7632, 0.6800, 0.8797, 0.8213, 1.0576, 0.8960, 0.8920, 0.8455,
        0.7500, 0.7404, 0.7003, 0.8196, 0.9765, 0.8837, 0.8474, 0.6491, 0.8140,
        0.7648, 0.7182, 0.7583, 0.8032, 0.7440, 0.8049, 0.7330, 0.7796, 0.7862,
        0.7764, 0.8312, 0.6901, 0.7847, 0.6555, 0.7009, 0.6981, 0.7334, 0.7504,
        0.6967, 0.6290, 0.7023, 0.9419, 0.9401, 0.7323, 0.6972, 0.7173],
       device='cuda:0', grad_fn=<SqueezeBackward1>)

################## Training is Done! #########################
Training time is : 0:01:57.423410
