=============================================
Dataset: SEED
Method:  TS-TCC
Mode:    train_linear
=============================================
Data loaded ...
Subjet 4
if scale True
Training started ....

Epoch : 1
Train Loss     : 1.1999	 | 	Train Accuracy     : 0.5070
Valid Loss     : 1.2934	 | 	Valid Accuracy     : 0.4549

Epoch : 2
Train Loss     : 0.7444	 | 	Train Accuracy     : 0.6397
Valid Loss     : 1.2157	 | 	Valid Accuracy     : 0.4493

Epoch : 3
Train Loss     : 0.5781	 | 	Train Accuracy     : 0.7378
Valid Loss     : 1.0815	 | 	Valid Accuracy     : 0.5291

Epoch : 4
Train Loss     : 0.5199	 | 	Train Accuracy     : 0.7725
Valid Loss     : 1.0795	 | 	Valid Accuracy     : 0.5511

Epoch : 5
Train Loss     : 0.4640	 | 	Train Accuracy     : 0.8146
Valid Loss     : 1.0571	 | 	Valid Accuracy     : 0.5585

Epoch : 6
Train Loss     : 0.4547	 | 	Train Accuracy     : 0.8130
Valid Loss     : 1.0610	 | 	Valid Accuracy     : 0.5602

Epoch : 7
Train Loss     : 0.4179	 | 	Train Accuracy     : 0.8383
Valid Loss     : 1.0438	 | 	Valid Accuracy     : 0.5659

Epoch : 8
Train Loss     : 0.4086	 | 	Train Accuracy     : 0.8395
Valid Loss     : 1.0822	 | 	Valid Accuracy     : 0.5726

Epoch : 9
Train Loss     : 0.4137	 | 	Train Accuracy     : 0.8322
Valid Loss     : 1.0644	 | 	Valid Accuracy     : 0.5637

Epoch : 10
Train Loss     : 0.3852	 | 	Train Accuracy     : 0.8568
Valid Loss     : 1.0838	 | 	Valid Accuracy     : 0.5677

Epoch : 11
Train Loss     : 0.3764	 | 	Train Accuracy     : 0.8593
Valid Loss     : 1.0574	 | 	Valid Accuracy     : 0.5897

Epoch : 12
Train Loss     : 0.3724	 | 	Train Accuracy     : 0.8602
Valid Loss     : 1.1813	 | 	Valid Accuracy     : 0.5650

Epoch : 13
Train Loss     : 0.3793	 | 	Train Accuracy     : 0.8508
Valid Loss     : 1.1417	 | 	Valid Accuracy     : 0.5652

Epoch : 14
Train Loss     : 0.3682	 | 	Train Accuracy     : 0.8547
Valid Loss     : 1.1153	 | 	Valid Accuracy     : 0.5801

Epoch : 15
Train Loss     : 0.3734	 | 	Train Accuracy     : 0.8561
Valid Loss     : 1.1003	 | 	Valid Accuracy     : 0.5721

Epoch : 16
Train Loss     : 0.3461	 | 	Train Accuracy     : 0.8704
Valid Loss     : 1.1237	 | 	Valid Accuracy     : 0.5855

Epoch : 17
Train Loss     : 0.3420	 | 	Train Accuracy     : 0.8796
Valid Loss     : 1.1280	 | 	Valid Accuracy     : 0.5814

Epoch : 18
Train Loss     : 0.3452	 | 	Train Accuracy     : 0.8733
Valid Loss     : 1.1493	 | 	Valid Accuracy     : 0.5807

Epoch : 19
Train Loss     : 0.3191	 | 	Train Accuracy     : 0.8864
Valid Loss     : 1.1109	 | 	Valid Accuracy     : 0.5793

Epoch : 20
Train Loss     : 0.3153	 | 	Train Accuracy     : 0.8852
Valid Loss     : 1.1464	 | 	Valid Accuracy     : 0.5729

Epoch : 21
Train Loss     : 0.3281	 | 	Train Accuracy     : 0.8760
Valid Loss     : 1.1085	 | 	Valid Accuracy     : 0.5851

Epoch : 22
Train Loss     : 0.3119	 | 	Train Accuracy     : 0.8846
Valid Loss     : 1.0999	 | 	Valid Accuracy     : 0.5740

Epoch : 23
Train Loss     : 0.3197	 | 	Train Accuracy     : 0.8828
Valid Loss     : 1.1099	 | 	Valid Accuracy     : 0.5846

Epoch : 24
Train Loss     : 0.3235	 | 	Train Accuracy     : 0.8753
Valid Loss     : 1.1499	 | 	Valid Accuracy     : 0.5749

Epoch : 25
Train Loss     : 0.3183	 | 	Train Accuracy     : 0.8829
Valid Loss     : 1.1342	 | 	Valid Accuracy     : 0.5802

Epoch : 26
Train Loss     : 0.3129	 | 	Train Accuracy     : 0.8880
Valid Loss     : 1.1266	 | 	Valid Accuracy     : 0.5842

Epoch : 27
Train Loss     : 0.3106	 | 	Train Accuracy     : 0.8882
Valid Loss     : 1.1367	 | 	Valid Accuracy     : 0.5761

Epoch : 28
Train Loss     : 0.3260	 | 	Train Accuracy     : 0.8790
Valid Loss     : 1.1319	 | 	Valid Accuracy     : 0.5839

Epoch : 29
Train Loss     : 0.3145	 | 	Train Accuracy     : 0.8897
Valid Loss     : 1.1233	 | 	Valid Accuracy     : 0.5869

Epoch : 30
Train Loss     : 0.3106	 | 	Train Accuracy     : 0.8876
Valid Loss     : 1.1237	 | 	Valid Accuracy     : 0.5841

Evaluate on the Test set:
Test loss      :1.2847	 | Test Accuracy      : 0.5635 | Test AUPRC      : 0.6718
tensor([0.9119, 0.9266, 0.9460, 0.8854, 0.8902, 0.9727, 0.9485, 0.8391, 0.8927,
        0.8453, 0.8473, 0.8464, 0.9080, 0.9461, 0.8977, 0.8512, 0.8675, 0.8405,
        0.8112, 0.9096, 0.8492, 0.8634, 0.8853, 1.0628, 0.9242, 0.9482, 0.9034,
        0.8425, 0.8548, 0.8386, 0.8821, 1.0339, 0.9500, 0.8448, 0.8103, 0.8875,
        0.9120, 0.8472, 0.8988, 0.8441, 0.9728, 0.9029, 0.8746, 0.8823, 0.9128,
        0.8800, 0.8948, 0.8546, 0.8708, 0.8382, 0.8322, 0.8837, 0.8928, 0.9003,
        0.8565, 0.8141, 0.8291, 0.8978, 0.9453, 0.9019, 0.9264, 0.8685],
       device='cuda:0', grad_fn=<SqueezeBackward1>)

################## Training is Done! #########################
Training time is : 0:01:24.521215
