=============================================
Dataset: SEED
Method:  TS-TCC
Mode:    train_linear
=============================================
Data loaded ...
Subjet 12
if scale True
Training started ....

Epoch : 1
Train Loss     : 1.1026	 | 	Train Accuracy     : 0.5411
Valid Loss     : 1.4933	 | 	Valid Accuracy     : 0.4480

Epoch : 2
Train Loss     : 0.7135	 | 	Train Accuracy     : 0.6991
Valid Loss     : 1.3829	 | 	Valid Accuracy     : 0.5308

Epoch : 3
Train Loss     : 0.5887	 | 	Train Accuracy     : 0.7681
Valid Loss     : 1.2947	 | 	Valid Accuracy     : 0.5389

Epoch : 4
Train Loss     : 0.5438	 | 	Train Accuracy     : 0.7870
Valid Loss     : 1.4449	 | 	Valid Accuracy     : 0.5017

Epoch : 5
Train Loss     : 0.5263	 | 	Train Accuracy     : 0.7874
Valid Loss     : 1.4496	 | 	Valid Accuracy     : 0.5084

Epoch : 6
Train Loss     : 0.5223	 | 	Train Accuracy     : 0.7899
Valid Loss     : 1.3056	 | 	Valid Accuracy     : 0.5471

Epoch : 7
Train Loss     : 0.4952	 | 	Train Accuracy     : 0.8044
Valid Loss     : 1.3126	 | 	Valid Accuracy     : 0.5623

Epoch : 8
Train Loss     : 0.4801	 | 	Train Accuracy     : 0.8136
Valid Loss     : 1.5083	 | 	Valid Accuracy     : 0.5263

Epoch : 9
Train Loss     : 0.4491	 | 	Train Accuracy     : 0.8251
Valid Loss     : 1.5032	 | 	Valid Accuracy     : 0.5473

Epoch : 10
Train Loss     : 0.4580	 | 	Train Accuracy     : 0.8251
Valid Loss     : 1.4680	 | 	Valid Accuracy     : 0.5582

Epoch : 11
Train Loss     : 0.4341	 | 	Train Accuracy     : 0.8427
Valid Loss     : 1.7310	 | 	Valid Accuracy     : 0.5183

Epoch : 12
Train Loss     : 0.4267	 | 	Train Accuracy     : 0.8420
Valid Loss     : 1.6199	 | 	Valid Accuracy     : 0.5416

Epoch : 13
Train Loss     : 0.4483	 | 	Train Accuracy     : 0.8234
Valid Loss     : 1.5660	 | 	Valid Accuracy     : 0.5415

Epoch : 14
Train Loss     : 0.4349	 | 	Train Accuracy     : 0.8257
Valid Loss     : 1.4794	 | 	Valid Accuracy     : 0.5693

Epoch : 15
Train Loss     : 0.4163	 | 	Train Accuracy     : 0.8409
Valid Loss     : 1.7332	 | 	Valid Accuracy     : 0.5448

Epoch : 16
Train Loss     : 0.4020	 | 	Train Accuracy     : 0.8482
Valid Loss     : 1.6633	 | 	Valid Accuracy     : 0.5499

Epoch : 17
Train Loss     : 0.4023	 | 	Train Accuracy     : 0.8519
Valid Loss     : 1.6263	 | 	Valid Accuracy     : 0.5608

Epoch : 18
Train Loss     : 0.3950	 | 	Train Accuracy     : 0.8508
Valid Loss     : 1.6642	 | 	Valid Accuracy     : 0.5511

Epoch : 19
Train Loss     : 0.4016	 | 	Train Accuracy     : 0.8478
Valid Loss     : 1.6279	 | 	Valid Accuracy     : 0.5502

Epoch : 20
Train Loss     : 0.3995	 | 	Train Accuracy     : 0.8504
Valid Loss     : 1.7644	 | 	Valid Accuracy     : 0.5390

Epoch : 21
Train Loss     : 0.4046	 | 	Train Accuracy     : 0.8508
Valid Loss     : 1.6754	 | 	Valid Accuracy     : 0.5528

Epoch : 22
Train Loss     : 0.3981	 | 	Train Accuracy     : 0.8476
Valid Loss     : 1.6893	 | 	Valid Accuracy     : 0.5431

Epoch : 23
Train Loss     : 0.3958	 | 	Train Accuracy     : 0.8512
Valid Loss     : 1.7397	 | 	Valid Accuracy     : 0.5436

Epoch : 24
Train Loss     : 0.3979	 | 	Train Accuracy     : 0.8525
Valid Loss     : 1.5687	 | 	Valid Accuracy     : 0.5585

Epoch : 25
Train Loss     : 0.3967	 | 	Train Accuracy     : 0.8483
Valid Loss     : 1.7599	 | 	Valid Accuracy     : 0.5379

Epoch : 26
Train Loss     : 0.4012	 | 	Train Accuracy     : 0.8515
Valid Loss     : 1.6924	 | 	Valid Accuracy     : 0.5576

Epoch : 27
Train Loss     : 0.3994	 | 	Train Accuracy     : 0.8515
Valid Loss     : 1.6425	 | 	Valid Accuracy     : 0.5490

Epoch : 28
Train Loss     : 0.3968	 | 	Train Accuracy     : 0.8441
Valid Loss     : 1.6873	 | 	Valid Accuracy     : 0.5545

Epoch : 29
Train Loss     : 0.3887	 | 	Train Accuracy     : 0.8563
Valid Loss     : 1.7133	 | 	Valid Accuracy     : 0.5526

Epoch : 30
Train Loss     : 0.3888	 | 	Train Accuracy     : 0.8551
Valid Loss     : 1.6627	 | 	Valid Accuracy     : 0.5465

Evaluate on the Test set:
Test loss      :1.6776	 | Test Accuracy      : 0.4989 | Test AUPRC      : 0.5623
tensor([0.9083, 0.9109, 0.9862, 0.9648, 0.9232, 0.9743, 0.9402, 0.8439, 0.8588,
        0.8421, 0.8514, 0.8769, 0.9905, 0.9432, 0.9164, 0.8093, 0.8424, 0.8717,
        0.8567, 0.9376, 0.8614, 0.8725, 0.8784, 0.9719, 0.9083, 0.8982, 0.9071,
        0.9040, 0.8197, 0.8256, 0.8689, 1.0268, 0.9027, 0.8015, 0.7911, 0.8708,
        0.9386, 0.8151, 0.8623, 0.8481, 0.9116, 0.8266, 0.8620, 0.9665, 0.8595,
        0.8223, 0.8353, 0.8639, 0.9113, 0.8957, 0.8204, 0.8236, 0.8111, 0.8821,
        0.8199, 0.7697, 0.8286, 0.9438, 0.9343, 0.8508, 0.9104, 0.8689],
       device='cuda:0', grad_fn=<SqueezeBackward1>)

################## Training is Done! #########################
Training time is : 0:01:42.979564
