=============================================
Dataset: SEED
Method:  TS-TCC
Mode:    train_linear
=============================================
Data loaded ...
Subjet 5
if scale True
Training started ....

Epoch : 1
Train Loss     : 1.3257	 | 	Train Accuracy     : 0.4293
Valid Loss     : 1.3499	 | 	Valid Accuracy     : 0.3149

Epoch : 2
Train Loss     : 0.7779	 | 	Train Accuracy     : 0.6634
Valid Loss     : 2.1524	 | 	Valid Accuracy     : 0.3213

Epoch : 3
Train Loss     : 0.5938	 | 	Train Accuracy     : 0.7561
Valid Loss     : 2.1716	 | 	Valid Accuracy     : 0.3290

Epoch : 4
Train Loss     : 0.4718	 | 	Train Accuracy     : 0.8244
Valid Loss     : 3.3329	 | 	Valid Accuracy     : 0.3380

Epoch : 5
Train Loss     : 0.4349	 | 	Train Accuracy     : 0.8639
Valid Loss     : 2.9237	 | 	Valid Accuracy     : 0.3475

Epoch : 6
Train Loss     : 0.4486	 | 	Train Accuracy     : 0.7936
Valid Loss     : 3.0009	 | 	Valid Accuracy     : 0.3638

Epoch : 7
Train Loss     : 0.3945	 | 	Train Accuracy     : 0.8394
Valid Loss     : 3.0165	 | 	Valid Accuracy     : 0.3888

Epoch : 8
Train Loss     : 0.4041	 | 	Train Accuracy     : 0.8307
Valid Loss     : 2.9650	 | 	Valid Accuracy     : 0.3596

Epoch : 9
Train Loss     : 0.4581	 | 	Train Accuracy     : 0.7971
Valid Loss     : 3.1946	 | 	Valid Accuracy     : 0.3933

Epoch : 10
Train Loss     : 0.4480	 | 	Train Accuracy     : 0.8388
Valid Loss     : 3.1683	 | 	Valid Accuracy     : 0.3963

Epoch : 11
Train Loss     : 0.4051	 | 	Train Accuracy     : 0.8249
Valid Loss     : 2.9840	 | 	Valid Accuracy     : 0.4040

Epoch : 12
Train Loss     : 0.4185	 | 	Train Accuracy     : 0.8548
Valid Loss     : 3.2192	 | 	Valid Accuracy     : 0.4027

Epoch : 13
Train Loss     : 0.3114	 | 	Train Accuracy     : 0.8839
Valid Loss     : 3.2080	 | 	Valid Accuracy     : 0.3933

Epoch : 14
Train Loss     : 0.3892	 | 	Train Accuracy     : 0.8757
Valid Loss     : 3.1385	 | 	Valid Accuracy     : 0.4104

Epoch : 15
Train Loss     : 0.2798	 | 	Train Accuracy     : 0.9028
Valid Loss     : 3.2364	 | 	Valid Accuracy     : 0.3992

Epoch : 16
Train Loss     : 0.3095	 | 	Train Accuracy     : 0.8737
Valid Loss     : 3.2508	 | 	Valid Accuracy     : 0.3963

Epoch : 17
Train Loss     : 0.3320	 | 	Train Accuracy     : 0.8770
Valid Loss     : 3.2391	 | 	Valid Accuracy     : 0.4059

Epoch : 18
Train Loss     : 0.3176	 | 	Train Accuracy     : 0.8724
Valid Loss     : 3.2184	 | 	Valid Accuracy     : 0.4026

Epoch : 19
Train Loss     : 0.3517	 | 	Train Accuracy     : 0.8592
Valid Loss     : 3.3045	 | 	Valid Accuracy     : 0.4028

Epoch : 20
Train Loss     : 0.2984	 | 	Train Accuracy     : 0.9002
Valid Loss     : 3.2533	 | 	Valid Accuracy     : 0.4024

Epoch : 21
Train Loss     : 0.3028	 | 	Train Accuracy     : 0.8843
Valid Loss     : 3.1566	 | 	Valid Accuracy     : 0.3938

Epoch : 22
Train Loss     : 0.3349	 | 	Train Accuracy     : 0.8685
Valid Loss     : 3.1396	 | 	Valid Accuracy     : 0.4021

Epoch : 23
Train Loss     : 0.2629	 | 	Train Accuracy     : 0.9245
Valid Loss     : 3.1307	 | 	Valid Accuracy     : 0.4025

Epoch : 24
Train Loss     : 0.2479	 | 	Train Accuracy     : 0.9225
Valid Loss     : 3.1654	 | 	Valid Accuracy     : 0.3923

Epoch : 25
Train Loss     : 0.2993	 | 	Train Accuracy     : 0.9047
Valid Loss     : 3.1883	 | 	Valid Accuracy     : 0.4007

Epoch : 26
Train Loss     : 0.3291	 | 	Train Accuracy     : 0.8882
Valid Loss     : 3.2830	 | 	Valid Accuracy     : 0.4041

Epoch : 27
Train Loss     : 0.2579	 | 	Train Accuracy     : 0.9060
Valid Loss     : 3.1641	 | 	Valid Accuracy     : 0.3992

Epoch : 28
Train Loss     : 0.2582	 | 	Train Accuracy     : 0.9225
Valid Loss     : 3.1799	 | 	Valid Accuracy     : 0.3901

Epoch : 29
Train Loss     : 0.3044	 | 	Train Accuracy     : 0.8980
Valid Loss     : 3.2107	 | 	Valid Accuracy     : 0.3989

Epoch : 30
Train Loss     : 0.2809	 | 	Train Accuracy     : 0.8980
Valid Loss     : 3.2184	 | 	Valid Accuracy     : 0.3966

Evaluate on the Test set:
Test loss      :2.2167	 | Test Accuracy      : 0.4722 | Test AUPRC      : 0.4487
tensor([0.9572, 0.9604, 0.9683, 0.9460, 0.9729, 1.0118, 0.9780, 0.9458, 0.9482,
        0.9447, 0.9463, 0.9449, 0.9859, 0.9724, 0.9866, 0.9381, 0.9441, 0.9547,
        0.9346, 0.9635, 0.9522, 0.9856, 0.9669, 0.9936, 0.9750, 0.9610, 0.9703,
        0.9495, 0.9667, 0.9419, 0.9958, 1.0258, 0.9954, 0.9493, 0.9319, 0.9625,
        0.9677, 0.9508, 0.9753, 0.9488, 1.0071, 0.9438, 0.9490, 0.9604, 0.9492,
        0.9435, 0.9589, 0.9855, 0.9517, 0.9494, 0.9426, 0.9459, 0.9415, 0.9430,
        0.9466, 0.9223, 0.9455, 0.9614, 0.9752, 0.9540, 0.9557, 0.9514],
       device='cuda:0', grad_fn=<SqueezeBackward1>)

################## Training is Done! #########################
Training time is : 0:00:42.461674
