=============================================
Dataset: SEED
Method:  TS-TCC
Mode:    train_linear
=============================================
Data loaded ...
Subjet 15
if scale True
Training started ....

Epoch : 1
Train Loss     : 0.7093	 | 	Train Accuracy     : 0.7047
Valid Loss     : 0.3102	 | 	Valid Accuracy     : 0.8988

Epoch : 2
Train Loss     : 0.2865	 | 	Train Accuracy     : 0.8999
Valid Loss     : 0.2707	 | 	Valid Accuracy     : 0.9154

Epoch : 3
Train Loss     : 0.2234	 | 	Train Accuracy     : 0.9243
Valid Loss     : 0.3295	 | 	Valid Accuracy     : 0.9397

Epoch : 4
Train Loss     : 0.1949	 | 	Train Accuracy     : 0.9382
Valid Loss     : 0.3294	 | 	Valid Accuracy     : 0.9223

Epoch : 5
Train Loss     : 0.1816	 | 	Train Accuracy     : 0.9423
Valid Loss     : 0.3972	 | 	Valid Accuracy     : 0.9270

Epoch : 6
Train Loss     : 0.1644	 | 	Train Accuracy     : 0.9482
Valid Loss     : 0.3973	 | 	Valid Accuracy     : 0.9262

Epoch : 7
Train Loss     : 0.1575	 | 	Train Accuracy     : 0.9465
Valid Loss     : 0.2426	 | 	Valid Accuracy     : 0.9525

Epoch : 8
Train Loss     : 0.1504	 | 	Train Accuracy     : 0.9506
Valid Loss     : 0.2119	 | 	Valid Accuracy     : 0.9470

Epoch : 9
Train Loss     : 0.1521	 | 	Train Accuracy     : 0.9504
Valid Loss     : 0.2775	 | 	Valid Accuracy     : 0.9222

Epoch : 10
Train Loss     : 0.1418	 | 	Train Accuracy     : 0.9558
Valid Loss     : 0.2156	 | 	Valid Accuracy     : 0.9331

Epoch : 11
Train Loss     : 0.1358	 | 	Train Accuracy     : 0.9560
Valid Loss     : 0.2870	 | 	Valid Accuracy     : 0.9344

Epoch : 12
Train Loss     : 0.1197	 | 	Train Accuracy     : 0.9640
Valid Loss     : 0.3020	 | 	Valid Accuracy     : 0.9376

Epoch : 13
Train Loss     : 0.1201	 | 	Train Accuracy     : 0.9637
Valid Loss     : 0.4471	 | 	Valid Accuracy     : 0.9210

Epoch : 14
Train Loss     : 0.1144	 | 	Train Accuracy     : 0.9660
Valid Loss     : 0.3866	 | 	Valid Accuracy     : 0.9408

Epoch : 15
Train Loss     : 0.1201	 | 	Train Accuracy     : 0.9606
Valid Loss     : 0.6232	 | 	Valid Accuracy     : 0.9027

Epoch : 16
Train Loss     : 0.1161	 | 	Train Accuracy     : 0.9634
Valid Loss     : 0.8853	 | 	Valid Accuracy     : 0.8946

Epoch : 17
Train Loss     : 0.1342	 | 	Train Accuracy     : 0.9509
Valid Loss     : 0.3111	 | 	Valid Accuracy     : 0.9496

Epoch : 18
Train Loss     : 0.1248	 | 	Train Accuracy     : 0.9537
Valid Loss     : 0.3136	 | 	Valid Accuracy     : 0.9340

Epoch : 19
Train Loss     : 0.1144	 | 	Train Accuracy     : 0.9619
Valid Loss     : 0.2747	 | 	Valid Accuracy     : 0.9367

Epoch : 20
Train Loss     : 0.1003	 | 	Train Accuracy     : 0.9688
Valid Loss     : 0.3503	 | 	Valid Accuracy     : 0.9402

Epoch : 21
Train Loss     : 0.0952	 | 	Train Accuracy     : 0.9741
Valid Loss     : 0.3522	 | 	Valid Accuracy     : 0.9328

Epoch : 22
Train Loss     : 0.0943	 | 	Train Accuracy     : 0.9723
Valid Loss     : 0.4034	 | 	Valid Accuracy     : 0.9292

Epoch : 23
Train Loss     : 0.0934	 | 	Train Accuracy     : 0.9746
Valid Loss     : 0.4972	 | 	Valid Accuracy     : 0.9312

Epoch : 24
Train Loss     : 0.0964	 | 	Train Accuracy     : 0.9697
Valid Loss     : 0.3853	 | 	Valid Accuracy     : 0.9377

Epoch : 25
Train Loss     : 0.0939	 | 	Train Accuracy     : 0.9714
Valid Loss     : 0.4076	 | 	Valid Accuracy     : 0.9329

Epoch : 26
Train Loss     : 0.0927	 | 	Train Accuracy     : 0.9736
Valid Loss     : 0.3746	 | 	Valid Accuracy     : 0.9333

Epoch : 27
Train Loss     : 0.0954	 | 	Train Accuracy     : 0.9702
Valid Loss     : 0.4124	 | 	Valid Accuracy     : 0.9283

Epoch : 28
Train Loss     : 0.0952	 | 	Train Accuracy     : 0.9740
Valid Loss     : 0.3592	 | 	Valid Accuracy     : 0.9288

Epoch : 29
Train Loss     : 0.0951	 | 	Train Accuracy     : 0.9723
Valid Loss     : 0.3582	 | 	Valid Accuracy     : 0.9315

Epoch : 30
Train Loss     : 0.0947	 | 	Train Accuracy     : 0.9715
Valid Loss     : 0.4705	 | 	Valid Accuracy     : 0.9240

Evaluate on the Test set:
Test loss      :1.8213	 | Test Accuracy      : 0.7874 | Test AUPRC      : 0.6850
tensor([0.7380, 0.6897, 0.9640, 0.9455, 0.8889, 0.8364, 0.9106, 0.7657, 0.7761,
        0.7249, 0.6604, 0.6850, 0.8559, 0.7833, 0.8693, 0.7406, 0.6693, 0.8117,
        0.6038, 0.7459, 0.6922, 0.7712, 0.7687, 1.0610, 0.9063, 0.6958, 0.8156,
        0.6613, 0.6341, 0.6563, 0.7573, 0.9567, 0.8493, 0.7364, 0.6303, 0.7518,
        0.7902, 0.6645, 0.8762, 0.9635, 0.8116, 0.9076, 0.7420, 0.6961, 0.8760,
        0.8375, 0.7262, 0.6648, 0.7791, 0.7958, 0.6497, 0.6590, 0.6942, 0.7859,
        0.6619, 0.6030, 0.6563, 0.8950, 0.9372, 0.7031, 0.9153, 0.7996],
       device='cuda:0', grad_fn=<SqueezeBackward1>)

################## Training is Done! #########################
Training time is : 0:02:01.620476
