=============================================
Dataset: SEED
Method:  TS-TCC
Mode:    train_linear
=============================================
Data loaded ...
Subjet 10
if scale True
Training started ....

Epoch : 1
Train Loss     : 1.2453	 | 	Train Accuracy     : 0.5411
Valid Loss     : 0.9776	 | 	Valid Accuracy     : 0.4775

Epoch : 2
Train Loss     : 0.7034	 | 	Train Accuracy     : 0.6695
Valid Loss     : 0.8298	 | 	Valid Accuracy     : 0.5674

Epoch : 3
Train Loss     : 0.5828	 | 	Train Accuracy     : 0.7323
Valid Loss     : 0.9387	 | 	Valid Accuracy     : 0.5479

Epoch : 4
Train Loss     : 0.5442	 | 	Train Accuracy     : 0.7539
Valid Loss     : 1.1337	 | 	Valid Accuracy     : 0.5186

Epoch : 5
Train Loss     : 0.5209	 | 	Train Accuracy     : 0.7693
Valid Loss     : 1.1870	 | 	Valid Accuracy     : 0.5107

Epoch : 6
Train Loss     : 0.4929	 | 	Train Accuracy     : 0.7885
Valid Loss     : 1.3535	 | 	Valid Accuracy     : 0.4883

Epoch : 7
Train Loss     : 0.4841	 | 	Train Accuracy     : 0.7906
Valid Loss     : 1.3853	 | 	Valid Accuracy     : 0.4741

Epoch : 8
Train Loss     : 0.4823	 | 	Train Accuracy     : 0.7906
Valid Loss     : 1.3449	 | 	Valid Accuracy     : 0.4727

Epoch : 9
Train Loss     : 0.4731	 | 	Train Accuracy     : 0.7982
Valid Loss     : 1.3546	 | 	Valid Accuracy     : 0.4692

Epoch : 10
Train Loss     : 0.4814	 | 	Train Accuracy     : 0.7815
Valid Loss     : 1.5087	 | 	Valid Accuracy     : 0.4741

Epoch : 11
Train Loss     : 0.4789	 | 	Train Accuracy     : 0.7781
Valid Loss     : 1.5938	 | 	Valid Accuracy     : 0.4663

Epoch : 12
Train Loss     : 0.4566	 | 	Train Accuracy     : 0.7961
Valid Loss     : 1.6182	 | 	Valid Accuracy     : 0.4624

Epoch : 13
Train Loss     : 0.4694	 | 	Train Accuracy     : 0.7990
Valid Loss     : 1.8371	 | 	Valid Accuracy     : 0.4722

Epoch : 14
Train Loss     : 0.4362	 | 	Train Accuracy     : 0.8182
Valid Loss     : 1.6568	 | 	Valid Accuracy     : 0.4458

Epoch : 15
Train Loss     : 0.4346	 | 	Train Accuracy     : 0.8122
Valid Loss     : 1.7401	 | 	Valid Accuracy     : 0.4619

Epoch : 16
Train Loss     : 0.4299	 | 	Train Accuracy     : 0.8177
Valid Loss     : 1.7240	 | 	Valid Accuracy     : 0.4624

Epoch : 17
Train Loss     : 0.4295	 | 	Train Accuracy     : 0.8214
Valid Loss     : 1.7606	 | 	Valid Accuracy     : 0.4658

Epoch : 18
Train Loss     : 0.4371	 | 	Train Accuracy     : 0.8135
Valid Loss     : 1.8048	 | 	Valid Accuracy     : 0.4644

Epoch : 19
Train Loss     : 0.4333	 | 	Train Accuracy     : 0.8148
Valid Loss     : 1.7599	 | 	Valid Accuracy     : 0.4468

Epoch : 20
Train Loss     : 0.4445	 | 	Train Accuracy     : 0.8062
Valid Loss     : 1.8284	 | 	Valid Accuracy     : 0.4600

Epoch : 21
Train Loss     : 0.4284	 | 	Train Accuracy     : 0.8146
Valid Loss     : 1.8086	 | 	Valid Accuracy     : 0.4521

Epoch : 22
Train Loss     : 0.4313	 | 	Train Accuracy     : 0.8188
Valid Loss     : 1.7804	 | 	Valid Accuracy     : 0.4600

Epoch : 23
Train Loss     : 0.4412	 | 	Train Accuracy     : 0.8109
Valid Loss     : 1.7424	 | 	Valid Accuracy     : 0.4575

Epoch : 24
Train Loss     : 0.4286	 | 	Train Accuracy     : 0.8234
Valid Loss     : 1.8483	 | 	Valid Accuracy     : 0.4531

Epoch : 25
Train Loss     : 0.4349	 | 	Train Accuracy     : 0.8177
Valid Loss     : 1.7644	 | 	Valid Accuracy     : 0.4521

Epoch : 26
Train Loss     : 0.4287	 | 	Train Accuracy     : 0.8164
Valid Loss     : 1.8635	 | 	Valid Accuracy     : 0.4595

Epoch : 27
Train Loss     : 0.4309	 | 	Train Accuracy     : 0.8177
Valid Loss     : 1.8101	 | 	Valid Accuracy     : 0.4565

Epoch : 28
Train Loss     : 0.4172	 | 	Train Accuracy     : 0.8268
Valid Loss     : 1.7590	 | 	Valid Accuracy     : 0.4517

Epoch : 29
Train Loss     : 0.4238	 | 	Train Accuracy     : 0.8224
Valid Loss     : 1.7803	 | 	Valid Accuracy     : 0.4395

Epoch : 30
Train Loss     : 0.4044	 | 	Train Accuracy     : 0.8328
Valid Loss     : 1.9289	 | 	Valid Accuracy     : 0.4644

Evaluate on the Test set:
Test loss      :2.0829	 | Test Accuracy      : 0.4319 | Test AUPRC      : 0.4203
tensor([0.8875, 0.8911, 0.9439, 0.9282, 0.8687, 0.9634, 0.9213, 0.8774, 0.9050,
        0.8522, 0.8948, 0.9185, 0.9729, 0.8903, 0.9583, 0.8628, 0.9047, 0.8625,
        0.8250, 0.8658, 0.8837, 0.9221, 0.9857, 0.9551, 0.9439, 0.8976, 0.8603,
        0.8436, 0.8723, 0.8536, 0.9118, 0.9581, 0.9641, 0.8799, 0.8740, 0.9038,
        0.8931, 0.8556, 0.8568, 0.8785, 0.9252, 0.9227, 0.8715, 0.8872, 0.9227,
        0.8876, 0.8638, 0.8935, 0.8903, 0.8696, 0.9021, 0.8434, 0.8371, 0.9193,
        0.8424, 0.7991, 0.8553, 0.9203, 0.9283, 0.9333, 0.9029, 0.8681],
       device='cuda:0', grad_fn=<SqueezeBackward1>)

################## Training is Done! #########################
Training time is : 0:00:36.659276
