=============================================
Dataset: SEED
Method:  TS-TCC
Mode:    train_linear
=============================================
Data loaded ...
Subjet 7
if scale True
Training started ....

Epoch : 1
Train Loss     : 1.3310	 | 	Train Accuracy     : 0.5276
Valid Loss     : 2.3538	 | 	Valid Accuracy     : 0.3906

Epoch : 2
Train Loss     : 0.6998	 | 	Train Accuracy     : 0.7034
Valid Loss     : 0.7890	 | 	Valid Accuracy     : 0.6567

Epoch : 3
Train Loss     : 0.5009	 | 	Train Accuracy     : 0.8042
Valid Loss     : 0.8002	 | 	Valid Accuracy     : 0.6816

Epoch : 4
Train Loss     : 0.4609	 | 	Train Accuracy     : 0.8245
Valid Loss     : 0.7074	 | 	Valid Accuracy     : 0.7661

Epoch : 5
Train Loss     : 0.4202	 | 	Train Accuracy     : 0.8383
Valid Loss     : 0.7051	 | 	Valid Accuracy     : 0.7266

Epoch : 6
Train Loss     : 0.3832	 | 	Train Accuracy     : 0.8602
Valid Loss     : 0.7095	 | 	Valid Accuracy     : 0.7666

Epoch : 7
Train Loss     : 0.3700	 | 	Train Accuracy     : 0.8708
Valid Loss     : 0.6500	 | 	Valid Accuracy     : 0.7637

Epoch : 8
Train Loss     : 0.3668	 | 	Train Accuracy     : 0.8641
Valid Loss     : 0.6269	 | 	Valid Accuracy     : 0.7710

Epoch : 9
Train Loss     : 0.3423	 | 	Train Accuracy     : 0.8781
Valid Loss     : 0.6200	 | 	Valid Accuracy     : 0.7554

Epoch : 10
Train Loss     : 0.3501	 | 	Train Accuracy     : 0.8701
Valid Loss     : 0.6112	 | 	Valid Accuracy     : 0.7661

Epoch : 11
Train Loss     : 0.3283	 | 	Train Accuracy     : 0.8766
Valid Loss     : 0.6883	 | 	Valid Accuracy     : 0.7637

Epoch : 12
Train Loss     : 0.3246	 | 	Train Accuracy     : 0.8836
Valid Loss     : 0.7027	 | 	Valid Accuracy     : 0.7622

Epoch : 13
Train Loss     : 0.3407	 | 	Train Accuracy     : 0.8773
Valid Loss     : 0.7083	 | 	Valid Accuracy     : 0.7578

Epoch : 14
Train Loss     : 0.3225	 | 	Train Accuracy     : 0.8854
Valid Loss     : 0.6957	 | 	Valid Accuracy     : 0.7617

Epoch : 15
Train Loss     : 0.3059	 | 	Train Accuracy     : 0.8909
Valid Loss     : 0.7329	 | 	Valid Accuracy     : 0.7603

Epoch : 16
Train Loss     : 0.2915	 | 	Train Accuracy     : 0.8987
Valid Loss     : 0.7022	 | 	Valid Accuracy     : 0.7646

Epoch : 17
Train Loss     : 0.3011	 | 	Train Accuracy     : 0.8872
Valid Loss     : 0.6523	 | 	Valid Accuracy     : 0.7681

Epoch : 18
Train Loss     : 0.2923	 | 	Train Accuracy     : 0.8927
Valid Loss     : 0.7585	 | 	Valid Accuracy     : 0.7603

Epoch : 19
Train Loss     : 0.3023	 | 	Train Accuracy     : 0.8927
Valid Loss     : 0.7153	 | 	Valid Accuracy     : 0.7627

Epoch : 20
Train Loss     : 0.2784	 | 	Train Accuracy     : 0.8948
Valid Loss     : 0.7732	 | 	Valid Accuracy     : 0.7554

Epoch : 21
Train Loss     : 0.2866	 | 	Train Accuracy     : 0.8958
Valid Loss     : 0.7390	 | 	Valid Accuracy     : 0.7515

Epoch : 22
Train Loss     : 0.2782	 | 	Train Accuracy     : 0.8992
Valid Loss     : 0.7298	 | 	Valid Accuracy     : 0.7642

Epoch : 23
Train Loss     : 0.2750	 | 	Train Accuracy     : 0.9073
Valid Loss     : 0.7908	 | 	Valid Accuracy     : 0.7578

Epoch : 24
Train Loss     : 0.2745	 | 	Train Accuracy     : 0.9010
Valid Loss     : 0.7335	 | 	Valid Accuracy     : 0.7617

Epoch : 25
Train Loss     : 0.2717	 | 	Train Accuracy     : 0.9026
Valid Loss     : 0.7504	 | 	Valid Accuracy     : 0.7617

Epoch : 26
Train Loss     : 0.2703	 | 	Train Accuracy     : 0.9076
Valid Loss     : 0.7459	 | 	Valid Accuracy     : 0.7607

Epoch : 27
Train Loss     : 0.2681	 | 	Train Accuracy     : 0.9073
Valid Loss     : 0.7335	 | 	Valid Accuracy     : 0.7637

Epoch : 28
Train Loss     : 0.2693	 | 	Train Accuracy     : 0.9042
Valid Loss     : 0.7834	 | 	Valid Accuracy     : 0.7583

Epoch : 29
Train Loss     : 0.2650	 | 	Train Accuracy     : 0.9076
Valid Loss     : 0.7204	 | 	Valid Accuracy     : 0.7632

Epoch : 30
Train Loss     : 0.2613	 | 	Train Accuracy     : 0.9081
Valid Loss     : 0.7499	 | 	Valid Accuracy     : 0.7622

Evaluate on the Test set:
Test loss      :1.0686	 | Test Accuracy      : 0.6204 | Test AUPRC      : 0.5787
tensor([0.8562, 0.8140, 0.9586, 0.9319, 0.9648, 0.8159, 0.9989, 0.8171, 0.8433,
        0.8146, 0.7838, 0.8282, 0.9834, 0.8882, 0.8407, 0.7914, 0.8703, 0.8218,
        0.7605, 0.8291, 0.7870, 0.8481, 0.9325, 1.0792, 0.9164, 0.8873, 0.8520,
        0.7995, 0.7634, 0.8235, 0.8389, 0.8357, 0.8505, 0.9033, 0.8037, 0.8508,
        0.8382, 0.7701, 0.7883, 0.8503, 0.8218, 0.8496, 0.7523, 0.8390, 0.8649,
        0.8150, 0.8398, 0.8464, 0.8134, 0.7396, 0.7773, 0.7558, 0.7778, 0.7622,
        0.7806, 0.6988, 0.8183, 0.8627, 0.8378, 0.7606, 0.7822, 0.7794],
       device='cuda:0', grad_fn=<SqueezeBackward1>)

################## Training is Done! #########################
Training time is : 0:00:40.232992
