=============================================
Dataset: SEED
Method:  TS-TCC
Mode:    train_linear
=============================================
Data loaded ...
Subjet 1
if scale True
Training started ....

Epoch : 1
Train Loss     : 1.4534	 | 	Train Accuracy     : 0.5061
Valid Loss     : 2.2209	 | 	Valid Accuracy     : 0.3398

Epoch : 2
Train Loss     : 0.6859	 | 	Train Accuracy     : 0.6886
Valid Loss     : 3.9908	 | 	Valid Accuracy     : 0.3418

Epoch : 3
Train Loss     : 0.5247	 | 	Train Accuracy     : 0.7969
Valid Loss     : 4.7029	 | 	Valid Accuracy     : 0.3428

Epoch : 4
Train Loss     : 0.4813	 | 	Train Accuracy     : 0.8315
Valid Loss     : 4.3138	 | 	Valid Accuracy     : 0.3408

Epoch : 5
Train Loss     : 0.3888	 | 	Train Accuracy     : 0.8756
Valid Loss     : 2.7030	 | 	Valid Accuracy     : 0.4409

Epoch : 6
Train Loss     : 0.3605	 | 	Train Accuracy     : 0.8912
Valid Loss     : 2.7603	 | 	Valid Accuracy     : 0.4448

Epoch : 7
Train Loss     : 0.3273	 | 	Train Accuracy     : 0.8973
Valid Loss     : 2.1620	 | 	Valid Accuracy     : 0.5244

Epoch : 8
Train Loss     : 0.3038	 | 	Train Accuracy     : 0.9124
Valid Loss     : 2.1676	 | 	Valid Accuracy     : 0.5181

Epoch : 9
Train Loss     : 0.2796	 | 	Train Accuracy     : 0.9135
Valid Loss     : 2.0389	 | 	Valid Accuracy     : 0.5400

Epoch : 10
Train Loss     : 0.2750	 | 	Train Accuracy     : 0.9146
Valid Loss     : 2.1693	 | 	Valid Accuracy     : 0.5146

Epoch : 11
Train Loss     : 0.2604	 | 	Train Accuracy     : 0.9169
Valid Loss     : 2.0482	 | 	Valid Accuracy     : 0.5449

Epoch : 12
Train Loss     : 0.2590	 | 	Train Accuracy     : 0.9118
Valid Loss     : 2.3633	 | 	Valid Accuracy     : 0.5044

Epoch : 13
Train Loss     : 0.2525	 | 	Train Accuracy     : 0.9157
Valid Loss     : 2.1214	 | 	Valid Accuracy     : 0.5347

Epoch : 14
Train Loss     : 0.2215	 | 	Train Accuracy     : 0.9369
Valid Loss     : 2.4054	 | 	Valid Accuracy     : 0.5024

Epoch : 15
Train Loss     : 0.2271	 | 	Train Accuracy     : 0.9269
Valid Loss     : 2.1721	 | 	Valid Accuracy     : 0.5347

Epoch : 16
Train Loss     : 0.2293	 | 	Train Accuracy     : 0.9297
Valid Loss     : 2.3052	 | 	Valid Accuracy     : 0.5239

Epoch : 17
Train Loss     : 0.2052	 | 	Train Accuracy     : 0.9381
Valid Loss     : 2.3262	 | 	Valid Accuracy     : 0.5078

Epoch : 18
Train Loss     : 0.2129	 | 	Train Accuracy     : 0.9347
Valid Loss     : 2.2393	 | 	Valid Accuracy     : 0.5195

Epoch : 19
Train Loss     : 0.2034	 | 	Train Accuracy     : 0.9291
Valid Loss     : 2.3177	 | 	Valid Accuracy     : 0.5103

Epoch : 20
Train Loss     : 0.1996	 | 	Train Accuracy     : 0.9358
Valid Loss     : 2.3910	 | 	Valid Accuracy     : 0.5210

Epoch : 21
Train Loss     : 0.1912	 | 	Train Accuracy     : 0.9386
Valid Loss     : 2.3939	 | 	Valid Accuracy     : 0.5122

Epoch : 22
Train Loss     : 0.1927	 | 	Train Accuracy     : 0.9364
Valid Loss     : 2.3670	 | 	Valid Accuracy     : 0.5117

Epoch : 23
Train Loss     : 0.1835	 | 	Train Accuracy     : 0.9364
Valid Loss     : 2.4063	 | 	Valid Accuracy     : 0.5171

Epoch : 24
Train Loss     : 0.1914	 | 	Train Accuracy     : 0.9392
Valid Loss     : 2.3718	 | 	Valid Accuracy     : 0.5190

Epoch : 25
Train Loss     : 0.1918	 | 	Train Accuracy     : 0.9392
Valid Loss     : 2.3810	 | 	Valid Accuracy     : 0.5166

Epoch : 26
Train Loss     : 0.1930	 | 	Train Accuracy     : 0.9408
Valid Loss     : 2.4370	 | 	Valid Accuracy     : 0.5146

Epoch : 27
Train Loss     : 0.1881	 | 	Train Accuracy     : 0.9397
Valid Loss     : 2.3908	 | 	Valid Accuracy     : 0.5137

Epoch : 28
Train Loss     : 0.1794	 | 	Train Accuracy     : 0.9442
Valid Loss     : 2.4000	 | 	Valid Accuracy     : 0.5156

Epoch : 29
Train Loss     : 0.1885	 | 	Train Accuracy     : 0.9408
Valid Loss     : 2.4240	 | 	Valid Accuracy     : 0.5186

Epoch : 30
Train Loss     : 0.1816	 | 	Train Accuracy     : 0.9481
Valid Loss     : 2.4065	 | 	Valid Accuracy     : 0.5137

Evaluate on the Test set:
Test loss      :1.7866	 | Test Accuracy      : 0.5709 | Test AUPRC      : 0.5349
tensor([0.9108, 0.9360, 0.9772, 0.9096, 0.8976, 0.9440, 0.9351, 0.9074, 0.8969,
        0.9042, 0.9207, 0.9222, 0.9744, 0.9310, 0.9060, 0.9165, 0.9286, 0.9171,
        0.8883, 0.9194, 0.9230, 0.9002, 0.9769, 1.0101, 0.9501, 0.9308, 0.9222,
        0.8944, 0.9210, 0.9091, 0.9054, 0.9586, 0.9713, 0.9153, 0.9270, 0.9369,
        0.9186, 0.9267, 0.9023, 0.8858, 0.9543, 0.9294, 0.9235, 0.9886, 0.9596,
        0.9242, 0.9142, 0.9300, 0.9260, 1.0512, 0.9113, 0.8999, 0.8961, 0.9278,
        0.8960, 0.8751, 0.8966, 0.9541, 0.9720, 0.9091, 0.9217, 0.8952],
       device='cuda:0', grad_fn=<SqueezeBackward1>)

################## Training is Done! #########################
Training time is : 0:00:21.564506
