=============================================
Dataset: SEED
Method:  TS-TCC
Mode:    train_linear
=============================================
Data loaded ...
Subjet 9
if scale True
Training started ....

Epoch : 1
Train Loss     : 1.2490	 | 	Train Accuracy     : 0.5232
Valid Loss     : 0.9176	 | 	Valid Accuracy     : 0.5898

Epoch : 2
Train Loss     : 0.7347	 | 	Train Accuracy     : 0.6826
Valid Loss     : 0.6603	 | 	Valid Accuracy     : 0.6777

Epoch : 3
Train Loss     : 0.5655	 | 	Train Accuracy     : 0.7563
Valid Loss     : 0.6161	 | 	Valid Accuracy     : 0.7192

Epoch : 4
Train Loss     : 0.5041	 | 	Train Accuracy     : 0.7911
Valid Loss     : 0.6232	 | 	Valid Accuracy     : 0.7261

Epoch : 5
Train Loss     : 0.4765	 | 	Train Accuracy     : 0.8076
Valid Loss     : 0.6954	 | 	Valid Accuracy     : 0.6943

Epoch : 6
Train Loss     : 0.4676	 | 	Train Accuracy     : 0.7990
Valid Loss     : 0.7078	 | 	Valid Accuracy     : 0.6699

Epoch : 7
Train Loss     : 0.4348	 | 	Train Accuracy     : 0.8232
Valid Loss     : 0.6732	 | 	Valid Accuracy     : 0.6880

Epoch : 8
Train Loss     : 0.4311	 | 	Train Accuracy     : 0.8169
Valid Loss     : 0.6885	 | 	Valid Accuracy     : 0.6807

Epoch : 9
Train Loss     : 0.4172	 | 	Train Accuracy     : 0.8326
Valid Loss     : 0.7685	 | 	Valid Accuracy     : 0.6611

Epoch : 10
Train Loss     : 0.4275	 | 	Train Accuracy     : 0.8099
Valid Loss     : 0.7392	 | 	Valid Accuracy     : 0.6680

Epoch : 11
Train Loss     : 0.4019	 | 	Train Accuracy     : 0.8375
Valid Loss     : 0.6651	 | 	Valid Accuracy     : 0.7012

Epoch : 12
Train Loss     : 0.3952	 | 	Train Accuracy     : 0.8365
Valid Loss     : 0.6788	 | 	Valid Accuracy     : 0.6968

Epoch : 13
Train Loss     : 0.4080	 | 	Train Accuracy     : 0.8349
Valid Loss     : 0.7507	 | 	Valid Accuracy     : 0.6753

Epoch : 14
Train Loss     : 0.3890	 | 	Train Accuracy     : 0.8370
Valid Loss     : 0.6798	 | 	Valid Accuracy     : 0.6982

Epoch : 15
Train Loss     : 0.3659	 | 	Train Accuracy     : 0.8560
Valid Loss     : 0.6963	 | 	Valid Accuracy     : 0.6929

Epoch : 16
Train Loss     : 0.3648	 | 	Train Accuracy     : 0.8549
Valid Loss     : 0.6881	 | 	Valid Accuracy     : 0.6943

Epoch : 17
Train Loss     : 0.3559	 | 	Train Accuracy     : 0.8643
Valid Loss     : 0.6921	 | 	Valid Accuracy     : 0.6919

Epoch : 18
Train Loss     : 0.3648	 | 	Train Accuracy     : 0.8521
Valid Loss     : 0.6789	 | 	Valid Accuracy     : 0.7012

Epoch : 19
Train Loss     : 0.3661	 | 	Train Accuracy     : 0.8526
Valid Loss     : 0.6862	 | 	Valid Accuracy     : 0.6973

Epoch : 20
Train Loss     : 0.3598	 | 	Train Accuracy     : 0.8552
Valid Loss     : 0.6830	 | 	Valid Accuracy     : 0.6963

Epoch : 21
Train Loss     : 0.3629	 | 	Train Accuracy     : 0.8557
Valid Loss     : 0.6935	 | 	Valid Accuracy     : 0.6919

Epoch : 22
Train Loss     : 0.3599	 | 	Train Accuracy     : 0.8544
Valid Loss     : 0.6966	 | 	Valid Accuracy     : 0.6865

Epoch : 23
Train Loss     : 0.3621	 | 	Train Accuracy     : 0.8607
Valid Loss     : 0.6983	 | 	Valid Accuracy     : 0.6934

Epoch : 24
Train Loss     : 0.3578	 | 	Train Accuracy     : 0.8620
Valid Loss     : 0.6873	 | 	Valid Accuracy     : 0.6987

Epoch : 25
Train Loss     : 0.3557	 | 	Train Accuracy     : 0.8591
Valid Loss     : 0.7054	 | 	Valid Accuracy     : 0.6870

Epoch : 26
Train Loss     : 0.3519	 | 	Train Accuracy     : 0.8641
Valid Loss     : 0.7020	 | 	Valid Accuracy     : 0.6914

Epoch : 27
Train Loss     : 0.3588	 | 	Train Accuracy     : 0.8612
Valid Loss     : 0.6920	 | 	Valid Accuracy     : 0.6953

Epoch : 28
Train Loss     : 0.3586	 | 	Train Accuracy     : 0.8586
Valid Loss     : 0.6945	 | 	Valid Accuracy     : 0.6929

Epoch : 29
Train Loss     : 0.3545	 | 	Train Accuracy     : 0.8596
Valid Loss     : 0.6873	 | 	Valid Accuracy     : 0.6963

Epoch : 30
Train Loss     : 0.3540	 | 	Train Accuracy     : 0.8612
Valid Loss     : 0.6935	 | 	Valid Accuracy     : 0.6958

Evaluate on the Test set:
Test loss      :0.8630	 | Test Accuracy      : 0.6729 | Test AUPRC      : 0.5445
tensor([0.8857, 0.8948, 0.9735, 0.8640, 0.8363, 0.9642, 0.9472, 0.8656, 0.8820,
        0.8980, 0.8991, 0.9249, 0.9486, 0.8971, 0.8571, 0.8675, 0.8672, 0.8491,
        0.8289, 0.8938, 0.9284, 0.8538, 1.0269, 1.0350, 0.9482, 0.8659, 0.8862,
        0.8867, 0.8363, 0.8481, 0.8319, 0.9244, 0.9473, 0.9257, 0.8868, 0.8858,
        0.8797, 0.9299, 0.8474, 0.8415, 0.9467, 0.8779, 0.8876, 0.9096, 0.9025,
        0.8784, 0.8355, 0.9076, 0.8757, 0.8388, 0.9125, 0.8472, 0.8246, 0.8374,
        0.8370, 0.8030, 0.8284, 0.8374, 0.8526, 0.8552, 0.8999, 0.8354],
       device='cuda:0', grad_fn=<SqueezeBackward1>)

################## Training is Done! #########################
Training time is : 0:00:35.431103
