=============================================
Dataset: SEED
Method:  TS-TCC
Mode:    train_linear
=============================================
Data loaded ...
Subjet 2
if scale True
Training started ....

Epoch : 1
Train Loss     : 1.1947	 | 	Train Accuracy     : 0.4764
Valid Loss     : 2.0313	 | 	Valid Accuracy     : 0.4453

Epoch : 2
Train Loss     : 0.7382	 | 	Train Accuracy     : 0.6765
Valid Loss     : 1.9121	 | 	Valid Accuracy     : 0.5957

Epoch : 3
Train Loss     : 0.6783	 | 	Train Accuracy     : 0.7143
Valid Loss     : 1.8360	 | 	Valid Accuracy     : 0.5078

Epoch : 4
Train Loss     : 0.6561	 | 	Train Accuracy     : 0.7184
Valid Loss     : 1.5038	 | 	Valid Accuracy     : 0.6519

Epoch : 5
Train Loss     : 0.6075	 | 	Train Accuracy     : 0.7439
Valid Loss     : 1.6105	 | 	Valid Accuracy     : 0.5791

Epoch : 6
Train Loss     : 0.6194	 | 	Train Accuracy     : 0.7427
Valid Loss     : 1.5349	 | 	Valid Accuracy     : 0.6021

Epoch : 7
Train Loss     : 0.6075	 | 	Train Accuracy     : 0.7514
Valid Loss     : 1.5188	 | 	Valid Accuracy     : 0.6079

Epoch : 8
Train Loss     : 0.6212	 | 	Train Accuracy     : 0.7420
Valid Loss     : 1.5219	 | 	Valid Accuracy     : 0.6538

Epoch : 9
Train Loss     : 0.6100	 | 	Train Accuracy     : 0.7488
Valid Loss     : 1.6850	 | 	Valid Accuracy     : 0.6377

Epoch : 10
Train Loss     : 0.6425	 | 	Train Accuracy     : 0.7364
Valid Loss     : 1.6209	 | 	Valid Accuracy     : 0.6367

Epoch : 11
Train Loss     : 0.6161	 | 	Train Accuracy     : 0.7495
Valid Loss     : 1.5523	 | 	Valid Accuracy     : 0.6201

Epoch : 12
Train Loss     : 0.6139	 | 	Train Accuracy     : 0.7444
Valid Loss     : 1.3061	 | 	Valid Accuracy     : 0.6128

Epoch : 13
Train Loss     : 0.6160	 | 	Train Accuracy     : 0.7458
Valid Loss     : 1.4120	 | 	Valid Accuracy     : 0.6045

Epoch : 14
Train Loss     : 0.5718	 | 	Train Accuracy     : 0.7660
Valid Loss     : 1.3217	 | 	Valid Accuracy     : 0.6240

Epoch : 15
Train Loss     : 0.5832	 | 	Train Accuracy     : 0.7632
Valid Loss     : 1.3982	 | 	Valid Accuracy     : 0.5684

Epoch : 16
Train Loss     : 0.5827	 | 	Train Accuracy     : 0.7636
Valid Loss     : 1.4661	 | 	Valid Accuracy     : 0.5518

Epoch : 17
Train Loss     : 0.5661	 | 	Train Accuracy     : 0.7717
Valid Loss     : 1.2774	 | 	Valid Accuracy     : 0.5854

Epoch : 18
Train Loss     : 0.5771	 | 	Train Accuracy     : 0.7609
Valid Loss     : 1.4318	 | 	Valid Accuracy     : 0.6035

Epoch : 19
Train Loss     : 0.5608	 | 	Train Accuracy     : 0.7784
Valid Loss     : 1.2465	 | 	Valid Accuracy     : 0.6260

Epoch : 20
Train Loss     : 0.5624	 | 	Train Accuracy     : 0.7760
Valid Loss     : 1.2306	 | 	Valid Accuracy     : 0.6211

Epoch : 21
Train Loss     : 0.5697	 | 	Train Accuracy     : 0.7656
Valid Loss     : 1.2976	 | 	Valid Accuracy     : 0.6304

Epoch : 22
Train Loss     : 0.5640	 | 	Train Accuracy     : 0.7673
Valid Loss     : 1.2812	 | 	Valid Accuracy     : 0.6611

Epoch : 23
Train Loss     : 0.5817	 | 	Train Accuracy     : 0.7655
Valid Loss     : 1.6606	 | 	Valid Accuracy     : 0.5146

Epoch : 24
Train Loss     : 0.5747	 | 	Train Accuracy     : 0.7634
Valid Loss     : 1.3240	 | 	Valid Accuracy     : 0.5933

Epoch : 25
Train Loss     : 0.5513	 | 	Train Accuracy     : 0.7724
Valid Loss     : 1.2524	 | 	Valid Accuracy     : 0.5972

Epoch : 26
Train Loss     : 0.5429	 | 	Train Accuracy     : 0.7821
Valid Loss     : 1.4499	 | 	Valid Accuracy     : 0.5654

Epoch : 27
Train Loss     : 0.5481	 | 	Train Accuracy     : 0.7797
Valid Loss     : 1.2097	 | 	Valid Accuracy     : 0.6436

Epoch : 28
Train Loss     : 0.5440	 | 	Train Accuracy     : 0.7824
Valid Loss     : 1.3574	 | 	Valid Accuracy     : 0.6069

Epoch : 29
Train Loss     : 0.5407	 | 	Train Accuracy     : 0.7784
Valid Loss     : 1.4529	 | 	Valid Accuracy     : 0.6333

Epoch : 30
Train Loss     : 0.5388	 | 	Train Accuracy     : 0.7821
Valid Loss     : 1.4420	 | 	Valid Accuracy     : 0.5933

Evaluate on the Test set:
Test loss      :1.4060	 | Test Accuracy      : 0.4680 | Test AUPRC      : 0.4029
tensor([0.7808, 0.7985, 0.9752, 0.8696, 0.8515, 0.6820, 0.8994, 0.5190, 0.7115,
        0.7174, 0.7628, 0.6752, 0.7071, 0.8211, 0.6310, 0.8519, 0.5494, 0.7773,
        0.6462, 0.6320, 0.8177, 0.7161, 0.8013, 0.9475, 0.8210, 0.7170, 0.6059,
        0.7599, 0.7808, 0.5562, 0.7810, 0.5335, 0.8398, 0.6107, 0.6473, 0.7903,
        0.7389, 0.5772, 0.7876, 0.5639, 0.7673, 0.8716, 0.7470, 0.9399, 0.9175,
        0.7888, 0.7730, 0.7188, 0.7100, 0.6950, 0.7066, 0.6714, 0.7072, 0.5374,
        0.6486, 0.4059, 0.5945, 0.8411, 0.9576, 0.6235, 0.7767, 0.4753],
       device='cuda:0', grad_fn=<SqueezeBackward1>)

################## Training is Done! #########################
Training time is : 0:00:55.284108
