=============================================
Dataset: SEED
Method:  TS-TCC
Mode:    train_linear
=============================================
Data loaded ...
Subjet 8
if scale True
Training started ....

Epoch : 1
Train Loss     : 1.2338	 | 	Train Accuracy     : 0.4816
Valid Loss     : 0.7808	 | 	Valid Accuracy     : 0.6528

Epoch : 2
Train Loss     : 0.7305	 | 	Train Accuracy     : 0.6886
Valid Loss     : 0.6111	 | 	Valid Accuracy     : 0.7310

Epoch : 3
Train Loss     : 0.5583	 | 	Train Accuracy     : 0.7746
Valid Loss     : 0.5472	 | 	Valid Accuracy     : 0.7578

Epoch : 4
Train Loss     : 0.4722	 | 	Train Accuracy     : 0.8119
Valid Loss     : 0.6046	 | 	Valid Accuracy     : 0.6685

Epoch : 5
Train Loss     : 0.4076	 | 	Train Accuracy     : 0.8354
Valid Loss     : 0.7311	 | 	Valid Accuracy     : 0.6387

Epoch : 6
Train Loss     : 0.4014	 | 	Train Accuracy     : 0.8337
Valid Loss     : 0.5885	 | 	Valid Accuracy     : 0.7163

Epoch : 7
Train Loss     : 0.3908	 | 	Train Accuracy     : 0.8404
Valid Loss     : 0.6076	 | 	Valid Accuracy     : 0.7178

Epoch : 8
Train Loss     : 0.3510	 | 	Train Accuracy     : 0.8599
Valid Loss     : 0.5612	 | 	Valid Accuracy     : 0.7480

Epoch : 9
Train Loss     : 0.3277	 | 	Train Accuracy     : 0.8700
Valid Loss     : 0.5778	 | 	Valid Accuracy     : 0.7515

Epoch : 10
Train Loss     : 0.3155	 | 	Train Accuracy     : 0.8744
Valid Loss     : 0.5813	 | 	Valid Accuracy     : 0.7529

Epoch : 11
Train Loss     : 0.3274	 | 	Train Accuracy     : 0.8666
Valid Loss     : 0.6237	 | 	Valid Accuracy     : 0.7446

Epoch : 12
Train Loss     : 0.3135	 | 	Train Accuracy     : 0.8655
Valid Loss     : 0.6348	 | 	Valid Accuracy     : 0.7446

Epoch : 13
Train Loss     : 0.2965	 | 	Train Accuracy     : 0.8890
Valid Loss     : 0.6873	 | 	Valid Accuracy     : 0.7422

Epoch : 14
Train Loss     : 0.2818	 | 	Train Accuracy     : 0.8940
Valid Loss     : 0.7303	 | 	Valid Accuracy     : 0.7344

Epoch : 15
Train Loss     : 0.2738	 | 	Train Accuracy     : 0.8973
Valid Loss     : 0.6898	 | 	Valid Accuracy     : 0.7461

Epoch : 16
Train Loss     : 0.2825	 | 	Train Accuracy     : 0.8951
Valid Loss     : 0.6521	 | 	Valid Accuracy     : 0.7568

Epoch : 17
Train Loss     : 0.2581	 | 	Train Accuracy     : 0.9102
Valid Loss     : 0.6790	 | 	Valid Accuracy     : 0.7490

Epoch : 18
Train Loss     : 0.2727	 | 	Train Accuracy     : 0.9029
Valid Loss     : 0.6915	 | 	Valid Accuracy     : 0.7461

Epoch : 19
Train Loss     : 0.2691	 | 	Train Accuracy     : 0.9040
Valid Loss     : 0.6576	 | 	Valid Accuracy     : 0.7529

Epoch : 20
Train Loss     : 0.2779	 | 	Train Accuracy     : 0.8996
Valid Loss     : 0.6781	 | 	Valid Accuracy     : 0.7485

Epoch : 21
Train Loss     : 0.2709	 | 	Train Accuracy     : 0.9001
Valid Loss     : 0.6909	 | 	Valid Accuracy     : 0.7456

Epoch : 22
Train Loss     : 0.2768	 | 	Train Accuracy     : 0.9029
Valid Loss     : 0.6943	 | 	Valid Accuracy     : 0.7441

Epoch : 23
Train Loss     : 0.2629	 | 	Train Accuracy     : 0.9152
Valid Loss     : 0.6706	 | 	Valid Accuracy     : 0.7520

Epoch : 24
Train Loss     : 0.2702	 | 	Train Accuracy     : 0.9046
Valid Loss     : 0.6988	 | 	Valid Accuracy     : 0.7451

Epoch : 25
Train Loss     : 0.2702	 | 	Train Accuracy     : 0.9035
Valid Loss     : 0.6748	 | 	Valid Accuracy     : 0.7500

Epoch : 26
Train Loss     : 0.2639	 | 	Train Accuracy     : 0.9035
Valid Loss     : 0.6783	 | 	Valid Accuracy     : 0.7490

Epoch : 27
Train Loss     : 0.2636	 | 	Train Accuracy     : 0.9107
Valid Loss     : 0.6806	 | 	Valid Accuracy     : 0.7485

Epoch : 28
Train Loss     : 0.2686	 | 	Train Accuracy     : 0.8990
Valid Loss     : 0.6770	 | 	Valid Accuracy     : 0.7480

Epoch : 29
Train Loss     : 0.2702	 | 	Train Accuracy     : 0.8979
Valid Loss     : 0.6829	 | 	Valid Accuracy     : 0.7480

Epoch : 30
Train Loss     : 0.2644	 | 	Train Accuracy     : 0.9079
Valid Loss     : 0.6833	 | 	Valid Accuracy     : 0.7480

Evaluate on the Test set:
Test loss      :0.9420	 | Test Accuracy      : 0.6721 | Test AUPRC      : 0.5999
tensor([0.9314, 0.9439, 1.0055, 0.9677, 0.9328, 0.9737, 0.9595, 0.9279, 0.9333,
        0.9392, 0.9681, 0.9497, 0.9327, 0.9370, 0.9367, 0.9340, 0.9528, 0.9292,
        0.9156, 0.9432, 0.9710, 0.9344, 0.9597, 1.0028, 0.9772, 0.9442, 0.9483,
        0.9152, 0.9342, 0.9280, 0.9449, 0.9857, 0.9773, 0.9446, 0.9409, 0.9495,
        0.9288, 0.9217, 0.9479, 0.9219, 0.9848, 0.9447, 0.9505, 0.9256, 0.9399,
        0.9465, 0.9242, 0.9419, 0.9424, 0.9209, 0.9392, 0.9273, 0.9255, 0.9557,
        0.9398, 0.8992, 0.9285, 0.9540, 0.9518, 0.9477, 0.9595, 0.9184],
       device='cuda:0', grad_fn=<SqueezeBackward1>)

################## Training is Done! #########################
Training time is : 0:00:25.406261
