=============================================
Dataset: SEED
Method:  TS-TCC
Mode:    train_linear
=============================================
Data loaded ...
Subjet 2
if scale True
Training started ....

Epoch : 1
Train Loss     : 1.4226	 | 	Train Accuracy     : 0.4716
Valid Loss     : 1.3812	 | 	Valid Accuracy     : 0.3525

Epoch : 2
Train Loss     : 0.8227	 | 	Train Accuracy     : 0.6320
Valid Loss     : 1.9580	 | 	Valid Accuracy     : 0.5605

Epoch : 3
Train Loss     : 0.6690	 | 	Train Accuracy     : 0.7112
Valid Loss     : 2.3931	 | 	Valid Accuracy     : 0.3789

Epoch : 4
Train Loss     : 0.6446	 | 	Train Accuracy     : 0.7159
Valid Loss     : 1.9592	 | 	Valid Accuracy     : 0.5298

Epoch : 5
Train Loss     : 0.5784	 | 	Train Accuracy     : 0.7615
Valid Loss     : 1.4200	 | 	Valid Accuracy     : 0.5791

Epoch : 6
Train Loss     : 0.5820	 | 	Train Accuracy     : 0.7633
Valid Loss     : 1.5541	 | 	Valid Accuracy     : 0.5537

Epoch : 7
Train Loss     : 0.5641	 | 	Train Accuracy     : 0.7674
Valid Loss     : 1.7501	 | 	Valid Accuracy     : 0.6001

Epoch : 8
Train Loss     : 0.5469	 | 	Train Accuracy     : 0.7763
Valid Loss     : 1.7265	 | 	Valid Accuracy     : 0.6045

Epoch : 9
Train Loss     : 0.5481	 | 	Train Accuracy     : 0.7732
Valid Loss     : 1.5345	 | 	Valid Accuracy     : 0.5874

Epoch : 10
Train Loss     : 0.5488	 | 	Train Accuracy     : 0.7721
Valid Loss     : 1.5235	 | 	Valid Accuracy     : 0.6021

Epoch : 11
Train Loss     : 0.5363	 | 	Train Accuracy     : 0.7977
Valid Loss     : 1.8566	 | 	Valid Accuracy     : 0.6211

Epoch : 12
Train Loss     : 0.5207	 | 	Train Accuracy     : 0.7961
Valid Loss     : 1.9390	 | 	Valid Accuracy     : 0.5938

Epoch : 13
Train Loss     : 0.5051	 | 	Train Accuracy     : 0.8060
Valid Loss     : 2.0505	 | 	Valid Accuracy     : 0.5962

Epoch : 14
Train Loss     : 0.4971	 | 	Train Accuracy     : 0.8115
Valid Loss     : 2.0663	 | 	Valid Accuracy     : 0.6016

Epoch : 15
Train Loss     : 0.5008	 | 	Train Accuracy     : 0.8039
Valid Loss     : 2.0340	 | 	Valid Accuracy     : 0.5894

Epoch : 16
Train Loss     : 0.4948	 | 	Train Accuracy     : 0.8073
Valid Loss     : 1.9637	 | 	Valid Accuracy     : 0.6152

Epoch : 17
Train Loss     : 0.4988	 | 	Train Accuracy     : 0.8055
Valid Loss     : 1.7836	 | 	Valid Accuracy     : 0.6143

Epoch : 18
Train Loss     : 0.5029	 | 	Train Accuracy     : 0.8013
Valid Loss     : 1.8224	 | 	Valid Accuracy     : 0.6006

Epoch : 19
Train Loss     : 0.5070	 | 	Train Accuracy     : 0.8010
Valid Loss     : 2.1827	 | 	Valid Accuracy     : 0.5967

Epoch : 20
Train Loss     : 0.4924	 | 	Train Accuracy     : 0.8091
Valid Loss     : 2.2158	 | 	Valid Accuracy     : 0.5957

Epoch : 21
Train Loss     : 0.4935	 | 	Train Accuracy     : 0.8042
Valid Loss     : 2.0837	 | 	Valid Accuracy     : 0.5933

Epoch : 22
Train Loss     : 0.4978	 | 	Train Accuracy     : 0.8057
Valid Loss     : 2.0597	 | 	Valid Accuracy     : 0.6123

Epoch : 23
Train Loss     : 0.4738	 | 	Train Accuracy     : 0.8169
Valid Loss     : 1.6770	 | 	Valid Accuracy     : 0.5610

Epoch : 24
Train Loss     : 0.4892	 | 	Train Accuracy     : 0.8112
Valid Loss     : 1.7166	 | 	Valid Accuracy     : 0.5977

Epoch : 25
Train Loss     : 0.4911	 | 	Train Accuracy     : 0.8130
Valid Loss     : 1.8899	 | 	Valid Accuracy     : 0.6104

Epoch : 26
Train Loss     : 0.4889	 | 	Train Accuracy     : 0.8133
Valid Loss     : 1.7320	 | 	Valid Accuracy     : 0.6123

Epoch : 27
Train Loss     : 0.4878	 | 	Train Accuracy     : 0.8133
Valid Loss     : 1.8633	 | 	Valid Accuracy     : 0.6060

Epoch : 28
Train Loss     : 0.4884	 | 	Train Accuracy     : 0.8117
Valid Loss     : 2.1237	 | 	Valid Accuracy     : 0.5898

Epoch : 29
Train Loss     : 0.4619	 | 	Train Accuracy     : 0.8299
Valid Loss     : 1.7098	 | 	Valid Accuracy     : 0.6011

Epoch : 30
Train Loss     : 0.4813	 | 	Train Accuracy     : 0.8156
Valid Loss     : 1.7516	 | 	Valid Accuracy     : 0.6040

Evaluate on the Test set:
Test loss      :1.0711	 | Test Accuracy      : 0.5493 | Test AUPRC      : 0.4501
tensor([0.8991, 0.9273, 1.0026, 0.9115, 0.9316, 0.9169, 0.9359, 0.8832, 0.8630,
        0.8766, 0.9015, 0.8748, 0.8871, 0.9190, 0.8813, 0.9279, 0.8918, 0.8968,
        0.8852, 0.8766, 0.9156, 0.8647, 0.9244, 1.0343, 0.9174, 0.8581, 0.8755,
        0.8692, 0.9476, 0.8616, 0.9382, 0.8914, 0.9321, 0.9226, 0.8947, 0.9387,
        0.9045, 0.8673, 0.9123, 0.8595, 0.9226, 0.9322, 0.9277, 0.9957, 0.9539,
        0.9285, 0.9117, 0.9198, 0.9077, 0.9284, 0.8759, 0.9020, 0.8655, 0.8486,
        0.8722, 0.8209, 0.8727, 0.9415, 0.9618, 0.8916, 0.9278, 0.8496],
       device='cuda:0', grad_fn=<SqueezeBackward1>)

################## Training is Done! #########################
Training time is : 0:00:45.081170
