=============================================
Dataset: SEED
Method:  TS-TCC
Mode:    train_linear
=============================================
Data loaded ...
Subjet 12
if scale True
Training started ....

Epoch : 1
Train Loss     : 1.3270	 | 	Train Accuracy     : 0.4641
Valid Loss     : 1.3092	 | 	Valid Accuracy     : 0.5337

Epoch : 2
Train Loss     : 0.9055	 | 	Train Accuracy     : 0.5966
Valid Loss     : 0.9038	 | 	Valid Accuracy     : 0.5737

Epoch : 3
Train Loss     : 0.7332	 | 	Train Accuracy     : 0.6695
Valid Loss     : 0.9522	 | 	Valid Accuracy     : 0.5444

Epoch : 4
Train Loss     : 0.6735	 | 	Train Accuracy     : 0.7164
Valid Loss     : 0.9443	 | 	Valid Accuracy     : 0.5547

Epoch : 5
Train Loss     : 0.6415	 | 	Train Accuracy     : 0.7276
Valid Loss     : 1.0633	 | 	Valid Accuracy     : 0.5195

Epoch : 6
Train Loss     : 0.6176	 | 	Train Accuracy     : 0.7357
Valid Loss     : 1.0938	 | 	Valid Accuracy     : 0.5400

Epoch : 7
Train Loss     : 0.6002	 | 	Train Accuracy     : 0.7497
Valid Loss     : 1.0803	 | 	Valid Accuracy     : 0.5430

Epoch : 8
Train Loss     : 0.5968	 | 	Train Accuracy     : 0.7510
Valid Loss     : 1.1009	 | 	Valid Accuracy     : 0.5293

Epoch : 9
Train Loss     : 0.5998	 | 	Train Accuracy     : 0.7448
Valid Loss     : 1.2127	 | 	Valid Accuracy     : 0.5332

Epoch : 10
Train Loss     : 0.5845	 | 	Train Accuracy     : 0.7534
Valid Loss     : 1.2191	 | 	Valid Accuracy     : 0.5259

Epoch : 11
Train Loss     : 0.5716	 | 	Train Accuracy     : 0.7552
Valid Loss     : 1.3846	 | 	Valid Accuracy     : 0.4976

Epoch : 12
Train Loss     : 0.5800	 | 	Train Accuracy     : 0.7596
Valid Loss     : 1.1591	 | 	Valid Accuracy     : 0.5464

Epoch : 13
Train Loss     : 0.5556	 | 	Train Accuracy     : 0.7669
Valid Loss     : 1.4226	 | 	Valid Accuracy     : 0.5024

Epoch : 14
Train Loss     : 0.5465	 | 	Train Accuracy     : 0.7688
Valid Loss     : 1.1718	 | 	Valid Accuracy     : 0.5386

Epoch : 15
Train Loss     : 0.5174	 | 	Train Accuracy     : 0.7969
Valid Loss     : 1.2625	 | 	Valid Accuracy     : 0.5332

Epoch : 16
Train Loss     : 0.5217	 | 	Train Accuracy     : 0.7888
Valid Loss     : 1.2180	 | 	Valid Accuracy     : 0.5381

Epoch : 17
Train Loss     : 0.5193	 | 	Train Accuracy     : 0.7896
Valid Loss     : 1.2368	 | 	Valid Accuracy     : 0.5308

Epoch : 18
Train Loss     : 0.5132	 | 	Train Accuracy     : 0.7885
Valid Loss     : 1.2251	 | 	Valid Accuracy     : 0.5337

Epoch : 19
Train Loss     : 0.5202	 | 	Train Accuracy     : 0.7906
Valid Loss     : 1.2303	 | 	Valid Accuracy     : 0.5361

Epoch : 20
Train Loss     : 0.5105	 | 	Train Accuracy     : 0.8021
Valid Loss     : 1.2343	 | 	Valid Accuracy     : 0.5371

Epoch : 21
Train Loss     : 0.5139	 | 	Train Accuracy     : 0.7911
Valid Loss     : 1.2203	 | 	Valid Accuracy     : 0.5352

Epoch : 22
Train Loss     : 0.5152	 | 	Train Accuracy     : 0.7943
Valid Loss     : 1.2828	 | 	Valid Accuracy     : 0.5229

Epoch : 23
Train Loss     : 0.5172	 | 	Train Accuracy     : 0.7883
Valid Loss     : 1.1736	 | 	Valid Accuracy     : 0.5430

Epoch : 24
Train Loss     : 0.5205	 | 	Train Accuracy     : 0.7958
Valid Loss     : 1.2001	 | 	Valid Accuracy     : 0.5405

Epoch : 25
Train Loss     : 0.5189	 | 	Train Accuracy     : 0.7891
Valid Loss     : 1.2057	 | 	Valid Accuracy     : 0.5449

Epoch : 26
Train Loss     : 0.5090	 | 	Train Accuracy     : 0.7990
Valid Loss     : 1.2268	 | 	Valid Accuracy     : 0.5347

Epoch : 27
Train Loss     : 0.5076	 | 	Train Accuracy     : 0.8021
Valid Loss     : 1.2208	 | 	Valid Accuracy     : 0.5400

Epoch : 28
Train Loss     : 0.5114	 | 	Train Accuracy     : 0.8016
Valid Loss     : 1.2317	 | 	Valid Accuracy     : 0.5376

Epoch : 29
Train Loss     : 0.5099	 | 	Train Accuracy     : 0.7992
Valid Loss     : 1.2366	 | 	Valid Accuracy     : 0.5356

Epoch : 30
Train Loss     : 0.5112	 | 	Train Accuracy     : 0.7924
Valid Loss     : 1.2394	 | 	Valid Accuracy     : 0.5376

Evaluate on the Test set:
Test loss      :1.2702	 | Test Accuracy      : 0.5416 | Test AUPRC      : 0.4475
tensor([0.9122, 0.9614, 0.9784, 0.9191, 0.9439, 0.9683, 0.8889, 0.9254, 0.8587,
        0.8862, 0.9013, 0.9034, 0.9209, 0.9267, 0.9509, 0.8620, 0.9257, 0.9106,
        0.9178, 0.9352, 0.9375, 0.9004, 0.9202, 1.0292, 0.9246, 0.8764, 0.9332,
        0.9623, 0.8665, 0.8511, 0.9308, 0.9680, 0.8390, 0.9065, 0.8797, 0.9141,
        0.8659, 0.8709, 0.8825, 0.8668, 0.9172, 0.9067, 0.8592, 0.8530, 0.9239,
        0.9312, 0.9235, 0.8740, 0.8381, 0.9197, 0.8948, 0.8748, 0.8528, 0.8849,
        0.8497, 0.8083, 0.8728, 0.9163, 0.9235, 0.8313, 0.8689, 0.9092],
       device='cuda:0', grad_fn=<SqueezeBackward1>)

################## Training is Done! #########################
Training time is : 0:00:39.384938
