=============================================
Dataset: SEED
Method:  TS-TCC
Mode:    train_linear
=============================================
Data loaded ...
Subjet 10
if scale True
Training started ....

Epoch : 1
Train Loss     : 1.2610	 | 	Train Accuracy     : 0.5388
Valid Loss     : 1.0200	 | 	Valid Accuracy     : 0.4229

Epoch : 2
Train Loss     : 0.7368	 | 	Train Accuracy     : 0.6596
Valid Loss     : 1.0546	 | 	Valid Accuracy     : 0.5000

Epoch : 3
Train Loss     : 0.6122	 | 	Train Accuracy     : 0.7279
Valid Loss     : 1.1423	 | 	Valid Accuracy     : 0.5371

Epoch : 4
Train Loss     : 0.5632	 | 	Train Accuracy     : 0.7602
Valid Loss     : 1.3782	 | 	Valid Accuracy     : 0.5176

Epoch : 5
Train Loss     : 0.5191	 | 	Train Accuracy     : 0.7776
Valid Loss     : 1.2059	 | 	Valid Accuracy     : 0.5625

Epoch : 6
Train Loss     : 0.4979	 | 	Train Accuracy     : 0.7927
Valid Loss     : 1.3723	 | 	Valid Accuracy     : 0.5146

Epoch : 7
Train Loss     : 0.4823	 | 	Train Accuracy     : 0.8047
Valid Loss     : 1.2729	 | 	Valid Accuracy     : 0.5244

Epoch : 8
Train Loss     : 0.4811	 | 	Train Accuracy     : 0.7987
Valid Loss     : 1.0029	 | 	Valid Accuracy     : 0.6016

Epoch : 9
Train Loss     : 0.4739	 | 	Train Accuracy     : 0.7966
Valid Loss     : 0.9618	 | 	Valid Accuracy     : 0.5972

Epoch : 10
Train Loss     : 0.4636	 | 	Train Accuracy     : 0.7984
Valid Loss     : 1.2287	 | 	Valid Accuracy     : 0.5664

Epoch : 11
Train Loss     : 0.4663	 | 	Train Accuracy     : 0.7971
Valid Loss     : 1.4697	 | 	Valid Accuracy     : 0.5610

Epoch : 12
Train Loss     : 0.4949	 | 	Train Accuracy     : 0.7792
Valid Loss     : 1.5985	 | 	Valid Accuracy     : 0.5239

Epoch : 13
Train Loss     : 0.5190	 | 	Train Accuracy     : 0.7732
Valid Loss     : 1.5364	 | 	Valid Accuracy     : 0.5635

Epoch : 14
Train Loss     : 0.4543	 | 	Train Accuracy     : 0.8049
Valid Loss     : 1.7391	 | 	Valid Accuracy     : 0.4800

Epoch : 15
Train Loss     : 0.4504	 | 	Train Accuracy     : 0.8182
Valid Loss     : 1.6310	 | 	Valid Accuracy     : 0.5391

Epoch : 16
Train Loss     : 0.4184	 | 	Train Accuracy     : 0.8318
Valid Loss     : 1.6421	 | 	Valid Accuracy     : 0.5537

Epoch : 17
Train Loss     : 0.4186	 | 	Train Accuracy     : 0.8297
Valid Loss     : 1.4179	 | 	Valid Accuracy     : 0.5762

Epoch : 18
Train Loss     : 0.4320	 | 	Train Accuracy     : 0.8182
Valid Loss     : 1.7748	 | 	Valid Accuracy     : 0.5649

Epoch : 19
Train Loss     : 0.4423	 | 	Train Accuracy     : 0.8169
Valid Loss     : 1.5537	 | 	Valid Accuracy     : 0.5122

Epoch : 20
Train Loss     : 0.4009	 | 	Train Accuracy     : 0.8430
Valid Loss     : 1.6292	 | 	Valid Accuracy     : 0.5508

Epoch : 21
Train Loss     : 0.4204	 | 	Train Accuracy     : 0.8346
Valid Loss     : 1.7014	 | 	Valid Accuracy     : 0.5356

Epoch : 22
Train Loss     : 0.3947	 | 	Train Accuracy     : 0.8422
Valid Loss     : 1.5892	 | 	Valid Accuracy     : 0.5693

Epoch : 23
Train Loss     : 0.3948	 | 	Train Accuracy     : 0.8378
Valid Loss     : 1.6682	 | 	Valid Accuracy     : 0.5386

Epoch : 24
Train Loss     : 0.3957	 | 	Train Accuracy     : 0.8398
Valid Loss     : 1.6132	 | 	Valid Accuracy     : 0.5703

Epoch : 25
Train Loss     : 0.3972	 | 	Train Accuracy     : 0.8406
Valid Loss     : 1.4330	 | 	Valid Accuracy     : 0.5596

Epoch : 26
Train Loss     : 0.3936	 | 	Train Accuracy     : 0.8432
Valid Loss     : 1.5943	 | 	Valid Accuracy     : 0.5732

Epoch : 27
Train Loss     : 0.3790	 | 	Train Accuracy     : 0.8539
Valid Loss     : 1.7027	 | 	Valid Accuracy     : 0.5425

Epoch : 28
Train Loss     : 0.3775	 | 	Train Accuracy     : 0.8495
Valid Loss     : 1.5231	 | 	Valid Accuracy     : 0.5537

Epoch : 29
Train Loss     : 0.3992	 | 	Train Accuracy     : 0.8391
Valid Loss     : 1.5050	 | 	Valid Accuracy     : 0.5376

Epoch : 30
Train Loss     : 0.3614	 | 	Train Accuracy     : 0.8599
Valid Loss     : 1.5819	 | 	Valid Accuracy     : 0.5825

Evaluate on the Test set:
Test loss      :1.9482	 | Test Accuracy      : 0.5665 | Test AUPRC      : 0.4411
tensor([0.8470, 0.9191, 0.9743, 0.8735, 0.8268, 0.9549, 0.9157, 0.8373, 0.9233,
        0.8445, 0.8710, 0.8862, 0.9064, 0.7942, 0.9554, 0.8633, 0.8493, 0.7634,
        0.7686, 0.7999, 0.8852, 0.8991, 0.8510, 1.0506, 0.9286, 0.8476, 0.8481,
        0.8515, 0.8403, 0.7900, 0.8681, 0.9381, 0.8385, 0.8461, 0.8468, 0.8527,
        0.8596, 0.7999, 0.8485, 0.7825, 0.8560, 0.7801, 0.7788, 0.8951, 0.9464,
        0.8667, 0.7884, 0.8151, 0.8864, 0.8139, 0.8979, 0.7779, 0.7527, 0.9233,
        0.7691, 0.7115, 0.7493, 0.9270, 0.8938, 0.9467, 0.8846, 0.8687],
       device='cuda:0', grad_fn=<SqueezeBackward1>)

################## Training is Done! #########################
Training time is : 0:00:38.684896
