=============================================
Dataset: SEED
Method:  TS-TCC
Mode:    train_linear
=============================================
Data loaded ...
Subjet 12
if scale True
Training started ....

Epoch : 1
Train Loss     : 1.1902	 | 	Train Accuracy     : 0.5406
Valid Loss     : 1.4731	 | 	Valid Accuracy     : 0.4805

Epoch : 2
Train Loss     : 0.7995	 | 	Train Accuracy     : 0.6844
Valid Loss     : 1.4398	 | 	Valid Accuracy     : 0.4839

Epoch : 3
Train Loss     : 0.6291	 | 	Train Accuracy     : 0.7435
Valid Loss     : 1.3496	 | 	Valid Accuracy     : 0.5342

Epoch : 4
Train Loss     : 0.5883	 | 	Train Accuracy     : 0.7714
Valid Loss     : 1.6383	 | 	Valid Accuracy     : 0.4854

Epoch : 5
Train Loss     : 0.5496	 | 	Train Accuracy     : 0.7802
Valid Loss     : 1.4843	 | 	Valid Accuracy     : 0.5200

Epoch : 6
Train Loss     : 0.5126	 | 	Train Accuracy     : 0.8060
Valid Loss     : 1.5026	 | 	Valid Accuracy     : 0.5122

Epoch : 7
Train Loss     : 0.5046	 | 	Train Accuracy     : 0.8099
Valid Loss     : 1.4504	 | 	Valid Accuracy     : 0.5337

Epoch : 8
Train Loss     : 0.4965	 | 	Train Accuracy     : 0.8076
Valid Loss     : 1.6357	 | 	Valid Accuracy     : 0.5176

Epoch : 9
Train Loss     : 0.4987	 | 	Train Accuracy     : 0.8099
Valid Loss     : 1.5438	 | 	Valid Accuracy     : 0.5435

Epoch : 10
Train Loss     : 0.5015	 | 	Train Accuracy     : 0.8044
Valid Loss     : 1.4168	 | 	Valid Accuracy     : 0.5649

Epoch : 11
Train Loss     : 0.4714	 | 	Train Accuracy     : 0.8180
Valid Loss     : 1.5762	 | 	Valid Accuracy     : 0.5439

Epoch : 12
Train Loss     : 0.4573	 | 	Train Accuracy     : 0.8289
Valid Loss     : 1.7633	 | 	Valid Accuracy     : 0.5142

Epoch : 13
Train Loss     : 0.4510	 | 	Train Accuracy     : 0.8323
Valid Loss     : 1.4742	 | 	Valid Accuracy     : 0.5679

Epoch : 14
Train Loss     : 0.4588	 | 	Train Accuracy     : 0.8266
Valid Loss     : 1.5870	 | 	Valid Accuracy     : 0.5503

Epoch : 15
Train Loss     : 0.4164	 | 	Train Accuracy     : 0.8458
Valid Loss     : 1.6651	 | 	Valid Accuracy     : 0.5371

Epoch : 16
Train Loss     : 0.4198	 | 	Train Accuracy     : 0.8474
Valid Loss     : 1.6236	 | 	Valid Accuracy     : 0.5430

Epoch : 17
Train Loss     : 0.4179	 | 	Train Accuracy     : 0.8500
Valid Loss     : 1.6466	 | 	Valid Accuracy     : 0.5435

Epoch : 18
Train Loss     : 0.4184	 | 	Train Accuracy     : 0.8479
Valid Loss     : 1.7001	 | 	Valid Accuracy     : 0.5342

Epoch : 19
Train Loss     : 0.4190	 | 	Train Accuracy     : 0.8401
Valid Loss     : 1.6887	 | 	Valid Accuracy     : 0.5332

Epoch : 20
Train Loss     : 0.4170	 | 	Train Accuracy     : 0.8547
Valid Loss     : 1.6599	 | 	Valid Accuracy     : 0.5371

Epoch : 21
Train Loss     : 0.4189	 | 	Train Accuracy     : 0.8503
Valid Loss     : 1.6770	 | 	Valid Accuracy     : 0.5381

Epoch : 22
Train Loss     : 0.4188	 | 	Train Accuracy     : 0.8464
Valid Loss     : 1.5784	 | 	Valid Accuracy     : 0.5527

Epoch : 23
Train Loss     : 0.4166	 | 	Train Accuracy     : 0.8451
Valid Loss     : 1.7459	 | 	Valid Accuracy     : 0.5249

Epoch : 24
Train Loss     : 0.4192	 | 	Train Accuracy     : 0.8448
Valid Loss     : 1.7194	 | 	Valid Accuracy     : 0.5347

Epoch : 25
Train Loss     : 0.4229	 | 	Train Accuracy     : 0.8469
Valid Loss     : 1.6205	 | 	Valid Accuracy     : 0.5444

Epoch : 26
Train Loss     : 0.4091	 | 	Train Accuracy     : 0.8500
Valid Loss     : 1.6327	 | 	Valid Accuracy     : 0.5459

Epoch : 27
Train Loss     : 0.4126	 | 	Train Accuracy     : 0.8495
Valid Loss     : 1.6810	 | 	Valid Accuracy     : 0.5366

Epoch : 28
Train Loss     : 0.4065	 | 	Train Accuracy     : 0.8521
Valid Loss     : 1.6745	 | 	Valid Accuracy     : 0.5376

Epoch : 29
Train Loss     : 0.4093	 | 	Train Accuracy     : 0.8471
Valid Loss     : 1.6867	 | 	Valid Accuracy     : 0.5366

Epoch : 30
Train Loss     : 0.4163	 | 	Train Accuracy     : 0.8456
Valid Loss     : 1.6794	 | 	Valid Accuracy     : 0.5386

Evaluate on the Test set:
Test loss      :1.6847	 | Test Accuracy      : 0.5263 | Test AUPRC      : 0.4348
tensor([0.8874, 0.9225, 0.9827, 0.9579, 0.9301, 0.9579, 0.9419, 0.8829, 0.8624,
        0.8909, 0.9318, 0.9233, 0.9801, 0.9241, 0.9132, 0.8953, 0.9149, 0.8424,
        0.8856, 0.9142, 0.9185, 0.9067, 0.9296, 0.9770, 0.9264, 0.9117, 0.9108,
        0.9387, 0.8545, 0.8312, 0.9100, 1.0097, 0.9385, 0.8586, 0.8669, 0.9154,
        0.9210, 0.8581, 0.9038, 0.8550, 0.9196, 0.8354, 0.8961, 0.9400, 0.9458,
        0.8714, 0.8814, 0.8626, 0.9303, 0.9164, 0.8827, 0.8423, 0.8226, 0.8536,
        0.8330, 0.8035, 0.8474, 0.9331, 0.9274, 0.8840, 0.8940, 0.8766],
       device='cuda:0', grad_fn=<SqueezeBackward1>)

################## Training is Done! #########################
Training time is : 0:00:34.735843
