=============================================
Dataset: SEED
Method:  TS-TCC
Mode:    train_linear
=============================================
Data loaded ...
Subjet 14
if scale True
Training started ....

Epoch : 1
Train Loss     : 1.1383	 | 	Train Accuracy     : 0.5349
Valid Loss     : 1.2956	 | 	Valid Accuracy     : 0.3730

Epoch : 2
Train Loss     : 0.7080	 | 	Train Accuracy     : 0.7089
Valid Loss     : 0.8808	 | 	Valid Accuracy     : 0.5879

Epoch : 3
Train Loss     : 0.5499	 | 	Train Accuracy     : 0.8057
Valid Loss     : 0.7898	 | 	Valid Accuracy     : 0.6367

Epoch : 4
Train Loss     : 0.4946	 | 	Train Accuracy     : 0.8177
Valid Loss     : 0.7555	 | 	Valid Accuracy     : 0.6553

Epoch : 5
Train Loss     : 0.4683	 | 	Train Accuracy     : 0.8315
Valid Loss     : 0.7560	 | 	Valid Accuracy     : 0.6431

Epoch : 6
Train Loss     : 0.4401	 | 	Train Accuracy     : 0.8370
Valid Loss     : 0.7674	 | 	Valid Accuracy     : 0.6416

Epoch : 7
Train Loss     : 0.4197	 | 	Train Accuracy     : 0.8424
Valid Loss     : 0.7824	 | 	Valid Accuracy     : 0.6479

Epoch : 8
Train Loss     : 0.4232	 | 	Train Accuracy     : 0.8346
Valid Loss     : 1.0142	 | 	Valid Accuracy     : 0.6279

Epoch : 9
Train Loss     : 0.4297	 | 	Train Accuracy     : 0.8331
Valid Loss     : 0.8728	 | 	Valid Accuracy     : 0.6265

Epoch : 10
Train Loss     : 0.3937	 | 	Train Accuracy     : 0.8490
Valid Loss     : 0.8083	 | 	Valid Accuracy     : 0.6689

Epoch : 11
Train Loss     : 0.3790	 | 	Train Accuracy     : 0.8573
Valid Loss     : 0.8526	 | 	Valid Accuracy     : 0.6484

Epoch : 12
Train Loss     : 0.3774	 | 	Train Accuracy     : 0.8594
Valid Loss     : 0.9279	 | 	Valid Accuracy     : 0.6387

Epoch : 13
Train Loss     : 0.3781	 | 	Train Accuracy     : 0.8557
Valid Loss     : 0.8987	 | 	Valid Accuracy     : 0.6255

Epoch : 14
Train Loss     : 0.3778	 | 	Train Accuracy     : 0.8547
Valid Loss     : 0.8360	 | 	Valid Accuracy     : 0.6655

Epoch : 15
Train Loss     : 0.3566	 | 	Train Accuracy     : 0.8646
Valid Loss     : 0.8276	 | 	Valid Accuracy     : 0.6733

Epoch : 16
Train Loss     : 0.3600	 | 	Train Accuracy     : 0.8677
Valid Loss     : 0.9248	 | 	Valid Accuracy     : 0.6318

Epoch : 17
Train Loss     : 0.3507	 | 	Train Accuracy     : 0.8661
Valid Loss     : 0.8735	 | 	Valid Accuracy     : 0.6543

Epoch : 18
Train Loss     : 0.3476	 | 	Train Accuracy     : 0.8708
Valid Loss     : 0.9065	 | 	Valid Accuracy     : 0.6494

Epoch : 19
Train Loss     : 0.3417	 | 	Train Accuracy     : 0.8784
Valid Loss     : 0.8757	 | 	Valid Accuracy     : 0.6553

Epoch : 20
Train Loss     : 0.3492	 | 	Train Accuracy     : 0.8674
Valid Loss     : 0.8641	 | 	Valid Accuracy     : 0.6626

Epoch : 21
Train Loss     : 0.3368	 | 	Train Accuracy     : 0.8771
Valid Loss     : 0.9144	 | 	Valid Accuracy     : 0.6470

Epoch : 22
Train Loss     : 0.3493	 | 	Train Accuracy     : 0.8716
Valid Loss     : 0.8859	 | 	Valid Accuracy     : 0.6445

Epoch : 23
Train Loss     : 0.3326	 | 	Train Accuracy     : 0.8755
Valid Loss     : 0.9073	 | 	Valid Accuracy     : 0.6465

Epoch : 24
Train Loss     : 0.3438	 | 	Train Accuracy     : 0.8706
Valid Loss     : 0.8861	 | 	Valid Accuracy     : 0.6504

Epoch : 25
Train Loss     : 0.3359	 | 	Train Accuracy     : 0.8776
Valid Loss     : 0.9043	 | 	Valid Accuracy     : 0.6431

Epoch : 26
Train Loss     : 0.3357	 | 	Train Accuracy     : 0.8732
Valid Loss     : 0.8931	 | 	Valid Accuracy     : 0.6567

Epoch : 27
Train Loss     : 0.3319	 | 	Train Accuracy     : 0.8747
Valid Loss     : 0.9093	 | 	Valid Accuracy     : 0.6528

Epoch : 28
Train Loss     : 0.3268	 | 	Train Accuracy     : 0.8794
Valid Loss     : 0.8842	 | 	Valid Accuracy     : 0.6543

Epoch : 29
Train Loss     : 0.3344	 | 	Train Accuracy     : 0.8841
Valid Loss     : 0.8845	 | 	Valid Accuracy     : 0.6484

Epoch : 30
Train Loss     : 0.3374	 | 	Train Accuracy     : 0.8755
Valid Loss     : 0.9018	 | 	Valid Accuracy     : 0.6504

Evaluate on the Test set:
Test loss      :1.0075	 | Test Accuracy      : 0.6318 | Test AUPRC      : 0.5303
tensor([0.8680, 0.8750, 0.8613, 0.8371, 0.9383, 0.8307, 0.9308, 0.8634, 0.8951,
        0.8527, 0.8525, 0.8699, 0.8837, 0.9339, 0.8558, 0.8831, 0.8828, 0.8554,
        0.8266, 0.8766, 0.8359, 0.8831, 0.9548, 0.9155, 0.9473, 0.8533, 0.8793,
        0.8207, 0.8773, 0.8322, 0.8856, 0.9638, 1.0437, 0.8913, 0.8250, 0.9077,
        0.8324, 0.8473, 0.8241, 0.8459, 0.9955, 0.9377, 0.9329, 0.8613, 0.8942,
        0.8935, 0.8446, 0.8492, 0.8128, 0.8289, 0.8728, 0.8215, 0.8265, 0.8767,
        0.8353, 0.7887, 0.8548, 0.8181, 0.9312, 0.8550, 0.9319, 0.8815],
       device='cuda:0', grad_fn=<SqueezeBackward1>)

################## Training is Done! #########################
Training time is : 0:00:38.920422
