=============================================
Dataset: SEED
Method:  TS-TCC
Mode:    fine_tune
=============================================
Data loaded ...
Subjet 7
if scale True
Training started ....

Epoch : 1
Train Loss     : 1.6796	 | 	Train Accuracy     : 0.4307
Valid Loss     : 1.0200	 | 	Valid Accuracy     : 0.4534

Epoch : 2
Train Loss     : 0.8968	 | 	Train Accuracy     : 0.5884
Valid Loss     : 1.5852	 | 	Valid Accuracy     : 0.4219

Epoch : 3
Train Loss     : 0.5968	 | 	Train Accuracy     : 0.7064
Valid Loss     : 1.3606	 | 	Valid Accuracy     : 0.4648

Epoch : 4
Train Loss     : 0.4914	 | 	Train Accuracy     : 0.7586
Valid Loss     : 0.6985	 | 	Valid Accuracy     : 0.6770

Epoch : 5
Train Loss     : 0.3863	 | 	Train Accuracy     : 0.8424
Valid Loss     : 0.6527	 | 	Valid Accuracy     : 0.7048

Epoch : 6
Train Loss     : 0.3179	 | 	Train Accuracy     : 0.8679
Valid Loss     : 0.6765	 | 	Valid Accuracy     : 0.7126

Epoch : 7
Train Loss     : 0.2738	 | 	Train Accuracy     : 0.9030
Valid Loss     : 0.7170	 | 	Valid Accuracy     : 0.6968

Epoch : 8
Train Loss     : 0.2606	 | 	Train Accuracy     : 0.9044
Valid Loss     : 0.8095	 | 	Valid Accuracy     : 0.6969

Epoch : 9
Train Loss     : 0.2466	 | 	Train Accuracy     : 0.9086
Valid Loss     : 0.8219	 | 	Valid Accuracy     : 0.6839

Epoch : 10
Train Loss     : 0.2407	 | 	Train Accuracy     : 0.9045
Valid Loss     : 0.8300	 | 	Valid Accuracy     : 0.6880

Epoch : 11
Train Loss     : 0.2251	 | 	Train Accuracy     : 0.9080
Valid Loss     : 0.8545	 | 	Valid Accuracy     : 0.6833

Epoch : 12
Train Loss     : 0.2009	 | 	Train Accuracy     : 0.9281
Valid Loss     : 0.9141	 | 	Valid Accuracy     : 0.6885

Epoch : 13
Train Loss     : 0.1884	 | 	Train Accuracy     : 0.9338
Valid Loss     : 0.8023	 | 	Valid Accuracy     : 0.7052

Epoch : 14
Train Loss     : 0.1602	 | 	Train Accuracy     : 0.9488
Valid Loss     : 0.8595	 | 	Valid Accuracy     : 0.6992

Epoch : 15
Train Loss     : 0.1500	 | 	Train Accuracy     : 0.9536
Valid Loss     : 0.8297	 | 	Valid Accuracy     : 0.6967

Epoch : 16
Train Loss     : 0.1447	 | 	Train Accuracy     : 0.9589
Valid Loss     : 0.9585	 | 	Valid Accuracy     : 0.6964

Epoch : 17
Train Loss     : 0.1296	 | 	Train Accuracy     : 0.9593
Valid Loss     : 0.8746	 | 	Valid Accuracy     : 0.7040

Epoch : 18
Train Loss     : 0.1203	 | 	Train Accuracy     : 0.9647
Valid Loss     : 0.8540	 | 	Valid Accuracy     : 0.6979

Epoch : 19
Train Loss     : 0.1159	 | 	Train Accuracy     : 0.9694
Valid Loss     : 0.8332	 | 	Valid Accuracy     : 0.7046

Epoch : 20
Train Loss     : 0.1132	 | 	Train Accuracy     : 0.9713
Valid Loss     : 0.8530	 | 	Valid Accuracy     : 0.7005

Epoch : 21
Train Loss     : 0.1135	 | 	Train Accuracy     : 0.9702
Valid Loss     : 0.8410	 | 	Valid Accuracy     : 0.7025

Epoch : 22
Train Loss     : 0.1076	 | 	Train Accuracy     : 0.9810
Valid Loss     : 0.8673	 | 	Valid Accuracy     : 0.6966

Epoch : 23
Train Loss     : 0.1049	 | 	Train Accuracy     : 0.9756
Valid Loss     : 0.8704	 | 	Valid Accuracy     : 0.6913

Epoch : 24
Train Loss     : 0.1006	 | 	Train Accuracy     : 0.9798
Valid Loss     : 0.8499	 | 	Valid Accuracy     : 0.7036

Epoch : 25
Train Loss     : 0.1021	 | 	Train Accuracy     : 0.9728
Valid Loss     : 0.9462	 | 	Valid Accuracy     : 0.7009

Epoch : 26
Train Loss     : 0.1058	 | 	Train Accuracy     : 0.9747
Valid Loss     : 0.8574	 | 	Valid Accuracy     : 0.7019

Epoch : 27
Train Loss     : 0.1005	 | 	Train Accuracy     : 0.9778
Valid Loss     : 0.9141	 | 	Valid Accuracy     : 0.7033

Epoch : 28
Train Loss     : 0.0971	 | 	Train Accuracy     : 0.9770
Valid Loss     : 0.8643	 | 	Valid Accuracy     : 0.6968

Epoch : 29
Train Loss     : 0.0977	 | 	Train Accuracy     : 0.9796
Valid Loss     : 0.8392	 | 	Valid Accuracy     : 0.7058

Epoch : 30
Train Loss     : 0.0944	 | 	Train Accuracy     : 0.9781
Valid Loss     : 0.8360	 | 	Valid Accuracy     : 0.7074

Evaluate on the Test set:
Test loss      :1.1151	 | Test Accuracy      : 0.6490 | Test AUPRC      : 0.6246
tensor([0.9437, 0.9404, 0.9854, 0.9242, 0.9876, 0.9369, 1.0052, 0.9214, 0.9146,
        0.9094, 0.9151, 0.9072, 0.9340, 0.9584, 0.9381, 0.9073, 0.9184, 0.9225,
        0.8843, 0.9328, 0.9382, 0.9165, 0.9500, 1.0468, 0.9573, 0.9064, 0.9363,
        0.9102, 0.9043, 0.9072, 0.9035, 0.9402, 0.9199, 0.9310, 0.8813, 0.9539,
        0.9530, 0.9377, 0.9427, 0.8951, 0.9401, 0.9455, 0.9146, 0.9188, 0.9336,
        0.9282, 0.9617, 0.9211, 0.9019, 0.8903, 0.9086, 0.9123, 0.9136, 0.8974,
        0.9114, 0.8737, 0.9017, 0.9239, 0.9227, 0.9029, 0.9189, 0.9256],
       device='cuda:0', grad_fn=<SqueezeBackward1>)

################## Training is Done! #########################
Training time is : 0:01:00.794249
