=============================================
Dataset: SEED
Method:  TS-TCC
Mode:    fine_tune
=============================================
Data loaded ...
Subjet 3
if scale True
Training started ....

Epoch : 1
Train Loss     : 1.2411	 | 	Train Accuracy     : 0.5146
Valid Loss     : 0.9325	 | 	Valid Accuracy     : 0.6523

Epoch : 2
Train Loss     : 0.7574	 | 	Train Accuracy     : 0.6529
Valid Loss     : 1.0378	 | 	Valid Accuracy     : 0.6294

Epoch : 3
Train Loss     : 0.5677	 | 	Train Accuracy     : 0.7622
Valid Loss     : 0.8878	 | 	Valid Accuracy     : 0.6587

Epoch : 4
Train Loss     : 0.5016	 | 	Train Accuracy     : 0.8018
Valid Loss     : 0.7924	 | 	Valid Accuracy     : 0.7124

Epoch : 5
Train Loss     : 0.4423	 | 	Train Accuracy     : 0.8383
Valid Loss     : 0.7802	 | 	Valid Accuracy     : 0.7061

Epoch : 6
Train Loss     : 0.3878	 | 	Train Accuracy     : 0.8612
Valid Loss     : 0.9414	 | 	Valid Accuracy     : 0.6187

Epoch : 7
Train Loss     : 0.3731	 | 	Train Accuracy     : 0.8589
Valid Loss     : 0.9096	 | 	Valid Accuracy     : 0.6392

Epoch : 8
Train Loss     : 0.3325	 | 	Train Accuracy     : 0.8763
Valid Loss     : 0.8691	 | 	Valid Accuracy     : 0.6553

Epoch : 9
Train Loss     : 0.3239	 | 	Train Accuracy     : 0.8841
Valid Loss     : 0.9318	 | 	Valid Accuracy     : 0.6372

Epoch : 10
Train Loss     : 0.3222	 | 	Train Accuracy     : 0.8773
Valid Loss     : 0.8922	 | 	Valid Accuracy     : 0.6699

Epoch : 11
Train Loss     : 0.3132	 | 	Train Accuracy     : 0.8799
Valid Loss     : 0.9977	 | 	Valid Accuracy     : 0.6484

Epoch : 12
Train Loss     : 0.3032	 | 	Train Accuracy     : 0.8820
Valid Loss     : 0.8872	 | 	Valid Accuracy     : 0.6763

Epoch : 13
Train Loss     : 0.2637	 | 	Train Accuracy     : 0.9078
Valid Loss     : 0.9274	 | 	Valid Accuracy     : 0.6758

Epoch : 14
Train Loss     : 0.2516	 | 	Train Accuracy     : 0.9130
Valid Loss     : 0.8799	 | 	Valid Accuracy     : 0.7075

Epoch : 15
Train Loss     : 0.2269	 | 	Train Accuracy     : 0.9227
Valid Loss     : 0.8593	 | 	Valid Accuracy     : 0.7031

Epoch : 16
Train Loss     : 0.2465	 | 	Train Accuracy     : 0.9081
Valid Loss     : 0.9814	 | 	Valid Accuracy     : 0.6836

Epoch : 17
Train Loss     : 0.2041	 | 	Train Accuracy     : 0.9229
Valid Loss     : 0.8941	 | 	Valid Accuracy     : 0.7134

Epoch : 18
Train Loss     : 0.1937	 | 	Train Accuracy     : 0.9328
Valid Loss     : 0.8927	 | 	Valid Accuracy     : 0.7119

Epoch : 19
Train Loss     : 0.1882	 | 	Train Accuracy     : 0.9365
Valid Loss     : 0.8961	 | 	Valid Accuracy     : 0.7065

Epoch : 20
Train Loss     : 0.1737	 | 	Train Accuracy     : 0.9414
Valid Loss     : 0.9200	 | 	Valid Accuracy     : 0.7046

Epoch : 21
Train Loss     : 0.1768	 | 	Train Accuracy     : 0.9398
Valid Loss     : 0.9042	 | 	Valid Accuracy     : 0.7002

Epoch : 22
Train Loss     : 0.1745	 | 	Train Accuracy     : 0.9461
Valid Loss     : 0.9277	 | 	Valid Accuracy     : 0.7002

Epoch : 23
Train Loss     : 0.1715	 | 	Train Accuracy     : 0.9453
Valid Loss     : 0.9319	 | 	Valid Accuracy     : 0.7007

Epoch : 24
Train Loss     : 0.1649	 | 	Train Accuracy     : 0.9456
Valid Loss     : 0.9412	 | 	Valid Accuracy     : 0.7031

Epoch : 25
Train Loss     : 0.1649	 | 	Train Accuracy     : 0.9474
Valid Loss     : 0.9468	 | 	Valid Accuracy     : 0.7061

Epoch : 26
Train Loss     : 0.1634	 | 	Train Accuracy     : 0.9464
Valid Loss     : 0.9520	 | 	Valid Accuracy     : 0.6978

Epoch : 27
Train Loss     : 0.1538	 | 	Train Accuracy     : 0.9521
Valid Loss     : 0.9481	 | 	Valid Accuracy     : 0.7085

Epoch : 28
Train Loss     : 0.1531	 | 	Train Accuracy     : 0.9529
Valid Loss     : 0.9774	 | 	Valid Accuracy     : 0.7051

Epoch : 29
Train Loss     : 0.1566	 | 	Train Accuracy     : 0.9474
Valid Loss     : 0.9893	 | 	Valid Accuracy     : 0.7036

Epoch : 30
Train Loss     : 0.1535	 | 	Train Accuracy     : 0.9534
Valid Loss     : 0.9738	 | 	Valid Accuracy     : 0.7046

Evaluate on the Test set:
Test loss      :1.2565	 | Test Accuracy      : 0.6870 | Test AUPRC      : 0.5067
tensor([0.8892, 0.9180, 0.9758, 0.9048, 0.9240, 0.9712, 0.9921, 0.8451, 0.8535,
        0.8037, 0.8781, 0.8206, 0.8724, 0.9664, 0.9019, 0.8063, 0.8071, 0.8518,
        0.8075, 0.8980, 0.8438, 0.8017, 0.9175, 0.9586, 0.9528, 0.8217, 0.8781,
        0.8495, 0.7910, 0.8175, 0.8452, 0.9874, 0.9323, 0.8109, 0.7751, 0.8683,
        0.9195, 0.8162, 0.8806, 0.8444, 0.9734, 0.9462, 0.8143, 0.8540, 0.8389,
        0.8056, 0.8389, 0.8064, 0.7844, 0.8041, 0.7931, 0.8307, 0.7926, 0.8104,
        0.8043, 0.7587, 0.8645, 0.7922, 0.8322, 0.8601, 0.9259, 0.8681],
       device='cuda:0', grad_fn=<SqueezeBackward1>)

################## Training is Done! #########################
Training time is : 0:01:34.692658
