=============================================
Dataset: SEED
Method:  TS-TCC
Mode:    fine_tune
=============================================
Data loaded ...
Subjet 7
if scale True
Training started ....

Epoch : 1
Train Loss     : 1.9510	 | 	Train Accuracy     : 0.3968
Valid Loss     : 1.9896	 | 	Valid Accuracy     : 0.3325

Epoch : 2
Train Loss     : 0.9961	 | 	Train Accuracy     : 0.5658
Valid Loss     : 1.7909	 | 	Valid Accuracy     : 0.3423

Epoch : 3
Train Loss     : 0.6651	 | 	Train Accuracy     : 0.6936
Valid Loss     : 0.9228	 | 	Valid Accuracy     : 0.5396

Epoch : 4
Train Loss     : 0.4974	 | 	Train Accuracy     : 0.7673
Valid Loss     : 1.1930	 | 	Valid Accuracy     : 0.5059

Epoch : 5
Train Loss     : 0.4073	 | 	Train Accuracy     : 0.8320
Valid Loss     : 0.7370	 | 	Valid Accuracy     : 0.6729

Epoch : 6
Train Loss     : 0.3578	 | 	Train Accuracy     : 0.8471
Valid Loss     : 0.6014	 | 	Valid Accuracy     : 0.7354

Epoch : 7
Train Loss     : 0.3194	 | 	Train Accuracy     : 0.8661
Valid Loss     : 0.6725	 | 	Valid Accuracy     : 0.7012

Epoch : 8
Train Loss     : 0.2736	 | 	Train Accuracy     : 0.8934
Valid Loss     : 0.6512	 | 	Valid Accuracy     : 0.7329

Epoch : 9
Train Loss     : 0.2399	 | 	Train Accuracy     : 0.9196
Valid Loss     : 0.6879	 | 	Valid Accuracy     : 0.7246

Epoch : 10
Train Loss     : 0.2341	 | 	Train Accuracy     : 0.9129
Valid Loss     : 0.7183	 | 	Valid Accuracy     : 0.7188

Epoch : 11
Train Loss     : 0.2241	 | 	Train Accuracy     : 0.9224
Valid Loss     : 0.7820	 | 	Valid Accuracy     : 0.7178

Epoch : 12
Train Loss     : 0.2293	 | 	Train Accuracy     : 0.9096
Valid Loss     : 0.7511	 | 	Valid Accuracy     : 0.7222

Epoch : 13
Train Loss     : 0.1855	 | 	Train Accuracy     : 0.9397
Valid Loss     : 0.7615	 | 	Valid Accuracy     : 0.7251

Epoch : 14
Train Loss     : 0.1741	 | 	Train Accuracy     : 0.9442
Valid Loss     : 0.8107	 | 	Valid Accuracy     : 0.7188

Epoch : 15
Train Loss     : 0.1615	 | 	Train Accuracy     : 0.9487
Valid Loss     : 0.8040	 | 	Valid Accuracy     : 0.7168

Epoch : 16
Train Loss     : 0.1553	 | 	Train Accuracy     : 0.9509
Valid Loss     : 0.8141	 | 	Valid Accuracy     : 0.7212

Epoch : 17
Train Loss     : 0.1340	 | 	Train Accuracy     : 0.9626
Valid Loss     : 0.8268	 | 	Valid Accuracy     : 0.7183

Epoch : 18
Train Loss     : 0.1253	 | 	Train Accuracy     : 0.9609
Valid Loss     : 0.8104	 | 	Valid Accuracy     : 0.7212

Epoch : 19
Train Loss     : 0.1149	 | 	Train Accuracy     : 0.9676
Valid Loss     : 0.8072	 | 	Valid Accuracy     : 0.7212

Epoch : 20
Train Loss     : 0.1146	 | 	Train Accuracy     : 0.9688
Valid Loss     : 0.7997	 | 	Valid Accuracy     : 0.7217

Epoch : 21
Train Loss     : 0.1092	 | 	Train Accuracy     : 0.9732
Valid Loss     : 0.7991	 | 	Valid Accuracy     : 0.7241

Epoch : 22
Train Loss     : 0.1092	 | 	Train Accuracy     : 0.9782
Valid Loss     : 0.8034	 | 	Valid Accuracy     : 0.7227

Epoch : 23
Train Loss     : 0.1106	 | 	Train Accuracy     : 0.9721
Valid Loss     : 0.7977	 | 	Valid Accuracy     : 0.7227

Epoch : 24
Train Loss     : 0.1030	 | 	Train Accuracy     : 0.9777
Valid Loss     : 0.7966	 | 	Valid Accuracy     : 0.7251

Epoch : 25
Train Loss     : 0.1056	 | 	Train Accuracy     : 0.9743
Valid Loss     : 0.7977	 | 	Valid Accuracy     : 0.7246

Epoch : 26
Train Loss     : 0.1058	 | 	Train Accuracy     : 0.9771
Valid Loss     : 0.7999	 | 	Valid Accuracy     : 0.7236

Epoch : 27
Train Loss     : 0.0977	 | 	Train Accuracy     : 0.9777
Valid Loss     : 0.8024	 | 	Valid Accuracy     : 0.7231

Epoch : 28
Train Loss     : 0.1020	 | 	Train Accuracy     : 0.9782
Valid Loss     : 0.8028	 | 	Valid Accuracy     : 0.7212

Epoch : 29
Train Loss     : 0.1033	 | 	Train Accuracy     : 0.9754
Valid Loss     : 0.8016	 | 	Valid Accuracy     : 0.7212

Epoch : 30
Train Loss     : 0.1000	 | 	Train Accuracy     : 0.9777
Valid Loss     : 0.7965	 | 	Valid Accuracy     : 0.7246

Evaluate on the Test set:
Test loss      :1.1079	 | Test Accuracy      : 0.6460 | Test AUPRC      : 0.5530
tensor([0.9563, 0.9490, 0.9857, 0.9302, 0.9849, 0.9380, 1.0051, 0.9271, 0.9248,
        0.9179, 0.9252, 0.9200, 0.9386, 0.9566, 0.9528, 0.9199, 0.9234, 0.9234,
        0.8951, 0.9511, 0.9370, 0.9251, 0.9544, 1.0448, 0.9637, 0.9250, 0.9417,
        0.9069, 0.9114, 0.9243, 0.9130, 0.9539, 0.9292, 0.9364, 0.8922, 0.9552,
        0.9557, 0.9439, 0.9435, 0.9126, 0.9535, 0.9489, 0.9245, 0.9418, 0.9422,
        0.9321, 0.9644, 0.9231, 0.9119, 0.8931, 0.9178, 0.9259, 0.9253, 0.9017,
        0.9188, 0.8820, 0.9135, 0.9301, 0.9311, 0.9112, 0.9248, 0.9467],
       device='cuda:0', grad_fn=<SqueezeBackward1>)

################## Training is Done! #########################
Training time is : 0:00:43.230170
