=============================================
Dataset: SEED
Method:  TS-TCC
Mode:    fine_tune
=============================================
Data loaded ...
Subjet 4
if scale True
Training started ....

Epoch : 1
Train Loss     : 1.5906	 | 	Train Accuracy     : 0.4266
Valid Loss     : 1.4966	 | 	Valid Accuracy     : 0.4531

Epoch : 2
Train Loss     : 0.8590	 | 	Train Accuracy     : 0.6201
Valid Loss     : 1.2017	 | 	Valid Accuracy     : 0.4351

Epoch : 3
Train Loss     : 0.6362	 | 	Train Accuracy     : 0.7336
Valid Loss     : 1.2680	 | 	Valid Accuracy     : 0.4561

Epoch : 4
Train Loss     : 0.5539	 | 	Train Accuracy     : 0.7802
Valid Loss     : 1.9185	 | 	Valid Accuracy     : 0.4883

Epoch : 5
Train Loss     : 0.5073	 | 	Train Accuracy     : 0.8052
Valid Loss     : 2.0491	 | 	Valid Accuracy     : 0.4736

Epoch : 6
Train Loss     : 0.4513	 | 	Train Accuracy     : 0.8273
Valid Loss     : 1.1710	 | 	Valid Accuracy     : 0.5337

Epoch : 7
Train Loss     : 0.4292	 | 	Train Accuracy     : 0.8268
Valid Loss     : 1.0546	 | 	Valid Accuracy     : 0.5566

Epoch : 8
Train Loss     : 0.3855	 | 	Train Accuracy     : 0.8576
Valid Loss     : 1.0350	 | 	Valid Accuracy     : 0.6064

Epoch : 9
Train Loss     : 0.3547	 | 	Train Accuracy     : 0.8677
Valid Loss     : 0.9485	 | 	Valid Accuracy     : 0.6362

Epoch : 10
Train Loss     : 0.3515	 | 	Train Accuracy     : 0.8708
Valid Loss     : 0.9699	 | 	Valid Accuracy     : 0.6489

Epoch : 11
Train Loss     : 0.3791	 | 	Train Accuracy     : 0.8552
Valid Loss     : 0.9606	 | 	Valid Accuracy     : 0.6313

Epoch : 12
Train Loss     : 0.3178	 | 	Train Accuracy     : 0.8859
Valid Loss     : 0.9019	 | 	Valid Accuracy     : 0.6333

Epoch : 13
Train Loss     : 0.3068	 | 	Train Accuracy     : 0.8875
Valid Loss     : 0.9085	 | 	Valid Accuracy     : 0.6519

Epoch : 14
Train Loss     : 0.2746	 | 	Train Accuracy     : 0.9026
Valid Loss     : 0.9857	 | 	Valid Accuracy     : 0.6523

Epoch : 15
Train Loss     : 0.2697	 | 	Train Accuracy     : 0.9018
Valid Loss     : 0.8944	 | 	Valid Accuracy     : 0.6621

Epoch : 16
Train Loss     : 0.2753	 | 	Train Accuracy     : 0.8987
Valid Loss     : 1.0057	 | 	Valid Accuracy     : 0.6548

Epoch : 17
Train Loss     : 0.2492	 | 	Train Accuracy     : 0.9128
Valid Loss     : 1.0978	 | 	Valid Accuracy     : 0.6685

Epoch : 18
Train Loss     : 0.2366	 | 	Train Accuracy     : 0.9190
Valid Loss     : 1.0125	 | 	Valid Accuracy     : 0.6357

Epoch : 19
Train Loss     : 0.2394	 | 	Train Accuracy     : 0.9135
Valid Loss     : 1.0349	 | 	Valid Accuracy     : 0.6475

Epoch : 20
Train Loss     : 0.2501	 | 	Train Accuracy     : 0.9107
Valid Loss     : 1.1037	 | 	Valid Accuracy     : 0.6440

Epoch : 21
Train Loss     : 0.2603	 | 	Train Accuracy     : 0.9036
Valid Loss     : 1.0043	 | 	Valid Accuracy     : 0.6567

Epoch : 22
Train Loss     : 0.2260	 | 	Train Accuracy     : 0.9198
Valid Loss     : 1.1556	 | 	Valid Accuracy     : 0.6587

Epoch : 23
Train Loss     : 0.2291	 | 	Train Accuracy     : 0.9174
Valid Loss     : 1.1187	 | 	Valid Accuracy     : 0.6582

Epoch : 24
Train Loss     : 0.2327	 | 	Train Accuracy     : 0.9135
Valid Loss     : 1.1846	 | 	Valid Accuracy     : 0.6313

Epoch : 25
Train Loss     : 0.2179	 | 	Train Accuracy     : 0.9221
Valid Loss     : 1.1999	 | 	Valid Accuracy     : 0.6709

Epoch : 26
Train Loss     : 0.2166	 | 	Train Accuracy     : 0.9167
Valid Loss     : 1.0262	 | 	Valid Accuracy     : 0.6836

Epoch : 27
Train Loss     : 0.1757	 | 	Train Accuracy     : 0.9435
Valid Loss     : 1.0619	 | 	Valid Accuracy     : 0.6694

Epoch : 28
Train Loss     : 0.1615	 | 	Train Accuracy     : 0.9539
Valid Loss     : 1.0069	 | 	Valid Accuracy     : 0.6797

Epoch : 29
Train Loss     : 0.1516	 | 	Train Accuracy     : 0.9568
Valid Loss     : 1.0376	 | 	Valid Accuracy     : 0.6763

Epoch : 30
Train Loss     : 0.1492	 | 	Train Accuracy     : 0.9570
Valid Loss     : 1.0177	 | 	Valid Accuracy     : 0.6855

Evaluate on the Test set:
Test loss      :0.8734	 | Test Accuracy      : 0.6889 | Test AUPRC      : 0.5767
tensor([0.8315, 0.8867, 0.9563, 0.7873, 0.8409, 0.9308, 0.8106, 0.7725, 0.8072,
        0.7375, 0.7994, 0.7557, 0.8026, 0.9406, 0.8220, 0.7940, 0.7802, 0.8365,
        0.7442, 0.7897, 0.7810, 0.8134, 0.9841, 1.0146, 0.9248, 0.8969, 0.8090,
        0.7644, 0.7016, 0.7483, 0.6923, 1.0090, 0.8341, 0.7901, 0.6921, 0.8351,
        0.7943, 0.7329, 0.8062, 0.7265, 0.8770, 0.8933, 0.8646, 0.7077, 0.7439,
        0.8270, 0.7737, 0.6897, 0.8170, 0.6783, 0.7058, 0.8192, 0.7699, 0.8074,
        0.9534, 0.8235, 0.9054, 0.7011, 0.7245, 0.7677, 0.7831, 0.7775],
       device='cuda:0', grad_fn=<SqueezeBackward1>)

################## Training is Done! #########################
Training time is : 0:01:35.883876
