=============================================
Dataset: SEED
Method:  TS-TCC
Mode:    fine_tune
=============================================
Data loaded ...
Subjet 5
if scale True
Training started ....

Epoch : 1
Train Loss     : 1.6326	 | 	Train Accuracy     : 0.4727
Valid Loss     : 1.5605	 | 	Valid Accuracy     : 0.3242

Epoch : 2
Train Loss     : 0.8220	 | 	Train Accuracy     : 0.6417
Valid Loss     : 2.1564	 | 	Valid Accuracy     : 0.4473

Epoch : 3
Train Loss     : 0.6473	 | 	Train Accuracy     : 0.7098
Valid Loss     : 1.9549	 | 	Valid Accuracy     : 0.4092

Epoch : 4
Train Loss     : 0.5098	 | 	Train Accuracy     : 0.7863
Valid Loss     : 2.6357	 | 	Valid Accuracy     : 0.4360

Epoch : 5
Train Loss     : 0.3940	 | 	Train Accuracy     : 0.8410
Valid Loss     : 2.4416	 | 	Valid Accuracy     : 0.4351

Epoch : 6
Train Loss     : 0.3264	 | 	Train Accuracy     : 0.8890
Valid Loss     : 2.6106	 | 	Valid Accuracy     : 0.4458

Epoch : 7
Train Loss     : 0.2841	 | 	Train Accuracy     : 0.9102
Valid Loss     : 2.6286	 | 	Valid Accuracy     : 0.4102

Epoch : 8
Train Loss     : 0.2347	 | 	Train Accuracy     : 0.9280
Valid Loss     : 2.9041	 | 	Valid Accuracy     : 0.4292

Epoch : 9
Train Loss     : 0.2009	 | 	Train Accuracy     : 0.9408
Valid Loss     : 3.1537	 | 	Valid Accuracy     : 0.4077

Epoch : 10
Train Loss     : 0.1770	 | 	Train Accuracy     : 0.9587
Valid Loss     : 3.2566	 | 	Valid Accuracy     : 0.4082

Epoch : 11
Train Loss     : 0.1660	 | 	Train Accuracy     : 0.9559
Valid Loss     : 3.2823	 | 	Valid Accuracy     : 0.3862

Epoch : 12
Train Loss     : 0.1551	 | 	Train Accuracy     : 0.9559
Valid Loss     : 3.4953	 | 	Valid Accuracy     : 0.3750

Epoch : 13
Train Loss     : 0.1192	 | 	Train Accuracy     : 0.9760
Valid Loss     : 3.6880	 | 	Valid Accuracy     : 0.3853

Epoch : 14
Train Loss     : 0.1211	 | 	Train Accuracy     : 0.9799
Valid Loss     : 3.8287	 | 	Valid Accuracy     : 0.3970

Epoch : 15
Train Loss     : 0.1172	 | 	Train Accuracy     : 0.9810
Valid Loss     : 3.9459	 | 	Valid Accuracy     : 0.3984

Epoch : 16
Train Loss     : 0.1088	 | 	Train Accuracy     : 0.9855
Valid Loss     : 3.9598	 | 	Valid Accuracy     : 0.3960

Epoch : 17
Train Loss     : 0.1107	 | 	Train Accuracy     : 0.9833
Valid Loss     : 4.0278	 | 	Valid Accuracy     : 0.4072

Epoch : 18
Train Loss     : 0.1075	 | 	Train Accuracy     : 0.9844
Valid Loss     : 4.0668	 | 	Valid Accuracy     : 0.4180

Epoch : 19
Train Loss     : 0.1068	 | 	Train Accuracy     : 0.9794
Valid Loss     : 4.1086	 | 	Valid Accuracy     : 0.4111

Epoch : 20
Train Loss     : 0.1016	 | 	Train Accuracy     : 0.9877
Valid Loss     : 4.1836	 | 	Valid Accuracy     : 0.4048

Epoch : 21
Train Loss     : 0.0997	 | 	Train Accuracy     : 0.9877
Valid Loss     : 4.1883	 | 	Valid Accuracy     : 0.4062

Epoch : 22
Train Loss     : 0.1020	 | 	Train Accuracy     : 0.9838
Valid Loss     : 4.2324	 | 	Valid Accuracy     : 0.4111

Epoch : 23
Train Loss     : 0.0983	 | 	Train Accuracy     : 0.9849
Valid Loss     : 4.2010	 | 	Valid Accuracy     : 0.4092

Epoch : 24
Train Loss     : 0.0965	 | 	Train Accuracy     : 0.9877
Valid Loss     : 4.2377	 | 	Valid Accuracy     : 0.4106

Epoch : 25
Train Loss     : 0.0953	 | 	Train Accuracy     : 0.9838
Valid Loss     : 4.2601	 | 	Valid Accuracy     : 0.4146

Epoch : 26
Train Loss     : 0.0935	 | 	Train Accuracy     : 0.9877
Valid Loss     : 4.2754	 | 	Valid Accuracy     : 0.4126

Epoch : 27
Train Loss     : 0.0948	 | 	Train Accuracy     : 0.9872
Valid Loss     : 4.2739	 | 	Valid Accuracy     : 0.4185

Epoch : 28
Train Loss     : 0.0947	 | 	Train Accuracy     : 0.9894
Valid Loss     : 4.2754	 | 	Valid Accuracy     : 0.4170

Epoch : 29
Train Loss     : 0.0965	 | 	Train Accuracy     : 0.9888
Valid Loss     : 4.2638	 | 	Valid Accuracy     : 0.4160

Epoch : 30
Train Loss     : 0.0924	 | 	Train Accuracy     : 0.9911
Valid Loss     : 4.2659	 | 	Valid Accuracy     : 0.4136

Evaluate on the Test set:
Test loss      :2.9219	 | Test Accuracy      : 0.4596 | Test AUPRC      : 0.4561
tensor([0.9610, 0.9495, 0.9761, 0.9565, 0.9679, 0.9800, 0.9600, 0.9423, 0.9558,
        0.9370, 0.9493, 0.9451, 0.9763, 0.9700, 0.9739, 0.9428, 0.9392, 0.9528,
        0.9269, 0.9546, 0.9470, 0.9568, 0.9679, 0.9864, 0.9571, 0.9512, 0.9612,
        0.9311, 0.9399, 0.9400, 0.9537, 1.0092, 1.0015, 0.9633, 0.9226, 0.9672,
        0.9669, 0.9556, 0.9706, 0.9736, 0.9965, 0.9924, 0.9421, 0.9913, 0.9512,
        0.9488, 0.9456, 0.9363, 0.9420, 0.9244, 0.9409, 0.9462, 0.9441, 0.9344,
        0.9455, 0.9190, 0.9391, 0.9479, 0.9638, 0.9299, 0.9458, 0.9520],
       device='cuda:0', grad_fn=<SqueezeBackward1>)

################## Training is Done! #########################
Training time is : 0:00:50.134902
