=============================================
Dataset: SEED
Method:  TS-TCC
Mode:    fine_tune
=============================================
Data loaded ...
Subjet 3
if scale True
Training started ....

Epoch : 1
Train Loss     : 1.0741	 | 	Train Accuracy     : 0.5138
Valid Loss     : 0.9324	 | 	Valid Accuracy     : 0.6577

Epoch : 2
Train Loss     : 0.6351	 | 	Train Accuracy     : 0.7289
Valid Loss     : 0.7268	 | 	Valid Accuracy     : 0.6934

Epoch : 3
Train Loss     : 0.5226	 | 	Train Accuracy     : 0.8010
Valid Loss     : 0.6913	 | 	Valid Accuracy     : 0.7070

Epoch : 4
Train Loss     : 0.4464	 | 	Train Accuracy     : 0.8329
Valid Loss     : 0.7134	 | 	Valid Accuracy     : 0.7139

Epoch : 5
Train Loss     : 0.3972	 | 	Train Accuracy     : 0.8505
Valid Loss     : 0.6654	 | 	Valid Accuracy     : 0.7207

Epoch : 6
Train Loss     : 0.3565	 | 	Train Accuracy     : 0.8667
Valid Loss     : 0.7065	 | 	Valid Accuracy     : 0.7231

Epoch : 7
Train Loss     : 0.3532	 | 	Train Accuracy     : 0.8692
Valid Loss     : 0.9134	 | 	Valid Accuracy     : 0.6826

Epoch : 8
Train Loss     : 0.3524	 | 	Train Accuracy     : 0.8662
Valid Loss     : 0.7372	 | 	Valid Accuracy     : 0.7241

Epoch : 9
Train Loss     : 0.3159	 | 	Train Accuracy     : 0.8837
Valid Loss     : 0.8460	 | 	Valid Accuracy     : 0.7129

Epoch : 10
Train Loss     : 0.2838	 | 	Train Accuracy     : 0.8954
Valid Loss     : 0.6498	 | 	Valid Accuracy     : 0.7720

Epoch : 11
Train Loss     : 0.2934	 | 	Train Accuracy     : 0.8874
Valid Loss     : 0.6240	 | 	Valid Accuracy     : 0.7744

Epoch : 12
Train Loss     : 0.2813	 | 	Train Accuracy     : 0.8966
Valid Loss     : 0.5901	 | 	Valid Accuracy     : 0.7563

Epoch : 13
Train Loss     : 0.2635	 | 	Train Accuracy     : 0.9022
Valid Loss     : 0.9968	 | 	Valid Accuracy     : 0.6851

Epoch : 14
Train Loss     : 0.2507	 | 	Train Accuracy     : 0.9086
Valid Loss     : 0.5891	 | 	Valid Accuracy     : 0.7876

Epoch : 15
Train Loss     : 0.2695	 | 	Train Accuracy     : 0.8996
Valid Loss     : 0.6613	 | 	Valid Accuracy     : 0.7798

Epoch : 16
Train Loss     : 0.2535	 | 	Train Accuracy     : 0.9110
Valid Loss     : 0.9099	 | 	Valid Accuracy     : 0.7119

Epoch : 17
Train Loss     : 0.2662	 | 	Train Accuracy     : 0.9018
Valid Loss     : 0.8582	 | 	Valid Accuracy     : 0.7144

Epoch : 18
Train Loss     : 0.2424	 | 	Train Accuracy     : 0.9059
Valid Loss     : 0.7749	 | 	Valid Accuracy     : 0.7466

Epoch : 19
Train Loss     : 0.2597	 | 	Train Accuracy     : 0.9042
Valid Loss     : 0.6811	 | 	Valid Accuracy     : 0.7559

Epoch : 20
Train Loss     : 0.2389	 | 	Train Accuracy     : 0.9073
Valid Loss     : 0.8310	 | 	Valid Accuracy     : 0.7324

Epoch : 21
Train Loss     : 0.2144	 | 	Train Accuracy     : 0.9222
Valid Loss     : 0.7666	 | 	Valid Accuracy     : 0.7427

Epoch : 22
Train Loss     : 0.2328	 | 	Train Accuracy     : 0.9144
Valid Loss     : 0.9894	 | 	Valid Accuracy     : 0.6992

Epoch : 23
Train Loss     : 0.2348	 | 	Train Accuracy     : 0.9169
Valid Loss     : 0.7121	 | 	Valid Accuracy     : 0.7354

Epoch : 24
Train Loss     : 0.2165	 | 	Train Accuracy     : 0.9198
Valid Loss     : 0.9063	 | 	Valid Accuracy     : 0.6943

Epoch : 25
Train Loss     : 0.2089	 | 	Train Accuracy     : 0.9285
Valid Loss     : 0.9940	 | 	Valid Accuracy     : 0.7041

Epoch : 26
Train Loss     : 0.1815	 | 	Train Accuracy     : 0.9380
Valid Loss     : 0.8355	 | 	Valid Accuracy     : 0.7314

Epoch : 27
Train Loss     : 0.1607	 | 	Train Accuracy     : 0.9445
Valid Loss     : 0.8489	 | 	Valid Accuracy     : 0.7324

Epoch : 28
Train Loss     : 0.1628	 | 	Train Accuracy     : 0.9467
Valid Loss     : 0.9088	 | 	Valid Accuracy     : 0.7124

Epoch : 29
Train Loss     : 0.1558	 | 	Train Accuracy     : 0.9480
Valid Loss     : 0.8540	 | 	Valid Accuracy     : 0.7271

Epoch : 30
Train Loss     : 0.1509	 | 	Train Accuracy     : 0.9472
Valid Loss     : 0.8386	 | 	Valid Accuracy     : 0.7227

Evaluate on the Test set:
Test loss      :0.5887	 | Test Accuracy      : 0.8046 | Test AUPRC      : 0.5686
tensor([0.7579, 0.9454, 0.9219, 0.8559, 0.6043, 0.9476, 0.9205, 0.8071, 0.6968,
        0.5462, 0.7830, 0.5845, 0.7828, 0.8939, 0.8159, 0.7984, 0.6323, 0.5950,
        0.4938, 0.7722, 0.6535, 0.5747, 0.8313, 0.9803, 0.9150, 0.6592, 0.7739,
        0.6612, 0.5944, 0.6568, 0.5526, 0.9547, 0.8600, 0.5105, 0.6387, 0.6471,
        0.8718, 0.6327, 0.6560, 0.8123, 0.9173, 0.8671, 0.5690, 0.6150, 0.5930,
        0.8588, 0.6188, 0.7001, 0.5494, 0.5476, 0.5606, 0.7229, 0.5010, 0.5949,
        0.5327, 0.4762, 0.6067, 0.8210, 0.8551, 0.5901, 0.8754, 0.8382],
       device='cuda:0', grad_fn=<SqueezeBackward1>)

################## Training is Done! #########################
Training time is : 0:01:34.512159
