=============================================
Dataset: SEED
Method:  TS-TCC
Mode:    fine_tune
=============================================
Data loaded ...
Subjet 4
if scale True
Training started ....

Epoch : 1
Train Loss     : 1.3232	 | 	Train Accuracy     : 0.4773
Valid Loss     : 1.2381	 | 	Valid Accuracy     : 0.4219

Epoch : 2
Train Loss     : 0.7371	 | 	Train Accuracy     : 0.6711
Valid Loss     : 0.9667	 | 	Valid Accuracy     : 0.5962

Epoch : 3
Train Loss     : 0.5027	 | 	Train Accuracy     : 0.8234
Valid Loss     : 1.0970	 | 	Valid Accuracy     : 0.5308

Epoch : 4
Train Loss     : 0.4130	 | 	Train Accuracy     : 0.8599
Valid Loss     : 1.2968	 | 	Valid Accuracy     : 0.4790

Epoch : 5
Train Loss     : 0.3673	 | 	Train Accuracy     : 0.8711
Valid Loss     : 1.7831	 | 	Valid Accuracy     : 0.4976

Epoch : 6
Train Loss     : 0.3474	 | 	Train Accuracy     : 0.8766
Valid Loss     : 1.2196	 | 	Valid Accuracy     : 0.5532

Epoch : 7
Train Loss     : 0.3011	 | 	Train Accuracy     : 0.8945
Valid Loss     : 0.9237	 | 	Valid Accuracy     : 0.6191

Epoch : 8
Train Loss     : 0.2681	 | 	Train Accuracy     : 0.9104
Valid Loss     : 0.8985	 | 	Valid Accuracy     : 0.6245

Epoch : 9
Train Loss     : 0.2654	 | 	Train Accuracy     : 0.9107
Valid Loss     : 0.9242	 | 	Valid Accuracy     : 0.6299

Epoch : 10
Train Loss     : 0.2647	 | 	Train Accuracy     : 0.9057
Valid Loss     : 0.9842	 | 	Valid Accuracy     : 0.6304

Epoch : 11
Train Loss     : 0.2453	 | 	Train Accuracy     : 0.9169
Valid Loss     : 1.0032	 | 	Valid Accuracy     : 0.6392

Epoch : 12
Train Loss     : 0.2232	 | 	Train Accuracy     : 0.9232
Valid Loss     : 1.0036	 | 	Valid Accuracy     : 0.6509

Epoch : 13
Train Loss     : 0.2135	 | 	Train Accuracy     : 0.9315
Valid Loss     : 1.0099	 | 	Valid Accuracy     : 0.6294

Epoch : 14
Train Loss     : 0.2037	 | 	Train Accuracy     : 0.9326
Valid Loss     : 1.0230	 | 	Valid Accuracy     : 0.6372

Epoch : 15
Train Loss     : 0.1978	 | 	Train Accuracy     : 0.9367
Valid Loss     : 0.9582	 | 	Valid Accuracy     : 0.6582

Epoch : 16
Train Loss     : 0.2076	 | 	Train Accuracy     : 0.9289
Valid Loss     : 1.0751	 | 	Valid Accuracy     : 0.6377

Epoch : 17
Train Loss     : 0.1946	 | 	Train Accuracy     : 0.9333
Valid Loss     : 1.0784	 | 	Valid Accuracy     : 0.6538

Epoch : 18
Train Loss     : 0.1685	 | 	Train Accuracy     : 0.9487
Valid Loss     : 0.9731	 | 	Valid Accuracy     : 0.6602

Epoch : 19
Train Loss     : 0.1772	 | 	Train Accuracy     : 0.9414
Valid Loss     : 1.0879	 | 	Valid Accuracy     : 0.6377

Epoch : 20
Train Loss     : 0.1600	 | 	Train Accuracy     : 0.9508
Valid Loss     : 0.9940	 | 	Valid Accuracy     : 0.6567

Epoch : 21
Train Loss     : 0.1416	 | 	Train Accuracy     : 0.9576
Valid Loss     : 1.0258	 | 	Valid Accuracy     : 0.6543

Epoch : 22
Train Loss     : 0.1352	 | 	Train Accuracy     : 0.9654
Valid Loss     : 0.9437	 | 	Valid Accuracy     : 0.6670

Epoch : 23
Train Loss     : 0.1311	 | 	Train Accuracy     : 0.9669
Valid Loss     : 1.0266	 | 	Valid Accuracy     : 0.6582

Epoch : 24
Train Loss     : 0.1271	 | 	Train Accuracy     : 0.9672
Valid Loss     : 1.0251	 | 	Valid Accuracy     : 0.6538

Epoch : 25
Train Loss     : 0.1275	 | 	Train Accuracy     : 0.9669
Valid Loss     : 1.0042	 | 	Valid Accuracy     : 0.6606

Epoch : 26
Train Loss     : 0.1267	 | 	Train Accuracy     : 0.9659
Valid Loss     : 1.0294	 | 	Valid Accuracy     : 0.6499

Epoch : 27
Train Loss     : 0.1287	 | 	Train Accuracy     : 0.9661
Valid Loss     : 1.0465	 | 	Valid Accuracy     : 0.6582

Epoch : 28
Train Loss     : 0.1220	 | 	Train Accuracy     : 0.9685
Valid Loss     : 1.0105	 | 	Valid Accuracy     : 0.6572

Epoch : 29
Train Loss     : 0.1208	 | 	Train Accuracy     : 0.9719
Valid Loss     : 1.0552	 | 	Valid Accuracy     : 0.6504

Epoch : 30
Train Loss     : 0.1169	 | 	Train Accuracy     : 0.9747
Valid Loss     : 1.0459	 | 	Valid Accuracy     : 0.6494

Evaluate on the Test set:
Test loss      :1.1174	 | Test Accuracy      : 0.6252 | Test AUPRC      : 0.5219
tensor([0.8589, 0.9188, 0.9504, 0.8684, 0.8775, 0.9948, 0.8102, 0.7961, 0.8251,
        0.7932, 0.8389, 0.7571, 0.8633, 0.9654, 0.8476, 0.7869, 0.8041, 0.8037,
        0.7638, 0.8539, 0.8565, 0.8217, 0.8844, 0.9977, 0.9024, 0.8696, 0.8594,
        0.7891, 0.7530, 0.7738, 0.7974, 1.0415, 0.9859, 0.8033, 0.7208, 0.8136,
        0.9418, 0.8127, 0.8361, 0.7506, 0.9245, 0.7945, 0.8751, 0.7688, 0.8391,
        0.7923, 0.8302, 0.7572, 0.8483, 0.7404, 0.7559, 0.8049, 0.7486, 0.8380,
        0.9717, 0.8287, 0.8997, 0.7899, 0.7815, 0.7426, 0.8534, 0.8449],
       device='cuda:0', grad_fn=<SqueezeBackward1>)

################## Training is Done! #########################
Training time is : 0:01:31.599797
