=============================================
Dataset: SEED
Method:  TS-TCC
Mode:    fine_tune
=============================================
Data loaded ...
Subjet 4
if scale True
Training started ....

Epoch : 1
Train Loss     : 2.0717	 | 	Train Accuracy     : 0.4135
Valid Loss     : 2.1681	 | 	Valid Accuracy     : 0.4160

Epoch : 2
Train Loss     : 1.1470	 | 	Train Accuracy     : 0.5290
Valid Loss     : 1.3973	 | 	Valid Accuracy     : 0.3794

Epoch : 3
Train Loss     : 0.6597	 | 	Train Accuracy     : 0.6936
Valid Loss     : 1.1989	 | 	Valid Accuracy     : 0.4209

Epoch : 4
Train Loss     : 0.4741	 | 	Train Accuracy     : 0.8092
Valid Loss     : 1.4384	 | 	Valid Accuracy     : 0.4272

Epoch : 5
Train Loss     : 0.4127	 | 	Train Accuracy     : 0.8532
Valid Loss     : 1.3547	 | 	Valid Accuracy     : 0.4565

Epoch : 6
Train Loss     : 0.3178	 | 	Train Accuracy     : 0.8873
Valid Loss     : 1.4768	 | 	Valid Accuracy     : 0.4370

Epoch : 7
Train Loss     : 0.2452	 | 	Train Accuracy     : 0.9241
Valid Loss     : 2.1169	 | 	Valid Accuracy     : 0.4307

Epoch : 8
Train Loss     : 0.2143	 | 	Train Accuracy     : 0.9436
Valid Loss     : 2.4159	 | 	Valid Accuracy     : 0.4331

Epoch : 9
Train Loss     : 0.1699	 | 	Train Accuracy     : 0.9537
Valid Loss     : 3.6984	 | 	Valid Accuracy     : 0.4512

Epoch : 10
Train Loss     : 0.1489	 | 	Train Accuracy     : 0.9604
Valid Loss     : 3.3731	 | 	Valid Accuracy     : 0.4434

Epoch : 11
Train Loss     : 0.1207	 | 	Train Accuracy     : 0.9654
Valid Loss     : 3.4854	 | 	Valid Accuracy     : 0.4458

Epoch : 12
Train Loss     : 0.1102	 | 	Train Accuracy     : 0.9732
Valid Loss     : 3.0756	 | 	Valid Accuracy     : 0.4385

Epoch : 13
Train Loss     : 0.0969	 | 	Train Accuracy     : 0.9771
Valid Loss     : 3.4007	 | 	Valid Accuracy     : 0.4561

Epoch : 14
Train Loss     : 0.0965	 | 	Train Accuracy     : 0.9766
Valid Loss     : 2.4502	 | 	Valid Accuracy     : 0.4438

Epoch : 15
Train Loss     : 0.0765	 | 	Train Accuracy     : 0.9821
Valid Loss     : 2.1244	 | 	Valid Accuracy     : 0.4707

Epoch : 16
Train Loss     : 0.0730	 | 	Train Accuracy     : 0.9833
Valid Loss     : 2.0165	 | 	Valid Accuracy     : 0.4819

Epoch : 17
Train Loss     : 0.0628	 | 	Train Accuracy     : 0.9883
Valid Loss     : 1.9407	 | 	Valid Accuracy     : 0.5024

Epoch : 18
Train Loss     : 0.0765	 | 	Train Accuracy     : 0.9849
Valid Loss     : 1.8246	 | 	Valid Accuracy     : 0.4961

Epoch : 19
Train Loss     : 0.0686	 | 	Train Accuracy     : 0.9866
Valid Loss     : 1.8059	 | 	Valid Accuracy     : 0.4985

Epoch : 20
Train Loss     : 0.0691	 | 	Train Accuracy     : 0.9877
Valid Loss     : 1.7856	 | 	Valid Accuracy     : 0.4990

Epoch : 21
Train Loss     : 0.0662	 | 	Train Accuracy     : 0.9883
Valid Loss     : 1.7482	 | 	Valid Accuracy     : 0.4995

Epoch : 22
Train Loss     : 0.0689	 | 	Train Accuracy     : 0.9866
Valid Loss     : 1.7668	 | 	Valid Accuracy     : 0.5000

Epoch : 23
Train Loss     : 0.0646	 | 	Train Accuracy     : 0.9866
Valid Loss     : 1.7607	 | 	Valid Accuracy     : 0.5029

Epoch : 24
Train Loss     : 0.0624	 | 	Train Accuracy     : 0.9872
Valid Loss     : 1.7300	 | 	Valid Accuracy     : 0.5098

Epoch : 25
Train Loss     : 0.0605	 | 	Train Accuracy     : 0.9883
Valid Loss     : 1.7785	 | 	Valid Accuracy     : 0.5029

Epoch : 26
Train Loss     : 0.0618	 | 	Train Accuracy     : 0.9872
Valid Loss     : 1.7788	 | 	Valid Accuracy     : 0.5005

Epoch : 27
Train Loss     : 0.0610	 | 	Train Accuracy     : 0.9888
Valid Loss     : 1.7618	 | 	Valid Accuracy     : 0.5010

Epoch : 28
Train Loss     : 0.0593	 | 	Train Accuracy     : 0.9905
Valid Loss     : 1.7444	 | 	Valid Accuracy     : 0.5020

Epoch : 29
Train Loss     : 0.0611	 | 	Train Accuracy     : 0.9905
Valid Loss     : 1.7632	 | 	Valid Accuracy     : 0.4995

Epoch : 30
Train Loss     : 0.0591	 | 	Train Accuracy     : 0.9888
Valid Loss     : 1.7674	 | 	Valid Accuracy     : 0.5010

Evaluate on the Test set:
Test loss      :1.4892	 | Test Accuracy      : 0.5631 | Test AUPRC      : 0.5072
tensor([0.9591, 0.9462, 0.9620, 0.9406, 0.9624, 0.9747, 0.9465, 0.9393, 0.9535,
        0.9321, 0.9442, 0.9324, 0.9509, 0.9598, 0.9654, 0.9368, 0.9387, 0.9315,
        0.9159, 0.9631, 0.9427, 0.9452, 0.9658, 1.0270, 0.9563, 0.9505, 0.9578,
        0.9250, 0.9333, 0.9390, 0.9330, 0.9928, 0.9762, 0.9382, 0.9129, 0.9559,
        0.9585, 0.9468, 0.9490, 0.9199, 0.9885, 0.9437, 0.9426, 0.9385, 0.9520,
        0.9432, 0.9389, 0.9354, 0.9263, 0.9281, 0.9314, 0.9403, 0.9330, 0.9460,
        1.0149, 0.9433, 0.9748, 0.9365, 0.9426, 0.9360, 0.9465, 0.9435],
       device='cuda:0', grad_fn=<SqueezeBackward1>)

################## Training is Done! #########################
Training time is : 0:00:52.224526
