=============================================
Dataset: SEED
Method:  TS-TCC
Mode:    fine_tune
=============================================
Data loaded ...
Subjet 5
if scale True
Training started ....

Epoch : 1
Train Loss     : 1.1039	 | 	Train Accuracy     : 0.5495
Valid Loss     : 1.8114	 | 	Valid Accuracy     : 0.3062

Epoch : 2
Train Loss     : 0.6499	 | 	Train Accuracy     : 0.7044
Valid Loss     : 1.8496	 | 	Valid Accuracy     : 0.4780

Epoch : 3
Train Loss     : 0.4963	 | 	Train Accuracy     : 0.7779
Valid Loss     : 1.8020	 | 	Valid Accuracy     : 0.5317

Epoch : 4
Train Loss     : 0.4199	 | 	Train Accuracy     : 0.8372
Valid Loss     : 1.6131	 | 	Valid Accuracy     : 0.5039

Epoch : 5
Train Loss     : 0.3446	 | 	Train Accuracy     : 0.8745
Valid Loss     : 1.6305	 | 	Valid Accuracy     : 0.4878

Epoch : 6
Train Loss     : 0.3152	 | 	Train Accuracy     : 0.8865
Valid Loss     : 1.6935	 | 	Valid Accuracy     : 0.5063

Epoch : 7
Train Loss     : 0.3103	 | 	Train Accuracy     : 0.8875
Valid Loss     : 2.2846	 | 	Valid Accuracy     : 0.5444

Epoch : 8
Train Loss     : 0.2999	 | 	Train Accuracy     : 0.8891
Valid Loss     : 2.5185	 | 	Valid Accuracy     : 0.4512

Epoch : 9
Train Loss     : 0.2693	 | 	Train Accuracy     : 0.9013
Valid Loss     : 2.7072	 | 	Valid Accuracy     : 0.4570

Epoch : 10
Train Loss     : 0.2403	 | 	Train Accuracy     : 0.9148
Valid Loss     : 2.6182	 | 	Valid Accuracy     : 0.5386

Epoch : 11
Train Loss     : 0.2567	 | 	Train Accuracy     : 0.8990
Valid Loss     : 2.7021	 | 	Valid Accuracy     : 0.5195

Epoch : 12
Train Loss     : 0.2290	 | 	Train Accuracy     : 0.9156
Valid Loss     : 2.9425	 | 	Valid Accuracy     : 0.4707

Epoch : 13
Train Loss     : 0.2078	 | 	Train Accuracy     : 0.9266
Valid Loss     : 2.7061	 | 	Valid Accuracy     : 0.4771

Epoch : 14
Train Loss     : 0.1893	 | 	Train Accuracy     : 0.9344
Valid Loss     : 2.6255	 | 	Valid Accuracy     : 0.5234

Epoch : 15
Train Loss     : 0.1829	 | 	Train Accuracy     : 0.9380
Valid Loss     : 2.8024	 | 	Valid Accuracy     : 0.4561

Epoch : 16
Train Loss     : 0.1523	 | 	Train Accuracy     : 0.9549
Valid Loss     : 2.8928	 | 	Valid Accuracy     : 0.5142

Epoch : 17
Train Loss     : 0.1371	 | 	Train Accuracy     : 0.9654
Valid Loss     : 2.9862	 | 	Valid Accuracy     : 0.5024

Epoch : 18
Train Loss     : 0.1296	 | 	Train Accuracy     : 0.9654
Valid Loss     : 3.1047	 | 	Valid Accuracy     : 0.5107

Epoch : 19
Train Loss     : 0.1242	 | 	Train Accuracy     : 0.9667
Valid Loss     : 3.0232	 | 	Valid Accuracy     : 0.5215

Epoch : 20
Train Loss     : 0.1247	 | 	Train Accuracy     : 0.9648
Valid Loss     : 3.1519	 | 	Valid Accuracy     : 0.5078

Epoch : 21
Train Loss     : 0.1210	 | 	Train Accuracy     : 0.9708
Valid Loss     : 3.1074	 | 	Valid Accuracy     : 0.5117

Epoch : 22
Train Loss     : 0.1165	 | 	Train Accuracy     : 0.9698
Valid Loss     : 3.1211	 | 	Valid Accuracy     : 0.4907

Epoch : 23
Train Loss     : 0.1137	 | 	Train Accuracy     : 0.9690
Valid Loss     : 3.2253	 | 	Valid Accuracy     : 0.5156

Epoch : 24
Train Loss     : 0.1131	 | 	Train Accuracy     : 0.9708
Valid Loss     : 3.2203	 | 	Valid Accuracy     : 0.5112

Epoch : 25
Train Loss     : 0.1136	 | 	Train Accuracy     : 0.9714
Valid Loss     : 3.1746	 | 	Valid Accuracy     : 0.5112

Epoch : 26
Train Loss     : 0.1123	 | 	Train Accuracy     : 0.9721
Valid Loss     : 3.2483	 | 	Valid Accuracy     : 0.4961

Epoch : 27
Train Loss     : 0.1084	 | 	Train Accuracy     : 0.9729
Valid Loss     : 3.1773	 | 	Valid Accuracy     : 0.5083

Epoch : 28
Train Loss     : 0.1056	 | 	Train Accuracy     : 0.9758
Valid Loss     : 3.2139	 | 	Valid Accuracy     : 0.5098

Epoch : 29
Train Loss     : 0.1028	 | 	Train Accuracy     : 0.9781
Valid Loss     : 3.2164	 | 	Valid Accuracy     : 0.5142

Epoch : 30
Train Loss     : 0.1057	 | 	Train Accuracy     : 0.9750
Valid Loss     : 3.2415	 | 	Valid Accuracy     : 0.5073

Evaluate on the Test set:
Test loss      :2.4232	 | Test Accuracy      : 0.5817 | Test AUPRC      : 0.4795
tensor([0.8777, 0.8980, 0.8732, 0.8793, 0.9196, 0.9120, 0.9341, 0.8334, 0.8843,
        0.8227, 0.8577, 0.8220, 0.8847, 0.8822, 0.9665, 0.8239, 0.9179, 0.8243,
        0.8108, 0.8622, 0.8405, 0.8536, 0.9152, 0.9590, 0.9464, 0.9116, 0.9154,
        0.8166, 0.8122, 0.8157, 0.9034, 0.9965, 1.0339, 0.8317, 0.9030, 0.8890,
        0.8883, 0.8717, 0.8993, 0.9197, 0.9481, 0.9745, 0.8999, 0.9801, 0.8723,
        0.8431, 0.8231, 0.8270, 0.8689, 0.7743, 0.8394, 0.8409, 0.8180, 0.8570,
        0.8309, 0.7875, 0.8182, 0.9092, 0.9084, 0.8300, 0.8646, 0.8977],
       device='cuda:0', grad_fn=<SqueezeBackward1>)

################## Training is Done! #########################
Training time is : 0:01:31.365140
